add device 1: /dev/input/event0
  name:     "Power Button"
add device 2: /dev/input/event1
  name:     "qwerty2"
[    1569.805162] /dev/input/event1: 0003 0039 00000000
[    1569.805162] /dev/input/event1: 0003 0030 00000147
[    1569.805162] /dev/input/event1: 0003 003a 00000081
[    1569.805162] /dev/input/event1: 0003 0035 0000693d
[    1569.805162] /dev/input/event1: 0003 0036 00006f87
[    1569.805162] /dev/input/event1: 0000 0000 00000000
[    1569.889173] /dev/input/event1: 0003 003a 00000000
[    1569.889173] /dev/input/event1: 0003 0039 ffffffff
[    1569.889173] /dev/input/event1: 0000 0000 00000000
[    1571.844604] /dev/input/event1: 0003 0039 00000000
[    1571.844604] /dev/input/event1: 0003 0030 00000148
[    1571.844604] /dev/input/event1: 0003 003a 00000081
[    1571.844604] /dev/input/event1: 0003 0035 0000780e
[    1571.844604] /dev/input/event1: 0003 0036 00000955
[    1571.844604] /dev/input/event1: 0000 0000 00000000
[    1571.940882] /dev/input/event1: 0003 003a 00000000
[    1571.940882] /dev/input/event1: 0003 0039 ffffffff
[    1571.940882] /dev/input/event1: 0000 0000 00000000
[    1573.769049] /dev/input/event1: 0003 0039 00000000
[    1573.769049] /dev/input/event1: 0003 0030 00000149
[    1573.769049] /dev/input/event1: 0003 003a 00000081
[    1573.769049] /dev/input/event1: 0003 0035 00006e38
[    1573.769049] /dev/input/event1: 0003 0036 00000977
[    1573.769049] /dev/input/event1: 0000 0000 00000000
[    1573.862879] /dev/input/event1: 0003 003a 00000000
[    1573.862879] /dev/input/event1: 0003 0039 ffffffff
[    1573.862879] /dev/input/event1: 0000 0000 00000000
[    1575.624400] /dev/input/event1: 0003 0039 00000000
[    1575.624400] /dev/input/event1: 0003 0030 0000014a
[    1575.624400] /dev/input/event1: 0003 003a 00000081
[    1575.624400] /dev/input/event1: 0003 0035 00004901
[    1575.624400] /dev/input/event1: 0003 0036 00003ddd
[    1575.624400] /dev/input/event1: 0000 0000 00000000
[    1575.715154] /dev/input/event1: 0003 003a 00000000
[    1575.715154] /dev/input/event1: 0003 0039 ffffffff
[    1575.715154] /dev/input/event1: 0000 0000 00000000
[    1577.456420] /dev/input/event1: 0003 0039 00000000
[    1577.456420] /dev/input/event1: 0003 0030 0000014b
[    1577.456420] /dev/input/event1: 0003 003a 00000081
[    1577.456420] /dev/input/event1: 0003 0035 00003901
[    1577.456420] /dev/input/event1: 0003 0036 00004f87
[    1577.456420] /dev/input/event1: 0000 0000 00000000
[    1577.532892] /dev/input/event1: 0003 003a 00000000
[    1577.532892] /dev/input/event1: 0003 0039 ffffffff
[    1577.532892] /dev/input/event1: 0000 0000 00000000
[    1579.219183] /dev/input/event1: 0003 0039 00000000
[    1579.219183] /dev/input/event1: 0003 0030 0000014c
[    1579.219183] /dev/input/event1: 0003 003a 00000081
[    1579.219183] /dev/input/event1: 0003 0035 00000b9d
[    1579.219183] /dev/input/event1: 0003 0036 00005c65
[    1579.219183] /dev/input/event1: 0000 0000 00000000
[    1579.295184] /dev/input/event1: 0003 003a 00000000
[    1579.295184] /dev/input/event1: 0003 0039 ffffffff
[    1579.295184] /dev/input/event1: 0000 0000 00000000
[    1580.181082] /dev/input/event1: 0003 0039 00000000
[    1580.181082] /dev/input/event1: 0003 0030 0000014d
[    1580.181082] /dev/input/event1: 0003 003a 00000081
[    1580.181082] /dev/input/event1: 0003 0035 0000180e
[    1580.181082] /dev/input/event1: 0000 0000 00000000
[    1580.241041] /dev/input/event1: 0003 003a 00000000
[    1580.241041] /dev/input/event1: 0003 0039 ffffffff
[    1580.241041] /dev/input/event1: 0000 0000 00000000
[    1583.034318] /dev/input/event1: 0003 0039 00000000
[    1583.034318] /dev/input/event1: 0003 0030 0000014e
[    1583.034318] /dev/input/event1: 0003 003a 00000081
[    1583.034318] /dev/input/event1: 0003 0035 00006628
[    1583.034318] /dev/input/event1: 0003 0036 00002ccc
[    1583.034318] /dev/input/event1: 0000 0000 00000000
[    1583.141319] /dev/input/event1: 0003 003a 00000000
[    1583.141319] /dev/input/event1: 0003 0039 ffffffff
[    1583.141319] /dev/input/event1: 0000 0000 00000000
[    1585.241741] /dev/input/event1: 0003 0039 00000000
[    1585.241741] /dev/input/event1: 0003 0030 0000014f
[    1585.241741] /dev/input/event1: 0003 003a 00000081
[    1585.241741] /dev/input/event1: 0003 0035 000079b6
[    1585.241741] /dev/input/event1: 0003 0036 00000833
[    1585.241741] /dev/input/event1: 0000 0000 00000000
[    1585.353606] /dev/input/event1: 0003 003a 00000000
[    1585.353606] /dev/input/event1: 0003 0039 ffffffff
[    1585.353606] /dev/input/event1: 0000 0000 00000000
[    1587.214869] /dev/input/event1: 0003 0039 00000000
[    1587.214869] /dev/input/event1: 0003 0030 00000150
[    1587.214869] /dev/input/event1: 0003 003a 00000081
[    1587.214869] /dev/input/event1: 0003 0035 00005a4e
[    1587.214869] /dev/input/event1: 0003 0036 000011cc
[    1587.214869] /dev/input/event1: 0000 0000 00000000
[    1587.307383] /dev/input/event1: 0003 003a 00000000
[    1587.307383] /dev/input/event1: 0003 0039 ffffffff
[    1587.307383] /dev/input/event1: 0000 0000 00000000
[    1590.869722] /dev/input/event1: 0003 0039 00000000
[    1590.869722] /dev/input/event1: 0003 0030 00000151
[    1590.869722] /dev/input/event1: 0003 003a 00000081
[    1590.869722] /dev/input/event1: 0003 0035 00000b05
[    1590.869722] /dev/input/event1: 0003 0036 00004c10
[    1590.869722] /dev/input/event1: 0000 0000 00000000
[    1590.976914] /dev/input/event1: 0003 003a 00000000
[    1590.976914] /dev/input/event1: 0003 0039 ffffffff
[    1590.976914] /dev/input/event1: 0000 0000 00000000
[    1593.047664] /dev/input/event1: 0003 0039 00000000
[    1593.047664] /dev/input/event1: 0003 0030 00000152
[    1593.047664] /dev/input/event1: 0003 003a 00000081
[    1593.047664] /dev/input/event1: 0003 0035 000008e3
[    1593.047664] /dev/input/event1: 0003 0036 00002921
[    1593.047664] /dev/input/event1: 0000 0000 00000000
[    1593.142111] /dev/input/event1: 0003 003a 00000000
[    1593.142111] /dev/input/event1: 0003 0039 ffffffff
[    1593.142111] /dev/input/event1: 0000 0000 00000000
[    1594.127059] /dev/input/event1: 0003 0039 00000000
[    1594.127059] /dev/input/event1: 0003 0030 00000153
[    1594.127059] /dev/input/event1: 0003 003a 00000081
[    1594.127059] /dev/input/event1: 0000 0000 00000000
[    1594.222855] /dev/input/event1: 0003 003a 00000000
[    1594.222855] /dev/input/event1: 0003 0039 ffffffff
[    1594.222855] /dev/input/event1: 0000 0000 00000000
[    1596.510612] /dev/input/event1: 0003 0039 00000000
[    1596.510612] /dev/input/event1: 0003 0030 00000154
[    1596.510612] /dev/input/event1: 0003 003a 00000081
[    1596.510612] /dev/input/event1: 0003 0035 00007078
[    1596.510612] /dev/input/event1: 0003 0036 000073ba
[    1596.510612] /dev/input/event1: 0000 0000 00000000
[    1596.523615] /dev/input/event1: 0003 0035 00007096
[    1596.523615] /dev/input/event1: 0000 0000 00000000
[    1596.603983] /dev/input/event1: 0003 003a 00000000
[    1596.603983] /dev/input/event1: 0003 0039 ffffffff
[    1596.603983] /dev/input/event1: 0000 0000 00000000
[    1598.455934] /dev/input/event1: 0003 0039 00000000
[    1598.455934] /dev/input/event1: 0003 0030 00000155
[    1598.455934] /dev/input/event1: 0003 003a 00000081
[    1598.455934] /dev/input/event1: 0000 0000 00000000
[    1598.536001] /dev/input/event1: 0003 003a 00000000
[    1598.536001] /dev/input/event1: 0003 0039 ffffffff
[    1598.536001] /dev/input/event1: 0000 0000 00000000
[    1601.574268] /dev/input/event1: 0003 0039 00000000
[    1601.574268] /dev/input/event1: 0003 0030 00000156
[    1601.574268] /dev/input/event1: 0003 003a 00000081
[    1601.574268] /dev/input/event1: 0003 0035 00002c16
[    1601.574268] /dev/input/event1: 0003 0036 000058ee
[    1601.574268] /dev/input/event1: 0000 0000 00000000
[    1601.651126] /dev/input/event1: 0003 003a 00000000
[    1601.651126] /dev/input/event1: 0003 0039 ffffffff
[    1601.651126] /dev/input/event1: 0000 0000 00000000
[    1603.042723] /dev/input/event1: 0003 0039 00000000
[    1603.042723] /dev/input/event1: 0003 0030 00000157
[    1603.042723] /dev/input/event1: 0003 003a 00000081
[    1603.042723] /dev/input/event1: 0003 0035 00001a6d
[    1603.042723] /dev/input/event1: 0003 0036 00007b10
[    1603.042723] /dev/input/event1: 0000 0000 00000000
[    1603.117824] /dev/input/event1: 0003 003a 00000000
[    1603.117824] /dev/input/event1: 0003 0039 ffffffff
[    1603.117824] /dev/input/event1: 0000 0000 00000000
[    1606.303694] /dev/input/event1: 0003 0039 00000000
[    1606.303694] /dev/input/event1: 0003 0030 00000158
[    1606.303694] /dev/input/event1: 0003 003a 00000081
[    1606.303694] /dev/input/event1: 0003 0035 000078c4
[    1606.303694] /dev/input/event1: 0003 0036 000008ee
[    1606.303694] /dev/input/event1: 0000 0000 00000000
[    1606.379104] /dev/input/event1: 0003 003a 00000000
[    1606.379104] /dev/input/event1: 0003 0039 ffffffff
[    1606.379104] /dev/input/event1: 0000 0000 00000000
[    1607.602059] /dev/input/event1: 0003 0039 00000000
[    1607.602059] /dev/input/event1: 0003 0030 00000159
[    1607.602059] /dev/input/event1: 0003 003a 00000081
[    1607.602059] /dev/input/event1: 0003 0035 0000629a
[    1607.602059] /dev/input/event1: 0003 0036 000018cc
[    1607.602059] /dev/input/event1: 0000 0000 00000000
[    1607.692977] /dev/input/event1: 0003 003a 00000000
[    1607.692977] /dev/input/event1: 0003 0039 ffffffff
[    1607.692977] /dev/input/event1: 0000 0000 00000000
[    1611.141893] /dev/input/event1: 0003 0039 00000000
[    1611.141893] /dev/input/event1: 0003 0030 0000015a
[    1611.141893] /dev/input/event1: 0003 003a 00000081
[    1611.141893] /dev/input/event1: 0003 0035 00002b23
[    1611.141893] /dev/input/event1: 0003 0036 00003232
[    1611.141893] /dev/input/event1: 0000 0000 00000000
[    1611.267499] /dev/input/event1: 0003 003a 00000000
[    1611.267499] /dev/input/event1: 0003 0039 ffffffff
[    1611.267499] /dev/input/event1: 0000 0000 00000000
[    1613.328601] /dev/input/event1: 0003 0039 00000000
[    1613.328601] /dev/input/event1: 0003 0030 0000015b
[    1613.328601] /dev/input/event1: 0003 003a 00000081
[    1613.328601] /dev/input/event1: 0003 0035 00006a12
[    1613.328601] /dev/input/event1: 0003 0036 00004821
[    1613.328601] /dev/input/event1: 0000 0000 00000000
[    1613.388899] /dev/input/event1: 0003 003a 00000000
[    1613.388899] /dev/input/event1: 0003 0039 ffffffff
[    1613.388899] /dev/input/event1: 0000 0000 00000000
[    1614.811015] /dev/input/event1: 0003 0039 00000000
[    1614.811015] /dev/input/event1: 0003 0030 0000015c
[    1614.811015] /dev/input/event1: 0003 003a 00000081
[    1614.811015] /dev/input/event1: 0003 0035 00007a30
[    1614.811015] /dev/input/event1: 0003 0036 000007cc
[    1614.811015] /dev/input/event1: 0000 0000 00000000
[    1614.871118] /dev/input/event1: 0003 003a 00000000
[    1614.871118] /dev/input/event1: 0003 0039 ffffffff
[    1614.871118] /dev/input/event1: 0000 0000 00000000
[    1616.069079] /dev/input/event1: 0003 0039 00000000
[    1616.069079] /dev/input/event1: 0003 0030 0000015d
[    1616.069079] /dev/input/event1: 0003 003a 00000081
[    1616.069079] /dev/input/event1: 0003 0035 00005a6d
[    1616.069079] /dev/input/event1: 0003 0036 00001b32
[    1616.069079] /dev/input/event1: 0000 0000 00000000
[    1616.160936] /dev/input/event1: 0003 003a 00000000
[    1616.160936] /dev/input/event1: 0003 0039 ffffffff
[    1616.160936] /dev/input/event1: 0000 0000 00000000
[    1618.566987] /dev/input/event1: 0003 0039 00000000
[    1618.566987] /dev/input/event1: 0003 0030 0000015e
[    1618.566987] /dev/input/event1: 0003 003a 00000081
[    1618.566987] /dev/input/event1: 0003 0035 00002573
[    1618.566987] /dev/input/event1: 0003 0036 00003abb
[    1618.566987] /dev/input/event1: 0000 0000 00000000
[    1618.693013] /dev/input/event1: 0003 003a 00000000
[    1618.693013] /dev/input/event1: 0003 0039 ffffffff
[    1618.693013] /dev/input/event1: 0000 0000 00000000
[    1632.707199] /dev/input/event1: 0003 0039 00000000
[    1632.707199] /dev/input/event1: 0003 0030 0000015f
[    1632.707199] /dev/input/event1: 0003 003a 00000081
[    1632.707199] /dev/input/event1: 0003 0035 00006dfb
[    1632.707199] /dev/