add device 1: /dev/input/event0
  name:     "Power Button"
add device 2: /dev/input/event1
  name:     "qwerty2"
[    1689.813481] /dev/input/event1: 0003 0039 00000000
[    1689.813481] /dev/input/event1: 0003 0030 00000178
[    1689.813481] /dev/input/event1: 0003 003a 00000081
[    1689.813481] /dev/input/event1: 0003 0035 00006aa9
[    1689.813481] /dev/input/event1: 0003 0036 00006fa9
[    1689.813481] /dev/input/event1: 0000 0000 00000000
[    1689.867048] /dev/input/event1: 0003 003a 00000000
[    1689.867048] /dev/input/event1: 0003 0039 ffffffff
[    1689.867048] /dev/input/event1: 0000 0000 00000000
[    1691.448891] /dev/input/event1: 0003 0039 00000000
[    1691.448891] /dev/input/event1: 0003 0030 00000179
[    1691.448891] /dev/input/event1: 0003 003a 00000081
[    1691.448891] /dev/input/event1: 0003 0035 0000797a
[    1691.448891] /dev/input/event1: 0003 0036 00000955
[    1691.448891] /dev/input/event1: 0000 0000 00000000
[    1691.557000] /dev/input/event1: 0003 003a 00000000
[    1691.557000] /dev/input/event1: 0003 0039 ffffffff
[    1691.557000] /dev/input/event1: 0000 0000 00000000
[    1692.834383] /dev/input/event1: 0003 0039 00000000
[    1692.834383] /dev/input/event1: 0003 0030 0000017a
[    1692.834383] /dev/input/event1: 0003 003a 00000081
[    1692.834383] /dev/input/event1: 0003 0035 00005ac8
[    1692.834383] /dev/input/event1: 0000 0000 00000000
[    1692.911530] /dev/input/event1: 0003 003a 00000000
[    1692.911530] /dev/input/event1: 0003 0039 ffffffff
[    1692.911530] /dev/input/event1: 0000 0000 00000000
[    1694.698813] /dev/input/event1: 0003 0039 00000000
[    1694.698813] /dev/input/event1: 0003 0030 0000017b
[    1694.698813] /dev/input/event1: 0003 003a 00000081
[    1694.698813] /dev/input/event1: 0003 0035 00003f2b
[    1694.698813] /dev/input/event1: 0003 0036 00003d32
[    1694.698813] /dev/input/event1: 0000 0000 00000000
[    1694.761224] /dev/input/event1: 0003 003a 00000000
[    1694.761224] /dev/input/event1: 0003 0039 ffffffff
[    1694.761224] /dev/input/event1: 0000 0000 00000000
[    1697.961186] /dev/input/event1: 0003 0039 00000000
[    1697.961186] /dev/input/event1: 0003 0030 0000017c
[    1697.961186] /dev/input/event1: 0003 003a 00000081
[    1697.961186] /dev/input/event1: 0003 0035 00004097
[    1697.961186] /dev/input/event1: 0003 0036 00005b32
[    1697.961186] /dev/input/event1: 0000 0000 00000000
[    1698.055034] /dev/input/event1: 0003 003a 00000000
[    1698.055034] /dev/input/event1: 0003 0039 ffffffff
[    1698.055034] /dev/input/event1: 0000 0000 00000000
[    1699.096435] /dev/input/event1: 0003 0039 00000000
[    1699.096435] /dev/input/event1: 0003 0030 0000017d
[    1699.096435] /dev/input/event1: 0003 003a 00000081
[    1699.096435] /dev/input/event1: 0003 0035 00006bd9
[    1699.096435] /dev/input/event1: 0003 0036 000050ff
[    1699.096435] /dev/input/event1: 0000 0000 00000000
[    1699.222696] /dev/input/event1: 0003 003a 00000000
[    1699.222696] /dev/input/event1: 0003 0039 ffffffff
[    1699.222696] /dev/input/event1: 0000 0000 00000000
[    1701.488287] /dev/input/event1: 0003 0039 00000000
[    1701.488287] /dev/input/event1: 0003 0030 0000017e
[    1701.488287] /dev/input/event1: 0003 003a 00000081
[    1701.488287] /dev/input/event1: 0003 0035 00002079
[    1701.488287] /dev/input/event1: 0003 0036 00004787
[    1701.488287] /dev/input/event1: 0000 0000 00000000
[    1701.547366] /dev/input/event1: 0003 003a 00000000
[    1701.547366] /dev/input/event1: 0003 0039 ffffffff
[    1701.547366] /dev/input/event1: 0000 0000 00000000
[    1702.999131] /dev/input/event1: 0003 0039 00000000
[    1702.999131] /dev/input/event1: 0003 0030 0000017f
[    1702.999131] /dev/input/event1: 0003 003a 00000081
[    1702.999131] /dev/input/event1: 0003 0035 00006901
[    1702.999131] /dev/input/event1: 0003 0036 00002bdd
[    1702.999131] /dev/input/event1: 0000 0000 00000000
[    1703.077355] /dev/input/event1: 0003 003a 00000000
[    1703.077355] /dev/input/event1: 0003 0039 ffffffff
[    1703.077355] /dev/input/event1: 0000 0000 00000000
[    1705.396201] /dev/input/event1: 0003 0039 00000000
[    1705.396201] /dev/input/event1: 0003 0030 00000180
[    1705.396201] /dev/input/event1: 0003 003a 00000081
[    1705.396201] /dev/input/event1: 0003 0035 000079b6
[    1705.396201] /dev/input/event1: 0003 0036 000007bb
[    1705.396201] /dev/input/event1: 0000 0000 00000000
[    1705.488871] /dev/input/event1: 0003 003a 00000000
[    1705.488871] /dev/input/event1: 0003 0039 ffffffff
[    1705.488871] /dev/input/event1: 0000 0000 00000000
[    1706.422870] /dev/input/event1: 0003 0039 00000000
[    1706.422870] /dev/input/event1: 0003 0030 00000181
[    1706.422870] /dev/input/event1: 0003 003a 00000081
[    1706.422870] /dev/input/event1: 0003 0035 00006406
[    1706.422870] /dev/input/event1: 0003 0036 00001a55
[    1706.422870] /dev/input/event1: 0000 0000 00000000
[    1706.530934] /dev/input/event1: 0003 003a 00000000
[    1706.530934] /dev/input/event1: 0003 0039 ffffffff
[    1706.530934] /dev/input/event1: 0000 0000 00000000
[    1708.954234] /dev/input/event1: 0003 0039 00000000
[    1708.954234] /dev/input/event1: 0003 0030 00000182
[    1708.954234] /dev/input/event1: 0003 003a 00000081
[    1708.954234] /dev/input/event1: 0003 0035 000031c6
[    1708.954234] /dev/input/event1: 0003 0036 00004243
[    1708.954234] /dev/input/event1: 0000 0000 00000000
[    1709.047293] /dev/input/event1: 0003 003a 00000000
[    1709.047293] /dev/input/event1: 0003 0039 ffffffff
[    1709.047293] /dev/input/event1: 0000 0000 00000000
[    1711.572911] /dev/input/event1: 0003 0039 00000000
[    1711.572911] /dev/input/event1: 0003 0030 00000183
[    1711.572911] /dev/input/event1: 0003 003a 00000081
[    1711.572911] /dev/input/event1: 0003 0035 00006a8b
[    1711.572911] /dev/input/event1: 0003 0036 00004732
[    1711.572911] /dev/input/event1: 0000 0000 00000000
[    1711.683258] /dev/input/event1: 0003 003a 00000000
[    1711.683258] /dev/input/event1: 0003 0039 ffffffff
[    1711.683258] /dev/input/event1: 0000 0000 00000000
[    1712.990461] /dev/input/event1: 0003 0039 00000000
[    1712.990461] /dev/input/event1: 0003 0030 00000184
[    1712.990461] /dev/input/event1: 0003 003a 00000081
[    1712.990461] /dev/input/event1: 0003 0035 000079d5
[    1712.990461] /dev/input/event1: 0003 0036 000008bb
[    1712.990461] /dev/input/event1: 0000 0000 00000000
[    1713.085255] /dev/input/event1: 0003 003a 00000000
[    1713.085255] /dev/input/event1: 0003 0039 ffffffff
[    1713.085255] /dev/input/event1: 0000 0000 00000000
[    1714.416689] /dev/input/event1: 0003 0039 00000000
[    1714.416689] /dev/input/event1: 0003 0030 00000185
[    1714.416689] /dev/input/event1: 0003 003a 00000081
[    1714.416689] /dev/input/event1: 0003 0035 000056c0
[    1714.416689] /dev/input/event1: 0003 0036 00001b10
[    1714.416689] /dev/input/event1: 0000 0000 00000000
[    1714.503900] /dev/input/event1: 0003 003a 00000000
[    1714.503900] /dev/input/event1: 0003 0039 ffffffff
[    1714.503900] /dev/input/event1: 0000 0000 00000000
[    1716.139228] /dev/input/event1: 0003 0039 00000000
[    1716.139228] /dev/input/event1: 0003 0030 00000186
[    1716.139228] /dev/input/event1: 0003 003a 00000081
[    1716.139228] /dev/input/event1: 0003 0035 000028a6
[    1716.139228] /dev/input/event1: 0003 0036 00004acc
[    1716.139228] /dev/input/event1: 0000 0000 00000000
[    1716.201011] /dev/input/event1: 0003 003a 00000000
[    1716.201011] /dev/input/event1: 0003 0039 ffffffff
[    1716.201011] /dev/input/event1: 0000 0000 00000000
[    1718.963881] /dev/input/event1: 0003 0039 00000000
[    1718.963881] /dev/input/event1: 0003 0030 00000187
[    1718.963881] /dev/input/event1: 0003 003a 00000081
[    1718.963881] /dev/input/event1: 0003 0035 000014fa
[    1718.963881] /dev/input/event1: 0003 0036 00002e88
[    1718.963881] /dev/input/event1: 0000 0000 00000000
[    1719.070697] /dev/input/event1: 0003 003a 00000000
[    1719.070697] /dev/input/event1: 0003 0039 ffffffff
[    1719.070697] /dev/input/event1: 0000 0000 00000000
[    1720.940568] /dev/input/event1: 0003 0039 00000000
[    1720.940568] /dev/input/event1: 0003 0030 00000188
[    1720.940568] /dev/input/event1: 0003 003a 00000081
[    1720.940568] /dev/input/event1: 0003 0035 00001777
[    1720.940568] /dev/input/event1: 0003 0036 00003443
[    1720.940568] /dev/input/event1: 0000 0000 00000000
[    1721.032921] /dev/input/event1: 0003 003a 00000000
[    1721.032921] /dev/input/event1: 0003 0039 ffffffff
[    1721.032921] /dev/input/event1: 0000 0000 00000000
[    1722.814529] /dev/input/event1: 0003 0039 00000000
[    1722.814529] /dev/input/event1: 0003 0030 00000189
[    1722.814529] /dev/input/event1: 0003 003a 00000081
[    1722.814529] /dev/input/event1: 0003 0035 000018e3
[    1722.814529] /dev/input/event1: 0003 0036 000043cc
[    1722.814529] /dev/input/event1: 0000 0000 00000000
[    1722.925331] /dev/input/event1: 0003 003a 00000000
[    1722.925331] /dev/input/event1: 0003 0039 ffffffff
[    1722.925331] /dev/input/event1: 0000 0000 00000000
[    1724.705506] /dev/input/event1: 0003 0039 00000000
[    1724.705506] /dev/input/event1: 0003 0030 0000018a
[    1724.705506] /dev/input/event1: 0003 003a 00000081
[    1724.705506] /dev/input/event1: 0003 0035 00001e56
[    1724.705506] /dev/input/event1: 0003 0036 000042bb
[    1724.705506] /dev/input/event1: 0000 0000 00000000
[    1724.815570] /dev/input/event1: 0003 003a 00000000
[    1724.815570] /dev/input/event1: 0003 0039 ffffffff
[    1724.815570] /dev/input/event1: 0000 0000 00000000
[    1727.487382] /dev/input/event1: 0003 0039 00000000
[    1727.487382] /dev/input/event1: 0003 0030 0000018b
[    1727.487382] /dev/input/event1: 0003 003a 00000081
[    1727.487382] /dev/input/event1: 0003 0035 00004536
[    1727.487382] /dev/input/event1: 0003 0036 00007232
[    1727.487382] /dev/input/event1: 0000 0000 00000000
[    1727.562728] /dev/input/event1: 0003 003a 00000000
[    1727.562728] /dev/input/event1: 0003 0039 ffffffff
[    1727.562728] /dev/input/event1: 0000 0000 00000000
[    1730.434879] /dev/input/event1: 0003 0039 00000000
[    1730.434879] /dev/input/event1: 0003 0030 0000018c
[    1730.434879] /dev/input/event1: 0003 003a 00000081
[    1730.434879] /dev/input/event1: 0003 0035 00005887
[    1730.434879] /dev/input/event1: 0003 0036 00001321
[    1730.434879] /dev/input/event1: 0000 0000 00000000
[    1731.825021] /dev/input/event1: 0003 003a 00000000
[    1731.825021] /dev/input/event1: 0003 0039 ffffffff
[    1731.825021] /dev/input/event1: 0000 0000 00000000
[    1732.564915] /dev/input/event1: 0003 0039 00000000
[    1732.564915] /dev/input/event1: 0003 0030 0000018d
[    1732.564915] /dev/input/event1: 0003 003a 00000081
[    1732.564915] /dev/input/event1: 0003 0035 0000584b
[    1732.564915] /dev/input/event1: 0003 0036 00001e77
[    1732.564915] /dev/input/event1: 0000 0000 00000000
[    1732.643063] /dev/input/event1: 0003 003a 00000000
[    1732.643063] /dev/input/event1: 0003 0039 ffffffff
[    1732.643063] /dev/input/event1: 0000 0000 00000000
[    1734.031280] /dev/input/event1: 0003 0039 00000000
[    1734.031280] /dev/input/event1: 0003 0030 0000018e
[    1734.031280] /dev/input/event1: 0003 003a 00000081
[    1734.031280] /dev/input/event1: 0003 0035 000040b5
[    1734.031280] /dev/input/event1: 0003 0036 00003799
[    1734.031280] /dev/input/event1: 0000 0000 00000000
[    1734.141003] /dev/input/event1: 0003 003a 00000000
[    1734.141003] /dev/input/event1: 0003 0039 ffffffff
[    1734.141003] /dev/input/event1: 0000 0000 00000000
[    1736.058292] /dev/input/event1: 0003 0039 00000000
[    1736.058292] /dev/input/event1: 0003 0030 0000018f
[    1736.058292] /dev/input/event1: 0003 003a 00000081
[    1736.058292] /dev/input/event1: 0003 0035 000020d4
[    1736.058292] /dev/input/event1: 0003 0036 00005021
[    1736.058292] /dev/input/event1: 0000 0000 00000000
[    1737.097041] /dev/input/event1: 0003 003a 00000000
[    1737.097041] /dev/input/event1: 0003 0039 ffffffff
[    1737.097041] /dev/input/event1: 0000 0000 00000000
[    1738.829451] /dev/input/event1: 0003 0039 00000000
[    1738.829451] /dev/input/event1: 0003 0030 00000190
[    1738.829451] /dev/input/event1: 0003 003a 00000081
[    1738.829451] /dev/input/event1: 0003 0035 000069b7
[    1738.829451] /dev/input/event1: 0003 0036 00002888
[    1738.829451] /dev/input/event1: 0000 0000 00000000
[    1738.939007] /dev/input/event1: 0003 003a 00000000
[    1738.939007] /dev/input/event1: 0003 0039 ffffffff
[    1738.939007] /dev/input/event1: 0000 0000 00000000
[    1742.606620] /dev/input/event1: 0003 0039 00000000
[    1742.606620] /dev/input/event1: 0003 0030 00000191
[    1742.606620] /dev/input/event1: 0003 003a 00000081
[    1742.606620] /dev/input/event1: 0003 0035 00006869
[    1742.606620] /dev/input/event1: 0003 0036 00001921
[    1742.606620] /dev/input/event1: 0000 0000 00000000
[    1743.852887] /dev/input/event1: 0003 003a 00000000
[    1743.852887] /dev/input/event1: 0003 0039 ffffffff
[    1743.852887] /dev/input/event1: 0000 0000 00000000
[    1745.321671] /dev/input/event1: 0003 0039 00000000
[    1745.321671] /dev/input/event1: 0003 0030 00000192
[    1745.321671] /dev/input/event1: 0003 003a 00000081
[    1745.321671] /dev/input/event1: 0003 0035 00005998
[    1745.321671] /dev/input/event1: 0003 0036 00002dee
[    1745.321671] /dev/input/event1: 0000 0000 00000000
[    1746.087640] /dev/input/event1: 0003 003a 00000000
[    1746.087640] /dev/input/event1: 0003 0039 ffffffff
[    1746.087640] /dev/input/event1: 0000 0000 00000000
[    1749.510820] /dev/input/event1: 0003 0039 00000000
[    1749.510820] /dev/input/event1: 0003 0030 00000193
[    1749.510820] /dev/input/event1: 0003 003a 00000081
[    1749.510820] /dev/input/event1: 0003 0035 00006758
[    1749.510820] /dev/input/event1: 0003 0036 00004799
[    1749.510820] /dev/input/event1: 0000 0000 00000000
[    1749.605063] /dev/input/event1: 0003 003a 00000000
[    1749.605063] /dev/input/event1: 0003 0039 ffffffff
[    1749.605063] /dev/input/event1: 0000 0000 00000000
[    1751.498899] /dev/input/event1: 0003 0039 00000000
[    1751.498899] /dev/input/event1: 0003 0030 00000194
[    1751.498899] /dev/input/event1: 0003 003a 00000081
[    1751.498899] /dev/input/event1: 0003 0035 00006ddd
[    1751.498899] /dev/input/event1: 0003 0036 00001199
[    1751.498899] /dev/input/event1: 0000 0000 00000000
[    1752.696961] /dev/input/event1: 0003 003a 00000000
[    1752.696961] /dev/input/event1: 0003 0039 ffffffff
[    1752.696961] /dev/input/event1: 0000 0000 00000000
[    1753.420801] /dev/input/event1: 0003 0039 00000000
[    1753.420801] /dev/input/event1: 0003 0030 00000195
[    1753.420801] /dev/input/event1: 0003 003a 00000081
[    1753.420801] /dev/input/event1: 0003 0035 00005bd9
[    1753.420801] /dev/input/event1: 0003 0036 00002daa
[    1753.420801] /dev/input/event1: 0000 0000 00000000
[    1753.515266] /dev/input/event1: 0003 003a 00000000
[    1753.515266] /dev/input/event1: 0003 0039 ffffffff
[    1753.515266] /dev/input/event1: 0000 0000 00000000
[    1755.856816] /dev/input/event1: 0003 0039 00000000
[    1755.856816] /dev/input/event1: 0003 0030 00000196
[    1755.856816] /dev/input/event1: 0003 003a 00000081
[    1755.856816] /dev/input/event1: 0003 0035 000077d1
[    1755.856816] /dev/input/event1: 0003 0036 00000999
[    1755.856816] /dev/input/event1: 0000 0000 00000000
[    1755.967001] /dev/input/event1: 0003 003a 00000000
[    1755.967001] /dev/input/event1: 0003 0039 ffffffff
[    1755.967001] /dev/input/event1: 0000 0000 00000000
[    1757.359303] /dev/input/event1: 0003 0039 00000000
[    1757.359303] /dev/input/event1: 0003 0030 00000197
[    1757.359303] /dev/input/event1: 0003 003a 00000081
[    1757.359303] /dev/input/event1: 0003 0035 00006da0
[    1757.359303] /dev/input/event1: 0003 0036 000009aa
[    1757.359303] /dev/input/event1: 0000 0000 00000000
[    1757.481041] /dev/input/event1: 0003 003a 00000000
[    1757.481041] /dev/input/event1: 0003 0039 ffffffff
[    1757.481041] /dev/input/event1: 0000 0000 00000000
[    1760.069562] /dev/input/event1: 0003 0039 00000000
[    1760.069562] /dev/input/event1: 0003 0030 00000198
[    1760.069562] /dev/input/event1: 0003 003a 00000081
[    1760.069562] /dev/input/event1: 0003 0035 00003ac8
[    1760.069562] /dev/input/event1: 0003 0036 00006432
[    1760.069562] /dev/input/event1: 0000 0000 00000000
[    1760.084592] /dev/input/event1: 0003 0035 00003ae6
[    1760.084592] /dev/input/event1: 0003 0036 000063ee
[    1760.084592] /dev/input/event1: 0000 0000 00000000
[    1760.088483] /dev/input/event1: 0003 0035 00003b23
[    1760.088483] /dev/input/event1: 0003 0036 000063cc
[    1760.088483] /dev/input/event1: 0000 0000 00000000
[    1760.101888] /dev/input/event1: 0003 0035 00003b41
[    1760.101888] /dev/input/event1: 0003 0036 00006387
[    1760.101888] /dev/input/event1: 0000 0000 00000000
[    1760.105444] /dev/input/event1: 0003 0036 00006332
[    1760.105444] /dev/input/event1: 0000 0000 00000000
[    1760.116566] /dev/input/event1: 0003 0035 00003b7e
[    1760.116566] /dev/input/event1: 0003 0036 000062cc
[    1760.116566] /dev/input/event1: 0000 0000 00000000
[    1760.120836] /dev/input/event1: 0003 0035 00003b9c
[    1760.120836] /dev/input/event1: 0003 0036 00006265
[    1760.120836] /dev/input/event1: 0000 0000 00000000
[    1760.132666] /dev/input/event1: 0003 0036 000061ff
[    1760.132666] /dev/input/event1: 0000 0000 00000000
[    1760.136704] /dev/input/event1: 0003 0035 00003bd9
[    1760.136704] /dev/input/event1: 0003 0036 00006198
[    1760.136704] /dev/input/event1: 0000 0000 00000000
[    1760.148375] /dev/input/event1: 0003 0036 00006132
[    1760.148375] /dev/input/event1: 0000 0000 00000000
[    1760.153379] /dev/input/event1: 0003 0035 00003bf7
[    1760.153379] /dev/input/event1: 0003 0036 000060cc
[    1760.153379] /dev/input/event1: 0000 0000 00000000
[    1760.164531] /dev/input/event1: 0003 0036 00006087
[    1760.164531] /dev/input/event1: 0000 0000 00000000
[    1760.169521] /dev/input/event1: 0003 0036 00006032
[    1760.169521] /dev/input/event1: 0000 0000 00000000
[    1760.182590] /dev/input/event1: 0003 0036 00005fcc
[    1760.182590] /dev/input/event1: 0000 0000 00000000
[    1760.187150] /dev/input/event1: 0003 0036 00005f54
[    1760.187150] /dev/input/event1: 0000 0000 00000000
[    1760.196410] /dev/input/event1: 0003 0036 00005ecc
[    1760.196410] /dev/input/event1: 0000 0000 00000000
[    1760.200729] /dev/input/event1: 0003 0036 00005e87
[    1760.200729] /dev/input/event1: 0000 0000 00000000
[    1760.214683] /dev/input/event1: 0003 0036 00005e21
[    1760.214683] /dev/input/event1: 0000 0000 00000000
[    1760.218729] /dev/input/event1: 0003 0036 00005d98
[    1760.218729] /dev/input/event1: 0000 0000 00000000
[    1760.230723] /dev/input/event1: 0003 0036 00005d21
[    1760.230723] /dev/input/event1: 0000 0000 00000000
[    1760.234555] /dev/input/event1: 0003 0036 00005c98
[    1760.234555] /dev/input/event1: 0000 0000 00000000
[    1760.247620] /dev/input/event1: 0003 0036 00005bff
[    1760.247620] /dev/input/event1: 0000 0000 00000000
[    1760.250711] /dev/input/event1: 0003 0036 00005b65
[    1760.250711] /dev/input/event1: 0000 0000 00000000
[    1760.262559] /dev/input/event1: 0003 0036 00005acc
[    1760.262559] /dev/input/event1: 0000 0000 00000000
[    1760.266601] /dev/input/event1: 0003 0036 00005a32
[    1760.266601] /dev/input/event1: 0000 0000 00000000
[    1760.278549] /dev/input/event1: 0003 0036 000059bb
[    1760.278549] /dev/input/event1: 0000 0000 00000000
[    1760.282466] /dev/input/event1: 0003 0035 00003c34
[    1760.282466] /dev/input/event1: 0003 0036 00005921
[    1760.282466] /dev/input/event1: 0000 0000 00000000
[    1760.294723] /dev/input/event1: 0003 0036 00005898
[    1760.294723] /dev/input/event1: 0000 0000 00000000
[    1760.298464] /dev/input/event1: 0003 0036 000057bb
[    1760.298464] /dev/input/event1: 0000 0000 00000000
[    1760.311027] /dev/input/event1: 0003 0036 000056cc
[    1760.311027] /dev/input/event1: 0000 0000 00000000
[    1760.314957] /dev/input/event1: 0003 0036 000055ff
[    1760.314957] /dev/input/event1: 0000 0000 00000000
[    1760.326323] /dev/input/event1: 0003 0036 00005554
[    1760.326323] /dev/input/event1: 0000 0000 00000000
[    1760.330539] /dev/input/event1: 0003 0036 00005498
[    1760.330539] /dev/input/event1: 0000 0000 00000000
[    1760.342482] /dev/input/event1: 0003 0036 000053ee
[    1760.342482] /dev/input/event1: 0000 0000 00000000
[    1760.346464] /dev/input/event1: 0003 0036 00005354
[    1760.346464] /dev/input/event1: 0000 0000 00000000
[    1760.358447] /dev/input/event1: 0003 0035 00003c52
[    1760.358447] /dev/input/event1: 0003 0036 000052bb
[    1760.358447] /dev/input/event1: 0000 0000 00000000
[    1760.362313] /dev/input/event1: 0003 0035 00003c8f
[    1760.362313] /dev/input/event1: 0003 0036 00005221
[    1760.362313] /dev/input/event1: 0000 0000 00000000
[    1760.374435] /dev/input/event1: 0003 0035 00003cad
[    1760.374435] /dev/input/event1: 0003 0036 00005187
[    1760.374435] /dev/input/event1: 0000 0000 00000000
[    1760.379632] /dev/input/event1: 0003 0035 00003cea
[    1760.379632] /dev/input/event1: 0003 0036 000050ff
[    1760.379632] /dev/input/event1: 0000 0000 00000000
[    1760.391738] /dev/input/event1: 0003 0035 00003d09
[    1760.391738] /dev/input/event1: 0003 0036 00005087
[    1760.391738] /dev/input/event1: 0000 0000 00000000
[    1760.394379] /dev/input/event1: 0003 0035 00003d45
[    1760.394379] /dev/input/event1: 0003 0036 00005021
[    1760.394379] /dev/input/event1: 0000 0000 00000000
[    1760.406763] /dev/input/event1: 0003 0036 00004f98
[    1760.406763] /dev/input/event1: 0000 0000 00000000
[    1760.410624] /dev/input/event1: 0003 0035 00003d64
[    1760.410624] /dev/input/event1: 0003 0036 00004eee
[    1760.410624] /dev/input/event1: 0000 0000 00000000
[    1760.422763] /dev/input/event1: 0003 0035 00003da0
[    1760.422763] /dev/input/event1: 0003 0036 00004e54
[    1760.422763] /dev/input/event1: 0000 0000 00000000
[    1760.426251] /dev/input/event1: 0003 0035 00003dbf
[    1760.426251] /dev/input/event1: 0003 0036 00004d98
[    1760.426251] /dev/input/event1: 0000 0000 00000000
[    1760.439769] /dev/input/event1: 0003 0035 00003dfb
[    1760.439769] /dev/input/event1: 0003 0036 00004cff
[    1760.439769] /dev/input/event1: 0000 0000 00000000
[    1760.442720] /dev/input/event1: 0003 0036 00004c54
[    1760.442720] /dev/input/event1: 0000 0000 00000000
[    1760.455090] /dev/input/event1: 0003 0036 00004b99
[    1760.455090] /dev/input/event1: 0000 0000 00000000
[    1760.460025] /dev/input/event1: 0003 0036 00004aee
[    1760.460025] /dev/input/event1: 0000 0000 00000000
[    1760.471544] /dev/input/event1: 0003 0036 00004a32
[    1760.471544] /dev/input/event1: 0000 0000 00000000
[    1760.475162] /dev/input/event1: 0003 0035 00003e1a
[    1760.475162] /dev/input/event1: 0003 0036 00004987
[    1760.475162] /dev/input/event1: 0000 0000 00000000
[    1760.486533] /dev/input/event1: 0003 0035 00003e56
[    1760.486533] /dev/input/event1: 0003 0036 000048cc
[    1760.486533] /dev/input/event1: 0000 0000 00000000
[    1760.490576] /dev/input/event1: 0003 0036 00004821
[    1760.490576] /dev/input/event1: 0000 0000 00000000
[    1760.503049] /dev/input/event1: 0003 0035 00003e75
[    1760.503049] /dev/input/event1: 0003 0036 00004765
[    1760.503049] /dev/input/event1: 0000 0000 00000000
[    1760.506799] /dev/input/event1: 0003 0035 00003eb1
[    1760.506799] /dev/input/event1: 0003 0036 00004699
[    1760.506799] /dev/input/event1: 0000 0000 00000000
[    1760.519248] /dev/input/event1: 0003 0036 000045cc
[    1760.519248] /dev/input/event1: 0000 0000 00000000
[    1760.522567] /dev/input/event1: 0003 0035 00003ed0
[    1760.522567] /dev/input/event1: 0003 0036 00004487
[    1760.522567] /dev/input/event1: 0000 0000 00000000
[    1760.534555] /dev/input/event1: 0003 0036 00004365
[    1760.534555] /dev/input/event1: 0000 0000 00000000
[    1760.538455] /dev/input/event1: 0003 0036 00004254
[    1760.538455] /dev/input/event1: 0000 0000 00000000
[    1760.550456] /dev/input/event1: 0003 0036 00004165
[    1760.550456] /dev/input/event1: 0000 0000 00000000
[    1760.555298] /dev/input/event1: 0003 0036 00004065
[    1760.555298] /dev/input/event1: 0000 0000 00000000
[    1760.567433] /dev/input/event1: 0003 0035 00003f0c
[    1760.567433] /dev/input/event1: 0003 0036 00003f65
[    1760.567433] /dev/input/event1: 0000 0000 00000000
[    1760.572670] /dev/input/event1: 0003 0035 00003f2b
[    1760.572670] /dev/input/event1: 0003 0036 00003e65
[    1760.572670] /dev/input/event1: 0000 0000 00000000
[    1760.582373] /dev/input/event1: 0003 0035 00003f67
[    1760.582373] /dev/input/event1: 0003 0036 00003d88
[    1760.582373] /dev/input/event1: 0000 0000 00000000
[    1760.587405] /dev/input/event1: 0003 0035 00003f86
[    1760.587405] /dev/input/event1: 0003 0036 00003c99
[    1760.587405] /dev/input/event1: 0000 0000 00000000
[    1760.598729] /dev/input/event1: 0003 0035 00003fc2
[    1760.598729] /dev/input/event1: 0003 0036 00003b99
[    1760.598729] /dev/input/event1: 0000 0000 00000000
[    1760.602761] /dev/input/event1: 0003 0035 00003fe1
[    1760.602761] /dev/input/event1: 0003 0036 00003a88
[    1760.602761] /dev/input/event1: 0000 0000 00000000
[    1760.615161] /dev/input/event1: 0003 0035 0000401d
[    1760.615161] /dev/input/event1: 0003 0036 00003965
[    1760.615161] /dev/input/event1: 0000 0000 00000000
[    1760.619254] /dev/input/event1: 0003 0035 0000403c
[    1760.619254] /dev/input/event1: 0003 0036 00003821
[    1760.619254] /dev/input/event1: 0000 0000 00000000
[    1760.630434] /dev/input/event1: 0003 0035 00004078
[    1760.630434] /dev/input/event1: 0003 0036 000036bb
[    1760.630434] /dev/input/event1: 0000 0000 00000000
[    1760.634536] /dev/input/event1: 0003 0035 00004097
[    1760.634536] /dev/input/event1: 0003 0036 00003554
[    1760.634536] /dev/input/event1: 0000 0000 00000000
[    1760.646344] /dev/input/event1: 0003 0035 000040d3
[    1760.646344] /dev/input/event1: 0003 0036 000033ff
[    1760.646344] /dev/input/event1: 0000 0000 00000000
[    1760.650380] /dev/input/event1: 0003 0035 000040f2
[    1760.650380] /dev/input/event1: 0003 0036 00003288
[    1760.650380] /dev/input/event1: 0000 0000 00000000
[    1760.662507] /dev/input/event1: 0003 0035 0000414d
[    1760.662507] /dev/input/event1: 0003 0036 000030ff
[    1760.662507] /dev/input/event1: 0000 0000 00000000
[    1760.666458] /dev/input/event1: 0003 0035 000041a8
[    1760.666458] /dev/input/event1: 0003 0036 00002f88
[    1760.666458] /dev/input/event1: 0000 0000 00000000
[    1760.678394] /dev/input/event1: 0003 0035 000041e4
[    1760.678394] /dev/input/event1: 0003 0036 00002e32
[    1760.678394] /dev/input/event1: 0000 0000 00000000
[    1760.682796] /dev/input/event1: 0003 0035 0000423f
[    1760.682796] /dev/input/event1: 0003 0036 00002ccc
[    1760.682796] /dev/input/event1: 0000 0000 00000000
[    1760.694574] /dev/input/event1: 0003 0035 0000425e
[    1760.694574] /dev/input/event1: 0003 0036 00002b54
[    1760.694574] /dev/input/event1: 0000 0000 00000000
[    1760.698378] /dev/input/event1: 0003 0035 000042b9
[    1760.698378] /dev/input/event1: 0003 0036 000029cc
[    1760.698378] /dev/input/event1: 0000 0000 00000000
[    1760.710698] /dev/input/event1: 0003 0035 00004314
[    1760.710698] /dev/input/event1: 0003 0036 00002899
[    1760.710698] /dev/input/event1: 0000 0000 00000000
[    1760.714997] /dev/input/event1: 0003 0035 00004351
[    1760.714997] /dev/input/event1: 0003 0036 00002755
[    1760.714997] /dev/input/event1: 0000 0000 00000000
[    1760.726724] /dev/input/event1: 0003 0035 0000436f
[    1760.726724] /dev/input/event1: 0003 0036 000025ff
[    1760.726724] /dev/input/event1: 0000 0000 00000000
[    1760.730834] /dev/input/event1: 0003 0035 000043ca
[    1760.730834] /dev/input/event1: 0003 0036 000024bb
[    1760.730834] /dev/input/event1: 0000 0000 00000000
[    1760.742958] /dev/input/event1: 0003 0035 00004407
[    1760.742958] /dev/input/event1: 0003 0036 00002388
[    1760.742958] /dev/input/event1: 0000 0000 00000000
[    1760.746597] /dev/input/event1: 0003 0035 00004462
[    1760.746597] /dev/input/event1: 0003 0036 00002255
[    1760.746597] /dev/input/event1: 0000 0000 00000000
[    1760.759197] /dev/input/event1: 0003 0035 00004480
[    1760.759197] /dev/input/event1: 0003 0036 000020ff
[    1760.759197] /dev/input/event1: 0000 0000 00000000
[    1760.762389] /dev/input/event1: 0003 0035 000044bd
[    1760.762389] /dev/input/event1: 0003 0036 00001fbb
[    1760.762389] /dev/input/event1: 0000 0000 00000000
[    1760.775534] /dev/input/event1: 0003 0036 00001ebb
[    1760.775534] /dev/input/event1: 0000 0000 00000000
[    1760.778194] /dev/input/event1: 0003 0036 00001dbb
[    1760.778194] /dev/input/event1: 0000 0000 00000000
[    1760.791105] /dev/input/event1: 0003 0036 00001ccc
[    1760.791105] /dev/input/event1: 0000 0000 00000000
[    1760.791289] /dev/input/event1: 0003 003a 00000000
[    1760.791289] /dev/input/event1: 0003 0039 ffffffff
[    1760.791289] /dev/input/event1: 0000 0000 00000000
[    1762.934190] /dev/input/event1: 0003 0039 00000000
[    1762.934190] /dev/input/event1: 0003 0030 00000199
[    1762.934190] /dev/input/event1: 0003 003a 00000081
[    1762.934190] /dev/input/event1: 0003 0035 00004554
[    1762.934190] /dev/input/event1: 0003 0036 00006c65
[    1762.934190] /dev/input/event1: 0000 0000 00000000
[    1762.976684] /dev/input/event1: 0003 0036 00006c54
[    1762.976684] /dev/input/event1: 0000 0000 00000000
[    1762.992761] /dev/input/event1: 0003 0035 00004518
[    1762.992761] /dev/input/event1: 0003 0036 00006bcb
[    1762.992761] /dev/input/event1: 0000 0000 00000000
[    1762.996674] /dev/input/event1: 0003 0036 00006bba
[    1762.996674] /dev/input/event1: 0000 0000 00000000
[    1763.008446] /dev/input/event1: 0003 0036 00006b87
[    1763.008446] /dev/input/event1: 0000 0000 00000000
[    1763.012368] /dev/input/event1: 0003 0036 00006b54
[    1763.012368] /dev/input/event1: 0000 0000 00000000
[    1763.024535] /dev/input/event1: 0003 0036 00006aff
[    1763.024535] /dev/input/event1: 0000 0000 00000000
[    1763.028684] /dev/input/event1: 0003 0036 00006aba
[    1763.028684] /dev/input/event1: 0000 0000 00000000
[    1763.041347] /dev/input/event1: 0003 0036 00006a87
[    1763.041347] /dev/input/event1: 0000 0000 00000000
[    1763.044670] /dev/input/event1: 0003 0036 00006a32
[    1763.044670] /dev/input/event1: 0000 0000 00000000
[    1763.057156] /dev/input/event1: 0003 0036 00006a21
[    1763.057156] /dev/input/event1: 0000 0000 00000000
[    1763.061255] /dev/input/event1: 0003 0036 000069cb
[    1763.061255] /dev/input/event1: 0000 0000 00000000
[    1763.073026] /dev/input/event1: 0003 0036 00006987
[    1763.073026] /dev/input/event1: 0000 0000 00000000
[    1763.076461] /dev/input/event1: 0003 0035 00004536
[    1763.076461] /dev/input/event1: 0003 0036 00006932
[    1763.076461] /dev/input/event1: 0000 0000 00000000
[    1763.089268] /dev/input/event1: 0003 0036 000068cb
[    1763.089268] /dev/input/event1: 0000 0000 00000000
[    1763.093231] /dev/input/event1: 0003 0036 00006887
[    1763.093231] /dev/input/event1: 0000 0000 00000000
[    1763.105289] /dev/input/event1: 0003 0036 00006821
[    1763.105289] /dev/input/event1: 0000 0000 00000000
[    1763.108495] /dev/input/event1: 0003 0036 000067ba
[    1763.108495] /dev/input/event1: 0000 0000 00000000
[    1763.121026] /dev/input/event1: 0003 0036 00006732
[    1763.121026] /dev/input/event1: 0000 0000 00000000
[    1763.124724] /dev/input/event1: 0003 0035 00004518
[    1763.124724] /dev/input/event1: 0003 0036 000066cb
[    1763.124724] /dev/input/event1: 0000 0000 00000000
[    1763.137243] /dev/input/event1: 0003 0036 00006654
[    1763.137243] /dev/input/event1: 0000 0000 00000000
[    1763.140802] /dev/input/event1: 0003 0036 000065ee
[    1763.140802] /dev/input/event1: 0000 0000 00000000
[    1763.153704] /dev/input/event1: 0003 0036 00006565
[    1763.153704] /dev/input/event1: 0000 0000 00000000
[    1763.156555] /dev/input/event1: 0003 0036 00006521
[    1763.156555] /dev/input/event1: 0000 0000 00000000
[    1763.168549] /dev/input/event1: 0003 0035 00004536
[    1763.168549] /dev/input/event1: 0003 0036 00006498
[    1763.168549] /dev/input/event1: 0000 0000 00000000
[    1763.173637] /dev/input/event1: 0003 0036 00006454
[    1763.173637] /dev/input/event1: 0000 0000 00000000
[    1763.185631] /dev/input/event1: 0003 0035 00004573
[    1763.185631] /dev/input/event1: 0003 0036 000063ff
[    1763.185631] /dev/input/event1: 0000 0000 00000000
[    1763.188492] /dev/input/event1: 0003 0035 00004591
[    1763.188492] /dev/input/event1: 0003 0036 000063ba
[    1763.188492] /dev/input/event1: 0000 0000 00000000
[    1763.200629] /dev/input/event1: 0003 0036 00006365
[    1763.200629] /dev/input/event1: 0000 0000 00000000
[    1763.205305] /dev/input/event1: 0003 0036 00006321
[    1763.205305] /dev/input/event1: 0000 0000 00000000
[    1763.218599] /dev/input/event1: 0003 0036 000062cc
[    1763.218599] /dev/input/event1: 0000 0000 00000000
[    1763.222268] /dev/input/event1: 0003 0036 00006287
[    1763.222268] /dev/input/event1: 0000 0000 00000000
[    1763.234532] /dev/input/event1: 0003 0036 00006221
[    1763.234532] /dev/input/event1: 0000 0000 00000000
[    1763.238501] /dev/input/event1: 0003 0036 000061cc
[    1763.238501] /dev/input/event1: 0000 0000 00000000
[    1763.251279] /dev/input/event1: 0003 0036 00006187
[    1763.251279] /dev/input/event1: 0000 0000 00000000
[    1763.254328] /dev/input/event1: 0003 0036 00006154
[    1763.254328] /dev/input/event1: 0000 0000 00000000
[    1763.266578] /dev/input/event1: 0003 0036 000060ee
[    1763.266578] /dev/input/event1: 0000 0000 00000000
[    1763.272087] /dev/input/event1: 0003 0036 000060ba
[    1763.272087] /dev/input/event1: 0000 0000 00000000
[    1763.283574] /dev/input/event1: 0003 0036 00006098
[    1763.283574] /dev/input/event1: 0000 0000 00000000
[    1763.286714] /dev/input/event1: 0003 0035 000045ce
[    1763.286714] /dev/input/event1: 0003 0036 00006065
[    1763.286714] /dev/input/event1: 0000 0000 00000000
[    1763.298784] /dev/input/event1: 0003 0036 00006032
[    1763.298784] /dev/input/event1: 0000 0000 00000000
[    1763.303454] /dev/input/event1: 0003 0036 00005fff
[    1763.303454] /dev/input/event1: 0000 0000 00000000
[    1763.314787] /dev/input/event1: 0003 0035 000045ec
[    1763.314787] /dev/input/event1: 0003 0036 00005fba
[    1763.314787] /dev/input/event1: 0000 0000 00000000
[    1763.318808] /dev/input/event1: 0003 0036 00005f65
[    1763.318808] /dev/input/event1: 0000 0000 00000000
[    1763.331243] /dev/input/event1: 0003 0036 00005eff
[    1763.331243] /dev/input/event1: 0000 0000 00000000
[    1763.334761] /dev/input/event1: 0003 0036 00005ecc
[    1763.334761] /dev/input/event1: 0000 0000 00000000
[    1763.346716] /dev/input/event1: 0003 0036 00005e65
[    1763.346716] /dev/input/event1: 0000 0000 00000000
[    1763.350812] /dev/input/event1: 0003 0036 00005e21
[    1763.350812] /dev/input/event1: 0000 0000 00000000
[    1763.362484] /dev/input/event1: 0003 0036 00005d98
[    1763.362484] /dev/input/event1: 0000 0000 00000000
[    1763.366467] /dev/input/event1: 0003 0036 00005d54
[    1763.366467] /dev/input/event1: 0000 0000 00000000
[    1763.378743] /dev/input/event1: 0003 0036 00005cee
[    1763.378743] /dev/input/event1: 0000 0000 00000000
[    1763.382575] /dev/input/event1: 0003 0036 00005cbb
[    1763.382575] /dev/input/event1: 0000 0000 00000000
[    1763.394326] /dev/input/event1: 0003 0036 00005c54
[    1763.394326] /dev/input/event1: 0000 0000 00000000
[    1763.398306] /dev/input/event1: 0003 0036 00005c21
[    1763.398306] /dev/input/event1: 0000 0000 00000000
[    1763.410878] /dev/input/event1: 0003 0036 00005bcc
[    1763.410878] /dev/input/event1: 0000 0000 00000000
[    1763.414352] /dev/input/event1: 0003 0036 00005b87
[    1763.414352] /dev/input/event1: 0000 0000 00000000
[    1763.426563] /dev/input/event1: 0003 0036 00005aff
[    1763.426563] /dev/input/event1: 0000 0000 00000000
[    1763.430505] /dev/input/event1: 0003 0036 00005abb
[    1763.430505] /dev/input/event1: 0000 0000 00000000
[    1763.442364] /dev/input/event1: 0003 0036 00005a32
[    1763.442364] /dev/input/event1: 0000 0000 00000000
[    1763.446751] /dev/input/event1: 0003 0036 000059cc
[    1763.446751] /dev/input/event1: 0000 0000 00000000
[    1763.458706] /dev/input/event1: 0003 0036 00005954
[    1763.458706] /dev/input/event1: 0000 0000 00000000
[    1763.463201] /dev/input/event1: 0003 0036 000058ee
[    1763.463201] /dev/input/event1: 0000 0000 00000000
[    1763.474941] /dev/input/event1: 0003 0036 00005898
[    1763.474941] /dev/input/event1: 0000 0000 00000000
[    1763.478267] /dev/input/event1: 0003 0036 00005832
[    1763.478267] /dev/input/event1: 0000 0000 00000000
[    1763.490587] /dev/input/event1: 0003 0036 000057cc
[    1763.490587] /dev/input/event1: 0000 0000 00000000
[    1763.494531] /dev/input/event1: 0003 0036 00005765
[    1763.494531] /dev/input/event1: 0000 0000 00000000
[    1763.506590] /dev/input/event1: 0003 0036 000056ff
[    1763.506590] /dev/input/event1: 0000 0000 00000000
[    1763.510405] /dev/input/event1: 0003 0036 00005698
[    1763.510405] /dev/input/event1: 0000 0000 00000000
[    1763.522353] /dev/input/event1: 0003 0036 00005621
[    1763.522353] /dev/input/event1: 0000 0000 00000000
[    1763.526284] /dev/input/event1: 0003 0036 000055bb
[    1763.526284] /dev/input/event1: 0000 0000 00000000
[    1763.538474] /dev/input/event1: 0003 0036 00005532
[    1763.538474] /dev/input/event1: 0000 0000 00000000
[    1763.543635] /dev/input/event1: 0003 0036 000054cc
[    1763.543635] /dev/input/event1: 0000 0000 00000000
[    1763.555026] /dev/input/event1: 0003 0036 00005432
[    1763.555026] /dev/input/event1: 0000 0000 00000000
[    1763.558794] /dev/input/event1: 0003 0036 000053bb
[    1763.558794] /dev/input/event1: 0000 0000 00000000
[    1763.571262] /dev/input/event1: 0003 0036 00005321
[    1763.571262] /dev/input/event1: 0000 0000 00000000
[    1763.574268] /dev/input/event1: 0003 0036 00005298
[    1763.574268] /dev/input/event1: 0000 0000 00000000
[    1763.587263] /dev/input/event1: 0003 0036 000051ff
[    1763.587263] /dev/input/event1: 0000 0000 00000000
[    1763.591607] /dev/input/event1: 0003 0036 00005165
[    1763.591607] /dev/input/event1: 0000 0000 00000000
[    1763.602548] /dev/input/event1: 0003 0036 000050cc
[    1763.602548] /dev/input/event1: 0000 0000 00000000
[    1763.607435] /dev/input/event1: 0003 0036 00005032
[    1763.607435] /dev/input/event1: 0000 0000 00000000
[    1763.618704] /dev/input/event1: 0003 0035 000045ce
[    1763.618704] /dev/input/event1: 0003 0036 00004f98
[    1763.618704] /dev/input/event1: 0000 0000 00000000
[    1763.622354] /dev/input/event1: 0003 0036 00004eff
[    1763.622354] /dev/input/event1: 0000 0000 00000000
[    1763.634543] /dev/input/event1: 0003 0035 000045af
[    1763.634543] /dev/input/event1: 0003 0036 00004e65
[    1763.634543] /dev/input/event1: 0000 0000 00000000
[    1763.638562] /dev/input/event1: 0003 0035 00004573
[    1763.638562] /dev/input/event1: 0003 0036 00004dee
[    1763.638562] /dev/input/event1: 0000 0000 00000000
[    1763.652164] /dev/input/event1: 0003 0035 00004554
[    1763.652164] /dev/input/event1: 0003 0036 00004d65
[    1763.652164] /dev/input/event1: 0000 0000 00000000
[    1763.654787] /dev/input/event1: 0003 0035 00004518
[    1763.654787] /dev/input/event1: 0003 0036 00004cee
[    1763.654787] /dev/input/event1: 0000 0000 00000000
[    1763.666385] /dev/input/event1: 0003 0035 000044f9
[    1763.666385] /dev/input/event1: 0003 0036 00004c65
[    1763.666385] /dev/input/event1: 0000 0000 00000000
[    1763.671095] /dev/input/event1: 0003 0035 0000449e
[    1763.671095] /dev/input/event1: 0003 0036 00004bee
[    1763.671095] /dev/input/event1: 0000 0000 00000000
[    1763.682385] /dev/input/event1: 0003 0035 00004443
[    1763.682385] /dev/input/event1: 0003 0036 00004b65
[    1763.682385] /dev/input/event1: 0000 0000 00000000
[    1763.687825] /dev/input/event1: 0003 0035 00004407
[    1763.687825] /dev/input/event1: 0003 0036 00004aee
[    1763.687825] /dev/input/event1: 0000 0000 00000000
[    1763.698386] /dev/input/event1: 0003 0035 000043e8
[    1763.698386] /dev/input/event1: 0003 0036 00004a65
[    1763.698386] /dev/input/event1: 0000 0000 00000000
[    1763.703012] /dev/input/event1: 0003 0035 000043ac
[    1763.703012] /dev/input/event1: 0003 0036 000049ee
[    1763.703012] /dev/input/event1: 0000 0000 00000000
[    1763.714430] /dev/input/event1: 0003 0035 0000438d
[    1763.714430] /dev/input/event1: 0003 0036 00004965
[    1763.714430] /dev/input/event1: 0000 0000 00000000
[    1763.718510] /dev/input/event1: 0003 0035 00004351
[    1763.718510] /dev/input/event1: 0003 0036 000048ff
[    1763.718510] /dev/input/event1: 0000 0000 00000000
[    1763.730664] /dev/input/event1: 0003 0035 00004332
[    1763.730664] /dev/input/event1: 0003 0036 00004887
[    1763.730664] /dev/input/event1: 0000 0000 00000000
[    1763.734612] /dev/input/event1: 0003 0035 000042f5
[    1763.734612] /dev/input/event1: 0003 0036 00004821
[    1763.734612] /dev/input/event1: 0000 0000 00000000
[    1763.746784] /dev/input/event1: 0003 0035 000042d7
[    1763.746784] /dev/input/event1: 0003 0036 000047bb
[    1763.746784] /dev/input/event1: 0000 0000 00000000
[    1763.750621] /dev/input/event1: 0003 0036 00004732
[    1763.750621] /dev/input/event1: 0000 0000 00000000
[    1763.762805] /dev/input/event1: 0003 0036 000046cc
[    1763.762805] /dev/input/event1: 0000 0000 00000000
[    1763.766789] /dev/input/event1: 0003 0036 00004665
[    1763.766789] /dev/input/event1: 0000 0000 00000000
[    1763.778471] /dev/input/event1: 0003 0036 000045ff
[    1763.778471] /dev/input/event1: 0000 0000 00000000
[    1763.782232] /dev/input/event1: 0003 0036 00004599
[    1763.782232] /dev/input/event1: 0000 0000 00000000
[    1763.794630] /dev/input/event1: 0003 0036 00004532
[    1763.794630] /dev/input/event1: 0000 0000 00000000
[    1763.798665] /dev/input/event1: 0003 0036 000044cc
[    1763.798665] /dev/input/event1: 0000 0000 00000000
[    1763.810650] /dev/input/event1: 0003 0036 00004465
[    1763.810650] /dev/input/event1: 0000 0000 00000000
[    1763.814323] /dev/input/event1: 0003 0036 000043ee
[    1763.814323] /dev/input/event1: 0000 0000 00000000
[    1763.826612] /dev/input/event1: 0003 0036 00004388
[    1763.826612] /dev/input/event1: 0000 0000 00000000
[    1763.830644] /dev/input/event1: 0003 0036 000042ff
[    1763.830644] /dev/input/event1: 0000 0000 00000000
[    1763.842678] /dev/input/event1: 0003 0036 00004299
[    1763.842678] /dev/input/event1: 0000 0000 00000000
[    1763.846339] /dev/input/event1: 0003 0036 00004232
[    1763.846339] /dev/input/event1: 0000 0000 00000000
[    1763.858294] /dev/input/event1: 0003 0036 000041cc
[    1763.858294] /dev/input/event1: 0000 0000 00000000
[    1763.863058] /dev/input/event1: 0003 0036 00004165
[    1763.863058] /dev/input/event1: 0000 0000 00000000
[    1763.874478] /dev/input/event1: 0003 0036 000040ff
[    1763.874478] /dev/input/event1: 0000 0000 00000000
[    1763.878637] /dev/input/event1: 0003 0036 00004099
[    1763.878637] /dev/input/event1: 0000 0000 00000000
[    1763.890488] /dev/input/event1: 0003 0036 00004032
[    1763.890488] /dev/input/event1: 0000 0000 00000000
[    1763.894212] /dev/input/event1: 0003 0036 00003fcc
[    1763.894212] /dev/input/event1: 0000 0000 00000000
[    1763.906613] /dev/input/event1: 0003 0036 00003f65
[    1763.906613] /dev/input/event1: 0000 0000 00000000
[    1763.910571] /dev/input/event1: 0003 0036 00003eff
[    1763.910571] /dev/input/event1: 0000 0000 00000000
[    1763.922422] /dev/input/event1: 0003 0036 00003ebb
[    1763.922422] /dev/input/event1: 0000 0000 00000000
[    1763.926153] /dev/input/event1: 0003 0036 00003e54
[    1763.926153] /dev/input/event1: 0000 0000 00000000
[    1763.938542] /dev/input/event1: 0003 0036 00003e21
[    1763.938542] /dev/input/event1: 0000 0000 00000000
[    1763.942281] /dev/input/event1: 0003 0036 00003dee
[    1763.942281] /dev/input/event1: 0000 0000 00000000
[    1763.954945] /dev/input/event1: 0003 0036 00003d99
[    1763.954945] /dev/input/event1: 0000 0000 00000000
[    1763.958281] /dev/input/event1: 0003 0036 00003d32
[    1763.958281] /dev/input/event1: 0000 0000 00000000
[    1763.972469] /dev/input/event1: 0003 0036 00003cff
[    1763.972469] /dev/input/event1: 0000 0000 00000000
[    1763.976068] /dev/input/event1: 0003 0036 00003cbb
[    1763.976068] /dev/input/event1: 0000 0000 00000000
[    1763.986913] /dev/input/event1: 0003 0036 00003c65
[    1763.986913] /dev/input/event1: 0000 0000 00000000
[    1763.990447] /dev/input/event1: 0003 0036 00003c21
[    1763.990447] /dev/input/event1: 0000 0000 00000000
[    1764.002913] /dev/input/event1: 0003 0036 00003bcc
[    1764.002913] /dev/input/event1: 0000 0000 00000000
[    1764.006827] /dev/input/event1: 0003 0036 00003b88
[    1764.006827] /dev/input/event1: 0000 0000 00000000
[    1764.018827] /dev/input/event1: 0003 0036 00003b54
[    1764.018827] /dev/input/event1: 0000 0000 00000000
[    1764.022860] /dev/input/event1: 0003 0036 00003aee
[    1764.022860] /dev/input/event1: 0000 0000 00000000
[    1764.034355] /dev/input/event1: 0003 0036 00003a99
[    1764.034355] /dev/input/event1: 0000 0000 00000000
[    1764.039278] /dev/input/event1: 0003 0036 00003a65
[    1764.039278] /dev/input/event1: 0000 0000 00000000
[    1764.051854] /dev/input/event1: 0003 0036 00003a21
[    1764.051854] /dev/input/event1: 0000 0000 00000000
[    1764.054728] /dev/input/event1: 0003 0036 000039bb
[    1764.054728] /dev/input/event1: 0000 0000 00000000
[    1764.066347] /dev/input/event1: 0003 0036 00003965
[    1764.066347] /dev/input/event1: 0000 0000 00000000
[    1764.070558] /dev/input/event1: 0003 0036 000038ff
[    1764.070558] /dev/input/event1: 0000 0000 00000000
[    1764.082682] /dev/input/event1: 0003 0036 000038bb
[    1764.082682] /dev/input/event1: 0000 0000 00000000
[    1764.087728] /dev/input/event1: 0003 0036 00003854
[    1764.087728] /dev/input/event1: 0000 0000 00000000
[    1764.098426] /dev/input/event1: 0003 0036 000037ff
[    1764.098426] /dev/input/event1: 0000 0000 00000000
[    1764.102396] /dev/input/event1: 0003 0036 00003799
[    1764.102396] /dev/input/event1: 0000 0000 00000000
[    1764.114303] /dev/input/event1: 0003 0036 00003754
[    1764.114303] /dev/input/event1: 0000 0000 00000000
[    1764.118548] /dev/input/event1: 0003 0036 000036ee
[    1764.118548] /dev/input/event1: 0000 0000 00000000
[    1764.131092] /dev/input/event1: 0003 0036 00003688
[    1764.131092] /dev/input/event1: 0000 0000 00000000
[    1764.134385] /dev/input/event1: 0003 0036 00003621
[    1764.134385] /dev/input/event1: 0000 0000 00000000
[    1764.146525] /dev/input/event1: 0003 0036 000035cc
[    1764.146525] /dev/input/event1: 0000 0000 00000000
[    1764.150401] /dev/input/event1: 0003 0036 00003554
[    1764.150401] /dev/input/event1: 0000 0000 00000000
[    1764.162471] /dev/input/event1: 0003 0036 000034ff
[    1764.162471] /dev/input/event1: 0000 0000 00000000
[    1764.167584] /dev/input/event1: 0003 0036 00003499
[    1764.167584] /dev/input/event1: 0000 0000 00000000
[    1764.178875] /dev/input/event1: 0003 0035 000042f5
[    1764.178875] /dev/input/event1: 0003 0036 00003454
[    1764.178875] /dev/input/event1: 0000 0000 00000000
[    1764.182341] /dev/input/event1: 0003 0036 000033ee
[    1764.182341] /dev/input/event1: 0000 0000 00000000
[    1764.194422] /dev/input/event1: 0003 0035 00004314
[    1764.194422] /dev/input/event1: 0003 0036 00003388
[    1764.194422] /dev/input/event1: 0000 0000 00000000
[    1764.198771] /dev/input/event1: 0003 0036 00003321
[    1764.198771] /dev/input/event1: 0000 0000 00000000
[    1764.211243] /dev/input/event1: 0003 0036 000032cc
[    1764.211243] /dev/input/event1: 0000 0000 00000000
[    1764.214237] /dev/input/event1: 0003 0036 00003266
[    1764.214237] /dev/input/event1: 0000 0000 00000000
[    1764.226584] /dev/input/event1: 0003 0035 00004351
[    1764.226584] /dev/input/event1: 0003 0036 00003221
[    1764.226584] /dev/input/event1: 0000 0000 00000000
[    1764.230582] /dev/input/event1: 0003 0036 000031cc
[    1764.230582] /dev/input/event1: 0000 0000 00000000
[    1764.242541] /dev/input/event1: 0003 0035 0000436f
[    1764.242541] /dev/input/event1: 0003 0036 00003188
[    1764.242541] /dev/input/event1: 0000 0000 00000000
[    1764.246258] /dev/input/event1: 0003 0035 000043ac
[    1764.246258] /dev/input/event1: 0003 0036 00003132
[    1764.246258] /dev/input/event1: 0000 0000 00000000
[    1764.258381] /dev/input/event1: 0003 0036 000030ee
[    1764.258381] /dev/input/event1: 0000 0000 00000000
[    1764.262419] /dev/input/event1: 0003 0036 00003088
[    1764.262419] /dev/input/event1: 0000 0000 00000000
[    1764.274488] /dev/input/event1: 0003 0036 00003032
[    1764.274488] /dev/input/event1: 0000 0000 00000000
[    1764.278187] /dev/input/event1: 0003 0036 00002fee
[    1764.278187] /dev/input/event1: 0000 0000 00000000
[    1764.291003] /dev/input/event1: 0003 0035 000043ca
[    1764.291003] /dev/input/event1: 0003 0036 00002f99
[    1764.291003] /dev/input/event1: 0000 0000 00000000
[    1764.296399] /dev/input/event1: 0003 0036 00002f54
[    1764.296399] /dev/input/event1: 0000 0000 00000000
[    1764.306376] /dev/input/event1: 0003 0036 00002f21
[    1764.306376] /dev/input/event1: 0000 0000 00000000
[    1764.310491] /dev/input/event1: 0003 0035 00004407
[    1764.310491] /dev/input/event1: 0003 0036 00002ebb
[    1764.310491] /dev/input/event1: 0000 0000 00000000
[    1764.323577] /dev/input/event1: 0003 0036 00002e66
[    1764.323577] /dev/input/event1: 0000 0000 00000000
[    1764.327606] /dev/input/event1: 0003 0036 00002e21
[    1764.327606] /dev/input/event1: 0000 0000 00000000
[    1764.338450] /dev/input/event1: 0003 0035 00004425
[    1764.338450] /dev/input/event1: 0003 0036 00002dee
[    1764.338450] /dev/input/event1: 0000 0000 00000000
[    1764.342465] /dev/input/event1: 0003 0036 00002d99
[    1764.342465] /dev/input/event1: 0000 0000 00000000
[    1764.354730] /dev/input/event1: 0003 0035 00004462
[    1764.354730] /dev/input/event1: 0003 0036 00002d54
[    1764.354730] /dev/input/event1: 0000 0000 00000000
[    1764.358897] /dev/input/event1: 0003 0036 00002cff
[    1764.358897] /dev/input/event1: 0000 0000 00000000
[    1764.370581] /dev/input/event1: 0003 0035 00004480
[    1764.370581] /dev/input/event1: 0003 0036 00002cbb
[    1764.370581] /dev/input/event1: 0000 0000 00000000
[    1764.374372] /dev/input/event1: 0003 0036 00002c66
[    1764.374372] /dev/input/event1: 0000 0000 00000000
[    1764.387509] /dev/input/event1: 0003 0035 000044bd
[    1764.387509] /dev/input/event1: 0003 0036 00002c21
[    1764.387509] /dev/input/event1: 0000 0000 00000000
[    1764.390761] /dev/input/event1: 0003 0036 00002bee
[    1764.390761] /dev/input/event1: 0000 0000 00000000
[    1764.402356] /dev/input/event1: 0003 0036 00002bbb
[    1764.402356] /dev/input/event1: 0000 0000 00000000
[    1764.406935] /dev/input/event1: 0003 0036 00002b66
[    1764.406935] /dev/input/event1: 0000 0000 00000000
[    1764.418572] /dev/input/event1: 0003 0035 000044db
[    1764.418572] /dev/input/event1: 0003 0036 00002b32
[    1764.418572] /dev/input/event1: 0000 0000 00000000
[    1764.422432] /dev/input/event1: 0003 0036 00002b21
[    1764.422432] /dev/input/event1: 0000 0000 00000000
[    1764.434644] /dev/input/event1: 0003 0036 00002aee
[    1764.434644] /dev/input/event1: 0000 0000 00000000
[    1764.439848] /dev/input/event1: 0003 0035 00004518
[    1764.439848] /dev/input/event1: 0003 0036 00002a99
[    1764.439848] /dev/input/event1: 0000 0000 00000000
[    1764.451187] /dev/input/event1: 0003 0036 00002a88
[    1764.451187] /dev/input/event1: 0000 0000 00000000
[    1764.455033] /dev/input/event1: 0003 0036 00002a55
[    1764.455033] /dev/input/event1: 0000 0000 00000000
[    1764.466698] /dev/input/event1: 0003 0036 00002a21
[    1764.466698] /dev/input/event1: 0000 0000 00000000
[    1764.471194] /dev/input/event1: 0003 0036 000029ee
[    1764.471194] /dev/input/event1: 0000 0000 00000000
[    1764.482550] /dev/input/event1: 0003 0036 000029cc
[    1764.482550] /dev/input/event1: 0000 0000 00000000
[    1764.486669] /dev/input/event1: 0003 0036 00002999
[    1764.486669] /dev/input/event1: 0000 0000 00000000
[    1764.499740] /dev/input/event1: 0003 0036 00002988
[    1764.499740] /dev/input/event1: 0000 0000 00000000
[    1764.503279] /dev/input/event1: 0003 0036 00002955
[    1764.503279] /dev/input/event1: 0000 0000 00000000
[    1764.515084] /dev/input/event1: 0003 0036 00002921
[    1764.515084] /dev/input/event1: 0000 0000 00000000
[    1764.518639] /dev/input/event1: 0003 0036 000028ff
[    1764.518639] /dev/input/event1: 0000 0000 00000000
[    1764.530453] /dev/input/event1: 0003 0036 000028cc
[    1764.530453] /dev/input/event1: 0000 0000 00000000
[    1764.535163] /dev/input/event1: 0003 0036 00002899
[    1764.535163] /dev/input/event1: 0000 0000 00000000
[    1764.547372] /dev/input/event1: 0003 0035 00004536
[    1764.547372] /dev/input/event1: 0003 0036 00002888
[    1764.547372] /dev/input/event1: 0000 0000 00000000
[    1764.550939] /dev/input/event1: 0003 0036 00002855
[    1764.550939] /dev/input/event1: 0000 0000 00000000
[    1764.562359] /dev/input/event1: 0003 0036 00002821
[    1764.562359] /dev/input/event1: 0000 0000 00000000
[    1764.566833] /dev/input/event1: 0003 0036 000027ee
[    1764.566833] /dev/input/event1: 0000 0000 00000000
[    1764.579025] /dev/input/event1: 0003 0036 000027bb
[    1764.579025] /dev/input/event1: 0000 0000 00000000
[    1764.582244] /dev/input/event1: 0003 0036 00002788
[    1764.582244] /dev/input/event1: 0000 0000 00000000
[    1764.594448] /dev/input/event1: 0003 0036 00002721
[    1764.594448] /dev/input/event1: 0000 0000 00000000
[    1764.600817] /dev/input/event1: 0003 0036 000026ee
[    1764.600817] /dev/input/event1: 0000 0000 00000000
[    1764.610398] /dev/input/event1: 0003 0036 00002699
[    1764.610398] /dev/input/event1: 0000 0000 00000000
[    1764.614943] /dev/input/event1: 0003 0036 00002655
[    1764.614943] /dev/input/event1: 0000 0000 00000000
[    1764.626494] /dev/input/event1: 0003 0036 00002621
[    1764.626494] /dev/input/event1: 0000 0000 00000000
[    1764.630435] /dev/input/event1: 0003 0036 000025cc
[    1764.630435] /dev/input/event1: 0000 0000 00000000
[    1764.643111] /dev/input/event1: 0003 0036 00002588
[    1764.643111] /dev/input/event1: 0000 0000 00000000
[    1764.646554] /dev/input/event1: 0003 0036 00002521
[    1764.646554] /dev/input/event1: 0000 0000 00000000
[    1764.659024] /dev/input/event1: 0003 0036 000024ff
[    1764.659024] /dev/input/event1: 0000 0000 00000000
[    1764.663019] /dev/input/event1: 0003 0036 000024ee
[    1764.663019] /dev/input/event1: 0000 0000 00000000
[    1764.674591] /dev/input/event1: 0003 0036 000024cc
[    1764.674591] /dev/input/event1: 0000 0000 00000000
[    1764.690976] /dev/input/event1: 0003 0036 00002499
[    1764.690976] /dev/input/event1: 0000 0000 00000000
[    1764.694490] /dev/input/event1: 0003 0036 00002488
[    1764.694490] /dev/input/event1: 0000 0000 00000000
[    1764.706445] /dev/input/event1: 0003 0036 00002466
[    1764.706445] /dev/input/event1: 0000 0000 00000000
[    1764.711720] /dev/input/event1: 0003 0036 00002432
[    1764.711720] /dev/input/event1: 0000 0000 00000000
[    1764.722366] /dev/input/event1: 0003 0036 000023ff
[    1764.722366] /dev/input/event1: 0000 0000 00000000
[    1764.726145] /dev/input/event1: 0003 0036 000023ee
[    1764.726145] /dev/input/event1: 0000 0000 00000000
[    1764.738655] /dev/input/event1: 0003 0036 000023bb
[    1764.738655] /dev/input/event1: 0000 0000 00000000
[    1764.742897] /dev/input/event1: 0003 0036 00002399
[    1764.742897] /dev/input/event1: 0000 0000 00000000
[    1764.756686] /dev/input/event1: 0003 0036 00002388
[    1764.756686] /dev/input/event1: 0000 0000 00000000
[    1764.760284] /dev/input/event1: 0003 0036 00002355
[    1764.760284] /dev/input/event1: 0000 0000 00000000
[    1764.773248] /dev/input/event1: 0003 0036 000022ff
[    1764.773248] /dev/input/event1: 0000 0000 00000000
[    1764.777652] /dev/input/event1: 0003 0035 00004573
[    1764.777652] /dev/input/event1: 0003 0036 000022ee
[    1764.777652] /dev/input/event1: 0000 0000 00000000
[    1764.788884] /dev/input/event1: 0003 0036 000022bb
[    1764.788884] /dev/input/event1: 0000 0000 00000000
[    1764.792267] /dev/input/event1: 0003 0036 00002288
[    1764.792267] /dev/input/event1: 0000 0000 00000000
[    1764.805521] /dev/input/event1: 0003 0035 00004591
[    1764.805521] /dev/input/event1: 0003 0036 00002232
[    1764.805521] /dev/input/event1: 0000 0000 00000000
[    1764.808385] /dev/input/event1: 0003 0036 000021ee
[    1764.808385] /dev/input/event1: 0000 0000 00000000
[    1764.820467] /dev/input/event1: 0003 0035 000045ce
[    1764.820467] /dev/input/event1: 0003 0036 000021cc
[    1764.820467] /dev/input/event1: 0000 0000 00000000
[    1764.824206] /dev/input/event1: 0003 0036 000021bb
[    1764.824206] /dev/input/event1: 0000 0000 00000000
[    1764.836511] /dev/input/event1: 0003 0035 000045ec
[    1764.836511] /dev/input/event1: 0003 0036 00002166
[    1764.836511] /dev/input/event1: 0000 0000 00000000
[    1764.840456] /dev/input/event1: 0003 0035 00004629
[    1764.840456] /dev/input/event1: 0003 0036 000020ff
[    1764.840456] /dev/input/event1: 0000 0000 00000000
[    1764.852973] /dev/input/event1: 0003 0036 000020bb
[    1764.852973] /dev/input/event1: 0000 0000 00000000
[    1764.857338] /dev/input/event1: 0003 0035 00004647
[    1764.857338] /dev/input/event1: 0003 0036 00002066
[    1764.857338] /dev/input/event1: 0000 0000 00000000
[    1764.868564] /dev/input/event1: 0003 0036 00002032
[    1764.868564] /dev/input/event1: 0000 0000 00000000
[    1764.872686] /dev/input/event1: 0003 0035 00004684
[    1764.872686] /dev/input/event1: 0003 0036 00001fee
[    1764.872686] /dev/input/event1: 0000 0000 00000000
[    1764.884463] /dev/input/event1: 0003 0036 00001f99
[    1764.884463] /dev/input/event1: 0000 0000 00000000
[    1764.888496] /dev/input/event1: 0003 0036 00001f66
[    1764.888496] /dev/input/event1: 0000 0000 00000000
[    1764.901873] /dev/input/event1: 0003 0036 00001f32
[    1764.901873] /dev/input/event1: 0000 0000 00000000
[    1764.904351] /dev/input/event1: 0003 0035 000046a2
[    1764.904351] /dev/input/event1: 0003 0036 00001eff
[    1764.904351] /dev/input/event1: 0000 0000 00000000
[    1764.916403] /dev/input/event1: 0003 0036 00001ecc
[    1764.916403] /dev/input/event1: 0000 0000 00000000
[    1764.921578] /dev/input/event1: 0003 0036 00001e88
[    1764.921578] /dev/input/event1: 0000 0000 00000000
[    1764.933474] /dev/input/event1: 0003 0036 00001e55
[    1764.933474] /dev/input/event1: 0000 0000 00000000
[    1764.936700] /dev/input/event1: 0003 0036 00001e32
[    1764.936700] /dev/input/event1: 0000 0000 00000000
[    1764.948391] /dev/input/event1: 0003 0036 00001dff
[    1764.948391] /dev/input/event1: 0000 0000 00000000
[    1764.953821] /dev/input/event1: 0003 0036 00001dcc
[    1764.953821] /dev/input/event1: 0000 0000 00000000
[    1764.964566] /dev/input/event1: 0003 0035 000046df
[    1764.964566] /dev/input/event1: 0003 0036 00001d99
[    1764.964566] /dev/input/event1: 0000 0000 00000000
[    1764.968616] /dev/input/event1: 0003 0036 00001d88
[    1764.968616] /dev/input/event1: 0000 0000 00000000
[    1764.980425] /dev/input/event1: 0003 0036 00001d55
[    1764.980425] /dev/input/event1: 0000 0000 00000000
[    1764.984316] /dev/input/event1: 0003 0036 00001d32
[    1764.984316] /dev/input/event1: 0000 0000 00000000
[    1764.996404] /dev/input/event1: 0003 0036 00001cff
[    1764.996404] /dev/input/event1: 0000 0000 00000000
[    1765.000360] /dev/input/event1: 0003 0036 00001cee
[    1765.000360] /dev/input/event1: 0000 0000 00000000
[    1765.012447] /dev/input/event1: 0003 0036 00001cbb
[    1765.012447] /dev/input/event1: 0000 0000 00000000
[    1765.016619] /dev/input/event1: 0003 0036 00001c99
[    1765.016619] /dev/input/event1: 0000 0000 00000000
[    1765.029775] /dev/input/event1: 0003 0036 00001c88
[    1765.029775] /dev/input/event1: 0000 0000 00000000
[    1765.032209] /dev/input/event1: 0003 0036 00001c66
[    1765.032209] /dev/input/event1: 0000 0000 00000000
[    1765.045126] /dev/input/event1: 0003 0036 00001c55
[    1765.045126] /dev/input/event1: 0000 0000 00000000
[    1765.060663] /dev/input/event1: 0003 0036 00001c32
[    1765.060663] /dev/input/event1: 0000 0000 00000000
[    1765.092631] /dev/input/event1: 0003 0036 00001c21
[    1765.092631] /dev/input/event1: 0000 0000 00000000
[    1765.141108] /dev/input/event1: 0003 003a 00000000
[    1765.141108] /dev/input/event1: 0003 0039 ffffffff
[    1765.141108] /dev/input/event1: 0000 0000 00000000
[    1766.746063] /dev/input/event1: 0003 0039 00000000
[    1766.746063] /dev/input/event1: 0003 0030 0000019a
[    1766.746063] /dev/input/event1: 0003 003a 00000081
[    1766.746063] /dev/input/event1: 0003 0035 00004758
[    1766.746063] /dev/input/event1: 0003 0036 00006d32
[    1766.746063] /dev/input/event1: 0000 0000 00000000
[    1766.774772] /dev/input/event1: 0003 0035 0000473a
[    1766.774772] /dev/input/event1: 0003 0036 00006d21
[    1766.774772] /dev/input/event1: 0000 0000 00000000
[    1766.778625] /dev/input/event1: 0003 0035 0000471b
[    1766.778625] /dev/input/event1: 0000 0000 00000000
[    1766.790865] /dev/input/event1: 0003 0036 00006cff
[    1766.790865] /dev/input/event1: 0000 0000 00000000
[    1766.794608] /dev/input/event1: 0003 0035 000046df
[    1766.794608] /dev/input/event1: 0003 0036 00006cba
[    1766.794608] /dev/input/event1: 0000 0000 00000000
[    1766.807448] /dev/input/event1: 0003 0036 00006c65
[    1766.807448] /dev/input/event1: 0000 0000 00000000
[    1766.810448] /dev/input/event1: 0003 0036 00006c21
[    1766.810448] /dev/input/event1: 0000 0000 00000000
[    1766.822452] /dev/input/event1: 0003 0036 00006bcb
[    1766.822452] /dev/input/event1: 0000 0000 00000000
[    1766.826531] /dev/input/event1: 0003 0035 000046c0
[    1766.826531] /dev/input/event1: 0003 0036 00006b65
[    1766.826531] /dev/input/event1: 0000 0000 00000000
[    1766.839281] /dev/input/event1: 0003 0036 00006b21
[    1766.839281] /dev/input/event1: 0000 0000 00000000
[    1766.843470] /dev/input/event1: 0003 0035 00004684
[    1766.843470] /dev/input/event1: 0003 0036 00006acb
[    1766.843470] /dev/input/event1: 0000 0000 00000000
[    1766.854456] /dev/input/event1: 0003 0036 00006a87
[    1766.854456] /dev/input/event1: 0000 0000 00000000
[    1766.858563] /dev/input/event1: 0003 0036 00006a21
[    1766.858563] /dev/input/event1: 0000 0000 00000000
[    1766.871392] /dev/input/event1: 0003 0036 000069ee
[    1766.871392] /dev/input/event1: 0000 0000 00000000
[    1766.874343] /dev/input/event1: 0003 0036 00006987
[    1766.874343] /dev/input/event1: 0000 0000 00000000
[    1766.886841] /dev/input/event1: 0003 0036 00006932
[    1766.886841] /dev/input/event1: 0000 0000 00000000
[    1766.890870] /dev/input/event1: 0003 0036 000068cb
[    1766.890870] /dev/input/event1: 0000 0000 00000000
[    1766.902718] /dev/input/event1: 0003 0036 00006898
[    1766.902718] /dev/input/event1: 0000 0000 00000000
[    1766.907409] /dev/input/event1: 0003 0036 00006832
[    1766.907409] /dev/input/event1: 0000 0000 00000000
[    1766.919688] /dev/input/event1: 0003 0036 000067ee
[    1766.919688] /dev/input/event1: 0000 0000 00000000
[    1766.922664] /dev/input/event1: 0003 0036 00006798
[    1766.922664] /dev/input/event1: 0000 0000 00000000
[    1766.934500] /dev/input/event1: 0003 0036 00006754
[    1766.934500] /dev/input/event1: 0000 0000 00000000
[    1766.938401] /dev/input/event1: 0003 0035 000046a2
[    1766.938401] /dev/input/event1: 0003 0036 000066cb
[    1766.938401] /dev/input/event1: 0000 0000 00000000
[    1766.951145] /dev/input/event1: 0003 0036 00006687
[    1766.951145] /dev/input/event1: 0000 0000 00000000
[    1766.956146] /dev/input/event1: 0003 0035 000046df
[    1766.956146] /dev/input/event1: 0003 0036 00006621
[    1766.956146] /dev/input/event1: 0000 0000 00000000
[    1766.966690] /dev/input/event1: 0003 0036 000065cc
[    1766.966690] /dev/input/event1: 0000 0000 00000000
[    1766.970732] /dev/input/event1: 0003 0036 00006565
[    1766.970732] /dev/input/event1: 0000 0000 00000000
[    1766.982599] /dev/input/event1: 0003 0036 00006521
[    1766.982599] /dev/input/event1: 0000 0000 00000000
[    1766.987710] /dev/input/event1: 0003 0036 000064ee
[    1766.987710] /dev/input/event1: 0000 0000 00000000
[    1766.998555] /dev/input/event1: 0003 0035 000046fd
[    1766.998555] /dev/input/event1: 0003 0036 00006498
[    1766.998555] /dev/input/event1: 0000 0000 00000000
[    1767.002602] /dev/input/event1: 0003 0036 00006454
[    1767.002602] /dev/input/event1: 0000 0000 00000000
[    1767.014663] /dev/input/event1: 0003 0036 000063ff
[    1767.014663] /dev/input/event1: 0000 0000 00000000
[    1767.018866] /dev/input/event1: 0003 0036 000063ba
[    1767.018866] /dev/input/event1: 0000 0000 00000000
[    1767.030545] /dev/input/event1: 0003 0036 00006365
[    1767.030545] /dev/input/event1: 0000 0000 00000000
[    1767.034502] /dev/input/event1: 0003 0036 000062ff
[    1767.034502] /dev/input/event1: 0000 0000 00000000
[    1767.046337] /dev/input/event1: 0003 0036 000062ba
[    1767.046337] /dev/input/event1: 0000 0000 00000000
[    1767.050351] /dev/input/event1: 0003 0036 00006265
[    1767.050351] /dev/input/event1: 0000 0000 00000000
[    1767.063378] /dev/input/event1: 0003 0036 000061ff
[    1767.063378] /dev/input/event1: 0000 0000 00000000
[    1767.066360] /dev/input/event1: 0003 0035 000046df
[    1767.066360] /dev/input/event1: 0003 0036 00006198
[    1767.066360] /dev/input/event1: 0000 0000 00000000
[    1767.078514] /dev/input/event1: 0003 0036 00006154
[    1767.078514] /dev/input/event1: 0000 0000 00000000
[    1767.082258] /dev/input/event1: 0003 0036 000060ee
[    1767.082258] /dev/input/event1: 0000 0000 00000000
[    1767.094481] /dev/input/event1: 0003 0036 00006098
[    1767.094481] /dev/input/event1: 0000 0000 00000000
[    1767.098445] /dev/input/event1: 0003 0036 00006032
[    1767.098445] /dev/input/event1: 0000 0000 00000000
[    1767.110710] /dev/input/event1: 0003 0036 00005fee
[    1767.110710] /dev/input/event1: 0000 0000 00000000
[    1767.114348] /dev/input/event1: 0003 0036 00005fba
[    1767.114348] /dev/input/event1: 0000 0000 00000000
[    1767.126506] /dev/input/event1: 0003 0036 00005f65
[    1767.126506] /dev/input/event1: 0000 0000 00000000
[    1767.130622] /dev/input/event1: 0003 0036 00005eff
[    1767.130622] /dev/input/event1: 0000 0000 00000000
[    1767.142574] /dev/input/event1: 0003 0036 00005eba
[    1767.142574] /dev/input/event1: 0000 0000 00000000
[    1767.146469] /dev/input/event1: 0003 0036 00005e65
[    1767.146469] /dev/input/event1: 0000 0000 00000000
[    1767.158403] /dev/input/event1: 0003 0036 00005e21
[    1767.158403] /dev/input/event1: 0000 0000 00000000
[    1767.162931] /dev/input/event1: 0003 0036 00005dbb
[    1767.162931] /dev/input/event1: 0000 0000 00000000
[    1767.174897] /dev/input/event1: 0003 0036 00005d65
[    1767.174897] /dev/input/event1: 0000 0000 00000000
[    1767.178422] /dev/input/event1: 0003 0036 00005d21
[    1767.178422] /dev/input/event1: 0000 0000 00000000
[    1767.190405] /dev/input/event1: 0003 0036 00005cee
[    1767.190405] /dev/input/event1: 0000 0000 00000000
[    1767.194249] /dev/input/event1: 0003 0036 00005c87
[    1767.194249] /dev/input/event1: 0000 0000 00000000
[    1767.206629] /dev/input/event1: 0003 0036 00005c32
[    1767.206629] /dev/input/event1: 0000 0000 00000000
[    1767.210967] /dev/input/event1: 0003 0036 00005bcc
[    1767.210967] /dev/input/event1: 0000 0000 00000000
[    1767.222343] /dev/input/event1: 0003 0035 000046c0
[    1767.222343] /dev/input/event1: 0003 0036 00005b87
[    1767.222343] /dev/input/event1: 0000 0000 00000000
[    1767.226304] /dev/input/event1: 0003 0036 00005b21
[    1767.226304] /dev/input/event1: 0000 0000 00000000
[    1767.238982] /dev/input/event1: 0003 0035 00004684
[    1767.238982] /dev/input/event1: 0003 0036 00005acc
[    1767.238982] /dev/input/event1: 0000 0000 00000000
[    1767.242492] /dev/input/event1: 0003 0036 00005a65
[    1767.242492] /dev/input/event1: 0000 0000 00000000
[    1767.255254] /dev/input/event1: 0003 0035 00004665
[    1767.255254] /dev/input/event1: 0003 0036 000059ff
[    1767.255254] /dev/input/event1: 0000 0000 00000000
[    1767.259764] /dev/input/event1: 0003 0035 00004629
[    1767.259764] /dev/input/event1: 0003 0036 00005987
[    1767.259764] /dev/input/event1: 0000 0000 00000000
[    1767.271252] /dev/input/event1: 0003 0035 0000460a
[    1767.271252] /dev/input/event1: 0003 0036 00005921
[    1767.271252] /dev/input/event1: 0000 0000 00000000
[    1767.275096] /dev/input/event1: 0003 0036 000058cc
[    1767.275096] /dev/input/event1: 0000 0000 00000000
[    1767.286430] /dev/input/event1: 0003 0035 000045ce
[    1767.286430] /dev/input/event1: 0003 0036 00005865
[    1767.286430] /dev/input/event1: 0000 0000 00000000
[    1767.292376] /dev/input/event1: 0003 0036 000057ff
[    1767.292376] /dev/input/event1: 0000 0000 00000000
[    1767.303681] /dev/input/event1: 0003 0036 00005798
[    1767.303681] /dev/input/event1: 0000 0000 00000000
[    1767.306307] /dev/input/event1: 0003 0036 00005732
[    1767.306307] /dev/input/event1: 0000 0000 00000000
[    1767.318674] /dev/input/event1: 0003 0036 000056cc
[    1767.318674] /dev/input/event1: 0000 0000 00000000
[    1767.323584] /dev/input/event1: 0003 0036 00005665
[    1767.323584] /dev/input/event1: 0000 0000 00000000
[    1767.334387] /dev/input/event1: 0003 0036 000055ff
[    1767.334387] /dev/input/event1: 0000 0000 00000000
[    1767.338674] /dev/input/event1: 0003 0036 00005598
[    1767.338674] /dev/input/event1: 0000 0000 00000000
[    1767.351391] /dev/input/event1: 0003 0036 00005532
[    1767.351391] /dev/input/event1: 0000 0000 00000000
[    1767.354274] /dev/input/event1: 0003 0036 000054cc
[    1767.354274] /dev/input/event1: 0000 0000 00000000
[    1767.366405] /dev/input/event1: 0003 0036 00005465
[    1767.366405] /dev/input/event1: 0000 0000 00000000
[    1767.370545] /dev/input/event1: 0003 0036 000053ff
[    1767.370545] /dev/input/event1: 0000 0000 00000000
[    1767.382320] /dev/input/event1: 0003 0036 00005398
[    1767.382320] /dev/input/event1: 0000 0000 00000000
[    1767.389356] /dev/input/event1: 0003 0036 00005332
[    1767.389356] /dev/input/event1: 0000 0000 00000000
[    1767.398353] /dev/input/event1: 0003 0036 000052cc
[    1767.398353] /dev/input/event1: 0000 0000 00000000
[    1767.402521] /dev/input/event1: 0003 0035 000045ec
[    1767.402521] /dev/input/event1: 0003 0036 00005265
[    1767.402521] /dev/input/event1: 0000 0000 00000000
[    1767.414528] /dev/input/event1: 0003 0036 000051ff
[    1767.414528] /dev/input/event1: 0000 0000 00000000
[    1767.419115] /dev/input/event1: 0003 0035 00004629
[    1767.419115] /dev/input/event1: 0003 0036 00005187
[    1767.419115] /dev/input/event1: 0000 0000 00000000
[    1767.430655] /dev/input/event1: 0003 0036 00005121
[    1767.430655] /dev/input/event1: 0000 0000 00000000
[    1767.434223] /dev/input/event1: 0003 0036 00005098
[    1767.434223] /dev/input/event1: 0000 0000 00000000
[    1767.446712] /dev/input/event1: 0003 0035 00004647
[    1767.446712] /dev/input/event1: 0003 0036 00005032
[    1767.446712] /dev/input/event1: 0000 0000 00000000
[    1767.450435] /dev/input/event1: 0003 0036 00004fbb
[    1767.450435] /dev/input/event1: 0000 0000 00000000
[    1767.462754] /dev/input/event1: 0003 0035 00004684
[    1767.462754] /dev/input/event1: 0003 0036 00004f54
[    1767.462754] /dev/input/event1: 0000 0000 00000000
[    1767.466236] /dev/input/event1: 0003 0036 00004eee
[    1767.466236] /dev/input/event1: 0000 0000 00000000
[    1767.479464] /dev/input/event1: 0003 0035 000046a2
[    1767.479464] /dev/input/event1: 0003 0036 00004e65
[    1767.479464] /dev/input/event1: 0000 0000 00000000
[    1767.483777] /dev/input/event1: 0003 0036 00004dee
[    1767.483777] /dev/input/event1: 0000 0000 00000000
[    1767.494631] /dev/input/event1: 0003 0036 00004d87
[    1767.494631] /dev/input/event1: 0000 0000 00000000
[    1767.498430] /dev/input/event1: 0003 0036 00004cff
[    1767.498430] /dev/input/event1: 0000 0000 00000000
[    1767.510601] /dev/input/event1: 0003 0036 00004c99
[    1767.510601] /dev/input/event1: 0000 0000 00000000
[    1767.514350] /dev/input/event1: 0003 0035 000046df
[    1767.514350] /dev/input/event1: 0003 0036 00004c32
[    1767.514350] /dev/input/event1: 0000 0000 00000000
[    1767.526364] /dev/input/event1: 0003 0036 00004bcc
[    1767.526364] /dev/input/event1: 0000 0000 00000000
[    1767.530424] /dev/input/event1: 0003 0036 00004b54
[    1767.530424] /dev/input/event1: 0000 0000 00000000
[    1767.542757] /dev/input/event1: 0003 0035 000046fd
[    1767.542757] /dev/input/event1: 0003 0036 00004aee
[    1767.542757] /dev/input/event1: 0000 0000 00000000
[    1767.547404] /dev/input/event1: 0003 0036 00004a65
[    1767.547404] /dev/input/event1: 0000 0000 00000000
[    1767.558457] /dev/input/event1: 0003 0036 000049ff
[    1767.558457] /dev/input/event1: 0000 0000 00000000
[    1767.562321] /dev/input/event1: 0003 0035 0000473a
[    1767.562321] /dev/input/event1: 0003 0036 00004999
[    1767.562321] /dev/input/event1: 0000 0000 00000000
[    1767.574676] /dev/input/event1: 0003 0036 00004932
[    1767.574676] /dev/input/event1: 0000 0000 00000000
[    1767.578502] /dev/input/event1: 0003 0035 00004758
[    1767.578502] /dev/input/event1: 0003 0036 000048bb
[    1767.578502] /dev/input/event1: 0000 0000 00000000
[    1767.590555] /dev/input/event1: 0003 0036 00004854
[    1767.590555] /dev/input/event1: 0000 0000 00000000
[    1767.594316] /dev/input/event1: 0003 0036 000047ee
[    1767.594316] /dev/input/event1: 0000 0000 00000000
[    1767.607728] /dev/input/event1: 0003 0035 00004795
[    1767.607728] /dev/input/event1: 0003 0036 00004787
[    1767.607728] /dev/input/event1: 0000 0000 00000000
[    1767.611884] /dev/input/event1: 0003 0036 00004721
[    1767.611884] /dev/input/event1: 0000 0000 00000000
[    1767.623311] /dev/input/event1: 0003 0036 000046bb
[    1767.623311] /dev/input/event1: 0000 0000 00000000
[    1767.626246] /dev/input/event1: 0003 0036 00004654
[    1767.626246] /dev/input/event1: 0000 0000 00000000
[    1767.638468] /dev/input/event1: 0003 0036 000045ff
[    1767.638468] /dev/input/event1: 0000 0000 00000000
[    1767.642752] /dev/input/event1: 0003 0036 00004599
[    1767.642752] /dev/input/event1: 0000 0000 00000000
[    1767.654498] /dev/input/event1: 0003 0035 000047b3
[    1767.654498] /dev/input/event1: 0003 0036 00004554
[    1767.654498] /dev/input/event1: 0000 0000 00000000
[    1767.658443] /dev/input/event1: 0003 0036 000044ee
[    1767.658443] /dev/input/event1: 0000 0000 00000000
[    1767.671223] /dev/input/event1: 0003 0036 00004499
[    1767.671223] /dev/input/event1: 0000 0000 00000000
[    1767.674789] /dev/input/event1: 0003 0036 00004432
[    1767.674789] /dev/input/event1: 0000 0000 00000000
[    1767.686355] /dev/input/event1: 0003 0036 000043cc
[    1767.686355] /dev/input/event1: 0000 0000 00000000
[    1767.690424] /dev/input/event1: 0003 0036 00004388
[    1767.690424] /dev/input/event1: 0000 0000 00000000
[    1767.702494] /dev/input/event1: 0003 0036 00004321
[    1767.702494] /dev/input/event1: 0000 0000 00000000
[    1767.706314] /dev/input/event1: 0003 0036 000042bb
[    1767.706314] /dev/input/event1: 0000 0000 00000000
[    1767.718900] /dev/input/event1: 0003 0036 00004254
[    1767.718900] /dev/input/event1: 0000 0000 00000000
[    1767.722750] /dev/input/event1: 0003 0036 000041ee
[    1767.722750] /dev/input/event1: 0000 0000 00000000
[    1767.735670] /dev/input/event1: 0003 0036 00004199
[    1767.735670] /dev/input/event1: 0000 0000 00000000
[    1767.738462] /dev/input/event1: 0003 0035 000047f0
[    1767.738462] /dev/input/event1: 0003 0036 00004154
[    1767.738462] /dev/input/event1: 0000 0000 00000000
[    1767.750664] /dev/input/event1: 0003 0036 000040ff
[    1767.750664] /dev/input/event1: 0000 0000 00000000
[    1767.755717] /dev/input/event1: 0003 0036 000040bb
[    1767.755717] /dev/input/event1: 0000 0000 00000000
[    1767.768443] /dev/input/event1: 0003 0036 00004088
[    1767.768443] /dev/input/event1: 0000 0000 00000000
[    1767.772391] /dev/input/event1: 0003 0035 0000480e
[    1767.772391] /dev/input/event1: 0003 0036 00004021
[    1767.772391] /dev/input/event1: 0000 0000 00000000
[    1767.782629] /dev/input/event1: 0003 0036 00003fcc
[    1767.782629] /dev/input/event1: 0000 0000 00000000
[    1767.788115] /dev/input/event1: 0003 0036 00003f65
[    1767.788115] /dev/input/event1: 0000 0000 00000000
[    1767.800713] /dev/input/event1: 0003 0036 00003f21
[    1767.800713] /dev/input/event1: 0000 0000 00000000
[    1767.804539] /dev/input/event1: 0003 0036 00003ebb
[    1767.804539] /dev/input/event1: 0000 0000 00000000
[    1767.817829] /dev/input/event1: 0003 0036 00003e65
[    1767.817829] /dev/input/event1: 0000 0000 00000000
[    1767.821440] /dev/input/event1: 0003 0036 00003dff
[    1767.821440] /dev/input/event1: 0000 0000 00000000
[    1767.832770] /dev/input/event1: 0003 0036 00003dbb
[    1767.832770] /dev/input/event1: 0000 0000 00000000
[    1767.836772] /dev/input/event1: 0003 0036 00003d54
[    1767.836772] /dev/input/event1: 0000 0000 00000000
[    1767.848323] /dev/input/event1: 0003 0036 00003cff
[    1767.848323] /dev/input/event1: 0000 0000 00000000
[    1767.852399] /dev/input/event1: 0003 0036 00003c99
[    1767.852399] /dev/input/event1: 0000 0000 00000000
[    1767.866716] /dev/input/event1: 0003 0036 00003c65
[    1767.866716] /dev/input/event1: 0000 0000 00000000
[    1767.868710] /dev/input/event1: 0003 0036 00003bff
[    1767.868710] /dev/input/event1: 0000 0000 00000000
[    1767.880395] /dev/input/event1: 0003 0036 00003bcc
[    1767.880395] /dev/input/event1: 0000 0000 00000000
[    1767.884401] /dev/input/event1: 0003 0036 00003b99
[    1767.884401] /dev/input/event1: 0000 0000 00000000
[    1767.896401] /dev/input/event1: 0003 0036 00003b88
[    1767.896401] /dev/input/event1: 0000 0000 00000000
[    1767.900701] /dev/input/event1: 0003 0036 00003b32
[    1767.900701] /dev/input/event1: 0000 0000 00000000
[    1767.912664] /dev/input/event1: 0003 0036 00003aff
[    1767.912664] /dev/input/event1: 0000 0000 00000000
[    1767.916326] /dev/input/event1: 0003 0035 0000484b
[    1767.916326] /dev/input/event1: 0003 0036 00003acc
[    1767.916326] /dev/input/event1: 0000 0000 00000000
[    1767.928696] /dev/input/event1: 0003 0036 00003a88
[    1767.928696] /dev/input/event1: 0000 0000 00000000
[    1767.932807] /dev/input/event1: 0003 0036 00003a32
[    1767.932807] /dev/input/event1: 0000 0000 00000000
[    1767.944733] /dev/input/event1: 0003 0035 00004869
[    1767.944733] /dev/input/event1: 0003 0036 000039ff
[    1767.944733] /dev/input/event1: 0000 0000 00000000
[    1767.949653] /dev/input/event1: 0003 0036 000039bb
[    1767.949653] /dev/input/event1: 0000 0000 00000000
[    1767.960469] /dev/input/event1: 0003 0035 000048a6
[    1767.960469] /dev/input/event1: 0003 0036 00003988
[    1767.960469] /dev/input/event1: 0000 0000 00000000
[    1767.964463] /dev/input/event1: 0003 0036 00003932
[    1767.964463] /dev/input/event1: 0000 0000 00000000
[    1767.977079] /dev/input/event1: 0003 0036 00003921
[    1767.977079] /dev/input/event1: 0000 0000 00000000
[    1767.981300] /dev/input/event1: 0003 0035 000048c4
[    1767.981300] /dev/input/event1: 0003 0036 000038ff
[    1767.981300] /dev/input/event1: 0000 0000 00000000
[    1767.993681] /dev/input/event1: 0003 0036 000038cc
[    1767.993681] /dev/input/event1: 0000 0000 00000000
[    1767.996274] /dev/input/event1: 0003 0035 00004901
[    1767.996274] /dev/input/event1: 0003 0036 00003888
[    1767.996274] /dev/input/event1: 0000 0000 00000000
[    1768.008488] /dev/input/event1: 0003 0036 00003854
[    1768.008488] /dev/input/event1: 0000 0000 00000000
[    1768.012629] /dev/input/event1: 0003 0036 00003821
[    1768.012629] /dev/input/event1: 0000 0000 00000000
[    1768.024387] /dev/input/event1: 0003 0036 000037ff
[    1768.024387] /dev/input/event1: 0000 0000 00000000
[    1768.028486] /dev/input/event1: 0003 0035 0000491f
[    1768.028486] /dev/input/event1: 0003 0036 000037cc
[    1768.028486] /dev/input/event1: 0000 0000 00000000
[    1768.040520] /dev/input/event1: 0003 0036 000037bb
[    1768.040520] /dev/input/event1: 0000 0000 00000000
[    1768.044373] /dev/input/event1: 0003 0035 0000495c
[    1768.044373] /dev/input/event1: 0003 0036 00003765
[    1768.044373] /dev/input/event1: 0000 0000 00000000
[    1768.056543] /dev/input/event1: 0003 0035 0000497a
[    1768.056543] /dev/input/event1: 0003 0036 00003732
[    1768.056543] /dev/input/event1: 0000 0000 00000000
[    1768.061234] /dev/input/event1: 0003 0036 000036ff
[    1768.061234] /dev/input/event1: 0000 0000 00000000
[    1768.072491] /dev/input/event1: 0003 0035 000049b7
[    1768.072491] /dev/input/event1: 0003 0036 000036bb
[    1768.072491] /dev/input/event1: 0000 0000 00000000
[    1768.076444] /dev/input/event1: 0003 0036 00003688
[    1768.076444] /dev/input/event1: 0000 0000 00000000
[    1768.088576] /dev/input/event1: 0003 0035 000049d5
[    1768.088576] /dev/input/event1: 0003 0036 00003632
[    1768.088576] /dev/input/event1: 0000 0000 00000000
[    1768.092890] /dev/input/event1: 0003 0036 000035ee
[    1768.092890] /dev/input/event1: 0000 0000 00000000
[    1768.104488] /dev/input/event1: 0003 0035 00004a12
[    1768.104488] /dev/input/event1: 0003 0036 000035bb
[    1768.104488] /dev/input/event1: 0000 0000 00000000
[    1768.108208] /dev/input/event1: 0003 0035 00004a30
[    1768.108208] /dev/input/event1: 0003 0036 00003588
[    1768.108208] /dev/input/event1: 0000 0000 00000000
[    1768.122223] /dev/input/event1: 0003 0035 00004a6d
[    1768.122223] /dev/input/event1: 0003 0036 00003554
[    1768.122223] /dev/input/event1: 0000 0000 00000000
[    1768.124639] /dev/input/event1: 0003 0036 000034ff
[    1768.124639] /dev/input/event1: 0000 0000 00000000
[    1768.136564] /dev/input/event1: 0003 0036 000034ee
[    1768.136564] /dev/input/event1: 0000 0000 00000000
[    1768.140330] /dev/input/event1: 0003 0035 00004a8b
[    1768.140330] /dev/input/event1: 0003 0036 000034bb
[    1768.140330] /dev/input/event1: 0000 0000 00000000
[    1768.153994] /dev/input/event1: 0003 0036 00003499
[    1768.153994] /dev/input/event1: 0000 0000 00000000
[    1768.157188] /dev/input/event1: 0003 0036 00003488
[    1768.157188] /dev/input/event1: 0000 0000 00000000
[    1768.170194] /dev/input/event1: 0003 0036 00003465
[    1768.170194] /dev/input/event1: 0000 0000 00000000
[    1768.172350] /dev/input/event1: 0003 0036 00003454
[    1768.172350] /dev/input/event1: 0000 0000 00000000
[    1768.200389] /dev/input/event1: 0003 0036 00003432
[    1768.200389] /dev/input/event1: 0000 0000 00000000
[    1768.248378] /dev/input/event1: 0003 0036 00003421
[    1768.248378] /dev/input/event1: 0000 0000 00000000
[    1768.313414] /dev/input/event1: 0003 003a 00000000
[    1768.313414] /dev/input/event1: 0003 0039 ffffffff
[    1768.313414] /dev/input/event1: 0000 0000 00000000
[    1769.605015] /dev/input/event1: 0003 0039 00000000
[    1769.605015] /dev/input/event1: 0003 0030 0000019b
[    1769.605015] /dev/input/event1: 0003 003a 00000081
[    1769.605015] /dev/input/event1: 0003 0035 00004e74
[    1769.605015] /dev/input/event1: 0003 0036 00005bcc
[    1769.605015] /dev/input/event1: 0000 0000 00000000
[    1769.651536] /dev/input/event1: 0003 003a 00000000
[    1769.651536] /dev/input/event1: 0003 0039 ffffffff
[    1769.651536] /dev/input/event1: 0000 0000 00000000
[    1771.495229] /dev/input/event1: 0003 0039 00000000
[    1771.495229] /dev/input/event1: 0003 0030 0000019c
[    1771.495229] /dev/input/event1: 0003 003a 00000081
[    1771.495229] /dev/input/event1: 0003 0035 000045af
[    1771.495229] /dev/input/event1: 0003 0036 000066a9
[    1771.495229] /dev/input/event1: 0000 0000 00000000
[    1771.572726] /dev/input/event1: 0003 003a 00000000
[    1771.572726] /dev/input/event1: 0003 0039 ffffffff
[    1771.572726] /dev/input/event1: 0000 0000 00000000
[    1773.877667] /dev/input/event1: 0003 0039 00000000
[    1773.877667] /dev/input/event1: 0003 0030 0000019d
[    1773.877667] /dev/input/event1: 0003 003a 00000081
[    1773.877667] /dev/input/event1: 0003 0035 00005665
[    1773.877667] /dev/input/event1: 0003 0036 000017bb
[    1773.877667] /dev/input/event1: 0000 0000 00000000
[    1775.234915] /dev/input/event1: 0003 003a 00000000
[    1775.234915] /dev/input/event1: 0003 0039 ffffffff
[    1775.234915] /dev/input/event1: 0000 0000 00000000
[    1776.134741] /dev/input/event1: 0003 0039 00000000
[    1776.134741] /dev/input/event1: 0003 0030 0000019e
[    1776.134741] /dev/input/event1: 0003 003a 00000081
[    1776.134741] /dev/input/event1: 0003 0035 00005554