add device 1: /dev/input/event0
  name:     "Power Button"
add device 2: /dev/input/event1
  name:     "qwerty2"
[  245876.101385] /dev/input/event1: 0003 0039 00000000
[  245876.101385] /dev/input/event1: 0003 0030 0000032c
[  245876.101385] /dev/input/event1: 0003 003a 00000081
[  245876.101385] /dev/input/event1: 0003 0035 00005461
[  245876.101385] /dev/input/event1: 0003 0036 00001821
[  245876.101385] /dev/input/event1: 0000 0000 00000000
[  245876.221771] /dev/input/event1: 0003 003a 00000000
[  245876.221771] /dev/input/event1: 0003 0039 ffffffff
[  245876.221771] /dev/input/event1: 0000 0000 00000000
[  245877.171842] /dev/input/event1: 0003 0039 00000000
[  245877.171842] /dev/input/event1: 0003 0030 0000032d
[  245877.171842] /dev/input/event1: 0003 003a 00000081
[  245877.171842] /dev/input/event1: 0000 0000 00000000
[  245877.315755] /dev/input/event1: 0003 003a 00000000
[  245877.315755] /dev/input/event1: 0003 0039 ffffffff
[  245877.315755] /dev/input/event1: 0000 0000 00000000
[  245879.297802] /dev/input/event1: 0003 0039 00000000
[  245879.297802] /dev/input/event1: 0003 0030 0000032e
[  245879.297802] /dev/input/event1: 0003 003a 00000081
[  245879.297802] /dev/input/event1: 0003 0035 00006461
[  245879.297802] /dev/input/event1: 0003 0036 000017bb
[  245879.297802] /dev/input/event1: 0000 0000 00000000
[  245879.407541] /dev/input/event1: 0003 003a 00000000
[  245879.407541] /dev/input/event1: 0003 0039 ffffffff
[  245879.407541] /dev/input/event1: 0000 0000 00000000
[  245880.143687] /dev/input/event1: 0003 0039 00000000
[  245880.143687] /dev/input/event1: 0003 0030 0000032f
[  245880.143687] /dev/input/event1: 0003 003a 00000081
[  245880.143687] /dev/input/event1: 0000 0000 00000000
[  245880.271641] /dev/input/event1: 0003 003a 00000000
[  245880.271641] /dev/input/event1: 0003 0039 ffffffff
[  245880.271641] /dev/input/event1: 0000 0000 00000000
[  245882.059852] /dev/input/event1: 0003 0039 00000000
[  245882.059852] /dev/input/event1: 0003 0030 00000330
[  245882.059852] /dev/input/event1: 0003 003a 00000081
[  245882.059852] /dev/input/event1: 0003 0035 000026c1
[  245882.059852] /dev/input/event1: 0003 0036 00001888
[  245882.059852] /dev/input/event1: 0000 0000 00000000
[  245882.172210] /dev/input/event1: 0003 003a 00000000
[  245882.172210] /dev/input/event1: 0003 0039 ffffffff
[  245882.172210] /dev/input/event1: 0000 0000 00000000
[  245883.943558] /dev/input/event1: 0003 0039 00000000
[  245883.943558] /dev/input/event1: 0003 0030 00000331
[  245883.943558] /dev/input/event1: 0003 003a 00000081
[  245883.943558] /dev/input/event1: 0003 0035 00001b9d
[  245883.943558] /dev/input/event1: 0003 0036 00001877
[  245883.943558] /dev/input/event1: 0000 0000 00000000
[  245884.085555] /dev/input/event1: 0003 003a 00000000
[  245884.085555] /dev/input/event1: 0003 0039 ffffffff
[  245884.085555] /dev/input/event1: 0000 0000 00000000
[  245886.187964] /dev/input/event1: 0003 0039 00000000
[  245886.187964] /dev/input/event1: 0003 0030 00000332
[  245886.187964] /dev/input/event1: 0003 003a 00000081
[  245886.187964] /dev/input/event1: 0003 0035 00004221
[  245886.187964] /dev/input/event1: 0003 0036 000018ee
[  245886.187964] /dev/input/event1: 0000 0000 00000000
[  245886.281512] /dev/input/event1: 0003 003a 00000000
[  245886.281512] /dev/input/event1: 0003 0039 ffffffff
[  245886.281512] /dev/input/event1: 0000 0000 00000000
[  245887.861731] /dev/input/event1: 0003 0039 00000000
[  245887.861731] /dev/input/event1: 0003 0030 00000333
[  245887.861731] /dev/input/event1: 0003 003a 00000081
[  245887.861731] /dev/input/event1: 0003 0035 00003a6d
[  245887.861731] /dev/input/event1: 0003 0036 00003d54
[  245887.861731] /dev/input/event1: 0000 0000 00000000
[  245887.942037] /dev/input/event1: 0003 003a 00000000
[  245887.942037] /dev/input/event1: 0003 0039 ffffffff
[  245887.942037] /dev/input/event1: 0000 0000 00000000
[  245889.255650] /dev/input/event1: 0003 0039 00000000
[  245889.255650] /dev/input/event1: 0003 0030 00000334
[  245889.255650] /dev/input/event1: 0003 003a 00000081
[  245889.255650] /dev/input/event1: 0003 0035 000036a2
[  245889.255650] /dev/input/event1: 0003 0036 00004f98
[  245889.255650] /dev/input/event1: 0000 0000 00000000
[  245889.349663] /dev/input/event1: 0003 003a 00000000
[  245889.349663] /dev/input/event1: 0003 0039 ffffffff
[  245889.349663] /dev/input/event1: 0000 0000 00000000
[  245890.233630] /dev/input/event1: 0003 0039 00000000
[  245890.233630] /dev/input/event1: 0003 0030 00000335
[  245890.233630] /dev/input/event1: 0003 003a 00000081
[  245890.233630] /dev/input/event1: 0003 0035 0000103c
[  245890.233630] /dev/input/event1: 0003 0036 00007087
[  245890.233630] /dev/input/event1: 0000 0000 00000000
[  245890.295985] /dev/input/event1: 0003 003a 00000000
[  245890.295985] /dev/input/event1: 0003 0039 ffffffff
[  245890.295985] /dev/input/event1: 0000 0000 00000000
[  245891.033504] /dev/input/event1: 0003 0039 00000000
[  245891.033504] /dev/input/event1: 0003 0030 00000336
[  245891.033504] /dev/input/event1: 0003 003a 00000081
[  245891.033504] /dev/input/event1: 0003 0035 00003777
[  245891.033504] /dev/input/event1: 0003 0036 00006743
[  245891.033504] /dev/input/event1: 0000 0000 00000000
[  245891.127654] /dev/input/event1: 0003 003a 00000000
[  245891.127654] /dev/input/event1: 0003 0039 ffffffff
[  245891.127654] /dev/input/event1: 0000 0000 00000000
[  245892.186116] /dev/input/event1: 0003 0039 00000000
[  245892.186116] /dev/input/event1: 0003 0030 00000337
[  245892.186116] /dev/input/event1: 0003 003a 00000081
[  245892.186116] /dev/input/event1: 0003 0035 00003a12
[  245892.186116] /dev/input/event1: 0003 0036 000033aa
[  245892.186116] /dev/input/event1: 0000 0000 00000000
[  245892.249606] /dev/input/event1: 0003 003a 00000000
[  245892.249606] /dev/input/event1: 0003 0039 ffffffff
[  245892.249606] /dev/input/event1: 0000 0000 00000000
[  245893.837579] /dev/input/event1: 0003 0039 00000000
[  245893.837579] /dev/input/event1: 0003 0030 00000338
[  245893.837579] /dev/input/event1: 0003 003a 00000081
[  245893.837579] /dev/input/event1: 0003 0035 00003a4f
[  245893.837579] /dev/input/event1: 0003 0036 00002310
[  245893.837579] /dev/input/event1: 0000 0000 00000000
[  245893.931693] /dev/input/event1: 0003 003a 00000000
[  245893.931693] /dev/input/event1: 0003 0039 ffffffff
[  245893.931693] /dev/input/event1: 0000 0000 00000000
[  245898.653733] /dev/input/event1: 0003 0039 00000000
[  245898.653733] /dev/input/event1: 0003 0030 00000339
[  245898.653733] /dev/input/event1: 0003 003a 00000081
[  245898.653733] /dev/input/event1: 0003 0035 00002f49
[  245898.653733] /dev/input/event1: 0003 0036 00002aee
[  245898.653733] /dev/input/event1: 0000 0000 00000000
[  245899.933476] /dev/input/event1: 0003 003a 00000000
[  245899.933476] /dev/input/event1: 0003 0039 ffffffff
[  245899.933476] /dev/input/event1: 0000 0000 00000000
[  245902.242197] /dev/input/event1: 0003 0039 00000000
[  245902.242197] /dev/input/event1: 0003 0030 0000033a
[  245902.242197] /dev/input/event1: 0003 003a 00000081
[  245902.242197] /dev/input/event1: 0003 0035 00003eb1
[  245902.242197] /dev/input/event1: 0003 0036 00001a55
[  245902.242197] /dev/input/event1: 0000 0000 00000000
[  245902.351560] /dev/input/event1: 0003 003a 00000000
[  245902.351560] /dev/input/event1: 0003 0039 ffffffff
[  245902.351560] /dev/input/event1: 0000 0000 00000000
[  245905.112089] /dev/input/event1: 0003 0039 00000000
[  245905.112089] /dev/input/event1: 0003 0030 0000033b
[  245905.112089] /dev/input/event1: 0003 003a 00000081
[  245905.112089] /dev/input/event1: 0003 0035 0000771b
[  245905.112089] /dev/input/event1: 0003 0036 00007a54
[  245905.112089] /dev/input/event1: 0000 0000 00000000
[  245905.189654] /dev/input/event1: 0003 003a 00000000
[  245905.189654] /dev/input/event1: 0003 0039 ffffffff
[  245905.189654] /dev/input/event1: 0000 0000 00000000
[  245907.098277] /dev/input/event1: 0003 0039 00000000
[  245907.098277] /dev/input/event1: 0003 0030 0000033c
[  245907.098277] /dev/input/event1: 0003 003a 00000081
[  245907.098277] /dev/input/event1: 0003 0035 0000197b
[  245907.098277] /dev/input/event1: 0003 0036 00000b44
[  245907.098277] /dev/input/event1: 0000 0000 00000000
[  245907.223550] /dev/input/event1: 0003 003a 00000000
[  245907.223550] /dev/input/event1: 0003 0039 ffffffff
[  245907.223550] /dev/input/event1: 0000 0000 00000000
[  245909.102748] /dev/input/event1: 0003 0039 00000000
[  245909.102748] /dev/input/event1: 0003 0030 0000033d
[  245909.102748] /dev/input/event1: 0003 003a 00000081
[  245909.102748] /dev/input/event1: 0003 0035 00001eee
[  245909.102748] /dev/input/event1: 0003 0036 00007bba
[  245909.102748] /dev/input/event1: 0000 0000 00000000
[  245909.195696] /dev/input/event1: 0003 003a 00000000
[  245909.195696] /dev/input/event1: 0003 0039 ffffffff
[  245909.195696] /dev/input/event1: 0000 0000 00000000
[  245911.987575] /dev/input/event1: 0003 0039 00000000
[  245911.987575] /dev/input/event1: 0003 0030 0000033e
[  245911.987575] /dev/input/event1: 0003 003a 00000081
[  245911.987575] /dev/input/event1: 0003 0035 000045af
[  245911.987575] /dev/input/event1: 0003 0036 00002c21
[  245911.987575] /dev/input/event1: 0000 0000 00000000
[  245913.289544] /dev/input/event1: 0003 003a 00000000
[  245913.289544] /dev/input/event1: 0003 0039 ffffffff
[  245913.289544] /dev/input/event1: 0000 0000 00000000
[  245914.194295] /dev/input/event1: 0003 0039 00000000
[  245914.194295] /dev/input/event1: 0003 0030 0000033f
[  245914.194295] /dev/input/event1: 0003 003a 00000081
[  245914.194295] /dev/input/event1: 0003 0035 000045ce
[  245914.194295] /dev/input/event1: 0003 0036 000025dd
[  245914.194295] /dev/input/event1: 0000 0000 00000000
[  245914.305873] /dev/input/event1: 0003 003a 00000000
[  245914.305873] /dev/input/event1: 0003 0039 ffffffff
[  245914.305873] /dev/input/event1: 0000 0000 00000000
[  245916.865412] /dev/input/event1: 0003 0039 00000000
[  245916.865412] /dev/input/event1: 0003 0030 00000340
[  245916.865412] /dev/input/event1: 0003 003a 00000081
[  245916.865412] /dev/input/event1: 0003 0035 000079b6
[  245916.865412] /dev/input/event1: 0003 0036 00007b21
[  245916.865412] /dev/input/event1: 0000 0000 00000000
[  245916.973632] /dev/input/event1: 0003 003a 00000000
[  245916.973632] /dev/input/event1: 0003 0039 ffffffff
[  245916.973632] /dev/input/event1: 0000 0000 00000000
[  245919.813556] /dev/input/event1: 0003 0039 00000000
[  245919.813556] /dev/input/event1: 0003 0030 00000341
[  245919.813556] /dev/input/event1: 0003 003a 00000081
[  245919.813556] /dev/input/event1: 0003 0035 00001fff
[  245919.813556] /dev/input/event1: 0003 0036 00006743
[  245919.813556] /dev/input/event1: 0000 0000 00000000
[  245919.907515] /dev/input/event1: 0003 003a 00000000
[  245919.907515] /dev/input/event1: 0003 0039 ffffffff
[  245919.907515] /dev/input/event1: 0000 0000 00000000
[  245922.522374] /dev/input/event1: 0003 0039 00000000
[  245922.522374] /dev/input/event1: 0003 0030 00000342
[  245922.522374] /dev/input/event1: 0003 003a 00000081
[  245922.522374] /dev/input/event1: 0003 0035 00003901
[  245922.522374] /dev/input/event1: 0003 0036 00001f55
[  245922.522374] /dev/input/event1: 0000 0000 00000000
[  245922.599681] /dev/input/event1: 0003 003a 00000000
[  245922.599681] /dev/input/event1: 0003 0039 ffffffff
[  245922.599681] /dev/input/event1: 0000 0000 00000000
[  245924.202487] /dev/input/event1: 0003 0039 00000000
[  245924.202487] /dev/input/event1: 0003 0030 00000343
[  245924.202487] /dev/input/event1: 0003 003a 00000081
[  245924.202487] /dev/input/event1: 0003 0035 000037d2
[  245924.202487] /dev/input/event1: 0003 0036 000046ee
[  245924.202487] /dev/input/event1: 0000 0000 00000000
[  245924.298477] /dev/input/event1: 0003 003a 00000000
[  245924.298477] /dev/input/event1: 0003 0039 ffffffff
[  245924.298477] /dev/input/event1: 0000 0000 00000000
[  245925.969051] /dev/input/event1: 0003 0039 00000000
[  245925.969051] /dev/input/event1: 0003 0030 00000344
[  245925.969051] /dev/input/event1: 0003 003a 00000081
[  245925.969051] /dev/input/event1: 0003 0035 000036a2
[  245925.969051] /dev/input/event1: 0003 0036 00005165
[  245925.969051] /dev/input/event1: 0000 0000 00000000
[  245926.061414] /dev/input/event1: 0003 003a 00000000
[  245926.061414] /dev/input/event1: 0003 0039 ffffffff
[  245926.061414] /dev/input/event1: 0000 0000 00000000
[  245927.039874] /dev/input/event1: 0003 0039 00000000
[  245927.039874] /dev/input/event1: 0003 0030 00000345
[  245927.039874] /dev/input/event1: 0003 003a 00000081
[  245927.039874] /dev/input/event1: 0003 0035 00005332
[  245927.039874] /dev/input/event1: 0003 0036 00005110
[  245927.039874] /dev/input/event1: 0000 0000 00000000
[  245927.117458] /dev/input/event1: 0003 003a 00000000
[  245927.117458] /dev/input/event1: 0003 0039 ffffffff
[  245927.117458] /dev/input/event1: 0000 0000 00000000
[  245927.969659] /dev/input/event1: 0003 0039 00000000
[  245927.969659] /dev/input/event1: 0003 0030 00000346
[  245927.969659] /dev/input/event1: 0003 003a 00000081
[  245927.969659] /dev/input/event1: 0003 0035 000040f2
[  245927.969659] /dev/input/event1: 0003 0036 000033aa
[  245927.969659] /dev/input/event1: 0000 0000 00000000
[  245928.063448] /dev/input/event1: 0003 003a 00000000
[  245928.063448] /dev/input/event1: 0003 0039 ffffffff
[  245928.063448] /dev/input/event1: 0000 0000 00000000
[  245929.731729] /dev/input/event1: 0003 0039 00000000
[  245929.731729] /dev/input/event1: 0003 0030 00000347
[  245929.731729] /dev/input/event1: 0003 003a 00000081
[  245929.731729] /dev/input/event1: 0003 0035 00003240
[  245929.731729] /dev/input/event1: 0003 0036 00006521
[  245929.731729] /dev/input/event1: 0000 0000 00000000
[  245929.795042] /dev/input/event1: 0003 003a 00000000
[  245929.795042] /dev/input/event1: 0003 0039 ffffffff
[  245929.795042] /dev/input/event1: 0000 0000 00000000
[  245930.822086] /dev/input/event1: 0003 0039 00000000
[  245930.822086] /dev/input/event1: 0003 0030 00000348
[  245930.822086] /dev/input/event1: 0003 003a 00000081
[  245930.822086] /dev/input/event1: 0003 0035 00006a30
[  245930.822086] /dev/input/event1: 0003 0036 00005154
[  245930.822086] /dev/input/event1: 0000 0000 00000000
[  245930.883501] /dev/input/event1: 0003 003a 00000000
[  245930.883501] /dev/input/event1: 0003 0039 ffffffff
[  245930.883501] /dev/input/event1: 0000 0000 00000000
[  245931.670225] /dev/input/event1: 0003 0039 00000000
[  245931.670225] /dev/input/event1: 0003 0030 00000349
[  245931.670225] /dev/input/event1: 0003 003a 00000081
[  245931.670225] /dev/input/event1: 0003 0035 00006647
[  245931.670225] /dev/input/event1: 0003 0036 000066cb
[  245931.670225] /dev/input/event1: 0000 0000 00000000
[  245931.779480] /dev/input/event1: 0003 003a 00000000
[  245931.779480] /dev/input/event1: 0003 0039 ffffffff
[  245931.779480] /dev/input/event1: 0000 0000 00000000
[  245932.573994] /dev/input/event1: 0003 0039 00000000
[  245932.573994] /dev/input/event1: 0003 0030 0000034a
[  245932.573994] /dev/input/event1: 0003 003a 00000081
[  245932.573994] /dev/input/event1: 0000 0000 00000000
[  245932.654651] /dev/input/event1: 0003 003a 00000000
[  245932.654651] /dev/input/event1: 0003 0039 ffffffff
[  245932.654651] /dev/input/event1: 0000 0000 00000000
[  245934.081712] /dev/input/event1: 0003 0039 00000000
[  245934.081712] /dev/input/event1: 0003 0030 0000034b
[  245934.081712] /dev/input/event1: 0003 003a 00000081
[  245934.081712] /dev/input/event1: 0003 0035 00001d82
[  245934.081712] /dev/input/event1: 0003 0036 00004f98
[  245934.081712] /dev/input/event1: 0000 0000 00000000
[  245934.175519] /dev/input/event1: 0003 003a 00000000
[  245934.175519] /dev/input/event1: 0003 0039 ffffffff
[  245934.175519] /dev/input/event1: 0000 0000 00000000
[  245935.188130] /dev/input/event1: 0003 0039 00000000
[  245935.188130] /dev/input/event1: 0003 0030 0000034c
[  245935.188130] /dev/input/event1: 0003 003a 00000081
[  245935.188130] /dev/input/event1: 0003 0035 000056c0
[  245935.188130] /dev/input/event1: 0003 0036 00006776
[  245935.188130] /dev/input/event1: 0000 0000 00000000
[  245935.250816] /dev/input/event1: 0003 003a 00000000
[  245935.250816] /dev/input/event1: 0003 0039 ffffffff
[  245935.250816] /dev/input/event1: 0000 0000 00000000
[  245935.987741] /dev/input/event1: 0003 0039 00000000
[  245935.987741] /dev/input/event1: 0003 0030 0000034d
[  245935.987741] /dev/input/event1: 0003 003a 00000081
[  245935.987741] /dev/input/event1: 0003 0035 0000382d
[  245935.987741] /dev/input/event1: 0003 0036 000052aa
[  245935.987741] /dev/input/event1: 0000 0000 00000000
[  245936.049376] /dev/input/event1: 0003 003a 00000000
[  245936.049376] /dev/input/event1: 0003 0039 ffffffff
[  245936.049376] /dev/input/event1: 0000 0000 00000000
[  245939.476549] /dev/input/event1: 0003 0039 00000000
[  245939.476549] /dev/input/event1: 0003 0030 0000034e
[  245939.476549] /dev/input/event1: 0003 003a 00000081
[  245939.476549] /dev/input/event1: 0003 0035 000042f5
[  245939.476549] /dev/input/event1: 0003 0036 00001610
[  245939.476549] /dev/input/event1: 0000 0000 00000000
[  245939.585465] /dev/input/event1: 0003 003a 00000000
[  245939.585465] /dev/input/event1: 0003 0039 ffffffff
[  245939.585465] /dev/input/event1: 0000 0000 00000000
[  245941.629712] /dev/input/event1: 0003 0039 00000000
[  245941.629712] /dev/input/event1: 0003 0030 0000034f
[  245941.629712] /dev/input/event1: 0003 003a 00000081
[  245941.629712] /dev/input/event1: 0003 0035 000040d3
[  245941.629712] /dev/input/event1: 0003 0036 00004054
[  245941.629712] /dev/input/event1: 0000 0000 00000000
[  245941.723479] /dev/input/event1: 0003 003a 00000000
[  245941.723479] /dev/input/event1: 0003 0039 ffffffff
[  245941.723479] /dev/input/event1: 0000 0000 00000000
[  245943.567789] /dev/input/event1: 0003 0039 00000000
[  245943.567789] /dev/input/event1: 0003 0030 00000350
[  245943.567789] /dev/input/event1: 0003 003a 00000081
[  245943.567789] /dev/input/event1: 0003 0035 00002ed0
[  245943.567789] /dev/input/event1: 0003 0036 000063ba
[  245943.567789] /dev/input/event1: 0000 0000 00000000
[  245943.679635] /dev/input/event1: 0003 003a 00000000
[  245943.679635] /dev/input/event1: 0003 0039 ffffffff
[  245943.679635] /dev/input/event1: 0000 0000 00000000
[  245945.379577] /dev/input/event1: 0003 0039 00000000
[  245945.379577] /dev/input/event1: 0003 0030 00000351
[  245945.379577] /dev/input/event1: 0003 003a 00000081
[  245945.379577] /dev/input/event1: 0003 0035 00002fff
[  245945.379577] /dev/input/event1: 0003 0036 000015aa
[  245945.379577] /dev/input/event1: 0000 0000 00000000
[  245945.473437] /dev/input/event1: 0003 003a 00000000
[  245945.473437] /dev/input/event1: 0003 0039 ffffffff
[  245945.473437] /dev/input/event1: 0000 0000 00000000
[  245947.294783] /dev/input/event1: 0003 0039 00000000
[  245947.294783] /dev/input/event1: 0003 0030 00000352
[  245947.294783] /dev/input/event1: 0003 003a 00000081
[  245947.294783] /dev/input/event1: 0003 0035 00003097
[  245947.294783] /dev/input/event1: 0003 0036 00003eaa
[  245947.294783] /dev/input/event1: 0000 0000 00000000
[  245947.403465] /dev/input/event1: 0003 003a 00000000
[  245947.403465] /dev/input/event1: 0003 0039 ffffffff
[  245947.403465] /dev/input/event1: 0000 0000 00000000
[  245949.554237] /dev/input/event1: 0003 0039 00000000
[  245949.554237] /dev/input/event1: 0003 0030 00000353
[  245949.554237] /dev/input/event1: 0003 003a 00000081
[  245949.554237] /dev/input/event1: 0003 0035 000027b3
[  245949.554237] /dev/input/event1: 0003 0036 00004aaa
[  245949.554237] /dev/input/event1: 0000 0000 00000000
[  245949.647545] /dev/input/event1: 0003 003a 00000000
[  245949.647545] /dev/input/event1: 0003 0039 ffffffff
[  245949.647545] /dev/input/event1: 0000 0000 00000000
[  245950.978036] /dev/input/event1: 0003 0039 00000000
[  245950.978036] /dev/input/event1: 0003 0030 00000354
[  245950.978036] /dev/input/event1: 0003 003a 00000081
[  245950.978036] /dev/input/event1: 0003 0035 000028a6
[  245950.978036] /dev/input/event1: 0003 0036 00005b98
[  245950.978036] /dev/input/event1: 0000 0000 00000000
[  245951.023943] /dev/input/event1: 0003 003a 00000000
[  245951.023943] /dev/input/event1: 0003 0039 ffffffff
[  245951.023943] /dev/input/event1: 0000 0000 00000000
[  245953.462098] /dev/input/event1: 0003 0039 00000000
[  245953.462098] /dev/input/event1: 0003 0030 00000355
[  245953.462098] /dev/input/event1: 0003 003a 00000081
[  245953.462098] /dev/input/event1: 0003 0035 0000460a
[  245953.462098] /dev/input/event1: 0003 0036 000038ff
[  245953.462098] /dev/input/event1: 0000 0000 00000000
[  245953.556147] /dev/input/event1: 0003 003a 00000000
[  245953.556147] /dev/input/event1: 0003 0039 ffffffff
[  245953.556147] /dev/input/event1: 0000 0000 00000000
[  245956.699152] /dev/input/event1: 0003 0039 00000000
[  245956.699152] /dev/input/event1: 0003 0030 00000356
[  245956.699152] /dev/input/event1: 0003 003a 00000081
[  245956.699152] /dev/input/event1: 0003 0035 00004097
[  245956.699152] /dev/input/event1: 0003 0036 00001877
[  245956.699152] /dev/input/event1: 0000 0000 00000000
[  245956.825369] /dev/input/event1: 0003 003a 00000000
[  245956.825369] /dev/input/event1: 0003 0039 ffffffff
[  245956.825369] /dev/input/event1: 0000 0000 00000000
[  245958.221302] /dev/input/event1: 0003 0039 00000000
[  245958.221302] /dev/input/event1: 0003 0030 00000357
[  245958.221302] /dev/input/event1: 0003 003a 00000081
[  245958.221302] /dev/input/event1: 0003 0035 00003e93
[  245958.221302] /dev/input/event1: 0003 0036 00003eff
[  245958.221302] /dev/input/event1: 0000 0000 00000000
[  245958.333690] /dev/input/event1: 0003 003a 00000000
[  245958.333690] /dev/input/event1: 0003 0039 ffffffff
[  245958.333690] /dev/input/event1: 0000 0000 00000000
[  245959.575446] /dev/input/event1: 0003 0039 00000000
[  245959.575446] /dev/input/event1: 0003 0030 00000358
[  245959.575446] /dev/input/event1: 0003 003a 00000081
[  245959.575446] /dev/input/event1: 0003 0035 000035af
[  245959.575446] /dev/input/event1: 0003 0036 00004fee
[  245959.575446] /dev/input/event1: 0000 0000 00000000
[  245959.701510] /dev/input/event1: 0003 003a 00000000
[  245959.701510] /dev/input/event1: 0003 0039 ffffffff
[  245959.701510] /dev/input/event1: 0000 0000 00000000
[  245960.586803] /dev/input/event1: 0003 0039 00000000
[  245960.586803] /dev/input/event1: 0003 0030 00000359
[  245960.586803] /dev/input/event1: 0003 003a 00000081
[  245960.586803] /dev/input/event1: 0003 0035 00003554
[  245960.586803] /dev/input/event1: 0003 0036 00005b21
[  245960.586803] /dev/input/event1: 0000 0000 00000000
[  245960.679520] /dev/input/event1: 0003 003a 00000000
[  245960.679520] /dev/input/event1: 0003 0039 ffffffff
[  245960.679520] /dev/input/event1: 0000 0000 00000000
[  245961.563173] /dev/input/event1: 0003 0039 00000000
[  245961.563173] /dev/input/event1: 0003 0030 0000035a
[  245961.563173] /dev/input/event1: 0003 003a 00000081
[  245961.563173] /dev/input/event1: 0003 0035 000036a2
[  245961.563173] /dev/input/event1: 0003 0036 00003377
[  245961.563173] /dev/input/event1: 0000 0000 00000000
[  245961.641381] /dev/input/event1: 0003 003a 00000000
[  245961.641381] /dev/input/event1: 0003 0039 ffffffff
[  245961.641381] /dev/input/event1: 0000 0000 00000000
[  245964.472058] /dev/input/event1: 0003 0039 00000000
[  245964.472058] /dev/input/event1: 0003 0030 0000035b
[  245964.472058] /dev/input/event1: 0003 003a 00000081
[  245964.472058] /dev/input/event1: 0003 0035 00003888
[  245964.472058] /dev/input/event1: 0003 0036 000022dd
[  245964.472058] /dev/input/event1: 0000 0000 00000000
[  245964.600902] /dev/input/event1: 0003 003a 00000000
[  245964.600902] /dev/input/event1: 0003 0039 ffffffff
[  245964.600902] /dev/input/event1: 0000 0000 00000000
[  245968.247520] /dev/input/event1: 0003 0039 00000000
[  245968.247520] /dev/input/event1: 0003 0030 0000035c
[  245968.247520] /dev/input/event1: 0003 003a 00000081
[  245968.247520] /dev/input/event1: 0003 0035 000034f9
[  245968.247520] /dev/input/event1: 0003 0036 00002bee
[  245968.247520] /dev/input/event1: 0000 0000 00000000
[  245969.559376] /dev/input/event1: 0003 003a 00000000
[  245969.559376] /dev/input/event1: 0003 0039 ffffffff
[  245969.559376] /dev/input/event1: 0000 0000 00000000
[  245970.300485] /dev/input/event1: 0003 0039 00000000
[  245970.300485] /dev/input/event1: 0003 0030 0000035d
[  245970.300485] /dev/input/event1: 0003 003a 00000081
[  245970.300485] /dev/input/event1: 0003 0035 00003ac8
[  245970.300485] /dev/input/event1: 0003 0036 00001955
[  245970.300485] /dev/input/event1: 0000 0000 00000000
[  245970.407824] /dev/input/event1: 0003 003a 00000000
[  245970.407824] /dev/input/event1: 0003 0039 ffffffff
[  245970.407824] /dev/input/event1: 0000 0000 00000000
[  245972.141511] /dev/input/event1: 0003 0039 00000000
[  245972.141511] /dev/input/event1: 0003 0030 0000035e
[  245972.141511] /dev/input/event1: 0003 003a 00000081
[  245972.141511] /dev/input/event1: 0003 0035 0000203c
[  245972.141511] /dev/input/event1: 0003 0036 00000dee
[  245972.141511] /dev/input/event1: 0000 0000 00000000
[  245972.299643] /dev/input/event1: 0003 003a 00000000
[  245972.299643] /dev/input/event1: 0003 0039 ffffffff
[  245972.299643] /dev/input/event1: 0000 0000 00000000
[  245976.213767] /dev/input/event1: 0003 0039 00000000
[  245976.213767] /dev/input/event1: 0003 0030 0000035f
[  245976.213767] /dev/input/event1: 0003 003a 00000081
[  245976.213767] /dev/input/event1: 0003 0035 00007517
[  245976.213767] /dev/input/event1: 0003 0036 00007a98
[  245976.213767] /dev/input/event1: 0000 0000 00000000
[  245976.276138] /dev/input/event1: 0003 003a 00000000
[  245976.276138] /dev/input/event1: 0003 0039 ffffffff
[  245976.276138] /dev/input/event1: 0000 0000 00000000
[  245980.259989] /dev/input/event1: 0003 0039 00000000
[  245980.259989] /dev/input/event1: 0003 0030 00000360
[  245980.259989] /dev/input/event1: 0003 003a 00000081
[  245980.259989] /dev/input/event1: 0003 0035 0000416b
[  245980.259989] /dev/input/event1: 0003 0036 000067a9
[  245980.259989] /dev/input/event1: 0000 0000 00000000
[  245980.353512] /dev/input/event1: 0003 003a 00000000
[  245980.353512] /dev/input/event1: 0003 0039 ffffffff
[  245980.353512] /dev/input/event1: 0000 0000 00000000
[  245981.916592] /dev/input/event1: 0003 0039 00000000
[  245981.916592] /dev/input/event1: 0003 0030 00000361
[  245981.916592] /dev/input/event1: 0003 003a 00000081
[  245981.916592] /dev/input/event1: 0003 0035 0000512e
[  245981.916592] /dev/input/event1: 0003 0036 000042bb
[  245981.916592] /dev/input/event1: 0000 0000 00000000
[  245982.011548] /dev/input/event1: 0003 003a 00000000
[  245982.011548] /dev/input/event1: 0003 0039 ffffffff
[  245982.011548] /dev/input/event1: 0000 0000 00000000
[  245985.043716] /dev/input/event1: 0003 0039 00000000
[  245985.043716] /dev/input/event1: 0003 0030 00000362
[  245985.043716] /dev/input/event1: 0003 003a 00000081
[  245985.043716] /dev/input/event1: 0003 0035 00007776
[  245985.043716] /dev/input/event1: 0003 0036 00007bed
[  245985.043716] /dev/input/event1: 0000 0000 00000000
[  245985.154086] /dev/input/event1: 0003 003a 00000000
[  245985.154086] /dev/input/event1: 0003 0039 ffffffff
[  245985.154086] /dev/input/event1: 0000 0000 00000000
[  245988.706746] /dev/input/event1: 0003 0039 00000000
[  245988.706746] /dev/input/event1: 0003 0030 00000363
[  245988.706746] /dev/input/event1: 0003 003a 00000081
[  245988.706746] /dev/input/event1: 0003 0035 00001f2b
[  245988.706746] /dev/input/event1: 0003 0036 000071ff
[  245988.706746] /dev/input/event1: 0000 0000 00000000
[  245988.831304] /dev/input/event1: 0003 003a 00000000
[  245988.831304] /dev/input/event1: 0003 0039 ffffffff
[  245988.831304] /dev/input/event1: 0000 0000 00000000
[  245992.263654] /dev/input/event1: 0003 0039 00000000
[  245992.263654] /dev/input/event1: 0003 0030 00000364
[  245992.263654] /dev/input/event1: 0003 003a 00000081
[  245992.263654] /dev/input/event1: 0003 0035 000076c0
[  245992.263654] /dev/input/event1: 0003 0036 00007c21
[  245992.263654] /dev/input/event1: 0000 0000 00000000
[  245992.374257] /dev/input/event1: 0003 003a 00000000
[  245992.374257] /dev/input/event1: 0003 0039 ffffffff
[  245992.374257] /dev/input/event1: 0000 0000 00000000
[  245994.507439] /dev/input/event1: 0003 0039 00000000
[  245994.507439] /dev/input/event1: 0003 0030 00000365
[  245994.507439] /dev/input/event1: 0003 003a 00000081
[  245994.507439] /dev/input/event1: 0003 0035 000040f2
[  245994.507439] /dev/input/event1: 0003 0036 00007421
[  245994.507439] /dev/input/event1: 0000 0000 00000000
[  245994.617293] /dev/input/event1: 0003 003a 00000000
[  245994.617293] /dev/input/event1: 0003 0039 ffffffff
[  245994.617293] /dev/input/event1: 0000 0000 00000000
[  245996.886619] /dev/input/event1: 0003 0039 00000000
[  245996.886619] /dev/input/event1: 0003 0030 00000366
[  245996.886619] /dev/input/event1: 0003 003a 00000081
[  245996.886619] /dev/input/event1: 0003 0035 0000760a
[  245996.886619] /dev/input/event1: 0003 0036 00007d54
[  245996.886619] /dev/input/event1: 0000 0000 00000000
[  245997.013440] /dev/input/event1: 0003 003a 00000000
[  245997.013440] /dev/input/event1: 0003 0039 ffffffff
[  245997.013440] /dev/input/event1: 0000 0000 00000000
[  245999.595262] /dev/input/event1: 0003 0039 00000000
[  245999.595262] /dev/input/event1: 0003 0030 00000367
[  245999.595262] /dev/input/event1: 0003 003a 00000081
[  245999.595262] /dev/input/event1: 0003 0035 00006a4e
[  245999.595262] /dev/input/event1: 0003 0036 00007054
[  245999.595262] /dev/input/event1: 0000 0000 00000000
[  245999.673302] /dev/input/event1: 0003 003a 00000000
[  245999.673302] /dev/input/event1: 0003 0039 ffffffff
[  245999.673302] /dev/input/event1: 0000 0000 00000000
[  246002.655727] /dev/input/event1: 0003 0039 00000000
[  246002.655727] /dev/input/event1: 0003 0030 00000368
[  246002.655727] /dev/input/event1: 0003 003a 00000081
[  246002.655727] /dev/input/event1: 0003 0035 000036c0
[  246002.655727] /dev/input/event1: 0003 0036 00006bdd
[  246002.655727] /dev/input/event1: 0000 0000 00000000
[  246002.781576] /dev/input/event1: 0003 003a 00000000
[  246002.781576] /dev/input/event1: 0003 0039 ffffffff
[  246002.781576] /dev/input/event1: 0000 0000 00000000
[  246006.294016] /dev/input/event1: 0003 0039 00000000
[  246006.294016] /dev/input/event1: 0003 0030 00000369
[  246006.294016] /dev/input/event1: 0003 003a 00000081
[  246006.294016] /dev/input/event1: 0003 0035 00004fc2
[  246006.294016] /dev/input/event1: 0003 0036 000041bb
[  246006.294016] /dev/input/event1: 0000 0000 00000000
[  246006.403336] /dev/input/event1: 0003 003a 00000000
[  246006.403336] /dev/input/event1: 0003 0039 ffffffff
[  246006.403336] /dev/input/event1: 0000 0000 00000000
[  246008.385693] /dev/input/event1: 0003 0039 00000000
[  246008.385693] /dev/input/event1: 0003 0030 0000036a
[  246008.385693] /dev/input/event1: 0003 003a 00000081
[  246008.385693] /dev/input/event1: 0003 0035 00003e75
[  246008.385693] /dev/input/event1: 0003 0036 00000daa
[  246008.385693] /dev/input/event1: 0000 0000 00000000
[  246008.480395] /dev/input/event1: 0003 003a 00000000
[  246008.480395] /dev/input/event1: 0003 0039 ffffffff
[  246008.480395] /dev/input/event1: 0000 0000 00000000
[  246011.053199] /dev/input/event1: 0003 0039 00000000
[  246011.053199] /dev/input/event1: 0003 0030 0000036b
[  246011.053199] /dev/input/event1: 0003 003a 00000081
[  246011.053199] /dev/input/event1: 0003 0035 00003d45
[  246011.053199] /dev/input/event1: 0003 0036 00005ddd
[  246011.053199] /dev/input/event1: 0000 0000 00000000
[  246011.147334] /dev/input/event1: 0003 003a 00000000
[  246011.147334] /dev/input/event1: 0003 0039 ffffffff
[  246011.147334] /dev/input/event1: 0000 0000 00000000
[  246012.790481] /dev/input/event1: 0003 0039 00000000
[  246012.790481] /dev/input/event1: 0003 0030 0000036c
[  246012.790481] /dev/input/event1: 0003 003a 00000081
[  246012.790481] /dev/input/event1: 0003 0035 00003518
[  246012.790481] /dev/input/event1: 0003 0036 00003a88
[  246012.790481] /dev/input/event1: 0000 0000 00000000
[  246012.869299] /dev/input/event1: 0003 003a 00000000
[  246012.869299] /dev/input/event1: 0003 0039 ffffffff
[  246012.869299] /dev/input/event1: 0000 0000 00000000
[  246014.971398] /dev/input/event1: 0003 0039 00000000
[  246014.971398] /dev/input/event1: 0003 0030 0000036d
[  246014.971398] /dev/input/event1: 0003 003a 00000081
[  246014.971398] /dev/input/event1: 0003 0035 0000312f
[  246014.971398] /dev/input/event1: 0003 0036 00004f43
[  246014.971398] /dev/input/event1: 0000 0000 00000000
[  246015.081388] /dev/input/event1: 0003 003a 00000000
[  246015.081388] /dev/input/event1: 0003 0039 ffffffff
[  246015.081388] /dev/input/event1: 0000 0000 00000000
[  246015.965622] /dev/input/event1: 0003 0039 00000000
[  246015.965622] /dev/input/event1: 0003 0030 0000036e
[  246015.965622] /dev/input/event1: 0003 003a 00000081
[  246015.965622] /dev/input/event1: 0003 0035 00001555
[  246015.965622] /dev/input/event1: 0003 0036 00007121
[  246015.965622] /dev/input/event1: 0000 0000 00000000
[  246016.009171] /dev/input/event1: 0003 0035 00001573
[  246016.009171] /dev/input/event1: 0000 0000 00000000
[  246016.057328] /dev/input/event1: 0003 003a 00000000
[  246016.057328] /dev/input/event1: 0003 0039 ffffffff
[  246016.057328] /dev/input/event1: 0000 0000 00000000
[  246016.958474] /dev/input/event1: 0003 0039 00000000
[  246016.958474] /dev/input/event1: 0003 0030 0000036f
[  246016.958474] /dev/input/event1: 0003 003a 00000081
[  246016.958474] /dev/input/event1: 0003 0035 000034f9
[  246016.958474] /dev/input/event1: 0003 0036 00005cee
[  246016.958474] /dev/input/event1: 0000 0000 00000000
[  246017.035440] /dev/input/event1: 0003 003a 00000000
[  246017.035440] /dev/input/event1: 0003 0039 ffffffff
[  246017.035440] /dev/input/event1: 0000 0000 00000000
[  246018.239405] /dev/input/event1: 0003 0039 00000000
[  246018.239405] /dev/input/event1: 0003 0030 00000370
[  246018.239405] /dev/input/event1: 0003 003a 00000081
[  246018.239405] /dev/input/event1: 0003 0035 000032b9
[  246018.239405] /dev/input/event1: 0003 0036 00002a55
[  246018.239405] /dev/input/event1: 0000 0000 00000000
[  246018.317292] /dev/input/event1: 0003 003a 00000000
[  246018.317292] /dev/input/event1: 0003 0039 ffffffff
[  246018.317292] /dev/input/event1: 0000 0000 00000000
[  246019.961072] /dev/input/event1: 0003 0039 00000000
[  246019.961072] /dev/input/event1: 0003 0030 00000371
[  246019.961072] /dev/input/event1: 0003 003a 00000081
[  246019.961072] /dev/input/event1: 0003 0035 00003462
[  246019.961072] /dev/input/event1: 0003 0036 00005287
[  246019.961072] /dev/input/event1: 0000 0000 00000000
[  246020.071608] /dev/input/event1: 0003 003a 00000000
[  246020.071608] /dev/input/event1: 0003 0039 ffffffff
[  246020.071608] /dev/input/event1: 0000 0000 00000000
[  246021.107359] /dev/input/event1: 0003 0039 00000000
[  246021.107359] /dev/input/event1: 0003 0030 00000372
[  246021.107359] /dev/input/event1: 0003 003a 00000081
[  246021.107359] /dev/input/event1: 0003 0035 000053ab
[  246021.107359] /dev/input/event1: 0003 0036 00005abb
[  246021.107359] /dev/input/event1: 0000 0000 00000000
[  246021.201423] /dev/input/event1: 0003 003a 00000000
[  246021.201423] /dev/input/event1: 0003 0039 ffffffff
[  246021.201423] /dev/input/event1: 0000 0000 00000000
[  246022.542182] /dev/input/event1: 0003 0039 00000000
[  246022.542182] /dev/input/event1: 0003 0030 00000373
[  246022.542182] /dev/input/event1: 0003 003a 00000081
[  246022.542182] /dev/input/event1: 0003 0035 00004573
[  246022.542182] /dev/input/event1: 0003 0036 00002faa
[  246022.542182] /dev/input/event1: 0000 0000 00000000
[  246022.635807] /dev/input/event1: 0003 003a 00000000
[  246022.635807] /dev/input/event1: 0003 0039 ffffffff
[  246022.635807] /dev/input/event1: 0000 0000 00000000
[  246025.553702] /dev/input/event1: 0003 0039 00000000
[  246025.553702] /dev/input/event1: 0003 0030 00000374
[  246025.553702] /dev/input/event1: 0003 003a 00000081
[  246025.553702] /dev/input/event1: 0003 0035 00001fff
[  246025.553702] /dev/input/event1: 0003 0036 00007adc
[  246025.553702] /dev/input/event1: 0000 0000 00000000
[  246025.633476] /dev/input/event1: 0003 003a 00000000
[  246025.633476] /dev/input/event1: 0003 0039 ffffffff
[  246025.633476] /dev/input/event1: 0000 0000 00000000
[  246027.358054] /dev/input/event1: 0003 0039 00000000
[  246027.358054] /dev/input/event1: 0003 0030 00000375
[  246027.358054] /dev/input/event1: 0003 003a 00000081
[  246027.358054] /dev/input/event1: 0003 0035 00001e1a
[  246027.358054] /dev/input/event1: 0003 0036 00007bcb
[  246027.358054] /dev/input/event1: 0000 0000 00000000
[  246027.435899] /dev/input/event1: 0003 003a 00000000
[  246027.435899] /dev/input/event1: 0003 0039 ffffffff
[  246027.435899] /dev/input/event1: 0000 0000 00000000
[  246029.095344] /dev/input/event1: 0003 0039 00000000
[  246029.095344] /dev/input/event1: 0003 0030 00000376
[  246029.095344] /dev/input/event1: 0003 003a 00000081
[  246029.095344] /dev/input/event1: 0003 0035 00003ae6
[  246029.095344] /dev/input/event1: 0003 0036 000033dd
[  246029.095344] /dev/input/event1: 0000 0000 00000000
[  246029.205271] /dev/input/event1: 0003 003a 00000000
[  246029.205271] /dev/input/event1: 0003 0039 ffffffff
[  246029.205271] /dev/input/event1: 0000 0000 00000000
[  246031.500246] /dev/input/event1: 0003 0039 00000000
[  246031.500246] /dev/input/event1: 0003 0030 00000377
[  246031.500246] /dev/input/event1: 0003 003a 00000081
[  246031.500246] /dev/input/event1: 0003 0035 00004f49
[  246031.500246] /dev/input/event1: 0003 0036 00004dff
[  246031.500246] /dev/input/event1: 0000 0000 00000000
[  246031.577358] /dev/input/event1: 0003 003a 00000000
[  246031.577358] /dev/input/event1: 0003 0039 ffffffff
[  246031.577358] /dev/input/event1: 0000 0000 00000000
[  246033.841064] /dev/input/event1: 0003 0039 00000000
[  246033.841064] /dev/input/event1: 0003 0030 00000378
[  246033.841064] /dev/input/event1: 0003 003a 00000081
[  246033.841064] /dev/input/event1: 0003 0035 00006b41
[  246033.841064] /dev/input/event1: 0003 0036 00000a88
[  246033.841064] /dev/input/event1: 0000 0000 00000000
[  246033.933947] /dev/input/event1: 0003 003a 00000000
[  246033.933947] /dev/input/event1: 0003 0039 ffffffff
[  246033.933947] /dev/input/event1: 0000 0000 00000000
[  246036.483470] /dev/input/event1: 0003 0039 00000000
[  246036.483470] /dev/input/event1: 0003 0030 00000379
[  246036.483470] /dev/input/event1: 0003 003a 00000081
[  246036.483470] /dev/input/event1: 0003 0035 00004665
[  246036.483470] /dev/input/event1: 0003 0036 00006765
[  246036.483470] /dev/input/event1: 0000 0000 00000000
[  246036.544891] /dev/input/event1: 0003 0036 00006721
[  246036.544891] /dev/input/event1: 0000 0000 00000000
[  246036.548760] /dev/input/event1: 0003 0036 000066ba
[  246036.548760] /dev/input/event1: 0000 0000 00000000
[  246036.561121] /dev/input/event1: 0003 0035 00004684
[  246036.561121] /dev/input/event1: 0003 0036 00006676
[  246036.561121] /dev/input/event1: 0000 0000 00000000
[  246036.564859] /dev/input/event1: 0003 0036 00006621
[  246036.564859] /dev/input/event1: 0000 0000 00000000
[  246036.577237] /dev/input/event1: 0003 0036 000065ba
[  246036.577237] /dev/input/event1: 0000 0000 00000000
[  246036.581389] /dev/input/event1: 0003 0036 00006576
[  246036.581389] /dev/input/event1: 0000 0000 00000000
[  246036.592990] /dev/input/event1: 0003 0036 00006521
[  246036.592990] /dev/input/event1: 0000 0000 00000000
[  246036.597111] /dev/input/event1: 0003 0035 000046c0
[  246036.597111] /dev/input/event1: 0003 0036 000064dd
[  246036.597111] /dev/input/event1: 0000 0000 00000000
[  246036.609486] /dev/input/event1: 0003 0036 00006476
[  246036.609486] /dev/input/event1: 0000 0000 00000000
[  246036.612876] /dev/input/event1: 0003 0035 000046df
[  246036.612876] /dev/input/event1: 0003 0036 00006421
[  246036.612876] /dev/input/event1: 0000 0000 00000000
[  246036.625107] /dev/input/event1: 0003 0035 0000471b
[  246036.625107] /dev/input/event1: 0003 0036 000063ba
[  246036.625107] /dev/input/event1: 0000 0000 00000000
[  246036.629088] /dev/input/event1: 0003 0036 00006354
[  246036.629088] /dev/input/event1: 0000 0000 00000000
[  246036.641689] /dev/input/event1: 0003 0036 00006310
[  246036.641689] /dev/input/event1: 0000 0000 00000000
[  246036.646001] /dev/input/event1: 0003 0035 0000473a
[  246036.646001] /dev/input/event1: 0003 0036 000062a9
[  246036.646001] /dev/input/event1: 0000 0000 00000000
[  246036.657035] /dev/input/event1: 0003 0035 00004776
[  246036.657035] /dev/input/event1: 0003 0036 00006254
[  246036.657035] /dev/input/event1: 0000 0000 00000000
[  246036.661090] /dev/input/event1: 0003 0035 00004795
[  246036.661090] /dev/input/event1: 0003 0036 000061ee
[  246036.661090] /dev/input/event1: 0000 0000 00000000
[  246036.673880] /dev/input/event1: 0003 0036 00006176
[  246036.673880] /dev/input/event1: 0000 0000 00000000
[  246036.677093] /dev/input/event1: 0003 0035 000047d1
[  246036.677093] /dev/input/event1: 0003 0036 00006110
[  246036.677093] /dev/input/event1: 0000 0000 00000000
[  246036.693416] /dev/input/event1: 0003 0036 00006087
[  246036.693416] /dev/input/event1: 0000 0000 00000000
[  246036.696790] /dev/input/event1: 0003 0035 000047f0
[  246036.696790] /dev/input/event1: 0003 0036 00006010
[  246036.696790] /dev/input/event1: 0000 0000 00000000
[  246036.704814] /dev/input/event1: 0003 0036 00005fa9
[  246036.704814] /dev/input/event1: 0000 0000 00000000
[  246036.709396] /dev/input/event1: 0003 0036 00005f54
[  246036.709396] /dev/input/event1: 0000 0000 00000000
[  246036.721028] /dev/input/event1: 0003 0036 00005eee
[  246036.721028] /dev/input/event1: 0000 0000 00000000
[  246036.724875] /dev/input/event1: 0003 0036 00005e76
[  246036.724875] /dev/input/event1: 0000 0000 00000000
[  246036.737887] /dev/input/event1: 0003 0036 00005ddd
[  246036.737887] /dev/input/event1: 0000 0000 00000000
[  246036.741132] /dev/input/event1: 0003 0036 00005d54
[  246036.741132] /dev/input/event1: 0000 0000 00000000
[  246036.753639] /dev/input/event1: 0003 0036 00005cbb
[  246036.753639] /dev/input/event1: 0000 0000 00000000
[  246036.756755] /dev/input/event1: 0003 0036 00005c43
[  246036.756755] /dev/input/event1: 0000 0000 00000000
[  246036.768915] /dev/input/event1: 0003 0036 00005bbb
[  246036.768915] /dev/input/event1: 0000 0000 00000000
[  246036.773734] /dev/input/event1: 0003 0036 00005b54
[  246036.773734] /dev/input/event1: 0000 0000 00000000
[  246036.785317] /dev/input/event1: 0003 0036 00005add
[  246036.785317] /dev/input/event1: 0000 0000 00000000
[  246036.788680] /dev/input/event1: 0003 0036 00005a76
[  246036.788680] /dev/input/event1: 0000 0000 00000000
[  246036.801864] /dev/input/event1: 0003 0036 00005a10
[  246036.801864] /dev/input/event1: 0000 0000 00000000
[  246036.804699] /dev/input/event1: 0003 0036 000059a9
[  246036.804699] /dev/input/event1: 0000 0000 00000000
[  246036.817580] /dev/input/event1: 0003 0036 00005943
[  246036.817580] /dev/input/event1: 0000 0000 00000000
[  246036.820914] /dev/input/event1: 0003 0035 0000482c
[  246036.820914] /dev/input/event1: 0003 0036 000058ee
[  246036.820914] /dev/input/event1: 0000 0000 00000000
[  246036.832900] /dev/input/event1: 0003 0035 0000484b
[  246036.832900] /dev/input/event1: 0003 0036 00005887
[  246036.832900] /dev/input/event1: 0000 0000 00000000
[  246036.836714] /dev/input/event1: 0003 0036 00005843
[  246036.836714] /dev/input/event1: 0000 0000 00000000
[  246036.849502] /dev/input/event1: 0003 0035 00004887
[  246036.849502] /dev/input/event1: 0003 0036 000057dd
[  246036.849502] /dev/input/event1: 0000 0000 00000000
[  246036.852803] /dev/input/event1: 0003 0036 00005776
[  246036.852803] /dev/input/event1: 0000 0000 00000000
[  246036.865485] /dev/input/event1: 0003 0035 000048a6
[  246036.865485] /dev/input/event1: 0003 0036 00005710
[  246036.865485] /dev/input/event1: 0000 0000 00000000
[  246036.869461] /dev/input/event1: 0003 0035 000048e2
[  246036.869461] /dev/input/event1: 0003 0036 000056bb
[  246036.869461] /dev/input/event1: 0000 0000 00000000
[  246036.880875] /dev/input/event1: 0003 0036 00005676
[  246036.880875] /dev/input/event1: 0000 0000 00000000
[  246036.884994] /dev/input/event1: 0003 0035 00004901
[  246036.884994] /dev/input/event1: 0003 0036 00005621
[  246036.884994] /dev/input/event1: 0000 0000 00000000
[  246036.897418] /dev/input/event1: 0003 0035 0000493e
[  246036.897418] /dev/input/event1: 0003 0036 000055dd
[  246036.897418] /dev/input/event1: 0000 0000 00000000
[  246036.900790] /dev/input/event1: 0003 0035 0000495c
[  246036.900790] /dev/input/event1: 0003 0036 00005587
[  246036.900790] /dev/input/event1: 0000 0000 00000000
[  246036.914311] /dev/input/event1: 0003 0036 00005543
[  246036.914311] /dev/input/event1: 0000 0000 00000000
[  246036.917634] /dev/input/event1: 0003 0035 00004999
[  246036.917634] /dev/input/event1: 0003 0036 000054dd
[  246036.917634] /dev/input/event1: 0000 0000 00000000
[  246036.929480] /dev/input/event1: 0003 0036 00005487
[  246036.929480] /dev/input/event1: 0000 0000 00000000
[  246036.934471] /dev/input/event1: 0003 0036 00005421
[  246036.934471] /dev/input/event1: 0000 0000 00000000
[  246036.945005] /dev/input/event1: 0003 0035 000049b7
[  246036.945005] /dev/input/event1: 0003 0036 000053dd
[  246036.945005] /dev/input/event1: 0000 0000 00000000
[  246036.949335] /dev/input/event1: 0003 0035 000049f4
[  246036.949335] /dev/input/event1: 0003 0036 00005376
[  246036.949335] /dev/input/event1: 0000 0000 00000000
[  246036.961230] /dev/input/event1: 0003 0036 00005310
[  246036.961230] /dev/input/event1: 0000 0000 00000000
[  246036.965241] /dev/input/event1: 0003 0035 00004a12
[  246036.965241] /dev/input/event1: 0003 0036 000052aa
[  246036.965241] /dev/input/event1: 0000 0000 00000000
[  246036.976902] /dev/input/event1: 0003 0035 00004a4f
[  246036.976902] /dev/input/event1: 0003 0036 00005243
[  246036.976902] /dev/input/event1: 0000 0000 00000000
[  246036.981057] /dev/input/event1: 0003 0036 000051bb
[  246036.981057] /dev/input/event1: 0000 0000 00000000
[  246036.993066] /dev/input/event1: 0003 0036 00005154
[  246036.993066] /dev/input/event1: 0000 0000 00000000
[  246036.998497] /dev/input/event1: 0003 0035 00004a6d
[  246036.998497] /dev/input/event1: 0003 0036 000050ee
[  246036.998497] /dev/input/event1: 0000 0000 00000000
[  246037.009059] /dev/input/event1: 0003 0036 000050bb
[  246037.009059] /dev/input/event1: 0000 0000 00000000
[  246037.012761] /dev/input/event1: 0003 0036 00005087
[  246037.012761] /dev/input/event1: 0000 0000 00000000
[  246037.028878] /dev/input/event1: 0003 0036 00005054
[  246037.028878] /dev/input/event1: 0000 0000 00000000
[  246037.032987] /dev/input/event1: 0003 0036 00005021
[  246037.032987] /dev/input/event1: 0000 0000 00000000
[  246037.040979] /dev/input/event1: 0003 0036 00004fee
[  246037.040979] /dev/input/event1: 0000 0000 00000000
[  246037.045029] /dev/input/event1: 0003 0036 00004faa
[  246037.045029] /dev/input/event1: 0000 0000 00000000
[  246037.056854] /dev/input/event1: 0003 0036 00004f54
[  246037.056854] /dev/input/event1: 0000 0000 00000000
[  246037.060753] /dev/input/event1: 0003 0036 00004eee
[  246037.060753] /dev/input/event1: 0000 0000 00000000
[  246037.073081] /dev/input/event1: 0003 0035 00004aaa
[  246037.073081] /dev/input/event1: 0003 0036 00004e87
[  246037.073081] /dev/input/event1: 0000 0000 00000000
[  246037.077044] /dev/input/event1: 0003 0036 00004e21
[  246037.077044] /dev/input/event1: 0000 0000 00000000
[  246037.088854] /dev/input/event1: 0003 0036 00004dbb
[  246037.088854] /dev/input/event1: 0000 0000 00000000
[  246037.092818] /dev/input/event1: 0003 0036 00004d54
[  246037.092818] /dev/input/event1: 0000 0000 00000000
[  246037.104910] /dev/input/event1: 0003 0036 00004d10
[  246037.104910] /dev/input/event1: 0000 0000 00000000
[  246037.108945] /dev/input/event1: 0003 0036 00004cdd
[  246037.108945] /dev/input/event1: 0000 0000 00000000
[  246037.133566] /dev/input/event1: 0003 0036 00004cbb
[  246037.133566] /dev/input/event1: 0000 0000 00000000
[  246037.137709] /dev/input/event1: 0003 0036 00004caa
[  246037.137709] /dev/input/event1: 0000 0000 00000000
[  246037.145720] /dev/input/event1: 0003 0036 00004c76
[  246037.145720] /dev/input/event1: 0000 0000 00000000
[  246037.149701] /dev/input/event1: 0003 0036 00004c54
[  246037.149701] /dev/input/event1: 0000 0000 00000000
[  246037.161691] /dev/input/event1: 0003 0036 00004c21
[  246037.161691] /dev/input/event1: 0000 0000 00000000
[  246037.164815] /dev/input/event1: 0003 0035 00004ac8
[  246037.164815] /dev/input/event1: 0003 0036 00004c10
[  246037.164815] /dev/input/event1: 0000 0000 00000000
[  246037.177081] /dev/input/event1: 0003 0036 00004bee
[  246037.177081] /dev/input/event1: 0000 0000 00000000
[  246037.181833] /dev/input/event1: 0003 0035 00004b05
[  246037.181833] /dev/input/event1: 0003 0036 00004bdd
[  246037.181833] /dev/input/event1: 0000 0000 00000000
[  246037.193559] /dev/input/event1: 0003 0036 00004bbb
[  246037.193559] /dev/input/event1: 0000 0000 00000000
[  246037.209609] /dev/input/event1: 0003 0036 00004baa
[  246037.209609] /dev/input/event1: 0000 0000 00000000
[  246037.225458] /dev/input/event1: 0003 0036 00004b87
[  246037.225458] /dev/input/event1: 0000 0000 00000000
[  246037.241548] /dev/input/event1: 0003 0036 00004b54
[  246037.241548] /dev/input/event1: 0000 0000 00000000
[  246037.245498] /dev/input/event1: 0003 0036 00004b21
[  246037.245498] /dev/input/event1: 0000 0000 00000000
[  246037.264958] /dev/input/event1: 0003 0036 00004aee
[  246037.264958] /dev/input/event1: 0000 0000 00000000
[  246037.269397] /dev/input/event1: 0003 0036 00004add
[  246037.269397] /dev/input/event1: 0000 0000 00000000
[  246037.393449] /dev/input/event1: 0003 003a 00000000
[  246037.393449] /dev/input/event1: 0003 0039 ffffffff
[  246037.393449] /dev/input/event1: 0000 0000 00000000
[  246038.805928] /dev/input/event1: 0003 0039 00000000
[  246038.805928] /dev/input/event1: 0003 0030 0000037a
[  246038.805928] /dev/input/event1: 0003 003a 00000081
[  246038.805928] /dev/input/event1: 0003 0035 000008c5
[  246038.805928] /dev/input/event1: 0003 0036 00006e21
[  246038.805928] /dev/input/event1: 0000 0000 00000000
[  246038.883316] /dev/input/event1: 0003 003a 00000000
[  246038.883316] /dev/input/event1: 0003 0039 ffffffff
[  246038.883316] /dev/input/event1: 0000 0000 00000000
[  246041.185683] /dev/input/event1: 0003 0039 00000000
[  246041.185683] /dev/input/event1: 0003 0030 0000037b
[  246041.185683] /dev/input/event1: 0003 003a 00000081
[  246041.185683] /dev/input/event1: 0003 0035 0000127d
[  246041.185683] /dev/input/event1: 0003 0036 00006e98
[  246041.185683] /dev/input/event1: 0000 0000 00000000
[  246041.311642] /dev/input/event1: 0003 003a 00000000
[  246041.311642] /dev/input/event1: 0003 0039 ffffffff
[  246041.311642] /dev/input/event1: 0000 0000 00000000
[  246043.253551] /dev/input/event1: 0003 0039 00000000
[  246043.253551] /dev/input/event1: 0003 0030 0000037c
[  246043.253551] /dev/input/event1: 0003 003a 00000081
[  246043.253551] /dev/input/event1: 0003 0035 00002332
[  246043.253551] /dev/input/event1: 0003 0036 00006e87
[  246043.253551] /dev/input/event1: 0000 0000 00000000
[  246043.379641] /dev/input/event1: 0003 003a 00000000
[  246043.379641] /dev/input/event1: 0003 0039 ffffffff
[  246043.379641] /dev/input/event1: 0000 0000 00000000
[  246045.104621] /dev/input/event1: 0003 0039 00000000
[  246045.104621] /dev/input/event1: 0003 0030 0000037d
[  246045.104621] /dev/input/event1: 0003 003a 00000081
[  246045.104621] /dev/input/event1: 0003 0035 0000395c
[  246045.104621] /dev/input/event1: 0003 0036 00006e54
[  246045.104621] /dev/input/event1: 0000 0000 00000000
[  246045.197237] /dev/input/event1: 0003 003a 00000000
[  246045.197237] /dev/input/event1: 0003 0039 ffffffff
[  246045.197237] /dev/input/event1: 0000 0000 00000000
[  246047.027748] /dev/input/event1: 0003 0039 00000000
[  246047.027748] /dev/input/event1: 0003 0030 0000037e
[  246047.027748] /dev/input/event1: 0003 003a 00000081
[  246047.027748] /dev/input/event1: 0003 0035 00001097
[  246047.027748] /dev/input/event1: 0003 0036 00007376
[  246047.027748] /dev/input/event1: 0000 0000 00000000
[  246047.121519] /dev/input/event1: 0003 003a 00000000
[  246047.121519] /dev/input/event1: 0003 0039 ffffffff
[  246047.121519] /dev/input/event1: 0000 0000 00000000
[  246049.109925] /dev/input/event1: 0003 0039 00000000
[  246049.109925] /dev/input/event1: 0003 0030 0000037f
[  246049.109925] /dev/input/event1: 0003 003a 00000081
[  246049.109925] /dev/input/event1: 0003 0035 000022f6
[  246049.109925] /dev/input/event1: 0003 0036 000073ba
[  246049.109925] /dev/input/event1: 0000 0000 