add device 1: /dev/input/event0
  name:     "Power Button"
add device 2: /dev/input/event1
  name:     "qwerty2"
[    2177.863576] /dev/input/event1: 0003 0039 00000000
[    2177.863576] /dev/input/event1: 0003 0030 00000047
[    2177.863576] /dev/input/event1: 0003 003a 00000081
[    2177.863576] /dev/input/event1: 0003 0035 0000216b
[    2177.863576] /dev/input/event1: 0003 0036 00003388
[    2177.863576] /dev/input/event1: 0000 0000 00000000
[    2177.963603] /dev/input/event1: 0003 003a 00000000
[    2177.963603] /dev/input/event1: 0003 0039 ffffffff
[    2177.963603] /dev/input/event1: 0000 0000 00000000
[    2182.070433] /dev/input/event1: 0003 0039 00000000
[    2182.070433] /dev/input/event1: 0003 0030 00000048
[    2182.070433] /dev/input/event1: 0003 003a 00000081
[    2182.070433] /dev/input/event1: 0003 0035 000040b5
[    2182.070433] /dev/input/event1: 0003 0036 00002566
[    2182.070433] /dev/input/event1: 0000 0000 00000000
[    2182.161003] /dev/input/event1: 0003 003a 00000000
[    2182.161003] /dev/input/event1: 0003 0039 ffffffff
[    2182.161003] /dev/input/event1: 0000 0000 00000000
[    2187.381417] /dev/input/event1: 0003 0039 00000000
[    2187.381417] /dev/input/event1: 0003 0030 00000049
[    2187.381417] /dev/input/event1: 0003 003a 00000081
[    2187.381417] /dev/input/event1: 0003 0035 0000791f
[    2187.381417] /dev/input/event1: 0003 0036 00000944
[    2187.381417] /dev/input/event1: 0000 0000 00000000
[    2187.481661] /dev/input/event1: 0003 003a 00000000
[    2187.481661] /dev/input/event1: 0003 0039 ffffffff
[    2187.481661] /dev/input/event1: 0000 0000 00000000
[    2190.981026] /dev/input/event1: 0003 0039 00000000
[    2190.981026] /dev/input/event1: 0003 0030 0000004a
[    2190.981026] /dev/input/event1: 0003 003a 00000081
[    2190.981026] /dev/input/event1: 0003 0035 00000a12
[    2190.981026] /dev/input/event1: 0003 0036 00006587
[    2190.981026] /dev/input/event1: 0000 0000 00000000
[    2191.079964] /dev/input/event1: 0003 003a 00000000
[    2191.079964] /dev/input/event1: 0003 0039 ffffffff
[    2191.079964] /dev/input/event1: 0000 0000 00000000
[    2192.320173] /dev/input/event1: 0003 0039 00000000
[    2192.320173] /dev/input/event1: 0003 0030 0000004b
[    2192.320173] /dev/input/event1: 0003 003a 00000081
[    2192.320173] /dev/input/event1: 0003 0035 0000271c
[    2192.320173] /dev/input/event1: 0003 0036 00005b43
[    2192.320173] /dev/input/event1: 0000 0000 00000000
[    2192.407350] /dev/input/event1: 0003 003a 00000000
[    2192.407350] /dev/input/event1: 0003 0039 ffffffff
[    2192.407350] /dev/input/event1: 0000 0000 00000000
[    2193.309402] /dev/input/event1: 0003 0039 00000000
[    2193.309402] /dev/input/event1: 0003 0030 0000004c
[    2193.309402] /dev/input/event1: 0003 003a 00000081
[    2193.309402] /dev/input/event1: 0003 0035 00000e38
[    2193.309402] /dev/input/event1: 0003 0036 00005c65
[    2193.309402] /dev/input/event1: 0000 0000 00000000
[    2193.399453] /dev/input/event1: 0003 003a 00000000
[    2193.399453] /dev/input/event1: 0003 0039 ffffffff
[    2193.399453] /dev/input/event1: 0000 0000 00000000
[    2194.435041] /dev/input/event1: 0003 0039 00000000
[    2194.435041] /dev/input/event1: 0003 0030 0000004d
[    2194.435041] /dev/input/event1: 0003 003a 00000081
[    2194.435041] /dev/input/event1: 0003 0035 00002c71
[    2194.435041] /dev/input/event1: 0003 0036 000050aa
[    2194.435041] /dev/input/event1: 0000 0000 00000000
[    2194.522349] /dev/input/event1: 0003 003a 00000000
[    2194.522349] /dev/input/event1: 0003 0039 ffffffff
[    2194.522349] /dev/input/event1: 0000 0000 00000000
[    2195.626320] /dev/input/event1: 0003 0039 00000000
[    2195.626320] /dev/input/event1: 0003 0030 0000004e
[    2195.626320] /dev/input/event1: 0003 003a 00000081
[    2195.626320] /dev/input/event1: 0003 0035 000065cd
[    2195.626320] /dev/input/event1: 0003 0036 00005aa9
[    2195.626320] /dev/input/event1: 0000 0000 00000000
[    2195.692406] /dev/input/event1: 0003 003a 00000000
[    2195.692406] /dev/input/event1: 0003 0039 ffffffff
[    2195.692406] /dev/input/event1: 0000 0000 00000000
[    2196.537633] /dev/input/event1: 0003 0039 00000000
[    2196.537633] /dev/input/event1: 0003 0030 0000004f
[    2196.537633] /dev/input/event1: 0003 003a 00000081
[    2196.537633] /dev/input/event1: 0003 0035 00005795
[    2196.537633] /dev/input/event1: 0003 0036 000065cc
[    2196.537633] /dev/input/event1: 0000 0000 00000000
[    2196.614699] /dev/input/event1: 0003 003a 00000000
[    2196.614699] /dev/input/event1: 0003 0039 ffffffff
[    2196.614699] /dev/input/event1: 0000 0000 00000000
[    2197.661886] /dev/input/event1: 0003 0039 00000000
[    2197.661886] /dev/input/event1: 0003 0030 00000050
[    2197.661886] /dev/input/event1: 0003 003a 00000081
[    2197.661886] /dev/input/event1: 0003 0035 00002079
[    2197.661886] /dev/input/event1: 0003 0036 000051aa
[    2197.661886] /dev/input/event1: 0000 0000 00000000
[    2197.785875] /dev/input/event1: 0003 003a 00000000
[    2197.785875] /dev/input/event1: 0003 0039 ffffffff
[    2197.785875] /dev/input/event1: 0000 0000 00000000
[    2198.865181] /dev/input/event1: 0003 0039 00000000
[    2198.865181] /dev/input/event1: 0003 0030 00000051
[    2198.865181] /dev/input/event1: 0003 003a 00000081
[    2198.865181] /dev/input/event1: 0003 0035 000038e3
[    2198.865181] /dev/input/event1: 0003 0036 00004fff
[    2198.865181] /dev/input/event1: 0000 0000 00000000
[    2198.943646] /dev/input/event1: 0003 003a 00000000
[    2198.943646] /dev/input/event1: 0003 0039 ffffffff
[    2198.943646] /dev/input/event1: 0000 0000 00000000
[    2201.127681] /dev/input/event1: 0003 0039 00000000
[    2201.127681] /dev/input/event1: 0003 0030 00000052
[    2201.127681] /dev/input/event1: 0003 003a 00000081
[    2201.127681] /dev/input/event1: 0003 0035 00003ae6
[    2201.127681] /dev/input/event1: 0003 0036 00007121
[    2201.127681] /dev/input/event1: 0000 0000 00000000
[    2201.193851] /dev/input/event1: 0003 003a 00000000
[    2201.193851] /dev/input/event1: 0003 0039 ffffffff
[    2201.193851] /dev/input/event1: 0000 0000 00000000
[    2202.139839] /dev/input/event1: 0003 0039 00000000
[    2202.139839] /dev/input/event1: 0003 0030 00000053
[    2202.139839] /dev/input/event1: 0003 003a 00000081
[    2202.139839] /dev/input/event1: 0003 0035 00000a4f
[    2202.139839] /dev/input/event1: 0003 0036 000067a9
[    2202.139839] /dev/input/event1: 0000 0000 00000000
[    2202.217560] /dev/input/event1: 0003 003a 00000000
[    2202.217560] /dev/input/event1: 0003 0039 ffffffff
[    2202.217560] /dev/input/event1: 0000 0000 00000000
[    2203.343982] /dev/input/event1: 0003 0039 00000000
[    2203.343982] /dev/input/event1: 0003 0030 00000054
[    2203.343982] /dev/input/event1: 0003 003a 00000081
[    2203.343982] /dev/input/event1: 0003 0035 00002795
[    2203.343982] /dev/input/event1: 0003 0036 00005b43
[    2203.343982] /dev/input/event1: 0000 0000 00000000
[    2203.409661] /dev/input/event1: 0003 003a 00000000
[    2203.409661] /dev/input/event1: 0003 0039 ffffffff
[    2203.409661] /dev/input/event1: 0000 0000 00000000
[    2204.660091] /dev/input/event1: 0003 0039 00000000
[    2204.660091] /dev/input/event1: 0003 0030 00000055
[    2204.660091] /dev/input/event1: 0003 003a 00000081
[    2204.660091] /dev/input/event1: 0003 0035 00005eee
[    2204.660091] /dev/input/event1: 0003 0036 00005065
[    2204.660091] /dev/input/event1: 0000 0000 00000000
[    2204.738936] /dev/input/event1: 0003 003a 00000000
[    2204.738936] /dev/input/event1: 0003 0039 ffffffff
[    2204.738936] /dev/input/event1: 0000 0000 00000000
[    2205.999777] /dev/input/event1: 0003 0039 00000000
[    2205.999777] /dev/input/event1: 0003 0030 00000056
[    2205.999777] /dev/input/event1: 0003 003a 00000081
[    2205.999777] /dev/input/event1: 0003 0035 00000a12
[    2205.999777] /dev/input/event1: 0003 0036 00005aff
[    2205.999777] /dev/input/event1: 0000 0000 00000000
[    2206.075797] /dev/input/event1: 0003 003a 00000000
[    2206.075797] /dev/input/event1: 0003 0039 ffffffff
[    2206.075797] /dev/input/event1: 0000 0000 00000000
[    2207.258781] /dev/input/event1: 0003 0039 00000000
[    2207.258781] /dev/input/event1: 0003 0030 00000057
[    2207.258781] /dev/input/event1: 0003 003a 00000081
[    2207.258781] /dev/input/event1: 0003 0035 00002ddd
[    2207.258781] /dev/input/event1: 0003 0036 00004faa
[    2207.258781] /dev/input/event1: 0000 0000 00000000
[    2207.324591] /dev/input/event1: 0003 003a 00000000
[    2207.324591] /dev/input/event1: 0003 0039 ffffffff
[    2207.324591] /dev/input/event1: 0000 0000 00000000
[    2208.744045] /dev/input/event1: 0003 0039 00000000
[    2208.744045] /dev/input/event1: 0003 0030 00000058
[    2208.744045] /dev/input/event1: 0003 003a 00000081
[    2208.744045] /dev/input/event1: 0003 0035 0000612e
[    2208.744045] /dev/input/event1: 0003 0036 000050aa
[    2208.744045] /dev/input/event1: 0000 0000 00000000
[    2208.821641] /dev/input/event1: 0003 003a 00000000
[    2208.821641] /dev/input/event1: 0003 0039 ffffffff
[    2208.821641] /dev/input/event1: 0000 0000 00000000
[    2209.947756] /dev/input/event1: 0003 0039 00000000
[    2209.947756] /dev/input/event1: 0003 0030 00000059
[    2209.947756] /dev/input/event1: 0003 003a 00000081
[    2209.947756] /dev/input/event1: 0003 0035 00001f68
[    2209.947756] /dev/input/event1: 0003 0036 000051ff
[    2209.947756] /dev/input/event1: 0000 0000 00000000
[    2210.002298] /dev/input/event1: 0003 003a 00000000
[    2210.002298] /dev/input/event1: 0003 0039 ffffffff
[    2210.002298] /dev/input/event1: 0000 0000 00000000
[    2211.342474] /dev/input/event1: 0003 0039 00000000
[    2211.342474] /dev/input/event1: 0003 0030 0000005a
[    2211.342474] /dev/input/event1: 0003 003a 00000081
[    2211.342474] /dev/input/event1: 0003 0035 0000184b
[    2211.342474] /dev/input/event1: 0003 0036 00005bcc
[    2211.342474] /dev/input/event1: 0000 0000 00000000
[    2211.466274] /dev/input/event1: 0003 003a 00000000
[    2211.466274] /dev/input/event1: 0003 0039 ffffffff
[    2211.466274] /dev/input/event1: 0000 0000 00000000
[    2219.047495] /dev/input/event1: 0003 0039 00000000
[    2219.047495] /dev/input/event1: 0003 0030 0000005b
[    2219.047495] /dev/input/event1: 0003 003a 00000081
[    2219.047495] /dev/input/event1: 0003 0035 000077d1
[    2219.047495] /dev/input/event1: 0003 0036 000071cb
[    2219.047495] /dev/input/event1: 0000 0000 00000000
[    2219.172692] /dev/input/event1: 0003 003a 00000000
[    2219.172692] /dev/input/event1: 0003 0039 ffffffff
[    2219.172692] /dev/input/event1: 0000 0000 00000000
[    2223.953801] /dev/input/event1: 0003 0039 00000000
[    2223.953801] /dev/input/event1: 0003 0030 0000005c
[    2223.953801] /dev/input/event1: 0003 003a 00000081
[    2223.953801] /dev/input/event1: 0003 0035 000038e3
[    2223.953801] /dev/input/event1: 0003 0036 00001744
[    2223.953801] /dev/input/event1: 0000 0000 00000000
[    2224.065559] /dev/input/event1: 0003 003a 00000000
[    2224.065559] /dev/input/event1: 0003 0039 ffffffff
[    2224.065559] /dev/input/event1: 0000 0000 00000000
[    2228.116194] /dev/input/event1: 0003 0039 00000000
[    2228.116194] /dev/input/event1: 0003 0030 0000005d
[    2228.116194] /dev/input/event1: 0003 003a 00000081
[    2228.116194] /dev/input/event1: 0003 0035 00003cea
[    2228.116194] /dev/input/event1: 0003 0036 00002966
[    2228.116194] /dev/input/event1: 0000 0000 00000000
[    2228.228269] /dev/input/event1: 0003 003a 00000000
[    2228.228269] /dev/input/event1: 0003 0039 ffffffff
[    2228.228269] /dev/input/event1: 0000 0000 00000000
[    2235.586058] /dev/input/event1: 0003 0039 00000000
[    2235.586058] /dev/input/event1: 0003 0030 0000005e
[    2235.586058] /dev/input/event1: 0003 003a 00000081
[    2235.586058] /dev/input/event1: 0003 0035 00003c71
[    2235.586058] /dev/input/event1: 0003 0036 00002943
[    2235.586058] /dev/input/event1: 0000 0000 00000000
[    2235.708444] /dev/input/event1: 0003 003a 00000000
[    2235.708444] /dev/input/event1: 0003 0039 ffffffff
[    2235.708444] /dev/input/event1: 0000 0000 00000000
[    2241.424025] /dev/input/event1: 0003 0039 00000000
[    2241.424025] /dev/input/event1: 0003 0030 0000005f
[    2241.424025] /dev/input/event1: 0003 003a 00000081
[    2241.424025] /dev/input/event1: 0003 0035 000039d5
[    2241.424025] /dev/input/event1: 0003 0036 00002dcc
[    2241.424025] /dev/input/event1: 0000 0000 00000000
[    2241.536943] /dev/input/event1: 0003 003a 00000000
[    2241.536943] /dev/input/event1: 0003 0039 ffffffff
[    2241.536943] /dev/input/event1: 0000 0000 00000000
[    2249.512858] /dev/input/event1: 0003 0039 00000000
[    2249.512858] /dev/input/event1: 0003 0030 00000060
[    2249.512858] /dev/input/event1: 0003 003a 00000081
[    2249.512858] /dev/input/event1: 0003 0035 000060b5
[    2249.512858] /dev/input/event1: 0003 0036 00002166
[    2249.512858] /dev/input/event1: 0000 0000 00000000
[    2249.635313] /dev/input/event1: 0003 003a 00000000
[    2249.635313] /dev/input/event1: 0003 0039 ffffffff
[    2249.635313] /dev/input/event1: 0000 0000 00000000
[    2257.489397] /dev/input/event1: 0003 0039 00000000
[    2257.489397] /dev/input/event1: 0003 0030 00000061
[    2257.489397] /dev/input/event1: 0003 003a 00000081
[    2257.489397] /dev/input/event1: 0003 0035 00003fa4
[    2257.489397] /dev/input/event1: 0003 0036 00007187
[    2257.489397] /dev/input/event1: 0000 0000 00000000
[    2257.611492] /dev/input/event1: 0003 003a 00000000
[    2257.611492] /dev/input/event1: 0003 0039 ffffffff
[    2257.611492] /dev/input/event1: 0000 0000 00000000