add device 1: /dev/input/event0
  name:     "Power Button"
add device 2: /dev/input/event1
  name:     "qwerty2"
[    3629.406156] /dev/input/event1: 0003 0039 00000000
[    3629.406156] /dev/input/event1: 0003 0030 00000091
[    3629.406156] /dev/input/event1: 0003 003a 00000081
[    3629.406156] /dev/input/event1: 0003 0035 00001cae
[    3629.406156] /dev/input/event1: 0003 0036 000033cc
[    3629.406156] /dev/input/event1: 0000 0000 00000000
[    3629.518861] /dev/input/event1: 0003 003a 00000000
[    3629.518861] /dev/input/event1: 0003 0039 ffffffff
[    3629.518861] /dev/input/event1: 0000 0000 00000000
[    3633.579828] /dev/input/event1: 0003 0039 00000000
[    3633.579828] /dev/input/event1: 0003 0030 00000092
[    3633.579828] /dev/input/event1: 0003 003a 00000081
[    3633.579828] /dev/input/event1: 0003 0035 00003f2b
[    3633.579828] /dev/input/event1: 0003 0036 00002dcc
[    3633.579828] /dev/input/event1: 0000 0000 00000000
[    3633.669492] /dev/input/event1: 0003 003a 00000000
[    3633.669492] /dev/input/event1: 0003 0039 ffffffff
[    3633.669492] /dev/input/event1: 0000 0000 00000000
[    3637.629321] /dev/input/event1: 0003 0039 00000000
[    3637.629321] /dev/input/event1: 0003 0030 00000093
[    3637.629321] /dev/input/event1: 0003 003a 00000081
[    3637.629321] /dev/input/event1: 0003 0035 00000a12
[    3637.629321] /dev/input/event1: 0003 0036 00007143
[    3637.629321] /dev/input/event1: 0000 0000 00000000
[    3637.718795] /dev/input/event1: 0003 003a 00000000
[    3637.718795] /dev/input/event1: 0003 0039 ffffffff
[    3637.718795] /dev/input/event1: 0000 0000 00000000
[    3639.462973] /dev/input/event1: 0003 0039 00000000
[    3639.462973] /dev/input/event1: 0003 0030 00000094
[    3639.462973] /dev/input/event1: 0003 003a 00000081
[    3639.462973] /dev/input/event1: 0003 0035 00000795
[    3639.462973] /dev/input/event1: 0003 0036 00004fcc
[    3639.462973] /dev/input/event1: 0000 0000 00000000
[    3639.540591] /dev/input/event1: 0003 003a 00000000
[    3639.540591] /dev/input/event1: 0003 0039 ffffffff
[    3639.540591] /dev/input/event1: 0000 0000 00000000
[    3641.061081] /dev/input/event1: 0003 0039 00000000
[    3641.061081] /dev/input/event1: 0003 0030 00000095
[    3641.061081] /dev/input/event1: 0003 003a 00000081
[    3641.061081] /dev/input/event1: 0003 0035 00006998
[    3641.061081] /dev/input/event1: 0003 0036 00004fff
[    3641.061081] /dev/input/event1: 0000 0000 00000000
[    3641.149133] /dev/input/event1: 0003 003a 00000000
[    3641.149133] /dev/input/event1: 0003 0039 ffffffff
[    3641.149133] /dev/input/event1: 0000 0000 00000000
[    3642.229914] /dev/input/event1: 0003 0039 00000000
[    3642.229914] /dev/input/event1: 0003 0030 00000096
[    3642.229914] /dev/input/event1: 0003 003a 00000081
[    3642.229914] /dev/input/event1: 0003 0035 00007794
[    3642.229914] /dev/input/event1: 0003 0036 000050aa
[    3642.229914] /dev/input/event1: 0000 0000 00000000
[    3642.319714] /dev/input/event1: 0003 003a 00000000
[    3642.319714] /dev/input/event1: 0003 0039 ffffffff
[    3642.319714] /dev/input/event1: 0000 0000 00000000
[    3643.772504] /dev/input/event1: 0003 0039 00000000
[    3643.772504] /dev/input/event1: 0003 0030 00000097
[    3643.772504] /dev/input/event1: 0003 003a 00000081
[    3643.772504] /dev/input/event1: 0003 0035 0000603b
[    3643.772504] /dev/input/event1: 0000 0000 00000000
[    3643.860549] /dev/input/event1: 0003 003a 00000000
[    3643.860549] /dev/input/event1: 0003 0039 ffffffff
[    3643.860549] /dev/input/event1: 0000 0000 00000000
[    3647.260135] /dev/input/event1: 0003 0039 00000000
[    3647.260135] /dev/input/event1: 0003 0030 00000098
[    3647.260135] /dev/input/event1: 0003 003a 00000081
[    3647.260135] /dev/input/event1: 0003 0035 00007758
[    3647.260135] /dev/input/event1: 0003 0036 00007165
[    3647.260135] /dev/input/event1: 0000 0000 00000000
[    3647.348852] /dev/input/event1: 0003 003a 00000000
[    3647.348852] /dev/input/event1: 0003 0039 ffffffff
[    3647.348852] /dev/input/event1: 0000 0000 00000000
[    3661.861376] /dev/input/event1: 0003 0039 00000000
[    3661.861376] /dev/input/event1: 0003 0030 00000099
[    3661.861376] /dev/input/event1: 0003 003a 00000081
[    3661.861376] /dev/input/event1: 0003 0035 000041c6
[    3661.861376] /dev/input/event1: 0003 0036 00004e43
[    3661.861376] /dev/input/event1: 0000 0000 00000000
[    3661.972779] /dev/input/event1: 0003 003a 00000000
[    3661.972779] /dev/input/event1: 0003 0039 ffffffff
[    3661.972779] /dev/input/event1: 0000 0000 00000000