add device 1: /dev/input/event0
  name:     "Power Button"
add device 2: /dev/input/event1
  name:     "qwerty2"
[    9445.880056] /dev/input/event1: 0003 0039 00000000
[    9445.880056] /dev/input/event1: 0003 0030 000000e4
[    9445.880056] /dev/input/event1: 0003 003a 00000081
[    9445.880056] /dev/input/event1: 0003 0035 000020f2
[    9445.880056] /dev/input/event1: 0003 0036 00003388
[    9445.880056] /dev/input/event1: 0000 0000 00000000
[    9445.981123] /dev/input/event1: 0003 003a 00000000
[    9445.981123] /dev/input/event1: 0003 0039 ffffffff
[    9445.981123] /dev/input/event1: 0000 0000 00000000
[    9447.578288] /dev/input/event1: 0003 0039 00000000
[    9447.578288] /dev/input/event1: 0003 0030 000000e5
[    9447.578288] /dev/input/event1: 0003 003a 00000081
[    9447.578288] /dev/input/event1: 0003 0035 00003cea
[    9447.578288] /dev/input/event1: 0003 0036 000035aa
[    9447.578288] /dev/input/event1: 0000 0000 00000000
[    9447.689881] /dev/input/event1: 0003 003a 00000000
[    9447.689881] /dev/input/event1: 0003 0039 ffffffff
[    9447.689881] /dev/input/event1: 0000 0000 00000000
[    9451.629079] /dev/input/event1: 0003 0039 00000000
[    9451.629079] /dev/input/event1: 0003 0030 000000e6
[    9451.629079] /dev/input/event1: 0003 003a 00000081
[    9451.629079] /dev/input/event1: 0003 0035 000036c0
[    9451.629079] /dev/input/event1: 0003 0036 00001d88
[    9451.629079] /dev/input/event1: 0000 0000 00000000
[    9451.718408] /dev/input/event1: 0003 003a 00000000
[    9451.718408] /dev/input/event1: 0003 0039 ffffffff
[    9451.718408] /dev/input/event1: 0000 0000 00000000
[    9455.048640] /dev/input/event1: 0003 0039 00000000
[    9455.048640] /dev/input/event1: 0003 0030 000000e7
[    9455.048640] /dev/input/event1: 0003 003a 00000081
[    9455.048640] /dev/input/event1: 0003 0035 00003d64
[    9455.048640] /dev/input/event1: 0003 0036 000028ff
[    9455.048640] /dev/input/event1: 0000 0000 00000000
[    9455.187580] /dev/input/event1: 0003 003a 00000000
[    9455.187580] /dev/input/event1: 0003 0039 ffffffff
[    9455.187580] /dev/input/event1: 0000 0000 00000000
[    9458.097072] /dev/input/event1: 0003 0039 00000000
[    9458.097072] /dev/input/event1: 0003 0030 000000e8
[    9458.097072] /dev/input/event1: 0003 003a 00000081
[    9458.097072] /dev/input/event1: 0003 0035 0000080f
[    9458.097072] /dev/input/event1: 0003 0036 00000966
[    9458.097072] /dev/input/event1: 0000 0000 00000000
[    9458.175354] /dev/input/event1: 0003 003a 00000000
[    9458.175354] /dev/input/event1: 0003 0039 ffffffff
[    9458.175354] /dev/input/event1: 0000 0000 00000000
[    9461.685534] /dev/input/event1: 0003 0039 00000000
[    9461.685534] /dev/input/event1: 0003 0030 000000e9
[    9461.685534] /dev/input/event1: 0003 003a 00000081
[    9461.685534] /dev/input/event1: 0003 0035 00007998
[    9461.685534] /dev/input/event1: 0003 0036 000009aa
[    9461.685534] /dev/input/event1: 0000 0000 00000000
[    9461.764905] /dev/input/event1: 0003 003a 00000000
[    9461.764905] /dev/input/event1: 0003 0039 ffffffff
[    9461.764905] /dev/input/event1: 0000 0000 00000000
[    9463.371816] /dev/input/event1: 0003 0039 00000000
[    9463.371816] /dev/input/event1: 0003 0030 000000ea
[    9463.371816] /dev/input/event1: 0003 003a 00000081
[    9463.371816] /dev/input/event1: 0003 0035 00000d27
[    9463.371816] /dev/input/event1: 0003 0036 000071ff
[    9463.371816] /dev/input/event1: 0000 0000 00000000
[    9463.450335] /dev/input/event1: 0003 003a 00000000
[    9463.450335] /dev/input/event1: 0003 0039 ffffffff
[    9463.450335] /dev/input/event1: 0000 0000 00000000
[    9464.554232] /dev/input/event1: 0003 0039 00000000
[    9464.554232] /dev/input/event1: 0003 0030 000000eb
[    9464.554232] /dev/input/event1: 0003 003a 00000081
[    9464.554232] /dev/input/event1: 0003 0035 00000648
[    9464.554232] /dev/input/event1: 0003 0036 00004fff
[    9464.554232] /dev/input/event1: 0000 0000 00000000
[    9464.631565] /dev/input/event1: 0003 003a 00000000
[    9464.631565] /dev/input/event1: 0003 0039 ffffffff
[    9464.631565] /dev/input/event1: 0000 0000 00000000
[    9466.186125] /dev/input/event1: 0003 0039 00000000
[    9466.186125] /dev/input/event1: 0003 0030 000000ec
[    9466.186125] /dev/input/event1: 0003 003a 00000081
[    9466.186125] /dev/input/event1: 0003 0035 00006ae6
[    9466.186125] /dev/input/event1: 0003 0036 00005065
[    9466.186125] /dev/input/event1: 0000 0000 00000000
[    9466.264471] /dev/input/event1: 0003 003a 00000000
[    9466.264471] /dev/input/event1: 0003 0039 ffffffff
[    9466.264471] /dev/input/event1: 0000 0000 00000000
[    9467.232614] /dev/input/event1: 0003 0039 00000000
[    9467.232614] /dev/input/event1: 0003 0030 000000ed
[    9467.232614] /dev/input/event1: 0003 003a 00000081
[    9467.232614] /dev/input/event1: 0003 0035 0000780e
[    9467.232614] /dev/input/event1: 0003 0036 00004fff
[    9467.232614] /dev/input/event1: 0000 0000 00000000
[    9467.275489] /dev/input/event1: 0003 003a 00000000
[    9467.275489] /dev/input/event1: 0003 0039 ffffffff
[    9467.275489] /dev/input/event1: 0000 0000 00000000
[    9468.413503] /dev/input/event1: 0003 0039 00000000
[    9468.413503] /dev/input/event1: 0003 0030 000000ee
[    9468.413503] /dev/input/event1: 0003 003a 00000081
[    9468.413503] /dev/input/event1: 0003 0035 000060f1
[    9468.413503] /dev/input/event1: 0003 0036 00005087
[    9468.413503] /dev/input/event1: 0000 0000 00000000
[    9468.478986] /dev/input/event1: 0003 003a 00000000
[    9468.478986] /dev/input/event1: 0003 0039 ffffffff
[    9468.478986] /dev/input/event1: 0000 0000 00000000
[    9470.764211] /dev/input/event1: 0003 0039 00000000
[    9470.764211] /dev/input/event1: 0003 0030 000000ef
[    9470.764211] /dev/input/event1: 0003 003a 00000081
[    9470.764211] /dev/input/event1: 0003 0035 00007794
[    9470.764211] /dev/input/event1: 0003 0036 000070ff
[    9470.764211] /dev/input/event1: 0000 0000 00000000
[    9470.841437] /dev/input/event1: 0003 003a 00000000
[    9470.841437] /dev/input/event1: 0003 0039 ffffffff
[    9470.841437] /dev/input/event1: 0000 0000 00000000
[    9472.877603] /dev/input/event1: 0003 0039 00000000
[    9472.877603] /dev/input/event1: 0003 0030 000000f0
[    9472.877603] /dev/input/event1: 0003 003a 00000081
[    9472.877603] /dev/input/event1: 0003 0035 00003aaa
[    9472.877603] /dev/input/event1: 0003 0036 000014aa
[    9472.877603] /dev/input/event1: 0000 0000 00000000
[    9472.945296] /dev/input/event1: 0003 003a 00000000
[    9472.945296] /dev/input/event1: 0003 0039 ffffffff
[    9472.945296] /dev/input/event1: 0000 0000 00000000
[    9475.589109] /dev/input/event1: 0003 0039 00000000
[    9475.589109] /dev/input/event1: 0003 0030 000000f1
[    9475.589109] /dev/input/event1: 0003 003a 00000081
[    9475.589109] /dev/input/event1: 0003 0035 00003fff
[    9475.589109] /dev/input/event1: 0003 0036 00002f43
[    9475.589109] /dev/input/event1: 0000 0000 00000000
[    9475.678818] /dev/input/event1: 0003 003a 00000000
[    9475.678818] /dev/input/event1: 0003 0039 ffffffff
[    9475.678818] /dev/input/event1: 0000 0000 00000000
[    9478.740228] /dev/input/event1: 0003 0039 00000000
[    9478.740228] /dev/input/event1: 0003 0030 000000f2
[    9478.740228] /dev/input/event1: 0003 003a 00000081
[    9478.740228] /dev/input/event1: 0003 0035 0000095c
[    9478.740228] /dev/input/event1: 0003 0036 00000944
[    9478.740228] /dev/input/event1: 0000 0000 00000000
[    9478.829546] /dev/input/event1: 0003 003a 00000000
[    9478.829546] /dev/input/event1: 0003 0039 ffffffff
[    9478.829546] /dev/input/event1: 0000 0000 00000000
[    9479.831202] /dev/input/event1: 0003 0039 00000000
[    9479.831202] /dev/input/event1: 0003 0030 000000f3
[    9479.831202] /dev/input/event1: 0003 003a 00000081
[    9479.831202] /dev/input/event1: 0000 0000 00000000
[    9479.908607] /dev/input/event1: 0003 003a 00000000
[    9479.908607] /dev/input/event1: 0003 0039 ffffffff
[    9479.908607] /dev/input/event1: 0000 0000 00000000
[    9481.080336] /dev/input/event1: 0003 0039 00000000
[    9481.080336] /dev/input/event1: 0003 0030 000000f4
[    9481.080336] /dev/input/event1: 0003 003a 00000081
[    9481.080336] /dev/input/event1: 0000 0000 00000000
[    9481.148143] /dev/input/event1: 0003 003a 00000000
[    9481.148143] /dev/input/event1: 0003 0039 ffffffff
[    9481.148143] /dev/input/event1: 0000 0000 00000000
[    9482.161549] /dev/input/event1: 0003 0039 00000000
[    9482.161549] /dev/input/event1: 0003 0030 000000f5
[    9482.161549] /dev/input/event1: 0003 003a 00000081
[    9482.161549] /dev/input/event1: 0000 0000 00000000
[    9482.192539] /dev/input/event1: 0003 003a 00000000
[    9482.192539] /dev/input/event1: 0003 0039 ffffffff
[    9482.192539] /dev/input/event1: 0000 0000 00000000
[    9483.611857] /dev/input/event1: 0003 0039 00000000
[    9483.611857] /dev/input/event1: 0003 0030 000000f6
[    9483.611857] /dev/input/event1: 0003 003a 00000081
[    9483.611857] /dev/input/event1: 0003 0035 00002332
[    9483.611857] /dev/input/event1: 0003 0036 00001b21
[    9483.611857] /dev/input/event1: 0000 0000 00000000
[    9483.690098] /dev/input/event1: 0003 003a 00000000
[    9483.690098] /dev/input/event1: 0003 0039 ffffffff
[    9483.690098] /dev/input/event1: 0000 0000 00000000
[    9487.368960] /dev/input/event1: 0003 0039 00000000
[    9487.368960] /dev/input/event1: 0003 0030 000000f7
[    9487.368960] /dev/input/event1: 0003 003a 00000081
[    9487.368960] /dev/input/event1: 0003 0035 00001555
[    9487.368960] /dev/input/event1: 0003 0036 00001a21
[    9487.368960] /dev/input/event1: 0000 0000 00000000
[    9487.449534] /dev/input/event1: 0003 003a 00000000
[    9487.449534] /dev/input/event1: 0003 0039 ffffffff
[    9487.449534] /dev/input/event1: 0000 0000 00000000