add device 1: /dev/input/event0
  name:     "Power Button"
add device 2: /dev/input/event1
  name:     "qwerty2"
[     113.443709] /dev/input/event1: 0003 0039 00000000
[     113.443709] /dev/input/event1: 0003 0030 0000001f
[     113.443709] /dev/input/event1: 0003 003a 00000081
[     113.443709] /dev/input/event1: 0003 0035 000024fa
[     113.443709] /dev/input/event1: 0003 0036 000033cc
[     113.443709] /dev/input/event1: 0000 0000 00000000
[     113.554436] /dev/input/event1: 0003 003a 00000000
[     113.554436] /dev/input/event1: 0003 0039 ffffffff
[     113.554436] /dev/input/event1: 0000 0000 00000000
[     115.152750] /dev/input/event1: 0003 0039 00000000
[     115.152750] /dev/input/event1: 0003 0030 00000020
[     115.152750] /dev/input/event1: 0003 003a 00000081
[     115.152750] /dev/input/event1: 0003 0035 00003c16
[     115.152750] /dev/input/event1: 0003 0036 00003643
[     115.152750] /dev/input/event1: 0000 0000 00000000
[     115.265305] /dev/input/event1: 0003 003a 00000000
[     115.265305] /dev/input/event1: 0003 0039 ffffffff
[     115.265305] /dev/input/event1: 0000 0000 00000000
[     117.549140] /dev/input/event1: 0003 0039 00000000
[     117.549140] /dev/input/event1: 0003 0030 00000021
[     117.549140] /dev/input/event1: 0003 003a 00000081
[     117.549140] /dev/input/event1: 0003 0035 0000771b
[     117.549140] /dev/input/event1: 0003 0036 000008ff
[     117.549140] /dev/input/event1: 0000 0000 00000000
[     117.638081] /dev/input/event1: 0003 003a 00000000
[     117.638081] /dev/input/event1: 0003 0039 ffffffff
[     117.638081] /dev/input/event1: 0000 0000 00000000
[     119.216264] /dev/input/event1: 0003 0039 00000000
[     119.216264] /dev/input/event1: 0003 0030 00000022
[     119.216264] /dev/input/event1: 0003 003a 00000081
[     119.216264] /dev/input/event1: 0003 0035 00000aaa
[     119.216264] /dev/input/event1: 0003 0036 00006721
[     119.216264] /dev/input/event1: 0000 0000 00000000
[     119.291715] /dev/input/event1: 0003 003a 00000000
[     119.291715] /dev/input/event1: 0003 0039 ffffffff
[     119.291715] /dev/input/event1: 0000 0000 00000000
[     120.328337] /dev/input/event1: 0003 0039 00000000
[     120.328337] /dev/input/event1: 0003 0030 00000023
[     120.328337] /dev/input/event1: 0003 003a 00000081
[     120.328337] /dev/input/event1: 0003 0035 00007332
[     120.328337] /dev/input/event1: 0003 0036 00005a43
[     120.328337] /dev/input/event1: 0000 0000 00000000
[     120.394191] /dev/input/event1: 0003 003a 00000000
[     120.394191] /dev/input/event1: 0003 0039 ffffffff
[     120.394191] /dev/input/event1: 0000 0000 00000000
[     121.172305] /dev/input/event1: 0003 0039 00000000
[     121.172305] /dev/input/event1: 0003 0030 00000024
[     121.172305] /dev/input/event1: 0003 003a 00000081
[     121.172305] /dev/input/event1: 0003 0035 000060f1
[     121.172305] /dev/input/event1: 0003 0036 000050cc
[     121.172305] /dev/input/event1: 0000 0000 00000000
[     121.237824] /dev/input/event1: 0003 003a 00000000
[     121.237824] /dev/input/event1: 0003 0039 ffffffff
[     121.237824] /dev/input/event1: 0000 0000 00000000
[     122.039073] /dev/input/event1: 0003 0039 00000000
[     122.039073] /dev/input/event1: 0003 0030 00000025
[     122.039073] /dev/input/event1: 0003 003a 00000081
[     122.039073] /dev/input/event1: 0003 0035 00005998
[     122.039073] /dev/input/event1: 0003 0036 00006721
[     122.039073] /dev/input/event1: 0000 0000 00000000
[     122.115556] /dev/input/event1: 0003 003a 00000000
[     122.115556] /dev/input/event1: 0003 0039 ffffffff
[     122.115556] /dev/input/event1: 0000 0000 00000000
[     122.994858] /dev/input/event1: 0003 0039 00000000
[     122.994858] /dev/input/event1: 0003 0030 00000026
[     122.994858] /dev/input/event1: 0003 003a 00000081
[     122.994858] /dev/input/event1: 0003 0035 0000538d
[     122.994858] /dev/input/event1: 0003 0036 000051cc
[     122.994858] /dev/input/event1: 0000 0000 00000000
[     123.085052] /dev/input/event1: 0003 003a 00000000
[     123.085052] /dev/input/event1: 0003 0039 ffffffff
[     123.085052] /dev/input/event1: 0000 0000 00000000
[     123.962089] /dev/input/event1: 0003 0039 00000000
[     123.962089] /dev/input/event1: 0003 0030 00000027
[     123.962089] /dev/input/event1: 0003 003a 00000081
[     123.962089] /dev/input/event1: 0003 0035 00002758
[     123.962089] /dev/input/event1: 0003 0036 00006621
[     123.962089] /dev/input/event1: 0000 0000 00000000
[     124.050755] /dev/input/event1: 0003 003a 00000000
[     124.050755] /dev/input/event1: 0003 0039 ffffffff
[     124.050755] /dev/input/event1: 0000 0000 00000000
[     124.739289] /dev/input/event1: 0003 0039 00000000
[     124.739289] /dev/input/event1: 0003 0030 00000028
[     124.739289] /dev/input/event1: 0003 003a 00000081
[     124.739289] /dev/input/event1: 0003 0035 00003bd9
[     124.739289] /dev/input/event1: 0003 0036 00007121
[     124.739289] /dev/input/event1: 0000 0000 00000000
[     124.828401] /dev/input/event1: 0003 003a 00000000
[     124.828401] /dev/input/event1: 0003 0039 ffffffff
[     124.828401] /dev/input/event1: 0000 0000 00000000
[     125.784628] /dev/input/event1: 0003 0039 00000000
[     125.784628] /dev/input/event1: 0003 0030 00000029
[     125.784628] /dev/input/event1: 0003 003a 00000081
[     125.784628] /dev/input/event1: 0003 0035 00000ceb
[     125.784628] /dev/input/event1: 0003 0036 00006765
[     125.784628] /dev/input/event1: 0000 0000 00000000
[     125.873010] /dev/input/event1: 0003 003a 00000000
[     125.873010] /dev/input/event1: 0003 0039 ffffffff
[     125.873010] /dev/input/event1: 0000 0000 00000000
[     126.875401] /dev/input/event1: 0003 0039 00000000
[     126.875401] /dev/input/event1: 0003 0030 0000002a
[     126.875401] /dev/input/event1: 0003 003a 00000081
[     126.875401] /dev/input/event1: 0003 0035 00006eee
[     126.875401] /dev/input/event1: 0003 0036 000050cc
[     126.875401] /dev/input/event1: 0000 0000 00000000
[     126.941566] /dev/input/event1: 0003 003a 00000000
[     126.941566] /dev/input/event1: 0003 0039 ffffffff
[     126.941566] /dev/input/event1: 0000 0000 00000000
[     127.944678] /dev/input/event1: 0003 0039 00000000
[     127.944678] /dev/input/event1: 0003 0030 0000002b
[     127.944678] /dev/input/event1: 0003 003a 00000081
[     127.944678] /dev/input/event1: 0003 0035 00005684
[     127.944678] /dev/input/event1: 0003 0036 000050aa
[     127.944678] /dev/input/event1: 0000 0000 00000000
[     128.021758] /dev/input/event1: 0003 003a 00000000
[     128.021758] /dev/input/event1: 0003 0039 ffffffff
[     128.021758] /dev/input/event1: 0000 0000 00000000
[     129.115293] /dev/input/event1: 0003 0039 00000000
[     129.115293] /dev/input/event1: 0003 0030 0000002c
[     129.115293] /dev/input/event1: 0003 003a 00000081
[     129.115293] /dev/input/event1: 0003 0035 00003b23
[     129.115293] /dev/input/event1: 0003 0036 00005187
[     129.115293] /dev/input/event1: 0000 0000 00000000
[     129.169097] /dev/input/event1: 0003 003a 00000000
[     129.169097] /dev/input/event1: 0003 0039 ffffffff
[     129.169097] /dev/input/event1: 0000 0000 00000000
[     130.126528] /dev/input/event1: 0003 0039 00000000
[     130.126528] /dev/input/event1: 0003 0030 0000002d
[     130.126528] /dev/input/event1: 0003 003a 00000081
[     130.126528] /dev/input/event1: 0003 0035 00007202
[     130.126528] /dev/input/event1: 0003 0036 000059cc
[     130.126528] /dev/input/event1: 0000 0000 00000000
[     130.204482] /dev/input/event1: 0003 003a 00000000
[     130.204482] /dev/input/event1: 0003 0039 ffffffff
[     130.204482] /dev/input/event1: 0000 0000 00000000
[     131.104674] /dev/input/event1: 0003 0039 00000000
[     131.104674] /dev/input/event1: 0003 0030 0000002e
[     131.104674] /dev/input/event1: 0003 003a 00000081
[     131.104674] /dev/input/event1: 0003 0035 00000cae
[     131.104674] /dev/input/event1: 0003 0036 00005a87
[     131.104674] /dev/input/event1: 0000 0000 00000000
[     131.160635] /dev/input/event1: 0003 003a 00000000
[     131.160635] /dev/input/event1: 0003 0039 ffffffff
[     131.160635] /dev/input/event1: 0000 0000 00000000
[     131.769706] /dev/input/event1: 0003 0039 00000000
[     131.769706] /dev/input/event1: 0003 0030 0000002f
[     131.769706] /dev/input/event1: 0003 003a 00000081
[     131.769706] /dev/input/event1: 0003 0035 00001333
[     131.769706] /dev/input/event1: 0003 0036 00005065
[     131.769706] /dev/input/event1: 0000 0000 00000000
[     131.846329] /dev/input/event1: 0003 003a 00000000
[     131.846329] /dev/input/event1: 0003 0039 ffffffff
[     131.846329] /dev/input/event1: 0000 0000 00000000
[     132.861421] /dev/input/event1: 0003 0039 00000000
[     132.861421] /dev/input/event1: 0003 0030 00000030
[     132.861421] /dev/input/event1: 0003 003a 00000081
[     132.861421] /dev/input/event1: 0003 0035 00001920
[     132.861421] /dev/input/event1: 0003 0036 00005aa9
[     132.861421] /dev/input/event1: 0000 0000 00000000
[     132.962305] /dev/input/event1: 0003 003a 00000000
[     132.962305] /dev/input/event1: 0003 0039 ffffffff
[     132.962305] /dev/input/event1: 0000 0000 00000000
[     136.179925] /dev/input/event1: 0003 0039 00000000
[     136.179925] /dev/input/event1: 0003 0030 00000031
[     136.179925] /dev/input/event1: 0003 003a 00000081
[     136.179925] /dev/input/event1: 0003 0035 000074bc
[     136.179925] /dev/input/event1: 0003 0036 00007243
[     136.179925] /dev/input/event1: 0000 0000 00000000
[     136.291972] /dev/input/event1: 0003 003a 00000000
[     136.291972] /dev/input/event1: 0003 0039 ffffffff
[     136.291972] /dev/input/event1: 0000 0000 00000000
[     143.637947] /dev/input/event1: 0003 0039 00000000
[     143.637947] /dev/input/event1: 0003 0030 00000032
[     143.637947] /dev/input/event1: 0003 003a 00000081
[     143.637947] /dev/input/event1: 0003 0035 00003999
[     143.637947] /dev/input/event1: 0003 0036 00001466
[     143.637947] /dev/input/event1: 0000 0000 00000000
[     143.738708] /dev/input/event1: 0003 003a 00000000
[     143.738708] /dev/input/event1: 0003 0039 ffffffff
[     143.738708] /dev/input/event1: 0000 0000 00000000
[     147.529960] /dev/input/event1: 0003 0039 00000000
[     147.529960] /dev/input/event1: 0003 0030 00000033
[     147.529960] /dev/input/event1: 0003 003a 00000081
[     147.529960] /dev/input/event1: 0003 0035 000040b5
[     147.529960] /dev/input/event1: 0003 0036 00002943
[     147.529960] /dev/input/event1: 0000 0000 00000000
[     147.641411] /dev/input/event1: 0003 003a 00000000
[     147.641411] /dev/input/event1: 0003 0039 ffffffff
[     147.641411] /dev/input/event1: 0000 0000 00000000
[     153.683746] /dev/input/event1: 0003 0039 00000000
[     153.683746] /dev/input/event1: 0003 0030 00000034
[     153.683746] /dev/input/event1: 0003 003a 00000081
[     153.683746] /dev/input/event1: 0003 0035 00004480
[     153.683746] /dev/input/event1: 0003 0036 00002a21
[     153.683746] /dev/input/event1: 0000 0000 00000000
[     153.785929] /dev/input/event1: 0003 003a 00000000
[     153.785929] /dev/input/event1: 0003 0039 ffffffff
[     153.785929] /dev/input/event1: 0000 0000 00000000
[     159.129728] /dev/input/event1: 0003 0039 00000000
[     159.129728] /dev/input/event1: 0003 0030 00000035
[     159.129728] /dev/input/event1: 0003 003a 00000081
[     159.129728] /dev/input/event1: 0003 0035 00003eee
[     159.129728] /dev/input/event1: 0003 0036 00000922
[     159.129728] /dev/input/event1: 0000 0000 00000000
[     159.242233] /dev/input/event1: 0003 003a 00000000
[     159.242233] /dev/input/event1: 0003 0039 ffffffff
[     159.242233] /dev/input/event1: 0000 0000 00000000
[     161.874220] /dev/input/event1: 0003 0039 00000000
[     161.874220] /dev/input/event1: 0003 0030 00000036
[     161.874220] /dev/input/event1: 0003 003a 00000081
[     161.874220] /dev/input/event1: 0003 0035 0000071c
[     161.874220] /dev/input/event1: 0003 0036 000066a9
[     161.874220] /dev/input/event1: 0000 0000 00000000
[     161.975061] /dev/input/event1: 0003 003a 00000000
[     161.975061] /dev/input/event1: 0003 0039 ffffffff
[     161.975061] /dev/input/event1: 0000 0000 00000000
[     163.010358] /dev/input/event1: 0003 0039 00000000
[     163.010358] /dev/input/event1: 0003 0030 00000037
[     163.010358] /dev/input/event1: 0003 003a 00000081
[     163.010358] /dev/input/event1: 0003 0035 00005fff
[     163.010358] /dev/input/event1: 0003 0036 000050cc
[     163.010358] /dev/input/event1: 0000 0000 00000000
[     163.076202] /dev/input/event1: 0003 003a 00000000
[     163.076202] /dev/input/event1: 0003 0039 ffffffff
[     163.076202] /dev/input/event1: 0000 0000 00000000
[     164.000116] /dev/input/event1: 0003 0039 00000000
[     164.000116] /dev/input/event1: 0003 0030 00000038
[     164.000116] /dev/input/event1: 0003 003a 00000081
[     164.000116] /dev/input/event1: 0003 0035 00006554
[     164.000116] /dev/input/event1: 0003 0036 000064cc
[     164.000116] /dev/input/event1: 0000 0000 00000000
[     164.101267] /dev/input/event1: 0003 003a 00000000
[     164.101267] /dev/input/event1: 0003 0039 ffffffff
[     164.101267] /dev/input/event1: 0000 0000 00000000
[     165.058100] /dev/input/event1: 0003 0039 00000000
[     165.058100] /dev/input/event1: 0003 0030 00000039
[     165.058100] /dev/input/event1: 0003 003a 00000081
[     165.058100] /dev/input/event1: 0003 0035 0000771b
[     165.058100] /dev/input/event1: 0003 0036 00005243
[     165.058100] /dev/input/event1: 0000 0000 00000000
[     165.134752] /dev/input/event1: 0003 003a 00000000
[     165.134752] /dev/input/event1: 0003 0039 ffffffff
[     165.134752] /dev/input/event1: 0000 0000 00000000
[     165.901557] /dev/input/event1: 0003 0039 00000000
[     165.901557] /dev/input/event1: 0003 0030 0000003a
[     165.901557] /dev/input/event1: 0003 003a 00000081
[     165.901557] /dev/input/event1: 0003 0035 00006b5f
[     165.901557] /dev/input/event1: 0003 0036 000051ff
[     165.901557] /dev/input/event1: 0000 0000 00000000
[     166.002180] /dev/input/event1: 0003 003a 00000000
[     166.002180] /dev/input/event1: 0003 0039 ffffffff
[     166.002180] /dev/input/event1: 0000 0000 00000000
[     166.981819] /dev/input/event1: 0003 0039 00000000
[     166.981819] /dev/input/event1: 0003 0030 0000003b
[     166.981819] /dev/input/event1: 0003 003a 00000081
[     166.981819] /dev/input/event1: 0003 0035 00002cea
[     166.981819] /dev/input/event1: 0003 0036 000051aa
[     166.981819] /dev/input/event1: 0000 0000 00000000
[     167.047141] /dev/input/event1: 0003 003a 00000000
[     167.047141] /dev/input/event1: 0003 0039 ffffffff
[     167.047141] /dev/input/event1: 0000 0000 00000000
[     167.881600] /dev/input/event1: 0003 0039 00000000
[     167.881600] /dev/input/event1: 0003 0030 0000003c
[     167.881600] /dev/input/event1: 0003 003a 00000081
[     167.881600] /dev/input/event1: 0003 0035 00003a12
[     167.881600] /dev/input/event1: 0003 0036 000050ff
[     167.881600] /dev/input/event1: 0000 0000 00000000
[     167.958300] /dev/input/event1: 0003 003a 00000000
[     167.958300] /dev/input/event1: 0003 0039 ffffffff
[     167.958300] /dev/input/event1: 0000 0000 00000000
[     168.714104] /dev/input/event1: 0003 0039 00000000
[     168.714104] /dev/input/event1: 0003 0030 0000003d
[     168.714104] /dev/input/event1: 0003 003a 00000081
[     168.714104] /dev/input/event1: 0003 0035 00000b23
[     168.714104] /dev/input/event1: 0003 0036 00005c65
[     168.714104] /dev/input/event1: 0000 0000 00000000
[     168.779705] /dev/input/event1: 0003 003a 00000000
[     168.779705] /dev/input/event1: 0003 0039 ffffffff
[     168.779705] /dev/input/event1: 0000 0000 00000000
[     169.736661] /dev/input/event1: 0003 0039 00000000
[     169.736661] /dev/input/event1: 0003 0030 0000003e
[     169.736661] /dev/input/event1: 0003 003a 00000081
[     169.736661] /dev/input/event1: 0003 0035 000058e2
[     169.736661] /dev/input/event1: 0003 0036 00006565
[     169.736661] /dev/input/event1: 0000 0000 00000000
[     169.814843] /dev/input/event1: 0003 003a 00000000
[     169.814843] /dev/input/event1: 0003 0039 ffffffff
[     169.814843] /dev/input/event1: 0000 0000 00000000
[     170.683320] /dev/input/event1: 0003 0039 00000000
[     170.683320] /dev/input/event1: 0003 0030 0000003f
[     170.683320] /dev/input/event1: 0003 003a 00000081
[     170.683320] /dev/input/event1: 0003 0035 00003a4f
[     170.683320] /dev/input/event1: 0003 0036 000051ff
[     170.683320] /dev/input/event1: 0000 0000 00000000
[     170.749393] /dev/input/event1: 0003 003a 00000000
[     170.749393] /dev/input/event1: 0003 0039 ffffffff
[     170.749393] /dev/input/event1: 0000 0000 00000000
[     171.729645] /dev/input/event1: 0003 0039 00000000
[     171.729645] /dev/input/event1: 0003 0030 00000040
[     171.729645] /dev/input/event1: 0003 003a 00000081
[     171.729645] /dev/input/event1: 0003 0035 0000427c
[     171.729645] /dev/input/event1: 0003 0036 000071a9
[     171.729645] /dev/input/event1: 0000 0000 00000000
[     171.818148] /dev/input/event1: 0003 003a 00000000
[     171.818148] /dev/input/event1: 0003 0039 ffffffff
[     171.818148] /dev/input/event1: 0000 0000 00000000
[     172.863744] /dev/input/event1: 0003 0039 00000000
[     172.863744] /dev/input/event1: 0003 0030 00000041
[     172.863744] /dev/input/event1: 0003 003a 00000081
[     172.863744] /dev/input/event1: 0003 0035 0000095c
[     172.863744] /dev/input/event1: 0003 0036 000066ff
[     172.863744] /dev/input/event1: 0000 0000 00000000
[     172.941789] /dev/input/event1: 0003 0035 00000999
[     172.941789] /dev/input/event1: 0000 0000 00000000
[     172.954912] /dev/input/event1: 0003 003a 00000000
[     172.954912] /dev/input/event1: 0003 0039 ffffffff
[     172.954912] /dev/input/event1: 0000 0000 00000000
[     173.967465] /dev/input/event1: 0003 0039 00000000
[     173.967465] /dev/input/event1: 0003 0030 00000042
[     173.967465] /dev/input/event1: 0003 003a 00000081
[     173.967465] /dev/input/event1: 0003 0035 000066c0
[     173.967465] /dev/input/event1: 0003 0036 000066cb
[     173.967465] /dev/input/event1: 0000 0000 00000000
[     174.067272] /dev/input/event1: 0003 003a 00000000
[     174.067272] /dev/input/event1: 0003 0039 ffffffff
[     174.067272] /dev/input/event1: 0000 0000 00000000
[     174.946716] /dev/input/event1: 0003 0039 00000000
[     174.946716] /dev/input/event1: 0003 0030 00000043
[     174.946716] /dev/input/event1: 0003 003a 00000081
[     174.946716] /dev/input/event1: 0003 0035 0000216b
[     174.946716] /dev/input/event1: 0003 0036 00005187
[     174.946716] /dev/input/event1: 0000 0000 00000000
[     175.011912] /dev/input/event1: 0003 003a 00000000
[     175.011912] /dev/input/event1: 0003 0039 ffffffff
[     175.011912] /dev/input/event1: 0000 0000 00000000
[     175.711621] /dev/input/event1: 0003 0039 00000000
[     175.711621] /dev/input/event1: 0003 0030 00000044
[     175.711621] /dev/input/event1: 0003 003a 00000081
[     175.711621] /dev/input/event1: 0003 0035 0000184b
[     175.711621] /dev/input/event1: 0003 0036 00005b87
[     175.711621] /dev/input/event1: 0000 0000 00000000
[     175.776890] /dev/input/event1: 0003 003a 00000000
[     175.776890] /dev/input/event1: 0003 0039 ffffffff
[     175.776890] /dev/input/event1: 0000 0000 00000000
[     176.329303] /dev/input/event1: 0003 0039 00000000
[     176.329303] /dev/input/event1: 0003 0030 00000045
[     176.329303] /dev/input/event1: 0003 003a 00000081
[     176.329303] /dev/input/event1: 0000 0000 00000000
[     176.429970] /dev/input/event1: 0003 003a 00000000
[     176.429970] /dev/input/event1: 0003 0039 ffffffff
[     176.429970] /dev/input/event1: 0000 0000 00000000
[     177.162984] /dev/input/event1: 0003 0039 00000000
[     177.162984] /dev/input/event1: 0003 0030 00000046
[     177.162984] /dev/input/event1: 0003 003a 00000081
[     177.162984] /dev/input/event1: 0003 0035 00000d27
[     177.162984] /dev/input/event1: 0003 0036 00005ba9
[     177.162984] /dev/input/event1: 0000 0000 00000000
[     177.239350] /dev/input/event1: 0003 003a 00000000
[     177.239350] /dev/input/event1: 0003 0039 ffffffff
[     177.239350] /dev/input/event1: 0000 0000 00000000
[     178.287000] /dev/input/event1: 0003 0039 00000000
[     178.287000] /dev/input/event1: 0003 0030 00000047
[     178.287000] /dev/input/event1: 0003 003a 00000081
[     178.287000] /dev/input/event1: 0003 0035 0000416b
[     178.287000] /dev/input/event1: 0003 0036 00005bcc
[     178.287000] /dev/input/event1: 0000 0000 00000000
[     178.376376] /dev/input/event1: 0003 003a 00000000
[     178.376376] /dev/input/event1: 0003 0039 ffffffff
[     178.376376] /dev/input/event1: 0000 0000 00000000
[     179.120681] /dev/input/event1: 0003 0039 00000000
[     179.120681] /dev/input/event1: 0003 0030 00000048
[     179.120681] /dev/input/event1: 0003 003a 00000081
[     179.120681] /dev/input/event1: 0003 0035 00001fff
[     179.120681] /dev/input/event1: 0003 0036 00005187
[     179.120681] /dev/input/event1: 0000 0000 00000000
[     179.185768] /dev/input/event1: 0003 003a 00000000
[     179.185768] /dev/input/event1: 0003 0039 ffffffff
[     179.185768] /dev/input/event1: 0000 0000 00000000
[     185.477053] /dev/input/event1: 0003 0039 00000000
[     185.477053] /dev/input/event1: 0003 0030 00000049
[     185.477053] /dev/input/event1: 0003 003a 00000081
[     185.477053] /dev/input/event1: 0003 0035 000077d1
[     185.477053] /dev/input/event1: 0003 0036 00007121
[     185.477053] /dev/input/event1: 0000 0000 00000000
[     185.577878] /dev/input/event1: 0003 003a 00000000
[     185.577878] /dev/input/event1: 0003 0039 ffffffff
[     185.577878] /dev/input/event1: 0000 0000 00000000
[     189.785302] /dev/input/event1: 0003 0039 00000000
[     189.785302] /dev/input/event1: 0003 0030 0000004a
[     189.785302] /dev/input/event1: 0003 003a 00000081
[     189.785302] /dev/input/event1: 0003 0035 00004407
[     189.785302] /dev/input/event1: 0003 0036 000019cc
[     189.785302] /dev/input/event1: 0000 0000 00000000
[     189.862416] /dev/input/event1: 0003 003a 00000000
[     189.862416] /dev/input/event1: 0003 0039 ffffffff
[     189.862416] /dev/input/event1: 0000 0000 00000000
[     193.833793] /dev/input/event1: 0003 0039 00000000
[     193.833793] /dev/input/event1: 0003 0030 0000004b
[     193.833793] /dev/input/event1: 0003 003a 00000081
[     193.833793] /dev/input/event1: 0003 0035 00001eb2
[     193.833793] /dev/input/event1: 0003 0036 00002144
[     193.833793] /dev/input/event1: 0000 0000 00000000
[     193.923913] /dev/input/event1: 0003 003a 00000000
[     193.923913] /dev/input/event1: 0003 0039 ffffffff
[     193.923913] /dev/input/event1: 0000 0000 00000000
[     196.344083] /dev/input/event1: 0003 0039 00000000
[     196.344083] /dev/input/event1: 0003 0030 0000004c
[     196.344083] /dev/input/event1: 0003 003a 00000081
[     196.344083] /dev/input/event1: 0003 0035 00001ae7
[     196.344083] /dev/input/event1: 0003 0036 000054aa
[     196.344083] /dev/input/event1: 0000 0000 00000000
[     196.421528] /dev/input/event1: 0003 003a 00000000
[     196.421528] /dev/input/event1: 0003 0039 ffffffff
[     196.421528] /dev/input/event1: 0000 0000 00000000
[     201.282757] /dev/input/event1: 0003 0039 00000000
[     201.282757] /dev/input/event1: 0003 0030 0000004d
[     201.282757] /dev/input/event1: 0003 003a 00000081
[     201.282757] /dev/input/event1: 0003 0035 00000920
[     201.282757] /dev/input/event1: 0003 0036 00000966
[     201.282757] /dev/input/event1: 0000 0000 00000000
[     201.405237] /dev/input/event1: 0003 003a 00000000
[     201.405237] /dev/input/event1: 0003 0039 ffffffff
[     201.405237] /dev/input/event1: 0000 0000 00000000
[     202.339091] /dev/input/event1: 0003 0039 00000000
[     202.339091] /dev/input/event1: 0003 0030 0000004e
[     202.339091] /dev/input/event1: 0003 003a 00000081
[     202.339091] /dev/input/event1: 0000 0000 00000000
[     202.428821] /dev/input/event1: 0003 003a 00000000
[     202.428821] /dev/input/event1: 0003 0039 ffffffff
[     202.428821] /dev/input/event1: 0000 0000 00000000
[     203.396719] /dev/input/event1: 0003 0039 00000000
[     203.396719] /dev/input/event1: 0003 0030 0000004f
[     203.396719] /dev/input/event1: 0003 003a 00000081
[     203.396719] /dev/input/event1: 0000 0000 00000000
[     203.475011] /dev/input/event1: 0003 003a 00000000
[     203.475011] /dev/input/event1: 0003 0039 ffffffff
[     203.475011] /dev/input/event1: 0000 0000 00000000
[     205.027539] /dev/input/event1: 0003 0039 00000000
[     205.027539] /dev/input/event1: 0003 0030 00000050
[     205.027539] /dev/input/event1: 0003 003a 00000081
[     205.027539] /dev/input/event1: 0003 0035 000020b5
[     205.027539] /dev/input/event1: 0003 0036 00000a44
[     205.027539] /dev/input/event1: 0000 0000 00000000
[     205.130141] /dev/input/event1: 0003 003a 00000000
[     205.130141] /dev/input/event1: 0003 0039 ffffffff
[     205.130141] /dev/input/event1: 0000 0000 00000000