add device 1: /dev/input/event0
  name:     "Power Button"
add device 2: /dev/input/event1
  name:     "qwerty2"
[    1072.544171] /dev/input/event1: 0003 0039 00000000
[    1072.544171] /dev/input/event1: 0003 0030 000000b8
[    1072.544171] /dev/input/event1: 0003 003a 00000081
[    1072.544171] /dev/input/event1: 0003 0035 00002407
[    1072.544171] /dev/input/event1: 0003 0036 00003377
[    1072.544171] /dev/input/event1: 0000 0000 00000000
[    1072.645984] /dev/input/event1: 0003 003a 00000000
[    1072.645984] /dev/input/event1: 0003 0039 ffffffff
[    1072.645984] /dev/input/event1: 0000 0000 00000000
[    1074.132592] /dev/input/event1: 0003 0039 00000000
[    1074.132592] /dev/input/event1: 0003 0030 000000b9
[    1074.132592] /dev/input/event1: 0003 003a 00000081
[    1074.132592] /dev/input/event1: 0003 0035 00002bd9
[    1074.132592] /dev/input/event1: 0003 0036 00002dff
[    1074.132592] /dev/input/event1: 0000 0000 00000000
[    1074.239569] /dev/input/event1: 0003 003a 00000000
[    1074.239569] /dev/input/event1: 0003 0039 ffffffff
[    1074.239569] /dev/input/event1: 0000 0000 00000000
[    1076.129962] /dev/input/event1: 0003 0039 00000000
[    1076.129962] /dev/input/event1: 0003 0030 000000ba
[    1076.129962] /dev/input/event1: 0003 003a 00000081
[    1076.129962] /dev/input/event1: 0003 0035 00003332
[    1076.129962] /dev/input/event1: 0003 0036 00006543
[    1076.129962] /dev/input/event1: 0000 0000 00000000
[    1076.194278] /dev/input/event1: 0003 003a 00000000
[    1076.194278] /dev/input/event1: 0003 0039 ffffffff
[    1076.194278] /dev/input/event1: 0000 0000 00000000
[    1076.999197] /dev/input/event1: 0003 0039 00000000
[    1076.999197] /dev/input/event1: 0003 0030 000000bb
[    1076.999197] /dev/input/event1: 0003 003a 00000081
[    1076.999197] /dev/input/event1: 0003 0035 000075cd
[    1076.999197] /dev/input/event1: 0003 0036 00005b76
[    1076.999197] /dev/input/event1: 0000 0000 00000000
[    1077.059543] /dev/input/event1: 0003 003a 00000000
[    1077.059543] /dev/input/event1: 0003 0039 ffffffff
[    1077.059543] /dev/input/event1: 0000 0000 00000000
[    1078.199711] /dev/input/event1: 0003 0039 00000000
[    1078.199711] /dev/input/event1: 0003 0030 000000bc
[    1078.199711] /dev/input/event1: 0003 003a 00000081
[    1078.199711] /dev/input/event1: 0003 0035 00000b7e
[    1078.199711] /dev/input/event1: 0003 0036 00005b10
[    1078.199711] /dev/input/event1: 0000 0000 00000000
[    1078.279001] /dev/input/event1: 0003 003a 00000000
[    1078.279001] /dev/input/event1: 0003 0039 ffffffff
[    1078.279001] /dev/input/event1: 0000 0000 00000000
[    1078.773729] /dev/input/event1: 0003 0039 00000000
[    1078.773729] /dev/input/event1: 0003 0030 000000bd
[    1078.773729] /dev/input/event1: 0003 003a 00000081
[    1078.773729] /dev/input/event1: 0003 0035 0000184b
[    1078.773729] /dev/input/event1: 0003 0036 00005bdd
[    1078.773729] /dev/input/event1: 0000 0000 00000000
[    1078.871165] /dev/input/event1: 0003 003a 00000000
[    1078.871165] /dev/input/event1: 0003 0039 ffffffff
[    1078.871165] /dev/input/event1: 0000 0000 00000000
[    1079.238609] /dev/input/event1: 0003 0039 00000000
[    1079.238609] /dev/input/event1: 0003 0030 000000be
[    1079.238609] /dev/input/event1: 0003 003a 00000081
[    1079.238609] /dev/input/event1: 0000 0000 00000000
[    1079.349741] /dev/input/event1: 0003 003a 00000000
[    1079.349741] /dev/input/event1: 0003 0039 ffffffff
[    1079.349741] /dev/input/event1: 0000 0000 00000000
[    1080.458429] /dev/input/event1: 0003 0039 00000000
[    1080.458429] /dev/input/event1: 0003 0030 000000bf
[    1080.458429] /dev/input/event1: 0003 003a 00000081
[    1080.458429] /dev/input/event1: 0003 0035 00005ecf
[    1080.458429] /dev/input/event1: 0003 0036 00005032
[    1080.458429] /dev/input/event1: 0000 0000 00000000
[    1080.459096] /dev/input/event1: 0003 0035 00005f0c
[    1080.459096] /dev/input/event1: 0000 0000 00000000
[    1080.535681] /dev/input/event1: 0003 003a 00000000
[    1080.535681] /dev/input/event1: 0003 0039 ffffffff
[    1080.535681] /dev/input/event1: 0000 0000 00000000
[    1081.390529] /dev/input/event1: 0003 0039 00000000
[    1081.390529] /dev/input/event1: 0003 0030 000000c0
[    1081.390529] /dev/input/event1: 0003 003a 00000081
[    1081.390529] /dev/input/event1: 0003 0035 0000338d
[    1081.390529] /dev/input/event1: 0003 0036 000065a9
[    1081.390529] /dev/input/event1: 0000 0000 00000000
[    1081.466128] /dev/input/event1: 0003 003a 00000000
[    1081.466128] /dev/input/event1: 0003 0039 ffffffff
[    1081.466128] /dev/input/event1: 0000 0000 00000000
[    1082.236093] /dev/input/event1: 0003 0039 00000000
[    1082.236093] /dev/input/event1: 0003 0030 000000c1
[    1082.236093] /dev/input/event1: 0003 003a 00000081
[    1082.236093] /dev/input/event1: 0003 0035 000076fd
[    1082.236093] /dev/input/event1: 0003 0036 000070ee
[    1082.236093] /dev/input/event1: 0000 0000 00000000
[    1082.297830] /dev/input/event1: 0003 003a 00000000
[    1082.297830] /dev/input/event1: 0003 0039 ffffffff
[    1082.297830] /dev/input/event1: 0000 0000 00000000
[    1086.452001] /dev/input/event1: 0003 0039 00000000
[    1086.452001] /dev/input/event1: 0003 0030 000000c2
[    1086.452001] /dev/input/event1: 0003 003a 00000081
[    1086.452001] /dev/input/event1: 0003 0035 0000316b
[    1086.452001] /dev/input/event1: 0003 0036 00004454
[    1086.452001] /dev/input/event1: 0000 0000 00000000
[    1086.546001] /dev/input/event1: 0003 003a 00000000
[    1086.546001] /dev/input/event1: 0003 0039 ffffffff
[    1086.546001] /dev/input/event1: 0000 0000 00000000
[    1089.256791] /dev/input/event1: 0003 0039 00000000
[    1089.256791] /dev/input/event1: 0003 0030 000000c3
[    1089.256791] /dev/input/event1: 0003 003a 00000081
[    1089.256791] /dev/input/event1: 0003 0035 00003c34
[    1089.256791] /dev/input/event1: 0003 0036 00005d54
[    1089.256791] /dev/input/event1: 0000 0000 00000000
[    1089.302097] /dev/input/event1: 0003 0035 00003c16
[    1089.302097] /dev/input/event1: 0003 0036 00005d32
[    1089.302097] /dev/input/event1: 0000 0000 00000000
[    1089.306038] /dev/input/event1: 0003 0036 00005d10
[    1089.306038] /dev/input/event1: 0000 0000 00000000
[    1089.317278] /dev/input/event1: 0003 0035 00003bd9
[    1089.317278] /dev/input/event1: 0003 0036 00005ca9
[    1089.317278] /dev/input/event1: 0000 0000 00000000
[    1089.322464] /dev/input/event1: 0003 0036 00005c32
[    1089.322464] /dev/input/event1: 0000 0000 00000000
[    1089.334148] /dev/input/event1: 0003 0035 00003bbb
[    1089.334148] /dev/input/event1: 0003 0036 00005ba9
[    1089.334148] /dev/input/event1: 0000 0000 00000000
[    1089.338665] /dev/input/event1: 0003 0036 00005b43
[    1089.338665] /dev/input/event1: 0000 0000 00000000
[    1089.351148] /dev/input/event1: 0003 0035 00003b7e
[    1089.351148] /dev/input/event1: 0003 0036 00005add
[    1089.351148] /dev/input/event1: 0000 0000 00000000
[    1089.353609] /dev/input/event1: 0003 0036 00005a43
[    1089.353609] /dev/input/event1: 0000 0000 00000000
[    1089.365117] /dev/input/event1: 0003 0036 000059a9
[    1089.365117] /dev/input/event1: 0000 0000 00000000
[    1089.371118] /dev/input/event1: 0003 0036 00005910
[    1089.371118] /dev/input/event1: 0000 0000 00000000
[    1089.381444] /dev/input/event1: 0003 0036 00005865
[    1089.381444] /dev/input/event1: 0000 0000 00000000
[    1089.385443] /dev/input/event1: 0003 0036 000057a9
[    1089.385443] /dev/input/event1: 0000 0000 00000000
[    1089.397193] /dev/input/event1: 0003 0036 00005710
[    1089.397193] /dev/input/event1: 0000 0000 00000000
[    1089.401076] /dev/input/event1: 0003 0036 00005643
[    1089.401076] /dev/input/event1: 0000 0000 00000000
[    1089.413309] /dev/input/event1: 0003 0036 00005576
[    1089.413309] /dev/input/event1: 0000 0000 00000000
[    1089.417378] /dev/input/event1: 0003 0036 00005498
[    1089.417378] /dev/input/event1: 0000 0000 00000000
[    1089.429162] /dev/input/event1: 0003 0036 000053aa
[    1089.429162] /dev/input/event1: 0000 0000 00000000
[    1089.434381] /dev/input/event1: 0003 0036 000052cc
[    1089.434381] /dev/input/event1: 0000 0000 00000000
[    1089.445315] /dev/input/event1: 0003 0036 000051dd
[    1089.445315] /dev/input/event1: 0000 0000 00000000
[    1089.449066] /dev/input/event1: 0003 0036 000050dd
[    1089.449066] /dev/input/event1: 0000 0000 00000000
[    1089.461536] /dev/input/event1: 0003 0036 00004fdd
[    1089.461536] /dev/input/event1: 0000 0000 00000000
[    1089.465432] /dev/input/event1: 0003 0035 00003b60
[    1089.465432] /dev/input/event1: 0003 0036 00004eaa
[    1089.465432] /dev/input/event1: 0000 0000 00000000
[    1089.477462] /dev/input/event1: 0003 0035 00003b23
[    1089.477462] /dev/input/event1: 0003 0036 00004d76
[    1089.477462] /dev/input/event1: 0000 0000 00000000
[    1089.481374] /dev/input/event1: 0003 0035 00003b05
[    1089.481374] /dev/input/event1: 0003 0036 00004c43
[    1089.481374] /dev/input/event1: 0000 0000 00000000
[    1089.493408] /dev/input/event1: 0003 0036 00004b10
[    1089.493408] /dev/input/event1: 0000 0000 00000000
[    1089.497375] /dev/input/event1: 0003 0036 00004a10
[    1089.497375] /dev/input/event1: 0000 0000 00000000
[    1089.509981] /dev/input/event1: 0003 0036 00004910
[    1089.509981] /dev/input/event1: 0000 0000 00000000
[    1089.514098] /dev/input/event1: 0003 0036 00004810
[    1089.514098] /dev/input/event1: 0000 0000 00000000
[    1089.525841] /dev/input/event1: 0003 0036 00004732
[    1089.525841] /dev/input/event1: 0000 0000 00000000
[    1089.529815] /dev/input/event1: 0003 0036 00004632
[    1089.529815] /dev/input/event1: 0000 0000 00000000
[    1089.541156] /dev/input/event1: 0003 0036 00004532
[    1089.541156] /dev/input/event1: 0000 0000 00000000
[    1089.545346] /dev/input/event1: 0003 0036 00004432
[    1089.545346] /dev/input/event1: 0000 0000 00000000
[    1089.557303] /dev/input/event1: 0003 0036 00004332
[    1089.557303] /dev/input/event1: 0000 0000 00000000
[    1089.561146] /dev/input/event1: 0003 0036 00004243
[    1089.561146] /dev/input/event1: 0000 0000 00000000
[    1089.573110] /dev/input/event1: 0003 0035 00003b23
[    1089.573110] /dev/input/event1: 0003 0036 00004165
[    1089.573110] /dev/input/event1: 0000 0000 00000000
[    1089.577253] /dev/input/event1: 0003 0036 00004076
[    1089.577253] /dev/input/event1: 0000 0000 00000000
[    1089.589876] /dev/input/event1: 0003 0035 00003b41
[    1089.589876] /dev/input/event1: 0003 0036 00003f99
[    1089.589876] /dev/input/event1: 0000 0000 00000000
[    1089.593720] /dev/input/event1: 0003 0036 00003ecc
[    1089.593720] /dev/input/event1: 0000 0000 00000000
[    1089.605255] /dev/input/event1: 0003 0036 00003ddd
[    1089.605255] /dev/input/event1: 0000 0000 00000000
[    1089.608939] /dev/input/event1: 0003 0036 00003cff
[    1089.608939] /dev/input/event1: 0000 0000 00000000
[    1089.621399] /dev/input/event1: 0003 0036 00003c32
[    1089.621399] /dev/input/event1: 0000 0000 00000000
[    1089.625308] /dev/input/event1: 0003 0036 00003b77
[    1089.625308] /dev/input/event1: 0000 0000 00000000
[    1089.637479] /dev/input/event1: 0003 0036 00003acc
[    1089.637479] /dev/input/event1: 0000 0000 00000000
[    1089.641686] /dev/input/event1: 0003 0036 00003a32
[    1089.641686] /dev/input/event1: 0000 0000 00000000
[    1089.653850] /dev/input/event1: 0003 0036 000039aa
[    1089.653850] /dev/input/event1: 0000 0000 00000000
[    1089.657233] /dev/input/event1: 0003 0036 00003932
[    1089.657233] /dev/input/event1: 0000 0000 00000000
[    1089.669555] /dev/input/event1: 0003 0036 000038cc
[    1089.669555] /dev/input/event1: 0000 0000 00000000
[    1089.673249] /dev/input/event1: 0003 0036 00003865
[    1089.673249] /dev/input/event1: 0000 0000 00000000
[    1089.685476] /dev/input/event1: 0003 0036 00003832
[    1089.685476] /dev/input/event1: 0000 0000 00000000
[    1089.689199] /dev/input/event1: 0003 0036 000037ff
[    1089.689199] /dev/input/event1: 0000 0000 00000000
[    1089.702281] /dev/input/event1: 0003 0036 000037aa
[    1089.702281] /dev/input/event1: 0000 0000 00000000
[    1089.706462] /dev/input/event1: 0003 0036 00003765
[    1089.706462] /dev/input/event1: 0000 0000 00000000
[    1089.717312] /dev/input/event1: 0003 0035 00003b7e
[    1089.717312] /dev/input/event1: 0003 0036 00003732
[    1089.717312] /dev/input/event1: 0000 0000 00000000
[    1089.721405] /dev/input/event1: 0003 0036 000036ff
[    1089.721405] /dev/input/event1: 0000 0000 00000000
[    1089.733274] /dev/input/event1: 0003 0036 000036dd
[    1089.733274] /dev/input/event1: 0000 0000 00000000
[    1089.739709] /dev/input/event1: 0003 0036 000036cc
[    1089.739709] /dev/input/event1: 0000 0000 00000000
[    1089.750974] /dev/input/event1: 0003 0036 000036aa
[    1089.750974] /dev/input/event1: 0000 0000 00000000
[    1089.765202] /dev/input/event1: 0003 0036 00003699
[    1089.765202] /dev/input/event1: 0000 0000 00000000
[    1090.393047] /dev/input/event1: 0003 003a 00000000
[    1090.393047] /dev/input/event1: 0003 0039 ffffffff
[    1090.393047] /dev/input/event1: 0000 0000 00000000
[    1090.955058] /dev/input/event1: 0003 0039 00000000
[    1090.955058] /dev/input/event1: 0003 0030 000000c4
[    1090.955058] /dev/input/event1: 0003 003a 00000081
[    1090.955058] /dev/input/event1: 0000 0000 00000000
[    1091.047903] /dev/input/event1: 0003 003a 00000000
[    1091.047903] /dev/input/event1: 0003 0039 ffffffff
[    1091.047903] /dev/input/event1: 0000 0000 00000000
[    1094.025852] /dev/input/event1: 0003 0039 00000000
[    1094.025852] /dev/input/event1: 0003 0030 000000c5
[    1094.025852] /dev/input/event1: 0003 003a 00000081
[    1094.025852] /dev/input/event1: 0003 0035 0000303c
[    1094.025852] /dev/input/event1: 0003 0036 00001fdd
[    1094.025852] /dev/input/event1: 0000 0000 00000000
[    1094.026010] /dev/input/event1: 0003 0036 00001faa
[    1094.026010] /dev/input/event1: 0000 0000 00000000
[    1094.029064] /dev/input/event1: 0003 0036 00001f99
[    1094.029064] /dev/input/event1: 0000 0000 00000000
[    1094.037149] /dev/input/event1: 0003 0036 00002010
[    1094.037149] /dev/input/event1: 0000 0000 00000000
[    1094.042793] /dev/input/event1: 0003 0036 00002055
[    1094.042793] /dev/input/event1: 0000 0000 00000000
[    1094.053308] /dev/input/event1: 0003 0035 0000301d
[    1094.053308] /dev/input/event1: 0003 0036 000020bb
[    1094.053308] /dev/input/event1: 0000 0000 00000000
[    1094.058857] /dev/input/event1: 0003 0035 00002fff
[    1094.058857] /dev/input/event1: 0003 0036 00002121
[    1094.058857] /dev/input/event1: 0000 0000 00000000
[    1094.072161] /dev/input/event1: 0003 0035 00002fc2
[    1094.072161] /dev/input/event1: 0003 0036 000021aa
[    1094.072161] /dev/input/event1: 0000 0000 00000000
[    1094.073488] /dev/input/event1: 0003 0035 00002fa4
[    1094.073488] /dev/input/event1: 0003 0036 00002255
[    1094.073488] /dev/input/event1: 0000 0000 00000000
[    1094.087266] /dev/input/event1: 0003 0035 00002f49
[    1094.087266] /dev/input/event1: 0003 0036 00002321
[    1094.087266] /dev/input/event1: 0000 0000 00000000
[    1094.089222] /dev/input/event1: 0003 0035 00002f0c
[    1094.089222] /dev/input/event1: 0003 0036 000023dd
[    1094.089222] /dev/input/event1: 0000 0000 00000000
[    1094.101797] /dev/input/event1: 0003 0035 00002eb1
[    1094.101797] /dev/input/event1: 0003 0036 000024aa
[    1094.101797] /dev/input/event1: 0000 0000 00000000
[    1094.106762] /dev/input/event1: 0003 0035 00002e93
[    1094.106762] /dev/input/event1: 0003 0036 00002577
[    1094.106762] /dev/input/event1: 0000 0000 00000000
[    1094.118028] /dev/input/event1: 0003 0035 00002e38
[    1094.118028] /dev/input/event1: 0003 0036 00002655
[    1094.118028] /dev/input/event1: 0000 0000 00000000
[    1094.121156] /dev/input/event1: 0003 0035 00002dfb
[    1094.121156] /dev/input/event1: 0003 0036 00002721
[    1094.121156] /dev/input/event1: 0000 0000 00000000
[    1094.133530] /dev/input/event1: 0003 0035 00002ddd
[    1094.133530] /dev/input/event1: 0003 0036 00002810
[    1094.133530] /dev/input/event1: 0000 0000 00000000
[    1094.138879] /dev/input/event1: 0003 0035 00002da0
[    1094.138879] /dev/input/event1: 0003 0036 000028ee
[    1094.138879] /dev/input/event1: 0000 0000 00000000
[    1094.149636] /dev/input/event1: 0003 0035 00002d82
[    1094.149636] /dev/input/event1: 0003 0036 000029dd
[    1094.149636] /dev/input/event1: 0000 0000 00000000
[    1094.154508] /dev/input/event1: 0003 0036 00002abb
[    1094.154508] /dev/input/event1: 0000 0000 00000000
[    1094.165401] /dev/input/event1: 0003 0036 00002bbb
[    1094.165401] /dev/input/event1: 0000 0000 00000000
[    1094.169543] /dev/input/event1: 0003 0036 00002cbb
[    1094.169543] /dev/input/event1: 0000 0000 00000000
[    1094.181915] /dev/input/event1: 0003 0036 00002ddd
[    1094.181915] /dev/input/event1: 0000 0000 00000000
[    1094.185439] /dev/input/event1: 0003 0036 00002edd
[    1094.185439] /dev/input/event1: 0000 0000 00000000
[    1094.197929] /dev/input/event1: 0003 0036 00003010
[    1094.197929] /dev/input/event1: 0000 0000 00000000
[    1094.203003] /dev/input/event1: 0003 0036 00003154
[    1094.203003] /dev/input/event1: 0000 0000 00000000
[    1094.213559] /dev/input/event1: 0003 0036 000032aa
[    1094.213559] /dev/input/event1: 0000 0000 00000000
[    1094.220238] /dev/input/event1: 0003 0036 000033bb
[    1094.220238] /dev/input/event1: 0000 0000 00000000
[    1094.229316] /dev/input/event1: 0003 0036 000034ee
[    1094.229316] /dev/input/event1: 0000 0000 00000000
[    1094.233419] /dev/input/event1: 0003 0036 00003610
[    1094.233419] /dev/input/event1: 0000 0000 00000000
[    1094.245187] /dev/input/event1: 0003 0036 00003710
[    1094.245187] /dev/input/event1: 0000 0000 00000000
[    1094.249292] /dev/input/event1: 0003 0036 000037dd
[    1094.249292] /dev/input/event1: 0000 0000 00000000
[    1094.261357] /dev/input/event1: 0003 0036 000038aa
[    1094.261357] /dev/input/event1: 0000 0000 00000000
[    1094.265337] /dev/input/event1: 0003 0035 00002da0
[    1094.265337] /dev/input/event1: 0003 0036 00003977
[    1094.265337] /dev/input/event1: 0000 0000 00000000
[    1094.278322] /dev/input/event1: 0003 0035 00002dfb
[    1094.278322] /dev/input/event1: 0003 0036 00003a43
[    1094.278322] /dev/input/event1: 0000 0000 00000000
[    1094.281136] /dev/input/event1: 0003 0035 00002e1a
[    1094.281136] /dev/input/event1: 0003 0036 00003aee
[    1094.281136] /dev/input/event1: 0000 0000 00000000
[    1094.293260] /dev/input/event1: 0003 0035 00002e75
[    1094.293260] /dev/input/event1: 0003 0036 00003bbb
[    1094.293260] /dev/input/event1: 0000 0000 00000000
[    1094.297227] /dev/input/event1: 0003 0035 00002eb1
[    1094.297227] /dev/input/event1: 0003 0036 00003c88
[    1094.297227] /dev/input/event1: 0000 0000 00000000
[    1094.309390] /dev/input/event1: 0003 0035 00002ed0
[    1094.309390] /dev/input/event1: 0003 0036 00003d76
[    1094.309390] /dev/input/event1: 0000 0000 00000000
[    1094.313180] /dev/input/event1: 0003 0035 00002f0c
[    1094.313180] /dev/input/event1: 0003 0036 00003e43
[    1094.313180] /dev/input/event1: 0000 0000 00000000
[    1094.325784] /dev/input/event1: 0003 0035 00002f2b
[    1094.325784] /dev/input/event1: 0003 0036 00003f21
[    1094.325784] /dev/input/event1: 0000 0000 00000000
[    1094.329224] /dev/input/event1: 0003 0035 00002f67
[    1094.329224] /dev/input/event1: 0003 0036 00004010
[    1094.329224] /dev/input/event1: 0000 0000 00000000
[    1094.342371] /dev/input/event1: 0003 0036 000040ee
[    1094.342371] /dev/input/event1: 0000 0000 00000000
[    1094.345554] /dev/input/event1: 0003 0036 000041aa
[    1094.345554] /dev/input/event1: 0000 0000 00000000
[    1094.357693] /dev/input/event1: 0003 0035 00002f86
[    1094.357693] /dev/input/event1: 0003 0036 00004276
[    1094.357693] /dev/input/event1: 0000 0000 00000000
[    1094.361693] /dev/input/event1: 0003 0035 00002fc2
[    1094.361693] /dev/input/event1: 0003 0036 00004321
[    1094.361693] /dev/input/event1: 0000 0000 00000000
[    1094.373394] /dev/input/event1: 0003 0035 00002fe1
[    1094.373394] /dev/input/event1: 0003 0036 000043dd
[    1094.373394] /dev/input/event1: 0000 0000 00000000
[    1094.377863] /dev/input/event1: 0003 0035 0000301d
[    1094.377863] /dev/input/event1: 0003 0036 00004487
[    1094.377863] /dev/input/event1: 0000 0000 00000000
[    1094.389566] /dev/input/event1: 0003 0035 0000303c
[    1094.389566] /dev/input/event1: 0003 0036 00004521
[    1094.389566] /dev/input/event1: 0000 0000 00000000
[    1094.393403] /dev/input/event1: 0003 0035 00003097
[    1094.393403] /dev/input/event1: 0003 0036 000045dd
[    1094.393403] /dev/input/event1: 0000 0000 00000000
[    1094.405505] /dev/input/event1: 0003 0035 000030d4
[    1094.405505] /dev/input/event1: 0003 0036 000046aa
[    1094.405505] /dev/input/event1: 0000 0000 00000000
[    1094.409284] /dev/input/event1: 0003 0035 000030f2
[    1094.409284] /dev/input/event1: 0003 0036 00004754
[    1094.409284] /dev/input/event1: 0000 0000 00000000
[    1094.422446] /dev/input/event1: 0003 0035 0000312f
[    1094.422446] /dev/input/event1: 0003 0036 00004843
[    1094.422446] /dev/input/event1: 0000 0000 00000000
[    1094.426185] /dev/input/event1: 0003 0035 0000314d
[    1094.426185] /dev/input/event1: 0003 0036 00004943
[    1094.426185] /dev/input/event1: 0000 0000 00000000
[    1094.438924] /dev/input/event1: 0003 0035 0000318a
[    1094.438924] /dev/input/event1: 0003 0036 00004a54
[    1094.438924] /dev/input/event1: 0000 0000 00000000
[    1094.441241] /dev/input/event1: 0003 0035 000031a8
[    1094.441241] /dev/input/event1: 0003 0036 00004b76
[    1094.441241] /dev/input/event1: 0000 0000 00000000
[    1094.454050] /dev/input/event1: 0003 0036 00004caa
[    1094.454050] /dev/input/event1: 0000 0000 00000000
[    1094.458667] /dev/input/event1: 0003 0036 00004ddd
[    1094.458667] /dev/input/event1: 0000 0000 00000000
[    1094.469505] /dev/input/event1: 0003 0035 000031e5
[    1094.469505] /dev/input/event1: 0003 0036 00004f10
[    1094.469505] /dev/input/event1: 0000 0000 00000000
[    1094.473500] /dev/input/event1: 0003 0036 00005021
[    1094.473500] /dev/input/event1: 0000 0000 00000000
[    1094.485621] /dev/input/event1: 0003 0035 00003203
[    1094.485621] /dev/input/event1: 0003 0036 00005154
[    1094.485621] /dev/input/event1: 0000 0000 00000000
[    1094.489707] /dev/input/event1: 0003 0035 00003240
[    1094.489707] /dev/input/event1: 0003 0036 00005276
[    1094.489707] /dev/input/event1: 0000 0000 00000000
[    1094.501222] /dev/input/event1: 0003 0036 00005376
[    1094.501222] /dev/input/event1: 0000 0000 00000000
[    1094.505043] /dev/input/event1: 0003 0035 0000325e
[    1094.505043] /dev/input/event1: 0003 0036 00005454
[    1094.505043] /dev/input/event1: 0000 0000 00000000
[    1094.518007] /dev/input/event1: 0003 0036 00005554
[    1094.518007] /dev/input/event1: 0000 0000 00000000
[    1094.522000] /dev/input/event1: 0003 0035 0000329b
[    1094.522000] /dev/input/event1: 0003 0036 00005654
[    1094.522000] /dev/input/event1: 0000 0000 00000000
[    1094.533678] /dev/input/event1: 0003 0035 000032b9
[    1094.533678] /dev/input/event1: 0003 0036 00005754
[    1094.533678] /dev/input/event1: 0000 0000 00000000
[    1094.538334] /dev/input/event1: 0003 0035 000032f6
[    1094.538334] /dev/input/event1: 0003 0036 00005843
[    1094.538334] /dev/input/event1: 0000 0000 00000000
[    1094.549365] /dev/input/event1: 0003 0036 00005943
[    1094.549365] /dev/input/event1: 0000 0000 00000000
[    1094.553546] /dev/input/event1: 0003 0036 00005a43
[    1094.553546] /dev/input/event1: 0000 0000 00000000
[    1094.565429] /dev/input/event1: 0003 0036 00005b21
[    1094.565429] /dev/input/event1: 0000 0000 00000000
[    1094.570248] /dev/input/event1: 0003 0035 00003314
[    1094.570248] /dev/input/event1: 0003 0036 00005c10
[    1094.570248] /dev/input/event1: 0000 0000 00000000
[    1094.581302] /dev/input/event1: 0003 0036 00005cee
[    1094.581302] /dev/input/event1: 0000 0000 00000000
[    1094.585659] /dev/input/event1: 0003 0035 00003351
[    1094.585659] /dev/input/event1: 0003 0036 00005ddd
[    1094.585659] /dev/input/event1: 0000 0000 00000000
[    1094.597514] /dev/input/event1: 0003 0036 00005eba
[    1094.597514] /dev/input/event1: 0000 0000 00000000
[    1094.603467] /dev/input/event1: 0003 0035 0000336f
[    1094.603467] /dev/input/event1: 0003 0036 00005f76
[    1094.603467] /dev/input/event1: 0000 0000 00000000
[    1094.613789] /dev/input/event1: 0003 0035 000033ac
[    1094.613789] /dev/input/event1: 0003 0036 00006043
[    1094.613789] /dev/input/event1: 0000 0000 00000000
[    1094.617568] /dev/input/event1: 0003 0035 000033ca
[    1094.617568] /dev/input/event1: 0003 0036 000060dd
[    1094.617568] /dev/input/event1: 0000 0000 00000000
[    1094.629247] /dev/input/event1: 0003 0035 00003407
[    1094.629247] /dev/input/event1: 0003 0036 00006176
[    1094.629247] /dev/input/event1: 0000 0000 00000000
[    1094.633484] /dev/input/event1: 0003 0035 00003462
[    1094.633484] /dev/input/event1: 0003 0036 000061ee
[    1094.633484] /dev/input/event1: 0000 0000 00000000
[    1094.645176] /dev/input/event1: 0003 0035 00003480
[    1094.645176] /dev/input/event1: 0003 0036 00006276
[    1094.645176] /dev/input/event1: 0000 0000 00000000
[    1094.649583] /dev/input/event1: 0003 0035 000034db
[    1094.649583] /dev/input/event1: 0003 0036 000062dd
[    1094.649583] /dev/input/event1: 0000 0000 00000000
[    1094.661233] /dev/input/event1: 0003 0035 00003536
[    1094.661233] /dev/input/event1: 0003 0036 00006343
[    1094.661233] /dev/input/event1: 0000 0000 00000000
[    1094.665128] /dev/input/event1: 0003 0035 00003573
[    1094.665128] /dev/input/event1: 0003 0036 00006376
[    1094.665128] /dev/input/event1: 0000 0000 00000000
[    1094.677877] /dev/input/event1: 0003 0035 000035ce
[    1094.677877] /dev/input/event1: 0003 0036 000063dd
[    1094.677877] /dev/input/event1: 0000 0000 00000000
[    1094.682084] /dev/input/event1: 0003 0035 000035ec
[    1094.682084] /dev/input/event1: 0003 0036 00006410
[    1094.682084] /dev/input/event1: 0000 0000 00000000
[    1094.693091] /dev/input/event1: 0003 0036 00006421
[    1094.693091] /dev/input/event1: 0000 0000 00000000
[    1094.697930] /dev/input/event1: 0003 0035 00003629
[    1094.697930] /dev/input/event1: 0003 0036 00006443
[    1094.697930] /dev/input/event1: 0000 0000 00000000
[    1094.725336] /dev/input/event1: 0003 0036 00006454
[    1094.725336] /dev/input/event1: 0000 0000 00000000
[    1094.741761] /dev/input/event1: 0003 0036 00006476
[    1094.741761] /dev/input/event1: 0000 0000 00000000
[    1094.757229] /dev/input/event1: 0003 0036 00006487
[    1094.757229] /dev/input/event1: 0000 0000 00000000
[    1094.853940] /dev/input/event1: 0003 003a 00000000
[    1094.853940] /dev/input/event1: 0003 0039 ffffffff
[    1094.853940] /dev/input/event1: 0000 0000 00000000
[    1095.579619] /dev/input/event1: 0003 0039 00000000
[    1095.579619] /dev/input/event1: 0003 0030 000000c6
[    1095.579619] /dev/input/event1: 0003 003a 00000081
[    1095.579619] /dev/input/event1: 0003 0035 0000373a
[    1095.579619] /dev/input/event1: 0003 0036 00004610
[    1095.579619] /dev/input/event1: 0000 0000 00000000
[    1095.625887] /dev/input/event1: 0003 003a 00000000
[    1095.625887] /dev/input/event1: 0003 0039 ffffffff
[    1095.625887] /dev/input/event1: 0000 0000 00000000
[    1098.304996] /dev/input/event1: 0003 0039 00000000
[    1098.304996] /dev/input/event1: 0003 0030 000000c7
[    1098.304996] /dev/input/event1: 0003 003a 00000081
[    1098.304996] /dev/input/event1: 0003 0035 00003cad
[    1098.304996] /dev/input/event1: 0003 0036 00002977
[    1098.304996] /dev/input/event1: 0000 0000 00000000
[    1098.396014] /dev/input/event1: 0003 003a 00000000
[    1098.396014] /dev/input/event1: 0003 0039 ffffffff
[    1098.396014] /dev/input/event1: 0000 0000 00000000
[    1101.934268] /dev/input/event1: 0003 0039 00000000
[    1101.934268] /dev/input/event1: 0003 0030 000000c8
[    1101.934268] /dev/input/event1: 0003 003a 00000081
[    1101.934268] /dev/input/event1: 0003 0035 00000a6d
[    1101.934268] /dev/input/event1: 0003 0036 00000aaa
[    1101.934268] /dev/input/event1: 0000 0000 00000000
[    1102.025733] /dev/input/event1: 0003 003a 00000000
[    1102.025733] /dev/input/event1: 0003 0039 ffffffff
[    1102.025733] /dev/input/event1: 0000 0000 00000000
[    1103.801389] /dev/input/event1: 0003 0039 00000000
[    1103.801389] /dev/input/event1: 0003 0030 000000c9
[    1103.801389] /dev/input/event1: 0003 003a 00000081
[    1103.801389] /dev/input/event1: 0003 0035 000007f0
[    1103.801389] /dev/input/event1: 0003 0036 000009cc
[    1103.801389] /dev/input/event1: 0000 0000 00000000
[    1103.910118] /dev/input/event1: 0003 003a 00000000
[    1103.910118] /dev/input/event1: 0003 0039 ffffffff
[    1103.910118] /dev/input/event1: 0000 0000 00000000
[    1107.984041] /dev/input/event1: 0003 0039 00000000
[    1107.984041] /dev/input/event1: 0003 0030 000000ca
[    1107.984041] /dev/input/event1: 0003 003a 00000081
[    1107.984041] /dev/input/event1: 0003 0035 0000095c
[    1107.984041] /dev/input/event1: 0003 0036 00000a33
[    1107.984041] /dev/input/event1: 0000 0000 00000000
[    1108.075619] /dev/input/event1: 0003 003a 00000000
[    1108.075619] /dev/input/event1: 0003 0039 ffffffff
[    1108.075619] /dev/input/event1: 0000 0000 00000000
[    1112.365213] /dev/input/event1: 0003 0039 00000000
[    1112.365213] /dev/input/event1: 0003 0030 000000cb
[    1112.365213] /dev/input/event1: 0003 003a 00000081
[    1112.365213] /dev/input/event1: 0003 0035 0000229b
[    1112.365213] /dev/input/event1: 0003 0036 00001b32
[    1112.365213] /dev/input/event1: 0000 0000 00000000
[    1112.458383] /dev/input/event1: 0003 003a 00000000
[    1112.458383] /dev/input/event1: 0003 0039 ffffffff
[    1112.458383] /dev/input/event1: 0000 0000 00000000
[    1114.240517] /dev/input/event1: 0003 0039 00000000
[    1114.240517] /dev/input/event1: 0003 0030 000000cc
[    1114.240517] /dev/input/event1: 0003 003a 00000081
[    1114.240517] /dev/input/event1: 0000 0000 00000000
[    1114.350307] /dev/input/event1: 0003 003a 00000000
[    1114.350307] /dev/input/event1: 0003 0039 ffffffff
[    1114.350307] /dev/input/event1: 0000 0000 00000000
[    1117.254452] /dev/input/event1: 0003 0039 00000000
[    1117.254452] /dev/input/event1: 0003 0030 000000cd
[    1117.254452] /dev/input/event1: 0003 003a 00000081
[    1117.254452] /dev/input/event1: 0003 0035 00002647
[    1117.254452] /dev/input/event1: 0003 0036 00004199
[    1117.254452] /dev/input/event1: 0000 0000 00000000
[    1117.346046] /dev/input/event1: 0003 003a 00000000
[    1117.346046] /dev/input/event1: 0003 0039 ffffffff
[    1117.346046] /dev/input/event1: 0000 0000 00000000
[    1118.897720] /dev/input/event1: 0003 0039 00000000
[    1118.897720] /dev/input/event1: 0003 0030 000000ce
[    1118.897720] /dev/input/event1: 0003 003a 00000081
[    1118.897720] /dev/input/event1: 0003 0035 00005b23
[    1118.897720] /dev/input/event1: 0003 0036 000026ee
[    1118.897720] /dev/input/event1: 0000 0000 00000000
[    1118.973706] /dev/input/event1: 0003 003a 00000000
[    1118.973706] /dev/input/event1: 0003 0039 ffffffff
[    1118.973706] /dev/input/event1: 0000 0000 00000000
[    1123.281589] /dev/input/event1: 0003 0039 00000000
[    1123.281589] /dev/input/event1: 0003 0030 000000cf
[    1123.281589] /dev/input/event1: 0003 003a 00000081
[    1123.281589] /dev/input/event1: 0003 0035 00004cea
[    1123.281589] /dev/input/event1: 0003 0036 000009cc
[    1123.281589] /dev/input/event1: 0000 0000 00000000
[    1123.310873] /dev/input/event1: 0003 0036 000009aa
[    1123.310873] /dev/input/event1: 0000 0000 00000000
[    1123.389685] /dev/input/event1: 0003 003a 00000000
[    1123.389685] /dev/input/event1: 0003 0039 ffffffff
[    1123.389685] /dev/input/event1: 0000 0000 00000000
[    1124.674258] /dev/input/event1: 0003 0039 00000000
[    1124.674258] /dev/input/event1: 0003 0030 000000d0
[    1124.674258] /dev/input/event1: 0003 003a 00000081
[    1124.674258] /dev/input/event1: 0003 0035 0000095c
[    1124.674258] /dev/input/event1: 0003 0036 00000966
[    1124.674258] /dev/input/event1: 0000 0000 00000000
[    1124.767481] /dev/input/event1: 0003 003a 00000000
[    1124.767481] /dev/input/event1: 0003 0039 ffffffff
[    1124.767481] /dev/input/event1: 0000 0000 00000000
[    1126.436739] /dev/input/event1: 0003 0039 00000000
[    1126.436739] /dev/input/event1: 0003 0030 000000d1
[    1126.436739] /dev/input/event1: 0003 003a 00000081
[    1126.436739] /dev/input/event1: 0000 0000 00000000
[    1126.563476] /dev/input/event1: 0003 003a 00000000
[    1126.563476] /dev/input/event1: 0003 0039 ffffffff
[    1126.563476] /dev/input/event1: 0000 0000 00000000
[    1127.695472] /dev/input/event1: 0003 0039 00000000
[    1127.695472] /dev/input/event1: 0003 0030 000000d2
[    1127.695472] /dev/input/event1: 0003 003a 00000081
[    1127.695472] /dev/input/event1: 0000 0000 00000000
[    1127.789842] /dev/input/event1: 0003 003a 00000000
[    1127.789842] /dev/input/event1: 0003 0039 ffffffff
[    1127.789842] /dev/input/event1: 0000 0000 00000000
[    1129.201795] /dev/input/event1: 0003 0039 00000000
[    1129.201795] /dev/input/event1: 0003 0030 000000d3
[    1129.201795] /dev/input/event1: 0003 003a 00000081
[    1129.201795] /dev/input/event1: 0003 0035 00001f2b
[    1129.201795] /dev/input/event1: 0003 0036 00001333
[    1129.201795] /dev/input/event1: 0000 0000 00000000
[    1129.279670] /dev/input/event1: 0003 003a 00000000
[    1129.279670] /dev/input/event1: 0003 0039 ffffffff
[    1129.279670] /dev/input/event1: 0000 0000 00000000
[    1131.285337] /dev/input/event1: 0003 0039 00000000
[    1131.285337] /dev/input/event1: 0003 0030 000000d4
[    1131.285337] /dev/input/event1: 0003 003a 00000081
[    1131.285337] /dev/input/event1: 0003 0035 00003fe1
[    1131.285337] /dev/input/event1: 0003 0036 000012cc
[    1131.285337] /dev/input/event1: 0000 0000 00000000
[    1131.396290] /dev/input/event1: 0003 003a 00000000
[    1131.396290] /dev/input/event1: 0003 0039 ffffffff
[    1131.396290] /dev/input/event1: 0000 0000 00000000
[    1134.177978] /dev/input/event1: 0003 0039 00000000
[    1134.177978] /dev/input/event1: 0003 0030 000000d5
[    1134.177978] /dev/input/event1: 0003 003a 00000081
[    1134.177978] /dev/input/event1: 0003 0035 0000384b
[    1134.177978] /dev/input/event1: 0003 0036 000052aa
[    1134.177978] /dev/input/event1: 0000 0000 00000000
[    1134.179270] /dev/input/event1: 0003 0035 00003869
[    1134.179270] /dev/input/event1: 0003 0036 00005298
[    1134.179270] /dev/input/event1: 0000 0000 00000000
[    1134.182961] /dev/input/event1: 0003 0036 00005276
[    1134.182961] /dev/input/event1: 0000 0000 00000000
[    1134.191427] /dev/input/event1: 0003 0035 000038a6
[    1134.191427] /dev/input/event1: 0003 0036 00005265
[    1134.191427] /dev/input/event1: 0000 0000 00000000
[    1134.195008] /dev/input/event1: 0003 0036 00005232
[    1134.195008] /dev/input/event1: 0000 0000 00000000
[    1134.207380] /dev/input/event1: 0003 0036 00005210
[    1134.207380] /dev/input/event1: 0000 0000 00000000
[    1134.211306] /dev/input/event1: 0003 0036 000051dd
[    1134.211306] /dev/input/event1: 0000 0000 00000000
[    1134.224973] /dev/input/event1: 0003 0036 000051cc
[    1134.224973] /dev/input/event1: 0000 0000 00000000
[    1134.228211] /dev/input/event1: 0003 0036 00005165
[    1134.228211] /dev/input/event1: 0000 0000 00000000
[    1134.239177] /dev/input/event1: 0003 0036 000050dd
[    1134.239177] /dev/input/event1: 0000 0000 00000000
[    1134.243181] /dev/input/event1: 0003 0036 00005076
[    1134.243181] /dev/input/event1: 0000 0000 00000000
[    1134.256663] /dev/input/event1: 0003 0036 00005032
[    1134.256663] /dev/input/event1: 0000 0000 00000000
[    1134.260416] /dev/input/event1: 0003 0036 00004fcc
[    1134.260416] /dev/input/event1: 0000 0000 00000000
[    1134.271227] /dev/input/event1: 0003 0035 00003888
[    1134.271227] /dev/input/event1: 0003 0036 00004f32
[    1134.271227] /dev/input/event1: 0000 0000 00000000
[    1134.275789] /dev/input/event1: 0003 0035 0000384b
[    1134.275789] /dev/input/event1: 0003 0036 00004e76
[    1134.275789] /dev/input/event1: 0000 0000 00000000
[    1134.288396] /dev/input/event1: 0003 0035 000037f0
[    1134.288396] /dev/input/event1: 0003 0036 00004daa
[    1134.288396] /dev/input/event1: 0000 0000 00000000
[    1134.291589] /dev/input/event1: 0003 0035 000037d2
[    1134.291589] /dev/input/event1: 0003 0036 00004cff
[    1134.291589] /dev/input/event1: 0000 0000 00000000
[    1134.304959] /dev/input/event1: 0003 0035 00003795
[    1134.304959] /dev/input/event1: 0003 0036 00004c32
[    1134.304959] /dev/input/event1: 0000 0000 00000000
[    1134.308088] /dev/input/event1: 0003 0035 00003777
[    1134.308088] /dev/input/event1: 0003 0036 00004b43
[    1134.308088] /dev/input/event1: 0000 0000 00000000
[    1134.319411] /dev/input/event1: 0003 0036 00004a43
[    1134.319411] /dev/input/event1: 0000 0000 00000000
[    1134.323275] /dev/input/event1: 0003 0036 00004965
[    1134.323275] /dev/input/event1: 0000 0000 00000000
[    1134.336014] /dev/input/event1: 0003 0036 00004876
[    1134.336014] /dev/input/event1: 0000 0000 00000000
[    1134.340001] /dev/input/event1: 0003 0036 00004776
[    1134.340001] /dev/input/event1: 0000 0000 00000000
[    1134.351215] /dev/input/event1: 0003 0035 00003795
[    1134.351215] /dev/input/event1: 0003 0036 00004665
[    1134.351215] /dev/input/event1: 0000 0000 00000000
[    1134.355131] /dev/input/event1: 0003 0035 000037b3
[    1134.355131] /dev/input/event1: 0003 0036 00004565
[    1134.355131] /dev/input/event1: 0000 0000 00000000
[    1134.367141] /dev/input/event1: 0003 0035 0000380e
[    1134.367141] /dev/input/event1: 0003 0036 00004443
[    1134.367141] /dev/input/event1: 0000 0000 00000000
[    1134.372797] /dev/input/event1: 0003 0035 00003869
[    1134.372797] /dev/input/event1: 0003 0036 00004310
[    1134.372797] /dev/input/event1: 0000 0000 00000000
[    1134.384091] /dev/input/event1: 0003 0035 000038c4
[    1134.384091] /dev/input/event1: 0003 0036 000041dd
[    1134.384091] /dev/input/event1: 0000 0000 00000000
[    1134.387390] /dev/input/event1: 0003 0035 0000391f
[    1134.387390] /dev/input/event1: 0003 0036 000040aa
[    1134.387390] /dev/input/event1: 0000 0000 00000000
[    1134.399151] /dev/input/event1: 0003 0035 0000395c
[    1134.399151] /dev/input/event1: 0003 0036 00003f76
[    1134.399151] /dev/input/event1: 0000 0000 00000000
[    1134.404236] /dev/input/event1: 0003 0035 0000397a
[    1134.404236] /dev/input/event1: 0003 0036 00003e43
[    1134.404236] /dev/input/event1: 0000 0000 00000000
[    1134.415248] /dev/input/event1: 0003 0035 000039b7
[    1134.415248] /dev/input/event1: 0003 0036 00003d32
[    1134.415248] /dev/input/event1: 0000 0000 00000000
[    1134.421062] /dev/input/event1: 0003 0035 000039d5
[    1134.421062] /dev/input/event1: 0003 0036 00003c32
[    1134.421062] /dev/input/event1: 0000 0000 00000000
[    1134.431301] /dev/input/event1: 0003 0035 00003a12
[    1134.431301] /dev/input/event1: 0003 0036 00003b10
[    1134.431301] /dev/input/event1: 0000 0000 00000000
[    1134.435762] /dev/input/event1: 0003 0035 00003a6d
[    1134.435762] /dev/input/event1: 0003 0036 000039ff
[    1134.435762] /dev/input/event1: 0000 0000 00000000
[    1134.447648] /dev/input/event1: 0003 0035 00003ae6
[    1134.447648] /dev/input/event1: 0003 0036 000038dd
[    1134.447648] /dev/input/event1: 0000 0000 00000000
[    1134.451061] /dev/input/event1: 0003 0035 00003b41
[    1134.451061] /dev/input/event1: 0003 0036 000037ff
[    1134.451061] /dev/input/event1: 0000 0000 00000000
[    1134.463243] /dev/input/event1: 0003 0035 00003bd9
[    1134.463243] /dev/input/event1: 0003 0036 000036ff
[    1134.463243] /dev/input/event1: 0000 0000 00000000
[    1134.467323] /dev/input/event1: 0003 0035 00003c34
[    1134.467323] /dev/input/event1: 0003 0036 000035ff
[    1134.467323] /dev/input/event1: 0000 0000 00000000
[    1134.479787] /dev/input/event1: 0003 0035 00003cad
[    1134.479787] /dev/input/event1: 0003 0036 00003510
[    1134.479787] /dev/input/event1: 0000 0000 00000000
[    1134.483355] /dev/input/event1: 0003 0035 00003d09
[    1134.483355] /dev/input/event1: 0003 0036 00003465
[    1134.483355] /dev/input/event1: 0000 0000 00000000
[    1134.496061] /dev/input/event1: 0003 0035 00003d64
[    1134.496061] /dev/input/event1: 0003 0036 000033aa
[    1134.496061] /dev/input/event1: 0000 0000 00000000
[    1134.501710] /dev/input/event1: 0003 0035 00003dbf
[    1134.501710] /dev/input/event1: 0003 0036 00003310
[    1134.501710] /dev/input/event1: 0000 0000 00000000
[    1134.511128] /dev/input/event1: 0003 0035 00003dfb
[    1134.511128] /dev/input/event1: 0003 0036 00003277
[    1134.511128] /dev/input/event1: 0000 0000 00000000
[    1134.515299] /dev/input/event1: 0003 0035 00003e1a
[    1134.515299] /dev/input/event1: 0003 0036 000031ff
[    1134.515299] /dev/input/event1: 0000 0000 00000000
[    1134.527980] /dev/input/event1: 0003 0035 00003e56
[    1134.527980] /dev/input/event1: 0003 0036 00003177
[    1134.527980] /dev/input/event1: 0000 0000 00000000
[    1134.531217] /dev/input/event1: 0003 0035 00003eb1
[    1134.531217] /dev/input/event1: 0003 0036 000030ff
[    1134.531217] /dev/input/event1: 0000 0000 00000000
[    1134.543364] /dev/input/event1: 0003 0035 00003ed0
[    1134.543364] /dev/input/event1: 0003 0036 00003077
[    1134.543364] /dev/input/event1: 0000 0000 00000000
[    1134.547308] /dev/input/event1: 0003 0035 00003f0c
[    1134.547308] /dev/input/event1: 0003 0036 00003010
[    1134.547308] /dev/input/event1: 0000 0000 00000000
[    1134.559529] /dev/input/event1: 0003 0035 00003f2b
[    1134.559529] /dev/input/event1: 0003 0036 00002fff
[    1134.559529] /dev/input/event1: 0000 0000 00000000
[    1134.563023] /dev/input/event1: 0003 0036 00002fcc
[    1134.563023] /dev/input/event1: 0000 0000 00000000
[    1134.575270] /dev/input/event1: 0003 0036 00002f66
[    1134.575270] /dev/input/event1: 0000 0000 00000000
[    1134.580233] /dev/input/event1: 0003 0035 00003f67
[    1134.580233] /dev/input/event1: 0003 0036 00002f32
[    1134.580233] /dev/input/event1: 0000 0000 00000000
[    1134.592687] /dev/input/event1: 0003 0036 00002eff
[    1134.592687] /dev/input/event1: 0000 0000 00000000
[    1134.595142] /dev/input/event1: 0003 0035 00003f86
[    1134.595142] /dev/input/event1: 0003 0036 00002ecc
[    1134.595142] /dev/input/event1: 0000 0000 00000000
[    1134.607721] /dev/input/event1: 0003 0036 00002e77
[    1134.607721] /dev/input/event1: 0000 0000 00000000
[    1134.611646] /dev/input/event1: 0003 0035 00003fc2
[    1134.611646] /dev/input/event1: 0003 0036 00002e43
[    1134.611646] /dev/input/event1: 0000 0000 00000000
[    1134.623761] /dev/input/event1: 0003 0036 00002e32
[    1134.623761] /dev/input/event1: 0000 0000 00000000
[    1134.627657] /dev/input/event1: 0003 0036 00002dff
[    1134.627657] /dev/input/event1: 0000 0000 00000000
[    1134.639519] /dev/input/event1: 0003 0036 00002dcc
[    1134.639519] /dev/input/event1: 0000 0000 00000000
[    1134.643154] /dev/input/event1: 0003 0036 00002daa
[    1134.643154] /dev/input/event1: 0000 0000 00000000
[    1134.655797] /dev/input/event1: 0003 0036 00002d99
[    1134.655797] /dev/input/event1: 0000 0000 00000000
[    1134.659296] /dev/input/event1: 0003 0035 00003fe1
[    1134.659296] /dev/input/event1: 0003 0036 00002d66
[    1134.659296] /dev/input/event1: 0000 0000 00000000
[    1134.671210] /dev/input/event1: 0003 0036 00002d32
[    1134.671210] /dev/input/event1: 0000 0000 00000000
[    1134.675408] /dev/input/event1: 0003 0035 0000401d
[    1134.675408] /dev/input/event1: 0003 0036 00002d10
[    1134.675408] /dev/input/event1: 0000 0000 00000000
[    1134.688360] /dev/input/event1: 0003 0036 00002cff
[    1134.688360] /dev/input/event1: 0000 0000 00000000
[    1134.691416] /dev/input/event1: 0003 0036 00002caa
[    1134.691416] /dev/input/event1: 0000 0000 00000000
[    1134.946057] /dev/input/event1: 0003 003a 00000000
[    1134.946057] /dev/input/event1: 0003 0039 ffffffff
[    1134.946057] /dev/input/event1: 0000 0000 00000000
[    1135.957757] /dev/input/event1: 0003 0039 00000000
[    1135.957757] /dev/input/event1: 0003 0030 000000d6
[    1135.957757] /dev/input/event1: 0003 003a 00000081
[    1135.957757] /dev/input/event1: 0003 0035 000069b7
[    1135.957757] /dev/input/event1: 0003 0036 00001366
[    1135.957757] /dev/input/event1: 0000 0000 00000000
[    1136.049646] /dev/input/event1: 0003 003a 00000000
[    1136.049646] /dev/input/event1: 0003 0039 ffffffff
[    1136.049646] /dev/input/event1: 0000 0000 00000000
[    1138.304004] /dev/input/event1: 0003 0039 00000000
[    1138.304004] /dev/input/event1: 0003 0030 000000d7
[    1138.304004] /dev/input/event1: 0003 003a 00000081
[    1138.304004] /dev/input/event1: 0003 0035 000069f3
[    1138.304004] /dev/input/event1: 0003 0036 00002310
[    1138.304004] /dev/input/event1: 0000 0000 00000000
[    1138.413492] /dev/input/event1: 0003 003a 00000000
[    1138.413492] /dev/input/event1: 0003 0039 ffffffff
[    1138.413492] /dev/input/event1: 0000 0000 00000000
[    1142.085856] /dev/input/event1: 0003 0039 00000000
[    1142.085856] /dev/input/event1: 0003 0030 000000d8
[    1142.085856] /dev/input/event1: 0003 003a 00000081
[    1142.085856] /dev/input/event1: 0003 0035 0000780e
[    1142.085856] /dev/input/event1: 0003 0036 00007487
[    1142.085856] /dev/input/event1: 0000 0000 00000000
[    1142.163769] /dev/input/event1: 0003 003a 00000000
[    1142.163769] /dev/input/event1: 0003 0039 ffffffff
[    1142.163769] /dev/input/event1: 0000 0000 00000000
[    1143.899246] /dev/input/event1: 0003 0039 00000000
[    1143.899246] /dev/input/event1: 0003 0030 000000d9
[    1143.899246] /dev/input/event1: 0003 003a 00000081
[    1143.899246] /dev/input/event1: 0003 0035 00007a12
[    1143.899246] /dev/input/event1: 0003 0036 000008ee
[    1143.899246] /dev/input/event1: 0000 0000 00000000
[    1143.974209] /dev/input/event1: 0003 003a 00000000
[    1143.974209] /dev/input/event1: 0003 0039 ffffffff
[    1143.974209] /dev/input/event1: 0000 0000 00000000
[    1147.593575] /dev/input/event1: 0003 0039 00000000
[    1147.593575] /dev/input/event1: 0003 0030 000000da
[    1147.593575] /dev/input/event1: 0003 003a 00000081
[    1147.593575] /dev/input/event1: 0003 0035 000039b7
[    1147.593575] /dev/input/event1: 0003 0036 00000988
[    1147.593575] /dev/input/event1: 0000 0000 00000000
[    1147.689027] /dev/input/event1: 0003 003a 00000000
[    1147.689027] /dev/input/event1: 0003 0039 ffffffff
[    1147.689027] /dev/input/event1: 0000 0000 00000000
[    1148.474762] /dev/input/event1: 0003 0039 00000000
[    1148.474762] /dev/input/event1: 0003 0030 000000db
[    1148.474762] /dev/input/event1: 0003 003a 00000081
[    1148.474762] /dev/input/event1: 0003 0035 0000095c
[    1148.474762] /dev/input/event1: 0003 0036 000008cc
[    1148.474762] /dev/input/event1: 0000 0000 00000000
[    1148.550018] /dev/input/event1: 0003 003a 00000000
[    1148.550018] /dev/input/event1: 0003 0039 ffffffff
[    1148.550018] /dev/input/event1: 0000 0000 00000000
[    1149.713394] /dev/input/event1: 0003 0039 00000000
[    1149.713394] /dev/input/event1: 0003 0030 000000dc
[    1149.713394] /dev/input/event1: 0003 003a 00000081
[    1149.713394] /dev/input/event1: 0000 0000 00000000
[    1149.775663] /dev/input/event1: 0003 003a 00000000
[    1149.775663] /dev/input/event1: 0003 0039 ffffffff
[    1149.775663] /dev/input/event1: 0000 0000 00000000
[    1151.893800] /dev/input/event1: 0003 0039 00000000
[    1151.893800] /dev/input/event1: 0003 0030 000000dd
[    1151.893800] /dev/input/event1: 0003 003a 00000081
[    1151.893800] /dev/input/event1: 0003 0035 00001e38
[    1151.893800] /dev/input/event1: 0003 0036 00000b10
[    1151.893800] /dev/input/event1: 0000 0000 00000000
[    1151.987974] /dev/input/event1: 0003 003a 00000000
[    1151.987974] /dev/input/event1: 0003 0039 ffffffff
[    1151.987974] /dev/input/event1: 0000 0000 00000000
[    1156.572134] /dev/input/event1: 0003 0039 00000000
[    1156.572134] /dev/input/event1: 0003 0030 000000de
[    1156.572134] /dev/input/event1: 0003 003a 00000081
[    1156.572134] /dev/input/event1: 0003 0035 0000784a
[    1156.572134] /dev/input/event1: 0003 0036 00000933
[    1156.572134] /dev/input/event1: 0000 0000 00000000
[    1156.665934] /dev/input/event1: 0003 003a 00000000
[    1156.665934] /dev/input/event1: 0003 0039 ffffffff
[    1156.665934] /dev/input/event1: 0000 0000 00000000
[    1158.431411] /dev/input/event1: 0003 0039 00000000
[    1158.431411] /dev/input/event1: 0003 0030 000000df
[    1158.431411] /dev/input/event1: 0003 003a 00000081
[    1158.431411] /dev/input/event1: 0003 0035 00003901
[    1158.431411] /dev/input/event1: 0003 0036 00000aee
[    1158.431411] /dev/input/event1: 0000 0000 00000000
[    1158.510454] /dev/input/event1: 0003 003a 00000000
[    1158.510454] /dev/input/event1: 0003 0039 ffffffff
[    1158.510454] /dev/input/event1: 0000 0000 00000000
[    1159.233245] /dev/input/event1: 0003 0039 00000000
[    1159.233245] /dev/input/event1: 0003 0030 000000e0
[    1159.233245] /dev/input/event1: 0003 003a 00000081
[    1159.233245] /dev/input/event1: 0003 0035 00000a12
[    1159.233245] /dev/input/event1: 0003 0036 000009aa
[    1159.233245] /dev/input/event1: 0000 0000 00000000
[    1159.325869] /dev/input/event1: 0003 003a 00000000
[    1159.325869] /dev/input/event1: 0003 0039 ffffffff
[    1159.325869] /dev/input/event1: 0000 0000 00000000
[    1161.374619] /dev/input/event1: 0003 0039 00000000
[    1161.374619] /dev/input/event1: 0003 0030 000000e1
[    1161.374619] /dev/input/event1: 0003 003a 00000081
[    1161.374619] /dev/input/event1: 0003 0035 0000236f
[    1161.374619] /dev/input/event1: 0003 0036 00007321
[    1161.374619] /dev/input/event1: 0000 0000 00000000
[    1161.465432] /dev/input/event1: 0003 003a 00000000
[    1161.465432] /dev/input/event1: 0003 0039 ffffffff
[    1161.465432] /dev/input/event1: 0000 0000 00000000
[    1164.874889] /dev/input/event1: 0003 0039 00000000
[    1164.874889] /dev/input/event1: 0003 0030 000000e2
[    1164.874889] /dev/input/event1: 0003 003a 00000081
[    1164.874889] /dev/input/event1: 0003 0035 000030d4
[    1164.874889] /dev/input/event1: 0003 0036 000024dd
[    1164.874889] /dev/input/event1: 0000 0000 00000000
[    1164.934062] /dev/input/event1: 0003 003a 00000000
[    1164.934062] /dev/input/event1: 0003 0039 ffffffff
[    1164.934062] /dev/input/event1: 0000 0000 00000000
[    1166.989052] /dev/input/event1: 0003 0039 00000000
[    1166.989052] /dev/input/event1: 0003 0030 000000e3
[    1166.989052] /dev/input/event1: 0003 003a 00000081
[    1166.989052] /dev/input/event1: 0003 0035 00001eb2
[    1166.989052] /dev/input/event1: 0003 0036 00007cdc
[    1166.989052] /dev/input/event1: 0000 0000 00000000
[    1167.081529] /dev/input/event1: 0003 003a 00000000
[    1167.081529] /dev/input/event1: 0003 0039 ffffffff
[    1167.081529] /dev/input/event1: 0000 0000 00000000
[    1167.917763] /dev/input/event1: 0003 0039 00000000
[    1167.917763] /dev/input/event1: 0003 0030 000000e4
[    1167.917763] /dev/input/event1: 0003 003a 00000081
[    1167.917763] /dev/input/event1: 0003 0035 00003518
[    1167.917763] /dev/input/event1: 0003 0036 00006a32
[    1167.917763] /dev/input/event1: 0000 0000 00000000
[    1167.931607] /dev/input/event1: 0003 0036 00006a10
[    1167.931607] /dev/input/event1: 0000 0000 00000000
[    1167.949416] /dev/input/event1: 0003 0035 00003536
[    1167.949416] /dev/input/event1: 0003 0036 000069cb
[    1167.949416] /dev/input/event1: 0000 0000 00000000
[    1167.951058] /dev/input/event1: 0003 0036 00006965
[    1167.951058] /dev/input/event1: 0000 0000 00000000
[    1167.963199] /dev/input/event1: 0003 0036 000068ff
[    1167.963199] /dev/input/event1: 0000 0000 00000000
[    1167.967391] /dev/input/event1: 0003 0036 000068a9
[    1167.967391] /dev/input/event1: 0000 0000 00000000
[    1167.979357] /dev/input/event1: 0003 0036 00006832
[    1167.979357] /dev/input/event1: 0000 0000 00000000
[    1167.983356] /dev/input/event1: 0003 0036 00006798
[    1167.983356] /dev/input/event1: 0000 0000 00000000
[    1167.996109] /dev/input/event1: 0003 0036 000066ff
[    1167.996109] /dev/input/event1: 0000 0000 00000000
[    1167.999229] /dev/input/event1: 0003 0036 00006643
[    1167.999229] /dev/input/event1: 0000 0000 00000000
[    1168.011313] /dev/input/event1: 0003 0036 00006598
[    1168.011313] /dev/input/event1: 0000 0000 00000000
[    1168.015959] /dev/input/event1: 0003 0036 000064dd
[    1168.015959] /dev/input/event1: 0000 0000 00000000
[    1168.027474] /dev/input/event1: 0003 0036 00006432
[    1168.027474] /dev/input/event1: 0000 0000 00000000
[    1168.031632] /dev/input/event1: 0003 0036 00006376
[    1168.031632] /dev/input/event1: 0000 0000 00000000
[    1168.043212] /dev/input/event1: 0003 0036 000062cc
[    1168.043212] /dev/input/event1: 0000 0000 00000000
[    1168.047770] /dev/input/event1: 0003 0036 00006210
[    1168.047770] /dev/input/event1: 0000 0000 00000000
[    1168.060320] /dev/input/event1: 0003 0036 00006165
[    1168.060320] /dev/input/event1: 0000 0000 00000000
[    1168.063123] /dev/input/event1: 0003 0036 00006098
[    1168.063123] /dev/input/event1: 0000 0000 00000000
[    1168.075535] /dev/input/event1: 0003 0036 00005fcc
[    1168.075535] /dev/input/event1: 0000 0000 00000000
[    1168.079202] /dev/input/event1: 0003 0036 00005eff
[    1168.079202] /dev/input/event1: 0000 0000 00000000
[    1168.091303] /dev/input/event1: 0003 0036 00005e10
[    1168.091303] /dev/input/event1: 0000 0000 00000000
[    1168.095114] /dev/input/event1: 0003 0036 00005d32
[    1168.095114] /dev/input/event1: 0000 0000 00000000
[    1168.107399] /dev/input/event1: 0003 0036 00005c43
[    1168.107399] /dev/input/event1: 0000 0000 00000000
[    1168.111473] /dev/input/event1: 0003 0036 00005b76
[    1168.111473] /dev/input/event1: 0000 0000 00000000
[    1168.124225] /dev/input/event1: 0003 0036 00005a98
[    1168.124225] /dev/input/event1: 0000 0000 00000000
[    1168.127049] /dev/input/event1: 0003 0036 000059cc
[    1168.127049] /dev/input/event1: 0000 0000 00000000
[    1168.139405] /dev/input/event1: 0003 0035 00003573
[    1168.139405] /dev/input/event1: 0003 0036 000058dd
[    1168.139405] /dev/input/event1: 0000 0000 00000000
[    1168.143270] /dev/input/event1: 0003 0036 000057ff
[    1168.143270] /dev/input/event1: 0000 0000 00000000
[    1168.155083] /dev/input/event1: 0003 0035 00003591
[    1168.155083] /dev/input/event1: 0003 0036 00005710
[    1168.155083] /dev/input/event1: 0000 0000 00000000
[    1168.159668] /dev/input/event1: 0003 0036 00005643
[    1168.159668] /dev/input/event1: 0000 0000 00000000
[    1168.171687] /dev/input/event1: 0003 0036 00005565
[    1168.171687] /dev/input/event1: 0000 0000 00000000
[    1168.175229] /dev/input/event1: 0003 0036 00005498
[    1168.175229] /dev/input/event1: 0000 0000 00000000
[    1168.188369] /dev/input/event1: 0003 0036 000053cc
[    1168.188369] /dev/input/event1: 0000 0000 00000000
[    1168.191111] /dev/input/event1: 0003 0036 000052dd
[    1168.191111] /dev/input/event1: 0000 0000 00000000
[    1168.203617] /dev/input/event1: 0003 0036 000051ff
[    1168.203617] /dev/input/event1: 0000 0000 00000000
[    1168.207353] /dev/input/event1: 0003 0036 00005110
[    1168.207353] /dev/input/event1: 0000 0000 00000000
[    1168.219031] /dev/input/event1: 0003 0036 00005032
[    1168.219031] /dev/input/event1: 0000 0000 00000000
[    1168.223013] /dev/input/event1: 0003 0036 00004f43
[    1168.223013] /dev/input/event1: 0000 0000 00000000
[    1168.235566] /dev/input/event1: 0003 0036 00004e76
[    1168.235566] /dev/input/event1: 0000 0000 00000000
[    1168.239540] /dev/input/event1: 0003 0036 00004d98
[    1168.239540] /dev/input/event1: 0000 0000 00000000
[    1168.251246] /dev/input/event1: 0003 0036 00004ccc
[    1168.251246] /dev/input/event1: 0000 0000 00000000
[    1168.255123] /dev/input/event1: 0003 0036 00004bff
[    1168.255123] /dev/input/event1: 0000 0000 00000000
[    1168.267102] /dev/input/event1: 0003 0036 00004b32
[    1168.267102] /dev/input/event1: 0000 0000 00000000
[    1168.271451] /dev/input/event1: 0003 0036 00004a65
[    1168.271451] /dev/input/event1: 0000 0000 00000000
[    1168.283011] /dev/input/event1: 0003 0036 00004976
[    1168.283011] /dev/input/event1: 0000 0000 00000000
[    1168.287044] /dev/input/event1: 0003 0036 000048aa
[    1168.287044] /dev/input/event1: 0000 0000 00000000
[    1168.299291] /dev/input/event1: 0003 0036 000047dd
[    1168.299291] /dev/input/event1: 0000 0000 00000000
[    1168.303160] /dev/input/event1: 0003 0036 00004710
[    1168.303160] /dev/input/event1: 0000 0000 00000000
[    1168.315229] /dev/input/event1: 0003 0036 00004665
[    1168.315229] /dev/input/event1: 0000 0000 00000000
[    1168.319372] /dev/input/event1: 0003 0036 000045dd
[    1168.319372] /dev/input/event1: 0000 0000 00000000
[    1168.331450] /dev/input/event1: 0003 0036 00004543
[    1168.331450] /dev/input/event1: 0000 0000 00000000
[    1168.335083] /dev/input/event1: 0003 0036 000044cc
[    1168.335083] /dev/input/event1: 0000 0000 00000000
[    1168.347373] /dev/input/event1: 0003 0036 00004443
[    1168.347373] /dev/input/event1: 0000 0000 00000000
[    1168.351091] /dev/input/event1: 0003 0036 000043dd
[    1168.351091] /dev/input/event1: 0000 0000 00000000
[    1168.363330] /dev/input/event1: 0003 0036 000043aa
[    1168.363330] /dev/input/event1: 0000 0000 00000000
[    1168.367687] /dev/input/event1: 0003 0036 00004365
[    1168.367687] /dev/input/event1: 0000 0000 00000000
[    1168.380356] /dev/input/event1: 0003 0036 000042dd
[    1168.380356] /dev/input/event1: 0000 0000 00000000
[    1168.383243] /dev/input/event1: 0003 0036 00004276
[    1168.383243] /dev/input/event1: 0000 0000 00000000
[    1168.395922] /dev/input/event1: 0003 0036 00004232
[    1168.395922] /dev/input/event1: 0000 0000 00000000
[    1168.399982] /dev/input/event1: 0003 0036 000041cc
[    1168.399982] /dev/input/event1: 0000 0000 00000000
[    1168.411188] /dev/input/event1: 0003 0036 00004176
[    1168.411188] /dev/input/event1: 0000 0000 00000000
[    1168.415196] /dev/input/event1: 0003 0036 00004132
[    1168.415196] /dev/input/event1: 0000 0000 00000000
[    1168.427326] /dev/input/event1: 0003 0036 000040dd
[    1168.427326] /dev/input/event1: 0000 0000 00000000
[    1168.431967] /dev/input/event1: 0003 0036 00004099
[    1168.431967] /dev/input/event1: 0000 0000 00000000
[    1168.443167] /dev/input/event1: 0003 0036 00004010
[    1168.443167] /dev/input/event1: 0000 0000 00000000
[    1168.447065] /dev/input/event1: 0003 0036 00003fcc
[    1168.447065] /dev/input/event1: 0000 0000 00000000
[    1168.459149] /dev/input/event1: 0003 0036 00003f76
[    1168.459149] /dev/input/event1: 0000 0000 00000000
[    1168.463782] /dev/input/event1: 0003 0036 00003eff
[    1168.463782] /dev/input/event1: 0000 0000 00000000
[    1168.475183] /dev/input/event1: 0003 0036 00003eaa
[    1168.475183] /dev/input/event1: 0000 0000 00000000
[    1168.479446] /dev/input/event1: 0003 0035 00003573
[    1168.479446] /dev/input/event1: 0003 0036 00003e43
[    1168.479446] /dev/input/event1: 0000 0000 00000000
[    1168.492626] /dev/input/event1: 0003 0036 00003ddd
[    1168.492626] /dev/input/event1: 0000 0000 00000000
[    1168.495003] /dev/input/event1: 0003 0036 00003d99
[    1168.495003] /dev/input/event1: 0000 0000 00000000
[    1168.507243] /dev/input/event1: 0003 0035 00003554
[    1168.507243] /dev/input/event1: 0003 0036 00003d32
[    1168.507243] /dev/input/event1: 0000 0000 00000000
[    1168.511224] /dev/input/event1: 0003 0035 00003518
[    1168.511224] /dev/input/event1: 0003 0036 00003cdd
[    1168.511224] /dev/input/event1: 0000 0000 00000000
[    1168.522988] /dev/input/event1: 0003 0036 00003c99
[    1168.522988] /dev/input/event1: 0000 0000 00000000
[    1168.527129] /dev/input/event1: 0003 0036 00003c10
[    1168.527129] /dev/input/event1: 0000 0000 00000000
[    1168.539819] /dev/input/event1: 0003 0035 000034f9
[    1168.539819] /dev/input/event1: 0003 0036 00003baa
[    1168.539819] /dev/input/event1: 0000 0000 00000000
[    1168.543783] /dev/input/event1: 0003 0036 00003b65
[    1168.543783] /dev/input/event1: 0000 0000 00000000
[    1168.555051] /dev/input/event1: 0003 0035 000034bd
[    1168.555051] /dev/input/event1: 0003 0036 00003aff
[    1168.555051] /dev/input/event1: 0000 0000 00000000
[    1168.559786] /dev/input/event1: 0003 0035 0000349e
[    1168.559786] /dev/input/event1: 0003 0036 00003a65
[    1168.559786] /dev/input/event1: 0000 0000 00000000
[    1168.572140] /dev/input/event1: 0003 0036 000039cc
[    1168.572140] /dev/input/event1: 0000 0000 00000000
[    1168.575067] /dev/input/event1: 0003 0035 00003462
[    1168.575067] /dev/input/event1: 0003 0036 00003932
[    1168.575067] /dev/input/event1: 0000 0000 00000000
[    1168.587415] /dev/input/event1: 0003 0036 000038aa
[    1168.587415] /dev/input/event1: 0000 0000 00000000
[    1168.591255] /dev/input/event1: 0003 0035 00003443
[    1168.591255] /dev/input/event1: 0003 0036 00003810
[    1168.591255] /dev/input/event1: 0000 0000 00000000
[    1168.604715] /dev/input/event1: 0003 0036 00003777
[    1168.604715] /dev/input/event1: 0000 0000 00000000
[    1168.606968] /dev/input/event1: 0003 0035 00003407
[    1168.606968] /dev/input/event1: 0003 0036 000036dd
[    1168.606968] /dev/input/event1: 0000 0000 00000000
[    1168.619184] /dev/input/event1: 0003 0036 00003643
[    1168.619184] /dev/input/event1: 0000 0000 00000000
[    1168.623012] /dev/input/event1: 0003 0035 000033e8
[    1168.623012] /dev/input/event1: 0003 0036 00003599
[    1168.623012] /dev/input/event1: 0000 0000 00000000
[    1168.636587] /dev/input/event1: 0003 0035 000033ac
[    1168.636587] /dev/input/event1: 0003 0036 000034dd
[    1168.636587] /dev/input/event1: 0000 0000 00000000
[    1168.639259] /dev/input/event1: 0003 0035 0000338d
[    1168.639259] /dev/input/event1: 0003 0036 00003432
[    1168.639259] /dev/input/event1: 0000 0000 00000000
[    1168.651300] /dev/input/event1: 0003 0035 00003351
[    1168.651300] /dev/input/event1: 0003 0036 00003377
[    1168.651300] /dev/input/event1: 0000 0000 00000000
[    1168.655168] /dev/input/event1: 0003 0036 000032aa
[    1168.655168] /dev/input/event1: 0000 0000 00000000
[    1168.667282] /dev/input/event1: 0003 0036 000031ff
[    1168.667282] /dev/input/event1: 0000 0000 00000000
[    1168.672537] /dev/input/event1: 0003 0035 00003332
[    1168.672537] /dev/input/event1: 0003 0036 00003143
[    1168.672537] /dev/input/event1: 0000 0000 00000000
[    1168.683139] /dev/input/event1: 0003 0036 000030aa
[    1168.683139] /dev/input/event1: 0000 0000 00000000
[    1168.687329] /dev/input/event1: 0003 0035 000032f6
[    1168.687329] /dev/input/event1: 0003 0036 00002fff
[    1168.687329] /dev/input/event1: 0000 0000 00000000
[    1168.699239] /dev/input/event1: 0003 0036 00002f77
[    1168.699239] /dev/input/event1: 0000 0000 00000000
[    1168.705496] /dev/input/event1: 0003 0035 000032d7
[    1168.705496] /dev/input/event1: 0003 0036 00002edd
[    1168.705496] /dev/input/event1: 0000 0000 00000000
[    1168.715158] /dev/input/event1: 0003 0035 0000329b
[    1168.715158] /dev/input/event1: 0003 0036 00002e66
[    1168.715158] /dev/input/event1: 0000 0000 00000000
[    1168.719646] /dev/input/event1: 0003 0035 0000327c
[    1168.719646] /dev/input/event1: 0003 0036 00002ddd
[    1168.719646] /dev/input/event1: 0000 0000 00000000
[    1168.731363] /dev/input/event1: 0003 0035 00003240
[    1168.731363] /dev/input/event1: 0003 0036 00002d77
[    1168.731363] /dev/input/event1: 0000 0000 00000000
[    1168.736079] /dev/input/event1: 0003 0035 00003221
[    1168.736079] /dev/input/event1: 0003 0036 00002cff
[    1168.736079] /dev/input/event1: 0000 0000 00000000
[    1168.747178] /dev/input/event1: 0003 0036 00002c99
[    1168.747178] /dev/input/event1: 0000 0000 00000000
[    1168.751714] /dev/input/event1: 0003 0035 000031e5
[    1168.751714] /dev/input/event1: 0003 0036 00002c10
[    1168.751714] /dev/input/event1: 0000 0000 00000000
[    1168.763510] /dev/input/event1: 0003 0035 000031c6
[    1168.763510] /dev/input/event1: 0003 0036 00002b99
[    1168.763510] /dev/input/event1: 0000 0000 00000000
[    1168.767239] /dev/input/event1: 0003 0035 0000318a
[    1168.767239] /dev/input/event1: 0003 0036 00002b10
[    1168.767239] /dev/input/event1: 0000 0000 00000000
[    1168.780162] /dev/input/event1: 0003 0035 0000316b
[    1168.780162] /dev/input/event1: 0003 0036 00002a99
[    1168.780162] /dev/input/event1: 0000 0000 00000000
[    1168.783123] /dev/input/event1: 0003 0036 000029ff
[    1168.783123] /dev/input/event1: 0000 0000 00000000
[    1168.795296] /dev/input/event1: 0003 0035 0000312f
[    1168.795296] /dev/input/event1: 0003 0036 00002977
[    1168.795296] /dev/input/event1: 0000 0000 00000000
[    1168.799164] /dev/input/event1: 0003 0035 00003110
[    1168.799164] /dev/input/event1: 0003 0036 000028cc
[    1168.799164] /dev/input/event1: 0000 0000 00000000
[    1168.811898] /dev/input/event1: 0003 0035 000030d4
[    1168.811898] /dev/input/event1: 0003 0036 00002810
[    1168.811898] /dev/input/event1: 0000 0000 00000000
[    1168.814898] /dev/input/event1: 0003 0036 00002777
[    1168.814898] /dev/input/event1: 0000 0000 00000000
[    1168.827906] /dev/input/event1: 0003 0036 000026dd
[    1168.827906] /dev/input/event1: 0000 0000 00000000
[    1168.833683] /dev/input/event1: 0003 0036 00002632
[    1168.833683] /dev/input/event1: 0000 0000 00000000
[    1168.844340] /dev/input/event1: 0003 0036 00002577
[    1168.844340] /dev/input/event1: 0000 0000 00000000
[    1168.848084] /dev/input/event1: 0003 0036 000024cc
[    1168.848084] /dev/input/event1: 0000 0000 00000000
[    1168.859135] /dev/input/event1: 0003 0036 000023ff
[    1168.859135] /dev/input/event1: 0000 0000 00000000
[    1168.863897] /dev/input/event1: 0003 0036 00002343
[    1168.863897] /dev/input/event1: 0000 0000 00000000
[    1168.875140] /dev/input/event1: 0003 0035 000030b5
[    1168.875140] /dev/input/event1: 0003 0036 00002277
[    1168.875140] /dev/input/event1: 0000 0000 00000000
[    1168.879348] /dev/input/event1: 0003 0036 000021cc
[    1168.879348] /dev/input/event1: 0000 0000 00000000
[    1168.891207] /dev/input/event1: 0003 0035 00003078
[    1168.891207] /dev/input/event1: 0003 0036 00002110
[    1168.891207] /dev/input/event1: 0000 0000 00000000
[    1168.896173] /dev/input/event1: 0003 0036 00002066
[    1168.896173] /dev/input/event1: 0000 0000 00000000
[    1168.907877] /dev/input/event1: 0003 0035 0000305a
[    1168.907877] /dev/input/event1: 0003 0036 00001fcc
[    1168.907877] /dev/input/event1: 0000 0000 00000000
[    1168.911434] /dev/input/event1: 0003 0036 00001f44
[    1168.911434] /dev/input/event1: 0000 0000 00000000
[    1168.923056] /dev/input/event1: 0003 0035 0000301d
[    1168.923056] /dev/input/event1: 0003 0036 00001ecc
[    1168.923056] /dev/input/event1: 0000 0000 00000000
[    1168.926997] /dev/input/event1: 0003 0036 00001e44
[    1168.926997] /dev/input/event1: 0000 0000 00000000
[    1168.939240] /dev/input/event1: 0003 0036 00001dcc
[    1168.939240] /dev/input/event1: 0000 0000 00000000
[    1168.944724] /dev/input/event1: 0003 0036 00001d99
[    1168.944724] /dev/input/event1: 0000 0000 00000000
[    1168.955303] /dev/input/event1: 0003 0035 00002fff
[    1168.955303] /dev/input/event1: 0003 0036 00001d32
[    1168.955303] /dev/input/event1: 0000 0000 00000000
[    1168.958941] /dev/input/event1: 0003 0036 00001cdd
[    1168.958941] /dev/input/event1: 0000 0000 00000000
[    1168.973806] /dev/input/event1: 0003 0036 00001c77
[    1168.973806] /dev/input/event1: 0000 0000 00000000
[    1168.975080] /dev/input/event1: 0003 0036 00001c44
[    1168.975080] /dev/input/event1: 0000 0000 00000000
[    1168.987058] /dev/input/event1: 0003 0036 00001c10
[    1168.987058] /dev/input/event1: 0000 0000 00000000
[    1168.990979] /dev/input/event1: 0003 0036 00001bdd
[    1168.990979] /dev/input/event1: 0000 0000 00000000
[    1169.005559] /dev/input/event1: 0003 0036 00001b99
[    1169.005559] /dev/input/event1: 0000 0000 00000000
[    1169.008059] /dev/input/event1: 0003 0036 00001b77
[    1169.008059] /dev/input/event1: 0000 0000 00000000
[    1169.019094] /dev/input/event1: 0003 0036 00001b66
[    1169.019094] /dev/input/event1: 0000 0000 00000000
[    1169.022961] /dev/input/event1: 0003 0036 00001b44
[    1169.022961] /dev/input/event1: 0000 0000 00000000
[    1169.036025] /dev/input/event1: 0003 0036 00001b32
[    1169.036025] /dev/input/event1: 0000 0000 00000000
[    1169.039960] /dev/input/event1: 0003 0036 00001b10
[    1169.039960] /dev/input/event1: 0000 0000 00000000
[    1169.083074] /dev/input/event1: 0003 0036 00001aff
[    1169.083074] /dev/input/event1: 0000 0000 00000000
[    1169.502041] /dev/input/event1: 0003 003a 00000000
[    1169.502041] /dev/input/event1: 0003 0039 ffffffff
[    1169.502041] /dev/input/event1: 0000 0000 00000000
[    1172.189350] /dev/input/event1: 0003 0039 00000000
[    1172.189350] /dev/input/event1: 0003 0030 000000e5
[    1172.189350] /dev/input/event1: 0003 003a 00000081
[    1172.189350] /dev/input/event1: 0003 0035 000008e3
[    1172.189350] /dev/input/event1: 0003 0036 00000a99
[    1172.189350] /dev/input/event1: 0000 0000 00000000
[    1172.264055] /dev/input/event1: 0003 003a 00000000
[    1172.264055] /dev/input/event1: 0003 0039 ffffffff
[    1172.264055] /dev/input/event1: 0000 0000 00000000
[    1175.634952] /dev/input/event1: 0003 0039 00000000
[    1175.634952] /dev/input/event1: 0003 0030 000000e6
[    1175.634952] /dev/input/event1: 0003 003a 00000081
[    1175.634952] /dev/input/event1: 0003 0035 00007683
[    1175.634952] /dev/input/event1: 0003 0036 00007343
[    1175.634952] /dev/input/event1: 0000 0000 00000000
[    1175.693949] /dev/input/event1: 0003 003a 00000000
[    1175.693949] /dev/input/event1: 0003 0039 ffffffff
[    1175.693949] /dev/input/event1: 0000 0000 00000000
[    1179.245378] /dev/input/event1: 0003 0039 00000000
[    1179.245378] /dev/input/event1: 0003 0030 000000e7
[    1179.245378] /dev/input/event1: 0003 003a 00000081
[    1179.245378] /dev/input/event1: 0003 0035 00000999
[    1179.245378] /dev/input/event1: 0003 0036 00000910
[    1179.245378] /dev/input/event1: 0000 0000 00000000
[    1179.339347] /dev/input/event1: 0003 003a 00000000
[    1179.339347] /dev/input/event1: 0003 0039 ffffffff
[    1179.339347] /dev/input/event1: 0000 0000 00000000
[    1182.395880] /dev/input/event1: 0003 0039 00000000
[    1182.395880] /dev/input/event1: 0003 0030 000000e8
[    1182.395880] /dev/input/event1: 0003 003a 00000081
[    1182.395880] /dev/input/event1: 0003 0035 00001cea
[    1182.395880] /dev/input/event1: 0003 0036 000022dd
[    1182.395880] /dev/input/event1: 0000 0000 00000000
[    1182.521814] /dev/input/event1: 0003 003a 00000000
[    1182.521814] /dev/input/event1: 0003 0039 ffffffff
[    1182.521814] /dev/input/event1: 0000 0000 00000000
[    1184.574580] /dev/input/event1: 0003 0039 00000000
[    1184.574580] /dev/input/event1: 0003 0030 000000e9
[    1184.574580] /dev/input/event1: 0003 003a 00000081
[    1184.574580] /dev/input/event1: 0003 0035 00003d45
[    1184.574580] /dev/input/event1: 0003 0036 00001377
[    1184.574580] /dev/input/event1: 0000 0000 00000000
[    1184.701633] /dev/input/event1: 0003 003a 00000000
[    1184.701633] /dev/input/event1: 0003 0039 ffffffff
[    1184.701633] /dev/input/event1: 0000 0000 00000000
[    1186.753979] /dev/input/event1: 0003 0039 00000000
[    1186.753979] /dev/input/event1: 0003 0030 000000ea
[    1186.753979] /dev/input/event1: 0003 003a 00000081
[    1186.753979] /dev/input/event1: 0003 0035 0000684b
[    1186.753979] /dev/input/event1: 0003 0036 00001299
[    1186.753979] /dev/input/event1: 0000 0000 00000000
[    1186.863445] /dev/input/event1: 0003 003a 00000000
[    1186.863445] /dev/input/event1: 0003 0039 ffffffff
[    1186.863445] /dev/input/event1: 0000 0000 00000000
[    1188.380242] /dev/input/event1: 0003 0039 00000000
[    1188.380242] /dev/input/event1: 0003 0030 000000eb
[    1188.380242] /dev/input/event1: 0003 003a 00000081
[    1188.380242] /dev/input/event1: 0003 0035 00000b7e
[    1188.380242] /dev/input/event1: 0003 0036 000008ee
[    1188.380242] /dev/input/event1: 0000 0000 00000000
[    1188.457331] /dev/input/event1: 0003 003a 00000000
[    1188.457331] /dev/input/event1: 0003 0039 ffffffff
[    1188.457331] /dev/input/event1: 0000 0000 00000000
[    1191.362148] /dev/input/event1: 0003 0039 00000000
[    1191.362148] /dev/input/event1: 0003 0030 000000ec
[    1191.362148] /dev/input/event1: 0003 003a 00000081
[    1191.362148] /dev/input/event1: 0003 0035 0000218a
[    1191.362148] /dev/input/event1: 0003 0036 00002abb
[    1191.362148] /dev/input/event1: 0000 0000 00000000
[    1191.423462] /dev/input/event1: 0003 003a 00000000
[    1191.423462] /dev/input/event1: 0003 0039 ffffffff
[    1191.423462] /dev/input/event1: 0000 0000 00000000
[    1194.165521] /dev/input/event1: 0003 0039 00000000
[    1194.165521] /dev/input/event1: 0003 0030 000000ed
[    1194.165521] /dev/input/event1: 0003 003a 00000081
[    1194.165521] /dev/input/event1: 0003 0035 0000084b
[    1194.165521] /dev/input/event1: 0003 0036 000009ff
[    1194.165521] /dev/input/event1: 0000 0000 00000000
[    1194.275336] /dev/input/event1: 0003 003a 00000000
[    1194.275336] /dev/input/event1: 0003 0039 ffffffff
[    1194.275336] /dev/input/event1: 0000 0000 00000000
[    1195.775721] /dev/input/event1: 0003 0039 00000000
[    1195.775721] /dev/input/event1: 0003 0030 000000ee
[    1195.775721] /dev/input/event1: 0003 003a 00000081
[    1195.775721] /dev/input/event1: 0003 0035 00002240
[    1195.775721] /dev/input/event1: 0003 0036 00003f43
[    1195.775721] /dev/input/event1: 0000 0000 00000000
[    1195.837352] /dev/input/event1: 0003 003a 00000000
[    1195.837352] /dev/input/event1: 0003 0039 ffffffff
[    1195.837352] /dev/input/event1: 0000 0000 00000000
[    1199.944200] /dev/input/event1: 0003 0039 00000000
[    1199.944200] /dev/input/event1: 0003 0030 000000ef
[    1199.944200] /dev/input/event1: 0003 003a 00000081
[    1199.944200] /dev/input/event1: 0003 0035 00004f0c
[    1199.944200] /dev/input/event1: 0003 0036 000009ee
[    1199.944200] /dev/input/event1: 0000 0000 00000000
[    1200.021453] /dev/input/event1: 0003 003a 00000000
[    1200.021453] /dev/input/event1: 0003 0039 ffffffff
[    1200.021453] /dev/input/event1: 0000 0000 00000000
[    1202.819912] /dev/input/event1: 0003 0039 00000000
[    1202.819912] /dev/input/event1: 0003 0030 000000f0
[    1202.819912] /dev/input/event1: 0003 003a 00000081
[    1202.819912] /dev/input/event1: 0003 0035 000045ce
[    1202.819912] /dev/input/event1: 0003 0036 00006487
[    1202.819912] /dev/input/event1: 0000 0000 00000000
[    1202.993460] /dev/input/event1: 0003 003a 00000000
[    1202.993460] /dev/input/event1: 0003 0039 ffffffff
[    1202.993460] /dev/input/event1: 0000 0000 00000000
[    1204.541936] /dev/input/event1: 0003 0039 00000000
[    1204.541936] /dev/input/event1: 0003 0030 000000f1
[    1204.541936] /dev/input/event1: 0003 003a 00000081
[    1204.541936] /dev/input/event1: 0003 0035 00005d27
[    1204.541936] /dev/input/event1: 0003 0036 000009cc
[    1204.541936] /dev/input/event1: 0000 0000 00000000
[    1204.635315] /dev/input/event1: 0003 003a 00000000
[    1204.635315] /dev/input/event1: 0003 0039 ffffffff
[    1204.635315] /dev/input/event1: 0000 0000 00000000
[    1208.036061] /dev/input/event1: 0003 0039 00000000
[    1208.036061] /dev/input/event1: 0003 0030 000000f2
[    1208.036061] /dev/input/event1: 0003 003a 00000081
[    1208.036061] /dev/input/event1: 0003 0035 0000060b
[    1208.036061] /dev/input/event1: 0003 0036 000007cc
[    1208.036061] /dev/input/event1: 0000 0000 00000000
[    1208.129331] /dev/input/event1: 0003 003a 00000000
[    1208.129331] /dev/input/event1: 0003 0039 ffffffff
[    1208.129331] /dev/input/event1: 0000 0000 00000000
[    1209.718625] /dev/input/event1: 0003 0039 00000000
[    1209.718625] /dev/input/event1: 0003 0030 000000f3
[    1209.718625] /dev/input/event1: 0003 003a 00000081
[    1209.718625] /dev/input/event1: 0003 0035 00006bf7
[    1209.718625] /dev/input/event1: 0003 0036 000008ff
[    1209.718625] /dev/input/event1: 0000 0000 00000000
[    1209.811530] /dev/input/event1: 0003 003a 00000000
[    1209.811530] /dev/input/event1: 0003 0039 ffffffff
[    1209.811530] /dev/input/event1: 0000 0000 00000000
[    1211.361509] /dev/input/event1: 0003 0039 00000000
[    1211.361509] /dev/input/event1: 0003 0030 000000f4
[    1211.361509] /dev/input/event1: 0003 003a 00000081
[    1211.361509] /dev/input/event1: 0003 0035 0000795b
[    1211.361509] /dev/input/event1: 0003 0036 000008ee
[    1211.361509] /dev/input/event1: 0000 0000 00000000
[    1211.439302] /dev/input/event1: 0003 003a 00000000
[    1211.439302] /dev/input/event1: 0003 0039 ffffffff
[    1211.439302] /dev/input/event1: 0000 0000 00000000
[    1215.585663] /dev/input/event1: 00