add device 1: /dev/input/event0
  name:     "Power Button"
add device 2: /dev/input/event1
  name:     "qwerty2"
[     718.611829] /dev/input/event1: 0003 0039 00000000
[     718.611829] /dev/input/event1: 0003 0030 00000094
[     718.611829] /dev/input/event1: 0003 003a 00000081
[     718.611829] /dev/input/event1: 0003 0035 000026df
[     718.611829] /dev/input/event1: 0003 0036 00003421
[     718.611829] /dev/input/event1: 0000 0000 00000000
[     718.665977] /dev/input/event1: 0003 003a 00000000
[     718.665977] /dev/input/event1: 0003 0039 ffffffff
[     718.665977] /dev/input/event1: 0000 0000 00000000
[     720.310575] /dev/input/event1: 0003 0039 00000000
[     720.310575] /dev/input/event1: 0003 0030 00000095
[     720.310575] /dev/input/event1: 0003 003a 00000081
[     720.310575] /dev/input/event1: 0003 0035 000038c4
[     720.310575] /dev/input/event1: 0003 0036 000025dd
[     720.310575] /dev/input/event1: 0000 0000 00000000
[     720.388108] /dev/input/event1: 0003 003a 00000000
[     720.388108] /dev/input/event1: 0003 0039 ffffffff
[     720.388108] /dev/input/event1: 0000 0000 00000000
[     723.546258] /dev/input/event1: 0003 0039 00000000
[     723.546258] /dev/input/event1: 0003 0030 00000096
[     723.546258] /dev/input/event1: 0003 003a 00000081
[     723.546258] /dev/input/event1: 0003 0035 000077b3
[     723.546258] /dev/input/event1: 0003 0036 00000944
[     723.546258] /dev/input/event1: 0000 0000 00000000
[     723.656077] /dev/input/event1: 0003 003a 00000000
[     723.656077] /dev/input/event1: 0003 0039 ffffffff
[     723.656077] /dev/input/event1: 0000 0000 00000000
[     725.323782] /dev/input/event1: 0003 0039 00000000
[     725.323782] /dev/input/event1: 0003 0030 00000097
[     725.323782] /dev/input/event1: 0003 003a 00000081
[     725.323782] /dev/input/event1: 0003 0035 00002d09
[     725.323782] /dev/input/event1: 0003 0036 00004f21
[     725.323782] /dev/input/event1: 0000 0000 00000000
[     725.388168] /dev/input/event1: 0003 003a 00000000
[     725.388168] /dev/input/event1: 0003 0039 ffffffff
[     725.388168] /dev/input/event1: 0000 0000 00000000
[     726.606263] /dev/input/event1: 0003 0039 00000000
[     726.606263] /dev/input/event1: 0003 0030 00000098
[     726.606263] /dev/input/event1: 0003 003a 00000081
[     726.606263] /dev/input/event1: 0003 0035 00006c15
[     726.606263] /dev/input/event1: 0003 0036 00005043
[     726.606263] /dev/input/event1: 0000 0000 00000000
[     726.668025] /dev/input/event1: 0003 003a 00000000
[     726.668025] /dev/input/event1: 0003 0039 ffffffff
[     726.668025] /dev/input/event1: 0000 0000 00000000
[     727.938203] /dev/input/event1: 0003 0039 00000000
[     727.938203] /dev/input/event1: 0003 0030 00000099
[     727.938203] /dev/input/event1: 0003 003a 00000081
[     727.938203] /dev/input/event1: 0003 0035 00003443
[     727.938203] /dev/input/event1: 0003 0036 00006621
[     727.938203] /dev/input/event1: 0000 0000 00000000
[     727.998172] /dev/input/event1: 0003 003a 00000000
[     727.998172] /dev/input/event1: 0003 0039 ffffffff
[     727.998172] /dev/input/event1: 0000 0000 00000000
[     728.786237] /dev/input/event1: 0003 0039 00000000
[     728.786237] /dev/input/event1: 0003 0030 0000009a
[     728.786237] /dev/input/event1: 0003 003a 00000081
[     728.786237] /dev/input/event1: 0003 0035 000065cd
[     728.786237] /dev/input/event1: 0003 0036 00005c10
[     728.786237] /dev/input/event1: 0000 0000 00000000
[     728.848683] /dev/input/event1: 0003 003a 00000000
[     728.848683] /dev/input/event1: 0003 0039 ffffffff
[     728.848683] /dev/input/event1: 0000 0000 00000000
[     730.326994] /dev/input/event1: 0003 0039 00000000
[     730.326994] /dev/input/event1: 0003 0030 0000009b
[     730.326994] /dev/input/event1: 0003 003a 00000081
[     730.326994] /dev/input/event1: 0003 0035 000075af
[     730.326994] /dev/input/event1: 0003 0036 00007254
[     730.326994] /dev/input/event1: 0000 0000 00000000
[     730.387279] /dev/input/event1: 0003 003a 00000000
[     730.387279] /dev/input/event1: 0003 0039 ffffffff
[     730.387279] /dev/input/event1: 0000 0000 00000000
[     732.711832] /dev/input/event1: 0003 0039 00000000
[     732.711832] /dev/input/event1: 0003 0030 0000009c
[     732.711832] /dev/input/event1: 0003 003a 00000081
[     732.711832] /dev/input/event1: 0003 0035 000030d4
[     732.711832] /dev/input/event1: 0003 0036 00001821
[     732.711832] /dev/input/event1: 0000 0000 00000000
[     732.806527] /dev/input/event1: 0003 003a 00000000
[     732.806527] /dev/input/event1: 0003 0039 ffffffff
[     732.806527] /dev/input/event1: 0000 0000 00000000
[     735.026377] /dev/input/event1: 0003 0039 00000000
[     735.026377] /dev/input/event1: 0003 0030 0000009d
[     735.026377] /dev/input/event1: 0003 003a 00000081
[     735.026377] /dev/input/event1: 0003 0035 00002e1a
[     735.026377] /dev/input/event1: 0003 0036 00002a21
[     735.026377] /dev/input/event1: 0000 0000 00000000
[     735.087912] /dev/input/event1: 0003 003a 00000000
[     735.087912] /dev/input/event1: 0003 0039 ffffffff
[     735.087912] /dev/input/event1: 0000 0000 00000000
[     738.684767] /dev/input/event1: 0003 0039 00000000
[     738.684767] /dev/input/event1: 0003 0030 0000009e
[     738.684767] /dev/input/event1: 0003 003a 00000081
[     738.684767] /dev/input/event1: 0003 0035 00001f2b
[     738.684767] /dev/input/event1: 0003 0036 00007acb
[     738.684767] /dev/input/event1: 0000 0000 00000000
[     738.744044] /dev/input/event1: 0003 003a 00000000
[     738.744044] /dev/input/event1: 0003 0039 ffffffff
[     738.744044] /dev/input/event1: 0000 0000 00000000
[     741.793372] /dev/input/event1: 0003 0039 00000000
[     741.793372] /dev/input/event1: 0003 0030 0000009f
[     741.793372] /dev/input/event1: 0003 003a 00000081
[     741.793372] /dev/input/event1: 0003 0035 000008c5
[     741.793372] /dev/input/event1: 0003 0036 00000888
[     741.793372] /dev/input/event1: 0000 0000 00000000
[     741.868475] /dev/input/event1: 0003 003a 00000000
[     741.868475] /dev/input/event1: 0003 0039 ffffffff
[     741.868475] /dev/input/event1: 0000 0000 00000000
[     743.258159] /dev/input/event1: 0003 0039 00000000
[     743.258159] /dev/input/event1: 0003 0030 000000a0
[     743.258159] /dev/input/event1: 0003 003a 00000081
[     743.258159] /dev/input/event1: 0000 0000 00000000
[     743.319995] /dev/input/event1: 0003 003a 00000000
[     743.319995] /dev/input/event1: 0003 0039 ffffffff
[     743.319995] /dev/input/event1: 0000 0000 00000000
[     749.409574] /dev/input/event1: 0003 0039 00000000
[     749.409574] /dev/input/event1: 0003 0030 000000a1
[     749.409574] /dev/input/event1: 0003 003a 00000081
[     749.409574] /dev/input/event1: 0003 0035 00000b60
[     749.409574] /dev/input/event1: 0003 0036 00000a10
[     749.409574] /dev/input/event1: 0000 0000 00000000
[     749.468520] /dev/input/event1: 0003 003a 00000000
[     749.468520] /dev/input/event1: 0003 0039 ffffffff
[     749.468520] /dev/input/event1: 0000 0000 00000000
[     751.729106] /dev/input/event1: 0003 0039 00000000
[     751.729106] /dev/input/event1: 0003 0030 000000a2
[     751.729106] /dev/input/event1: 0003 003a 00000081
[     751.729106] /dev/input/event1: 0003 0035 0000212f
[     751.729106] /dev/input/event1: 0003 0036 00001b21
[     751.729106] /dev/input/event1: 0000 0000 00000000
[     751.805952] /dev/input/event1: 0003 003a 00000000
[     751.805952] /dev/input/event1: 0003 0039 ffffffff
[     751.805952] /dev/input/event1: 0000 0000 00000000
[     753.572636] /dev/input/event1: 0003 0039 00000000
[     753.572636] /dev/input/event1: 0003 0030 000000a3
[     753.572636] /dev/input/event1: 0003 003a 00000081
[     753.572636] /dev/input/event1: 0003 0035 00001c16
[     753.572636] /dev/input/event1: 0003 0036 00001e99
[     753.572636] /dev/input/event1: 0000 0000 00000000
[     753.664210] /dev/input/event1: 0003 003a 00000000
[     753.664210] /dev/input/event1: 0003 0039 ffffffff
[     753.664210] /dev/input/event1: 0000 0000 00000000
[     755.797477] /dev/input/event1: 0003 0039 00000000
[     755.797477] /dev/input/event1: 0003 0030 000000a4
[     755.797477] /dev/input/event1: 0003 003a 00000081
[     755.797477] /dev/input/event1: 0003 0035 00003c34
[     755.797477] /dev/input/event1: 0003 0036 00005e87
[     755.797477] /dev/input/event1: 0000 0000 00000000
[     755.813169] /dev/input/event1: 0003 0035 00003c52
[     755.813169] /dev/input/event1: 0003 0036 00005e43
[     755.813169] /dev/input/event1: 0000 0000 00000000
[     755.815470] /dev/input/event1: 0003 0036 00005e21
[     755.815470] /dev/input/event1: 0000 0000 00000000
[     755.827568] /dev/input/event1: 0003 0035 00003c8f
[     755.827568] /dev/input/event1: 0003 0036 00005dee
[     755.827568] /dev/input/event1: 0000 0000 00000000
[     755.832236] /dev/input/event1: 0003 0035 00003cad
[     755.832236] /dev/input/event1: 0003 0036 00005da9
[     755.832236] /dev/input/event1: 0000 0000 00000000
[     755.844396] /dev/input/event1: 0003 0035 00003cea
[     755.844396] /dev/input/event1: 0003 0036 00005d43
[     755.844396] /dev/input/event1: 0000 0000 00000000
[     755.848630] /dev/input/event1: 0003 0036 00005cee
[     755.848630] /dev/input/event1: 0000 0000 00000000
[     755.860341] /dev/input/event1: 0003 0035 00003d09
[     755.860341] /dev/input/event1: 0003 0036 00005c76
[     755.860341] /dev/input/event1: 0000 0000 00000000
[     755.863471] /dev/input/event1: 0003 0036 00005c10
[     755.863471] /dev/input/event1: 0000 0000 00000000
[     755.877014] /dev/input/event1: 0003 0036 00005bbb
[     755.877014] /dev/input/event1: 0000 0000 00000000
[     755.879650] /dev/input/event1: 0003 0035 00003cea
[     755.879650] /dev/input/event1: 0003 0036 00005b43
[     755.879650] /dev/input/event1: 0000 0000 00000000
[     755.891752] /dev/input/event1: 0003 0036 00005a87
[     755.891752] /dev/input/event1: 0000 0000 00000000
[     755.895579] /dev/input/event1: 0003 0036 000059bb
[     755.895579] /dev/input/event1: 0000 0000 00000000
[     755.908221] /dev/input/event1: 0003 0036 00005910
[     755.908221] /dev/input/event1: 0000 0000 00000000
[     755.912247] /dev/input/event1: 0003 0036 00005843
[     755.912247] /dev/input/event1: 0000 0000 00000000
[     755.923694] /dev/input/event1: 0003 0036 00005787
[     755.923694] /dev/input/event1: 0000 0000 00000000
[     755.928445] /dev/input/event1: 0003 0036 000056dd
[     755.928445] /dev/input/event1: 0000 0000 00000000
[     755.940192] /dev/input/event1: 0003 0036 00005610
[     755.940192] /dev/input/event1: 0000 0000 00000000
[     755.944197] /dev/input/event1: 0003 0036 00005521
[     755.944197] /dev/input/event1: 0000 0000 00000000
[     755.955654] /dev/input/event1: 0003 0036 00005443
[     755.955654] /dev/input/event1: 0000 0000 00000000
[     755.960283] /dev/input/event1: 0003 0036 00005343
[     755.960283] /dev/input/event1: 0000 0000 00000000
[     755.972825] /dev/input/event1: 0003 0036 00005243
[     755.972825] /dev/input/event1: 0000 0000 00000000
[     755.976167] /dev/input/event1: 0003 0035 00003ccc
[     755.976167] /dev/input/event1: 0003 0036 00005121
[     755.976167] /dev/input/event1: 0000 0000 00000000
[     755.987640] /dev/input/event1: 0003 0035 00003c8f
[     755.987640] /dev/input/event1: 0003 0036 00005021
[     755.987640] /dev/input/event1: 0000 0000 00000000
[     755.991802] /dev/input/event1: 0003 0035 00003c71
[     755.991802] /dev/input/event1: 0003 0036 00004f21
[     755.991802] /dev/input/event1: 0000 0000 00000000
[     756.004013] /dev/input/event1: 0003 0035 00003c16
[     756.004013] /dev/input/event1: 0003 0036 00004e21
[     756.004013] /dev/input/event1: 0000 0000 00000000
[     756.007627] /dev/input/event1: 0003 0035 00003bbb
[     756.007627] /dev/input/event1: 0003 0036 00004d21
[     756.007627] /dev/input/event1: 0000 0000 00000000
[     756.020272] /dev/input/event1: 0003 0035 00003b7e
[     756.020272] /dev/input/event1: 0003 0036 00004c54
[     756.020272] /dev/input/event1: 0000 0000 00000000
[     756.024157] /dev/input/event1: 0003 0035 00003b60
[     756.024157] /dev/input/event1: 0003 0036 00004b76
[     756.024157] /dev/input/event1: 0000 0000 00000000
[     756.036048] /dev/input/event1: 0003 0035 00003b23
[     756.036048] /dev/input/event1: 0003 0036 00004a87
[     756.036048] /dev/input/event1: 0000 0000 00000000
[     756.039846] /dev/input/event1: 0003 0036 000049aa
[     756.039846] /dev/input/event1: 0000 0000 00000000
[     756.051855] /dev/input/event1: 0003 0036 000048dd
[     756.051855] /dev/input/event1: 0000 0000 00000000
[     756.055866] /dev/input/event1: 0003 0036 000047ee
[     756.055866] /dev/input/event1: 0000 0000 00000000
[     756.068249] /dev/input/event1: 0003 0036 000046ee
[     756.068249] /dev/input/event1: 0000 0000 00000000
[     756.071761] /dev/input/event1: 0003 0036 000045ee
[     756.071761] /dev/input/event1: 0000 0000 00000000
[     756.083828] /dev/input/event1: 0003 0036 00004521
[     756.083828] /dev/input/event1: 0000 0000 00000000
[     756.088138] /dev/input/event1: 0003 0036 00004443
[     756.088138] /dev/input/event1: 0000 0000 00000000
[     756.099800] /dev/input/event1: 0003 0035 00003b05
[     756.099800] /dev/input/event1: 0003 0036 00004376
[     756.099800] /dev/input/event1: 0000 0000 00000000
[     756.104741] /dev/input/event1: 0003 0036 000042aa
[     756.104741] /dev/input/event1: 0000 0000 00000000
[     756.115661] /dev/input/event1: 0003 0035 00003ac8
[     756.115661] /dev/input/event1: 0003 0036 000041ee
[     756.115661] /dev/input/event1: 0000 0000 00000000
[     756.119717] /dev/input/event1: 0003 0036 00004143
[     756.119717] /dev/input/event1: 0000 0000 00000000
[     756.131686] /dev/input/event1: 0003 0035 00003aaa
[     756.131686] /dev/input/event1: 0003 0036 00004088
[     756.131686] /dev/input/event1: 0000 0000 00000000
[     756.136935] /dev/input/event1: 0003 0036 00003fdd
[     756.136935] /dev/input/event1: 0000 0000 00000000
[     756.147854] /dev/input/event1: 0003 0035 00003a6d
[     756.147854] /dev/input/event1: 0003 0036 00003f21
[     756.147854] /dev/input/event1: 0000 0000 00000000
[     756.151579] /dev/input/event1: 0003 0036 00003e54
[     756.151579] /dev/input/event1: 0000 0000 00000000
[     756.163597] /dev/input/event1: 0003 0036 00003d88
[     756.163597] /dev/input/event1: 0000 0000 00000000
[     756.167758] /dev/input/event1: 0003 0035 00003a4f
[     756.167758] /dev/input/event1: 0003 0036 00003caa
[     756.167758] /dev/input/event1: 0000 0000 00000000
[     756.179629] /dev/input/event1: 0003 0036 00003bdd
[     756.179629] /dev/input/event1: 0000 0000 00000000
[     756.183512] /dev/input/event1: 0003 0036 00003b21
[     756.183512] /dev/input/event1: 0000 0000 00000000
[     756.196028] /dev/input/event1: 0003 0036 00003a77
[     756.196028] /dev/input/event1: 0000 0000 00000000
[     756.200124] /dev/input/event1: 0003 0036 000039bb
[     756.200124] /dev/input/event1: 0000 0000 00000000
[     756.211546] /dev/input/event1: 0003 0036 00003921
[     756.211546] /dev/input/event1: 0000 0000 00000000
[     756.216059] /dev/input/event1: 0003 0036 00003877
[     756.216059] /dev/input/event1: 0000 0000 00000000
[     756.227486] /dev/input/event1: 0003 0036 000037bb
[     756.227486] /dev/input/event1: 0000 0000 00000000
[     756.231656] /dev/input/event1: 0003 0036 00003710
[     756.231656] /dev/input/event1: 0000 0000 00000000
[     756.243623] /dev/input/event1: 0003 0036 00003654
[     756.243623] /dev/input/event1: 0000 0000 00000000
[     756.247978] /dev/input/event1: 0003 0036 000035aa
[     756.247978] /dev/input/event1: 0000 0000 00000000
[     756.259980] /dev/input/event1: 0003 0036 000034ee
[     756.259980] /dev/input/event1: 0000 0000 00000000
[     756.263919] /dev/input/event1: 0003 0036 00003454
[     756.263919] /dev/input/event1: 0000 0000 00000000
[     756.275567] /dev/input/event1: 0003 0035 00003a12
[     756.275567] /dev/input/event1: 0003 0036 000033bb
[     756.275567] /dev/input/event1: 0000 0000 00000000
[     756.279886] /dev/input/event1: 0003 0036 00003310
[     756.279886] /dev/input/event1: 0000 0000 00000000
[     756.292216] /dev/input/event1: 0003 0035 000039f4
[     756.292216] /dev/input/event1: 0003 0036 00003277
[     756.292216] /dev/input/event1: 0000 0000 00000000
[     756.295872] /dev/input/event1: 0003 0035 000039b7
[     756.295872] /dev/input/event1: 0003 0036 000031bb
[     756.295872] /dev/input/event1: 0000 0000 00000000
[     756.307702] /dev/input/event1: 0003 0036 00003110
[     756.307702] /dev/input/event1: 0000 0000 00000000
[     756.311631] /dev/input/event1: 0003 0035 00003999
[     756.311631] /dev/input/event1: 0003 0036 00003077
[     756.311631] /dev/input/event1: 0000 0000 00000000
[     756.323667] /dev/input/event1: 0003 0036 00002fdd
[     756.323667] /dev/input/event1: 0000 0000 00000000
[     756.327735] /dev/input/event1: 0003 0036 00002f43
[     756.327735] /dev/input/event1: 0000 0000 00000000
[     756.339707] /dev/input/event1: 0003 0036 00002ebb
[     756.339707] /dev/input/event1: 0000 0000 00000000
[     756.344361] /dev/input/event1: 0003 0035 0000395c
[     756.344361] /dev/input/event1: 0003 0036 00002e43
[     756.344361] /dev/input/event1: 0000 0000 00000000
[     756.355700] /dev/input/event1: 0003 0036 00002dbb
[     756.355700] /dev/input/event1: 0000 0000 00000000
[     756.359458] /dev/input/event1: 0003 0036 00002d54
[     756.359458] /dev/input/event1: 0000 0000 00000000
[     756.372789] /dev/input/event1: 0003 0036 00002cee
[     756.372789] /dev/input/event1: 0000 0000 00000000
[     756.375769] /dev/input/event1: 0003 0036 00002c88
[     756.375769] /dev/input/event1: 0000 0000 00000000
[     756.387630] /dev/input/event1: 0003 0036 00002c10
[     756.387630] /dev/input/event1: 0000 0000 00000000
[     756.391850] /dev/input/event1: 0003 0036 00002b88
[     756.391850] /dev/input/event1: 0000 0000 00000000
[     756.405797] /dev/input/event1: 0003 0036 00002aee
[     756.405797] /dev/input/event1: 0000 0000 00000000
[     756.407596] /dev/input/event1: 0003 0036 00002a55
[     756.407596] /dev/input/event1: 0000 0000 00000000
[     756.419683] /dev/input/event1: 0003 0035 0000393e
[     756.419683] /dev/input/event1: 0003 0036 000029bb
[     756.419683] /dev/input/event1: 0000 0000 00000000
[     756.424172] /dev/input/event1: 0003 0036 00002943
[     756.424172] /dev/input/event1: 0000 0000 00000000
[     756.436611] /dev/input/event1: 0003 0036 000028aa
[     756.436611] /dev/input/event1: 0000 0000 00000000
[     756.440364] /dev/input/event1: 0003 0036 00002821
[     756.440364] /dev/input/event1: 0000 0000 00000000
[     756.452252] /dev/input/event1: 0003 0036 000027aa
[     756.452252] /dev/input/event1: 0000 0000 00000000
[     756.456275] /dev/input/event1: 0003 0036 00002721
[     756.456275] /dev/input/event1: 0000 0000 00000000
[     756.468241] /dev/input/event1: 0003 0036 000026aa
[     756.468241] /dev/input/event1: 0000 0000 00000000
[     756.472284] /dev/input/event1: 0003 0036 00002621
[     756.472284] /dev/input/event1: 0000 0000 00000000
[     756.483658] /dev/input/event1: 0003 0036 000025bb
[     756.483658] /dev/input/event1: 0000 0000 00000000
[     756.489549] /dev/input/event1: 0003 0036 00002555
[     756.489549] /dev/input/event1: 0000 0000 00000000
[     756.501247] /dev/input/event1: 0003 0036 000024ee
[     756.501247] /dev/input/event1: 0000 0000 00000000
[     756.504549] /dev/input/event1: 0003 0036 000024aa
[     756.504549] /dev/input/event1: 0000 0000 00000000
[     756.516308] /dev/input/event1: 0003 0036 00002477
[     756.516308] /dev/input/event1: 0000 0000 00000000
[     756.521184] /dev/input/event1: 0003 0036 00002421
[     756.521184] /dev/input/event1: 0000 0000 00000000
[     756.531808] /dev/input/event1: 0003 0036 000023bb
[     756.531808] /dev/input/event1: 0000 0000 00000000
[     756.535765] /dev/input/event1: 0003 0036 00002343
[     756.535765] /dev/input/event1: 0000 0000 00000000
[     756.548032] /dev/input/event1: 0003 0036 000022ee
[     756.548032] /dev/input/event1: 0000 0000 00000000
[     756.551599] /dev/input/event1: 0003 0036 00002288
[     756.551599] /dev/input/event1: 0000 0000 00000000
[     756.564307] /dev/input/event1: 0003 0036 00002243
[     756.564307] /dev/input/event1: 0000 0000 00000000
[     756.567770] /dev/input/event1: 0003 0036 00002210
[     756.567770] /dev/input/event1: 0000 0000 00000000
[     756.579790] /dev/input/event1: 0003 0036 000021dd
[     756.579790] /dev/input/event1: 0000 0000 00000000
[     756.583808] /dev/input/event1: 0003 0036 000021bb
[     756.583808] /dev/input/event1: 0000 0000 00000000
[     756.596419] /dev/input/event1: 0003 0035 00003901
[     756.596419] /dev/input/event1: 0003 0036 00002177
[     756.596419] /dev/input/event1: 0000 0000 00000000
[     756.599646] /dev/input/event1: 0003 0036 00002155
[     756.599646] /dev/input/event1: 0000 0000 00000000
[     756.611919] /dev/input/event1: 0003 0036 00002144
[     756.611919] /dev/input/event1: 0000 0000 00000000
[     756.615750] /dev/input/event1: 0003 0036 00002121
[     756.615750] /dev/input/event1: 0000 0000 00000000
[     756.627582] /dev/input/event1: 0003 0036 00002110
[     756.627582] /dev/input/event1: 0000 0000 00000000
[     756.631678] /dev/input/event1: 0003 0036 000020ee
[     756.631678] /dev/input/event1: 0000 0000 00000000
[     756.643807] /dev/input/event1: 0003 0036 000020dd
[     756.643807] /dev/input/event1: 0000 0000 00000000
[     756.647823] /dev/input/event1: 0003 0036 000020aa
[     756.647823] /dev/input/event1: 0000 0000 00000000
[     756.660250] /dev/input/event1: 0003 0036 00002055
[     756.660250] /dev/input/event1: 0000 0000 00000000
[     756.664238] /dev/input/event1: 0003 0036 00002010
[     756.664238] /dev/input/event1: 0000 0000 00000000
[     756.675789] /dev/input/event1: 0003 0036 00001fbb
[     756.675789] /dev/input/event1: 0000 0000 00000000
[     756.679564] /dev/input/event1: 0003 0036 00001f88
[     756.679564] /dev/input/event1: 0000 0000 00000000
[     756.691820] /dev/input/event1: 0003 0036 00001f44
[     756.691820] /dev/input/event1: 0000 0000 00000000
[     756.695550] /dev/input/event1: 0003 0036 00001eee
[     756.695550] /dev/input/event1: 0000 0000 00000000
[     756.707904] /dev/input/event1: 0003 0036 00001e88
[     756.707904] /dev/input/event1: 0000 0000 00000000
[     756.711773] /dev/input/event1: 0003 0036 00001e44
[     756.711773] /dev/input/event1: 0000 0000 00000000
[     756.723593] /dev/input/event1: 0003 0036 00001ddd
[     756.723593] /dev/input/event1: 0000 0000 00000000
[     756.727742] /dev/input/event1: 0003 0036 00001d55
[     756.727742] /dev/input/event1: 0000 0000 00000000
[     756.739617] /dev/input/event1: 0003 0036 00001cdd
[     756.739617] /dev/input/event1: 0000 0000 00000000
[     756.743730] /dev/input/event1: 0003 0036 00001c77
[     756.743730] /dev/input/event1: 0000 0000 00000000
[     756.755636] /dev/input/event1: 0003 0036 00001bee
[     756.755636] /dev/input/event1: 0000 0000 00000000
[     756.759465] /dev/input/event1: 0003 0036 00001b77
[     756.759465] /dev/input/event1: 0000 0000 00000000
[     756.771541] /dev/input/event1: 0003 0036 00001aee
[     756.771541] /dev/input/event1: 0000 0000 00000000
[     756.776414] /dev/input/event1: 0003 0036 00001a88
[     756.776414] /dev/input/event1: 0000 0000 00000000
[     756.789844] /dev/input/event1: 0003 0036 00001a21
[     756.789844] /dev/input/event1: 0000 0000 00000000
[     756.793486] /dev/input/event1: 0003 0036 000019dd
[     756.793486] /dev/input/event1: 0000 0000 00000000
[     756.805728] /dev/input/event1: 0003 0036 00001988
[     756.805728] /dev/input/event1: 0000 0000 00000000
[     756.810180] /dev/input/event1: 0003 0036 00001944
[     756.810180] /dev/input/event1: 0000 0000 00000000
[     756.822165] /dev/input/event1: 0003 0036 00001910
[     756.822165] /dev/input/event1: 0000 0000 00000000
[     756.825534] /dev/input/event1: 0003 0036 000018ee
[     756.825534] /dev/input/event1: 0000 0000 00000000
[     756.837481] /dev/input/event1: 0003 0036 000018bb
[     756.837481] /dev/input/event1: 0000 0000 00000000
[     756.841411] /dev/input/event1: 0003 0036 000018aa
[     756.841411] /dev/input/event1: 0000 0000 00000000
[     756.854741] /dev/input/event1: 0003 0036 00001888
[     756.854741] /dev/input/event1: 0000 0000 00000000
[     756.857915] /dev/input/event1: 0003 0036 00001877
[     756.857915] /dev/input/event1: 0000 0000 00000000
[     756.870082] /dev/input/event1: 0003 0036 00001844
[     756.870082] /dev/input/event1: 0000 0000 00000000
[     756.874027] /dev/input/event1: 0003 0036 00001821
[     756.874027] /dev/input/event1: 0000 0000 00000000
[     756.886109] /dev/input/event1: 0003 0036 000017ee
[     756.886109] /dev/input/event1: 0000 0000 00000000
[     756.890558] /dev/input/event1: 0003 0036 000017dd
[     756.890558] /dev/input/event1: 0000 0000 00000000
[     756.901375] /dev/input/event1: 0003 0036 000017bb
[     756.901375] /dev/input/event1: 0000 0000 00000000
[     756.905491] /dev/input/event1: 0003 0036 00001788
[     756.905491] /dev/input/event1: 0000 0000 00000000
[     756.917920] /dev/input/event1: 0003 0036 00001777
[     756.917920] /dev/input/event1: 0000 0000 00000000
[     756.921442] /dev/input/event1: 0003 0036 00001744
[     756.921442] /dev/input/event1: 0000 0000 00000000
[     756.933890] /dev/input/event1: 0003 0036 00001721
[     756.933890] /dev/input/event1: 0000 0000 00000000
[     756.938848] /dev/input/event1: 0003 0036 000016ee
[     756.938848] /dev/input/event1: 0000 0000 00000000
[     756.949820] /dev/input/event1: 0003 0036 000016bb
[     756.949820] /dev/input/event1: 0000 0000 00000000
[     756.954818] /dev/input/event1: 0003 0036 000016aa
[     756.954818] /dev/input/event1: 0000 0000 00000000
[     756.965549] /dev/input/event1: 0003 0036 00001688
[     756.965549] /dev/input/event1: 0000 0000 00000000
[     756.981407] /dev/input/event1: 0003 0036 00001677
[     756.981407] /dev/input/event1: 0000 0000 00000000
[     756.989118] /dev/input/event1: 0003 0036 00001655
[     756.989118] /dev/input/event1: 0000 0000 00000000
[     756.997399] /dev/input/event1: 0003 0036 00001644
[     756.997399] /dev/input/event1: 0000 0000 00000000
[     757.014176] /dev/input/event1: 0003 0036 00001621
[     757.014176] /dev/input/event1: 0000 0000 00000000
[     757.222031] /dev/input/event1: 0003 003a 00000000
[     757.222031] /dev/input/event1: 0003 0039 ffffffff
[     757.222031] /dev/input/event1: 0000 0000 00000000
[     758.170004] /dev/input/event1: 0003 0039 00000000
[     758.170004] /dev/input/event1: 0003 0030 000000a5
[     758.170004] /dev/input/event1: 0003 003a 00000081
[     758.170004] /dev/input/event1: 0003 0035 000025b0
[     758.170004] /dev/input/event1: 0003 0036 00002799
[     758.170004] /dev/input/event1: 0000 0000 00000000
[     758.246376] /dev/input/event1: 0003 003a 00000000
[     758.246376] /dev/input/event1: 0003 0039 ffffffff
[     758.246376] /dev/input/event1: 0000 0000 00000000
[     760.283228] /dev/input/event1: 0003 0039 00000000
[     760.283228] /dev/input/event1: 0003 0030 000000a6
[     760.283228] /dev/input/event1: 0003 003a 00000081
[     760.283228] /dev/input/event1: 0003 0035 0000573a
[     760.283228] /dev/input/event1: 0003 0036 00002399
[     760.283228] /dev/input/event1: 0000 0000 00000000
[     760.378644] /dev/input/event1: 0003 003a 00000000
[     760.378644] /dev/input/event1: 0003 0039 ffffffff
[     760.378644] /dev/input/event1: 0000 0000 00000000
[     766.627925] /dev/input/event1: 0003 0039 00000000
[     766.627925] /dev/input/event1: 0003 0030 000000a7
[     766.627925] /dev/input/event1: 0003 003a 00000081
[     766.627925] /dev/input/event1: 0003 0035 00005cad
[     766.627925] /dev/input/event1: 0003 0036 00004099
[     766.627925] /dev/input/event1: 0000 0000 00000000
[     766.656119] /dev/input/event1: 0003 0035 00005c8f
[     766.656119] /dev/input/event1: 0000 0000 00000000
[     766.671891] /dev/input/event1: 0003 0035 00005c71
[     766.671891] /dev/input/event1: 0000 0000 00000000
[     766.675923] /dev/input/event1: 0003 0035 00005c34
[     766.675923] /dev/input/event1: 0000 0000 00000000
[     766.689058] /dev/input/event1: 0003 0035 00005c16
[     766.689058] /dev/input/event1: 0000 0000 00000000
[     766.691777] /dev/input/event1: 0003 0035 00005bbb
[     766.691777] /dev/input/event1: 0000 0000 00000000
[     766.703984] /dev/input/event1: 0003 0035 00005b5f
[     766.703984] /dev/input/event1: 0000 0000 00000000
[     766.708883] /dev/input/event1: 0003 0035 00005b23
[     766.708883] /dev/input/event1: 0003 0036 00004088
[     766.708883] /dev/input/event1: 0000 0000 00000000
[     766.719638] /dev/input/event1: 0003 0035 00005ac8
[     766.719638] /dev/input/event1: 0000 0000 00000000
[     766.723547] /dev/input/event1: 0003 0035 00005a12
[     766.723547] /dev/input/event1: 0003 0036 00004076
[     766.723547] /dev/input/event1: 0000 0000 00000000
[     766.736588] /dev/input/event1: 0003 0035 000059b7
[     766.736588] /dev/input/event1: 0000 0000 00000000
[     766.739758] /dev/input/event1: 0003 0035 00005901
[     766.739758] /dev/input/event1: 0003 0036 00004054
[     766.739758] /dev/input/event1: 0000 0000 00000000
[     766.751943] /dev/input/event1: 0003 0035 0000584b
[     766.751943] /dev/input/event1: 0000 0000 00000000
[     766.755543] /dev/input/event1: 0003 0035 00005795
[     766.755543] /dev/input/event1: 0003 0036 00004043
[     766.755543] /dev/input/event1: 0000 0000 00000000
[     766.767834] /dev/input/event1: 0003 0035 000056c0
[     766.767834] /dev/input/event1: 0003 0036 00004021
[     766.767834] /dev/input/event1: 0000 0000 00000000
[     766.771742] /dev/input/event1: 0003 0035 000055ce
[     766.771742] /dev/input/event1: 0003 0036 00004010
[     766.771742] /dev/input/event1: 0000 0000 00000000
[     766.783813] /dev/input/event1: 0003 0035 00005554
[     766.783813] /dev/input/event1: 0000 0000 00000000
[     766.787992] /dev/input/event1: 0003 0035 00005461
[     766.787992] /dev/input/event1: 0003 0036 00003fee
[     766.787992] /dev/input/event1: 0000 0000 00000000
[     766.799607] /dev/input/event1: 0003 0035 00005350
[     766.799607] /dev/input/event1: 0000 0000 00000000
[     766.804704] /dev/input/event1: 0003 0035 00005221
[     766.804704] /dev/input/event1: 0000 0000 00000000
[     766.815527] /dev/input/event1: 0003 0035 000050b5
[     766.815527] /dev/input/event1: 0000 0000 00000000
[     766.819575] /dev/input/event1: 0003 0035 00004f49
[     766.819575] /dev/input/event1: 0000 0000 00000000
[     766.832451] /dev/input/event1: 0003 0035 00004da0
[     766.832451] /dev/input/event1: 0003 0036 00003fdd
[     766.832451] /dev/input/event1: 0000 0000 00000000
[     766.835590] /dev/input/event1: 0003 0035 00004bd9
[     766.835590] /dev/input/event1: 0000 0000 00000000
[     766.848437] /dev/input/event1: 0003 0035 000049f4
[     766.848437] /dev/input/event1: 0000 0000 00000000
[     766.853739] /dev/input/event1: 0003 0035 00004795
[     766.853739] /dev/input/event1: 0000 0000 00000000
[     766.863964] /dev/input/event1: 0003 0035 00004518
[     766.863964] /dev/input/event1: 0000 0000 00000000
[     766.868705] /dev/input/event1: 0003 0035 0000429a
[     766.868705] /dev/input/event1: 0000 0000 00000000
[     766.880381] /dev/input/event1: 0003 0035 0000401d
[     766.880381] /dev/input/event1: 0000 0000 00000000
[     766.884330] /dev/input/event1: 0003 0035 00003da0
[     766.884330] /dev/input/event1: 0000 0000 00000000
[     766.897142] /dev/input/event1: 0003 0035 00003b60
[     766.897142] /dev/input/event1: 0000 0000 00000000
[     766.899512] /dev/input/event1: 0003 0035 00003999
[     766.899512] /dev/input/event1: 0000 0000 00000000
[     766.911865] /dev/input/event1: 0003 0035 00003795
[     766.911865] /dev/input/event1: 0000 0000 00000000
[     766.915366] /dev/input/event1: 0003 0035 000035af
[     766.915366] /dev/input/event1: 0000 0000 00000000
[     766.927678] /dev/input/event1: 0003 0035 000033ac
[     766.927678] /dev/input/event1: 0000 0000 00000000
[     766.931443] /dev/input/event1: 0003 0035 000031e5
[     766.931443] /dev/input/event1: 0000 0000 00000000
[     766.943704] /dev/input/event1: 0003 0035 0000301d
[     766.943704] /dev/input/event1: 0000 0000 00000000
[     766.948493] /dev/input/event1: 0003 0035 00002e38
[     766.948493] /dev/input/event1: 0000 0000 00000000
[     766.959714] /dev/input/event1: 0003 0035 00002c71
[     766.959714] /dev/input/event1: 0000 0000 00000000
[     766.964077] /dev/input/event1: 0003 0035 00002a6d
[     766.964077] /dev/input/event1: 0000 0000 00000000
[     766.978372] /dev/input/event1: 0003 0035 00002888
[     766.978372] /dev/input/event1: 0000 0000 00000000
[     766.980404] /dev/input/event1: 0003 0035 000026c1
[     766.980404] /dev/input/event1: 0000 0000 00000000
[     766.991591] /dev/input/event1: 0003 0035 00002555
[     766.991591] /dev/input/event1: 0000 0000 00000000
[     766.995449] /dev/input/event1: 0003 0035 000023e8
[     766.995449] /dev/input/event1: 0000 0000 00000000
[     767.007778] /dev/input/event1: 0003 0035 0000227c
[     767.007778] /dev/input/event1: 0000 0000 00000000
[     767.011691] /dev/input/event1: 0003 0035 000020d4
[     767.011691] /dev/input/event1: 0003 0036 00003fee
[     767.011691] /dev/input/event1: 0000 0000 00000000
[     767.023791] /dev/input/event1: 0003 0035 00001f68
[     767.023791] /dev/input/event1: 0003 0036 00003fff
[     767.023791] /dev/input/event1: 0000 0000 00000000
[     767.027603] /dev/input/event1: 0003 0035 00001dfb
[     767.027603] /dev/input/event1: 0003 0036 00004021
[     767.027603] /dev/input/event1: 0000 0000 00000000
[     767.039776] /dev/input/event1: 0003 0035 00001c71
[     767.039776] /dev/input/event1: 0003 0036 00004032
[     767.039776] /dev/input/event1: 0000 0000 00000000
[     767.043882] /dev/input/event1: 0003 0035 00001ac8
[     767.043882] /dev/input/event1: 0003 0036 00004054
[     767.043882] /dev/input/event1: 0000 0000 00000000
[     767.055695] /dev/input/event1: 0003 0035 0000195c
[     767.055695] /dev/input/event1: 0003 0036 00004065
[     767.055695] /dev/input/event1: 0000 0000 00000000
[     767.059574] /dev/input/event1: 0003 0035 000017d2
[     767.059574] /dev/input/event1: 0003 0036 00004088
[     767.059574] /dev/input/event1: 0000 0000 00000000
[     767.072791] /dev/input/event1: 0003 0035 00001629
[     767.072791] /dev/input/event1: 0003 0036 00004099
[     767.072791] /dev/input/event1: 0000 0000 00000000
[     767.076339] /dev/input/event1: 0003 0035 0000149f
[     767.076339] /dev/input/event1: 0003 0036 000040cc
[     767.076339] /dev/input/event1: 0000 0000 00000000
[     767.089298] /dev/input/event1: 0003 0035 00001333
[     767.089298] /dev/input/event1: 0003 0036 000040ee
[     767.089298] /dev/input/event1: 0000 0000 00000000
[     767.091597] /dev/input/event1: 0003 0035 000011c6
[     767.091597] /dev/input/event1: 0003 0036 000040ff
[     767.091597] /dev/input/event1: 0000 0000 00000000
[     767.103520] /dev/input/event1: 0003 0035 00001079
[     767.103520] /dev/input/event1: 0003 0036 00004121
[     767.103520] /dev/input/event1: 0000 0000 00000000
[     767.107520] /dev/input/event1: 0003 0035 00000f68
[     767.107520] /dev/input/event1: 0003 0036 00004132
[     767.107520] /dev/input/event1: 0000 0000 00000000
[     767.119669] /dev/input/event1: 0003 0035 00000e93
[     767.119669] /dev/input/event1: 0003 0036 00004154
[     767.119669] /dev/input/event1: 0000 0000 00000000
[     767.123687] /dev/input/event1: 0003 0035 00000d82
[     767.123687] /dev/input/event1: 0003 0036 00004165
[     767.123687] /dev/input/event1: 0000 0000 00000000
[     767.136709] /dev/input/event1: 0003 0035 00000c71
[     767.136709] /dev/input/event1: 0003 0036 00004188
[     767.136709] /dev/input/event1: 0000 0000 00000000
[     767.139566] /dev/input/event1: 0003 0035 00000b23
[     767.139566] /dev/input/event1: 0003 0036 00004199
[     767.139566] /dev/input/event1: 0000 0000 00000000
[     767.152300] /dev/input/event1: 0003 003a 00000000
[     767.152300] /dev/input/event1: 0003 0039 ffffffff
[     767.152300] /dev/input/event1: 0000 0000 00000000
[     769.142607] /dev/input/event1: 0003 0039 00000000
[     769.142607] /dev/input/event1: 0003 0030 000000a8
[     769.142607] /dev/input/event1: 0003 003a 00000081
[     769.142607] /dev/input/event1: 0003 0035 00006cea
[     769.142607] /dev/input/event1: 0003 0036 00004c21
[     769.142607] /dev/input/event1: 0000 0000 00000000
[     769.187923] /dev/input/event1: 0003 0035 00006ccb
[     769.187923] /dev/input/event1: 0000 0000 00000000
[     769.204804] /dev/input/event1: 0003 0035 00006c8f
[     769.204804] /dev/input/event1: 0000 0000 00000000
[     769.220040] /dev/input/event1: 0003 0035 00006bd9
[     769.220040] /dev/input/event1: 0000 0000 00000000
[     769.223920] /dev/input/event1: 0003 0035 00006b23
[     769.223920] /dev/input/event1: 0000 0000 00000000
[     769.235884] /dev/input/event1: 0003 0035 00006a6d
[     769.235884] /dev/input/event1: 0000 0000 00000000
[     769.239888] /dev/input/event1: 0003 0035 000069f3
[     769.239888] /dev/input/event1: 0000 0000 00000000
[     769.252647] /dev/input/event1: 0003 0035 000068e2
[     769.252647] /dev/input/event1: 0003 0036 00004c32
[     769.252647] /dev/input/event1: 0000 0000 00000000
[     769.256258] /dev/input/event1: 0003 0035 00006794
[     769.256258] /dev/input/event1: 0003 0036 00004c54
[     769.256258] /dev/input/event1: 0000 0000 00000000
[     769.268057] /dev/input/event1: 0003 0035 00006628
[     769.268057] /dev/input/event1: 0003 0036 00004c65
[     769.268057] /dev/input/event1: 0000 0000 00000000
[     769.271972] /dev/input/event1: 0003 0035 0000649e
[     769.271972] /dev/input/event1: 0003 0036 00004c87
[     769.271972] /dev/input/event1: 0000 0000 00000000
[     769.283894] /dev/input/event1: 0003 0035 0000629a
[     769.283894] /dev/input/event1: 0003 0036 00004c99
[     769.283894] /dev/input/event1: 0000 0000 00000000
[     769.288042] /dev/input/event1: 0003 0035 000060d3
[     769.288042] /dev/input/event1: 0003 0036 00004cbb
[     769.288042] /dev/input/event1: 0000 0000 00000000
[     769.300519] /dev/input/event1: 0003 0035 00005eb1
[     769.300519] /dev/input/event1: 0000 0000 00000000
[     769.304739] /dev/input/event1: 0003 0035 00005c34
[     769.304739] /dev/input/event1: 0000 0000 00000000
[     769.315738] /dev/input/event1: 0003 0035 00005998
[     769.315738] /dev/input/event1: 0000 0000 00000000
[     769.319900] /dev/input/event1: 0003 0035 0000571b
[     769.319900] /dev/input/event1: 0000 0000 00000000
[     769.331596] /dev/input/event1: 0003 0035 00005461
[     769.331596] /dev/input/event1: 0000 0000 00000000
[     769.338636] /dev/input/event1: 0003 0035 00005189
[     769.338636] /dev/input/event1: 0000 0000 00000000
[     769.347640] /dev/input/event1: 0003 0035 00004eb1
[     769.347640] /dev/input/event1: 0000 0000 00000000
[     769.352486] /dev/input/event1: 0003 0035 00004c16
[     769.352486] /dev/input/event1: 0000 0000 00000000
[     769.364287] /dev/input/event1: 0003 0035 0000495c
[     769.364287] /dev/input/event1: 0000 0000 00000000
[     769.368041] /dev/input/event1: 0003 0035 000046c0
[     769.368041] /dev/input/event1: 0000 0000 00000000
[     769.379915] /dev/input/event1: 0003 0035 00004407
[     769.379915] /dev/input/event1: 0003 0036 00004caa
[     769.379915] /dev/input/event1: 0000 0000 00000000
[     769.384105] /dev/input/event1: 0003 0035 000041c6
[     769.384105] /dev/input/event1: 0000 0000 00000000
[     769.396274] /dev/input/event1: 0003 0035 00003f49
[     769.396274] /dev/input/event1: 0003 0036 00004c87
[     769.396274] /dev/input/event1: 0000 0000 00000000
[     769.399501] /dev/input/event1: 0003 0035 00003ccc
[     769.399501] /dev/input/event1: 0003 0036 00004c76
[     769.399501] /dev/input/event1: 0000 0000 00000000
[     769.412492] /dev/input/event1: 0003 0035 00003a6d
[     769.412492] /dev/input/event1: 0003 0036 00004c54
[     769.412492] /dev/input/event1: 0000 0000 00000000
[     769.416192] /dev/input/event1: 0003 0035 0000384b
[     769.416192] /dev/input/event1: 0000 0000 00000000
[     769.428133] /dev/input/event1: 0003 0035 00003629
[     769.428133] /dev/input/event1: 0000 0000 00000000
[     769.431634] /dev/input/event1: 0003 0035 00003443
[     769.431634] /dev/input/event1: 0003 0036 00004c43
[     769.431634] /dev/input/event1: 0000 0000 00000000
[     769.444138] /dev/input/event1: 0003 0035 00003240
[     769.444138] /dev/input/event1: 0000 0000 00000000
[     769.448065] /dev/input/event1: 0003 0035 000030b5
[     769.448065] /dev/input/event1: 0000 0000 00000000
[     769.459526] /dev/input/event1: 0003 0035 00002f0c
[     769.459526] /dev/input/event1: 0000 0000 00000000
[     769.465608] /dev/input/event1: 0003 0035 00002d82
[     769.465608] /dev/input/event1: 0000 0000 00000000
[     769.475489] /dev/input/event1: 0003 0035 00002bd9
[     769.475489] /dev/input/event1: 0000 0000 00000000
[     769.479985] /dev/input/event1: 0003 0035 00002a6d
[     769.479985] /dev/input/event1: 0000 0000 00000000
[     769.491949] /dev/input/event1: 0003 0035 00002901
[     769.491949] /dev/input/event1: 0000 0000 00000000
[     769.495923] /dev/input/event1: 0003 0035 00002777
[     769.495923] /dev/input/event1: 0000 0000 00000000
[     769.507743] /dev/input/event1: 0003 0035 000025ce
[     769.507743] /dev/input/event1: 0000 0000 00000000
[     769.512747] /dev/input/event1: 0003 0035 00002462
[     769.512747] /dev/input/event1: 0000 0000 00000000
[     769.525155] /dev/input/event1: 0003 0035 000022d7
[     769.525155] /dev/input/event1: 0000 0000 00000000
[     769.527628] /dev/input/event1: 0003 0035 00002110
[     769.527628] /dev/input/event1: 0000 0000 00000000
[     769.539614] /dev/input/event1: 0003 0035 00001f49
[     769.539614] /dev/input/event1: 0000 0000 00000000
[     769.543584] /dev/input/event1: 0003 0035 00001ddd
[     769.543584] /dev/input/event1: 0000 0000 00000000
[     769.555506] /dev/input/event1: 0003 0035 00001c34
[     769.555506] /dev/input/event1: 0000 0000 00000000
[     769.559772] /dev/input/event1: 0003 0035 00001a6d
[     769.559772] /dev/input/event1: 0000 0000 00000000
[     769.571570] /dev/input/event1: 0003 0035 000018a6
[     769.571570] /dev/input/event1: 0003 0036 00004c54
[     769.571570] /dev/input/event1: 0000 0000 00000000
[     769.575468] /dev/input/event1: 0003 0035 0000171c
[     769.575468] /dev/input/event1: 0000 0000 00000000
[     769.589778] /dev/input/event1: 0003 0035 000015b0
[     769.589778] /dev/input/event1: 0003 0036 00004c65
[     769.589778] /dev/input/event1: 0000 0000 00000000
[     769.591713] /dev/input/event1: 0003 0035 00001407
[     769.591713] /dev/input/event1: 0003 0036 00004c87
[     769.591713] /dev/input/event1: 0000 0000 00000000
[     769.604218] /dev/input/event1: 0003 0035 0000127d
[     769.604218] /dev/input/event1: 0000 0000 00000000
[     769.609239] /dev/input/event1: 0003 0035 000010d4
[     769.609239] /dev/input/event1: 0003 0036 00004c99
[     769.609239] /dev/input/event1: 0000 0000 00000000
[     769.620782] /dev/input/event1: 0003 0035 00000f49
[     769.620782] /dev/input/event1: 0000 0000 00000000
[     769.625136] /dev/input/event1: 0003 0035 00000d82
[     769.625136] /dev/input/event1: 0003 0036 00004cbb
[     769.625136] /dev/input/event1: 0000 0000 00000000
[     769.636638] /dev/input/event1: 0003 0035 00000b7e
[     769.636638] /dev/input/event1: 0003 0036 00004ccc
[     769.636638] /dev/input/event1: 0000 0000 00000000
[     769.639595] /dev/input/event1: 0003 0035 000009b7
[     769.639595] /dev/input/event1: 0003 0036 00004cee
[     769.639595] /dev/input/event1: 0000 0000 00000000
[     769.651601] /dev/input/event1: 0003 0035 000007d2
[     769.651601] /dev/input/event1: 0003 0036 00004cff
[     769.651601] /dev/input/event1: 0000 0000 00000000
[     769.655889] /dev/input/event1: 0003 0035 0000060b
[     769.655889] /dev/input/event1: 0003 0036 00004d21
[     769.655889] /dev/input/event1: 0000 0000 00000000
[     769.669467] /dev/input/event1: 0003 0035 00000444
[     769.669467] /dev/input/event1: 0000 0000 00000000
[     769.671436] /dev/input/event1: 0003 0035 0000029b
[     769.671436] /dev/input/event1: 0000 0000 00000000
[     769.683531] /dev/input/event1: 0003 0035 00000111
[     769.683531] /dev/input/event1: 0000 0000 00000000
[     769.689151] /dev/input/event1: 0003 0035 00000000
[     769.689151] /dev/input/event1: 0003 0036 00004d32
[     769.689151] /dev/input/event1: 0000 0000 00000000
[     769.716043] /dev/input/event1: 0003 003a 00000000
[     769.716043] /dev/input/event1: 0003 0039 ffffffff
[     769.716043] /dev/input/event1: 0000 0000 00000000
[     771.816857] /dev/input/event1: 0003 0039 00000000
[     771.816857] /dev/input/event1: 0003 0030 000000a9
[     771.816857] /dev/input/event1: 0003 003a 00000081
[     771.816857] /dev/input/event1: 0003 0035 0000701d
[     771.816857] /dev/input/event1: 0003 0036 00004add
[     771.816857] /dev/input/event1: 0000 0000 00000000
[     771.817611] /dev/input/event1: 0003 0035 00006fc2
[     771.817611] /dev/input/event1: 0000 0000 00000000
[     771.821418] /dev/input/event1: 0003 0035 00006f67
[     771.821418] /dev/input/event1: 0000 0000 00000000
[     771.829563] /dev/input/event1: 0003 0035 00006f0c
[     771.829563] /dev/input/event1: 0000 0000 00000000
[     771.833731] /dev/input/event1: 0003 0035 00006eb1
[     771.833731] /dev/input/event1: 0000 0000 00000000
[     771.845731] /dev/input/event1: 0003 0035 00006e38
[     771.845731] /dev/input/event1: 0000 0000 00000000
[     771.849942] /dev/input/event1: 0003 0035 00006da0
[     771.849942] /dev/input/event1: 0000 0000 00000000
[     771.862994] /dev/input/event1: 0003 0035 00006d45
[     771.862994] /dev/input/event1: 0000 0000 00000000
[     771.865915] /dev/input/event1: 0003 0035 00006c8f
[     771.865915] /dev/input/event1: 0003 0036 00004abb
[     771.865915] /dev/input/event1: 0000 0000 00000000
[     771.878179] /dev/input/event1: 0003 0035 00006c15
[     771.878179] /dev/input/event1: 0000 0000 00000000
[     771.881679] /dev/input/event1: 0003 0035 00006b5f
[     771.881679] /dev/input/event1: 0000 0000 00000000
[     771.894984] /dev/input/event1: 0003 0035 00006ac8
[     771.894984] /dev/input/event1: 0000 0000 00000000
[     771.897893] /dev/input/event1: 0003 0035 00006a4e
[     771.897893] /dev/input/event1: 0000 0000 00000000
[     771.910765] /dev/input/event1: 0003 0035 000069b7
[     771.910765] /dev/input/event1: 0000 0000 00000000
[     771.914004] /dev/input/event1: 0003 0035 0000695c
[     771.914004] /dev/input/event1: 0000 0000 00000000
[     771.925908] /dev/input/event1: 0003 0035 000068e2
[     771.925908] /dev/input/event1: 0000 0000 00000000
[     771.929988] /dev/input/event1: 0003 0035 0000684b
[     771.929988] /dev/input/event1: 0000 0000 00000000
[     771.941637] /dev/input/event1: 0003 0035 000067d1
[     771.941637] /dev/input/event1: 0000 0000 00000000
[     771.946616] /dev/input/event1: 0003 0035 00006739
[     771.946616] /dev/input/event1: 0000 0000 00000000
[     771.957768] /dev/input/event1: 0003 0035 000066de
[     771.957768] /dev/input/event1: 0000 0000 00000000
[     771.961654] /dev/input/event1: 0003 0035 00006628
[     771.961654] /dev/input/event1: 0000 0000 00000000
[     771.973562] /dev/input/event1: 0003 0035 00006572
[     771.973562] /dev/input/event1: 0000 0000 00000000
[     771.978650] /dev/input/event1: 0003 0035 0000649e
[     771.978650] /dev/input/event1: 0000 0000 00000000
[     771.989565] /dev/input/event1: 0003 0035 0000638d
[     771.989565] /dev/input/event1: 0000 0000 00000000
[     771.993676] /dev/input/event1: 0003 0035 0000623f
[     771.993676] /dev/input/event1: 0000 0000 00000000
[     772.005558] /dev/input/event1: 0003 0035 00006110
[     772.005558] /dev/input/event1: 0000 0000 00000000
[     772.009452] /dev/input/event1: 0003 0035 00005fc2
[     772.009452] /dev/input/event1: 0000 0000 00000000
[     772.021584] /dev/input/event1: 0003 0035 00005eb1
[     772.021584] /dev/input/event1: 0000 0000 00000000
[     772.027286] /dev/input/event1: 0003 0035 00005d82
[     772.027286] /dev/input/event1: 0000 0000 00000000
[     772.037507] /dev/input/event1: 0003 0035 00005c71
[     772.037507] /dev/input/event1: 0000 0000 00000000
[     772.041630] /dev/input/event1: 0003 0035 00005b5f
[     772.041630] /dev/input/event1: 0000 0000 00000000
[     772.054107] /dev/input/event1: 0003 0035 00005a4e
[     772.054107] /dev/input/event1: 0000 0000 00000000
[     772.057491] /dev/input/event1: 0003 0035 00005901
[     772.057491] /dev/input/event1: 0000 0000 00000000
[     772.069758] /dev/input/event1: 0003 0035 00005795
[     772.069758] /dev/input/event1: 0000 0000 00000000
[     772.073452] /dev/input/event1: 0003 0035 0000560a
[     772.073452] /dev/input/event1: 0000 0000 00000000
[     772.085680] /dev/input/event1: 0003 0035 00005406
[     772.085680] /dev/input/event1: 0000 0000 00000000
[     772.089650] /dev/input/event1: 0003 0035 0000523f
[     772.089650] /dev/input/event1: 0000 0000 00000000
[     772.101727] /dev/input/event1: 0003 0035 0000501d
[     772.101727] /dev/input/event1: 0000 0000 00000000
[     772.105616] /dev/input/event1: 0003 0035 00004ddd
[     772.105616] /dev/input/event1: 0000 0000 00000000
[     772.122034] /dev/input/event1: 0003 0035 00004b7e
[     772.122034] /dev/input/event1: 0000 0000 00000000
[     772.123609] /dev/input/event1: 0003 0035 0000495c
[     772.123609] /dev/input/event1: 0000 0000 00000000
[     772.134881] /dev/input/event1: 0003 0035 0000473a
[     772.134881] /dev/input/event1: 0000 0000 00000000
[     772.138652] /dev/input/event1: 0003 0035 00004518
[     772.138652] /dev/input/event1: 0000 0000 00000000
[     772.151438] /dev/input/event1: 0003 0035 00004332
[     772.151438] /dev/input/event1: 0000 0000 00000000
[     772.155664] /dev/input/event1: 0003 0035 0000416b
[     772.155664] /dev/input/event1: 0000 0000 00000000
[     772.165516] /dev/input/event1: 0003 0035 00003fa4
[     772.165516] /dev/input/event1: 0000 0000 00000000
[     772.169600] /dev/input/event1: 0003 0035 00003ddd
[     772.169600] /dev/input/event1: 0000 0000 00000000
[     772.183500] /dev/input/event1: 0003 0035 00003c34
[     772.183500] /dev/input/event1: 0000 0000 00000000
[     772.188584] /dev/input/event1: 0003 0035 00003aaa
[     772.188584] /dev/input/event1: 0000 0000 00000000
[     772.199441] /dev/input/event1: 0003 0035 00003901
[     772.199441] /dev/input/event1: 0000 0000 00000000
[     772.203390] /dev/input/event1: 0003 0035 0000373a
[     772.203390] /dev/input/event1: 0000 0000 00000000
[     772.216600] /dev/input/event1: 0003 0035 00003573
[     772.216600] /dev/input/event1: 0000 0000 00000000
[     772.219380] /dev/input/event1: 0003 0035 000033e8
[     772.219380] /dev/input/event1: 0000 0000 00000000
[     772.231516] /dev/input/event1: 0003 0035 00003221
[     772.231516] /dev/input/event1: 0000 0000 00000000
[     772.237747] /dev/input/event1: 0003 0035 0000305a
[     772.237747] /dev/input/event1: 0000 0000 00000000
[     772.248693] /dev/input/event1: 0003 0035 00002e93
[     772.248693] /dev/input/event1: 0000 0000 00000000
[     772.251896] /dev/input/event1: 0003 0035 00002d27
[     772.251896] /dev/input/event1: 0000 0000 00000000
[     772.263533] /dev/input/event1: 0003 0035 00002bbb
[     772.263533] /dev/input/event1: 0003 0036 00004acc
[     772.263533] /dev/input/event1: 0000 0000 00000000
[     772.267320] /dev/input/event1: 0003 0035 00002a6d
[     772.267320] /dev/input/event1: 0000 0000 00000000
[     772.280164] /dev/input/event1: 0003 0035 00002901
[     772.280164] /dev/input/event1: 0003 0036 00004aee
[     772.280164] /dev/input/event1: 0000 0000 00000000
[     772.284299] /dev/input/event1: 0003 0035 000027d2
[     772.284299] /dev/input/event1: 0003 0036 00004aff
[     772.284299] /dev/input/event1: 0000 0000 00000000
[     772.296234] /dev/input/event1: 0003 0035 00002666
[     772.296234] /dev/input/event1: 0003 0036 00004b21
[     772.296234] /dev/input/event1: 0000 0000 00000000
[     772.299336] /dev/input/event1: 0003 0035 000024fa
[     772.299336] /dev/input/event1: 0003 0036 00004b32
[     772.299336] /dev/input/event1: 0000 0000 00000000
[     772.311626] /dev/input/event1: 0003 0035 00002351
[     772.311626] /dev/input/event1: 0000 0000 00000000
[     772.316210] /dev/input/event1: 0003 0035 000021e5
[     772.316210] /dev/input/event1: 0003 0036 00004b54
[     772.316210] /dev/input/event1: 0000 0000 00000000
[     772.327592] /dev/input/event1: 0003 0035 00002079
[     772.327592] /dev/input/event1: 0003 0036 00004b65
[     772.327592] /dev/input/event1: 0000 0000 00000000
[     772.331396] /dev/input/event1: 0003 0035 00001f0d
[     772.331396] /dev/input/event1: 0003 0036 00004b87
[     772.331396] /dev/input/event1: 0000 0000 00000000
[     772.346242] /dev/input/event1: 0003 0035 00001d82
[     772.346242] /dev/input/event1: 0003 0036 00004b99
[     772.346242] /dev/input/event1: 0000 0000 00000000
[     772.347551] /dev/input/event1: 0003 0035 00001c34
[     772.347551] /dev/input/event1: 0003 0036 00004bbb
[     772.347551] /dev/input/event1: 0000 0000 00000000
[     772.359898] /dev/input/event1: 0003 0035 00001b05
[     772.359898] /dev/input/event1: 0003 0036 00004bcc
[     772.359898] /dev/input/event1: 0000 0000 00000000
[     772.363443] /dev/input/event1: 0003 0035 000019b7
[     772.363443] /dev/input/event1: 0000 0000 00000000
[     772.375587] /dev/input/event1: 0003 0035 00001888
[     772.375587] /dev/input/event1: 0003 0036 00004bee
[     772.375587] /dev/input/event1: 0000 0000 00000000
[     772.380737] /dev/input/event1: 0003 0035 00001795
[     772.380737] /dev/input/event1: 0000 0000 00000000
[     772.391587] /dev/input/event1: 0003 0035 00001684
[     772.391587] /dev/input/event1: 0003 0036 00004bff
[     772.391587] /dev/input/event1: 0000 0000 00000000
[     772.395430] /dev/input/event1: 0003 0035 00001573
[     772.395430] /dev/input/event1: 0000 0000 00000000
[     772.408139] /dev/input/event1: 0003 0035 00001462
[     772.408139] /dev/input/event1: 0003 0036 00004c21
[     772.408139] /dev/input/event1: 0000 0000 00000000
[     772.411498] /dev/input/event1: 0003 0035 00001351
[     772.411498] /dev/input/event1: 0003 0036 00004c32
[     772.411498] /dev/input/event1: 0000 0000 00000000
[     772.423558] /dev/input/event1: 0003 0035 0000127d
[     772.423558] /dev/input/event1: 0000 0000 00000000
[     772.427654] /dev/input/event1: 0003 0035 0000118a
[     772.427654] /dev/input/event1: 0003 0036 00004c54
[     772.427654] /dev/input/event1: 0000 0000 00000000
[     772.440279] /dev/input/event1: 0003 0035 000010b5
[     772.440279] /dev/input/event1: 0000 0000 00000000
[     772.443602] /dev/input/event1: 0003 0035 00000fff
[     772.443602] /dev/input/event1: 0000 0000 00000000
[     772.457019] /dev/input/event1: 0003 0035 00000f49
[     772.457019] /dev/input/event1: 0003 0036 00004c65
[     772.457019] /dev/input/event1: 0000 0000 00000000
[     772.459540] /dev/input/event1: 0003 0035 00000e93
[     772.459540] /dev/input/event1: 0000 0000 00000000
[     772.473232] /dev/input/event1: 0003 0035 00000dfc
[     772.473232] /dev/input/event1: 0003 0036 00004c87
[     772.473232] /dev/input/event1: 0000 0000 00000000
[     772.476140] /dev/input/event1: 0003 0035 00000da1
[     772.476140] /dev/input/event1: 0000 0000 00000000
[     772.489265] /dev/input/event1: 0003 0035 00000d27
[     772.489265] /dev/input/event1: 0003 0036 00004c99
[     772.489265] /dev/input/event1: 0000 0000 00000000
[     772.491970] /dev/input/event1: 0003 0035 00000ccc
[     772.491970] /dev/input/event1: 0000 0000 00000000
[     772.505179] /dev/input/event1: 0003 0035 00000c90
[     772.505179] /dev/input/event1: 0000 0000 00000000
[     772.507719] /dev/input/event1: 0003 0035 00000c35
[     772.507719] /dev/input/event1: 0003 0036 00004cbb
[     772.507719] /dev/input/event1: 0000 0000 00000000
[     772.520029] /dev/input/event1: 0003 0035 00000bbb
[     772.520029] /dev/input/event1: 0000 0000 00000000
[     772.524096] /dev/input/event1: 0003 0035 00000b60
[     772.524096] /dev/input/event1: 0000 0000 00000000
[     772.536077] /dev/input/event1: 0003 0035 00000b05
[     772.536077] /dev/input/event1: 0003 0036 00004ccc
[     772.536077] /dev/input/event1: 0000 0000 00000000
[     772.539836] /dev/input/event1: 0003 0035 00000aaa
[     772.539836] /dev/input/event1: 0003 0036 00004cee
[     772.539836] /dev/input/event1: 0000 0000 00000000
[     772.551941] /dev/input/event1: 0003 0035 000009f4
[     772.551941] /dev/input/event1: 0003 0036 00004cff
[     772.551941] /dev/input/event1: 0000 0000 00000000
[     772.555940] /dev/input/event1: 0003 0035 00000999
[     772.555940] /dev/input/event1: 0000 0000 00000000
[     772.568501] /dev/input/event1: 0003 0035 0000095c
[     772.568501] /dev/input/event1: 0003 003a 00000000
[     772.568501] /dev/input/event1: 0003 0039 ffffffff
[     772.568501] /dev/input/event1: 0000 0000 00000000
[    4594.249362] /dev/input/event1: 0003 0039 00000000
[    4594.249362] /dev/input/event1: 0003 0030 0000001b
[    4594.249362] /dev/input/event1: 0003 003a 00000081
[    4594.249362] /dev/input/event1: 0003 0035 00004ddd
[    4594.249362] /dev/input/event1: 0003 0036 000008ff
[    4594.249362] /dev/input/event1: 0000 0000 00000000
[    4594.350246] /dev/input/event1: 0003 003a 00000000
[    4594.350246] /dev/input/event1: 0003 0039 ffffffff
[    4594.350246] /dev/input/event1: 0000 0000 00000000