add device 1: /dev/input/event0
  name:     "Power Button"
add device 2: /dev/input/event1
  name:     "qwerty2"
[  248617.226372] /dev/input/event1: 0003 0039 00000000
[  248617.226372] /dev/input/event1: 0003 0030 00000582
[  248617.226372] /dev/input/event1: 0003 003a 00000081
[  248617.226372] /dev/input/event1: 0003 0035 000019b7
[  248617.226372] /dev/input/event1: 0003 0036 00003499
[  248617.226372] /dev/input/event1: 0000 0000 00000000
[  248617.324828] /dev/input/event1: 0003 003a 00000000
[  248617.324828] /dev/input/event1: 0003 0039 ffffffff
[  248617.324828] /dev/input/event1: 0000 0000 00000000
[  248618.809142] /dev/input/event1: 0003 0039 00000000
[  248618.809142] /dev/input/event1: 0003 0030 00000583
[  248618.809142] /dev/input/event1: 0003 003a 00000081
[  248618.809142] /dev/input/event1: 0003 0035 0000380e
[  248618.809142] /dev/input/event1: 0003 0036 00002599
[  248618.809142] /dev/input/event1: 0000 0000 00000000
[  248618.936760] /dev/input/event1: 0003 003a 00000000
[  248618.936760] /dev/input/event1: 0003 0039 ffffffff
[  248618.936760] /dev/input/event1: 0000 0000 00000000
[  248621.053603] /dev/input/event1: 0003 0039 00000000
[  248621.053603] /dev/input/event1: 0003 0030 00000584
[  248621.053603] /dev/input/event1: 0003 003a 00000081
[  248621.053603] /dev/input/event1: 0003 0035 000076fd
[  248621.053603] /dev/input/event1: 0003 0036 00000a33
[  248621.053603] /dev/input/event1: 0000 0000 00000000
[  248621.146926] /dev/input/event1: 0003 003a 00000000
[  248621.146926] /dev/input/event1: 0003 0039 ffffffff
[  248621.146926] /dev/input/event1: 0000 0000 00000000
[  248623.215148] /dev/input/event1: 0003 0039 00000000
[  248623.215148] /dev/input/event1: 0003 0030 00000585
[  248623.215148] /dev/input/event1: 0003 003a 00000081
[  248623.215148] /dev/input/event1: 0003 0035 00000d82
[  248623.215148] /dev/input/event1: 0003 0036 00005b87
[  248623.215148] /dev/input/event1: 0000 0000 00000000
[  248623.297379] /dev/input/event1: 0003 003a 00000000
[  248623.297379] /dev/input/event1: 0003 0039 ffffffff
[  248623.297379] /dev/input/event1: 0000 0000 00000000
[  248624.577296] /dev/input/event1: 0003 0039 00000000
[  248624.577296] /dev/input/event1: 0003 0030 00000586
[  248624.577296] /dev/input/event1: 0003 003a 00000081
[  248624.577296] /dev/input/event1: 0003 0035 000058c4
[  248624.577296] /dev/input/event1: 0003 0036 000066dd
[  248624.577296] /dev/input/event1: 0000 0000 00000000
[  248624.671141] /dev/input/event1: 0003 003a 00000000
[  248624.671141] /dev/input/event1: 0003 0039 ffffffff
[  248624.671141] /dev/input/event1: 0000 0000 00000000
[  248625.492902] /dev/input/event1: 0003 0039 00000000
[  248625.492902] /dev/input/event1: 0003 0030 00000587
[  248625.492902] /dev/input/event1: 0003 003a 00000081
[  248625.492902] /dev/input/event1: 0003 0035 000023e8
[  248625.492902] /dev/input/event1: 0003 0036 00005bee
[  248625.492902] /dev/input/event1: 0000 0000 00000000
[  248625.600879] /dev/input/event1: 0003 003a 00000000
[  248625.600879] /dev/input/event1: 0003 0039 ffffffff
[  248625.600879] /dev/input/event1: 0000 0000 00000000
[  248626.470954] /dev/input/event1: 0003 0039 00000000
[  248626.470954] /dev/input/event1: 0003 0030 00000588
[  248626.470954] /dev/input/event1: 0003 003a 00000081
[  248626.470954] /dev/input/event1: 0003 0035 00002ae7
[  248626.470954] /dev/input/event1: 0003 0036 00005032
[  248626.470954] /dev/input/event1: 0000 0000 00000000
[  248626.564568] /dev/input/event1: 0003 003a 00000000
[  248626.564568] /dev/input/event1: 0003 0039 ffffffff
[  248626.564568] /dev/input/event1: 0000 0000 00000000
[  248627.450292] /dev/input/event1: 0003 0039 00000000
[  248627.450292] /dev/input/event1: 0003 0030 00000589
[  248627.450292] /dev/input/event1: 0003 003a 00000081
[  248627.450292] /dev/input/event1: 0003 0035 00006ae6
[  248627.450292] /dev/input/event1: 0003 0036 00005132
[  248627.450292] /dev/input/event1: 0000 0000 00000000
[  248627.538725] /dev/input/event1: 0003 003a 00000000
[  248627.538725] /dev/input/event1: 0003 0039 ffffffff
[  248627.538725] /dev/input/event1: 0000 0000 00000000
[  248628.400424] /dev/input/event1: 0003 0039 00000000
[  248628.400424] /dev/input/event1: 0003 0030 0000058a
[  248628.400424] /dev/input/event1: 0003 003a 00000081
[  248628.400424] /dev/input/event1: 0003 0035 00005eb1
[  248628.400424] /dev/input/event1: 0003 0036 00005021
[  248628.400424] /dev/input/event1: 0000 0000 00000000
[  248628.492928] /dev/input/event1: 0003 003a 00000000
[  248628.492928] /dev/input/event1: 0003 0039 ffffffff
[  248628.492928] /dev/input/event1: 0000 0000 00000000
[  248629.423658] /dev/input/event1: 0003 0039 00000000
[  248629.423658] /dev/input/event1: 0003 0030 0000058b
[  248629.423658] /dev/input/event1: 0003 003a 00000081
[  248629.423658] /dev/input/event1: 0003 0035 000026df
[  248629.423658] /dev/input/event1: 0003 0036 00005a10
[  248629.423658] /dev/input/event1: 0000 0000 00000000
[  248629.487376] /dev/input/event1: 0003 003a 00000000
[  248629.487376] /dev/input/event1: 0003 0039 ffffffff
[  248629.487376] /dev/input/event1: 0000 0000 00000000
[  248631.315248] /dev/input/event1: 0003 0039 00000000
[  248631.315248] /dev/input/event1: 0003 0030 0000058c
[  248631.315248] /dev/input/event1: 0003 003a 00000081
[  248631.315248] /dev/input/event1: 0003 0035 000076de
[  248631.315248] /dev/input/event1: 0003 0036 00007187
[  248631.315248] /dev/input/event1: 0000 0000 00000000
[  248631.408872] /dev/input/event1: 0003 003a 00000000
[  248631.408872] /dev/input/event1: 0003 0039 ffffffff
[  248631.408872] /dev/input/event1: 0000 0000 00000000
[  248635.949981] /dev/input/event1: 0003 0039 00000000
[  248635.949981] /dev/input/event1: 0003 0030 0000058d
[  248635.949981] /dev/input/event1: 0003 003a 00000081
[  248635.949981] /dev/input/event1: 0003 0035 000026a2
[  248635.949981] /dev/input/event1: 0003 0036 00001610
[  248635.949981] /dev/input/event1: 0000 0000 00000000
[  248636.040815] /dev/input/event1: 0003 003a 00000000
[  248636.040815] /dev/input/event1: 0003 0039 ffffffff
[  248636.040815] /dev/input/event1: 0000 0000 00000000
[  248638.749506] /dev/input/event1: 0003 0039 00000000
[  248638.749506] /dev/input/event1: 0003 0030 0000058e
[  248638.749506] /dev/input/event1: 0003 003a 00000081
[  248638.749506] /dev/input/event1: 0003 0035 00003480
[  248638.749506] /dev/input/event1: 0003 0036 00002a10
[  248638.749506] /dev/input/event1: 0000 0000 00000000
[  248638.862949] /dev/input/event1: 0003 003a 00000000
[  248638.862949] /dev/input/event1: 0003 0039 ffffffff
[  248638.862949] /dev/input/event1: 0000 0000 00000000
[  248644.530949] /dev/input/event1: 0003 0039 00000000
[  248644.530949] /dev/input/event1: 0003 0030 0000058f
[  248644.530949] /dev/input/event1: 0003 003a 00000081
[  248644.530949] /dev/input/event1: 0003 0035 0000395c
[  248644.530949] /dev/input/event1: 0003 0036 000028cc
[  248644.530949] /dev/input/event1: 0000 0000 00000000
[  248644.642105] /dev/input/event1: 0003 003a 00000000
[  248644.642105] /dev/input/event1: 0003 0039 ffffffff
[  248644.642105] /dev/input/event1: 0000 0000 00000000
[  248647.916203] /dev/input/event1: 0003 0039 00000000
[  248647.916203] /dev/input/event1: 0003 0030 00000590
[  248647.916203] /dev/input/event1: 0003 003a 00000081
[  248647.916203] /dev/input/event1: 0003 0035 0000501d
[  248647.916203] /dev/input/event1: 0003 0036 000008cc
[  248647.916203] /dev/input/event1: 0000 0000 00000000
[  248648.006885] /dev/input/event1: 0003 003a 00000000
[  248648.006885] /dev/input/event1: 0003 0039 ffffffff
[  248648.006885] /dev/input/event1: 0000 0000 00000000
[  248650.741174] /dev/input/event1: 0003 0039 00000000
[  248650.741174] /dev/input/event1: 0003 0030 00000591
[  248650.741174] /dev/input/event1: 0003 003a 00000081
[  248650.741174] /dev/input/event1: 0003 0035 0000349e
[  248650.741174] /dev/input/event1: 0003 0036 00001f21
[  248650.741174] /dev/input/event1: 0000 0000 00000000
[  248650.851105] /dev/input/event1: 0003 003a 00000000
[  248650.851105] /dev/input/event1: 0003 0039 ffffffff
[  248650.851105] /dev/input/event1: 0000 0000 00000000
[  248651.983514] /dev/input/event1: 0003 0039 00000000
[  248651.983514] /dev/input/event1: 0003 0030 00000592
[  248651.983514] /dev/input/event1: 0003 003a 00000081
[  248651.983514] /dev/input/event1: 0003 0035 000032d7
[  248651.983514] /dev/input/event1: 0003 0036 00002832
[  248651.983514] /dev/input/event1: 0000 0000 00000000
[  248652.124580] /dev/input/event1: 0003 003a 00000000
[  248652.124580] /dev/input/event1: 0003 0039 ffffffff
[  248652.124580] /dev/input/event1: 0000 0000 00000000
[  248654.458664] /dev/input/event1: 0003 0039 00000000
[  248654.458664] /dev/input/event1: 0003 0030 00000593
[  248654.458664] /dev/input/event1: 0003 003a 00000081
[  248654.458664] /dev/input/event1: 0003 0036 000030ee
[  248654.458664] /dev/input/event1: 0000 0000 00000000
[  248654.584622] /dev/input/event1: 0003 003a 00000000
[  248654.584622] /dev/input/event1: 0003 0039 ffffffff
[  248654.584622] /dev/input/event1: 0000 0000 00000000
[  248655.602556] /dev/input/event1: 0003 0039 00000000
[  248655.602556] /dev/input/event1: 0003 0030 00000594
[  248655.602556] /dev/input/event1: 0003 003a 00000081
[  248655.602556] /dev/input/event1: 0003 0035 000031e5
[  248655.602556] /dev/input/event1: 0003 0036 00003a32
[  248655.602556] /dev/input/event1: 0000 0000 00000000
[  248655.744732] /dev/input/event1: 0003 003a 00000000
[  248655.744732] /dev/input/event1: 0003 0039 ffffffff
[  248655.744732] /dev/input/event1: 0000 0000 00000000
[  248656.965788] /dev/input/event1: 0003 0039 00000000
[  248656.965788] /dev/input/event1: 0003 0030 00000595
[  248656.965788] /dev/input/event1: 0003 003a 00000081
[  248656.965788] /dev/input/event1: 0003 0035 0000336f
[  248656.965788] /dev/input/event1: 0003 0036 00004099
[  248656.965788] /dev/input/event1: 0000 0000 00000000
[  248657.042968] /dev/input/event1: 0003 003a 00000000
[  248657.042968] /dev/input/event1: 0003 0039 ffffffff
[  248657.042968] /dev/input/event1: 0000 0000 00000000
[  248658.119797] /dev/input/event1: 0003 0039 00000000
[  248658.119797] /dev/input/event1: 0003 0030 00000596
[  248658.119797] /dev/input/event1: 0003 003a 00000081
[  248658.119797] /dev/input/event1: 0003 0035 00003425
[  248658.119797] /dev/input/event1: 0003 0036 00004965
[  248658.119797] /dev/input/event1: 0000 0000 00000000
[  248658.228838] /dev/input/event1: 0003 003a 00000000
[  248658.228838] /dev/input/event1: 0003 0039 ffffffff
[  248658.228838] /dev/input/event1: 0000 0000 00000000
[  248659.424585] /dev/input/event1: 0003 0039 00000000
[  248659.424585] /dev/input/event1: 0003 0030 00000597
[  248659.424585] /dev/input/event1: 0003 003a 00000081
[  248659.424585] /dev/input/event1: 0003 0035 000037f0
[  248659.424585] /dev/input/event1: 0003 0036 00005165
[  248659.424585] /dev/input/event1: 0000 0000 00000000
[  248659.518747] /dev/input/event1: 0003 003a 00000000
[  248659.518747] /dev/input/event1: 0003 0039 ffffffff
[  248659.518747] /dev/input/event1: 0000 0000 00000000
[  248660.603355] /dev/input/event1: 0003 0039 00000000
[  248660.603355] /dev/input/event1: 0003 0030 00000598
[  248660.603355] /dev/input/event1: 0003 003a 00000081
[  248660.603355] /dev/input/event1: 0003 0035 0000395c
[  248660.603355] /dev/input/event1: 0003 0036 00005a10
[  248660.603355] /dev/input/event1: 0000 0000 00000000
[  248660.712580] /dev/input/event1: 0003 003a 00000000
[  248660.712580] /dev/input/event1: 0003 0039 ffffffff
[  248660.712580] /dev/input/event1: 0000 0000 00000000
[  248661.940525] /dev/input/event1: 0003 0039 00000000
[  248661.940525] /dev/input/event1: 0003 0030 00000599
[  248661.940525] /dev/input/event1: 0003 003a 00000081
[  248661.940525] /dev/input/event1: 0003 0035 00005f49
[  248661.940525] /dev/input/event1: 0003 0036 000064ff
[  248661.940525] /dev/input/event1: 0000 0000 00000000
[  248662.050828] /dev/input/event1: 0003 003a 00000000
[  248662.050828] /dev/input/event1: 0003 0039 ffffffff
[  248662.050828] /dev/input/event1: 0000 0000 00000000
[  248665.154055] /dev/input/event1: 0003 0039 00000000
[  248665.154055] /dev/input/event1: 0003 0030 0000059a
[  248665.154055] /dev/input/event1: 0003 003a 00000081
[  248665.154055] /dev/input/event1: 0003 0035 0000503c
[  248665.154055] /dev/input/event1: 0003 0036 00000966
[  248665.154055] /dev/input/event1: 0000 0000 00000000
[  248665.247185] /dev/input/event1: 0003 003a 00000000
[  248665.247185] /dev/input/event1: 0003 0039 ffffffff
[  248665.247185] /dev/input/event1: 0000 0000 00000000
[  248667.694295] /dev/input/event1: 0003 0039 00000000
[  248667.694295] /dev/input/event1: 0003 0030 0000059b
[  248667.694295] /dev/input/event1: 0003 003a 00000081
[  248667.694295] /dev/input/event1: 0003 0035 00001e38
[  248667.694295] /dev/input/event1: 0003 0036 00001ecc
[  248667.694295] /dev/input/event1: 0000 0000 00000000
[  248667.819103] /dev/input/event1: 0003 003a 00000000
[  248667.819103] /dev/input/event1: 0003 0039 ffffffff
[  248667.819103] /dev/input/event1: 0000 0000 00000000
[  248668.765369] /dev/input/event1: 0003 0039 00000000
[  248668.765369] /dev/input/event1: 0003 0030 0000059c
[  248668.765369] /dev/input/event1: 0003 003a 00000081
[  248668.765369] /dev/input/event1: 0003 0035 00001e75
[  248668.765369] /dev/input/event1: 0003 0036 000026ff
[  248668.765369] /dev/input/event1: 0000 0000 00000000
[  248668.893218] /dev/input/event1: 0003 003a 00000000
[  248668.893218] /dev/input/event1: 0003 0039 ffffffff
[  248668.893218] /dev/input/event1: 0000 0000 00000000
[  248669.822031] /dev/input/event1: 0003 0039 00000000
[  248669.822031] /dev/input/event1: 0003 0030 0000059d
[  248669.822031] /dev/input/event1: 0003 003a 00000081
[  248669.822031] /dev/input/event1: 0003 0035 00001f2b
[  248669.822031] /dev/input/event1: 0003 0036 00003143
[  248669.822031] /dev/input/event1: 0000 0000 00000000
[  248669.918619] /dev/input/event1: 0003 003a 00000000
[  248669.918619] /dev/input/event1: 0003 0039 ffffffff
[  248669.918619] /dev/input/event1: 0000 0000 00000000
[  248670.886827] /dev/input/event1: 0003 0039 00000000
[  248670.886827] /dev/input/event1: 0003 0030 0000059e
[  248670.886827] /dev/input/event1: 0003 003a 00000081
[  248670.886827] /dev/input/event1: 0003 0035 00001f68
[  248670.886827] /dev/input/event1: 0003 0036 00003965
[  248670.886827] /dev/input/event1: 0000 0000 00000000
[  248670.998911] /dev/input/event1: 0003 003a 00000000
[  248670.998911] /dev/input/event1: 0003 0039 ffffffff
[  248670.998911] /dev/input/event1: 0000 0000 00000000
[  248672.009146] /dev/input/event1: 0003 0039 00000000
[  248672.009146] /dev/input/event1: 0003 0030 0000059f
[  248672.009146] /dev/input/event1: 0003 003a 00000081
[  248672.009146] /dev/input/event1: 0003 0035 00001fa4
[  248672.009146] /dev/input/event1: 0003 0036 00004065
[  248672.009146] /dev/input/event1: 0000 0000 00000000
[  248672.120918] /dev/input/event1: 0003 003a 00000000
[  248672.120918] /dev/input/event1: 0003 0039 ffffffff
[  248672.120918] /dev/input/event1: 0000 0000 00000000
[  248672.932026] /dev/input/event1: 0003 0039 00000000
[  248672.932026] /dev/input/event1: 0003 0030 000005a0
[  248672.932026] /dev/input/event1: 0003 003a 00000081
[  248672.932026] /dev/input/event1: 0003 0035 00001eee
[  248672.932026] /dev/input/event1: 0003 0036 00004965
[  248672.932026] /dev/input/event1: 0000 0000 00000000
[  248673.011715] /dev/input/event1: 0003 003a 00000000
[  248673.011715] /dev/input/event1: 0003 0039 ffffffff
[  248673.011715] /dev/input/event1: 0000 0000 00000000
[  248673.899504] /dev/input/event1: 0003 0039 00000000
[  248673.899504] /dev/input/event1: 0003 0030 000005a1
[  248673.899504] /dev/input/event1: 0003 003a 00000081
[  248673.899504] /dev/input/event1: 0003 0035 00001f2b
[  248673.899504] /dev/input/event1: 0003 0036 000052cc
[  248673.899504] /dev/input/event1: 0000 0000 00000000
[  248673.995289] /dev/input/event1: 0003 003a 00000000
[  248673.995289] /dev/input/event1: 0003 0039 ffffffff
[  248673.995289] /dev/input/event1: 0000 0000 00000000
[  248674.836884] /dev/input/event1: 0003 0039 00000000
[  248674.836884] /dev/input/event1: 0003 0030 000005a2
[  248674.836884] /dev/input/event1: 0003 003a 00000081
[  248674.836884] /dev/input/event1: 0003 0036 00005843
[  248674.836884] /dev/input/event1: 0000 0000 00000000
[  248674.981017] /dev/input/event1: 0003 003a 00000000
[  248674.981017] /dev/input/event1: 0003 0039 ffffffff
[  248674.981017] /dev/input/event1: 0000 0000 00000000
[  248675.967692] /dev/input/event1: 0003 0039 00000000
[  248675.967692] /dev/input/event1: 0003 0030 000005a3
[  248675.967692] /dev/input/event1: 0003 003a 00000081
[  248675.967692] /dev/input/event1: 0003 0035 00005b7e
[  248675.967692] /dev/input/event1: 0003 0036 000063cc
[  248675.967692] /dev/input/event1: 0000 0000 00000000
[  248676.030536] /dev/input/event1: 0003 003a 00000000
[  248676.030536] /dev/input/event1: 0003 0039 ffffffff
[  248676.030536] /dev/input/event1: 0000 0000 00000000
[  248678.149470] /dev/input/event1: 0003 0039 00000000
[  248678.149470] /dev/input/event1: 0003 0030 000005a4
[  248678.149470] /dev/input/event1: 0003 003a 00000081
[  248678.149470] /dev/input/event1: 0003 0035 00006c8f
[  248678.149470] /dev/input/event1: 0003 0036 00000988
[  248678.149470] /dev/input/event1: 0000 0000 00000000
[  248678.241083] /dev/input/event1: 0003 003a 00000000
[  248678.241083] /dev/input/event1: 0003 0039 ffffffff
[  248678.241083] /dev/input/event1: 0000 0000 00000000
[  248679.670441] /dev/input/event1: 0003 0039 00000000
[  248679.670441] /dev/input/event1: 0003 0030 000005a5
[  248679.670441] /dev/input/event1: 0003 003a 00000081
[  248679.670441] /dev/input/event1: 0003 0035 0000795b
[  248679.670441] /dev/input/event1: 0003 0036 00000899
[  248679.670441] /dev/input/event1: 0000 0000 00000000
[  248679.794617] /dev/input/event1: 0003 003a 00000000
[  248679.794617] /dev/input/event1: 0003 0039 ffffffff
[  248679.794617] /dev/input/event1: 0000 0000 00000000
[  248684.992823] /dev/input/event1: 0003 0039 00000000
[  248684.992823] /dev/input/event1: 0003 0030 000005a6
[  248684.992823] /dev/input/event1: 0003 003a 00000081
[  248684.992823] /dev/input/event1: 0003 0035 000052f5
[  248684.992823] /dev/input/event1: 0003 0036 00002277
[  248684.992823] /dev/input/event1: 0000 0000 00000000
[  248685.068636] /dev/input/event1: 0003 003a 00000000
[  248685.068636] /dev/input/event1: 0003 0039 ffffffff
[  248685.068636] /dev/input/event1: 0000 0000 00000000
[  248688.217053] /dev/input/event1: 0003 0039 00000000
[  248688.217053] /dev/input/event1: 0003 0030 000005a7
[  248688.217053] /dev/input/event1: 0003 003a 00000081
[  248688.217053] /dev/input/event1: 0003 0035 000014db
[  248688.217053] /dev/input/event1: 0003 0036 00005032
[  248688.217053] /dev/input/event1: 0000 0000 00000000
[  248689.123927] /dev/input/event1: 0003 003a 00000000
[  248689.123927] /dev/input/event1: 0003 0039 ffffffff
[  248689.123927] /dev/input/event1: 0000 0000 00000000
[  248690.518308] /dev/input/event1: 0003 0039 00000000
[  248690.518308] /dev/input/event1: 0003 0030 000005a8
[  248690.518308] /dev/input/event1: 0003 003a 00000081
[  248690.518308] /dev/input/event1: 0003 0035 000069d5
[  248690.518308] /dev/input/event1: 0003 0036 00002e54
[  248690.518308] /dev/input/event1: 0000 0000 00000000
[  248690.612527] /dev/input/event1: 0003 003a 00000000
[  248690.612527] /dev/input/event1: 0003 0039 ffffffff
[  248690.612527] /dev/input/event1: 0000 0000 00000000
[  248693.180322] /dev/input/event1: 0003 0039 00000000
[  248693.180322] /dev/input/event1: 0003 0030 000005a9
[  248693.180322] /dev/input/event1: 0003 003a 00000081
[  248693.180322] /dev/input/event1: 0003 0035 0000784a
[  248693.180322] /dev/input/event1: 0003 0036 00002ddd
[  248693.180322] /dev/input/event1: 0000 0000 00000000
[  248693.289270] /dev/input/event1: 0003 003a 00000000
[  248693.289270] /dev/input/event1: 0003 0039 ffffffff
[  248693.289270] /dev/input/event1: 0000 0000 00000000
[  248696.776574] /dev/input/event1: 0003 0039 00000000
[  248696.776574] /dev/input/event1: 0003 0030 000005aa
[  248696.776574] /dev/input/event1: 0003 003a 00000081
[  248696.776574] /dev/input/event1: 0003 0035 00004ac8
[  248696.776574] /dev/input/event1: 0003 0036 00005398
[  248696.776574] /dev/input/event1: 0000 0000 00000000
[  248696.918528] /dev/input/event1: 0003 003a 00000000
[  248696.918528] /dev/input/event1: 0003 0039 ffffffff
[  248696.918528] /dev/input/event1: 0000 0000 00000000
[  248699.412510] /dev/input/event1: 0003 0039 00000000
[  248699.412510] /dev/input/event1: 0003 0030 000005ab
[  248699.412510] /dev/input/event1: 0003 003a 00000081
[  248699.412510] /dev/input/event1: 0003 0035 000077ef
[  248699.412510] /dev/input/event1: 0003 0036 00003e43
[  248699.412510] /dev/input/event1: 0000 0000 00000000
[  248699.506904] /dev/input/event1: 0003 003a 00000000
[  248699.506904] /dev/input/event1: 0003 0039 ffffffff
[  248699.506904] /dev/input/event1: 0000 0000 00000000
[  248705.094306] /dev/input/event1: 0003 0039 00000000
[  248705.094306] /dev/input/event1: 0003 0030 000005ac
[  248705.094306] /dev/input/event1: 0003 003a 00000081
[  248705.094306] /dev/input/event1: 0003 0035 000078a5
[  248705.094306] /dev/input/event1: 0003 0036 000012ee
[  248705.094306] /dev/input/event1: 0000 0000 00000000
[  248705.220840] /dev/input/event1: 0003 003a 00000000
[  248705.220840] /dev/input/event1: 0003 0039 ffffffff
[  248705.220840] /dev/input/event1: 0000 0000 00000000
[  248709.228795] /dev/input/event1: 0003 0039 00000000
[  248709.228795] /dev/input/event1: 0003 0030 000005ad
[  248709.228795] /dev/input/event1: 0003 003a 00000081
[  248709.228795] /dev/input/event1: 0003 0035 00001e38
[  248709.228795] /dev/input/event1: 0003 0036 00007a10
[  248709.228795] /dev/input/event1: 0000 0000 00000000
[  248709.339228] /dev/input/event1: 0003 003a 00000000
[  248709.339228] /dev/input/event1: 0003 0039 ffffffff
[  248709.339228] /dev/input/event1: 0000 0000 00000000
[  248711.601824] /dev/input/event1: 0003 0039 00000000
[  248711.601824] /dev/input/event1: 0003 0030 000005ae
[  248711.601824] /dev/input/event1: 0003 003a 00000081
[  248711.601824] /dev/input/event1: 0003 0035 000077b3
[  248711.601824] /dev/input/event1: 0003 0036 00000a99
[  248711.601824] /dev/input/event1: 0000 0000 00000000
[  248711.694730] /dev/input/event1: 0003 003a 00000000
[  248711.694730] /dev/input/event1: 0003 0039 ffffffff
[  248711.694730] /dev/input/event1: 0000 0000 00000000
[  248713.523671] /dev/input/event1: 0003 0039 00000000
[  248713.523671] /dev/input/event1: 0003 0030 000005af
[  248713.523671] /dev/input/event1: 0003 003a 00000081
[  248713.523671] /dev/input/event1: 0003 0035 000057d1
[  248713.523671] /dev/input/event1: 0003 0036 00002aee
[  248713.523671] /dev/input/event1: 0000 0000 00000000
[  248713.632459] /dev/input/event1: 0003 003a 00000000
[  248713.632459] /dev/input/event1: 0003 0039 ffffffff
[  248713.632459] /dev/input/event1: 0000 0000 00000000
[  248716.085937] /dev/input/event1: 0003 0039 00000000
[  248716.085937] /dev/input/event1: 0003 0030 000005b0
[  248716.085937] /dev/input/event1: 0003 003a 00000081
[  248716.085937] /dev/input/event1: 0003 0035 0000580e
[  248716.085937] /dev/input/event1: 0003 0036 00004aff
[  248716.085937] /dev/input/event1: 0000 0000 00000000
[  248716.180857] /dev/input/event1: 0003 003a 00000000
[  248716.180857] /dev/input/event1: 0003 0039 ffffffff
[  248716.180857] /dev/input/event1: 0000 0000 00000000
[  248718.701609] /dev/input/event1: 0003 0039 00000000
[  248718.701609] /dev/input/event1: 0003 0030 000005b1
[  248718.701609] /dev/input/event1: 0003 003a 00000081
[  248718.701609] /dev/input/event1: 0003 0035 0000438d
[  248718.701609] /dev/input/event1: 0003 0036 00001488
[  248718.701609] /dev/input/event1: 0000 0000 00000000
[  248718.840635] /dev/input/event1: 0003 003a 00000000
[  248718.840635] /dev/input/event1: 0003 0039 ffffffff
[  248718.840635] /dev/input/event1: 0000 0000 00000000
[  248721.985469] /dev/input/event1: 0003 0039 00000000
[  248721.985469] /dev/input/event1: 0003 0030 000005b2
[  248721.985469] /dev/input/event1: 0003 003a 00000081
[  248721.985469] /dev/input/event1: 0003 0035 00000a4f
[  248721.985469] /dev/input/event1: 0003 0036 00000a55
[  248721.985469] /dev/input/event1: 0000 0000 00000000
[  248722.094450] /dev/input/event1: 0003 003a 00000000
[  248722.094450] /dev/input/event1: 0003 0039 ffffffff
[  248722.094450] /dev/input/event1: 0000 0000 00000000
[  248724.575304] /dev/input/event1: 0003 0039 00000000
[  248724.575304] /dev/input/event1: 0003 0030 000005b3
[  248724.575304] /dev/input/event1: 0003 003a 00000081
[  248724.575304] /dev/input/event1: 0003 0035 0000195c
[  248724.575304] /dev/input/event1: 0003 0036 00003410
[  248724.575304] /dev/input/event1: 0000 0000 00000000
[  248724.682419] /dev/input/event1: 0003 003a 00000000
[  248724.682419] /dev/input/event1: 0003 0039 ffffffff
[  248724.682419] /dev/input/event1: 0000 0000 00000000
[  248726.950303] /dev/input/event1: 0003 0039 00000000
[  248726.950303] /dev/input/event1: 0003 0030 000005b4
[  248726.950303] /dev/input/event1: 0003 003a 00000081
[  248726.950303] /dev/input/event1: 0003 0035 000027b3
[  248726.950303] /dev/input/event1: 0003 0036 000024ff
[  248726.950303] /dev/input/event1: 0000 0000 00000000
[  248727.044669] /dev/input/event1: 0003 003a 00000000
[  248727.044669] /dev/input/event1: 0003 0039 ffffffff
[  248727.044669] /dev/input/event1: 0000 0000 00000000
[  248728.912870] /dev/input/event1: 0003 0039 00000000
[  248728.912870] /dev/input/event1: 0003 0030 000005b5
[  248728.912870] /dev/input/event1: 0003 003a 00000081
[  248728.912870] /dev/input/event1: 0000 0000 00000000
[  248729.041784] /dev/input/event1: 0003 003a 00000000
[  248729.041784] /dev/input/event1: 0003 0039 ffffffff
[  248729.041784] /dev/input/event1: 0000 0000 00000000
[  248732.708492] /dev/input/event1: 0003 0039 00000000
[  248732.708492] /dev/input/event1: 0003 0030 000005b6
[  248732.708492] /dev/input/event1: 0003 003a 00000081
[  248732.708492] /dev/input/event1: 0003 0035 0000312f
[  248732.708492] /dev/input/event1: 0003 0036 00002acc
[  248732.708492] /dev/input/event1: 0000 0000 00000000
[  248732.819008] /dev/input/event1: 0003 003a 00000000
[  248732.819008] /dev/input/event1: 0003 0039 ffffffff
[  248732.819008] /dev/input/event1: 0000 0000 00000000
[  248735.738850] /dev/input/event1: 0003 0039 00000000
[  248735.738850] /dev/input/event1: 0003 0030 000005b7
[  248735.738850] /dev/input/event1: 0003 003a 00000081
[  248735.738850] /dev/input/event1: 0003 0035 000009b7
[  248735.738850] /dev/input/event1: 0003 0036 000007aa
[  248735.738850] /dev/input/event1: 0000 0000 00000000
[  248735.878477] /dev/input/event1: 0003 003a 00000000
[  248735.878477] /dev/input/event1: 0003 0039 ffffffff
[  248735.878477] /dev/input/event1: 0000 0000 00000000
[  248738.038168] /dev/input/event1: 0003 0039 00000000
[  248738.038168] /dev/input/event1: 0003 0030 000005b8
[  248738.038168] /dev/input/event1: 0003 003a 00000081
[  248738.038168] /dev/input/event1: 0003 0035 000009d6
[  248738.038168] /dev/input/event1: 0003 0036 00000944
[  248738.038168] /dev/input/event1: 0000 0000 00000000
[  248738.162519] /dev/input/event1: 0003 003a 00000000
[  248738.162519] /dev/input/event1: 0003 0039 ffffffff
[  248738.162519] /dev/input/event1: 0000 0000 00000000
[  248739.526222] /dev/input/event1: 0003 0039 00000000
[  248739.526222] /dev/input/event1: 0003 0030 000005b9
[  248739.526222] /dev/input/event1: 0003 003a 00000081
[  248739.526222] /dev/input/event1: 0000 0000 00000000
[  248739.621117] /dev/input/event1: 0003 003a 00000000
[  248739.621117] /dev/input/event1: 0003 0039 ffffffff
[  248739.621117] /dev/input/event1: 0000 0000 00000000
[  248741.689641] /dev/input/event1: 0003 0039 00000000
[  248741.689641] /dev/input/event1: 0003 0030 000005ba
[  248741.689641] /dev/input/event1: 0003 003a 00000081
[  248741.689641] /dev/input/event1: 0003 0035 00001c53
[  248741.689641] /dev/input/event1: 0003 0036 00000bbb
[  248741.689641] /dev/input/event1: 0000 0000 00000000
[  248741.800896] /dev/input/event1: 0003 003a 00000000
[  248741.800896] /dev/input/event1: 0003 0039 ffffffff
[  248741.800896] /dev/input/event1: 0000 0000 00000000
[  248743.975241] /dev/input/event1: 0003 0039 00000000
[  248743.975241] /dev/input/event1: 0003 0030 000005bb
[  248743.975241] /dev/input/event1: 0003 003a 00000081
[  248743.975241] /dev/input/event1: 0003 0035 00000901
[  248743.975241] /dev/input/event1: 0003 0036 00000966
[  248743.975241] /dev/input/event1: 0000 0000 00000000
[  248744.101889] /dev/input/event1: 0003 003a 00000000
[  248744.101889] /dev/input/event1: 0003 0039 ffffffff
[  248744.101889] /dev/input/event1: 0000 0000 00000000
[  248745.436266] /dev/input/event1: 0003 0039 00000000
[  248745.436266] /dev/input/event1: 0003 0030 000005bc
[  248745.436266] /dev/input/event1: 0003 003a 00000081
[  248745.436266] /dev/input/event1: 0003 0035 000018c5
[  248745.436266] /dev/input/event1: 0003 0036 00001277
[  248745.436266] /dev/input/event1: 0000 0000 00000000
[  248745.561265] /dev/input/event1: 0003 003a 00000000
[  248745.561265] /dev/input/event1: 0003 0039 ffffffff
[  248745.561265] /dev/input/event1: 0000 0000 00000000
[  248749.539062] /dev/input/event1: 0003 0039 00000000
[  248749.539062] /dev/input/event1: 0003 0030 000005bd
[  248749.539062] /dev/input/event1: 0003 003a 00000081
[  248749.539062] /dev/input/event1: 0003 0035 00001407
[  248749.539062] /dev/input/event1: 0003 0036 00001266
[  248749.539062] /dev/input/event1: 0000 0000 00000000
[  248749.678853] /dev/input/event1: 0003 003a 00000000
[  248749.678853] /dev/input/event1: 0003 0039 ffffffff
[  248749.678853] /dev/input/event1: 0000 0000 00000000
[  248751.315350] /dev/input/event1: 0003 0039 00000000
[  248751.315350] /dev/input/event1: 0003 0030 000005be
[  248751.315350] /dev/input/event1: 0003 003a 00000081
[  248751.315350] /dev/input/event1: 0003 0035 00006cad
[  248751.315350] /dev/input/event1: 0003 0036 00001199
[  248751.315350] /dev/input/event1: 0000 0000 00000000
[  248751.456563] /dev/input/event1: 0003 003a 00000000
[  248751.456563] /dev/input/event1: 0003 0039 ffffffff
[  248751.456563] /dev/input/event1: 0000 0000 00000000
[  248754.351015] /dev/input/event1: 0003 0039 00000000
[  248754.351015] /dev/input/event1: 0003 0030 000005bf
[  248754.351015] /dev/input/event1: 0003 003a 00000081
[  248754.351015] /dev/input/event1: 0003 0035 00007998
[  248754.351015] /dev/input/event1: 0003 0036 00000abb
[  248754.351015] /dev/input/event1: 0000 0000 00000000
[  248754.447014] /dev/input/event1: 0003 003a 00000000
[  248754.447014] /dev/input/event1: 0003 0039 ffffffff
[  248754.447014] /dev/input/event1: 0000 0000 00000000
[  248755.552825] /dev/input/event1: 0003 0039 00000000
[  248755.552825] /dev/input/event1: 0003 0030 000005c0
[  248755.552825] /dev/input/event1: 0003 003a 00000081
[  248755.552825] /dev/input/event1: 0003 0035 000008a6
[  248755.552825] /dev/input/event1: 0003 0036 000009ee
[  248755.552825] /dev/input/event1: 0000 0000 00000000
[  248755.662477] /dev/input/event1: 0003 003a 00000000
[  248755.662477] /dev/input/event1: 0003 0039 ffffffff
[  248755.662477] /dev/input/event1: 0000 0000 00000000
[  248757.181096] /dev/input/event1: 0003 0039 00000000
[  248757.181096] /dev/input/event1: 0003 0030 000005c1
[  248757.181096] /dev/input/event1: 0003 003a 00000081
[  248757.181096] /dev/input/event1: 0003 0035 00001f2b
[  248757.181096] /dev/input/event1: 0003 0036 00001baa
[  248757.181096] /dev/input/event1: 0000 0000 00000000
[  248757.274451] /dev/input/event1: 0003 003a 00000000
[  248757.274451] /dev/input/event1: 0003 0039 ffffffff
[  248757.274451] /dev/input/event1: 0000 0000 00000000
[  248759.311159] /dev/input/event1: 0003 0039 00000000
[  248759.311159] /dev/input/event1: 0003 0030 000005c2
[  248759.311159] /dev/input/event1: 0003 003a 00000081
[  248759.311159] /dev/input/event1: 0003 0035 00002629
[  248759.311159] /dev/input/event1: 0003 0036 00001099
[  248759.311159] /dev/input/event1: 0000 0000 00000000
[  248759.454824] /dev/input/event1: 0003 003a 00000000
[  248759.454824] /dev/input/event1: 0003 0039 ffffffff
[  248759.454824] /dev/input/event1: 0000 0000 00000000
[  248762.005247] /dev/input/event1: 0003 0039 00000000
[  248762.005247] /dev/input/event1: 0003 0030 000005c3
[  248762.005247] /dev/input/event1: 0003 003a 00000081
[  248762.005247] /dev/input/event1: 0003 0035 000008a6
[  248762.005247] /dev/input/event1: 0003 0036 00000a33
[  248762.005247] /dev/input/event1: 0000 0000 00000000
[  248762.114503] /dev/input/event1: 0003 003a 00000000
[  248762.114503] /dev/input/event1: 0003 0039 ffffffff
[  248762.114503] /dev/input/event1: 0000 0000 00000000
[  248764.345569] /dev/input/event1: 0003 0039 00000000
[  248764.345569] /dev/input/event1: 0003 0030 000005c4
[  248764.345569] /dev/input/event1: 0003 003a 00000081
[  248764.345569] /dev/input/event1: 0003 0035 0000395c
[  248764.345569] /dev/input/event1: 0003 0036 00001c32
[  248764.345569] /dev/input/event1: 0000 0000 00000000
[  248764.438758] /dev/input/event1: 0003 003a 00000000
[  248764.438758] /dev/input/event1: 0003 0039 ffffffff
[  248764.438758] /dev/input/event1: 0000 0000 00000000
[  248767.204518] /dev/input/event1: 0003 0039 00000000
[  248767.204518] /dev/input/event1: 0003 0030 000005c5
[  248767.204518] /dev/input/event1: 0003 003a 00000081
[  248767.204518] /dev/input/event1: 0003 0035 0000095c
[  248767.204518] /dev/input/event1: 0003 0036 00000a22
[  248767.204518] /dev/input/event1: 0000 0000 00000000
[  248767.346329] /dev/input/event1: 0003 003a 00000000
[  248767.346329] /dev/input/event1: 0003 0039 ffffffff
[  248767.346329] /dev/input/event1: 0000 0000 00000000
[  248768.239673] /dev/input/event1: 0003 0039 00000000
[  248768.239673] /dev/input/event1: 0003 0030 000005c6
[  248768.239673] /dev/input/event1: 0003 003a 00000081
[  248768.239673] /dev/input/event1: 0003 0035 00000b23
[  248768.239673] /dev/input/event1: 0003 0036 00000b10
[  248768.239673] /dev/input/event1: 0000 0000 00000000
[  248768.368403] /dev/input/event1: 0003 003a 00000000
[  248768.368403] /dev/input/event1: 0003 0039 ffffffff
[  248768.368403] /dev/input/event1: 0000 0000 00000000
[  248769.796375] /dev/input/event1: 0003 0039 00000000
[  248769.796375] /dev/input/event1: 0003 0030 000005c7
[  248769.796375] /dev/input/event1: 0003 003a 00000081
[  248769.796375] /dev/input/event1: 0003 0035 0000173a
[  248769.796375] /dev/input/event1: 0003 0036 00002277
[  248769.796375] /dev/input/event1: 0000 0000 00000000
[  248769.902393] /dev/input/event1: 0003 003a 00000000
[  248769.902393] /dev/input/event1: 0003 0039 ffffffff
[  248769.902393] /dev/input/event1: 0000 0000 00000000
[  248771.645634] /dev/input/event1: 0003 0039 00000000
[  248771.645634] /dev/input/event1: 0003 0030 000005c8
[  248771.645634] /dev/input/event1: 0003 003a 00000081
[  248771.645634] /dev/input/event1: 0003 0035 00004425
[  248771.645634] /dev/input/event1: 0003 0036 000012cc
[  248771.645634] /dev/input/event1: 0000 0000 00000000
[  248771.752909] /dev/input/event1: 0003 003a 00000000
[  248771.752909] /dev/input/event1: 0003 0039 ffffffff
[  248771.752909] /dev/input/event1: 0000 0000 00000000
[  248773.375497] /dev/input/event1: 0003 0039 00000000
[  248773.375497] /dev/input/event1: 0003 0030 000005c9
[  248773.375497] /dev/input/event1: 0003 003a 00000081
[  248773.375497] /dev/input/event1: 0003 0035 000065cd
[  248773.375497] /dev/input/event1: 0003 0036 00001266
[  248773.375497] /dev/input/event1: 0000 0000 00000000
[  248773.484437] /dev/input/event1: 0003 003a 00000000
[  248773.484437] /dev/input/event1: 0003 0039 ffffffff
[  248773.484437] /dev/input/event1: 0000 0000 00000000
[  248774.801110] /dev/input/event1: 0003 0039 00000000
[  248774.801110] /dev/input/event1: 0003 0030 000005ca
[  248774.801110] /dev/input/event1: 0003 003a 00000081
[  248774.801110] /dev/input/event1: 0003 0035 00000a12
[  248774.801110] /dev/input/event1: 0003 0036 00000988
[  248774.801110] /dev/input/event1: 0000 0000 00000000
[  248774.911713] /dev/input/event1: 0003 003a 00000000
[  248774.911713] /dev/input/event1: 0003 0039 ffffffff
[  248774.911713] /dev/input/event1: 0000 0000 00000000
[   13277.129746] /dev/input/event1: 0003 0039 00000000
[   13277.129746] /dev/input/event1: 0003 0030 00000059
[   13277.129746] /dev/input/event1: 0003 003a 00000081
[   13277.129746] /dev/input/event1: 0003 0035 0000271c
[   13277.129746] /dev/input/event1: 0003 0036 00002baa
[   13277.129746] /dev/input/event1: 0000 0000 00000000
[   13277.231552] /dev/input/event1: 0003 003a 00000000
[   13277.231552] /dev/input/event1: 0003 0039 ffffffff
[   13277.231552] /dev/input/event1: 0000 0000 00000000
[   13279.874699] /dev/input/event1: 0003 0039 00000000
[   13279.874699] /dev/input/event1: 0003 0030 0000005a
[   13279.874699] /dev/input/event1: 0003 003a 00000081
[   13279.874699] /dev/input/event1: 0003 0035 000008e3
[   13279.874699] /dev/input/event1: 0003 0036 00000944
[   13279.874699] /dev/input/event1: 0000 0000 00000000
[   13279.952715] /dev/input/event1: 0003 003a 00000000
[   13279.952715] /dev/input/event1: 0003 0039 ffffffff
[   13279.952715] /dev/input/event1: 0000 0000 00000000
[   13283.181708] /dev/input/event1: 0003 0039 00000000
[   13283.181708] /dev/input/event1: 0003 0030 0000005b
[   13283.181708] /dev/input/event1: 0003 003a 00000081
[   13283.181708] /dev/input/event1: 0003 0035 00002684
[   13283.181708] /dev/input/event1: 0003 0036 00003e88
[   13283.181708] /dev/input/event1: 0000 0000 00000000
[   13283.283768] /dev/input/event1: 0003 003a 00000000
[   13283.283768] /dev/input/event1: 0003 0039 ffffffff
[   13283.283768] /dev/input/event1: 0000 0000 00000000
[   13285.746848] /dev/input/event1: 0003 0039 00000000
[   13285.746848] /dev/input/event1: 0003 0030 0000005c
[   13285.746848] /dev/input/event1: 0003 003a 00000081
[   13285.746848] /dev/input/event1: 0003 0035 00001a12
[   13285.746848] /dev/input/event1: 0003 0036 00002021
[   13285.746848] /dev/input/event1: 0000 0000 00000000
[   13285.847788] /dev/input/event1: 0003 003a 00000000
[   13285.847788] /dev/input/event1: 0003 0039 ffffffff
[   13285.847788] /dev/input/event1: 0000 0000 00000000