add device 1: /dev/input/event0
  name:     "Power Button"
add device 2: /dev/input/event1
  name:     "qwerty2"
[    7135.430813] /dev/input/event1: 0003 0039 00000000
[    7135.430813] /dev/input/event1: 0003 0030 00000149
[    7135.430813] /dev/input/event1: 0003 003a 00000081
[    7135.430813] /dev/input/event1: 0003 0035 00006ac8
[    7135.430813] /dev/input/event1: 0003 0036 00006fba
[    7135.430813] /dev/input/event1: 0000 0000 00000000
[    7135.533979] /dev/input/event1: 0003 003a 00000000
[    7135.533979] /dev/input/event1: 0003 0039 ffffffff
[    7135.533979] /dev/input/event1: 0000 0000 00000000
[    7137.527039] /dev/input/event1: 0003 0039 00000000
[    7137.527039] /dev/input/event1: 0003 0030 0000014a
[    7137.527039] /dev/input/event1: 0003 003a 00000081
[    7137.527039] /dev/input/event1: 0003 0035 000078e2
[    7137.527039] /dev/input/event1: 0003 0036 00000955
[    7137.527039] /dev/input/event1: 0000 0000 00000000
[    7137.636232] /dev/input/event1: 0003 003a 00000000
[    7137.636232] /dev/input/event1: 0003 0039 ffffffff
[    7137.636232] /dev/input/event1: 0000 0000 00000000
[    7139.628995] /dev/input/event1: 0003 0039 00000000
[    7139.628995] /dev/input/event1: 0003 0030 0000014b
[    7139.628995] /dev/input/event1: 0003 003a 00000081
[    7139.628995] /dev/input/event1: 0003 0035 00005314
[    7139.628995] /dev/input/event1: 0003 0036 00001999
[    7139.628995] /dev/input/event1: 0000 0000 00000000
[    7139.761233] /dev/input/event1: 0003 003a 00000000
[    7139.761233] /dev/input/event1: 0003 0039 ffffffff
[    7139.761233] /dev/input/event1: 0000 0000 00000000
[    7143.257904] /dev/input/event1: 0003 0039 00000000
[    7143.257904] /dev/input/event1: 0003 0030 0000014c
[    7143.257904] /dev/input/event1: 0003 003a 00000081
[    7143.257904] /dev/input/event1: 0003 0035 000032b9
[    7143.257904] /dev/input/event1: 0003 0036 00003054
[    7143.257904] /dev/input/event1: 0000 0000 00000000
[    7143.380090] /dev/input/event1: 0003 003a 00000000
[    7143.380090] /dev/input/event1: 0003 0039 ffffffff
[    7143.380090] /dev/input/event1: 0000 0000 00000000
[    7147.321931] /dev/input/event1: 0003 0039 00000000
[    7147.321931] /dev/input/event1: 0003 0030 0000014d
[    7147.321931] /dev/input/event1: 0003 003a 00000081
[    7147.321931] /dev/input/event1: 0003 0035 00006ac8
[    7147.321931] /dev/input/event1: 0003 0036 00004710
[    7147.321931] /dev/input/event1: 0000 0000 00000000
[    7147.458073] /dev/input/event1: 0003 003a 00000000
[    7147.458073] /dev/input/event1: 0003 0039 ffffffff
[    7147.458073] /dev/input/event1: 0000 0000 00000000
[    7148.740153] /dev/input/event1: 0003 0039 00000000
[    7148.740153] /dev/input/event1: 0003 0030 0000014e
[    7148.740153] /dev/input/event1: 0003 003a 00000081
[    7148.740153] /dev/input/event1: 0003 0035 00003eb1
[    7148.740153] /dev/input/event1: 0003 0036 00006121
[    7148.740153] /dev/input/event1: 0000 0000 00000000
[    7148.861770] /dev/input/event1: 0003 0036 000060a9
[    7148.861770] /dev/input/event1: 0000 0000 00000000
[    7148.869709] /dev/input/event1: 0003 0036 00005f76
[    7148.869709] /dev/input/event1: 0000 0000 00000000
[    7148.879615] /dev/input/event1: 0003 0035 00003e38
[    7148.879615] /dev/input/event1: 0003 0036 00005e98
[    7148.879615] /dev/input/event1: 0000 0000 00000000
[    7148.886108] /dev/input/event1: 0003 0036 00005d98
[    7148.886108] /dev/input/event1: 0000 0000 00000000
[    7148.893785] /dev/input/event1: 0003 0035 00003ddd
[    7148.893785] /dev/input/event1: 0003 0036 00005c54
[    7148.893785] /dev/input/event1: 0000 0000 00000000
[    7148.902704] /dev/input/event1: 0003 0035 00003d82
[    7148.902704] /dev/input/event1: 0003 0036 00005add
[    7148.902704] /dev/input/event1: 0000 0000 00000000
[    7148.908728] /dev/input/event1: 0003 0035 00003d27
[    7148.908728] /dev/input/event1: 0003 0036 00005965
[    7148.908728] /dev/input/event1: 0000 0000 00000000
[    7148.915895] /dev/input/event1: 0003 0036 00005854
[    7148.915895] /dev/input/event1: 0000 0000 00000000
[    7148.925293] /dev/input/event1: 0003 0036 00005721
[    7148.925293] /dev/input/event1: 0000 0000 00000000
[    7148.931708] /dev/input/event1: 0003 0035 00003ccc
[    7148.931708] /dev/input/event1: 0003 0036 00005610
[    7148.931708] /dev/input/event1: 0000 0000 00000000
[    7148.940511] /dev/input/event1: 0003 0035 00003c71
[    7148.940511] /dev/input/event1: 0003 0036 000054cc
[    7148.940511] /dev/input/event1: 0000 0000 00000000
[    7148.948649] /dev/input/event1: 0003 0036 000053cc
[    7148.948649] /dev/input/event1: 0000 0000 00000000
[    7148.955921] /dev/input/event1: 0003 0036 00005287
[    7148.955921] /dev/input/event1: 0000 0000 00000000
[    7148.964118] /dev/input/event1: 0003 0035 00003c16
[    7148.964118] /dev/input/event1: 0003 0036 00005176
[    7148.964118] /dev/input/event1: 0000 0000 00000000
[    7148.973086] /dev/input/event1: 0003 0035 00003bbb
[    7148.973086] /dev/input/event1: 0003 0036 00005032
[    7148.973086] /dev/input/event1: 0000 0000 00000000
[    7148.980052] /dev/input/event1: 0003 0035 00003b41
[    7148.980052] /dev/input/event1: 0003 0036 00004f65
[    7148.980052] /dev/input/event1: 0000 0000 00000000
[    7148.986363] /dev/input/event1: 0003 0035 00003ae6
[    7148.986363] /dev/input/event1: 0003 0036 00004e87
[    7148.986363] /dev/input/event1: 0000 0000 00000000
[    7148.994239] /dev/input/event1: 0003 0036 00004d54
[    7148.994239] /dev/input/event1: 0000 0000 00000000
[    7149.001716] /dev/input/event1: 0003 0036 00004c43
[    7149.001716] /dev/input/event1: 0000 0000 00000000
[    7149.011105] /dev/input/event1: 0003 0036 00004baa
[    7149.011105] /dev/input/event1: 0000 0000 00000000
[    7149.018287] /dev/input/event1: 0003 0036 00004aff
[    7149.018287] /dev/input/event1: 0000 0000 00000000
[    7149.025605] /dev/input/event1: 0003 0036 00004a32
[    7149.025605] /dev/input/event1: 0000 0000 00000000
[    7149.033748] /dev/input/event1: 0003 0036 00004921
[    7149.033748] /dev/input/event1: 0000 0000 00000000
[    7149.041674] /dev/input/event1: 0003 0036 00004854
[    7149.041674] /dev/input/event1: 0000 0000 00000000
[    7149.048159] /dev/input/event1: 0003 0036 00004776
[    7149.048159] /dev/input/event1: 0000 0000 00000000
[    7149.058202] /dev/input/event1: 0003 0036 000046aa
[    7149.058202] /dev/input/event1: 0000 0000 00000000
[    7149.064083] /dev/input/event1: 0003 0036 000044ff
[    7149.064083] /dev/input/event1: 0000 0000 00000000
[    7149.072229] /dev/input/event1: 0003 0036 00004354
[    7149.072229] /dev/input/event1: 0000 0000 00000000
[    7149.080345] /dev/input/event1: 0003 0035 00003a8b
[    7149.080345] /dev/input/event1: 0003 0036 00004165
[    7149.080345] /dev/input/event1: 0000 0000 00000000
[    7149.088019] /dev/input/event1: 0003 0036 00003fbb
[    7149.088019] /dev/input/event1: 0000 0000 00000000
[    7149.096452] /dev/input/event1: 0003 0036 00003daa
[    7149.096452] /dev/input/event1: 0000 0000 00000000
[    7149.101538] /dev/input/event1: 0003 0036 00003bff
[    7149.101538] /dev/input/event1: 0000 0000 00000000
[    7149.109845] /dev/input/event1: 0003 0036 00003aee
[    7149.109845] /dev/input/event1: 0000 0000 00000000
[    7149.119900] /dev/input/event1: 0003 0036 000039bb
[    7149.119900] /dev/input/event1: 0000 0000 00000000
[    7149.126097] /dev/input/event1: 0003 0035 00003ae6
[    7149.126097] /dev/input/event1: 0003 0036 00003843
[    7149.126097] /dev/input/event1: 0000 0000 00000000
[    7149.134070] /dev/input/event1: 0003 0036 00003732
[    7149.134070] /dev/input/event1: 0000 0000 00000000
[    7149.141715] /dev/input/event1: 0003 0035 00003b41
[    7149.141715] /dev/input/event1: 0003 0036 000035bb
[    7149.141715] /dev/input/event1: 0000 0000 00000000
[    7149.149970] /dev/input/event1: 0003 0035 00003bbb
[    7149.149970] /dev/input/event1: 0003 0036 00003410
[    7149.149970] /dev/input/event1: 0000 0000 00000000
[    7149.160337] /dev/input/event1: 0003 0035 00003c16
[    7149.160337] /dev/input/event1: 0003 0036 00003299
[    7149.160337] /dev/input/event1: 0000 0000 00000000
[    7149.163619] /dev/input/event1: 0003 003a 00000000
[    7149.163619] /dev/input/event1: 0003 0039 ffffffff
[    7149.163619] /dev/input/event1: 0000 0000 00000000