add device 1: /dev/input/event0
  name:     "Power Button"
add device 2: /dev/input/event1
  name:     "qwerty2"
[    3224.742011] /dev/input/event1: 0003 0039 00000000
[    3224.742011] /dev/input/event1: 0003 0030 0000010c
[    3224.742011] /dev/input/event1: 0003 003a 00000081
[    3224.742011] /dev/input/event1: 0003 0035 0000695c
[    3224.742011] /dev/input/event1: 0003 0036 00006fee
[    3224.742011] /dev/input/event1: 0000 0000 00000000
[    3224.840293] /dev/input/event1: 0003 003a 00000000
[    3224.840293] /dev/input/event1: 0003 0039 ffffffff
[    3224.840293] /dev/input/event1: 0000 0000 00000000
[    3227.615526] /dev/input/event1: 0003 0039 00000000
[    3227.615526] /dev/input/event1: 0003 0030 0000010d
[    3227.615526] /dev/input/event1: 0003 003a 00000081
[    3227.615526] /dev/input/event1: 0003 0035 00007998
[    3227.615526] /dev/input/event1: 0003 0036 000007dd
[    3227.615526] /dev/input/event1: 0000 0000 00000000
[    3227.730567] /dev/input/event1: 0003 003a 00000000
[    3227.730567] /dev/input/event1: 0003 0039 ffffffff
[    3227.730567] /dev/input/event1: 0000 0000 00000000
[    3231.662681] /dev/input/event1: 0003 0039 00000000
[    3231.662681] /dev/input/event1: 0003 0030 0000010e
[    3231.662681] /dev/input/event1: 0003 003a 00000081
[    3231.662681] /dev/input/event1: 0003 0035 00004eee
[    3231.662681] /dev/input/event1: 0003 0036 00001933
[    3231.662681] /dev/input/event1: 0000 0000 00000000
[    3231.800470] /dev/input/event1: 0003 003a 00000000
[    3231.800470] /dev/input/event1: 0003 0039 ffffffff
[    3231.800470] /dev/input/event1: 0000 0000 00000000
[    3237.313827] /dev/input/event1: 0003 0039 00000000
[    3237.313827] /dev/input/event1: 0003 0030 0000010f
[    3237.313827] /dev/input/event1: 0003 003a 00000081
[    3237.313827] /dev/input/event1: 0003 0035 00001758
[    3237.313827] /dev/input/event1: 0003 0036 00004a32
[    3237.313827] /dev/input/event1: 0000 0000 00000000
[    3237.466521] /dev/input/event1: 0003 003a 00000000
[    3237.466521] /dev/input/event1: 0003 0039 ffffffff
[    3237.466521] /dev/input/event1: 0000 0000 00000000
[    3242.855961] /dev/input/event1: 0003 0039 00000000
[    3242.855961] /dev/input/event1: 0003 0030 00000110
[    3242.855961] /dev/input/event1: 0003 003a 00000081
[    3242.855961] /dev/input/event1: 0003 0035 00001920
[    3242.855961] /dev/input/event1: 0003 0036 000035bb
[    3242.855961] /dev/input/event1: 0000 0000 00000000
[    3242.996244] /dev/input/event1: 0003 003a 00000000
[    3242.996244] /dev/input/event1: 0003 0039 ffffffff
[    3242.996244] /dev/input/event1: 0000 0000 00000000
[    3244.886249] /dev/input/event1: 0003 0039 00000000
[    3244.886249] /dev/input/event1: 0003 0030 00000111
[    3244.886249] /dev/input/event1: 0003 003a 00000081
[    3244.886249] /dev/input/event1: 0000 0000 00000000
[    3245.017317] /dev/input/event1: 0003 003a 00000000
[    3245.017317] /dev/input/event1: 0003 0039 ffffffff
[    3245.017317] /dev/input/event1: 0000 0000 00000000
[    3247.963962] /dev/input/event1: 0003 0039 00000000
[    3247.963962] /dev/input/event1: 0003 0030 00000112
[    3247.963962] /dev/input/event1: 0003 003a 00000081
[    3247.963962] /dev/input/event1: 0003 0035 00002221
[    3247.963962] /dev/input/event1: 0003 0036 00003bcc
[    3247.963962] /dev/input/event1: 0000 0000 00000000
[    3248.000748] /dev/input/event1: 0003 0035 0000227c
[    3248.000748] /dev/input/event1: 0000 0000 00000000
[    3248.008024] /dev/input/event1: 0003 0035 000022d7
[    3248.008024] /dev/input/event1: 0000 0000 00000000
[    3248.080524] /dev/input/event1: 0003 003a 00000000
[    3248.080524] /dev/input/event1: 0003 0039 ffffffff
[    3248.080524] /dev/input/event1: 0000 0000 00000000
[    3250.739252] /dev/input/event1: 0003 0039 00000000
[    3250.739252] /dev/input/event1: 0003 0030 00000113
[    3250.739252] /dev/input/event1: 0003 003a 00000081
[    3250.739252] /dev/input/event1: 0003 0035 00003fc2
[    3250.739252] /dev/input/event1: 0003 0036 000071ff
[    3250.739252] /dev/input/event1: 0000 0000 00000000
[    3250.739252] /dev/input/event1: 0003 003a 00000000
[    3250.739252] /dev/input/event1: 0003 0039 ffffffff
[    3250.739252] /dev/input/event1: 0000 0000 00000000