add device 1: /dev/input/event0
  name:     "Power Button"
add device 2: /dev/input/event1
  name:     "qwerty2"
[   39006.584833] /dev/input/event1: 0003 0039 00000000
[   39006.584833] /dev/input/event1: 0003 0030 0000024e
[   39006.584833] /dev/input/event1: 0003 003a 00000081
[   39006.584833] /dev/input/event1: 0003 0035 00006a12
[   39006.584833] /dev/input/event1: 0003 0036 00006fa9
[   39006.584833] /dev/input/event1: 0000 0000 00000000
[   39006.685465] /dev/input/event1: 0003 003a 00000000
[   39006.685465] /dev/input/event1: 0003 0039 ffffffff
[   39006.685465] /dev/input/event1: 0000 0000 00000000
[   39010.971663] /dev/input/event1: 0003 0039 00000000
[   39010.971663] /dev/input/event1: 0003 0030 0000024f
[   39010.971663] /dev/input/event1: 0003 003a 00000081
[   39010.971663] /dev/input/event1: 0003 0035 0000791f
[   39010.971663] /dev/input/event1: 0003 0036 000008cc
[   39010.971663] /dev/input/event1: 0000 0000 00000000
[   39011.095799] /dev/input/event1: 0003 003a 00000000
[   39011.095799] /dev/input/event1: 0003 0039 ffffffff
[   39011.095799] /dev/input/event1: 0000 0000 00000000
[   39013.818980] /dev/input/event1: 0003 0039 00000000
[   39013.818980] /dev/input/event1: 0003 0030 00000250
[   39013.818980] /dev/input/event1: 0003 003a 00000081
[   39013.818980] /dev/input/event1: 0003 0035 00005203
[   39013.818980] /dev/input/event1: 0003 0036 00001acc
[   39013.818980] /dev/input/event1: 0000 0000 00000000
[   39013.941721] /dev/input/event1: 0003 003a 00000000
[   39013.941721] /dev/input/event1: 0003 0039 ffffffff
[   39013.941721] /dev/input/event1: 0000 0000 00000000
[   39015.966533] /dev/input/event1: 0003 0039 00000000
[   39015.966533] /dev/input/event1: 0003 0030 00000251
[   39015.966533] /dev/input/event1: 0003 003a 00000081
[   39015.966533] /dev/input/event1: 0003 0035 00002c16
[   39015.966533] /dev/input/event1: 0003 0036 00002943
[   39015.966533] /dev/input/event1: 0000 0000 00000000
[   39016.069392] /dev/input/event1: 0003 003a 00000000
[   39016.069392] /dev/input/event1: 0003 0039 ffffffff
[   39016.069392] /dev/input/event1: 0000 0000 00000000
[   39018.149561] /dev/input/event1: 0003 0039 00000000
[   39018.149561] /dev/input/event1: 0003 0030 00000252
[   39018.149561] /dev/input/event1: 0003 003a 00000081
[   39018.149561] /dev/input/event1: 0003 0035 000022b9
[   39018.149561] /dev/input/event1: 0003 0036 00005343
[   39018.149561] /dev/input/event1: 0000 0000 00000000
[   39018.251795] /dev/input/event1: 0003 003a 00000000
[   39018.251795] /dev/input/event1: 0003 0039 ffffffff
[   39018.251795] /dev/input/event1: 0000 0000 00000000
[   39020.332063] /dev/input/event1: 0003 0039 00000000
[   39020.332063] /dev/input/event1: 0003 0030 00000253
[   39020.332063] /dev/input/event1: 0003 003a 00000081
[   39020.332063] /dev/input/event1: 0003 0035 00004a4f
[   39020.332063] /dev/input/event1: 0003 0036 00003821
[   39020.332063] /dev/input/event1: 0000 0000 00000000
[   39020.433835] /dev/input/event1: 0003 003a 00000000
[   39020.433835] /dev/input/event1: 0003 0039 ffffffff
[   39020.433835] /dev/input/event1: 0000 0000 00000000
[   39022.076684] /dev/input/event1: 0003 0039 00000000
[   39022.076684] /dev/input/event1: 0003 0030 00000254
[   39022.076684] /dev/input/event1: 0003 003a 00000081
[   39022.076684] /dev/input/event1: 0003 0035 00005f67
[   39022.076684] /dev/input/event1: 0003 0036 000063a9
[   39022.076684] /dev/input/event1: 0000 0000 00000000
[   39022.189402] /dev/input/event1: 0003 003a 00000000
[   39022.189402] /dev/input/event1: 0003 0039 ffffffff
[   39022.189402] /dev/input/event1: 0000 0000 00000000
[   39024.608174] /dev/input/event1: 0003 0039 00000000
[   39024.608174] /dev/input/event1: 0003 0030 00000255
[   39024.608174] /dev/input/event1: 0003 003a 00000081
[   39024.608174] /dev/input/event1: 0003 0035 000034f9
[   39024.608174] /dev/input/event1: 0003 0036 00004721
[   39024.608174] /dev/input/event1: 0000 0000 00000000
[   39024.698355] /dev/input/event1: 0003 003a 00000000
[   39024.698355] /dev/input/event1: 0003 0039 ffffffff
[   39024.698355] /dev/input/event1: 0000 0000 00000000
[   39026.544098] /dev/input/event1: 0003 0039 00000000
[   39026.544098] /dev/input/event1: 0003 0030 00000256
[   39026.544098] /dev/input/event1: 0003 003a 00000081
[   39026.544098] /dev/input/event1: 0003 0035 000060b5
[   39026.544098] /dev/input/event1: 0003 0036 00006387
[   39026.544098] /dev/input/event1: 0000 0000 00000000
[   39026.644089] /dev/input/event1: 0003 003a 00000000
[   39026.644089] /dev/input/event1: 0003 0039 ffffffff
[   39026.644089] /dev/input/event1: 0000 0000 00000000