add device 1: /dev/input/event0
  name:     "Power Button"
add device 2: /dev/input/event1
  name:     "qwerty2"
[   30059.817934] /dev/input/event1: 0003 0039 00000000
[   30059.817934] /dev/input/event1: 0003 0030 000001ee
[   30059.817934] /dev/input/event1: 0003 003a 00000081
[   30059.817934] /dev/input/event1: 0003 0035 00006b23
[   30059.817934] /dev/input/event1: 0003 0036 00006fff
[   30059.817934] /dev/input/event1: 0000 0000 00000000
[   30059.872349] /dev/input/event1: 0003 003a 00000000
[   30059.872349] /dev/input/event1: 0003 0039 ffffffff
[   30059.872349] /dev/input/event1: 0000 0000 00000000
[   30062.124563] /dev/input/event1: 0003 0039 00000000
[   30062.124563] /dev/input/event1: 0003 0030 000001ef
[   30062.124563] /dev/input/event1: 0003 003a 00000081
[   30062.124563] /dev/input/event1: 0003 0035 00007998
[   30062.124563] /dev/input/event1: 0003 0036 00000966
[   30062.124563] /dev/input/event1: 0000 0000 00000000
[   30062.245776] /dev/input/event1: 0003 003a 00000000
[   30062.245776] /dev/input/event1: 0003 0039 ffffffff
[   30062.245776] /dev/input/event1: 0000 0000 00000000
[   30063.878795] /dev/input/event1: 0003 0039 00000000
[   30063.878795] /dev/input/event1: 0003 0030 000001f0
[   30063.878795] /dev/input/event1: 0003 003a 00000081
[   30063.878795] /dev/input/event1: 0003 0035 00005887
[   30063.878795] /dev/input/event1: 0003 0036 000009aa
[   30063.878795] /dev/input/event1: 0000 0000 00000000
[   30064.001365] /dev/input/event1: 0003 003a 00000000
[   30064.001365] /dev/input/event1: 0003 0039 ffffffff
[   30064.001365] /dev/input/event1: 0000 0000 00000000
[   30065.959555] /dev/input/event1: 0003 0039 00000000
[   30065.959555] /dev/input/event1: 0003 0030 000001f1
[   30065.959555] /dev/input/event1: 0003 003a 00000081
[   30065.959555] /dev/input/event1: 0003 0035 0000460a
[   30065.959555] /dev/input/event1: 0003 0036 00003c88
[   30065.959555] /dev/input/event1: 0000 0000 00000000
[   30066.070935] /dev/input/event1: 0003 003a 00000000
[   30066.070935] /dev/input/event1: 0003 0039 ffffffff
[   30066.070935] /dev/input/event1: 0000 0000 00000000
[   30067.512174] /dev/input/event1: 0003 0039 00000000
[   30067.512174] /dev/input/event1: 0003 0030 000001f2
[   30067.512174] /dev/input/event1: 0003 003a 00000081
[   30067.512174] /dev/input/event1: 0003 0035 000039d5
[   30067.512174] /dev/input/event1: 0003 0036 00004f65
[   30067.512174] /dev/input/event1: 0000 0000 00000000
[   30067.600870] /dev/input/event1: 0003 003a 00000000
[   30067.600870] /dev/input/event1: 0003 0039 ffffffff
[   30067.600870] /dev/input/event1: 0000 0000 00000000
[   30068.975351] /dev/input/event1: 0003 0039 00000000
[   30068.975351] /dev/input/event1: 0003 0030 000001f3
[   30068.975351] /dev/input/event1: 0003 003a 00000081
[   30068.975351] /dev/input/event1: 0003 0035 00000eb2
[   30068.975351] /dev/input/event1: 0003 0036 00005bcc
[   30068.975351] /dev/input/event1: 0000 0000 00000000
[   30069.052015] /dev/input/event1: 0003 003a 00000000
[   30069.052015] /dev/input/event1: 0003 0039 ffffffff
[   30069.052015] /dev/input/event1: 0000 0000 00000000
[   30070.077882] /dev/input/event1: 0003 0039 00000000
[   30070.077882] /dev/input/event1: 0003 0030 000001f4
[   30070.077882] /dev/input/event1: 0003 003a 00000081
[   30070.077882] /dev/input/event1: 0003 0035 000019d6
[   30070.077882] /dev/input/event1: 0003 0036 00005b87
[   30070.077882] /dev/input/event1: 0000 0000 00000000
[   30070.166236] /dev/input/event1: 0003 003a 00000000
[   30070.166236] /dev/input/event1: 0003 0039 ffffffff
[   30070.166236] /dev/input/event1: 0000 0000 00000000
[   30072.024161] /dev/input/event1: 0003 0039 00000000
[   30072.024161] /dev/input/event1: 0003 0030 000001f5
[   30072.024161] /dev/input/event1: 0003 003a 00000081
[   30072.024161] /dev/input/event1: 0003 0035 000066c0
[   30072.024161] /dev/input/event1: 0000 0000 00000000
[   30072.147845] /dev/input/event1: 0003 003a 00000000
[   30072.147845] /dev/input/event1: 0003 0039 ffffffff
[   30072.147845] /dev/input/event1: 0000 0000 00000000
[   30075.670090] /dev/input/event1: 0003 0039 00000000
[   30075.670090] /dev/input/event1: 0003 0030 000001f6
[   30075.670090] /dev/input/event1: 0003 003a 00000081
[   30075.670090] /dev/input/event1: 0003 0035 000076c0
[   30075.670090] /dev/input/event1: 0003 0036 00007165
[   30075.670090] /dev/input/event1: 0000 0000 00000000
[   30075.770014] /dev/input/event1: 0003 003a 00000000
[   30075.770014] /dev/input/event1: 0003 0039 ffffffff
[   30075.770014] /dev/input/event1: 0000 0000 00000000
[   30078.785076] /dev/input/event1: 0003 0039 00000000
[   30078.785076] /dev/input/event1: 0003 0030 000001f7
[   30078.785076] /dev/input/event1: 0003 003a 00000081
[   30078.785076] /dev/input/event1: 0003 0035 00006683
[   30078.785076] /dev/input/event1: 0003 0036 00004643
[   30078.785076] /dev/input/event1: 0000 0000 00000000
[   30078.907822] /dev/input/event1: 0003 003a 00000000
[   30078.907822] /dev/input/event1: 0003 0039 ffffffff
[   30078.907822] /dev/input/event1: 0000 0000 00000000
[   30083.161763] /dev/input/event1: 0003 0039 00000000
[   30083.161763] /dev/input/event1: 0003 0030 000001f8
[   30083.161763] /dev/input/event1: 0003 003a 00000081
[   30083.161763] /dev/input/event1: 0003 0035 0000603b
[   30083.161763] /dev/input/event1: 0003 0036 00001188
[   30083.161763] /dev/input/event1: 0000 0000 00000000
[   30083.285340] /dev/input/event1: 0003 003a 00000000
[   30083.285340] /dev/input/event1: 0003 0039 ffffffff
[   30083.285340] /dev/input/event1: 0000 0000 00000000