add device 1: /dev/input/event0
  name:     "Power Button"
add device 2: /dev/input/event1
  name:     "qwerty2"
[    6737.690479] /dev/input/event1: 0003 0039 00000000
[    6737.690479] /dev/input/event1: 0003 0030 000001cb
[    6737.690479] /dev/input/event1: 0003 003a 00000081
[    6737.690479] /dev/input/event1: 0003 0035 00006998
[    6737.690479] /dev/input/event1: 0003 0036 00006fcb
[    6737.690479] /dev/input/event1: 0000 0000 00000000
[    6737.780415] /dev/input/event1: 0003 003a 00000000
[    6737.780415] /dev/input/event1: 0003 0039 ffffffff
[    6737.780415] /dev/input/event1: 0000 0000 00000000
[    6739.658653] /dev/input/event1: 0003 0039 00000000
[    6739.658653] /dev/input/event1: 0003 0030 000001cc
[    6739.658653] /dev/input/event1: 0003 003a 00000081
[    6739.658653] /dev/input/event1: 0003 0035 0000795b
[    6739.658653] /dev/input/event1: 0003 0036 000009cc
[    6739.658653] /dev/input/event1: 0000 0000 00000000
[    6739.725026] /dev/input/event1: 0003 003a 00000000
[    6739.725026] /dev/input/event1: 0003 0039 ffffffff
[    6739.725026] /dev/input/event1: 0000 0000 00000000
[    6741.716185] /dev/input/event1: 0003 0039 00000000
[    6741.716185] /dev/input/event1: 0003 0030 000001cd
[    6741.716185] /dev/input/event1: 0003 003a 00000081
[    6741.716185] /dev/input/event1: 0003 0035 00005758
[    6741.716185] /dev/input/event1: 0003 0036 00000966
[    6741.716185] /dev/input/event1: 0000 0000 00000000
[    6741.794771] /dev/input/event1: 0003 003a 00000000
[    6741.794771] /dev/input/event1: 0003 0039 ffffffff
[    6741.794771] /dev/input/event1: 0000 0000 00000000
[    6743.763969] /dev/input/event1: 0003 0039 00000000
[    6743.763969] /dev/input/event1: 0003 0030 000001ce
[    6743.763969] /dev/input/event1: 0003 003a 00000081
[    6743.763969] /dev/input/event1: 0003 0035 0000423f
[    6743.763969] /dev/input/event1: 0003 0036 00003d21
[    6743.763969] /dev/input/event1: 0000 0000 00000000
[    6743.853602] /dev/input/event1: 0003 003a 00000000
[    6743.853602] /dev/input/event1: 0003 0039 ffffffff
[    6743.853602] /dev/input/event1: 0000 0000 00000000
[    6745.520219] /dev/input/event1: 0003 0039 00000000
[    6745.520219] /dev/input/event1: 0003 0030 000001cf
[    6745.520219] /dev/input/event1: 0003 003a 00000081
[    6745.520219] /dev/input/event1: 0003 0035 0000138e
[    6745.520219] /dev/input/event1: 0003 0036 00005165
[    6745.520219] /dev/input/event1: 0000 0000 00000000
[    6745.596991] /dev/input/event1: 0003 003a 00000000
[    6745.596991] /dev/input/event1: 0003 0039 ffffffff
[    6745.596991] /dev/input/event1: 0000 0000 00000000
[    6746.904789] /dev/input/event1: 0003 0039 00000000
[    6746.904789] /dev/input/event1: 0003 0030 000001d0
[    6746.904789] /dev/input/event1: 0003 003a 00000081
[    6746.904789] /dev/input/event1: 0003 0035 00006c15
[    6746.904789] /dev/input/event1: 0003 0036 000050aa
[    6746.904789] /dev/input/event1: 0000 0000 00000000
[    6746.969568] /dev/input/event1: 0003 003a 00000000
[    6746.969568] /dev/input/event1: 0003 0039 ffffffff
[    6746.969568] /dev/input/event1: 0000 0000 00000000
[    6748.331358] /dev/input/event1: 0003 0039 00000000
[    6748.331358] /dev/input/event1: 0003 0030 000001d1
[    6748.331358] /dev/input/event1: 0003 003a 00000081
[    6748.331358] /dev/input/event1: 0003 0035 00002d64
[    6748.331358] /dev/input/event1: 0003 0036 00005121
[    6748.331358] /dev/input/event1: 0000 0000 00000000
[    6748.409540] /dev/input/event1: 0003 003a 00000000
[    6748.409540] /dev/input/event1: 0003 0039 ffffffff
[    6748.409540] /dev/input/event1: 0000 0000 00000000
[    6749.749852] /dev/input/event1: 0003 0039 00000000
[    6749.749852] /dev/input/event1: 0003 0030 000001d2
[    6749.749852] /dev/input/event1: 0003 003a 00000081
[    6749.749852] /dev/input/event1: 0003 0035 00006480
[    6749.749852] /dev/input/event1: 0003 0036 00005acc
[    6749.749852] /dev/input/event1: 0000 0000 00000000
[    6749.816630] /dev/input/event1: 0003 003a 00000000
[    6749.816630] /dev/input/event1: 0003 0039 ffffffff
[    6749.816630] /dev/input/event1: 0000 0000 00000000
[    6750.896205] /dev/input/event1: 0003 0039 00000000
[    6750.896205] /dev/input/event1: 0003 0030 000001d3
[    6750.896205] /dev/input/event1: 0003 003a 00000081
[    6750.896205] /dev/input/event1: 0003 0035 00006b9c
[    6750.896205] /dev/input/event1: 0003 0036 00005121
[    6750.896205] /dev/input/event1: 0000 0000 00000000
[    6750.951824] /dev/input/event1: 0003 003a 00000000
[    6750.951824] /dev/input/event1: 0003 0039 ffffffff
[    6750.951824] /dev/input/event1: 0000 0000 00000000
[    6751.718302] /dev/input/event1: 0003 0039 00000000
[    6751.718302] /dev/input/event1: 0003 0030 000001d4
[    6751.718302] /dev/input/event1: 0003 003a 00000081
[    6751.718302] /dev/input/event1: 0003 0035 00005203
[    6751.718302] /dev/input/event1: 0003 0036 000051cc
[    6751.718302] /dev/input/event1: 0000 0000 00000000
[    6751.762096] /dev/input/event1: 0003 003a 00000000
[    6751.762096] /dev/input/event1: 0003 0039 ffffffff
[    6751.762096] /dev/input/event1: 0000 0000 00000000
[    6753.013388] /dev/input/event1: 0003 0039 00000000
[    6753.013388] /dev/input/event1: 0003 0030 000001d5
[    6753.013388] /dev/input/event1: 0003 003a 00000081
[    6753.013388] /dev/input/event1: 0003 0035 0000391f
[    6753.013388] /dev/input/event1: 0003 0036 000050aa
[    6753.013388] /dev/input/event1: 0000 0000 00000000
[    6753.089304] /dev/input/event1: 0003 003a 00000000
[    6753.089304] /dev/input/event1: 0003 0039 ffffffff
[    6753.089304] /dev/input/event1: 0000 0000 00000000
[    6755.577049] /dev/input/event1: 0003 0039 00000000
[    6755.577049] /dev/input/event1: 0003 0030 000001d6
[    6755.577049] /dev/input/event1: 0003 003a 00000081
[    6755.577049] /dev/input/event1: 0003 0035 00006647
[    6755.577049] /dev/input/event1: 0003 0036 00002c88
[    6755.577049] /dev/input/event1: 0000 0000 00000000
[    6755.655633] /dev/input/event1: 0003 003a 00000000
[    6755.655633] /dev/input/event1: 0003 0039 ffffffff
[    6755.655633] /dev/input/event1: 0000 0000 00000000
[    6758.310836] /dev/input/event1: 0003 0039 00000000
[    6758.310836] /dev/input/event1: 0003 0030 000001d7
[    6758.310836] /dev/input/event1: 0003 003a 00000081
[    6758.310836] /dev/input/event1: 0003 0035 000079d5
[    6758.310836] /dev/input/event1: 0003 0036 00000966
[    6758.310836] /dev/input/event1: 0000 0000 00000000
[    6758.377731] /dev/input/event1: 0003 003a 00000000
[    6758.377731] /dev/input/event1: 0003 0039 ffffffff
[    6758.377731] /dev/input/event1: 0000 0000 00000000
[    6759.604905] /dev/input/event1: 0003 0039 00000000
[    6759.604905] /dev/input/event1: 0003 0030 000001d8
[    6759.604905] /dev/input/event1: 0003 003a 00000081
[    6759.604905] /dev/input/event1: 0003 0035 00004d27
[    6759.604905] /dev/input/event1: 0003 0036 00001a88
[    6759.604905] /dev/input/event1: 0000 0000 00000000
[    6759.683760] /dev/input/event1: 0003 003a 00000000
[    6759.683760] /dev/input/event1: 0003 0039 ffffffff
[    6759.683760] /dev/input/event1: 0000 0000 00000000
[    6761.167553] /dev/input/event1: 0003 0039 00000000
[    6761.167553] /dev/input/event1: 0003 0030 000001d9
[    6761.167553] /dev/input/event1: 0003 003a 00000081
[    6761.167553] /dev/input/event1: 0003 0035 00001920
[    6761.167553] /dev/input/event1: 0003 0036 00005421
[    6761.167553] /dev/input/event1: 0000 0000 00000000
[    6761.245390] /dev/input/event1: 0003 003a 00000000
[    6761.245390] /dev/input/event1: 0003 0039 ffffffff
[    6761.245390] /dev/input/event1: 0000 0000 00000000
[    6764.070722] /dev/input/event1: 0003 0039 00000000
[    6764.070722] /dev/input/event1: 0003 0030 000001da
[    6764.070722] /dev/input/event1: 0003 003a 00000081
[    6764.070722] /dev/input/event1: 0003 0035 000069d5
[    6764.070722] /dev/input/event1: 0003 0036 00007021
[    6764.070722] /dev/input/event1: 0000 0000 00000000
[    6764.170956] /dev/input/event1: 0003 003a 00000000
[    6764.170956] /dev/input/event1: 0003 0039 ffffffff
[    6764.170956] /dev/input/event1: 0000 0000 00000000