add device 1: /dev/input/event0
  name:     "Power Button"
add device 2: /dev/input/event1
  name:     "qwerty2"
[    7266.759207] /dev/input/event1: 0003 0039 00000000
[    7266.759207] /dev/input/event1: 0003 0030 000001ef
[    7266.759207] /dev/input/event1: 0003 003a 00000081
[    7266.759207] /dev/input/event1: 0003 0035 00006998
[    7266.759207] /dev/input/event1: 0003 0036 00006fff
[    7266.759207] /dev/input/event1: 0000 0000 00000000
[    7266.826882] /dev/input/event1: 0003 003a 00000000
[    7266.826882] /dev/input/event1: 0003 0039 ffffffff
[    7266.826882] /dev/input/event1: 0000 0000 00000000
[    7268.323005] /dev/input/event1: 0003 0039 00000000
[    7268.323005] /dev/input/event1: 0003 0030 000001f0
[    7268.323005] /dev/input/event1: 0003 003a 00000081
[    7268.323005] /dev/input/event1: 0003 0035 0000795b
[    7268.323005] /dev/input/event1: 0003 0036 000008aa
[    7268.323005] /dev/input/event1: 0000 0000 00000000
[    7268.412821] /dev/input/event1: 0003 003a 00000000
[    7268.412821] /dev/input/event1: 0003 0039 ffffffff
[    7268.412821] /dev/input/event1: 0000 0000 00000000
[    7270.582828] /dev/input/event1: 0003 0039 00000000
[    7270.582828] /dev/input/event1: 0003 0030 000001f1
[    7270.582828] /dev/input/event1: 0003 003a 00000081
[    7270.582828] /dev/input/event1: 0003 0035 00005647
[    7270.582828] /dev/input/event1: 0003 0036 00000a22
[    7270.582828] /dev/input/event1: 0000 0000 00000000
[    7270.683561] /dev/input/event1: 0003 003a 00000000
[    7270.683561] /dev/input/event1: 0003 0039 ffffffff
[    7270.683561] /dev/input/event1: 0000 0000 00000000
[    7272.405538] /dev/input/event1: 0003 0039 00000000
[    7272.405538] /dev/input/event1: 0003 0030 000001f2
[    7272.405538] /dev/input/event1: 0003 003a 00000081
[    7272.405538] /dev/input/event1: 0003 0035 000044bd
[    7272.405538] /dev/input/event1: 0003 0036 00003d65
[    7272.405538] /dev/input/event1: 0000 0000 00000000
[    7272.506072] /dev/input/event1: 0003 003a 00000000
[    7272.506072] /dev/input/event1: 0003 0039 ffffffff
[    7272.506072] /dev/input/event1: 0000 0000 00000000
[    7274.363759] /dev/input/event1: 0003 0039 00000000
[    7274.363759] /dev/input/event1: 0003 0030 000001f3
[    7274.363759] /dev/input/event1: 0003 003a 00000081
[    7274.363759] /dev/input/event1: 0003 0035 00004b23
[    7274.363759] /dev/input/event1: 0003 0036 000065ff
[    7274.363759] /dev/input/event1: 0000 0000 00000000
[    7274.452479] /dev/input/event1: 0003 003a 00000000
[    7274.452479] /dev/input/event1: 0003 0039 ffffffff
[    7274.452479] /dev/input/event1: 0000 0000 00000000
[    7276.230733] /dev/input/event1: 0003 0039 00000000
[    7276.230733] /dev/input/event1: 0003 0030 000001f4
[    7276.230733] /dev/input/event1: 0003 003a 00000081
[    7276.230733] /dev/input/event1: 0003 0035 00002b9d
[    7276.230733] /dev/input/event1: 0003 0036 00005087
[    7276.230733] /dev/input/event1: 0000 0000 00000000
[    7276.308841] /dev/input/event1: 0003 003a 00000000
[    7276.308841] /dev/input/event1: 0003 0039 ffffffff
[    7276.308841] /dev/input/event1: 0000 0000 00000000
[    7276.962744] /dev/input/event1: 0003 0039 00000000
[    7276.962744] /dev/input/event1: 0003 0030 000001f5
[    7276.962744] /dev/input/event1: 0003 003a 00000081
[    7276.962744] /dev/input/event1: 0003 0035 000021c6
[    7276.962744] /dev/input/event1: 0003 0036 000050aa
[    7276.962744] /dev/input/event1: 0000 0000 00000000
[    7277.017333] /dev/input/event1: 0003 003a 00000000
[    7277.017333] /dev/input/event1: 0003 0039 ffffffff
[    7277.017333] /dev/input/event1: 0000 0000 00000000
[    7277.750394] /dev/input/event1: 0003 0039 00000000
[    7277.750394] /dev/input/event1: 0003 0030 000001f6
[    7277.750394] /dev/input/event1: 0003 003a 00000081
[    7277.750394] /dev/input/event1: 0003 0035 00000e75
[    7277.750394] /dev/input/event1: 0003 0036 00005a43
[    7277.750394] /dev/input/event1: 0000 0000 00000000
[    7277.815967] /dev/input/event1: 0003 003a 00000000
[    7277.815967] /dev/input/event1: 0003 0039 ffffffff
[    7277.815967] /dev/input/event1: 0000 0000 00000000
[    7278.751495] /dev/input/event1: 0003 0039 00000000
[    7278.751495] /dev/input/event1: 0003 0030 000001f7
[    7278.751495] /dev/input/event1: 0003 003a 00000081
[    7278.751495] /dev/input/event1: 0003 0035 0000660a
[    7278.751495] /dev/input/event1: 0003 0036 00005ba9
[    7278.751495] /dev/input/event1: 0000 0000 00000000
[    7278.839661] /dev/input/event1: 0003 003a 00000000
[    7278.839661] /dev/input/event1: 0003 0039 ffffffff
[    7278.839661] /dev/input/event1: 0000 0000 00000000
[    7280.055579] /dev/input/event1: 0003 0039 00000000
[    7280.055579] /dev/input/event1: 0003 0030 000001f8
[    7280.055579] /dev/input/event1: 0003 003a 00000081
[    7280.055579] /dev/input/event1: 0003 0035 00006a12
[    7280.055579] /dev/input/event1: 0003 0036 00002ccc
[    7280.055579] /dev/input/event1: 0000 0000 00000000
[    7280.157159] /dev/input/event1: 0003 003a 00000000
[    7280.157159] /dev/input/event1: 0003 0039 ffffffff
[    7280.157159] /dev/input/event1: 0000 0000 00000000
[    7292.362640] /dev/input/event1: 0003 0039 00000000
[    7292.362640] /dev/input/event1: 0003 0030 000001f9
[    7292.362640] /dev/input/event1: 0003 003a 00000081
[    7292.362640] /dev/input/event1: 0003 0035 000067d1
[    7292.362640] /dev/input/event1: 0003 0036 00001188
[    7292.362640] /dev/input/event1: 0000 0000 00000000
[    7292.474356] /dev/input/event1: 0003 003a 00000000
[    7292.474356] /dev/input/event1: 0003 0039 ffffffff
[    7292.474356] /dev/input/event1: 0000 0000 00000000
[    7297.909695] /dev/input/event1: 0003 0039 00000000
[    7297.909695] /dev/input/event1: 0003 0030 000001fa
[    7297.909695] /dev/input/event1: 0003 003a 00000081
[    7297.909695] /dev/input/event1: 0003 0035 000052b9
[    7297.909695] /dev/input/event1: 0003 0036 00001144
[    7297.909695] /dev/input/event1: 0000 0000 00000000
[    7299.033008] /dev/input/event1: 0003 003a 00000000
[    7299.033008] /dev/input/event1: 0003 0039 ffffffff
[    7299.033008] /dev/input/event1: 0000 0000 00000000
[    7301.082380] /dev/input/event1: 0003 0039 00000000
[    7301.082380] /dev/input/event1: 0003 0030 000001fb
[    7301.082380] /dev/input/event1: 0003 003a 00000081
[    7301.082380] /dev/input/event1: 0003 0035 00005b23
[    7301.082380] /dev/input/event1: 0003 0036 00002eaa
[    7301.082380] /dev/input/event1: 0000 0000 00000000
[    7301.182421] /dev/input/event1: 0003 003a 00000000
[    7301.182421] /dev/input/event1: 0003 0039 ffffffff
[    7301.182421] /dev/input/event1: 0000 0000 00000000