add device 1: /dev/input/event0
  name:     "Power Button"
add device 2: /dev/input/event1
  name:     "qwerty2"
[    5635.396589] /dev/input/event1: 0003 0039 00000000
[    5635.396589] /dev/input/event1: 0003 0030 00000172
[    5635.396589] /dev/input/event1: 0003 003a 00000081
[    5635.396589] /dev/input/event1: 0003 0035 00006aa9
[    5635.396589] /dev/input/event1: 0003 0036 00006fff
[    5635.396589] /dev/input/event1: 0000 0000 00000000
[    5635.485491] /dev/input/event1: 0003 003a 00000000
[    5635.485491] /dev/input/event1: 0003 0039 ffffffff
[    5635.485491] /dev/input/event1: 0000 0000 00000000
[    5637.431244] /dev/input/event1: 0003 0039 00000000
[    5637.431244] /dev/input/event1: 0003 0030 00000173
[    5637.431244] /dev/input/event1: 0003 003a 00000081
[    5637.431244] /dev/input/event1: 0003 0035 00007a12
[    5637.431244] /dev/input/event1: 0003 0036 00000a66
[    5637.431244] /dev/input/event1: 0000 0000 00000000
[    5637.511146] /dev/input/event1: 0003 003a 00000000
[    5637.511146] /dev/input/event1: 0003 0039 ffffffff
[    5637.511146] /dev/input/event1: 0000 0000 00000000
[    5638.951264] /dev/input/event1: 0003 0039 00000000
[    5638.951264] /dev/input/event1: 0003 0030 00000174
[    5638.951264] /dev/input/event1: 0003 003a 00000081
[    5638.951264] /dev/input/event1: 0003 0035 00005647
[    5638.951264] /dev/input/event1: 0003 0036 000009cc
[    5638.951264] /dev/input/event1: 0000 0000 00000000
[    5639.028995] /dev/input/event1: 0003 003a 00000000
[    5639.028995] /dev/input/event1: 0003 0039 ffffffff
[    5639.028995] /dev/input/event1: 0000 0000 00000000
[    5641.087868] /dev/input/event1: 0003 0039 00000000
[    5641.087868] /dev/input/event1: 0003 0030 00000175
[    5641.087868] /dev/input/event1: 0003 003a 00000081
[    5641.087868] /dev/input/event1: 0003 0035 00003b60
[    5641.087868] /dev/input/event1: 0003 0036 00003d65
[    5641.087868] /dev/input/event1: 0000 0000 00000000
[    5641.166574] /dev/input/event1: 0003 003a 00000000
[    5641.166574] /dev/input/event1: 0003 0039 ffffffff
[    5641.166574] /dev/input/event1: 0000 0000 00000000
[    5642.922727] /dev/input/event1: 0003 0039 00000000
[    5642.922727] /dev/input/event1: 0003 0030 00000176
[    5642.922727] /dev/input/event1: 0003 003a 00000081
[    5642.922727] /dev/input/event1: 0003 0035 00000920
[    5642.922727] /dev/input/event1: 0003 0036 00007143
[    5642.922727] /dev/input/event1: 0000 0000 00000000
[    5642.988200] /dev/input/event1: 0003 003a 00000000
[    5642.988200] /dev/input/event1: 0003 0039 ffffffff
[    5642.988200] /dev/input/event1: 0000 0000 00000000
[    5643.990711] /dev/input/event1: 0003 0039 00000000
[    5643.990711] /dev/input/event1: 0003 0030 00000177
[    5643.990711] /dev/input/event1: 0003 003a 00000081
[    5643.990711] /dev/input/event1: 0003 0035 00000759
[    5643.990711] /dev/input/event1: 0003 0036 00004f43
[    5643.990711] /dev/input/event1: 0000 0000 00000000
[    5644.056549] /dev/input/event1: 0003 003a 00000000
[    5644.056549] /dev/input/event1: 0003 0039 ffffffff
[    5644.056549] /dev/input/event1: 0000 0000 00000000
[    5645.712428] /dev/input/event1: 0003 0039 00000000
[    5645.712428] /dev/input/event1: 0003 0030 00000178
[    5645.712428] /dev/input/event1: 0003 003a 00000081
[    5645.712428] /dev/input/event1: 0003 0035 00006406
[    5645.712428] /dev/input/event1: 0003 0036 00002cff
[    5645.712428] /dev/input/event1: 0000 0000 00000000
[    5645.791191] /dev/input/event1: 0003 003a 00000000
[    5645.791191] /dev/input/event1: 0003 0039 ffffffff
[    5645.791191] /dev/input/event1: 0000 0000 00000000
[    5647.656808] /dev/input/event1: 0003 0039 00000000
[    5647.656808] /dev/input/event1: 0003 0030 00000179
[    5647.656808] /dev/input/event1: 0003 003a 00000081
[    5647.656808] /dev/input/event1: 0003 0035 0000780e
[    5647.656808] /dev/input/event1: 0003 0036 00000a22
[    5647.656808] /dev/input/event1: 0000 0000 00000000
[    5647.769109] /dev/input/event1: 0003 003a 00000000
[    5647.769109] /dev/input/event1: 0003 0039 ffffffff
[    5647.769109] /dev/input/event1: 0000 0000 00000000
[    5649.121191] /dev/input/event1: 0003 0039 00000000
[    5649.121191] /dev/input/event1: 0003 0030 0000017a
[    5649.121191] /dev/input/event1: 0003 003a 00000081
[    5649.121191] /dev/input/event1: 0003 0035 00005a4e
[    5649.121191] /dev/input/event1: 0003 0036 000009aa
[    5649.121191] /dev/input/event1: 0000 0000 00000000
[    5649.198633] /dev/input/event1: 0003 003a 00000000
[    5649.198633] /dev/input/event1: 0003 0039 ffffffff
[    5649.198633] /dev/input/event1: 0000 0000 00000000
[    5650.762620] /dev/input/event1: 0003 0039 00000000
[    5650.762620] /dev/input/event1: 0003 0030 0000017b
[    5650.762620] /dev/input/event1: 0003 003a 00000081
[    5650.762620] /dev/input/event1: 0003 0035 00003758
[    5650.762620] /dev/input/event1: 0003 0036 00003c88
[    5650.762620] /dev/input/event1: 0000 0000 00000000
[    5650.851701] /dev/input/event1: 0003 003a 00000000
[    5650.851701] /dev/input/event1: 0003 0039 ffffffff
[    5650.851701] /dev/input/event1: 0000 0000 00000000
[    5652.532953] /dev/input/event1: 0003 0039 00000000
[    5652.532953] /dev/input/event1: 0003 0030 0000017c
[    5652.532953] /dev/input/event1: 0003 003a 00000081
[    5652.532953] /dev/input/event1: 0003 0035 00000b9d
[    5652.532953] /dev/input/event1: 0003 0036 000070a9
[    5652.532953] /dev/input/event1: 0000 0000 00000000
[    5652.595372] /dev/input/event1: 0003 003a 00000000
[    5652.595372] /dev/input/event1: 0003 0039 ffffffff
[    5652.595372] /dev/input/event1: 0000 0000 00000000
[    5654.509457] /dev/input/event1: 0003 0039 00000000
[    5654.509457] /dev/input/event1: 0003 0030 0000017d
[    5654.509457] /dev/input/event1: 0003 003a 00000081
[    5654.509457] /dev/input/event1: 0003 0035 000012b9
[    5654.509457] /dev/input/event1: 0003 0036 00005143
[    5654.509457] /dev/input/event1: 0000 0000 00000000
[    5654.608892] /dev/input/event1: 0003 003a 00000000
[    5654.608892] /dev/input/event1: 0003 0039 ffffffff
[    5654.608892] /dev/input/event1: 0000 0000 00000000
[    5656.118101] /dev/input/event1: 0003 0039 00000000
[    5656.118101] /dev/input/event1: 0003 0030 0000017e
[    5656.118101] /dev/input/event1: 0003 003a 00000081
[    5656.118101] /dev/input/event1: 0003 0035 000069d5
[    5656.118101] /dev/input/event1: 0003 0036 00002c88
[    5656.118101] /dev/input/event1: 0000 0000 00000000
[    5656.207419] /dev/input/event1: 0003 003a 00000000
[    5656.207419] /dev/input/event1: 0003 0039 ffffffff
[    5656.207419] /dev/input/event1: 0000 0000 00000000
[    5657.490832] /dev/input/event1: 0003 0039 00000000
[    5657.490832] /dev/input/event1: 0003 0030 0000017f
[    5657.490832] /dev/input/event1: 0003 003a 00000081
[    5657.490832] /dev/input/event1: 0003 0035 00007aa9
[    5657.490832] /dev/input/event1: 0003 0036 00000966
[    5657.490832] /dev/input/event1: 0000 0000 00000000
[    5657.591321] /dev/input/event1: 0003 003a 00000000
[    5657.591321] /dev/input/event1: 0003 0039 ffffffff
[    5657.591321] /dev/input/event1: 0000 0000 00000000
[    5659.302756] /dev/input/event1: 0003 0039 00000000
[    5659.302756] /dev/input/event1: 0003 0030 00000180
[    5659.302756] /dev/input/event1: 0003 003a 00000081
[    5659.302756] /dev/input/event1: 0003 0035 0000580e
[    5659.302756] /dev/input/event1: 0003 0036 000009cc
[    5659.302756] /dev/input/event1: 0000 0000 00000000
[    5659.390458] /dev/input/event1: 0003 003a 00000000
[    5659.390458] /dev/input/event1: 0003 0039 ffffffff
[    5659.390458] /dev/input/event1: 0000 0000 00000000
[    5661.619077] /dev/input/event1: 0003 0039 00000000
[    5661.619077] /dev/input/event1: 0003 0030 00000181
[    5661.619077] /dev/input/event1: 0003 003a 00000081
[    5661.619077] /dev/input/event1: 0003 0035 00005c71
[    5661.619077] /dev/input/event1: 0003 0036 00003daa
[    5661.619077] /dev/input/event1: 0000 0000 00000000
[    5661.708654] /dev/input/event1: 0003 003a 00000000
[    5661.708654] /dev/input/event1: 0003 0039 ffffffff
[    5661.708654] /dev/input/event1: 0000 0000 00000000
[    5663.452218] /dev/input/event1: 0003 0039 00000000
[    5663.452218] /dev/input/event1: 0003 0030 00000182
[    5663.452218] /dev/input/event1: 0003 003a 00000081
[    5663.452218] /dev/input/event1: 0003 0035 00000684
[    5663.452218] /dev/input/event1: 0003 0036 00007143
[    5663.452218] /dev/input/event1: 0000 0000 00000000
[    5663.518843] /dev/input/event1: 0003 003a 00000000
[    5663.518843] /dev/input/event1: 0003 0039 ffffffff
[    5663.518843] /dev/input/event1: 0000 0000 00000000
[    5664.599158] /dev/input/event1: 0003 0039 00000000
[    5664.599158] /dev/input/event1: 0003 0030 00000183
[    5664.599158] /dev/input/event1: 0003 003a 00000081
[    5664.599158] /dev/input/event1: 0003 0035 00001eb2
[    5664.599158] /dev/input/event1: 0003 0036 00005121
[    5664.599158] /dev/input/event1: 0000 0000 00000000
[    5664.700229] /dev/input/event1: 0003 003a 00000000
[    5664.700229] /dev/input/event1: 0003 0039 ffffffff
[    5664.700229] /dev/input/event1: 0000 0000 00000000
[    5665.995325] /dev/input/event1: 0003 0039 00000000
[    5665.995325] /dev/input/event1: 0003 0030 00000184
[    5665.995325] /dev/input/event1: 0003 003a 00000081
[    5665.995325] /dev/input/event1: 0003 0035 0000684b
[    5665.995325] /dev/input/event1: 0003 0036 00002baa
[    5665.995325] /dev/input/event1: 0000 0000 00000000
[    5666.085640] /dev/input/event1: 0003 003a 00000000
[    5666.085640] /dev/input/event1: 0003 0039 ffffffff
[    5666.085640] /dev/input/event1: 0000 0000 00000000
[    5684.669710] /dev/input/event1: 0003 0039 00000000
[    5684.669710] /dev/input/event1: 0003 0030 00000185
[    5684.669710] /dev/input/event1: 0003 003a 00000081
[    5684.669710] /dev/input/event1: 0003 0035 00005b9c
[    5684.669710] /dev/input/event1: 0003 0036 00001688
[    5684.669710] /dev/input/event1: 0000 0000 00000000
[    5684.747717] /dev/input/event1: 0003 003a 00000000
[    5684.747717] /dev/input/event1: 0003 0039 ffffffff
[    5684.747717] /dev/input/event1: 0000 0000 00000000
[    5697.832175] /dev/input/event1: 0003 0039 00000000
[    5697.832175] /dev/input/event1: 0003 0030 00000186
[    5697.832175] /dev/input/event1: 0003 003a 00000081
[    5697.832175] /dev/input/event1: 0003 0035 000064f9
[    5697.832175] /dev/input/event1: 0003 0036 000010ff
[    5697.832175] /dev/input/event1: 0000 0000 00000000
[    5697.922359] /dev/input/event1: 0003 003a 00000000
[    5697.922359] /dev/input/event1: 0003 0039 ffffffff
[    5697.922359] /dev/input/event1: 0000 0000 00000000