add device 1: /dev/input/event0
  name:     "Power Button"
add device 2: /dev/input/event1
  name:     "qwerty2"
[    2774.397807] /dev/input/event1: 0003 0039 00000000
[    2774.397807] /dev/input/event1: 0003 0030 000000e3
[    2774.397807] /dev/input/event1: 0003 003a 00000081
[    2774.397807] /dev/input/event1: 0003 0035 00006a4e
[    2774.397807] /dev/input/event1: 0003 0036 00007021
[    2774.397807] /dev/input/event1: 0000 0000 00000000
[    2774.452355] /dev/input/event1: 0003 003a 00000000
[    2774.452355] /dev/input/event1: 0003 0039 ffffffff
[    2774.452355] /dev/input/event1: 0000 0000 00000000
[    2776.804565] /dev/input/event1: 0003 0039 00000000
[    2776.804565] /dev/input/event1: 0003 0030 000000e4
[    2776.804565] /dev/input/event1: 0003 003a 00000081
[    2776.804565] /dev/input/event1: 0003 0035 00007998
[    2776.804565] /dev/input/event1: 0003 0036 000008aa
[    2776.804565] /dev/input/event1: 0000 0000 00000000
[    2776.894308] /dev/input/event1: 0003 003a 00000000
[    2776.894308] /dev/input/event1: 0003 0039 ffffffff
[    2776.894308] /dev/input/event1: 0000 0000 00000000
[    2778.323411] /dev/input/event1: 0003 0039 00000000
[    2778.323411] /dev/input/event1: 0003 0030 000000e5
[    2778.323411] /dev/input/event1: 0003 003a 00000081
[    2778.323411] /dev/input/event1: 0003 0035 0000595c
[    2778.323411] /dev/input/event1: 0003 0036 00000a22
[    2778.323411] /dev/input/event1: 0000 0000 00000000
[    2778.402254] /dev/input/event1: 0003 003a 00000000
[    2778.402254] /dev/input/event1: 0003 0039 ffffffff
[    2778.402254] /dev/input/event1: 0000 0000 00000000
[    2780.100242] /dev/input/event1: 0003 0039 00000000
[    2780.100242] /dev/input/event1: 0003 0030 000000e6
[    2780.100242] /dev/input/event1: 0003 003a 00000081
[    2780.100242] /dev/input/event1: 0003 0035 000044f9
[    2780.100242] /dev/input/event1: 0003 0036 00003d43
[    2780.100242] /dev/input/event1: 0000 0000 00000000
[    2780.178581] /dev/input/event1: 0003 003a 00000000
[    2780.178581] /dev/input/event1: 0003 0039 ffffffff
[    2780.178581] /dev/input/event1: 0000 0000 00000000
[    2782.970161] /dev/input/event1: 0003 0039 00000000
[    2782.970161] /dev/input/event1: 0003 0030 000000e7
[    2782.970161] /dev/input/event1: 0003 003a 00000081
[    2782.970161] /dev/input/event1: 0003 0035 000009d6
[    2782.970161] /dev/input/event1: 0003 0036 000065ff
[    2782.970161] /dev/input/event1: 0000 0000 00000000
[    2783.035837] /dev/input/event1: 0003 003a 00000000
[    2783.035837] /dev/input/event1: 0003 0039 ffffffff
[    2783.035837] /dev/input/event1: 0000 0000 00000000
[    2783.825226] /dev/input/event1: 0003 0039 00000000
[    2783.825226] /dev/input/event1: 0003 0030 000000e8
[    2783.825226] /dev/input/event1: 0003 003a 00000081
[    2783.825226] /dev/input/event1: 0003 0035 00002bd9
[    2783.825226] /dev/input/event1: 0003 0036 00005187
[    2783.825226] /dev/input/event1: 0000 0000 00000000
[    2783.913481] /dev/input/event1: 0003 003a 00000000
[    2783.913481] /dev/input/event1: 0003 0039 ffffffff
[    2783.913481] /dev/input/event1: 0000 0000 00000000
[    2784.499482] /dev/input/event1: 0003 0039 00000000
[    2784.499482] /dev/input/event1: 0003 0030 000000e9
[    2784.499482] /dev/input/event1: 0003 003a 00000081
[    2784.499482] /dev/input/event1: 0003 0035 000020f2
[    2784.499482] /dev/input/event1: 0003 0036 000051cc
[    2784.499482] /dev/input/event1: 0000 0000 00000000
[    2784.577509] /dev/input/event1: 0003 003a 00000000
[    2784.577509] /dev/input/event1: 0003 0039 ffffffff
[    2784.577509] /dev/input/event1: 0000 0000 00000000
[    2785.646627] /dev/input/event1: 0003 0039 00000000
[    2785.646627] /dev/input/event1: 0003 0030 000000ea
[    2785.646627] /dev/input/event1: 0003 003a 00000081
[    2785.646627] /dev/input/event1: 0003 0035 00000e38
[    2785.646627] /dev/input/event1: 0003 0036 00005b87
[    2785.646627] /dev/input/event1: 0000 0000 00000000
[    2785.724756] /dev/input/event1: 0003 003a 00000000
[    2785.724756] /dev/input/event1: 0003 0039 ffffffff
[    2785.724756] /dev/input/event1: 0000 0000 00000000
[    2786.480390] /dev/input/event1: 0003 0039 00000000
[    2786.480390] /dev/input/event1: 0003 0030 000000eb
[    2786.480390] /dev/input/event1: 0003 003a 00000081
[    2786.480390] /dev/input/event1: 0003 0035 00002758
[    2786.480390] /dev/input/event1: 0000 0000 00000000
[    2786.557155] /dev/input/event1: 0003 003a 00000000
[    2786.557155] /dev/input/event1: 0003 0039 ffffffff
[    2786.557155] /dev/input/event1: 0000 0000 00000000
[    2787.334806] /dev/input/event1: 0003 0039 00000000
[    2787.334806] /dev/input/event1: 0003 0030 000000ec
[    2787.334806] /dev/input/event1: 0003 003a 00000081
[    2787.334806] /dev/input/event1: 0003 0035 00003fff
[    2787.334806] /dev/input/event1: 0003 0036 000071cb
[    2787.334806] /dev/input/event1: 0000 0000 00000000
[    2787.412013] /dev/input/event1: 0003 003a 00000000
[    2787.412013] /dev/input/event1: 0003 0039 ffffffff
[    2787.412013] /dev/input/event1: 0000 0000 00000000
[    2788.898818] /dev/input/event1: 0003 0039 00000000
[    2788.898818] /dev/input/event1: 0003 0030 000000ed
[    2788.898818] /dev/input/event1: 0003 003a 00000081
[    2788.898818] /dev/input/event1: 0003 0035 00000d27
[    2788.898818] /dev/input/event1: 0003 0036 00005c87
[    2788.898818] /dev/input/event1: 0000 0000 00000000
[    2789.009875] /dev/input/event1: 0003 003a 00000000
[    2789.009875] /dev/input/event1: 0003 0039 ffffffff
[    2789.009875] /dev/input/event1: 0000 0000 00000000
[    2790.102071] /dev/input/event1: 0003 0039 00000000
[    2790.102071] /dev/input/event1: 0003 0030 000000ee
[    2790.102071] /dev/input/event1: 0003 003a 00000081
[    2790.102071] /dev/input/event1: 0003 0035 00004bd9
[    2790.102071] /dev/input/event1: 0003 0036 00006665
[    2790.102071] /dev/input/event1: 0000 0000 00000000
[    2790.179488] /dev/input/event1: 0003 003a 00000000
[    2790.179488] /dev/input/event1: 0003 0039 ffffffff
[    2790.179488] /dev/input/event1: 0000 0000 00000000
[    2791.014036] /dev/input/event1: 0003 0039 00000000
[    2791.014036] /dev/input/event1: 0003 0030 000000ef
[    2791.014036] /dev/input/event1: 0003 003a 00000081
[    2791.014036] /dev/input/event1: 0003 0035 00006c70
[    2791.014036] /dev/input/event1: 0003 0036 00005165
[    2791.014036] /dev/input/event1: 0000 0000 00000000
[    2791.091116] /dev/input/event1: 0003 003a 00000000
[    2791.091116] /dev/input/event1: 0003 0039 ffffffff
[    2791.091116] /dev/input/event1: 0000 0000 00000000
[    2791.869289] /dev/input/event1: 0003 0039 00000000
[    2791.869289] /dev/input/event1: 0003 0030 000000f0
[    2791.869289] /dev/input/event1: 0003 003a 00000081
[    2791.869289] /dev/input/event1: 0003 0035 00005406
[    2791.869289] /dev/input/event1: 0003 0036 00005143
[    2791.869289] /dev/input/event1: 0000 0000 00000000
[    2791.945713] /dev/input/event1: 0003 003a 00000000
[    2791.945713] /dev/input/event1: 0003 0039 ffffffff
[    2791.945713] /dev/input/event1: 0000 0000 00000000
[    2792.837167] /dev/input/event1: 0003 0039 00000000
[    2792.837167] /dev/input/event1: 0003 0030 000000f1
[    2792.837167] /dev/input/event1: 0003 003a 00000081
[    2792.837167] /dev/input/event1: 0003 0035 000039d5
[    2792.837167] /dev/input/event1: 0003 0036 00005087
[    2792.837167] /dev/input/event1: 0000 0000 00000000
[    2792.924399] /dev/input/event1: 0003 003a 00000000
[    2792.924399] /dev/input/event1: 0003 0039 ffffffff
[    2792.924399] /dev/input/event1: 0000 0000 00000000
[    2793.791807] /dev/input/event1: 0003 0039 00000000
[    2793.791807] /dev/input/event1: 0003 0030 000000f2
[    2793.791807] /dev/input/event1: 0003 003a 00000081
[    2793.791807] /dev/input/event1: 0003 0035 00004b9c
[    2793.791807] /dev/input/event1: 0003 0036 000071ff
[    2793.791807] /dev/input/event1: 0000 0000 00000000
[    2793.869309] /dev/input/event1: 0003 003a 00000000
[    2793.869309] /dev/input/event1: 0003 0039 ffffffff
[    2793.869309] /dev/input/event1: 0000 0000 00000000
[    2794.737670] /dev/input/event1: 0003 0039 00000000
[    2794.737670] /dev/input/event1: 0003 0030 000000f3
[    2794.737670] /dev/input/event1: 0003 003a 00000081
[    2794.737670] /dev/input/event1: 0003 0035 0000591f
[    2794.737670] /dev/input/event1: 0003 0036 000066cb
[    2794.737670] /dev/input/event1: 0000 0000 00000000
[    2794.814380] /dev/input/event1: 0003 003a 00000000
[    2794.814380] /dev/input/event1: 0003 0039 ffffffff
[    2794.814380] /dev/input/event1: 0000 0000 00000000
[    2795.727938] /dev/input/event1: 0003 0039 00000000
[    2795.727938] /dev/input/event1: 0003 0030 000000f4
[    2795.727938] /dev/input/event1: 0003 003a 00000081
[    2795.727938] /dev/input/event1: 0003 0035 0000403c
[    2795.727938] /dev/input/event1: 0003 0036 00006721
[    2795.727938] /dev/input/event1: 0000 0000 00000000
[    2795.793000] /dev/input/event1: 0003 003a 00000000
[    2795.793000] /dev/input/event1: 0003 0039 ffffffff
[    2795.793000] /dev/input/event1: 0000 0000 00000000
[    2796.875065] /dev/input/event1: 0003 0039 00000000
[    2796.875065] /dev/input/event1: 0003 0030 000000f5
[    2796.875065] /dev/input/event1: 0003 003a 00000081
[    2796.875065] /dev/input/event1: 0003 0035 00005eee
[    2796.875065] /dev/input/event1: 0003 0036 000051aa
[    2796.875065] /dev/input/event1: 0000 0000 00000000
[    2796.951929] /dev/input/event1: 0003 003a 00000000
[    2796.951929] /dev/input/event1: 0003 0039 ffffffff
[    2796.951929] /dev/input/event1: 0000 0000 00000000
[    2798.168887] /dev/input/event1: 0003 0039 00000000
[    2798.168887] /dev/input/event1: 0003 0030 000000f6
[    2798.168887] /dev/input/event1: 0003 003a 00000081
[    2798.168887] /dev/input/event1: 0003 0035 00002758
[    2798.168887] /dev/input/event1: 0003 0036 00005b87
[    2798.168887] /dev/input/event1: 0000 0000 00000000
[    2798.234138] /dev/input/event1: 0003 003a 00000000
[    2798.234138] /dev/input/event1: 0003 0039 ffffffff
[    2798.234138] /dev/input/event1: 0000 0000 00000000
[    2799.372146] /dev/input/event1: 0003 0039 00000000
[    2799.372146] /dev/input/event1: 0003 0030 000000f7
[    2799.372146] /dev/input/event1: 0003 003a 00000081
[    2799.372146] /dev/input/event1: 0003 0035 00005f2a
[    2799.372146] /dev/input/event1: 0003 0036 00005043
[    2799.372146] /dev/input/event1: 0000 0000 00000000
[    2799.437855] /dev/input/event1: 0003 003a 00000000
[    2799.437855] /dev/input/event1: 0003 0039 ffffffff
[    2799.437855] /dev/input/event1: 0000 0000 00000000
[    2800.575121] /dev/input/event1: 0003 0039 00000000
[    2800.575121] /dev/input/event1: 0003 0030 000000f8
[    2800.575121] /dev/input/event1: 0003 003a 00000081
[    2800.575121] /dev/input/event1: 0003 0035 00000da1
[    2800.575121] /dev/input/event1: 0003 0036 00005bff
[    2800.575121] /dev/input/event1: 0000 0000 00000000
[    2800.652840] /dev/input/event1: 0003 003a 00000000
[    2800.652840] /dev/input/event1: 0003 0039 ffffffff
[    2800.652840] /dev/input/event1: 0000 0000 00000000
[    2801.510336] /dev/input/event1: 0003 0039 00000000
[    2801.510336] /dev/input/event1: 0003 0030 000000f9
[    2801.510336] /dev/input/event1: 0003 003a 00000081
[    2801.510336] /dev/input/event1: 0003 0035 00003da0
[    2801.510336] /dev/input/event1: 0003 0036 00007121
[    2801.510336] /dev/input/event1: 0000 0000 00000000
[    2801.587718] /dev/input/event1: 0003 003a 00000000
[    2801.587718] /dev/input/event1: 0003 0039 ffffffff
[    2801.587718] /dev/input/event1: 0000 0000 00000000
[    2802.364676] /dev/input/event1: 0003 0039 00000000
[    2802.364676] /dev/input/event1: 0003 0030 000000fa
[    2802.364676] /dev/input/event1: 0003 003a 00000081
[    2802.364676] /dev/input/event1: 0003 0035 00001a12
[    2802.364676] /dev/input/event1: 0003 0036 00005c87
[    2802.364676] /dev/input/event1: 0000 0000 00000000
[    2802.441634] /dev/input/event1: 0003 003a 00000000
[    2802.441634] /dev/input/event1: 0003 0039 ffffffff
[    2802.441634] /dev/input/event1: 0000 0000 00000000
[    2803.771277] /dev/input/event1: 0003 0039 00000000
[    2803.771277] /dev/input/event1: 0003 0030 000000fb
[    2803.771277] /dev/input/event1: 0003 003a 00000081
[    2803.771277] /dev/input/event1: 0003 0035 00003aaa
[    2803.771277] /dev/input/event1: 0003 0036 00005143
[    2803.771277] /dev/input/event1: 0000 0000 00000000
[    2803.814224] /dev/input/event1: 0003 003a 00000000
[    2803.814224] /dev/input/event1: 0003 0039 ffffffff
[    2803.814224] /dev/input/event1: 0000 0000 00000000
[    2805.008106] /dev/input/event1: 0003 0039 00000000
[    2805.008106] /dev/input/event1: 0003 0030 000000fc
[    2805.008106] /dev/input/event1: 0003 003a 00000081
[    2805.008106] /dev/input/event1: 0003 0035 00006eb1
[    2805.008106] /dev/input/event1: 0000 0000 00000000
[    2805.074063] /dev/input/event1: 0003 003a 00000000
[    2805.074063] /dev/input/event1: 0003 0039 ffffffff
[    2805.074063] /dev/input/event1: 0000 0000 00000000
[    2806.054734] /dev/input/event1: 0003 0039 00000000
[    2806.054734] /dev/input/event1: 0003 0030 000000fd
[    2806.054734] /dev/input/event1: 0003 003a 00000081
[    2806.054734] /dev/input/event1: 0003 0035 00003332
[    2806.054734] /dev/input/event1: 0003 0036 00006665
[    2806.054734] /dev/input/event1: 0000 0000 00000000
[    2806.120295] /dev/input/event1: 0003 003a 00000000
[    2806.120295] /dev/input/event1: 0003 0039 ffffffff
[    2806.120295] /dev/input/event1: 0000 0000 00000000
[    2807.078512] /dev/input/event1: 0003 0039 00000000
[    2807.078512] /dev/input/event1: 0003 0030 000000fe
[    2807.078512] /dev/input/event1: 0003 003a 00000081
[    2807.078512] /dev/input/event1: 0003 0035 00006647
[    2807.078512] /dev/input/event1: 0003 0036 00005b43
[    2807.078512] /dev/input/event1: 0000 0000 00000000
[    2807.155155] /dev/input/event1: 0003 003a 00000000
[    2807.155155] /dev/input/event1: 0003 0039 ffffffff
[    2807.155155] /dev/input/event1: 0000 0000 00000000
[    2808.102771] /dev/input/event1: 0003 0039 00000000
[    2808.102771] /dev/input/event1: 0003 0030 000000ff
[    2808.102771] /dev/input/event1: 0003 003a 00000081
[    2808.102771] /dev/input/event1: 0003 0035 00004e38
[    2808.102771] /dev/input/event1: 0003 0036 000070cb
[    2808.102771] /dev/input/event1: 0000 0000 00000000
[    2808.178849] /dev/input/event1: 0003 003a 00000000
[    2808.178849] /dev/input/event1: 0003 0039 ffffffff
[    2808.178849] /dev/input/event1: 0000 0000 00000000
[    2809.081257] /dev/input/event1: 0003 0039 00000000
[    2809.081257] /dev/input/event1: 0003 0030 00000100
[    2809.081257] /dev/input/event1: 0003 003a 00000081
[    2809.081257] /dev/input/event1: 0003 0035 00001999
[    2809.081257] /dev/input/event1: 0003 0036 00005c65
[    2809.081257] /dev/input/event1: 0000 0000 00000000
[    2809.146511] /dev/input/event1: 0003 003a 00000000
[    2809.146511] /dev/input/event1: 0003 0039 ffffffff
[    2809.146511] /dev/input/event1: 0000 0000 00000000
[    2810.689291] /dev/input/event1: 0003 0039 00000000
[    2810.689291] /dev/input/event1: 0003 0030 00000101
[    2810.689291] /dev/input/event1: 0003 003a 00000081
[    2810.689291] /dev/input/event1: 0003 0035 00007887
[    2810.689291] /dev/input/event1: 0003 0036 00005121
[    2810.689291] /dev/input/event1: 0000 0000 00000000
[    2810.743807] /dev/input/event1: 0003 003a 00000000
[    2810.743807] /dev/input/event1: 0003 0039 ffffffff
[    2810.743807] /dev/input/event1: 0000 0000 00000000
[    2811.510739] /dev/input/event1: 0003 0039 00000000
[    2811.510739] /dev/input/event1: 0003 0030 00000102
[    2811.510739] /dev/input/event1: 0003 003a 00000081
[    2811.510739] /dev/input/event1: 0003 0035 00007480
[    2811.510739] /dev/input/event1: 0003 0036 00005b65
[    2811.510739] /dev/input/event1: 0000 0000 00000000
[    2811.587589] /dev/input/event1: 0003 003a 00000000
[    2811.587589] /dev/input/event1: 0003 0039 ffffffff
[    2811.587589] /dev/input/event1: 0000 0000 00000000
[    2812.645517] /dev/input/event1: 0003 0039 00000000
[    2812.645517] /dev/input/event1: 0003 0030 00000103
[    2812.645517] /dev/input/event1: 0003 003a 00000081
[    2812.645517] /dev/input/event1: 0003 0035 000060b5
[    2812.645517] /dev/input/event1: 0003 0036 00005121
[    2812.645517] /dev/input/event1: 0000 0000 00000000
[    2812.690139] /dev/input/event1: 0003 003a 00000000
[    2812.690139] /dev/input/event1: 0003 0039 ffffffff
[    2812.690139] /dev/input/event1: 0000 0000 00000000
[    2813.885148] /dev/input/event1: 0003 0039 00000000
[    2813.885148] /dev/input/event1: 0003 0030 00000104
[    2813.885148] /dev/input/event1: 0003 003a 00000081
[    2813.885148] /dev/input/event1: 0003 0035 00003aaa
[    2813.885148] /dev/input/event1: 0003 0036 000050cc
[    2813.885148] /dev/input/event1: 0000 0000 00000000
[    2813.961302] /dev/input/event1: 0003 003a 00000000
[    2813.961302] /dev/input/event1: 0003 0039 ffffffff
[    2813.961302] /dev/input/event1: 0000 0000 00000000
[    2818.147956] /dev/input/event1: 0003 0039 00000000
[    2818.147956] /dev/input/event1: 0003 0030 00000105
[    2818.147956] /dev/input/event1: 0003 003a 00000081
[    2818.147956] /dev/input/event1: 0003 0035 00006bd9
[    2818.147956] /dev/input/event1: 0003 0036 00002caa
[    2818.147956] /dev/input/event1: 0000 0000 00000000
[    2818.237128] /dev/input/event1: 0003 003a 00000000
[    2818.237128] /dev/input/event1: 0003 0039 ffffffff
[    2818.237128] /dev/input/event1: 0000 0000 00000000