add device 1: /dev/input/event0
  name:     "Power Button"
add device 2: /dev/input/event1
  name:     "qwerty2"
[    4958.890779] /dev/input/event1: 0003 0039 00000000
[    4958.890779] /dev/input/event1: 0003 0030 00000149
[    4958.890779] /dev/input/event1: 0003 003a 00000081
[    4958.890779] /dev/input/event1: 0003 0035 0000695c
[    4958.890779] /dev/input/event1: 0003 0036 00006fff
[    4958.890779] /dev/input/event1: 0000 0000 00000000
[    4958.981325] /dev/input/event1: 0003 003a 00000000
[    4958.981325] /dev/input/event1: 0003 0039 ffffffff
[    4958.981325] /dev/input/event1: 0000 0000 00000000
[    4960.385513] /dev/input/event1: 0003 0039 00000000
[    4960.385513] /dev/input/event1: 0003 0030 0000014a
[    4960.385513] /dev/input/event1: 0003 003a 00000081
[    4960.385513] /dev/input/event1: 0003 0035 000078e2
[    4960.385513] /dev/input/event1: 0003 0036 00000966
[    4960.385513] /dev/input/event1: 0000 0000 00000000
[    4960.463944] /dev/input/event1: 0003 003a 00000000
[    4960.463944] /dev/input/event1: 0003 0039 ffffffff
[    4960.463944] /dev/input/event1: 0000 0000 00000000
[    4962.051488] /dev/input/event1: 0003 0039 00000000
[    4962.051488] /dev/input/event1: 0003 0030 0000014b
[    4962.051488] /dev/input/event1: 0003 003a 00000081
[    4962.051488] /dev/input/event1: 0003 0035 0000571b
[    4962.051488] /dev/input/event1: 0003 0036 000009ff
[    4962.051488] /dev/input/event1: 0000 0000 00000000
[    4962.118318] /dev/input/event1: 0003 003a 00000000
[    4962.118318] /dev/input/event1: 0003 0039 ffffffff
[    4962.118318] /dev/input/event1: 0000 0000 00000000
[    4967.181749] /dev/input/event1: 0003 0039 00000000
[    4967.181749] /dev/input/event1: 0003 0030 0000014c
[    4967.181749] /dev/input/event1: 0003 003a 00000081
[    4967.181749] /dev/input/event1: 0003 0035 0000484b
[    4967.181749] /dev/input/event1: 0003 0036 00003d43
[    4967.181749] /dev/input/event1: 0000 0000 00000000
[    4967.247502] /dev/input/event1: 0003 003a 00000000
[    4967.247502] /dev/input/event1: 0003 0039 ffffffff
[    4967.247502] /dev/input/event1: 0000 0000 00000000
[    4968.959586] /dev/input/event1: 0003 0039 00000000
[    4968.959586] /dev/input/event1: 0003 0030 0000014d
[    4968.959586] /dev/input/event1: 0003 003a 00000081
[    4968.959586] /dev/input/event1: 0003 0035 0000791f
[    4968.959586] /dev/input/event1: 0003 0036 00005165
[    4968.959586] /dev/input/event1: 0000 0000 00000000
[    4969.024895] /dev/input/event1: 0003 003a 00000000
[    4969.024895] /dev/input/event1: 0003 0039 ffffffff
[    4969.024895] /dev/input/event1: 0000 0000 00000000
[    4971.106528] /dev/input/event1: 0003 0039 00000000
[    4971.106528] /dev/input/event1: 0003 0030 0000014e
[    4971.106528] /dev/input/event1: 0003 003a 00000081
[    4971.106528] /dev/input/event1: 0003 0035 00005fff
[    4971.106528] /dev/input/event1: 0003 0036 00005143
[    4971.106528] /dev/input/event1: 0000 0000 00000000
[    4971.185153] /dev/input/event1: 0003 003a 00000000
[    4971.185153] /dev/input/event1: 0003 0039 ffffffff
[    4971.185153] /dev/input/event1: 0000 0000 00000000
[    4972.592768] /dev/input/event1: 0003 0039 00000000
[    4972.592768] /dev/input/event1: 0003 0030 0000014f
[    4972.592768] /dev/input/event1: 0003 003a 00000081
[    4972.592768] /dev/input/event1: 0003 0035 0000338d
[    4972.592768] /dev/input/event1: 0003 0036 00006665
[    4972.592768] /dev/input/event1: 0000 0000 00000000
[    4972.658677] /dev/input/event1: 0003 003a 00000000
[    4972.658677] /dev/input/event1: 0003 0039 ffffffff
[    4972.658677] /dev/input/event1: 0000 0000 00000000
[    4973.717376] /dev/input/event1: 0003 0039 00000000
[    4973.717376] /dev/input/event1: 0003 0030 00000150
[    4973.717376] /dev/input/event1: 0003 003a 00000081
[    4973.717376] /dev/input/event1: 0003 0035 00006554
[    4973.717376] /dev/input/event1: 0003 0036 00005b65
[    4973.717376] /dev/input/event1: 0000 0000 00000000
[    4973.783605] /dev/input/event1: 0003 003a 00000000
[    4973.783605] /dev/input/event1: 0003 0039 ffffffff
[    4973.783605] /dev/input/event1: 0000 0000 00000000
[    4974.516430] /dev/input/event1: 0003 0039 00000000
[    4974.516430] /dev/input/event1: 0003 0030 00000151
[    4974.516430] /dev/input/event1: 0003 003a 00000081
[    4974.516430] /dev/input/event1: 0003 0035 00005480
[    4974.516430] /dev/input/event1: 0003 0036 00005165
[    4974.516430] /dev/input/event1: 0000 0000 00000000
[    4974.593740] /dev/input/event1: 0003 003a 00000000
[    4974.593740] /dev/input/event1: 0003 0039 ffffffff
[    4974.593740] /dev/input/event1: 0000 0000 00000000
[    4975.349417] /dev/input/event1: 0003 0039 00000000
[    4975.349417] /dev/input/event1: 0003 0030 00000152
[    4975.349417] /dev/input/event1: 0003 003a 00000081
[    4975.349417] /dev/input/event1: 0003 0035 00007a12
[    4975.349417] /dev/input/event1: 0003 0036 00005121
[    4975.349417] /dev/input/event1: 0000 0000 00000000
[    4975.426253] /dev/input/event1: 0003 003a 00000000
[    4975.426253] /dev/input/event1: 0003 0039 ffffffff
[    4975.426253] /dev/input/event1: 0000 0000 00000000
[    4977.295200] /dev/input/event1: 0003 0039 00000000
[    4977.295200] /dev/input/event1: 0003 0030 00000153
[    4977.295200] /dev/input/event1: 0003 003a 00000081
[    4977.295200] /dev/input/event1: 0003 0035 00003e75
[    4977.295200] /dev/input/event1: 0003 0036 000070a9
[    4977.295200] /dev/input/event1: 0000 0000 00000000
[    4977.374125] /dev/input/event1: 0003 003a 00000000
[    4977.374125] /dev/input/event1: 0003 0039 ffffffff
[    4977.374125] /dev/input/event1: 0000 0000 00000000
[    4978.532508] /dev/input/event1: 0003 0039 00000000
[    4978.532508] /dev/input/event1: 0003 0030 00000154
[    4978.532508] /dev/input/event1: 0003 003a 00000081
[    4978.532508] /dev/input/event1: 0003 0035 00007998
[    4978.532508] /dev/input/event1: 0003 0036 000051ff
[    4978.532508] /dev/input/event1: 0000 0000 00000000
[    4978.598375] /dev/input/event1: 0003 003a 00000000
[    4978.598375] /dev/input/event1: 0003 0039 ffffffff
[    4978.598375] /dev/input/event1: 0000 0000 00000000
[    4979.477642] /dev/input/event1: 0003 0039 00000000
[    4979.477642] /dev/input/event1: 0003 0030 00000155
[    4979.477642] /dev/input/event1: 0003 003a 00000081
[    4979.477642] /dev/input/event1: 0003 0035 00004ddd
[    4979.477642] /dev/input/event1: 0003 0036 00005b87
[    4979.477642] /dev/input/event1: 0000 0000 00000000
[    4979.543287] /dev/input/event1: 0003 003a 00000000
[    4979.543287] /dev/input/event1: 0003 0039 ffffffff
[    4979.543287] /dev/input/event1: 0000 0000 00000000
[    4980.356058] /dev/input/event1: 0003 0039 00000000
[    4980.356058] /dev/input/event1: 0003 0030 00000156
[    4980.356058] /dev/input/event1: 0003 003a 00000081
[    4980.356058] /dev/input/event1: 0003 0035 00006b5f
[    4980.356058] /dev/input/event1: 0003 0036 00005121
[    4980.356058] /dev/input/event1: 0000 0000 00000000
[    4980.409673] /dev/input/event1: 0003 003a 00000000
[    4980.409673] /dev/input/event1: 0003 0039 ffffffff
[    4980.409673] /dev/input/event1: 0000 0000 00000000
[    4981.761701] /dev/input/event1: 0003 0039 00000000
[    4981.761701] /dev/input/event1: 0003 0030 00000157
[    4981.761701] /dev/input/event1: 0003 003a 00000081
[    4981.761701] /dev/input/event1: 0003 0035 00005887
[    4981.761701] /dev/input/event1: 0003 0036 000065cc
[    4981.761701] /dev/input/event1: 0000 0000 00000000
[    4981.827104] /dev/input/event1: 0003 003a 00000000
[    4981.827104] /dev/input/event1: 0003 0039 ffffffff
[    4981.827104] /dev/input/event1: 0000 0000 00000000
[    4983.437404] /dev/input/event1: 0003 0039 00000000
[    4983.437404] /dev/input/event1: 0003 0030 00000158
[    4983.437404] /dev/input/event1: 0003 003a 00000081
[    4983.437404] /dev/input/event1: 0003 0035 0000216b
[    4983.437404] /dev/input/event1: 0003 0036 00005165
[    4983.437404] /dev/input/event1: 0000 0000 00000000
[    4983.525884] /dev/input/event1: 0003 003a 00000000
[    4983.525884] /dev/input/event1: 0003 0039 ffffffff
[    4983.525884] /dev/input/event1: 0000 0000 00000000
[    4986.329073] /dev/input/event1: 0003 0039 00000000
[    4986.329073] /dev/input/event1: 0003 0030 00000159
[    4986.329073] /dev/input/event1: 0003 003a 00000081
[    4986.329073] /dev/input/event1: 0003 0035 00006591
[    4986.329073] /dev/input/event1: 0003 0036 00002c66
[    4986.329073] /dev/input/event1: 0000 0000 00000000
[    4986.407141] /dev/input/event1: 0003 003a 00000000
[    4986.407141] /dev/input/event1: 0003 0039 ffffffff
[    4986.407141] /dev/input/event1: 0000 0000 00000000
[    4988.532449] /dev/input/event1: 0003 0039 00000000
[    4988.532449] /dev/input/event1: 0003 0030 0000015a
[    4988.532449] /dev/input/event1: 0003 003a 00000081
[    4988.532449] /dev/input/event1: 0003 0035 00007758
[    4988.532449] /dev/input/event1: 0003 0036 000008cc
[    4988.532449] /dev/input/event1: 0000 0000 00000000
[    4988.576839] /dev/input/event1: 0003 003a 00000000
[    4988.576839] /dev/input/event1: 0003 0039 ffffffff
[    4988.576839] /dev/input/event1: 0000 0000 00000000
[    4990.198763] /dev/input/event1: 0003 0039 00000000
[    4990.198763] /dev/input/event1: 0003 0030 0000015b
[    4990.198763] /dev/input/event1: 0003 003a 00000081
[    4990.198763] /dev/input/event1: 0003 0035 00004e38
[    4990.198763] /dev/input/event1: 0003 0036 00001bcc
[    4990.198763] /dev/input/event1: 0000 0000 00000000
[    4990.287086] /dev/input/event1: 0003 003a 00000000
[    4990.287086] /dev/input/event1: 0003 0039 ffffffff
[    4990.287086] /dev/input/event1: 0000 0000 00000000
[    4994.282277] /dev/input/event1: 0003 0039 00000000
[    4994.282277] /dev/input/event1: 0003 0030 0000015c
[    4994.282277] /dev/input/event1: 0003 003a 00000081
[    4994.282277] /dev/input/event1: 0003 0035 00001eb2
[    4994.282277] /dev/input/event1: 0003 0036 00004aaa
[    4994.282277] /dev/input/event1: 0000 0000 00000000
[    4994.361684] /dev/input/event1: 0003 003a 00000000
[    4994.361684] /dev/input/event1: 0003 0039 ffffffff
[    4994.361684] /dev/input/event1: 0000 0000 00000000
[    4996.993203] /dev/input/event1: 0003 0039 00000000
[    4996.993203] /dev/input/event1: 0003 0030 0000015d
[    4996.993203] /dev/input/event1: 0003 003a 00000081
[    4996.993203] /dev/input/event1: 0003 0035 00003c71
[    4996.993203] /dev/input/event1: 0003 0036 00007443
[    4996.993203] /dev/input/event1: 0000 0000 00000000
[    4997.081869] /dev/input/event1: 0003 003a 00000000
[    4997.081869] /dev/input/event1: 0003 0039 ffffffff
[    4997.081869] /dev/input/event1: 0000 0000 00000000