add device 1: /dev/input/event0
  name:     "Power Button"
add device 2: /dev/input/event1
  name:     "qwerty2"
[   21837.667653] /dev/input/event1: 0003 0039 00000000
[   21837.667653] /dev/input/event1: 0003 0030 000000ec
[   21837.667653] /dev/input/event1: 0003 003a 00000081
[   21837.667653] /dev/input/event1: 0003 0035 00006887
[   21837.667653] /dev/input/event1: 0003 0036 00007043
[   21837.667653] /dev/input/event1: 0000 0000 00000000
[   21837.768196] /dev/input/event1: 0003 003a 00000000
[   21837.768196] /dev/input/event1: 0003 0039 ffffffff
[   21837.768196] /dev/input/event1: 0000 0000 00000000
[   21845.395990] /dev/input/event1: 0003 0039 00000000
[   21845.395990] /dev/input/event1: 0003 0030 000000ed
[   21845.395990] /dev/input/event1: 0003 003a 00000081
[   21845.395990] /dev/input/event1: 0003 0035 0000795b
[   21845.395990] /dev/input/event1: 0003 0036 000009cc
[   21845.395990] /dev/input/event1: 0000 0000 00000000
[   21845.496687] /dev/input/event1: 0003 003a 00000000
[   21845.496687] /dev/input/event1: 0003 0039 ffffffff
[   21845.496687] /dev/input/event1: 0000 0000 00000000
[   21846.654717] /dev/input/event1: 0003 0039 00000000
[   21846.654717] /dev/input/event1: 0003 0030 000000ee
[   21846.654717] /dev/input/event1: 0003 003a 00000081
[   21846.654717] /dev/input/event1: 0003 0035 00005b23
[   21846.654717] /dev/input/event1: 0003 0036 000009ff
[   21846.654717] /dev/input/event1: 0000 0000 00000000
[   21846.756250] /dev/input/event1: 0003 003a 00000000
[   21846.756250] /dev/input/event1: 0003 0039 ffffffff
[   21846.756250] /dev/input/event1: 0000 0000 00000000
[   21848.151012] /dev/input/event1: 0003 0039 00000000
[   21848.151012] /dev/input/event1: 0003 0030 000000ef
[   21848.151012] /dev/input/event1: 0003 003a 00000081
[   21848.151012] /dev/input/event1: 0003 0035 0000416b
[   21848.151012] /dev/input/event1: 0003 0036 00003daa
[   21848.151012] /dev/input/event1: 0000 0000 00000000
[   21848.252280] /dev/input/event1: 0003 003a 00000000
[   21848.252280] /dev/input/event1: 0003 0039 ffffffff
[   21848.252280] /dev/input/event1: 0000 0000 00000000
[   21849.378253] /dev/input/event1: 0003 0039 00000000
[   21849.378253] /dev/input/event1: 0003 0030 000000f0
[   21849.378253] /dev/input/event1: 0003 003a 00000081
[   21849.378253] /dev/input/event1: 0003 0035 0000380e
[   21849.378253] /dev/input/event1: 0003 0036 00004f87
[   21849.378253] /dev/input/event1: 0000 0000 00000000
[   21849.489682] /dev/input/event1: 0003 003a 00000000
[   21849.489682] /dev/input/event1: 0003 0039 ffffffff
[   21849.489682] /dev/input/event1: 0000 0000 00000000
[   21850.536741] /dev/input/event1: 0003 0039 00000000
[   21850.536741] /dev/input/event1: 0003 0030 000000f1
[   21850.536741] /dev/input/event1: 0003 003a 00000081
[   21850.536741] /dev/input/event1: 0003 0035 00000ddd
[   21850.536741] /dev/input/event1: 0003 0036 00005b43
[   21850.536741] /dev/input/event1: 0000 0000 00000000
[   21850.636988] /dev/input/event1: 0003 003a 00000000
[   21850.636988] /dev/input/event1: 0003 0039 ffffffff
[   21850.636988] /dev/input/event1: 0000 0000 00000000
[   21851.796959] /dev/input/event1: 0003 0039 00000000
[   21851.796959] /dev/input/event1: 0003 0030 000000f2
[   21851.796959] /dev/input/event1: 0003 003a 00000081
[   21851.796959] /dev/input/event1: 0003 0035 000018e3
[   21851.796959] /dev/input/event1: 0000 0000 00000000
[   21851.896021] /dev/input/event1: 0003 003a 00000000
[   21851.896021] /dev/input/event1: 0003 0039 ffffffff
[   21851.896021] /dev/input/event1: 0000 0000 00000000
[   21854.563185] /dev/input/event1: 0003 0039 00000000
[   21854.563185] /dev/input/event1: 0003 0030 000000f3
[   21854.563185] /dev/input/event1: 0003 003a 00000081
[   21854.563185] /dev/input/event1: 0003 0035 00006203
[   21854.563185] /dev/input/event1: 0003 0036 00002c43
[   21854.563185] /dev/input/event1: 0000 0000 00000000
[   21854.654056] /dev/input/event1: 0003 003a 00000000
[   21854.654056] /dev/input/event1: 0003 0039 ffffffff
[   21854.654056] /dev/input/event1: 0000 0000 00000000
[   21856.643563] /dev/input/event1: 0003 0039 00000000
[   21856.643563] /dev/input/event1: 0003 0030 000000f4
[   21856.643563] /dev/input/event1: 0003 003a 00000081
[   21856.643563] /dev/input/event1: 0003 0035 00007a12
[   21856.643563] /dev/input/event1: 0003 0036 000009ff
[   21856.643563] /dev/input/event1: 0000 0000 00000000
[   21856.767272] /dev/input/event1: 0003 003a 00000000
[   21856.767272] /dev/input/event1: 0003 0039 ffffffff
[   21856.767272] /dev/input/event1: 0000 0000 00000000
[   21878.154435] /dev/input/event1: 0003 0039 00000000
[   21878.154435] /dev/input/event1: 0003 0030 000000f5
[   21878.154435] /dev/input/event1: 0003 003a 00000081
[   21878.154435] /dev/input/event1: 0003 0035 000055ce
[   21878.154435] /dev/input/event1: 0003 0036 00001a66
[   21878.154435] /dev/input/event1: 0000 0000 00000000
[   21878.288361] /dev/input/event1: 0003 003a 00000000
[   21878.288361] /dev/input/event1: 0003 0039 ffffffff
[   21878.288361] /dev/input/event1: 0000 0000 00000000
[   21881.855665] /dev/input/event1: 0003 0039 00000000
[   21881.855665] /dev/input/event1: 0003 0030 000000f6
[   21881.855665] /dev/input/event1: 0003 003a 00000081
[   21881.855665] /dev/input/event1: 0003 0035 00002fa4
[   21881.855665] /dev/input/event1: 0003 0036 00003166
[   21881.855665] /dev/input/event1: 0000 0000 00000000
[   21882.000623] /dev/input/event1: 0003 003a 00000000
[   21882.000623] /dev/input/event1: 0003 0039 ffffffff
[   21882.000623] /dev/input/event1: 0000 0000 00000000
[   21883.901961] /dev/input/event1: 0003 0039 00000000
[   21883.901961] /dev/input/event1: 0003 0030 000000f7
[   21883.901961] /dev/input/event1: 0003 003a 00000081
[   21883.901961] /dev/input/event1: 0003 0035 00006887
[   21883.901961] /dev/input/event1: 0003 0036 000045cc
[   21883.901961] /dev/input/event1: 0000 0000 00000000
[   21884.014013] /dev/input/event1: 0003 003a 00000000
[   21884.014013] /dev/input/event1: 0003 0039 ffffffff
[   21884.014013] /dev/input/event1: 0000 0000 00000000
[   21885.837282] /dev/input/event1: 0003 0039 00000000
[   21885.837282] /dev/input/event1: 0003 0030 000000f8
[   21885.837282] /dev/input/event1: 0003 003a 00000081
[   21885.837282] /dev/input/event1: 0003 0035 0000795b
[   21885.837282] /dev/input/event1: 0003 0036 00000988
[   21885.837282] /dev/input/event1: 0000 0000 00000000
[   21885.949264] /dev/input/event1: 0003 003a 00000000
[   21885.949264] /dev/input/event1: 0003 0039 ffffffff
[   21885.949264] /dev/input/event1: 0000 0000 00000000
[   21887.086194] /dev/input/event1: 0003 0039 00000000
[   21887.086194] /dev/input/event1: 0003 0030 000000f9
[   21887.086194] /dev/input/event1: 0003 003a 00000081
[   21887.086194] /dev/input/event1: 0003 0035 00005b9c
[   21887.086194] /dev/input/event1: 0003 0036 00001aff
[   21887.086194] /dev/input/event1: 0000 0000 00000000
[   21887.188583] /dev/input/event1: 0003 003a 00000000
[   21887.188583] /dev/input/event1: 0003 0039 ffffffff
[   21887.188583] /dev/input/event1: 0000 0000 00000000
[   21889.314037] /dev/input/event1: 0003 0039 00000000
[   21889.314037] /dev/input/event1: 0003 0030 000000fa
[   21889.314037] /dev/input/event1: 0003 003a 00000081
[   21889.314037] /dev/input/event1: 0003 0035 00002795
[   21889.314037] /dev/input/event1: 0003 0036 000039ff
[   21889.314037] /dev/input/event1: 0000 0000 00000000
[   21889.449019] /dev/input/event1: 0003 003a 00000000
[   21889.449019] /dev/input/event1: 0003 0039 ffffffff
[   21889.449019] /dev/input/event1: 0000 0000 00000000
[   21899.799228] /dev/input/event1: 0003 0039 00000000
[   21899.799228] /dev/input/event1: 0003 0030 000000fb
[   21899.799228] /dev/input/event1: 0003 003a 00000081
[   21899.799228] /dev/input/event1: 0003 0035 000068e2
[   21899.799228] /dev/input/event1: 0003 0036 00004743
[   21899.799228] /dev/input/event1: 0000 0000 00000000
[   21899.933434] /dev/input/event1: 0003 003a 00000000
[   21899.933434] /dev/input/event1: 0003 0039 ffffffff
[   21899.933434] /dev/input/event1: 0000 0000 00000000