add device 1: /dev/input/event0
  name:     "Power Button"
add device 2: /dev/input/event1
  name:     "qwerty2"
[   24857.693853] /dev/input/event1: 0003 0039 00000000
[   24857.693853] /dev/input/event1: 0003 0030 00000347
[   24857.693853] /dev/input/event1: 0003 003a 00000081
[   24857.693853] /dev/input/event1: 0003 0035 00006a4e
[   24857.693853] /dev/input/event1: 0003 0036 00006fa9
[   24857.693853] /dev/input/event1: 0000 0000 00000000
[   24857.796256] /dev/input/event1: 0003 003a 00000000
[   24857.796256] /dev/input/event1: 0003 0039 ffffffff
[   24857.796256] /dev/input/event1: 0000 0000 00000000
[   24860.045581] /dev/input/event1: 0003 0039 00000000
[   24860.045581] /dev/input/event1: 0003 0030 00000348
[   24860.045581] /dev/input/event1: 0003 003a 00000081
[   24860.045581] /dev/input/event1: 0003 0035 0000784a
[   24860.045581] /dev/input/event1: 0003 0036 000008aa
[   24860.045581] /dev/input/event1: 0000 0000 00000000
[   24860.157516] /dev/input/event1: 0003 003a 00000000
[   24860.157516] /dev/input/event1: 0003 0039 ffffffff
[   24860.157516] /dev/input/event1: 0000 0000 00000000
[   24861.587576] /dev/input/event1: 0003 0039 00000000
[   24861.587576] /dev/input/event1: 0003 0030 00000349
[   24861.587576] /dev/input/event1: 0003 003a 00000081
[   24861.587576] /dev/input/event1: 0003 0035 000056c0
[   24861.587576] /dev/input/event1: 0003 0036 000009cc
[   24861.587576] /dev/input/event1: 0000 0000 00000000
[   24861.677475] /dev/input/event1: 0003 003a 00000000
[   24861.677475] /dev/input/event1: 0003 0039 ffffffff
[   24861.677475] /dev/input/event1: 0000 0000 00000000
[   24863.195487] /dev/input/event1: 0003 0039 00000000
[   24863.195487] /dev/input/event1: 0003 0030 0000034a
[   24863.195487] /dev/input/event1: 0003 003a 00000081
[   24863.195487] /dev/input/event1: 0003 0035 000044bd
[   24863.195487] /dev/input/event1: 0003 0036 00003d65
[   24863.195487] /dev/input/event1: 0000 0000 00000000
[   24863.273543] /dev/input/event1: 0003 003a 00000000
[   24863.273543] /dev/input/event1: 0003 0039 ffffffff
[   24863.273543] /dev/input/event1: 0000 0000 00000000
[   24865.884925] /dev/input/event1: 0003 0039 00000000
[   24865.884925] /dev/input/event1: 0003 0030 0000034b
[   24865.884925] /dev/input/event1: 0003 003a 00000081
[   24865.884925] /dev/input/event1: 0003 0035 00003eb1
[   24865.884925] /dev/input/event1: 0003 0036 00005b43
[   24865.884925] /dev/input/event1: 0000 0000 00000000
[   24865.961595] /dev/input/event1: 0003 003a 00000000
[   24865.961595] /dev/input/event1: 0003 0039 ffffffff
[   24865.961595] /dev/input/event1: 0000 0000 00000000
[   24867.099230] /dev/input/event1: 0003 0039 00000000
[   24867.099230] /dev/input/event1: 0003 0030 0000034c
[   24867.099230] /dev/input/event1: 0003 003a 00000081
[   24867.099230] /dev/input/event1: 0003 0035 00006da0
[   24867.099230] /dev/input/event1: 0003 0036 00005065
[   24867.099230] /dev/input/event1: 0000 0000 00000000
[   24867.187695] /dev/input/event1: 0003 003a 00000000
[   24867.187695] /dev/input/event1: 0003 0039 ffffffff
[   24867.187695] /dev/input/event1: 0000 0000 00000000
[   24868.055778] /dev/input/event1: 0003 0039 00000000
[   24868.055778] /dev/input/event1: 0003 0030 0000034d
[   24868.055778] /dev/input/event1: 0003 003a 00000081
[   24868.055778] /dev/input/event1: 0003 0035 00006d26
[   24868.055778] /dev/input/event1: 0003 0036 00005121
[   24868.055778] /dev/input/event1: 0000 0000 00000000
[   24868.168399] /dev/input/event1: 0003 003a 00000000
[   24868.168399] /dev/input/event1: 0003 0039 ffffffff
[   24868.168399] /dev/input/event1: 0000 0000 00000000
[   24869.427863] /dev/input/event1: 0003 0039 00000000
[   24869.427863] /dev/input/event1: 0003 0030 0000034e
[   24869.427863] /dev/input/event1: 0003 003a 00000081
[   24869.427863] /dev/input/event1: 0003 0035 000027d2
[   24869.427863] /dev/input/event1: 0003 0036 00005c65
[   24869.427863] /dev/input/event1: 0000 0000 00000000
[   24869.505168] /dev/input/event1: 0003 003a 00000000
[   24869.505168] /dev/input/event1: 0003 0039 ffffffff
[   24869.505168] /dev/input/event1: 0000 0000 00000000
[   24871.586704] /dev/input/event1: 0003 0039 00000000
[   24871.586704] /dev/input/event1: 0003 0030 0000034f
[   24871.586704] /dev/input/event1: 0003 003a 00000081
[   24871.586704] /dev/input/event1: 0003 0035 00006758
[   24871.586704] /dev/input/event1: 0003 0036 00002caa
[   24871.586704] /dev/input/event1: 0000 0000 00000000
[   24871.677412] /dev/input/event1: 0003 003a 00000000
[   24871.677412] /dev/input/event1: 0003 0039 ffffffff
[   24871.677412] /dev/input/event1: 0000 0000 00000000
[   24873.578269] /dev/input/event1: 0003 0039 00000000
[   24873.578269] /dev/input/event1: 0003 0030 00000350
[   24873.578269] /dev/input/event1: 0003 003a 00000081
[   24873.578269] /dev/input/event1: 0003 0035 00007887
[   24873.578269] /dev/input/event1: 0003 0036 00000aaa
[   24873.578269] /dev/input/event1: 0000 0000 00000000
[   24873.678566] /dev/input/event1: 0003 003a 00000000
[   24873.678566] /dev/input/event1: 0003 0039 ffffffff
[   24873.678566] /dev/input/event1: 0000 0000 00000000
[   24875.368028] /dev/input/event1: 0003 0039 00000000
[   24875.368028] /dev/input/event1: 0003 0030 00000351
[   24875.368028] /dev/input/event1: 0003 003a 00000081
[   24875.368028] /dev/input/event1: 0003 0035 00005078
[   24875.368028] /dev/input/event1: 0003 0036 00001a44
[   24875.368028] /dev/input/event1: 0000 0000 00000000
[   24875.501533] /dev/input/event1: 0003 003a 00000000
[   24875.501533] /dev/input/event1: 0003 0039 ffffffff
[   24875.501533] /dev/input/event1: 0000 0000 00000000
[   24876.977597] /dev/input/event1: 0003 0039 00000000
[   24876.977597] /dev/input/event1: 0003 0030 00000352
[   24876.977597] /dev/input/event1: 0003 003a 00000081
[   24876.977597] /dev/input/event1: 0003 0035 00002aaa
[   24876.977597] /dev/input/event1: 0003 0036 00004288
[   24876.977597] /dev/input/event1: 0000 0000 00000000
[   24877.109900] /dev/input/event1: 0003 003a 00000000
[   24877.109900] /dev/input/event1: 0003 0039 ffffffff
[   24877.109900] /dev/input/event1: 0000 0000 00000000
[   24878.798092] /dev/input/event1: 0003 0039 00000000
[   24878.798092] /dev/input/event1: 0003 0030 00000353
[   24878.798092] /dev/input/event1: 0003 003a 00000081
[   24878.798092] /dev/input/event1: 0003 0035 00006aa9
[   24878.798092] /dev/input/event1: 0003 0036 00004787
[   24878.798092] /dev/input/event1: 0000 0000 00000000
[   24878.911348] /dev/input/event1: 0003 003a 00000000
[   24878.911348] /dev/input/event1: 0003 0039 ffffffff
[   24878.911348] /dev/input/event1: 0000 0000 00000000
[   24880.722374] /dev/input/event1: 0003 0039 00000000
[   24880.722374] /dev/input/event1: 0003 0030 00000354
[   24880.722374] /dev/input/event1: 0003 003a 00000081
[   24880.722374] /dev/input/event1: 0003 0035 0000791f
[   24880.722374] /dev/input/event1: 0003 0036 000009aa
[   24880.722374] /dev/input/event1: 0000 0000 00000000
[   24880.823346] /dev/input/event1: 0003 003a 00000000
[   24880.823346] /dev/input/event1: 0003 0039 ffffffff
[   24880.823346] /dev/input/event1: 0000 0000 00000000
[   24882.735078] /dev/input/event1: 0003 0039 00000000
[   24882.735078] /dev/input/event1: 0003 0030 00000355
[   24882.735078] /dev/input/event1: 0003 003a 00000081
[   24882.735078] /dev/input/event1: 0003 0035 00004f67
[   24882.735078] /dev/input/event1: 0003 0036 00001a44
[   24882.735078] /dev/input/event1: 0000 0000 00000000
[   24882.903464] /dev/input/event1: 0003 003a 00000000
[   24882.903464] /dev/input/event1: 0003 0039 ffffffff
[   24882.903464] /dev/input/event1: 0000 0000 00000000
[   24884.085462] /dev/input/event1: 0003 0039 00000000
[   24884.085462] /dev/input/event1: 0003 0030 00000356
[   24884.085462] /dev/input/event1: 0003 003a 00000081
[   24884.085462] /dev/input/event1: 0003 0035 0000171c
[   24884.085462] /dev/input/event1: 0003 0036 00004b65
[   24884.085462] /dev/input/event1: 0000 0000 00000000
[   24884.198310] /dev/input/event1: 0003 003a 00000000
[   24884.198310] /dev/input/event1: 0003 0039 ffffffff
[   24884.198310] /dev/input/event1: 0000 0000 00000000
[   24886.053926] /dev/input/event1: 0003 0039 00000000
[   24886.053926] /dev/input/event1: 0003 0030 00000357
[   24886.053926] /dev/input/event1: 0003 003a 00000081
[   24886.053926] /dev/input/event1: 0003 0036 00002dcc
[   24886.053926] /dev/input/event1: 0000 0000 00000000
[   24886.144747] /dev/input/event1: 0003 003a 00000000
[   24886.144747] /dev/input/event1: 0003 0039 ffffffff
[   24886.144747] /dev/input/event1: 0000 0000 00000000
[   24887.472566] /dev/input/event1: 0003 0039 00000000
[   24887.472566] /dev/input/event1: 0003 0030 00000358
[   24887.472566] /dev/input/event1: 0003 003a 00000081
[   24887.472566] /dev/input/event1: 0003 0036 00003565
[   24887.472566] /dev/input/event1: 0000 0000 00000000
[   24887.584648] /dev/input/event1: 0003 003a 00000000
[   24887.584648] /dev/input/event1: 0003 0039 ffffffff
[   24887.584648] /dev/input/event1: 0000 0000 00000000
[   24888.799678] /dev/input/event1: 0003 0039 00000000
[   24888.799678] /dev/input/event1: 0003 0030 00000359
[   24888.799678] /dev/input/event1: 0003 003a 00000081
[   24888.799678] /dev/input/event1: 0003 0035 00001c16
[   24888.799678] /dev/input/event1: 0003 0036 00004288
[   24888.799678] /dev/input/event1: 0000 0000 00000000
[   24888.911857] /dev/input/event1: 0003 003a 00000000
[   24888.911857] /dev/input/event1: 0003 0039 ffffffff
[   24888.911857] /dev/input/event1: 0000 0000 00000000
[   24890.160717] /dev/input/event1: 0003 0039 00000000
[   24890.160717] /dev/input/event1: 0003 0030 0000035a
[   24890.160717] /dev/input/event1: 0003 003a 00000081
[   24890.160717] /dev/input/event1: 0003 0035 000029d5
[   24890.160717] /dev/input/event1: 0003 0036 000042ff
[   24890.160717] /dev/input/event1: 0000 0000 00000000
[   24890.250398] /dev/input/event1: 0003 003a 00000000
[   24890.250398] /dev/input/event1: 0003 0039 ffffffff
[   24890.250398] /dev/input/event1: 0000 0000 00000000
[   24891.836999] /dev/input/event1: 0003 0039 00000000
[   24891.836999] /dev/input/event1: 0003 0030 0000035b
[   24891.836999] /dev/input/event1: 0003 003a 00000081
[   24891.836999] /dev/input/event1: 0003 0035 0000491f
[   24891.836999] /dev/input/event1: 0003 0036 00007421
[   24891.836999] /dev/input/event1: 0000 0000 00000000
[   24891.925544] /dev/input/event1: 0003 003a 00000000
[   24891.925544] /dev/input/event1: 0003 0039 ffffffff
[   24891.925544] /dev/input/event1: 0000 0000 00000000
[   24893.849874] /dev/input/event1: 0003 0039 00000000
[   24893.849874] /dev/input/event1: 0003 0030 0000035c
[   24893.849874] /dev/input/event1: 0003 003a 00000081
[   24893.849874] /dev/input/event1: 0003 0035 00005ae6
[   24893.849874] /dev/input/event1: 0003 0036 00001144
[   24893.849874] /dev/input/event1: 0000 0000 00000000
[   24894.906697] /dev/input/event1: 0003 003a 00000000
[   24894.906697] /dev/input/event1: 0003 0039 ffffffff
[   24894.906697] /dev/input/event1: 0000 0000 00000000
[   24897.203911] /dev/input/event1: 0003 0039 00000000
[   24897.203911] /dev/input/event1: 0003 0030 0000035d
[   24897.203911] /dev/input/event1: 0003 003a 00000081
[   24897.203911] /dev/input/event1: 0003 0035 000057d1
[   24897.203911] /dev/input/event1: 0003 0036 00001dff
[   24897.203911] /dev/input/event1: 0000 0000 00000000
[   24897.304665] /dev/input/event1: 0003 003a 00000000
[   24897.304665] /dev/input/event1: 0003 0039 ffffffff
[   24897.304665] /dev/input/event1: 0000 0000 00000000
[   24898.519708] /dev/input/event1: 0003 0039 00000000
[   24898.519708] /dev/input/event1: 0003 0030 0000035e
[   24898.519708] /dev/input/event1: 0003 003a 00000081
[   24898.519708] /dev/input/event1: 0003 0035 0000516b
[   24898.519708] /dev/input/event1: 0003 0036 00003843
[   24898.519708] /dev/input/event1: 0000 0000 00000000
[   24898.608365] /dev/input/event1: 0003 003a 00000000
[   24898.608365] /dev/input/event1: 0003 0039 ffffffff
[   24898.608365] /dev/input/event1: 0000 0000 00000000
[   24900.116847] /dev/input/event1: 0003 0039 00000000
[   24900.116847] /dev/input/event1: 0003 0030 0000035f
[   24900.116847] /dev/input/event1: 0003 003a 00000081
[   24900.116847] /dev/input/event1: 0003 0035 00000bd9
[   24900.116847] /dev/input/event1: 0003 0036 00006fcb
[   24900.116847] /dev/input/event1: 0000 0000 00000000
[   24900.205938] /dev/input/event1: 0003 003a 00000000
[   24900.205938] /dev/input/event1: 0003 0039 ffffffff
[   24900.205938] /dev/input/event1: 0000 0000 00000000
[   24901.230273] /dev/input/event1: 0003 0039 00000000
[   24901.230273] /dev/input/event1: 0003 0030 00000360
[   24901.230273] /dev/input/event1: 0003 003a 00000081
[   24901.230273] /dev/input/event1: 0003 0035 0000203c
[   24901.230273] /dev/input/event1: 0003 0036 00005043
[   24901.230273] /dev/input/event1: 0000 0000 00000000
[   24901.319063] /dev/input/event1: 0003 003a 00000000
[   24901.319063] /dev/input/event1: 0003 0039 ffffffff
[   24901.319063] /dev/input/event1: 0000 0000 00000000
[   24902.410946] /dev/input/event1: 0003 0039 00000000
[   24902.410946] /dev/input/event1: 0003 0030 00000361
[   24902.410946] /dev/input/event1: 0003 003a 00000081
[   24902.410946] /dev/input/event1: 0003 0035 00006998
[   24902.410946] /dev/input/event1: 0003 0036 00002843
[   24902.410946] /dev/input/event1: 0000 0000 00000000
[   24902.512821] /dev/input/event1: 0003 003a 00000000
[   24902.512821] /dev/input/event1: 0003 0039 ffffffff
[   24902.512821] /dev/input/event1: 0000 0000 00000000
[   24904.311762] /dev/input/event1: 0003 0039 00000000
[   24904.311762] /dev/input/event1: 0003 0030 00000362
[   24904.311762] /dev/input/event1: 0003 003a 00000081
[   24904.311762] /dev/input/event1: 0003 0035 00005b23
[   24904.311762] /dev/input/event1: 0003 0036 00001844
[   24904.311762] /dev/input/event1: 0000 0000 00000000
[   24905.346328] /dev/input/event1: 0003 003a 00000000
[   24905.346328] /dev/input/event1: 0003 0039 ffffffff
[   24905.346328] /dev/input/event1: 0000 0000 00000000
[   24906.314221] /dev/input/event1: 0003 0039 00000000
[   24906.314221] /dev/input/event1: 0003 0030 00000363
[   24906.314221] /dev/input/event1: 0003 003a 00000081
[   24906.314221] /dev/input/event1: 0003 0035 000052f5
[   24906.314221] /dev/input/event1: 0003 0036 00002e21
[   24906.314221] /dev/input/event1: 0000 0000 00000000
[   24906.415477] /dev/input/event1: 0003 003a 00000000
[   24906.415477] /dev/input/event1: 0003 0039 ffffffff
[   24906.415477] /dev/input/event1: 0000 0000 00000000
[   24907.991522] /dev/input/event1: 0003 0039 00000000
[   24907.991522] /dev/input/event1: 0003 0030 00000364
[   24907.991522] /dev/input/event1: 0003 003a 00000081
[   24907.991522] /dev/input/event1: 0003 0035 000067d1
[   24907.991522] /dev/input/event1: 0003 0036 000046aa
[   24907.991522] /dev/input/event1: 0000 0000 00000000
[   24908.080206] /dev/input/event1: 0003 003a 00000000
[   24908.080206] /dev/input/event1: 0003 0039 ffffffff
[   24908.080206] /dev/input/event1: 0000 0000 00000000
[   24909.341512] /dev/input/event1: 0003 0039 00000000
[   24909.341512] /dev/input/event1: 0003 0030 00000365
[   24909.341512] /dev/input/event1: 0003 003a 00000081
[   24909.341512] /dev/input/event1: 0003 0035 00005d63
[   24909.341512] /dev/input/event1: 0003 0036 00001221
[   24909.341512] /dev/input/event1: 0000 0000 00000000
[   24910.386703] /dev/input/event1: 0003 003a 00000000
[   24910.386703] /dev/input/event1: 0003 0039 ffffffff
[   24910.386703] /dev/input/event1: 0000 0000 00000000
[   24911.658341] /dev/input/event1: 0003 0039 00000000
[   24911.658341] /dev/input/event1: 0003 0030 00000366
[   24911.658341] /dev/input/event1: 0003 003a 00000081
[   24911.658341] /dev/input/event1: 0003 0035 00005554
[   24911.658341] /dev/input/event1: 0003 0036 00002faa
[   24911.658341] /dev/input/event1: 0000 0000 00000000
[   24911.781897] /dev/input/event1: 0003 003a 00000000
[   24911.781897] /dev/input/event1: 0003 0039 ffffffff
[   24911.781897] /dev/input/event1: 0000 0000 00000000
[   24913.346261] /dev/input/event1: 0003 0039 00000000
[   24913.346261] /dev/input/event1: 0003 0030 00000367
[   24913.346261] /dev/input/event1: 0003 003a 00000081
[   24913.346261] /dev/input/event1: 0003 0035 00007998
[   24913.346261] /dev/input/event1: 0003 0036 000008cc
[   24913.346261] /dev/input/event1: 0000 0000 00000000
[   24913.447241] /dev/input/event1: 0003 003a 00000000
[   24913.447241] /dev/input/event1: 0003 0039 ffffffff
[   24913.447241] /dev/input/event1: 0000 0000 00000000
[   24914.291602] /dev/input/event1: 0003 0039 00000000
[   24914.291602] /dev/input/event1: 0003 0030 00000368
[   24914.291602] /dev/input/event1: 0003 003a 00000081
[   24914.291602] /dev/input/event1: 0003 0035 00006bd9
[   24914.291602] /dev/input/event1: 0003 0036 000009ff
[   24914.291602] /dev/input/event1: 0000 0000 00000000
[   24914.392597] /dev/input/event1: 0003 003a 00000000
[   24914.392597] /dev/input/event1: 0003 0039 ffffffff
[   24914.392597] /dev/input/event1: 0000 0000 00000000
[   24916.225731] /dev/input/event1: 0003 0039 00000000
[   24916.225731] /dev/input/event1: 0003 0030 00000369
[   24916.225731] /dev/input/event1: 0003 003a 00000081
[   24916.225731] /dev/input/event1: 0003 0035 00006ae6
[   24916.225731] /dev/input/event1: 0003 0036 000059cc
[   24916.225731] /dev/input/event1: 0000 0000 00000000
[   24916.370941] /dev/input/event1: 0003 0035 00006b23
[   24916.370941] /dev/input/event1: 0000 0000 00000000
[   24916.393607] /dev/input/event1: 0003 0036 000059a9
[   24916.393607] /dev/input/event1: 0000 0000 00000000
[   24916.675195] /dev/input/event1: 0003 0036 00005987
[   24916.675195] /dev/input/event1: 0000 0000 00000000
[   24916.698120] /dev/input/event1: 0003 0036 00005943
[   24916.698120] /dev/input/event1: 0000 0000 00000000
[   24916.708407] /dev/input/event1: 0003 0036 00005921
[   24916.708407] /dev/input/event1: 0000 0000 00000000
[   24916.719538] /dev/input/event1: 0003 0036 000058cc
[   24916.719538] /dev/input/event1: 0000 0000 00000000
[   24916.730737] /dev/input/event1: 0003 0036 00005887
[   24916.730737] /dev/input/event1: 0000 0000 00000000
[   24916.742149] /dev/input/event1: 0003 0036 000057ff
[   24916.742149] /dev/input/event1: 0000 0000 00000000
[   24916.753266] /dev/input/event1: 0003 0036 00005765
[   24916.753266] /dev/input/event1: 0000 0000 00000000
[   24916.765037] /dev/input/event1: 0003 0036 000056cc
[   24916.765037] /dev/input/event1: 0000 0000 00000000
[   24916.775718] /dev/input/event1: 0003 0036 000055ff
[   24916.775718] /dev/input/event1: 0000 0000 00000000
[   24916.787131] /dev/input/event1: 0003 0035 00006ae6
[   24916.787131] /dev/input/event1: 0003 0036 00005521
[   24916.787131] /dev/input/event1: 0000 0000 00000000
[   24916.798347] /dev/input/event1: 0003 0036 00005421
[   24916.798347] /dev/input/event1: 0000 0000 00000000
[   24916.810783] /dev/input/event1: 0003 0036 00005365
[   24916.810783] /dev/input/event1: 0000 0000 00000000
[   24916.820695] /dev/input/event1: 0003 0036 00005287
[   24916.820695] /dev/input/event1: 0000 0000 00000000
[   24916.832610] /dev/input/event1: 0003 0036 000051aa
[   24916.832610] /dev/input/event1: 0000 0000 00000000
[   24916.843197] /dev/input/event1: 0003 0036 000050ff
[   24916.843197] /dev/input/event1: 0000 0000 00000000
[   24916.854822] /dev/input/event1: 0003 0035 00006aa9
[   24916.854822] /dev/input/event1: 0003 0036 00004fff
[   24916.854822] /dev/input/event1: 0000 0000 00000000
[   24916.866120] /dev/input/event1: 0003 0035 00006a4e
[   24916.866120] /dev/input/event1: 0003 0036 00004ecc
[   24916.866120] /dev/input/event1: 0000 0000 00000000
[   24916.877025] /dev/input/event1: 0003 0036 00004dff
[   24916.877025] /dev/input/event1: 0000 0000 00000000
[   24916.888426] /dev/input/event1: 0003 0035 00006a12
[   24916.888426] /dev/input/event1: 0003 0036 00004cff
[   24916.888426] /dev/input/event1: 0000 0000 00000000
[   24916.899979] /dev/input/event1: 0003 0035 000069d5
[   24916.899979] /dev/input/event1: 0003 0036 00004bff
[   24916.899979] /dev/input/event1: 0000 0000 00000000
[   24916.910955] /dev/input/event1: 0003 0035 00006998
[   24916.910955] /dev/input/event1: 0003 0036 00004aff
[   24916.910955] /dev/input/event1: 0000 0000 00000000
[   24916.922685] /dev/input/event1: 0003 0036 00004a65
[   24916.922685] /dev/input/event1: 0000 0000 00000000
[   24916.933513] /dev/input/event1: 0003 0035 0000695c
[   24916.933513] /dev/input/event1: 0003 0036 000049aa
[   24916.933513] /dev/input/event1: 0000 0000 00000000
[   24916.944729] /dev/input/event1: 0003 0036 000048cc
[   24916.944729] /dev/input/event1: 0000 0000 00000000
[   24916.955762] /dev/input/event1: 0003 0035 0000691f
[   24916.955762] /dev/input/event1: 0003 0036 00004865
[   24916.955762] /dev/input/event1: 0000 0000 00000000
[   24916.967205] /dev/input/event1: 0003 0036 000047aa
[   24916.967205] /dev/input/event1: 0000 0000 00000000
[   24916.978546] /dev/input/event1: 0003 0035 000068e2
[   24916.978546] /dev/input/event1: 0003 0036 000046ff
[   24916.978546] /dev/input/event1: 0000 0000 00000000
[   24916.989599] /dev/input/event1: 0003 0035 00006887
[   24916.989599] /dev/input/event1: 0003 0036 00004643
[   24916.989599] /dev/input/event1: 0000 0000 00000000
[   24917.001896] /dev/input/event1: 0003 0035 0000684b
[   24917.001896] /dev/input/event1: 0003 0036 000045cc
[   24917.001896] /dev/input/event1: 0000 0000 00000000
[   24917.011977] /dev/input/event1: 0003 0036 00004521
[   24917.011977] /dev/input/event1: 0000 0000 00000000
[   24917.023369] /dev/input/event1: 0003 0035 0000680e
[   24917.023369] /dev/input/event1: 0003 0036 00004465
[   24917.023369] /dev/input/event1: 0000 0000 00000000
[   24917.034993] /dev/input/event1: 0003 0035 000067d1
[   24917.034993] /dev/input/event1: 0003 0036 000043cc
[   24917.034993] /dev/input/event1: 0000 0000 00000000
[   24917.045608] /dev/input/event1: 0003 0036 00004321
[   24917.045608] /dev/input/event1: 0000 0000 00000000
[   24917.057996] /dev/input/event1: 0003 0035 00006794
[   24917.057996] /dev/input/event1: 0003 0036 00004265
[   24917.057996] /dev/input/event1: 0000 0000 00000000
[   24917.068350] /dev/input/event1: 0003 0036 000041cc
[   24917.068350] /dev/input/event1: 0000 0000 00000000
[   24917.079734] /dev/input/event1: 0003 0036 000040cc
[   24917.079734] /dev/input/event1: 0000 0000 00000000
[   24917.091447] /dev/input/event1: 0003 0035 00006758
[   24917.091447] /dev/input/event1: 0003 0036 00003faa
[   24917.091447] /dev/input/event1: 0000 0000 00000000
[   24917.103081] /dev/input/event1: 0003 0036 00003e65
[   24917.103081] /dev/input/event1: 0000 0000 00000000
[   24917.113211] /dev/input/event1: 0003 0036 00003d88
[   24917.113211] /dev/input/event1: 0000 0000 00000000
[   24917.125082] /dev/input/event1: 0003 0036 00003c43
[   24917.125082] /dev/input/event1: 0000 0000 00000000
[   24917.135849] /dev/input/event1: 0003 0035 00006794
[   24917.135849] /dev/input/event1: 0003 0036 00003acc
[   24917.135849] /dev/input/event1: 0000 0000 00000000
[   24917.146960] /dev/input/event1: 0003 0036 000039cc
[   24917.146960] /dev/input/event1: 0000 0000 00000000
[   24917.158259] /dev/input/event1: 0003 0036 00003888
[   24917.158259] /dev/input/event1: 0000 0000 00000000
[   24917.169564] /dev/input/event1: 0003 0036 00003743
[   24917.169564] /dev/input/event1: 0000 0000 00000000
[   24917.180906] /dev/input/event1: 0003 0035 000067d1
[   24917.180906] /dev/input/event1: 0003 0036 00003665
[   24917.180906] /dev/input/event1: 0000 0000 00000000
[   24917.191902] /dev/input/event1: 0003 0036 00003565
[   24917.191902] /dev/input/event1: 0000 0000 00000000
[   24917.203776] /dev/input/event1: 0003 0036 00003443
[   24917.203776] /dev/input/event1: 0000 0000 00000000
[   24917.214407] /dev/input/event1: 0003 0036 00003365
[   24917.214407] /dev/input/event1: 0000 0000 00000000
[   24917.225758] /dev/input/event1: 0003 0036 000032aa
[   24917.225758] /dev/input/event1: 0000 0000 00000000
[   24917.237030] /dev/input/event1: 0003 0036 00003188
[   24917.237030] /dev/input/event1: 0000 0000 00000000
[   24917.249058] /dev/input/event1: 0003 0035 0000680e
[   24917.249058] /dev/input/event1: 0003 0036 00003088
[   24917.249058] /dev/input/event1: 0000 0000 00000000
[   24917.259416] /dev/input/event1: 0003 0036 00002fcc
[   24917.259416] /dev/input/event1: 0000 0000 00000000
[   24917.270951] /dev/input/event1: 0003 0036 00002ecc
[   24917.270951] /dev/input/event1: 0000 0000 00000000
[   24917.282089] /dev/input/event1: 0003 0035 0000684b
[   24917.282089] /dev/input/event1: 0003 0036 00002dff
[   24917.282089] /dev/input/event1: 0000 0000 00000000
[   24917.293214] /dev/input/event1: 0003 0036 00002cff
[   24917.293214] /dev/input/event1: 0000 0000 00000000
[   24917.304464] /dev/input/event1: 0003 0036 00002c66
[   24917.304464] /dev/input/event1: 0000 0000 00000000
[   24917.316573] /dev/input/event1: 0003 0035 00006887
[   24917.316573] /dev/input/event1: 0003 0036 00002b66
[   24917.316573] /dev/input/event1: 0000 0000 00000000
[   24917.326909] /dev/input/event1: 0003 0036 00002a88
[   24917.326909] /dev/input/event1: 0000 0000 00000000
[   24917.338322] /dev/input/event1: 0003 0035 000068e2
[   24917.338322] /dev/input/event1: 0003 0036 000029cc
[   24917.338322] /dev/input/event1: 0000 0000 00000000
[   24917.360809] /dev/input/event1: 0003 0036 00002921
[   24917.360809] /dev/input/event1: 0000 0000 00000000
[   24917.362305] /dev/input/event1: 0003 0035 0000691f
[   24917.362305] /dev/input/event1: 0003 0036 00002866
[   24917.362305] /dev/input/event1: 0000 0000 00000000
[   24917.372436] /dev/input/event1: 0003 0036 000027cc
[   24917.372436] /dev/input/event1: 0000 0000 00000000
[   24917.383361] /dev/input/event1: 0003 0035 0000695c
[   24917.383361] /dev/input/event1: 0003 0036 00002721
[   24917.383361] /dev/input/event1: 0000 0000 00000000
[   24917.394775] /dev/input/event1: 0003 0036 00002666
[   24917.394775] /dev/input/event1: 0000 0000 00000000
[   24917.405760] /dev/input/event1: 0003 0035 00006998
[   24917.405760] /dev/input/event1: 0003 0036 000025aa
[   24917.405760] /dev/input/event1: 0000 0000 00000000
[   24917.417063] /dev/input/event1: 0003 0036 00002543
[   24917.417063] /dev/input/event1: 0000 0000 00000000
[   24917.428191] /dev/input/event1: 0003 0036 000024aa
[   24917.428191] /dev/input/event1: 0000 0000 00000000
[   24917.439579] /dev/input/event1: 0003 0036 00002421
[   24917.439579] /dev/input/event1: 0000 0000 00000000
[   24917.451037] /dev/input/event1: 0003 0035 000069d5
[   24917.451037] /dev/input/event1: 0003 0036 000023aa
[   24917.451037] /dev/input/event1: 0000 0000 00000000
[   24917.461948] /dev/input/event1: 0003 0036 000022ff
[   24917.461948] /dev/input/event1: 0000 0000 00000000
[   24917.474678] /dev/input/event1: 0003 0036 00002266
[   24917.474678] /dev/input/event1: 0000 0000 00000000
[   24917.485025] /dev/input/event1: 0003 0036 000021aa
[   24917.485025] /dev/input/event1: 0000 0000 00000000
[   24917.495719] /dev/input/event1: 0003 0036 00002121
[   24917.495719] /dev/input/event1: 0000 0000 00000000
[   24917.507841] /dev/input/event1: 0003 0035 00006998
[   24917.507841] /dev/input/event1: 0003 0036 00002088
[   24917.507841] /dev/input/event1: 0000 0000 00000000
[   24917.518260] /dev/input/event1: 0003 0036 00001fcc
[   24917.518260] /dev/input/event1: 0000 0000 00000000
[   24917.529403] /dev/input/event1: 0003 0036 00001f66
[   24917.529403] /dev/input/event1: 0000 0000 00000000
[   24917.541449] /dev/input/event1: 0003 0036 00001eaa
[   24917.541449] /dev/input/event1: 0000 0000 00000000
[   24917.552085] /dev/input/event1: 0003 0036 00001dff
[   24917.552085] /dev/input/event1: 0000 0000 00000000
[   24917.563088] /dev/input/event1: 0003 0036 00001d88
[   24917.563088] /dev/input/event1: 0000 0000 00000000
[   24917.574774] /dev/input/event1: 0003 0036 00001ccc
[   24917.574774] /dev/input/event1: 0000 0000 00000000
[   24917.585610] /dev/input/event1: 0003 0036 00001c21
[   24917.585610] /dev/input/event1: 0000 0000 00000000
[   24917.596988] /dev/input/event1: 0003 0036 00001b88
[   24917.596988] /dev/input/event1: 0000 0000 00000000
[   24917.608194] /dev/input/event1: 0003 0036 00001b21
[   24917.608194] /dev/input/event1: 0000 0000 00000000
[   24917.619865] /dev/input/event1: 0003 0036 00001aaa
[   24917.619865] /dev/input/event1: 0000 0000 00000000
[   24917.630610] /dev/input/event1: 0003 0036 00001a21
[   24917.630610] /dev/input/event1: 0000 0000 00000000
[   24917.641867] /dev/input/event1: 0003 0036 000019cc
[   24917.641867] /dev/input/event1: 0000 0000 00000000
[   24917.653276] /dev/input/event1: 0003 0036 00001966
[   24917.653276] /dev/input/event1: 0000 0000 00000000
[   24917.666274] /dev/input/event1: 0003 0036 00001921
[   24917.666274] /dev/input/event1: 0000 0000 00000000
[   24917.675646] /dev/input/event1: 0003 0036 000018cc
[   24917.675646] /dev/input/event1: 0000 0000 00000000
[   24917.686895] /dev/input/event1: 0003 0036 00001866
[   24917.686895] /dev/input/event1: 0000 0000 00000000
[   24917.698228] /dev/input/event1: 0003 0036 00001821
[   24917.698228] /dev/input/event1: 0000 0000 00000000
[   24917.709337] /dev/input/event1: 0003 0036 000017aa
[   24917.709337] /dev/input/event1: 0000 0000 00000000
[   24917.720883] /dev/input/event1: 0003 0036 00001766
[   24917.720883] /dev/input/event1: 0000 0000 00000000
[   24917.763440] /dev/input/event1: 0003 0036 000016ff
[   24917.763440] /dev/input/event1: 0000 0000 00000000
[   24917.763874] /dev/input/event1: 0003 0035 0000695c
[   24917.763874] /dev/input/event1: 0003 0036 000016aa
[   24917.763874] /dev/input/event1: 0000 0000 00000000
[   24917.764155] /dev/input/event1: 0003 0036 00001666
[   24917.764155] /dev/input/event1: 0000 0000 00000000
[   24917.766437] /dev/input/event1: 0003 0036 000015ff
[   24917.766437] /dev/input/event1: 0000 0000 00000000
[   24917.777559] /dev/input/event1: 0003 0036 000015aa
[   24917.777559] /dev/input/event1: 0000 0000 00000000
[   24917.788067] /dev/input/event1: 0003 0036 00001566
[   24917.788067] /dev/input/event1: 0000 0000 00000000
[   24917.799447] /dev/input/event1: 0003 0036 00001544
[   24917.799447] /dev/input/event1: 0000 0000 00000000
[   24917.810642] /dev/input/event1: 0003 0035 0000691f
[   24917.810642] /dev/input/event1: 0003 0036 00001521
[   24917.810642] /dev/input/event1: 0000 0000 00000000
[   24917.821851] /dev/input/event1: 0003 0036 000014ff
[   24917.821851] /dev/input/event1: 0000 0000 00000000
[   24917.833367] /dev/input/event1: 0003 0036 000014aa
[   24917.833367] /dev/input/event1: 0000 0000 00000000
[   24917.844587] /dev/input/event1: 0003 0036 00001488
[   24917.844587] /dev/input/event1: 0000 0000 00000000
[   24917.855540] /dev/input/event1: 0003 0036 00001466
[   24917.855540] /dev/input/event1: 0000 0000 00000000
[   24917.867198] /dev/input/event1: 0003 0036 00001444
[   24917.867198] /dev/input/event1: 0000 0000 00000000
[   24917.878057] /dev/input/event1: 0003 0036 00001421
[   24917.878057] /dev/input/event1: 0000 0000 00000000
[   24917.924850] /dev/input/event1: 0003 0036 000013ff
[   24917.924850] /dev/input/event1: 0000 0000 00000000
[   24917.957027] /dev/input/event1: 0003 0036 000013cc
[   24917.957027] /dev/input/event1: 0000 0000 00000000
[   24917.968166] /dev/input/event1: 0003 0036 000013aa
[   24917.968166] /dev/input/event1: 0000 0000 00000000
[   24917.979304] /dev/input/event1: 0003 0036 00001388
[   24917.979304] /dev/input/event1: 0000 0000 00000000
[   24917.991605] /dev/input/event1: 0003 0036 00001366
[   24917.991605] /dev/input/event1: 0000 0000 00000000
[   24918.013241] /dev/input/event1: 0003 0036 00001344
[   24918.013241] /dev/input/event1: 0000 0000 00000000
[   24918.035603] /dev/input/event1: 0003 0036 00001321
[   24918.035603] /dev/input/event1: 0000 0000 00000000
[   24918.047077] /dev/input/event1: 0003 0036 000012ff
[   24918.047077] /dev/input/event1: 0000 0000 00000000
[   24918.058289] /dev/input/event1: 0003 0035 000068e2
[   24918.058289] /dev/input/event1: 0003 0036 000012cc
[   24918.058289] /dev/input/event1: 0000 0000 00000000
[   24918.069412] /dev/input/event1: 0003 0036 000012aa
[   24918.069412] /dev/input/event1: 0000 0000 00000000
[   24918.080681] /dev/input/event1: 0003 0036 00001288
[   24918.080681] /dev/input/event1: 0000 0000 00000000
[   24918.091793] /dev/input/event1: 0003 0036 00001266
[   24918.091793] /dev/input/event1: 0000 0000 00000000
[   24918.103156] /dev/input/event1: 0003 0036 00001244
[   24918.103156] /dev/input/event1: 0000 0000 00000000
[   24918.114399] /dev/input/event1: 0003 0036 00001221
[   24918.114399] /dev/input/event1: 0000 0000 00000000
[   24918.125682] /dev/input/event1: 0003 0036 000011ff
[   24918.125682] /dev/input/event1: 0000 0000 00000000
[   24918.148384] /dev/input/event1: 0003 0036 000011cc
[   24918.148384] /dev/input/event1: 0000 0000 00000000
[   24918.170702] /dev/input/event1: 0003 0036 000011aa
[   24918.170702] /dev/input/event1: 0000 0000 00000000
[   24918.654848] /dev/input/event1: 0003 003a 00000000
[   24918.654848] /dev/input/event1: 0003 0039 ffffffff
[   24918.654848] /dev/input/event1: 0000 0000 00000000
[   24919.837190] /dev/input/event1: 0003 0039 00000000
[   24919.837190] /dev/input/event1: 0003 0030 0000036a
[   24919.837190] /dev/input/event1: 0003 003a 00000081
[   24919.837190] /dev/input/event1: 0003 0035 00006eee
[   24919.837190] /dev/input/event1: 0003 0036 00005aff
[   24919.837190] /dev/input/event1: 0000 0000 00000000
[   24920.073469] /dev/input/event1: 0003 0036 00005acc
[   24920.073469] /dev/input/event1: 0000 0000 00000000
[   24920.105859] /dev/input/event1: 0003 0036 00005aa9
[   24920.105859] /dev/input/event1: 0000 0000 00000000
[   24920.128242] /dev/input/event1: 0003 0036 00005a87
[   24920.128242] /dev/input/event1: 0000 0000 00000000
[   24920.150967] /dev/input/event1: 0003 0036 00005a65
[   24920.150967] /dev/input/event1: 0000 0000 00000000
[   24920.161948] /dev/input/event1: 0003 0035 00006f2a
[   24920.161948] /dev/input/event1: 0003 0036 00005a43
[   24920.161948] /dev/input/event1: 0000 0000 00000000
[   24920.173199] /dev/input/event1: 0003 0036 000059ff
[   24920.173199] /dev/input/event1: 0000 0000 00000000
[   24920.184457] /dev/input/event1: 0003 0036 000059cc
[   24920.184457] /dev/input/event1: 0000 0000 00000000
[   24920.195564] /dev/input/event1: 0003 0036 00005987
[   24920.195564] /dev/input/event1: 0000 0000 00000000
[   24920.206874] /dev/input/event1: 0003 0036 00005943
[   24920.206874] /dev/input/event1: 0000 0000 00000000
[   24920.218895] /dev/input/event1: 0003 0036 000058a9
[   24920.218895] /dev/input/event1: 0000 0000 00000000
[   24920.229284] /dev/input/event1: 0003 0035 00006eee
[   24920.229284] /dev/input/event1: 0003 0036 00005843
[   24920.229284] /dev/input/event1: 0000 0000 00000000
[   24920.241800] /dev/input/event1: 0003 0035 00006eb1
[   24920.241800] /dev/input/event1: 0003 0036 00005765
[   24920.241800] /dev/input/event1: 0000 0000 00000000
[   24920.251826] /dev/input/event1: 0003 0036 00005665
[   24920.251826] /dev/input/event1: 0000 0000 00000000
[   24920.263426] /dev/input/event1: 0003 0035 00006e74
[   24920.263426] /dev/input/event1: 0003 0036 00005587
[   24920.263426] /dev/input/event1: 0000 0000 00000000
[   24920.275048] /dev/input/event1: 0003 0036 000054cc
[   24920.275048] /dev/input/event1: 0000 0000 00000000
[   24920.285696] /dev/input/event1: 0003 0035 00006e38
[   24920.285696] /dev/input/event1: 0003 0036 000053cc
[   24920.285696] /dev/input/event1: 0000 0000 00000000
[   24920.297083] /dev/input/event1: 0003 0035 00006ddd
[   24920.297083] /dev/input/event1: 0003 0036 000052aa
[   24920.297083] /dev/input/event1: 0000 0000 00000000
[   24920.308594] /dev/input/event1: 0003 0036 000051cc
[   24920.308594] /dev/input/event1: 0000 0000 00000000
[   24920.319403] /dev/input/event1: 0003 0035 00006da0
[   24920.319403] /dev/input/event1: 0003 0036 00005087
[   24920.319403] /dev/input/event1: 0000 0000 00000000
[   24920.330866] /dev/input/event1: 0003 0035 00006d26
[   24920.330866] /dev/input/event1: 0003 0036 00004f43
[   24920.330866] /dev/input/event1: 0000 0000 00000000
[   24920.341809] /dev/input/event1: 0003 0035 00006cea
[   24920.341809] /dev/input/event1: 0003 0036 00004dcc
[   24920.341809] /dev/input/event1: 0000 0000 00000000
[   24920.353555] /dev/input/event1: 0003 0035 00006cad
[   24920.353555] /dev/input/event1: 0003 0036 00004ccc
[   24920.353555] /dev/input/event1: 0000 0000 00000000
[   24920.364391] /dev/input/event1: 0003 0035 00006c70
[   24920.364391] /dev/input/event1: 0003 0036 00004b65
[   24920.364391] /dev/input/event1: 0000 0000 00000000
[   24920.375652] /dev/input/event1: 0003 0035 00006c15
[   24920.375652] /dev/input/event1: 0003 0036 000049cc
[   24920.375652] /dev/input/event1: 0000 0000 00000000
[   24920.398286] /dev/input/event1: 0003 0035 00006bd9
[   24920.398286] /dev/input/event1: 0003 0036 00004865
[   24920.398286] /dev/input/event1: 0000 0000 00000000
[   24920.399652] /dev/input/event1: 0003 0035 00006b9c
[   24920.399652] /dev/input/event1: 0003 0036 00004787
[   24920.399652] /dev/input/event1: 0000 0000 00000000
[   24920.409284] /dev/input/event1: 0003 0035 00006b5f
[   24920.409284] /dev/input/event1: 0003 0036 00004643
[   24920.409284] /dev/input/event1: 0000 0000 00000000
[   24920.420653] /dev/input/event1: 0003 0036 00004521
[   24920.420653] /dev/input/event1: 0000 0000 00000000
[   24920.432248] /dev/input/event1: 0003 0035 00006b23
[   24920.432248] /dev/input/event1: 0003 0036 00004321
[   24920.432248] /dev/input/event1: 0000 0000 00000000
[   24920.443159] /dev/input/event1: 0003 0035 00006ae6
[   24920.443159] /dev/input/event1: 0003 0036 000040aa
[   24920.443159] /dev/input/event1: 0000 0000 00000000
[   24920.454396] /dev/input/event1: 0003 0035 00006aa9
[   24920.454396] /dev/input/event1: 0003 0036 00003dff
[   24920.454396] /dev/input/event1: 0000 0000 00000000
[   24920.465948] /dev/input/event1: 0003 0035 00006a12
[   24920.465948] /dev/input/event1: 0003 0036 00003c43
[   24920.465948] /dev/input/event1: 0000 0000 00000000
[   24920.478477] /dev/input/event1: 0003 0035 00006998
[   24920.478477] /dev/input/event1: 0003 0036 00003a21
[   24920.478477] /dev/input/event1: 0000 0000 00000000
[   24920.488172] /dev/input/event1: 0003 0035 000068e2
[   24920.488172] /dev/input/event1: 0003 0036 00003843
[   24920.488172] /dev/input/event1: 0000 0000 00000000
[   24920.499493] /dev/input/event1: 0003 0035 00006887
[   24920.499493] /dev/input/event1: 0003 0036 00003721
[   24920.499493] /dev/input/event1: 0000 0000 00000000
[   24920.510797] /dev/input/event1: 0003 0035 0000680e
[   24920.510797] /dev/input/event1: 0003 0036 00003588
[   24920.510797] /dev/input/event1: 0000 0000 00000000
[   24920.521841] /dev/input/event1: 0003 0035 00006794
[   24920.521841] /dev/input/event1: 0003 0036 00003421
[   24920.521841] /dev/input/event1: 0000 0000 00000000
[   24920.533543] /dev/input/event1: 0003 0035 0000671b
[   24920.533543] /dev/input/event1: 0003 0036 00003288
[   24920.533543] /dev/input/event1: 0000 0000 00000000
[   24920.544395] /dev/input/event1: 0003 0035 000066c0
[   24920.544395] /dev/input/event1: 0003 0036 00003166
[   24920.544395] /dev/input/event1: 0000 0000 00000000
[   24920.556200] /dev/input/event1: 0003 0035 00006683
[   24920.556200] /dev/input/event1: 0003 0036 00002fcc
[   24920.556200] /dev/input/event1: 0000 0000 00000000
[   24920.567063] /dev/input/event1: 0003 0035 00006647
[   24920.567063] /dev/input/event1: 0003 0036 00002e21
[   24920.567063] /dev/input/event1: 0000 0000 00000000
[   24920.579360] /dev/input/event1: 0003 0035 0000660a
[   24920.579360] /dev/input/event1: 0003 0036 00002d43
[   24920.579360] /dev/input/event1: 0000 0000 00000000
[   24920.589355] /dev/input/event1: 0003 0035 000065cd
[   24920.589355] /dev/input/event1: 0003 0036 00002c43
[   24920.589355] /dev/input/event1: 0000 0000 00000000
[   24920.600814] /dev/input/event1: 0003 0036 00002b88
[   24920.600814] /dev/input/event1: 0000 0000 00000000
[   24920.611983] /dev/input/event1: 0003 0035 00006591
[   24920.611983] /dev/input/event1: 0003 0036 00002aff
[   24920.611983] /dev/input/event1: 0000 0000 00000000
[   24920.623652] /dev/input/event1: 0003 0036 00002a66
[   24920.623652] /dev/input/event1: 0000 0000 00000000
[   24920.634770] /dev/input/event1: 0003 0036 000029ff
[   24920.634770] /dev/input/event1: 0000 0000 00000000
[   24920.645535] /dev/input/event1: 0003 0036 00002966
[   24920.645535] /dev/input/event1: 0000 0000 00000000
[   24920.657035] /dev/input/event1: 0003 0036 000028ff
[   24920.657035] /dev/input/event1: 0000 0000 00000000
[   24920.668173] /dev/input/event1: 0003 0036 00002866
[   24920.668173] /dev/input/event1: 0000 0000 00000000
[   24920.679288] /dev/input/event1: 0003 0036 000027aa
[   24920.679288] /dev/input/event1: 0000 0000 00000000
[   24920.692268] /dev/input/event1: 0003 0036 00002766
[   24920.692268] /dev/input/event1: 0000 0000 00000000
[   24920.702593] /dev/input/event1: 0003 0036 000026cc
[   24920.702593] /dev/input/event1: 0000 0000 00000000
[   24920.713121] /dev/input/event1: 0003 0036 00002666
[   24920.713121] /dev/input/event1: 0000 0000 00000000
[   24920.725013] /dev/input/event1: 0003 0035 000065cd
[   24920.725013] /dev/input/event1: 0003 0036 00002621
[   24920.725013] /dev/input/event1: 0000 0000 00000000
[   24920.735720] /dev/input/event1: 0003 0036 000025aa
[   24920.735720] /dev/input/event1: 0000 0000 00000000
[   24920.748866] /dev/input/event1: 0003 0036 00002543
[   24920.748866] /dev/input/event1: 0000 0000 00000000
[   24920.758843] /dev/input/event1: 0003 0035 0000660a
[   24920.758843] /dev/input/event1: 0003 0036 000024aa
[   24920.758843] /dev/input/event1: 0000 0000 00000000
[   24920.772148] /dev/input/event1: 0003 0036 00002443
[   24920.772148] /dev/input/event1: 0000 0000 00000000
[   24920.780696] /dev/input/event1: 0003 0035 00006647
[   24920.780696] /dev/input/event1: 0003 0036 000023aa
[   24920.780696] /dev/input/event1: 0000 0000 00000000
[   24920.791985] /dev/input/event1: 0003 0036 00002321
[   24920.791985] /dev/input/event1: 0000 0000 00000000
[   24920.803305] /dev/input/event1: 0003 0035 00006683
[   24920.803305] /dev/input/event1: 0003 0036 000022aa
[   24920.803305] /dev/input/event1: 0000 0000 00000000
[   24920.814389] /dev/input/event1: 0003 0036 00002243
[   24920.814389] /dev/input/event1: 0000 0000 00000000
[   24920.825569] /dev/input/event1: 0003 0036 000021cc
[   24920.825569] /dev/input/event1: 0000 0000 00000000
[   24920.848372] /dev/input/event1: 0003 0036 00002188
[   24920.848372] /dev/input/event1: 0000 0000 00000000
[   24920.859296] /dev/input/event1: 0003 0036 00002144
[   24920.859296] /dev/input/event1: 0000 0000 00000000
[   24920.860587] /dev/input/event1: 0003 0036 000020cc
[   24920.860587] /dev/input/event1: 0000 0000 00000000
[   24920.870591] /dev/input/event1: 0003 0036 00002088
[   24920.870591] /dev/input/event1: 0000 0000 00000000
[   24920.881968] /dev/input/event1: 0003 0036 00002044
[   24920.881968] /dev/input/event1: 0000 0000 00000000
[   24920.893001] /dev/input/event1: 0003 0036 00001fcc
[   24920.893001] /dev/input/event1: 0000 0000 00000000
[   24920.904674] /dev/input/event1: 0003 0036 00001f88
[   24920.904674] /dev/input/event1: 0000 0000 00000000
[   24920.915626] /dev/input/event1: 0003 0036 00001f66
[   24920.915626] /dev/input/event1: 0000 0000 00000000
[   24920.926978] /dev/input/event1: 0003 0036 00001f21
[   24920.926978] /dev/input/event1: 0000 0000 00000000
[   24920.938398] /dev/input/event1: 0003 0036 00001eff
[   24920.938398] /dev/input/event1: 0000 0000 00000000
[   24920.949673] /dev/input/event1: 0003 0036 00001ecc
[   24920.949673] /dev/input/event1: 0000 0000 00000000
[   24920.971988] /dev/input/event1: 0003 0036 00001eaa
[   24920.971988] /dev/input/event1: 0000 0000 00000000
[   24920.983139] /dev/input/event1: 0003 0036 00001e66
[   24920.983139] /dev/input/event1: 0000 0000 00000000
[   24921.005583] /dev/input/event1: 0003 0035 00006647
[   24921.005583] /dev/input/event1: 0003 0036 00001e44
[   24921.005583] /dev/input/event1: 0000 0000 00000000
[   24921.019038] /dev/input/event1: 0003 0036 00001dff
[   24921.019038] /dev/input/event1: 0000 0000 00000000
[   24921.028007] /dev/input/event1: 0003 0036 00001dcc
[   24921.028007] /dev/input/event1: 0000 0000 00000000
[   24921.039870] /dev/input/event1: 0003 0036 00001d66
[   24921.039870] /dev/input/event1: 0000 0000 00000000
[   24921.050591] /dev/input/event1: 0003 0036 00001cff
[   24921.050591] /dev/input/event1: 0000 0000 00000000
[   24921.062004] /dev/input/event1: 0003 0036 00001caa
[   24921.062004] /dev/input/event1: 0000 0000 00000000
[   24921.073011] /dev/input/event1: 0003 0036 00001c66
[   24921.073011] /dev/input/event1: 0000 0000 00000000
[   24921.084649] /dev/input/event1: 0003 0035 0000660a
[   24921.084649] /dev/input/event1: 0003 0036 00001c21
[   24921.084649] /dev/input/event1: 0000 0000 00000000
[   24921.095551] /dev/input/event1: 0003 0036 00001baa
[   24921.095551] /dev/input/event1: 0000 0000 00000000
[   24921.106890] /dev/input/event1: 0003 0036 00001b66
[   24921.106890] /dev/input/event1: 0000 0000 00000000
[   24921.118488] /dev/input/event1: 0003 0036 00001aff
[   24921.118488] /dev/input/event1: 0000 0000 00000000
[   24921.129257] /dev/input/event1: 0003 0036 00001a66
[   24921.129257] /dev/input/event1: 0000 0000 00000000
[   24921.141427] /dev/input/event1: 0003 0036 000019ff
[   24921.141427] /dev/input/event1: 0000 0000 00000000
[   24921.151881] /dev/input/event1: 0003 0036 000019aa
[   24921.151881] /dev/input/event1: 0000 0000 00000000
[   24921.163008] /dev/input/event1: 0003 0036 00001944
[   24921.163008] /dev/input/event1: 0000 0000 00000000
[   24921.174859] /dev/input/event1: 0003 0036 000018cc
[   24921.174859] /dev/input/event1: 0000 0000 00000000
[   24921.185510] /dev/input/event1: 0003 0036 000018aa
[   24921.185510] /dev/input/event1: 0000 0000 00000000
[   24921.198735] /dev/input/event1: 0003 0036 00001866
[   24921.198735] /dev/input/event1: 0000 0000 00000000
[   24921.208240] /dev/input/event1: 0003 0036 000017cc
[   24921.208240] /dev/input/event1: 0000 0000 00000000
[   24921.221048] /dev/input/event1: 0003 0036 00001788
[   24921.221048] /dev/input/event1: 0000 0000 00000000
[   24921.231314] /dev/input/event1: 0003 0036 00001721
[   24921.231314] /dev/input/event1: 0000 0000 00000000
[   24921.241895] /dev/input/event1: 0003 0036 00001688
[   24921.241895] /dev/input/event1: 0000 0000 00000000
[   24921.254640] /dev/input/event1: 0003 0036 00001621
[   24921.254640] /dev/input/event1: 0000 0000 00000000
[   24921.265780] /dev/input/event1: 0003 0036 000015cc
[   24921.265780] /dev/input/event1: 0000 0000 00000000
[   24921.275986] /dev/input/event1: 0003 0036 00001566
[   24921.275986] /dev/input/event1: 0000 0000 00000000
[   24921.287265] /dev/input/event1: 0003 0036 00001521
[   24921.287265] /dev/input/event1: 0000 0000 00000000
[   24921.298455] /dev/input/event1: 0003 0036 000014cc
[   24921.298455] /dev/input/event1: 0000 0000 00000000
[   24921.309518] /dev/input/event1: 0003 0036 00001444
[   24921.309518] /dev/input/event1: 0000 0000 00000000
[   24921.321402] /dev/input/event1: 0003 0036 000013cc
[   24921.321402] /dev/input/event1: 0000 0000 00000000
[   24921.333418] /dev/input/event1: 0003 0035 00006647
[   24921.333418] /dev/input/event1: 0003 0036 00001366
[   24921.333418] /dev/input/event1: 0000 0000 00000000
[   24921.343012] /dev/input/event1: 0003 0036 00001321
[   24921.343012] /dev/input/event1: 0000 0000 00000000
[   24921.354439] /dev/input/event1: 0003 0036 000012cc
[   24921.354439] /dev/input/event1: 0000 0000 00000000
[   24921.365903] /dev/input/event1: 0003 0036 00001288
[   24921.365903] /dev/input/event1: 0000 0000 00000000
[   24921.376836] /dev/input/event1: 0003 0036 00001266
[   24921.376836] /dev/input/event1: 0000 0000 00000000
[   24921.388720] /dev/input/event1: 0003 0036 00001244
[   24921.388720] /dev/input/event1: 0000 0000 00000000
[   24921.433068] /dev/input/event1: 0003 0036 00001221
[   24921.433068] /dev/input/event1: 0000 0000 00000000
[   24921.614805] /dev/input/event1: 0003 0036 000011ff
[   24921.614805] /dev/input/event1: 0000 0000 00000000
[   24921.636641] /dev/input/event1: 0003 0036 000011cc
[   24921.636641] /dev/input/event1: 0000 0000 00000000
[   24921.658436] /dev/input/event1: 0003 0036 000011aa
[   24921.658436] /dev/input/event1: 0000 0000 00000000
[   24921.691879] /dev/input/event1: 0003 0036 00001188
[   24921.691879] /dev/input/event1: 0000 0000 00000000
[   24921.783355] /dev/input/event1: 0003 0036 00001166
[   24921.783355] /dev/input/event1: 0000 0000 00000000
[   24922.042313] /dev/input/event1: 0003 003a 00000000
[   24922.042313] /dev/input/event1: 0003 0039 ffffffff
[   24922.042313] /dev/input/event1: 0000 0000 00000000
[   24922.920297] /dev/input/event1: 0003 0039 00000000
[   24922.920297] /dev/input/event1: 0003 0030 0000036b
[   24922.920297] /dev/input/event1: 0003 003a 00000081
[   24922.920297] /dev/input/event1: 0003 0035 000069d5
[   24922.920297] /dev/input/event1: 0003 0036 00005987
[   24922.920297] /dev/input/event1: 0000 0000 00000000
[   24923.043514] /dev/input/event1: 0003 0036 00005965
[   24923.043514] /dev/input/event1: 0000 0000 00000000
[   24923.064272] /dev/input/event1: 0003 0036 00005943
[   24923.064272] /dev/input/event1: 0000 0000 00000000
[   24923.075769] /dev/input/event1: 0003 0036 00005921
[   24923.075769] /dev/input/event1: 0000 0000 00000000
[   24923.086751] /dev/input/event1: 0003 0036 000058ff
[   24923.086751] /dev/input/event1: 0000 0000 00000000
[   24923.098134] /dev/input/event1: 0003 0036 000058cc
[   24923.098134] /dev/input/event1: 0000 0000 00000000
[   24923.109216] /dev/input/event1: 0003 0036 000058a9
[   24923.109216] /dev/input/event1: 0000 0000 00000000
[   24923.120629] /dev/input/event1: 0003 0036 00005887
[   24923.120629] /dev/input/event1: 0000 0000 00000000
[   24923.131967] /dev/input/event1: 0003 0036 00005865
[   24923.131967] /dev/input/event1: 0000 0000 00000000
[   24923.143053] /dev/input/event1: 0003 0036 00005821
[   24923.143053] /dev/input/event1: 0000 0000 00000000
[   24923.155457] /dev/input/event1: 0003 0036 000057ff
[   24923.155457] /dev/input/event1: 0000 0000 00000000
[   24923.165711] /dev/input/event1: 0003 0036 000057a9
[   24923.165711] /dev/input/event1: 0000 0000 00000000
[   24923.176675] /dev/input/event1: 0003 0036 00005765
[   24923.176675] /dev/input/event1: 0000 0000 00000000
[   24923.188106] /dev/input/event1: 0003 0036 000056ff
[   24923.188106] /dev/input/event1: 0000 0000 00000000
[   24923.199666] /dev/input/event1: 0003 0036 00005687
[   24923.199666] /dev/input/event1: 0000 0000 00000000
[   24923.210619] /dev/input/event1: 0003 0036 00005621
[   24923.210619] /dev/input/event1: 0000 0000 00000000
[   24923.221766] /dev/input/event1: 0003 0036 00005587
[   24923.221766] /dev/input/event1: 0000 0000 00000000
[   24923.233343] /dev/input/event1: 0003 0036 000054cc
[   24923.233343] /dev/input/event1: 0000 0000 00000000
[   24923.244429] /dev/input/event1: 0003 0036 00005465
[   24923.244429] /dev/input/event1: 0000 0000 00000000
[   24923.255520] /dev/input/event1: 0003 0036 000053aa
[   24923.255520] /dev/input/event1: 0000 0000 00000000
[   24923.266871] /dev/input/event1: 0003 0036 000052ff
[   24923.266871] /dev/input/event1: 0000 0000 00000000
[   24923.277968] /dev/input/event1: 0003 0036 00005287
[   24923.277968] /dev/input/event1: 0000 0000 00000000
[   24923.289256] /dev/input/event1: 0003 0036 00005187
[   24923.289256] /dev/input/event1: 0000 0000 00000000
[   24923.301031] /dev/input/event1: 0003 0036 000050aa
[   24923.301031] /dev/input/event1: 0000 0000 00000000
[   24923.311713] /dev/input/event1: 0003 0036 00004fff
[   24923.311713] /dev/input/event1: 0000 0000 00000000
[   24923.323137] /dev/input/event1: 0003 0036 00004eff
[   24923.323137] /dev/input/event1: 0000 0000 00000000
[   24923.334318] /dev/input/event1: 0003 0036 00004dff
[   24923.334318] /dev/input/event1: 0000 0000 00000000
[   24923.345388] /dev/input/event1: 0003 0036 00004d21
[   24923.345388] /dev/input/event1: 0000 0000 00000000
[   24923.356737] /dev/input/event1: 0003 0036 00004caa
[   24923.356737] /dev/input/event1: 0000 0000 00000000
[   24923.368332] /dev/input/event1: 0003 0036 00004bff
[   24923.368332] /dev/input/event1: 0000 0000 00000000
[   24923.379717] /dev/input/event1: 0003 0036 00004b21
[   24923.379717] /dev/input/event1: 0000 0000 00000000
[   24923.391317] /dev/input/event1: 0003 0036 00004a21
[   24923.391317] /dev/input/event1: 0000 0000 00000000
[   24923.401891] /dev/input/event1: 0003 0035 00006a12
[   24923.401891] /dev/input/event1: 0003 0036 00004921
[   24923.401891] /dev/input/event1: 0000 0000 00000000
[   24923.414682] /dev/input/event1: 0003 0036 000047aa
[   24923.414682] /dev/input/event1: 0000 0000 00000000
[   24923.425046] /dev/input/event1: 0003 0035 00006a4e
[   24923.425046] /dev/input/event1: 0003 0036 000046aa
[   24923.425046] /dev/input/event1: 0000 0000 00000000
[   24923.437338] /dev/input/event1: 0003 0036 00004543
[   24923.437338] /dev/input/event1: 0000 0000 00000000
[   24923.448639] /dev/input/event1: 0003 0036 00004421
[   24923.448639] /dev/input/event1: 0000 0000 00000000
[   24923.458210] /dev/input/event1: 0003 0036 000042ff
[   24923.458210] /dev/input/event1: 0000 0000 00000000
[   24923.472393] /dev/input/event1: 0003 0035 00006aa9
[   24923.472393] /dev/input/event1: 0003 0036 000041aa
[   24923.472393] /dev/input/event1: 0000 0000 00000000
[   24923.480668] /dev/input/event1: 0003 0036 00003fcc
[   24923.480668] /dev/input/event1: 0000 0000 00000000
[   24923.491785] /dev/input/event1: 0003 0036 00003d88
[   24923.491785] /dev/input/event1: 0000 0000 00000000
[   24923.503079] /dev/input/event1: 0003 0036 00003baa
[   24923.503079] /dev/input/event1: 0000 0000 00000000
[   24923.514215] /dev/input/event1: 0003 0036 00003943
[   24923.514215] /dev/input/event1: 0000 0000 00000000
[   24923.525487] /dev/input/event1: 0003 0036 000036ff
[   24923.525487] /dev/input/event1: 0000 0000 00000000
[   24923.536700] /dev/input/event1: 0003 0036 00003543
[   24923.536700] /dev/input/event1: 0000 0000 00000000
[   24923.548143] /dev/input/event1: 0003 0035 00006a4e
[   24923.548143] /dev/input/event1: 0003 0036 00003421
[   24923.548143] /dev/input/event1: 0000 0000 00000000
[   24923.559207] /dev/input/event1: 0003 0036 000032cc
[   24923.559207] /dev/input/event1: 0000 0000 00000000
[   24923.570664] /dev/input/event1: 0003 0036 000031aa
[   24923.570664] /dev/input/event1: 0000 0000 00000000
[   24923.581939] /dev/input/event1: 0003 0035 00006a12
[   24923.581939] /dev/input/event1: 0003 0036 000030ff
[   24923.581939] /dev/input/event1: 0000 0000 00000000
[   24923.593130] /dev/input/event1: 0003 0036 00003021
[   24923.593130] /dev/input/event1: 0000 0000 00000000
[   24923.604318] /dev/input/event1: 0003 0036 00002f66
[   24923.604318] /dev/input/event1: 0000 0000 00000000
[   24923.615834] /dev/input/event1: 0003 0035 000069d5
[   24923.615834] /dev/input/event1: 0003 0036 00002ecc
[   24923.615834] /dev/input/event1: 0000 0000 00000000
[   24923.626699] /dev/input/event1: 0003 0036 00002e21
[   24923.626699] /dev/input/event1: 0000 0000 00000000
[   24923.638104] /dev/input/event1: 0003 0036 00002d43
[   24923.638104] /dev/input/event1: 0000 0000 00000000
[   24923.649751] /dev/input/event1: 0003 0035 00006998
[   24923.649751] /dev/input/event1: 0003 0036 00002caa
[   24923.649751] /dev/input/event1: 0000 0000 00000000
[   24923.660481] /dev/input/event1: 0003 0036 00002c21
[   24923.660481] /dev/input/event1: 0000 0000 00000000
[   24923.672030] /dev/input/event1: 0003 0036 00002b66
[   24923.672030] /dev/input/event1: 0000 0000 00000000
[   24923.683389] /dev/input/event1: 0003 0036 00002aaa
[   24923.683389] /dev/input/event1: 0000 0000 00000000
[   24923.694187] /dev/input/event1: 0003 0036 00002a21
[   24923.694187] /dev/input/event1: 0000 0000 00000000
[   24923.705435] /dev/input/event1: 0003 0036 00002966
[   24923.705435] /dev/input/event1: 0000 0000 00000000
[   24923.716937] /dev/input/event1: 0003 0036 000028aa
[   24923.716937] /dev/input/event1: 0000 0000 00000000
[   24923.728012] /dev/input/event1: 0003 0036 000027ff
[   24923.728012] /dev/input/event1: 0000 0000 00000000
[   24923.739178] /dev/input/event1: 0003 0036 00002788
[   24923.739178] /dev/input/event1: 0000 0000 00000000
[   24923.751290] /dev/input/event1: 0003 0036 000026cc
[   24923.751290] /dev/input/event1: 0000 0000 00000000
[   24923.761850] /dev/input/event1: 0003 0036 00002621
[   24923.761850] /dev/input/event1: 0000 0000 00000000
[   24923.772972] /dev/input/event1: 0003 0036 000025aa
[   24923.772972] /dev/input/event1: 0000 0000 00000000
[   24923.784673] /dev/input/event1: 0003 0036 00002521
[   24923.784673] /dev/input/event1: 0000 0000 00000000
[   24923.795484] /dev/input/event1: 0003 0036 00002488
[   24923.795484] /dev/input/event1: 0000 0000 00000000
[   24923.806962] /dev/input/event1: 0003 0036 00002421
[   24923.806962] /dev/input/event1: 0000 0000 00000000
[   24923.818330] /dev/input/event1: 0003 0036 00002388
[   24923.818330] /dev/input/event1: 0000 0000 00000000
[   24923.830549] /dev/input/event1: 0003 0035 000069d5
[   24923.830549] /dev/input/event1: 0003 0036 000022cc
[   24923.830549] /dev/input/event1: 0000 0000 00000000
[   24923.841530] /dev/input/event1: 0003 0036 00002243
[   24923.841530] /dev/input/event1: 0000 0000 00000000
[   24923.852011] /dev/input/event1: 0003 0036 000021cc
[   24923.852011] /dev/input/event1: 0000 0000 00000000
[   24923.863162] /dev/input/event1: 0003 0035 00006a12
[   24923.863162] /dev/input/event1: 0003 0036 00002121
[   24923.863162] /dev/input/event1: 0000 0000 00000000
[   24923.875552] /dev/input/event1: 0003 0036 00002066
[   24923.875552] /dev/input/event1: 0000 0000 00000000
[   24923.885528] /dev/input/event1: 0003 0036 00001fcc
[   24923.885528] /dev/input/event1: 0000 0000 00000000
[   24923.896697] /dev/input/event1: 0003 0036 00001f21
[   24923.896697] /dev/input/event1: 0000 0000 00000000
[   24923.908217] /dev/input/event1: 0003 0035 00006a4e
[   24923.908217] /dev/input/event1: 0003 0036 00001e66
[   24923.908217] /dev/input/event1: 0000 0000 00000000
[   24923.919471] /dev/input/event1: 0003 0036 00001dff
[   24923.919471] /dev/input/event1: 0000 0000 00000000
[   24923.930737] /dev/input/event1: 0003 0036 00001d44
[   24923.930737] /dev/input/event1: 0000 0000 00000000
[   24923.941988] /dev/input/event1: 0003 0036 00001caa
[   24923.941988] /dev/input/event1: 0000 0000 00000000
[   24923.953184] /dev/input/event1: 0003 0036 00001bff
[   24923.953184] /dev/input/event1: 0000 0000 00000000
[   24923.964185] /dev/input/event1: 0003 0036 00001b66
[   24923.964185] /dev/input/event1: 0000 0000 00000000
[   24923.977250] /dev/input/event1: 0003 0036 00001acc
[   24923.977250] /dev/input/event1: 0000 0000 00000000
[   24923.986729] /dev/input/event1: 0003 0036 00001a21
[   24923.986729] /dev/input/event1: 0000 0000 00000000
[   24924.009393] /dev/input/event1: 0003 0036 000019aa
[   24924.009393] /dev/input/event1: 0000 0000 00000000
[   24924.010874] /dev/input/event1: 0003 0036 00001944
[   24924.010874] /dev/input/event1: 0000 0000 00000000
[   24924.021135] /dev/input/event1: 0003 0036 000018cc
[   24924.021135] /dev/input/event1: 0000 0000 00000000
[   24924.032088] /dev/input/event1: 0003 0036 00001866
[   24924.032088] /dev/input/event1: 0000 0000 00000000
[   24924.043113] /dev/input/event1: 0003 0036 00001821
[   24924.043113] /dev/input/event1: 0000 0000 00000000
[   24924.054341] /dev/input/event1: 0003 0036 000017cc
[   24924.054341] /dev/input/event1: 0000 0000 00000000
[   24924.065893] /dev/input/event1: 0003 0036 00001766
[   24924.065893] /dev/input/event1: 0000 0000 00000000
[   24924.076789] /dev/input/event1: 0003 0036 00001744
[   24924.076789] /dev/input/event1: 0000 0000 00000000
[   24924.089818] /dev/input/event1: 0003 0036 000016ff
[   24924.089818] /dev/input/event1: 0000 0000 00000000
[   24924.101099] /dev/input/event1: 0003 0036 000016cc
[   24924.101099] /dev/input/event1: 0000 0000 00000000
[   24924.110489] /dev/input/event1: 0003 0036 000016aa
[   24924.110489] /dev/input/event1: 0000 0000 00000000
[   24924.133280] /dev/input/event1: 0003 0036 00001688
[   24924.133280] /dev/input/event1: 0000 0000 00000000
[   24924.167493] /dev/input/event1: 0003 0036 00001666
[   24924.167493] /dev/input/event1: 0000 0000 00000000
[   24924.211690] /dev/input/event1: 0003 0036 00001644
[   24924.211690] /dev/input/event1: 0000 0000 00000000
[   24925.078289] /dev/input/event1: 0003 003a 00000000
[   24925.078289] /dev/input/event1: 0003 0039 ffffffff
[   24925.078289] /dev/input/event1: 0000 0000 00000000
[   24927.925181] /dev/input/event1: 0003 0039 00000000
[   24927.925181] /dev/input/event1: 0003 0030 0000036c
[   24927.925181] /dev/input/event1: 0003 003a 00000081
[   24927.925181] /dev/input/event1: 0003 0035 0000284b
[   24927.925181] /dev/input/event1: 0003 0036 000047cc
[   24927.925181] /dev/input/event1: 0000 0000 00000000
[   24928.038780] /dev/input/event1: 0003 003a 00000000
[   24928.038780] /dev/input/event1: 0003 0039 ffffffff
[   24928.038780] /dev/input/event1: 0000 0000 00000000
[   24931.290108] /dev/input/event1: 0003 0039 00000000
[   24931.290108] /dev/input/event1: 0003 0030 0000036d
[   24931.290108] /dev/input/event1: 0003 003a 00000081
[   24931.290108] /dev/input/event1: 0003 0035 000027d2
[   24931.290108] /dev/input/event1: 0003 0036 00004787
[   24931.290108] /dev/input/event1: 0000 0000 00000000
[   24931.401719] /dev/input/event1: 0003 003a 00000000
[   24931.401719] /dev/input/event1: 0003 0039 ffffffff
[   24931.401719] /dev/input/event1: 0000 0000 00000000
[   24934.619122] /dev/input/event1: 0003 0039 00000000
[   24934.619122] /dev/input/event1: 0003 0030 0000036e
[   24934.619122] /dev/input/event1: 0003 003a 00000081
[   24934.619122] /dev/input/event1: 0003 0035 0000403c
[   24934.619122] /dev/input/event1: 0003 0036 000066ff
[   24934.619122] /dev/input/event1: 0000 0000 00000000
[   24934.742061] /dev/input/event1: 0003 003a 00000000
[   24934.742061] /dev/input/event1: 0003 0039 ffffffff
[   24934.742061] /dev/input/event1: 0000 0000 00000000
[   24936.891568] /dev/input/event1: 0003 0039 00000000
[   24936.891568] /dev/input/event1: 0003 0030 0000036f
[   24936.891568] /dev/input/event1: 0003 003a 00000081
[   24936.891568] /dev/input/event1: 0003 0035 00005fa4
[   24936.891568] /dev/input/event1: 0003 0036 00001744
[   24936.891568] /dev/input/event1: 0000 0000 00000000
[   24938.015414] /dev/input/event1: 0003 003a 00000000
[   24938.015414] /dev/input/event1: 0003 0039 ffffffff
[   24938.015414] /dev/input/event1: 0000 0000 00000000
[   24939.558313] /dev/input/event1: 0003 0039 00000000
[   24939.558313] /dev/input/event1: 0003 0030 00000370
[   24939.558313] /dev/input/event1: 0003 003a 00000081
[   24939.558313] /dev/input/event1: 0003 0035 00005758
[   24939.558313] /dev/input/event1: 0003 0036 00003488
[   24939.558313] /dev/input/event1: 0000 0000 00000000
[   24939.671105] /dev/input/event1: 0003 003a 00000000
[   24939.671105] /dev/input/event1: 0003 0039 ffffffff
[   24939.671105] /dev/input/event1: 0000 0000 00000000
[   24941.570469] /dev/input/event1: 0003 0039 00000000
[   24941.570469] /dev/input/event1: 0003 0030 00000371
[   24941.570469] /dev/input/event1: 0003 003a 00000081
[   24941.570469] /dev/input/event1: 0003 0035 00003407
[   24941.570469] /dev/input/event1: 0003 0036 00003faa
[   24941.570469] /dev/input/event1: 0000 0000 00000000
[   24941.716862] /dev/input/event1: 0003 003a 00000000
[   24941.716862] /dev/input/event1: 0003 0039 ffffffff
[   24941.716862] /dev/input/event1: 0000 0000 00000000