add device 1: /dev/input/event0
  name:     "Power Button"
add device 2: /dev/input/event1
  name:     "qwerty2"
[  248866.481171] /dev/input/event1: 0003 0039 00000000
[  248866.481171] /dev/input/event1: 0003 0030 000005d8
[  248866.481171] /dev/input/event1: 0003 003a 00000081
[  248866.481171] /dev/input/event1: 0003 0035 00006794
[  248866.481171] /dev/input/event1: 0003 0036 00006f32
[  248866.481171] /dev/input/event1: 0000 0000 00000000
[  248866.596292] /dev/input/event1: 0003 003a 00000000
[  248866.596292] /dev/input/event1: 0003 0039 ffffffff
[  248866.596292] /dev/input/event1: 0000 0000 00000000
[  248868.427800] /dev/input/event1: 0003 0039 00000000
[  248868.427800] /dev/input/event1: 0003 0030 000005d9
[  248868.427800] /dev/input/event1: 0003 003a 00000081
[  248868.427800] /dev/input/event1: 0003 0035 0000784a
[  248868.427800] /dev/input/event1: 0003 0036 00000add
[  248868.427800] /dev/input/event1: 0000 0000 00000000
[  248868.552230] /dev/input/event1: 0003 003a 00000000
[  248868.552230] /dev/input/event1: 0003 0039 ffffffff
[  248868.552230] /dev/input/event1: 0000 0000 00000000
[  248874.168646] /dev/input/event1: 0003 0039 00000000
[  248874.168646] /dev/input/event1: 0003 0030 000005da
[  248874.168646] /dev/input/event1: 0003 003a 00000081
[  248874.168646] /dev/input/event1: 0003 0035 00004eee
[  248874.168646] /dev/input/event1: 0003 0036 00000822
[  248874.168646] /dev/input/event1: 0000 0000 00000000
[  248874.258593] /dev/input/event1: 0003 003a 00000000
[  248874.258593] /dev/input/event1: 0003 0039 ffffffff
[  248874.258593] /dev/input/event1: 0000 0000 00000000
[  248876.320282] /dev/input/event1: 0003 0039 00000000
[  248876.320282] /dev/input/event1: 0003 0030 000005db
[  248876.320282] /dev/input/event1: 0003 003a 00000081
[  248876.320282] /dev/input/event1: 0003 0035 00003a4f
[  248876.320282] /dev/input/event1: 0003 0036 00003c54
[  248876.320282] /dev/input/event1: 0000 0000 00000000
[  248876.416616] /dev/input/event1: 0003 003a 00000000
[  248876.416616] /dev/input/event1: 0003 0039 ffffffff
[  248876.416616] /dev/input/event1: 0000 0000 00000000
[  248877.682346] /dev/input/event1: 0003 0039 00000000
[  248877.682346] /dev/input/event1: 0003 0030 000005dc
[  248877.682346] /dev/input/event1: 0003 003a 00000081
[  248877.682346] /dev/input/event1: 0003 0035 00003b23
[  248877.682346] /dev/input/event1: 0003 0036 000051aa
[  248877.682346] /dev/input/event1: 0000 0000 00000000
[  248877.776712] /dev/input/event1: 0003 003a 00000000
[  248877.776712] /dev/input/event1: 0003 0039 ffffffff
[  248877.776712] /dev/input/event1: 0000 0000 00000000
[  248878.932721] /dev/input/event1: 0003 0039 00000000
[  248878.932721] /dev/input/event1: 0003 0030 000005dd
[  248878.932721] /dev/input/event1: 0003 003a 00000081
[  248878.932721] /dev/input/event1: 0003 0035 00001fc3
[  248878.932721] /dev/input/event1: 0003 0036 00005087
[  248878.932721] /dev/input/event1: 0000 0000 00000000
[  248879.026730] /dev/input/event1: 0003 003a 00000000
[  248879.026730] /dev/input/event1: 0003 0039 ffffffff
[  248879.026730] /dev/input/event1: 0000 0000 00000000
[  248880.124879] /dev/input/event1: 0003 0039 00000000
[  248880.124879] /dev/input/event1: 0003 0030 000005de
[  248880.124879] /dev/input/event1: 0003 003a 00000081
[  248880.124879] /dev/input/event1: 0003 0035 000018e3
[  248880.124879] /dev/input/event1: 0003 0036 00005c43
[  248880.124879] /dev/input/event1: 0000 0000 00000000
[  248880.202258] /dev/input/event1: 0003 003a 00000000
[  248880.202258] /dev/input/event1: 0003 0039 ffffffff
[  248880.202258] /dev/input/event1: 0000 0000 00000000
[  248881.326190] /dev/input/event1: 0003 0039 00000000
[  248881.326190] /dev/input/event1: 0003 0030 000005df
[  248881.326190] /dev/input/event1: 0003 003a 00000081
[  248881.326190] /dev/input/event1: 0003 0035 000037f0
[  248881.326190] /dev/input/event1: 0003 0036 00005087
[  248881.326190] /dev/input/event1: 0000 0000 00000000
[  248881.436413] /dev/input/event1: 0003 003a 00000000
[  248881.436413] /dev/input/event1: 0003 0039 ffffffff
[  248881.436413] /dev/input/event1: 0000 0000 00000000
[  248882.494770] /dev/input/event1: 0003 0039 00000000
[  248882.494770] /dev/input/event1: 0003 0030 000005e0
[  248882.494770] /dev/input/event1: 0003 003a 00000081
[  248882.494770] /dev/input/event1: 0003 0035 00005f2a
[  248882.494770] /dev/input/event1: 0003 0036 00002b77
[  248882.494770] /dev/input/event1: 0000 0000 00000000
[  248882.607672] /dev/input/event1: 0003 003a 00000000
[  248882.607672] /dev/input/event1: 0003 0039 ffffffff
[  248882.607672] /dev/input/event1: 0000 0000 00000000
[  248884.933320] /dev/input/event1: 0003 0039 00000000
[  248884.933320] /dev/input/event1: 0003 0030 000005e1
[  248884.933320] /dev/input/event1: 0003 003a 00000081
[  248884.933320] /dev/input/event1: 0003 0035 000079b6
[  248884.933320] /dev/input/event1: 0003 0036 00000988
[  248884.933320] /dev/input/event1: 0000 0000 00000000
[  248885.042456] /dev/input/event1: 0003 003a 00000000
[  248885.042456] /dev/input/event1: 0003 0039 ffffffff
[  248885.042456] /dev/input/event1: 0000 0000 00000000
[  248887.465225] /dev/input/event1: 0003 0039 00000000
[  248887.465225] /dev/input/event1: 0003 0030 000005e2
[  248887.465225] /dev/input/event1: 0003 003a 00000081
[  248887.465225] /dev/input/event1: 0003 0035 0000693d
[  248887.465225] /dev/input/event1: 0003 0036 00001a32
[  248887.465225] /dev/input/event1: 0000 0000 00000000
[  248887.544728] /dev/input/event1: 0003 003a 00000000
[  248887.544728] /dev/input/event1: 0003 0039 ffffffff
[  248887.544728] /dev/input/event1: 0000 0000 00000000
[  248891.512461] /dev/input/event1: 0003 0039 00000000
[  248891.512461] /dev/input/event1: 0003 0030 000005e3
[  248891.512461] /dev/input/event1: 0003 003a 00000081
[  248891.512461] /dev/input/event1: 0003 0035 00001cae
[  248891.512461] /dev/input/event1: 0003 0036 00007e54
[  248891.512461] /dev/input/event1: 0000 0000 00000000
[  248891.623167] /dev/input/event1: 0003 003a 00000000
[  248891.623167] /dev/input/event1: 0003 0039 ffffffff
[  248891.623167] /dev/input/event1: 0000 0000 00000000
[  248893.499925] /dev/input/event1: 0003 0039 00000000
[  248893.499925] /dev/input/event1: 0003 0030 000005e4
[  248893.499925] /dev/input/event1: 0003 003a 00000081
[  248893.499925] /dev/input/event1: 0003 0035 00004351
[  248893.499925] /dev/input/event1: 0003 0036 00001166
[  248893.499925] /dev/input/event1: 0000 0000 00000000
[  248894.891732] /dev/input/event1: 0003 003a 00000000
[  248894.891732] /dev/input/event1: 0003 0039 ffffffff
[  248894.891732] /dev/input/event1: 0000 0000 00000000
[  248895.926230] /dev/input/event1: 0003 0039 00000000
[  248895.926230] /dev/input/event1: 0003 0030 000005e5
[  248895.926230] /dev/input/event1: 0003 003a 00000081
[  248895.926230] /dev/input/event1: 0003 0035 00005406
[  248895.926230] /dev/input/event1: 0003 0036 00002dcc
[  248895.926230] /dev/input/event1: 0000 0000 00000000
[  248896.005078] /dev/input/event1: 0003 003a 00000000
[  248896.005078] /dev/input/event1: 0003 0039 ffffffff
[  248896.005078] /dev/input/event1: 0000 0000 00000000
[  248898.336299] /dev/input/event1: 0003 0039 00000000
[  248898.336299] /dev/input/event1: 0003 0030 000005e6
[  248898.336299] /dev/input/event1: 0003 003a 00000081
[  248898.336299] /dev/input/event1: 0003 0035 00007a8b
[  248898.336299] /dev/input/event1: 0003 0036 000008ff
[  248898.336299] /dev/input/event1: 0000 0000 00000000
[  248898.448469] /dev/input/event1: 0003 003a 00000000
[  248898.448469] /dev/input/event1: 0003 0039 ffffffff
[  248898.448469] /dev/input/event1: 0000 0000 00000000
[  248900.092636] /dev/input/event1: 0003 0039 00000000
[  248900.092636] /dev/input/event1: 0003 0030 000005e7
[  248900.092636] /dev/input/event1: 0003 003a 00000081
[  248900.092636] /dev/input/event1: 0003 0035 000070b5
[  248900.092636] /dev/input/event1: 0003 0036 00000933
[  248900.092636] /dev/input/event1: 0000 0000 00000000
[  248900.186388] /dev/input/event1: 0003 003a 00000000
[  248900.186388] /dev/input/event1: 0003 0039 ffffffff
[  248900.186388] /dev/input/event1: 0000 0000 00000000
[  248902.767823] /dev/input/event1: 0003 0039 00000000
[  248902.767823] /dev/input/event1: 0003 0030 000005e8
[  248902.767823] /dev/input/event1: 0003 003a 00000081
[  248902.767823] /dev/input/event1: 0003 0035 000027b3
[  248902.767823] /dev/input/event1: 0003 0036 00003e65
[  248902.767823] /dev/input/event1: 0000 0000 00000000
[  248902.878213] /dev/input/event1: 0003 003a 00000000
[  248902.878213] /dev/input/event1: 0003 0039 ffffffff
[  248902.878213] /dev/input/event1: 0000 0000 00000000
[  248904.259325] /dev/input/event1: 0003 0039 00000000
[  248904.259325] /dev/input/event1: 0003 0030 000005e9
[  248904.259325] /dev/input/event1: 0003 003a 00000081
[  248904.259325] /dev/input/event1: 0003 0035 00002901
[  248904.259325] /dev/input/event1: 0003 0036 00005b76
[  248904.259325] /dev/input/event1: 0000 0000 00000000
[  248904.352291] /dev/input/event1: 0003 0036 00005b65
[  248904.352291] /dev/input/event1: 0000 0000 00000000
[  248904.355747] /dev/input/event1: 0003 0036 00005b21
[  248904.355747] /dev/input/event1: 0000 0000 00000000
[  248904.367881] /dev/input/event1: 0003 0036 00005aee
[  248904.367881] /dev/input/event1: 0000 0000 00000000
[  248904.374186] /dev/input/event1: 0003 0036 00005a98
[  248904.374186] /dev/input/event1: 0000 0000 00000000
[  248904.384183] /dev/input/event1: 0003 0036 00005a65
[  248904.384183] /dev/input/event1: 0000 0000 00000000
[  248904.388301] /dev/input/event1: 0003 0036 000059ff
[  248904.388301] /dev/input/event1: 0000 0000 00000000
[  248904.399847] /dev/input/event1: 0003 0036 000059bb
[  248904.399847] /dev/input/event1: 0000 0000 00000000
[  248904.404175] /dev/input/event1: 0003 0036 00005954
[  248904.404175] /dev/input/event1: 0000 0000 00000000
[  248904.416178] /dev/input/event1: 0003 0035 0000291f
[  248904.416178] /dev/input/event1: 0003 0036 000058ee
[  248904.416178] /dev/input/event1: 0000 0000 00000000
[  248904.420129] /dev/input/event1: 0003 0036 00005865
[  248904.420129] /dev/input/event1: 0000 0000 00000000
[  248904.432393] /dev/input/event1: 0003 0036 000057ee
[  248904.432393] /dev/input/event1: 0000 0000 00000000
[  248904.435981] /dev/input/event1: 0003 0035 0000295c
[  248904.435981] /dev/input/event1: 0003 0036 00005765
[  248904.435981] /dev/input/event1: 0000 0000 00000000
[  248904.447804] /dev/input/event1: 0003 0036 000056ee
[  248904.447804] /dev/input/event1: 0000 0000 00000000
[  248904.451897] /dev/input/event1: 0003 0036 00005665
[  248904.451897] /dev/input/event1: 0000 0000 00000000
[  248904.464061] /dev/input/event1: 0003 0035 0000297a
[  248904.464061] /dev/input/event1: 0003 0036 000055ee
[  248904.464061] /dev/input/event1: 0000 0000 00000000
[  248904.467919] /dev/input/event1: 0003 0036 00005565
[  248904.467919] /dev/input/event1: 0000 0000 00000000
[  248904.480494] /dev/input/event1: 0003 0036 000054ee
[  248904.480494] /dev/input/event1: 0000 0000 00000000
[  248904.484526] /dev/input/event1: 0003 0035 000029b7
[  248904.484526] /dev/input/event1: 0003 0036 00005465
[  248904.484526] /dev/input/event1: 0000 0000 00000000
[  248904.496803] /dev/input/event1: 0003 0036 00005421
[  248904.496803] /dev/input/event1: 0000 0000 00000000
[  248904.500367] /dev/input/event1: 0003 0036 000053bb
[  248904.500367] /dev/input/event1: 0000 0000 00000000
[  248904.511869] /dev/input/event1: 0003 0035 000029d5
[  248904.511869] /dev/input/event1: 0003 0036 00005354
[  248904.511869] /dev/input/event1: 0000 0000 00000000
[  248904.515748] /dev/input/event1: 0003 0036 000052ee
[  248904.515748] /dev/input/event1: 0000 0000 00000000
[  248904.528399] /dev/input/event1: 0003 0035 00002a12
[  248904.528399] /dev/input/event1: 0003 0036 00005287
[  248904.528399] /dev/input/event1: 0000 0000 00000000
[  248904.533104] /dev/input/event1: 0003 0035 00002a30
[  248904.533104] /dev/input/event1: 0003 0036 000051ff
[  248904.533104] /dev/input/event1: 0000 0000 00000000
[  248904.544393] /dev/input/event1: 0003 0035 00002a6d
[  248904.544393] /dev/input/event1: 0003 0036 00005187
[  248904.544393] /dev/input/event1: 0000 0000 00000000
[  248904.548073] /dev/input/event1: 0003 0036 000050ee
[  248904.548073] /dev/input/event1: 0000 0000 00000000
[  248904.559844] /dev/input/event1: 0003 0036 00005054
[  248904.559844] /dev/input/event1: 0000 0000 00000000
[  248904.564222] /dev/input/event1: 0003 0036 00004f98
[  248904.564222] /dev/input/event1: 0000 0000 00000000
[  248904.575722] /dev/input/event1: 0003 0036 00004eee
[  248904.575722] /dev/input/event1: 0000 0000 00000000
[  248904.580121] /dev/input/event1: 0003 0036 00004e32
[  248904.580121] /dev/input/event1: 0000 0000 00000000
[  248904.591816] /dev/input/event1: 0003 0036 00004d65
[  248904.591816] /dev/input/event1: 0000 0000 00000000
[  248904.595694] /dev/input/event1: 0003 0036 00004c99
[  248904.595694] /dev/input/event1: 0000 0000 00000000
[  248904.607834] /dev/input/event1: 0003 0036 00004bcc
[  248904.607834] /dev/input/event1: 0000 0000 00000000
[  248904.611650] /dev/input/event1: 0003 0036 00004aff
[  248904.611650] /dev/input/event1: 0000 0000 00000000
[  248904.624170] /dev/input/event1: 0003 0035 00002a8b
[  248904.624170] /dev/input/event1: 0003 0036 00004a65
[  248904.624170] /dev/input/event1: 0000 0000 00000000
[  248904.628164] /dev/input/event1: 0003 0035 00002ac8
[  248904.628164] /dev/input/event1: 0003 0036 000049bb
[  248904.628164] /dev/input/event1: 0000 0000 00000000
[  248904.640501] /dev/input/event1: 0003 0036 000048ff
[  248904.640501] /dev/input/event1: 0000 0000 00000000
[  248904.644108] /dev/input/event1: 0003 0035 00002ae7
[  248904.644108] /dev/input/event1: 0003 0036 00004854
[  248904.644108] /dev/input/event1: 0000 0000 00000000
[  248904.655943] /dev/input/event1: 0003 0035 00002b23
[  248904.655943] /dev/input/event1: 0003 0036 00004787
[  248904.655943] /dev/input/event1: 0000 0000 00000000
[  248904.659675] /dev/input/event1: 0003 0035 00002b42
[  248904.659675] /dev/input/event1: 0003 0036 000046cc
[  248904.659675] /dev/input/event1: 0000 0000 00000000
[  248904.672195] /dev/input/event1: 0003 0035 00002b7e
[  248904.672195] /dev/input/event1: 0003 0036 00004621
[  248904.672195] /dev/input/event1: 0000 0000 00000000
[  248904.676404] /dev/input/event1: 0003 0035 00002b9d
[  248904.676404] /dev/input/event1: 0003 0036 00004554
[  248904.676404] /dev/input/event1: 0000 0000 00000000
[  248904.687705] /dev/input/event1: 0003 0035 00002bd9
[  248904.687705] /dev/input/event1: 0003 0036 00004487
[  248904.687705] /dev/input/event1: 0000 0000 00000000
[  248904.692036] /dev/input/event1: 0003 0035 00002c34
[  248904.692036] /dev/input/event1: 0003 0036 000043bb
[  248904.692036] /dev/input/event1: 0000 0000 00000000
[  248904.704233] /dev/input/event1: 0003 0035 00002c8f
[  248904.704233] /dev/input/event1: 0003 0036 000042cc
[  248904.704233] /dev/input/event1: 0000 0000 00000000
[  248904.709418] /dev/input/event1: 0003 0035 00002cae
[  248904.709418] /dev/input/event1: 0003 0036 000041cc
[  248904.709418] /dev/input/event1: 0000 0000 00000000
[  248904.719715] /dev/input/event1: 0003 0035 00002cea
[  248904.719715] /dev/input/event1: 0003 0036 000040ff
[  248904.719715] /dev/input/event1: 0000 0000 00000000
[  248904.725861] /dev/input/event1: 0003 0035 00002d09
[  248904.725861] /dev/input/event1: 0003 0036 00004032
[  248904.725861] /dev/input/event1: 0000 0000 00000000
[  248904.736160] /dev/input/event1: 0003 0036 00003f88
[  248904.736160] /dev/input/event1: 0000 0000 00000000
[  248904.740087] /dev/input/event1: 0003 0036 00003eee
[  248904.740087] /dev/input/event1: 0000 0000 00000000
[  248904.751919] /dev/input/event1: 0003 0035 00002d45
[  248904.751919] /dev/input/event1: 0003 0036 00003e65
[  248904.751919] /dev/input/event1: 0000 0000 00000000
[  248904.755927] /dev/input/event1: 0003 0036 00003dee
[  248904.755927] /dev/input/event1: 0000 0000 00000000
[  248904.768426] /dev/input/event1: 0003 0036 00003d88
[  248904.768426] /dev/input/event1: 0000 0000 00000000
[  248904.773522] /dev/input/event1: 0003 0035 00002d64
[  248904.773522] /dev/input/event1: 0003 0036 00003d21
[  248904.773522] /dev/input/event1: 0000 0000 00000000
[  248904.786055] /dev/input/event1: 0003 0035 00002da0
[  248904.786055] /dev/input/event1: 0003 0036 00003ccc
[  248904.786055] /dev/input/event1: 0000 0000 00000000
[  248904.789614] /dev/input/event1: 0003 0035 00002dbf
[  248904.789614] /dev/input/event1: 0003 0036 00003c65
[  248904.789614] /dev/input/event1: 0000 0000 00000000
[  248904.800256] /dev/input/event1: 0003 0035 00002dfb
[  248904.800256] /dev/input/event1: 0003 0036 00003bff
[  248904.800256] /dev/input/event1: 0000 0000 00000000
[  248904.803877] /dev/input/event1: 0003 0035 00002e56
[  248904.803877] /dev/input/event1: 0003 0036 00003b32
[  248904.803877] /dev/input/event1: 0000 0000 00000000
[  248904.815921] /dev/input/event1: 0003 0035 00002e75
[  248904.815921] /dev/input/event1: 0003 0036 00003a65
[  248904.815921] /dev/input/event1: 0000 0000 00000000
[  248904.820098] /dev/input/event1: 0003 0035 00002eb1
[  248904.820098] /dev/input/event1: 0003 0036 00003999
[  248904.820098] /dev/input/event1: 0000 0000 00000000
[  248904.832676] /dev/input/event1: 0003 0035 00002f0c
[  248904.832676] /dev/input/event1: 0003 0036 000038cc
[  248904.832676] /dev/input/event1: 0000 0000 00000000
[  248904.835702] /dev/input/event1: 0003 0035 00002f67
[  248904.835702] /dev/input/event1: 0003 0036 000037ee
[  248904.835702] /dev/input/event1: 0000 0000 00000000
[  248904.848095] /dev/input/event1: 0003 0035 00002f86
[  248904.848095] /dev/input/event1: 0003 0036 00003721
[  248904.848095] /dev/input/event1: 0000 0000 00000000
[  248904.852682] /dev/input/event1: 0003 0035 00002fe1
[  248904.852682] /dev/input/event1: 0003 0036 00003665
[  248904.852682] /dev/input/event1: 0000 0000 00000000
[  248904.863731] /dev/input/event1: 0003 0035 0000301d
[  248904.863731] /dev/input/event1: 0003 0036 000035cc
[  248904.863731] /dev/input/event1: 0000 0000 00000000
[  248904.867806] /dev/input/event1: 0003 0035 0000303c
[  248904.867806] /dev/input/event1: 0003 0036 00003521
[  248904.867806] /dev/input/event1: 0000 0000 00000000
[  248904.881152] /dev/input/event1: 0003 0035 00003078
[  248904.881152] /dev/input/event1: 0003 0036 00003488
[  248904.881152] /dev/input/event1: 0000 0000 00000000
[  248904.883681] /dev/input/event1: 0003 0035 00003097
[  248904.883681] /dev/input/event1: 0003 0036 000033ee
[  248904.883681] /dev/input/event1: 0000 0000 00000000
[  248904.895879] /dev/input/event1: 0003 0035 000030d4
[  248904.895879] /dev/input/event1: 0003 0036 00003354
[  248904.895879] /dev/input/event1: 0000 0000 00000000
[  248904.899678] /dev/input/event1: 0003 0035 000030f2
[  248904.899678] /dev/input/event1: 0003 0036 000032bb
[  248904.899678] /dev/input/event1: 0000 0000 00000000
[  248904.911862] /dev/input/event1: 0003 0035 0000312f
[  248904.911862] /dev/input/event1: 0003 0036 000031ff
[  248904.911862] /dev/input/event1: 0000 0000 00000000
[  248904.915740] /dev/input/event1: 0003 0035 0000318a
[  248904.915740] /dev/input/event1: 0003 0036 00003154
[  248904.915740] /dev/input/event1: 0000 0000 00000000
[  248904.931650] /dev/input/event1: 0003 0035 000031a8
[  248904.931650] /dev/input/event1: 0003 0036 00003099
[  248904.931650] /dev/input/event1: 0000 0000 00000000
[  248904.935928] /dev/input/event1: 0003 0035 000031e5
[  248904.935928] /dev/input/event1: 0003 0036 00002fee
[  248904.935928] /dev/input/event1: 0000 0000 00000000
[  248904.943902] /dev/input/event1: 0003 0035 00003203
[  248904.943902] /dev/input/event1: 0003 0036 00002f21
[  248904.943902] /dev/input/event1: 0000 0000 00000000
[  248904.947988] /dev/input/event1: 0003 0035 00003240
[  248904.947988] /dev/input/event1: 0003 0036 00002e88
[  248904.947988] /dev/input/event1: 0000 0000 00000000
[  248904.962652] /dev/input/event1: 0003 0035 0000325e
[  248904.962652] /dev/input/event1: 0003 0036 00002dee
[  248904.962652] /dev/input/event1: 0000 0000 00000000
[  248904.965651] /dev/input/event1: 0003 0035 0000329b
[  248904.965651] /dev/input/event1: 0003 0036 00002d66
[  248904.965651] /dev/input/event1: 0000 0000 00000000
[  248904.976612] /dev/input/event1: 0003 0035 000032b9
[  248904.976612] /dev/input/event1: 0003 0036 00002cee
[  248904.976612] /dev/input/event1: 0000 0000 00000000
[  248904.981604] /dev/input/event1: 0003 0035 000032f6
[  248904.981604] /dev/input/event1: 0003 0036 00002c66
[  248904.981604] /dev/input/event1: 0000 0000 00000000
[  248904.992200] /dev/input/event1: 0003 0035 00003314
[  248904.992200] /dev/input/event1: 0003 0036 00002bee
[  248904.992200] /dev/input/event1: 0000 0000 00000000
[  248904.996505] /dev/input/event1: 0003 0035 00003351
[  248904.996505] /dev/input/event1: 0003 0036 00002bbb
[  248904.996505] /dev/input/event1: 0000 0000 00000000
[  248905.008199] /dev/input/event1: 0003 0036 00002b66
[  248905.008199] /dev/input/event1: 0000 0000 00000000
[  248905.011837] /dev/input/event1: 0003 0035 0000336f
[  248905.011837] /dev/input/event1: 0003 0036 00002aff
[  248905.011837] /dev/input/event1: 0000 0000 00000000
[  248905.023821] /dev/input/event1: 0003 0035 000033ac
[  248905.023821] /dev/input/event1: 0003 0036 00002a88
[  248905.023821] /dev/input/event1: 0000 0000 00000000
[  248905.028129] /dev/input/event1: 0003 0035 000033ca
[  248905.028129] /dev/input/event1: 0003 0036 00002a21
[  248905.028129] /dev/input/event1: 0000 0000 00000000
[  248905.040040] /dev/input/event1: 0003 0035 00003407
[  248905.040040] /dev/input/event1: 0003 0036 00002999
[  248905.040040] /dev/input/event1: 0000 0000 00000000
[  248905.043699] /dev/input/event1: 0003 0035 00003425
[  248905.043699] /dev/input/event1: 0003 0036 00002932
[  248905.043699] /dev/input/event1: 0000 0000 00000000
[  248905.059169] /dev/input/event1: 0003 0035 00003462
[  248905.059169] /dev/input/event1: 0003 0036 000028bb
[  248905.059169] /dev/input/event1: 0000 0000 00000000
[  248905.061946] /dev/input/event1: 0003 0035 00003480
[  248905.061946] /dev/input/event1: 0003 0036 00002855
[  248905.061946] /dev/input/event1: 0000 0000 00000000
[  248905.075418] /dev/input/event1: 0003 0035 000034bd
[  248905.075418] /dev/input/event1: 0003 0036 000027ee
[  248905.075418] /dev/input/event1: 0000 0000 00000000
[  248905.077726] /dev/input/event1: 0003 0035 000034db
[  248905.077726] /dev/input/event1: 0003 0036 00002788
[  248905.077726] /dev/input/event1: 0000 0000 00000000
[  248905.089856] /dev/input/event1: 0003 0035 00003518
[  248905.089856] /dev/input/event1: 0003 0036 00002721
[  248905.089856] /dev/input/event1: 0000 0000 00000000
[  248905.093454] /dev/input/event1: 0003 0036 000026bb
[  248905.093454] /dev/input/event1: 0000 0000 00000000
[  248905.105733] /dev/input/event1: 0003 0035 00003536
[  248905.105733] /dev/input/event1: 0003 0036 00002666
[  248905.105733] /dev/input/event1: 0000 0000 00000000
[  248905.109490] /dev/input/event1: 0003 0036 00002632
[  248905.109490] /dev/input/event1: 0000 0000 00000000
[  248905.121815] /dev/input/event1: 0003 0035 00003573
[  248905.121815] /dev/input/event1: 0003 0036 000025ee
[  248905.121815] /dev/input/event1: 0000 0000 00000000
[  248905.125778] /dev/input/event1: 0003 0036 000025bb
[  248905.125778] /dev/input/event1: 0000 0000 00000000
[  248905.138209] /dev/input/event1: 0003 0035 00003591
[  248905.138209] /dev/input/event1: 0003 0036 00002566
[  248905.138209] /dev/input/event1: 0000 0000 00000000
[  248905.141591] /dev/input/event1: 0003 0036 00002532
[  248905.141591] /dev/input/event1: 0000 0000 00000000
[  248905.153714] /dev/input/event1: 0003 0035 000035ce
[  248905.153714] /dev/input/event1: 0003 0036 000024ee
[  248905.153714] /dev/input/event1: 0000 0000 00000000
[  248905.158737] /dev/input/event1: 0003 0035 000035ec
[  248905.158737] /dev/input/event1: 0003 0036 00002499
[  248905.158737] /dev/input/event1: 0000 0000 00000000
[  248905.171014] /dev/input/event1: 0003 0036 00002466
[  248905.171014] /dev/input/event1: 0000 0000 00000000
[  248905.175935] /dev/input/event1: 0003 0036 00002432
[  248905.175935] /dev/input/event1: 0000 0000 00000000
[  248905.185739] /dev/input/event1: 0003 0036 000023cc
[  248905.185739] /dev/input/event1: 0000 0000 00000000
[  248905.189715] /dev/input/event1: 0003 0036 00002399
[  248905.189715] /dev/input/event1: 0000 0000 00000000
[  248905.204338] /dev/input/event1: 0003 0035 00003629
[  248905.204338] /dev/input/event1: 0003 0036 00002388
[  248905.204338] /dev/input/event1: 0000 0000 00000000
[  248905.234075] /dev/input/event1: 0003 0036 00002366
[  248905.234075] /dev/input/event1: 0000 0000 00000000
[  248905.410491] /dev/input/event1: 0003 003a 00000000
[  248905.410491] /dev/input/event1: 0003 0039 ffffffff
[  248905.410491] /dev/input/event1: 0000 0000 00000000
[  248906.720481] /dev/input/event1: 0003 0039 00000000
[  248906.720481] /dev/input/event1: 0003 0030 000005ea
[  248906.720481] /dev/input/event1: 0003 003a 00000081
[  248906.720481] /dev/input/event1: 0003 0035 0000327c
[  248906.720481] /dev/input/event1: 0003 0036 000041ff
[  248906.720481] /dev/input/event1: 0000 0000 00000000
[  248906.860664] /dev/input/event1: 0003 003a 00000000
[  248906.860664] /dev/input/event1: 0003 0039 ffffffff
[  248906.860664] /dev/input/event1: 0000 0000 00000000
[  248908.280435] /dev/input/event1: 0003 0039 00000000
[  248908.280435] /dev/input/event1: 0003 0030 000005eb
[  248908.280435] /dev/input/event1: 0003 003a 00000081
[  248908.280435] /dev/input/event1: 0003 0035 00000fff
[  248908.280435] /dev/input/event1: 0003 0036 000067cb
[  248908.280435] /dev/input/event1: 0000 0000 00000000
[  248908.311368] /dev/input/event1: 0003 0036 000067ba
[  248908.311368] /dev/input/event1: 0000 0000 00000000
[  248908.326202] /dev/input/event1: 0003 0036 00006787
[  248908.326202] /dev/input/event1: 0000 0000 00000000
[  248908.331359] /dev/input/event1: 0003 0035 0000101e
[  248908.331359] /dev/input/event1: 0003 0036 00006732
[  248908.331359] /dev/input/event1: 0000 0000 00000000
[  248908.342309] /dev/input/event1: 0003 0035 0000103c
[  248908.342309] /dev/input/event1: 0003 0036 000066ee
[  248908.342309] /dev/input/event1: 0000 0000 00000000
[  248908.346073] /dev/input/event1: 0003 0036 00006687
[  248908.346073] /dev/input/event1: 0000 0000 00000000
[  248908.360185] /dev/input/event1: 0003 0036 00006621
[  248908.360185] /dev/input/event1: 0000 0000 00000000
[  248908.362087] /dev/input/event1: 0003 0035 00001079
[  248908.362087] /dev/input/event1: 0003 0036 00006598
[  248908.362087] /dev/input/event1: 0000 0000 00000000
[  248908.373998] /dev/input/event1: 0003 0036 00006521
[  248908.373998] /dev/input/event1: 0000 0000 00000000
[  248908.379220] /dev/input/event1: 0003 0036 000064cc
[  248908.379220] /dev/input/event1: 0000 0000 00000000
[  248908.391329] /dev/input/event1: 0003 0036 00006465
[  248908.391329] /dev/input/event1: 0000 0000 00000000
[  248908.394234] /dev/input/event1: 0003 0036 000063ee
[  248908.394234] /dev/input/event1: 0000 0000 00000000
[  248908.406013] /dev/input/event1: 0003 0036 00006365
[  248908.406013] /dev/input/event1: 0000 0000 00000000
[  248908.411574] /dev/input/event1: 0003 0035 00001097
[  248908.411574] /dev/input/event1: 0003 0036 000062ee
[  248908.411574] /dev/input/event1: 0000 0000 00000000
[  248908.422187] /dev/input/event1: 0003 0036 00006265
[  248908.422187] /dev/input/event1: 0000 0000 00000000
[  248908.425702] /dev/input/event1: 0003 0035 000010d4
[  248908.425702] /dev/input/event1: 0003 0036 000061cc
[  248908.425702] /dev/input/event1: 0000 0000 00000000
[  248908.438176] /dev/input/event1: 0003 0036 00006132
[  248908.438176] /dev/input/event1: 0000 0000 00000000
[  248908.445411] /dev/input/event1: 0003 0036 00006098
[  248908.445411] /dev/input/event1: 0000 0000 00000000
[  248908.453999] /dev/input/event1: 0003 0036 00005fee
[  248908.453999] /dev/input/event1: 0000 0000 00000000
[  248908.458836] /dev/input/event1: 0003 0036 00005f21
[  248908.458836] /dev/input/event1: 0000 0000 00000000
[  248908.470034] /dev/input/event1: 0003 0036 00005e54
[  248908.470034] /dev/input/event1: 0000 0000 00000000
[  248908.474070] /dev/input/event1: 0003 0036 00005d65
[  248908.474070] /dev/input/event1: 0000 0000 00000000
[  248908.486059] /dev/input/event1: 0003 0036 00005c87
[  248908.486059] /dev/input/event1: 0000 0000 00000000
[  248908.490020] /dev/input/event1: 0003 0036 00005b87
[  248908.490020] /dev/input/event1: 0000 0000 00000000
[  248908.501724] /dev/input/event1: 0003 0036 00005a87
[  248908.501724] /dev/input/event1: 0000 0000 00000000
[  248908.505901] /dev/input/event1: 0003 0036 00005998
[  248908.505901] /dev/input/event1: 0000 0000 00000000
[  248908.518041] /dev/input/event1: 0003 0036 000058bb
[  248908.518041] /dev/input/event1: 0000 0000 00000000
[  248908.522132] /dev/input/event1: 0003 0036 000057cc
[  248908.522132] /dev/input/event1: 0000 0000 00000000
[  248908.533779] /dev/input/event1: 0003 0036 000056ee
[  248908.533779] /dev/input/event1: 0000 0000 00000000
[  248908.538032] /dev/input/event1: 0003 0036 00005621
[  248908.538032] /dev/input/event1: 0000 0000 00000000
[  248908.549921] /dev/input/event1: 0003 0036 00005532
[  248908.549921] /dev/input/event1: 0000 0000 00000000
[  248908.554417] /dev/input/event1: 0003 0036 00005454
[  248908.554417] /dev/input/event1: 0000 0000 00000000
[  248908.565718] /dev/input/event1: 0003 0036 00005387
[  248908.565718] /dev/input/event1: 0000 0000 00000000
[  248908.570010] /dev/input/event1: 0003 0036 00005298
[  248908.570010] /dev/input/event1: 0000 0000 00000000
[  248908.582055] /dev/input/event1: 0003 0036 000051cc
[  248908.582055] /dev/input/event1: 0000 0000 00000000
[  248908.585975] /dev/input/event1: 0003 0036 000050ff
[  248908.585975] /dev/input/event1: 0000 0000 00000000
[  248908.598714] /dev/input/event1: 0003 0036 00005032
[  248908.598714] /dev/input/event1: 0000 0000 00000000
[  248908.601952] /dev/input/event1: 0003 0036 00004f54
[  248908.601952] /dev/input/event1: 0000 0000 00000000
[  248908.614659] /dev/input/event1: 0003 0036 00004e87
[  248908.614659] /dev/input/event1: 0000 0000 00000000
[  248908.618000] /dev/input/event1: 0003 0036 00004dcc
[  248908.618000] /dev/input/event1: 0000 0000 00000000
[  248908.631357] /dev/input/event1: 0003 0036 00004cff
[  248908.631357] /dev/input/event1: 0000 0000 00000000
[  248908.633807] /dev/input/event1: 0003 0036 00004c54
[  248908.633807] /dev/input/event1: 0000 0000 00000000
[  248908.645842] /dev/input/event1: 0003 0036 00004b99
[  248908.645842] /dev/input/event1: 0000 0000 00000000
[  248908.649820] /dev/input/event1: 0003 0035 000010b5
[  248908.649820] /dev/input/event1: 0003 0036 00004acc
[  248908.649820] /dev/input/event1: 0000 0000 00000000
[  248908.661899] /dev/input/event1: 0003 0036 000049ff
[  248908.661899] /dev/input/event1: 0000 0000 00000000
[  248908.665664] /dev/input/event1: 0003 0036 00004954
[  248908.665664] /dev/input/event1: 0000 0000 00000000
[  248908.680415] /dev/input/event1: 0003 0035 00001079
[  248908.680415] /dev/input/event1: 0003 0036 00004887
[  248908.680415] /dev/input/event1: 0000 0000 00000000
[  248908.681652] /dev/input/event1: 0003 0036 000047cc
[  248908.681652] /dev/input/event1: 0000 0000 00000000
[  248908.693714] /dev/input/event1: 0003 0036 00004721
[  248908.693714] /dev/input/event1: 0000 0000 00000000
[  248908.697581] /dev/input/event1: 0003 0036 00004665
[  248908.697581] /dev/input/event1: 0000 0000 00000000
[  248908.711068] /dev/input/event1: 0003 0036 000045bb
[  248908.711068] /dev/input/event1: 0000 0000 00000000
[  248908.713900] /dev/input/event1: 0003 0036 00004521
[  248908.713900] /dev/input/event1: 0000 0000 00000000
[  248908.725755] /dev/input/event1: 0003 0036 00004465
[  248908.725755] /dev/input/event1: 0000 0000 00000000
[  248908.729555] /dev/input/event1: 0003 0036 000043bb
[  248908.729555] /dev/input/event1: 0000 0000 00000000
[  248908.742833] /dev/input/event1: 0003 0036 000042ff
[  248908.742833] /dev/input/event1: 0000 0000 00000000
[  248908.745675] /dev/input/event1: 0003 0036 00004254
[  248908.745675] /dev/input/event1: 0000 0000 00000000
[  248908.757615] /dev/input/event1: 0003 0036 00004199
[  248908.757615] /dev/input/event1: 0000 0000 00000000
[  248908.761771] /dev/input/event1: 0003 0036 000040ff
[  248908.761771] /dev/input/event1: 0000 0000 00000000
[  248908.781838] /dev/input/event1: 0003 0036 00004054
[  248908.781838] /dev/input/event1: 0000 0000 00000000
[  248908.785826] /dev/input/event1: 0003 0036 00003fbb
[  248908.785826] /dev/input/event1: 0000 0000 00000000
[  248908.797644] /dev/input/event1: 0003 0036 00003ebb
[  248908.797644] /dev/input/event1: 0000 0000 00000000
[  248908.801733] /dev/input/event1: 0003 0036 00003dee
[  248908.801733] /dev/input/event1: 0000 0000 00000000
[  248908.813820] /dev/input/event1: 0003 0036 00003d32
[  248908.813820] /dev/input/event1: 0000 0000 00000000
[  248908.818294] /dev/input/event1: 0003 0036 00003c65
[  248908.818294] /dev/input/event1: 0000 0000 00000000
[  248908.829593] /dev/input/event1: 0003 0036 00003bbb
[  248908.829593] /dev/input/event1: 0000 0000 00000000
[  248908.833736] /dev/input/event1: 0003 0036 00003aff
[  248908.833736] /dev/input/event1: 0000 0000 00000000
[  248908.846602] /dev/input/event1: 0003 0035 00001097
[  248908.846602] /dev/input/event1: 0003 0036 00003a32
[  248908.846602] /dev/input/event1: 0000 0000 00000000
[  248908.849689] /dev/input/event1: 0003 0036 00003988
[  248908.849689] /dev/input/event1: 0000 0000 00000000
[  248908.862571] /dev/input/event1: 0003 0035 000010d4
[  248908.862571] /dev/input/event1: 0003 0036 000038bb
[  248908.862571] /dev/input/event1: 0000 0000 00000000
[  248908.865648] /dev/input/event1: 0003 0035 000010f2
[  248908.865648] /dev/input/event1: 0003 0036 000037ee
[  248908.865648] /dev/input/event1: 0000 0000 00000000
[  248908.879211] /dev/input/event1: 0003 0036 00003721
[  248908.879211] /dev/input/event1: 0000 0000 00000000
[  248908.882061] /dev/input/event1: 0003 0035 0000112f
[  248908.882061] /dev/input/event1: 0003 0036 00003654
[  248908.882061] /dev/input/event1: 0000 0000 00000000
[  248908.893872] /dev/input/event1: 0003 0035 0000114d
[  248908.893872] /dev/input/event1: 0003 0036 00003565
[  248908.893872] /dev/input/event1: 0000 0000 00000000
[  248908.897766] /dev/input/event1: 0003 0035 0000118a
[  248908.897766] /dev/input/event1: 0003 0036 000034bb
[  248908.897766] /dev/input/event1: 0000 0000 00000000
[  248908.909778] /dev/input/event1: 0003 0035 000011a8
[  248908.909778] /dev/input/event1: 0003 0036 000033ee
[  248908.909778] /dev/input/event1: 0000 0000 00000000
[  248908.913673] /dev/input/event1: 0003 0035 000011e5
[  248908.913673] /dev/input/event1: 0003 0036 00003321
[  248908.913673] /dev/input/event1: 0000 0000 00000000
[  248908.925887] /dev/input/event1: 0003 0035 00001203
[  248908.925887] /dev/input/event1: 0003 0036 00003266
[  248908.925887] /dev/input/event1: 0000 0000 00000000
[  248908.929653] /dev/input/event1: 0003 0035 0000125e
[  248908.929653] /dev/input/event1: 0003 0036 00003199
[  248908.929653] /dev/input/event1: 0000 0000 00000000
[  248908.942277] /dev/input/event1: 0003 0035 000012b9
[  248908.942277] /dev/input/event1: 0003 0036 000030cc
[  248908.942277] /dev/input/event1: 0000 0000 00000000
[  248908.946398] /dev/input/event1: 0003 0035 000012f6
[  248908.946398] /dev/input/event1: 0003 0036 00002fff
[  248908.946398] /dev/input/event1: 0000 0000 00000000
[  248908.957826] /dev/input/event1: 0003 0035 00001314
[  248908.957826] /dev/input/event1: 0003 0036 00002f32
[  248908.957826] /dev/input/event1: 0000 0000 00000000
[  248908.961597] /dev/input/event1: 0003 0035 0000136f
[  248908.961597] /dev/input/event1: 0003 0036 00002e66
[  248908.961597] /dev/input/event1: 0000 0000 00000000
[  248908.973888] /dev/input/event1: 0003 0035 000013ca
[  248908.973888] /dev/input/event1: 0003 0036 00002d99
[  248908.973888] /dev/input/event1: 0000 0000 00000000
[  248908.978900] /dev/input/event1: 0003 0035 00001407
[  248908.978900] /dev/input/event1: 0003 0036 00002cee
[  248908.978900] /dev/input/event1: 0000 0000 00000000
[  248908.990956] /dev/input/event1: 0003 0035 00001425
[  248908.990956] /dev/input/event1: 0003 0036 00002c32
[  248908.990956] /dev/input/event1: 0000 0000 00000000
[  248908.994716] /dev/input/event1: 0003 0035 00001462
[  248908.994716] /dev/input/event1: 0003 0036 00002b99
[  248908.994716] /dev/input/event1: 0000 0000 00000000
[  248909.007126] /dev/input/event1: 0003 0035 00001480
[  248909.007126] /dev/input/event1: 0003 0036 00002aff
[  248909.007126] /dev/input/event1: 0000 0000 00000000
[  248909.010973] /dev/input/event1: 0003 0035 000014db
[  248909.010973] /dev/input/event1: 0003 0036 00002a66
[  248909.010973] /dev/input/event1: 0000 0000 00000000
[  248909.022357] /dev/input/event1: 0003 0035 00001518
[  248909.022357] /dev/input/event1: 0003 0036 000029cc
[  248909.022357] /dev/input/event1: 0000 0000 00000000
[  248909.026091] /dev/input/event1: 0003 0035 00001536
[  248909.026091] /dev/input/event1: 0003 0036 00002955
[  248909.026091] /dev/input/event1: 0000 0000 00000000
[  248909.039126] /dev/input/event1: 0003 0035 00001573
[  248909.039126] /dev/input/event1: 0003 0036 000028cc
[  248909.039126] /dev/input/event1: 0000 0000 00000000
[  248909.042086] /dev/input/event1: 0003 0035 00001591
[  248909.042086] /dev/input/event1: 0003 0036 00002866
[  248909.042086] /dev/input/event1: 0000 0000 00000000
[  248909.054518] /dev/input/event1: 0003 0036 00002821
[  248909.054518] /dev/input/event1: 0000 0000 00000000
[  248909.058532] /dev/input/event1: 0003 0036 000027cc
[  248909.058532] /dev/input/event1: 0000 0000 00000000
[  248909.071564] /dev/input/event1: 0003 0035 000015ce
[  248909.071564] /dev/input/event1: 0003 0036 00002799
[  248909.071564] /dev/input/event1: 0000 0000 00000000
[  248909.074455] /dev/input/event1: 0003 0036 00002766
[  248909.074455] /dev/input/event1: 0000 0000 00000000
[  248909.085614] /dev/input/event1: 0003 0036 00002755
[  248909.085614] /dev/input/event1: 0000 0000 00000000
[  248909.090147] /dev/input/event1: 0003 0036 00002721
[  248909.090147] /dev/input/event1: 0000 0000 00000000
[  248909.101624] /dev/input/event1: 0003 0036 000026ff
[  248909.101624] /dev/input/event1: 0000 0000 00000000
[  248909.117770] /dev/input/event1: 0003 0036 000026ee
[  248909.117770] /dev/input/event1: 0000 0000 00000000
[  248909.134288] /dev/input/event1: 0003 0036 000026cc
[  248909.134288] /dev/input/event1: 0000 0000 00000000
[  248909.137804] /dev/input/event1: 0003 0036 000026bb
[  248909.137804] /dev/input/event1: 0000 0000 00000000
[  248909.151049] /dev/input/event1: 0003 003a 00000000
[  248909.151049] /dev/input/event1: 0003 0039 ffffffff
[  248909.151049] /dev/input/event1: 0000 0000 00000000
[  248910.554405] /dev/input/event1: 0003 0039 00000000
[  248910.554405] /dev/input/event1: 0003 0030 000005ec
[  248910.554405] /dev/input/event1: 0003 003a 00000081
[  248910.554405] /dev/input/event1: 0003 0035 00003647
[  248910.554405] /dev/input/event1: 0003 0036 00007332
[  248910.554405] /dev/input/event1: 0000 0000 00000000
[  248910.584649] /dev/input/event1: 0003 0036 00007321
[  248910.584649] /dev/input/event1: 0000 0000 00000000
[  248910.588218] /dev/input/event1: 0003 0036 000072ff
[  248910.588218] /dev/input/event1: 0000 0000 00000000
[  248910.599838] /dev/input/event1: 0003 0036 000072ee
[  248910.599838] /dev/input/event1: 0000 0000 00000000
[  248910.605457] /dev/input/event1: 0003 0036 000072cb
[  248910.605457] /dev/input/event1: 0000 0000 00000000
[  248910.616428] /dev/input/event1: 0003 0036 000072ba
[  248910.616428] /dev/input/event1: 0000 0000 00000000
[  248910.631875] /dev/input/event1: 0003 0036 00007298
[  248910.631875] /dev/input/event1: 0000 0000 00000000
[  248910.636093] /dev/input/event1: 0003 0035 00003629
[  248910.636093] /dev/input/event1: 0003 0036 00007287
[  248910.636093] /dev/input/event1: 0000 0000 00000000
[  248910.647757] /dev/input/event1: 0003 0036 00007254
[  248910.647757] /dev/input/event1: 0000 0000 00000000
[  248910.652465] /dev/input/event1: 0003 0036 000071ff
[  248910.652465] /dev/input/event1: 0000 0000 00000000
[  248910.664735] /dev/input/event1: 0003 0035 0000360a
[  248910.664735] /dev/input/event1: 0003 0036 000071cb
[  248910.664735] /dev/input/event1: 0000 0000 00000000
[  248910.668091] /dev/input/event1: 0003 0036 00007165
[  248910.668091] /dev/input/event1: 0000 0000 00000000
[  248910.683026] /dev/input/event1: 0003 0035 000035af
[  248910.683026] /dev/input/event1: 0003 0036 00007121
[  248910.683026] /dev/input/event1: 0000 0000 00000000
[  248910.683971] /dev/input/event1: 0003 0035 00003573
[  248910.683971] /dev/input/event1: 0003 0036 000070ba
[  248910.683971] /dev/input/event1: 0000 0000 00000000
[  248910.696961] /dev/input/event1: 0003 0035 00003554
[  248910.696961] /dev/input/event1: 0003 0036 00007054
[  248910.696961] /dev/input/event1: 0000 0000 00000000
[  248910.699917] /dev/input/event1: 0003 0035 00003518
[  248910.699917] /dev/input/event1: 0003 0036 00006fff
[  248910.699917] /dev/input/event1: 0000 0000 00000000
[  248910.712047] /dev/input/event1: 0003 0036 00006f98
[  248910.712047] /dev/input/event1: 0000 0000 00000000
[  248910.715694] /dev/input/event1: 0003 0036 00006f32
[  248910.715694] /dev/input/event1: 0000 0000 00000000
[  248910.728508] /dev/input/event1: 0003 0035 000034f9
[  248910.728508] /dev/input/event1: 0003 0036 00006ecb
[  248910.728508] /dev/input/event1: 0000 0000 00000000
[  248910.732406] /dev/input/event1: 0003 0036 00006e54
[  248910.732406] /dev/input/event1: 0000 0000 00000000
[  248910.744424] /dev/input/event1: 0003 0036 00006dee
[  248910.744424] /dev/input/event1: 0000 0000 00000000
[  248910.747750] /dev/input/event1: 0003 0035 000034bd
[  248910.747750] /dev/input/event1: 0003 0036 00006d65
[  248910.747750] /dev/input/event1: 0000 0000 00000000
[  248910.759707] /dev/input/event1: 0003 0036 00006cee
[  248910.759707] /dev/input/event1: 0000 0000 00000000
[  248910.763659] /dev/input/event1: 0003 0036 00006c65
[  248910.763659] /dev/input/event1: 0000 0000 00000000
[  248910.775807] /dev/input/event1: 0003 0036 00006bee
[  248910.775807] /dev/input/event1: 0000 0000 00000000
[  248910.780531] /dev/input/event1: 0003 0036 00006b98
[  248910.780531] /dev/input/event1: 0000 0000 00000000
[  248910.791810] /dev/input/event1: 0003 0036 00006b32
[  248910.791810] /dev/input/event1: 0000 0000 00000000
[  248910.795590] /dev/input/event1: 0003 0036 00006aba
[  248910.795590] /dev/input/event1: 0000 0000 00000000
[  248910.807755] /dev/input/event1: 0003 0036 00006a32
[  248910.807755] /dev/input/event1: 0000 0000 00000000
[  248910.812152] /dev/input/event1: 0003 0036 000069ba
[  248910.812152] /dev/input/event1: 0000 0000 00000000
[  248910.824042] /dev/input/event1: 0003 0036 00006932
[  248910.824042] /dev/input/event1: 0000 0000 00000000
[  248910.827784] /dev/input/event1: 0003 0036 000068ba
[  248910.827784] /dev/input/event1: 0000 0000 00000000
[  248910.841187] /dev/input/event1: 0003 0036 00006821
[  248910.841187] /dev/input/event1: 0000 0000 00000000
[  248910.846171] /dev/input/event1: 0003 0036 00006798
[  248910.846171] /dev/input/event1: 0000 0000 00000000
[  248910.858289] /dev/input/event1: 0003 0036 00006721
[  248910.858289] /dev/input/event1: 0000 0000 00000000
[  248910.859753] /dev/input/event1: 0003 0036 00006698
[  248910.859753] /dev/input/event1: 0000 0000 00000000
[  248910.871889] /dev/input/event1: 0003 0036 000065ff
[  248910.871889] /dev/input/event1: 0000 0000 00000000
[  248910.875934] /dev/input/event1: 0003 0036 00006565
[  248910.875934] /dev/input/event1: 0000 0000 00000000
[  248910.891938] /dev/input/event1: 0003 0036 000064cc
[  248910.891938] /dev/input/event1: 0000 0000 00000000
[  248910.895676] /dev/input/event1: 0003 0036 00006432
[  248910.895676] /dev/input/event1: 0000 0000 00000000
[  248910.903827] /dev/input/event1: 0003 0036 00006387
[  248910.903827] /dev/input/event1: 0000 0000 00000000
[  248910.907887] /dev/input/event1: 0003 0036 000062ee
[  248910.907887] /dev/input/event1: 0000 0000 00000000
[  248910.921086] /dev/input/event1: 0003 0036 00006232
[  248910.921086] /dev/input/event1: 0000 0000 00000000
[  248910.923918] /dev/input/event1: 0003 0036 00006165
[  248910.923918] /dev/input/event1: 0000 0000 00000000
[  248910.936666] /dev/input/event1: 0003 0036 000060ba
[  248910.936666] /dev/input/event1: 0000 0000 00000000
[  248910.939927] /dev/input/event1: 0003 0036 00005fee
[  248910.939927] /dev/input/event1: 0000 0000 00000000
[  248910.952276] /dev/input/event1: 0003 0036 00005eff
[  248910.952276] /dev/input/event1: 0000 0000 00000000
[  248910.956227] /dev/input/event1: 0003 0036 00005e21
[  248910.956227] /dev/input/event1: 0000 0000 00000000
[  248910.970298] /dev/input/event1: 0003 0036 00005d21
[  248910.970298] /dev/input/event1: 0000 0000 00000000
[  248910.971769] /dev/input/event1: 0003 0036 00005bff
[  248910.971769] /dev/input/event1: 0000 0000 00000000
[  248910.983755] /dev/input/event1: 0003 0036 00005aff
[  248910.983755] /dev/input/event1: 0000 0000 00000000
[  248910.988237] /dev/input/event1: 0003 0036 000059ee
[  248910.988237] /dev/input/event1: 0000 0000 00000000
[  248911.000025] /dev/input/event1: 0003 0036 000058cc
[  248911.000025] /dev/input/event1: 0000 0000 00000000
[  248911.003678] /dev/input/event1: 0003 0036 000057cc
[  248911.003678] /dev/input/event1: 0000 0000 00000000
[  248911.017808] /dev/input/event1: 0003 0036 000056cc
[  248911.017808] /dev/input/event1: 0000 0000 00000000
[  248911.022871] /dev/input/event1: 0003 0035 000034db
[  248911.022871] /dev/input/event1: 0003 0036 000055cc
[  248911.022871] /dev/input/event1: 0000 0000 00000000
[  248911.031732] /dev/input/event1: 0003 0035 00003518
[  248911.031732] /dev/input/event1: 0003 0036 000054ff
[  248911.031732] /dev/input/event1: 0000 0000 00000000
[  248911.035992] /dev/input/event1: 0003 0035 00003536
[  248911.035992] /dev/input/event1: 0003 0036 00005421
[  248911.035992] /dev/input/event1: 0000 0000 00000000
[  248911.050024] /dev/input/event1: 0003 0035 00003573
[  248911.050024] /dev/input/event1: 0003 0036 00005354
[  248911.050024] /dev/input/event1: 0000 0000 00000000
[  248911.053688] /dev/input/event1: 0003 0035 000035ce
[  248911.053688] /dev/input/event1: 0003 0036 00005287
[  248911.053688] /dev/input/event1: 0000 0000 00000000
[  248911.067210] /dev/input/event1: 0003 0035 000035ec
[  248911.067210] /dev/input/event1: 0003 0036 000051bb
[  248911.067210] /dev/input/event1: 0000 0000 00000000
[  248911.070403] /dev/input/event1: 0003 0035 00003629
[  248911.070403] /dev/input/event1: 0003 0036 000050ee
[  248911.070403] /dev/input/event1: 0000 0000 00000000
[  248911.082466] /dev/input/event1: 0003 0035 00003647
[  248911.082466] /dev/input/event1: 0003 0036 00005021
[  248911.082466] /dev/input/event1: 0000 0000 00000000
[  248911.086914] /dev/input/event1: 0003 0035 00003684
[  248911.086914] /dev/input/event1: 0003 0036 00004f65
[  248911.086914] /dev/input/event1: 0000 0000 00000000
[  248911.098359] /dev/input/event1: 0003 0035 000036df
[  248911.098359] /dev/input/event1: 0003 0036 00004e98
[  248911.098359] /dev/input/event1: 0000 0000 00000000
[  248911.102869] /dev/input/event1: 0003 0035 000036fd
[  248911.102869] /dev/input/event1: 0003 0036 00004dee
[  248911.102869] /dev/input/event1: 0000 0000 00000000
[  248911.114027] /dev/input/event1: 0003 0035 0000373a
[  248911.114027] /dev/input/event1: 0003 0036 00004d32
[  248911.114027] /dev/input/event1: 0000 0000 00000000
[  248911.119207] /dev/input/event1: 0003 0036 00004c99
[  248911.119207] /dev/input/event1: 0000 0000 00000000
[  248911.130615] /dev/input/event1: 0003 0035 00003758
[  248911.130615] /dev/input/event1: 0003 0036 00004c21
[  248911.130615] /dev/input/event1: 0000 0000 00000000
[  248911.133659] /dev/input/event1: 0003 0035 00003795
[  248911.133659] /dev/input/event1: 0003 0036 00004b99
[  248911.133659] /dev/input/event1: 0000 0000 00000000
[  248911.146521] /dev/input/event1: 0003 0036 00004b21
[  248911.146521] /dev/input/event1: 0000 0000 00000000
[  248911.149727] /dev/input/event1: 0003 0035 000037b3
[  248911.149727] /dev/input/event1: 0003 0036 00004abb
[  248911.149727] /dev/input/event1: 0000 0000 00000000
[  248911.162148] /dev/input/event1: 0003 0036 00004a99
[  248911.162148] /dev/input/event1: 0000 0000 00000000
[  248911.165765] /dev/input/event1: 0003 0035 000037f0
[  248911.165765] /dev/input/event1: 0003 0036 00004a65
[  248911.165765] /dev/input/event1: 0000 0000 00000000
[  248911.178446] /dev/input/event1: 0003 0035 0000380e
[  248911.178446] /dev/input/event1: 0003 0036 000049ff
[  248911.178446] /dev/input/event1: 0000 0000 00000000
[  248911.183748] /dev/input/event1: 0003 0036 000049cc
[  248911.183748] /dev/input/event1: 0000 0000 00000000
[  248911.194320] /dev/input/event1: 0003 0036 00004965
[  248911.194320] /dev/input/event1: 0000 0000 00000000
[  248911.197628] /dev/input/event1: 0003 0036 00004921
[  248911.197628] /dev/input/event1: 0000 0000 00000000
[  248911.210727] /dev/input/event1: 0003 0035 0000384b
[  248911.210727] /dev/input/event1: 0003 0036 00004899
[  248911.210727] /dev/input/event1: 0000 0000 00000000
[  248911.213644] /dev/input/event1: 0003 0035 00003869
[  248911.213644] /dev/input/event1: 0003 0036 00004832
[  248911.213644] /dev/input/event1: 0000 0000 00000000
[  248911.225898] /dev/input/event1: 0003 0035 000038a6
[  248911.225898] /dev/input/event1: 0003 0036 000047bb
[  248911.225898] /dev/input/event1: 0000 0000 00000000
[  248911.230229] /dev/input/event1: 0003 0035 000038c4
[  248911.230229] /dev/input/event1: 0003 0036 00004754
[  248911.230229] /dev/input/event1: 0000 0000 00000000
[  248911.241665] /dev/input/event1: 0003 0036 000046cc
[  248911.241665] /dev/input/event1: 0000 0000 00000000
[  248911.246183] /dev/input/event1: 0003 0036 00004665
[  248911.246183] /dev/input/event1: 0000 0000 00000000
[  248911.258705] /dev/input/event1: 0003 0035 00003901
[  248911.258705] /dev/input/event1: 0003 0036 000045ff
[  248911.258705] /dev/input/event1: 0000 0000 00000000
[  248911.262578] /dev/input/event1: 0003 0036 000045cc
[  248911.262578] /dev/input/event1: 0000 0000 00000000
[  248911.273846] /dev/input/event1: 0003 0036 00004587
[  248911.273846] /dev/input/event1: 0000 0000 00000000
[  248911.277841] /dev/input/event1: 0003 0035 0000391f
[  248911.277841] /dev/input/event1: 0003 0036 00004532
[  248911.277841] /dev/input/event1: 0000 0000 00000000
[  248911.290031] /dev/input/event1: 0003 0036 000044ff
[  248911.290031] /dev/input/event1: 0000 0000 00000000
[  248911.294052] /dev/input/event1: 0003 0035 0000395c
[  248911.294052] /dev/input/event1: 0003 0036 000044bb
[  248911.294052] /dev/input/event1: 0000 0000 00000000
[  248911.307514] /dev/input/event1: 0003 0035 0000397a
[  248911.307514] /dev/input/event1: 0003 0036 00004454
[  248911.307514] /dev/input/event1: 0000 0000 00000000
[  248911.309929] /dev/input/event1: 0003 0036 00004421
[  248911.309929] /dev/input/event1: 0000 0000 00000000
[  248911.325760] /dev/input/event1: 0003 0036 000043ee
[  248911.325760] /dev/input/event1: 0000 0000 00000000
[  248911.329721] /dev/input/event1: 0003 0035 000039b7
[  248911.329721] /dev/input/event1: 0003 0036 000043bb
[  248911.329721] /dev/input/event1: 0000 0000 00000000
[  248911.337830] /dev/input/event1: 0003 0036 00004388
[  248911.337830] /dev/input/event1: 0000 0000 00000000
[  248911.341904] /dev/input/event1: 0003 0036 00004365
[  248911.341904] /dev/input/event1: 0000 0000 00000000
[  248911.355071] /dev/input/event1: 0003 0036 00004354
[  248911.355071] /dev/input/event1: 0000 0000 00000000
[  248911.357771] /dev/input/event1: 0003 0036 00004332
[  248911.357771] /dev/input/event1: 0000 0000 00000000
[  248911.369690] /dev/input/event1: 0003 0036 00004321
[  248911.369690] /dev/input/event1: 0000 0000 00000000
[  248911.373493] /dev/input/event1: 0003 0036 000042ff
[  248911.373493] /dev/input/event1: 0000 0000 00000000
[  248911.405898] /dev/input/event1: 0003 0036 000042ee
[  248911.405898] /dev/input/event1: 0000 0000 00000000
[  248911.409561] /dev/input/event1: 0003 0036 000042cc
[  248911.409561] /dev/input/event1: 0000 0000 00000000
[  248911.417870] /dev/input/event1: 0003 0036 000042bb
[  248911.417870] /dev/input/event1: 0000 0000 00000000
[  248911.434036] /dev/input/event1: 0003 0036 00004299
[  248911.434036] /dev/input/event1: 0000 0000 00000000
[  248911.449818] /dev/input/event1: 0003 0036 00004288
[  248911.449818] /dev/input/event1: 0000 0000 00000000
[  248911.594176] /dev/input/event1: 0003 003a 00000000
[  248911.594176] /dev/input/event1: 0003 0039 ffffffff
[  248911.594176] /dev/input/event1: 0000 0000 00000000
[  248912.656020] /dev/input/event1: 0003 0039 00000000
[  248912.656020] /dev/input/event1: 0003 0030 000005ed
[  248912.656020] /dev/input/event1: 0003 003a 00000081
[  248912.656020] /dev/input/event1: 0003 0035 0000371c
[  248912.656020] /dev/input/event1: 0003 0036 00003588
[  248912.656020] /dev/input/event1: 0000 0000 00000000
[  248912.732704] /dev/input/event1: 0003 003a 00000000
[  248912.732704] /dev/input/event1: 0003 0039 ffffffff
[  248912.732704] /dev/input/event1: 0000 0000 00000000
[  248914.287982] /dev/input/event1: 0003 0039 00000000
[  248914.287982] /dev/input/event1: 0003 0030 000005ee
[  248914.287982] /dev/input/event1: 0003 003a 00000081
[  248914.287982] /dev/input/event1: 0003 0035 00001ccc
[  248914.287982] /dev/input/event1: 0003 0036 00006432
[  248914.287982] /dev/input/event1: 0000 0000 00000000
[  248914.334258] /dev/input/event1: 0003 0036 00006421
[  248914.334258] /dev/input/event1: 0000 0000 00000000
[  248914.350697] /dev/input/event1: 0003 0036 000063cc
[  248914.350697] /dev/input/event1: 0000 0000 00000000
[  248914.354087] /dev/input/event1: 0003 0036 00006354
[  248914.354087] /dev/input/event1: 0000 0000 00000000
[  248914.365675] /dev/input/event1: 0003 0036 000062cc
[  248914.365675] /dev/input/event1: 0000 0000 00000000
[  248914.369628] /dev/input/event1: 0003 0036 00006287
[  248914.369628] /dev/input/event1: 0000 0000 00000000
[  248914.382126] /dev/input/event1: 0003 0035 00001cea
[  248914.382126] /dev/input/event1: 0003 0036 000061ff
[  248914.382126] /dev/input/event1: 0000 0000 00000000
[  248914.387591] /dev/input/event1: 0003 0036 000061ba
[  248914.387591] /dev/input/event1: 0000 0000 00000000
[  248914.397614] /dev/input/event1: 0003 0036 00006154
[  248914.397614] /dev/input/event1: 0000 0000 00000000
[  248914.402317] /dev/input/event1: 0003 0036 000060ee
[  248914.402317] /dev/input/event1: 0000 0000 00000000
[  248914.414104] /dev/input/event1: 0003 0036 00006087
[  248914.414104] /dev/input/event1: 0000 0000 00000000
[  248914.420430] /dev/input/event1: 0003 0036 00006021
[  248914.420430] /dev/input/event1: 0000 0000 00000000
[  248914.432526] /dev/input/event1: 0003 0036 00005fba
[  248914.432526] /dev/input/event1: 0000 0000 00000000
[  248914.433776] /dev/input/event1: 0003 0036 00005f54
[  248914.433776] /dev/input/event1: 0000 0000 00000000
[  248914.446220] /dev/input/event1: 0003 0036 00005eee
[  248914.446220] /dev/input/event1: 0000 0000 00000000
[  248914.450436] /dev/input/event1: 0003 0036 00005e65
[  248914.450436] /dev/input/event1: 0000 0000 00000000
[  248914.463693] /dev/input/event1: 0003 0035 00001d09
[  248914.463693] /dev/input/event1: 0003 0036 00005dcc
[  248914.463693] /dev/input/event1: 0000 0000 00000000
[  248914.468195] /dev/input/event1: 0003 0036 00005d21
[  248914.468195] /dev/input/event1: 0000 0000 00000000
[  248914.479145] /dev/input/event1: 0003 0036 00005c87
[  248914.479145] /dev/input/event1: 0000 0000 00000000
[  248914.482477] /dev/input/event1: 0003 0035 00001d45
[  248914.482477] /dev/input/event1: 0003 0036 00005bbb
[  248914.482477] /dev/input/event1: 0000 0000 00000000
[  248914.493742] /dev/input/event1: 0003 0036 00005aff
[  248914.493742] /dev/input/event1: 0000 0000 00000000
[  248914.497704] /dev/input/event1: 0003 0036 00005a32
[  248914.497704] /dev/input/event1: 0000 0000 00000000
[  248914.509661] /dev/input/event1: 0003 0035 00001d64
[  248914.509661] /dev/input/event1: 0003 0036 00005987
[  248914.509661] /dev/input/event1: 0000 0000 00000000
[  248914.517294] /dev/input/event1: 0003 0036 000058bb
[  248914.517294] /dev/input/event1: 0000 0000 00000000
[  248914.528721] /dev/input/event1: 0003 0035 00001da0
[  248914.528721] /dev/input/event1: 0003 0036 000057ff
[  248914.528721] /dev/input/event1: 0000 0000 00000000
[  248914.529788] /dev/input/event1: 0003 0036 00005732
[  248914.529788] /dev/input/event1: 0000 0000 00000000
[  248914.541832] /dev/input/event1: 0003 0035 00001dbf
[  248914.541832] /dev/input/event1: 0003 0036 00005687
[  248914.541832] /dev/input/event1: 0000 0000 00000000
[  248914.548929] /dev/input/event1: 0003 0036 000055bb
[  248914.548929] /dev/input/event1: 0000 0000 00000000
[  248914.557660] /dev/input/event1: 0003 0036 000054ff
[  248914.557660] /dev/input/event1: 0000 0000 00000000
[  248914.561980] /dev/input/event1: 0003 0036 00005432
[  248914.561980] /dev/input/event1: 0000 0000 00000000
[  248914.573763] /dev/input/event1: 0003 0036 00005387
[  248914.573763] /dev/input/event1: 0000 0000 00000000
[  248914.578509] /dev/input/event1: 0003 0036 000052bb
[  248914.578509] /dev/input/event1: 0000 0000 00000000
[  248914.589790] /dev/input/event1: 0003 0036 000051ff
[  248914.589790] /dev/input/event1: 0000 0000 00000000
[  248914.593747] /dev/input/event1: 0003 0036 00005132
[  248914.593747] /dev/input/event1: 0000 0000 00000000
[  248914.605772] /dev/input/event1: 0003 0036 00005065
[  248914.605772] /dev/input/event1: 0000 0000 00000000
[  248914.610683] /dev/input/event1: 0003 0036 00004f87
[  248914.610683] /dev/input/event1: 0000 0000 00000000
[  248914.623255] /dev/input/event1: 0003 0036 00004ebb
[  248914.623255] /dev/input/event1: 0000 0000 00000000
[  248914.626069] /dev/input/event1: 0003 0036 00004dcc
[  248914.626069] /dev/input/event1: 0000 0000 00000000
[  248914.637763] /dev/input/event1: 0003 0036 00004c87
[  248914.637763] /dev/input/event1: 0000 0000 00000000
[  248914.641758] /dev/input/event1: 0003 0036 00004b54
[  248914.641758] /dev/input/event1: 0000 0000 00000000
[  248914.653803] /dev/input/event1: 0003 0036 00004a21
[  248914.653803] /dev/input/event1: 0000 0000 00000000
[  248914.658001] /dev/input/event1: 0003 0036 00004932
[  248914.658001] /dev/input/event1: 0000 0000 00000000
[  248914.669816] /dev/input/event1: 0003 0036 00004821
[  248914.669816] /dev/input/event1: 0000 0000 00000000
[  248914.674335] /dev/input/event1: 0003 0036 000046ff
[  248914.674335] /dev/input/event1: 0000 0000 00000000
[  248914.686949] /dev/input/event1: 0003 0036 000045ff
[  248914.686949] /dev/input/event1: 0000 0000 00000000
[  248914.689998] /dev/input/event1: 0003 0036 000044ff
[  248914.689998] /dev/input/event1: 0000 0000 00000000
[  248914.701882] /dev/input/event1: 0003 0036 000043ff
[  248914.701882] /dev/input/event1: 0000 0000 00000000
[  248914.705631] /dev/input/event1: 0003 0036 00004321
[  248914.705631] /dev/input/event1: 0000 0000 00000000
[  248914.718544] /dev/input/event1: 0003 0036 00004232
[  248914.718544] /dev/input/event1: 0000 0000 00000000
[  248914.721752] /dev/input/event1: 0003 0036 00004154
[  248914.721752] /dev/input/event1: 0000 0000 00000000
[  248914.735132] /dev/input/event1: 0003 0036 00004065
[  248914.735132] /dev/input/event1: 0000 0000 00000000
[  248914.737736] /dev/input/event1: 0003 0036 00003f99
[  248914.737736] /dev/input/event1: 0000 0000 00000000
[  248914.750780] /dev/input/event1: 0003 0035 00001dfb
[  248914.750780] /dev/input/event1: 0003 0036 00003ebb
[  248914.750780] /dev/input/event1: 0000 0000 00000000
[  248914.754635] /dev/input/event1: 0003 0035 00001e1a
[  248914.754635] /dev/input/event1: 0003 0036 00003dff
[  248914.754635] /dev/input/event1: 0000 0000 00000000
[  248914.766119] /dev/input/event1: 0003 0035 00001e56
[  248914.766119] /dev/input/event1: 0003 0036 00003d32
[  248914.766119] /dev/input/event1: 0000 0000 00000000
[  248914.770080] /dev/input/event1: 0003 0035 00001eb2
[  248914.770080] /dev/input/event1: 0003 0036 00003c54
[  248914.770080] /dev/input/event1: 0000 0000 00000000
[  248914.783004] /dev/input/event1: 0003 0035 00001ed0
[  248914.783004] /dev/input/event1: 0003 0036 00003b99
[  248914.783004] /dev/input/event1: 0000 0000 00000000
[  248914.785695] /dev/input/event1: 0003 0035 00001f0d
[  248914.785695] /dev/input/event1: 0003 0036 00003acc
[  248914.785695] /dev/input/event1: 0000 0000 00000000
[  248914.799282] /dev/input/event1: 0003 0035 00001f2b
[  248914.799282] /dev/input/event1: 0003 0036 000039ff
[  248914.799282] /dev/input/event1: 0000 0000 00000000
[  248914.802979] /dev/input/event1: 0003 0035 00001f68
[  248914.802979] /dev/input/event1: 0003 0036 00003954
[  248914.802979] /dev/input/event1: 0000 0000 00000000
[  248914.813935] /dev/input/event1: 0003 0035 00001f86
[  248914.813935] /dev/input/event1: 0003 0036 000038bb
[  248914.813935] /dev/input/event1: 0000 0000 00000000
[  248914.818986] /dev/input/event1: 0003 0035 00001fc3
[  248914.818986] /dev/input/event1: 0003 0036 00003832
[  248914.818986] /dev/input/event1: 0000 0000 00000000
[  248914.829760] /dev/input/event1: 0003 0036 000037ff
[  248914.829760] /dev/input/event1: 0000 0000 00000000
[  248914.833628] /dev/input/event1: 0003 0036 000037ee
[  248914.833628] /dev/input/event1: 0000 0000 00000000
[  248914.846597] /dev/input/event1: 0003 0036 000037cc
[  248914.846597] /dev/input/event1: 0000 0000 00000000
[  248914.852048] /dev/input/event1: 0003 0036 000037bb
[  248914.852048] /dev/input/event1: 0000 0000 00000000
[  248914.862153] /dev/input/event1: 0003 0036 00003799
[  248914.862153] /dev/input/event1: 0000 0000 00000000
[  248914.877813] /dev/input/event1: 0003 0036 00003788
[  248914.877813] /dev/input/event1: 0000 0000 00000000
[  248914.882220] /dev/input/event1: 0003 0036 00003765
[  248914.882220] /dev/input/event1: 0000 0000 00000000
[  248914.894494] /dev/input/event1: 0003 0036 00003754
[  248914.894494] /dev/input/event1: 0000 0000 00000000
[  248914.897694] /dev/input/event1: 0003 0036 00003732
[  248914.897694] /dev/input/event1: 0000 0000 00000000
[  248914.909820] /dev/input/event1: 0003 0036 00003721
[  248914.909820] /dev/input/event1: 0000 0000 00000000
[  248914.913843] /dev/input/event1: 0003 0036 000036ff
[  248914.913843] /dev/input/event1: 0000 0000 00000000
[  248914.925783] /dev/input/event1: 0003 0036 000036ee
[  248914.925783] /dev/input/event1: 0000 0000 00000000
[  248915.023256] /dev/input/event1: 0003 0036 000036cc
[  248915.023256] /dev/input/event1: 0000 0000 00000000
[  248915.054448] /dev/input/event1: 0003 0036 000036bb
[  248915.054448] /dev/input/event1: 0000 0000 00000000
[  248915.085963] /dev/input/event1: 0003 0036 00003699
[  248915.085963] /dev/input/event1: 0000 0000 00000000
[  248915.107050] /dev/input/event1: 0003 0036 00003665
[  248915.107050] /dev/input/event1: 0000 0000 00000000
[  248915.108011] /dev/input/event1: 0003 0036 00003654
[  248915.108011] /dev/input/event1: 0000 0000 00000000
[  248915.342297] /dev/input/event1: 0003 003a 00000000
[  248915.342297] /dev/input/event1: 0003 0039 ffffffff
[  248915.342297] /dev/input/event1: 0000 0000 00000000
[  248917.934651] /dev/input/event1: 0003 0039 00000000
[  248917.934651] /dev/input/event1: 0003 0030 000005ef
[  248917.934651] /dev/input/event1: 0003 003a 00000081
[  248917.934651] /dev/input/event1: 0003 0035 00004407
[  248917.934651] /dev/input/event1: 0003 0036 000066cb
[  248917.934651] /dev/input/event1: 0000 0000 00000000
[  248918.044069] /dev/input/event1: 0003 003a 00000000
[  248918.044069] /dev/input/event1: 0003 0039 ffffffff
[  248918.044069] /dev/input/event1: 0000 0000 00000000
[  248920.556311] /dev/input/event1: 0003 0039 00000000
[  248920.556311] /dev/input/event1: 0003 0030 000005f0
[  248920.556311] /dev/input/event1: 0003 003a 00000081
[  248920.556311] /dev/input/event1: 0003 0035 00003888
[  248920.556311] /dev/input/event1: 0003 0036 00001499
[  248920.556311] /dev/input/event1: 0000 0000 00000000
[  248922.043857] /dev/input/event1: 0003 003a 00000000
[  248922.043857] /dev/input/event1: 0003 0039 ffffffff
[  248922.043857] /dev/input/event1: 0000 0000 00000000
[  248925.000729] /dev/input/event1: 0003 0039 00000000
[  248925.000729] /dev/input/event1: 0003 0030 000005f1
[  248925.000729] /dev/input/event1: 0003 003a 00000081
[  248925.000729] /dev/input/event1: 0003 0035 00002eee
[  248925.000729] /dev/input/event1: 0003 0036 00002c88
[  248925.000729] /dev/input/event1: 0000 0000 00000000
[  248925.096333] /dev/input/event1: 0003 003a 00000000
[  248925.096333] /dev/input/event1: 0003 0039 ffffffff
[  248925.096333] /dev/input/event1: 0000 0000 00000000
[  248926.821425] /dev/input/event1: 0003 0039 00000000
[  248926.821425] /dev/input/event1: 0003 0030 000005f2
[  248926.821425] /dev/input/event1: 0003 003a 00000081
[  248926.821425] /dev/input/event1: 0003 0035 000031c6
[  248926.821425] /dev/input/event1: 0003 0036 000013ff
[  248926.821425] /dev/input/event1: 0000 0000 00000000
[  248926.896626] /dev/input/event1: 0003 003a 00000000
[  248926.896626] /dev/input/event1: 0003 0039 ffffffff
[  248926.896626] /dev/input/event1: 0000 0000 00000000
[  248929.439178] /dev/input/event1: 0003 0039 00000000
[  248929.439178] /dev/input/event1: 0003 0030 000005f3
[  248929.439178] /dev/input/event1: 0003 003a 00000081
[  248929.439178] /dev/input/event1: 0003 0035 00001cae
[  248929.439178] /dev/input/event1: 0003 0036 00007b54
[  248929.439178] /dev/input/event1: 0000 0000 00000000
[  248929.548424] /dev/input/event1: 0003 003a 00000000
[  248929.548424] /dev/input/event1: 0003 0039 ffffffff
[  248929.548424] /dev/input/event1: 0000 0000 00000000
[  248931.208567] /dev/input/event1: 0003 0039 00000000
[  248931.208567] /dev/input/event1: 0003 0030 000005f4
[  248931.208567] /dev/input/event1: 0003 003a 00000081
[  248931.208567] /dev/input/event1: 0003 0035 00003a6d
[  248931.208567] /dev/input/event1: 0003 0036 00001655
[  248931.208567] /dev/input/event1: 0000 0000 00000000
[  248932.665421] /dev/input/event1: 0003 003a 00000000
[  248932.665421] /dev/input/event1: 0003 0039 ffffffff
[  248932.665421] /dev/input/event1: 0000 0000 00000000
[  248933.788425] /dev/input/event1: 0003 0039 00000000
[  248933.788425] /dev/input/event1: 0003 0030 000005f5
[  248933.788425] /dev/input/event1: 0003 003a 00000081
[  248933.788425] /dev/input/event1: 0003 0035 00004b05
[  248933.788425] /dev/input/event1: 0003 0036 000034bb
[  248933.788425] /dev/input/event1: 0000 0000 00000000
[  248933.899096] /dev/input/event1: 0003 003a 00000000
[  248933.899096] /dev/input/event1: 0003 0039 ffffffff
[  248933.899096] /dev/input/event1: 0000 0000 00000000
[  248935.815495] /dev/input/event1: 0003 0039 00000000
[  248935.815495] /dev/input/event1: 0003 0030 000005f6
[  248935.815495] /dev/input/event1: 0003 003a 00000081
[  248935.815495] /dev/input/event1: 0003 0035 00003629
[  248935.815495] /dev/input/event1: 0003 0036 00003e10
[  248935.815495] /dev/input/event1: 0000 0000 00000000
[  248935.925966] /dev/input/event1: 0003 003a 00000000
[  248935.925966] /dev/input/event1: 0003 0039 ffffffff
[  248935.925966] /dev/input/event1: 0000 0000 00000000
[  248937.915963] /dev/input/event1: 0003 0039 00000000
[  248937.915963] /dev/input/event1: 0003 0030 000005f7
[  248937.915963] /dev/input/event1: 0003 003a 00000081
[  248937.915963] /dev/input/event1: 0003 0035 000077b3
[  248937.915963] /dev/input/event1: 0003 0036 00000955
[  248937.915963] /dev/input/event1: 0000 0000 00000000
[  248938.008235] /dev/input/event1: 0003 003a 00000000
[  248938.008235] /dev/input/event1: 0003 0039 ffffffff
[  248938.008235] /dev/input/event1: 0000 0000 00000000
[  248941.762434] /dev/input/event1: 0003 0039 00000000
[  248941.762434] /dev/input/event1: 0003 0030 000005f8
[  248941.762434] /dev/input/event1: 0003 003a 00000081
[  248941.762434] /dev/input/event1: 0003 0035 00001ac8
[  248941.762434] /dev/input/event1: 0003 0036 00007cff
[  248941.762434] /dev/input/event1: 0000 0000 00000000
[  248941.838025] /dev/input/event1: 0003 003a 00000000
[  248941.838025] /dev/input/event1: 0003 0039 ffffffff
[  248941.838025] /dev/input/event1: 0000 0000 00000000
[  248943.170336] /dev/input/event1: 0003 0039 00000000
[  248943.170336] /dev/input/event1: 0003 0030 000005f9
[  248943.170336] /dev/input/event1: 0003 003a 00000081
[  248943.170336] /dev/input/event1: 0003 0035 00001c34
[  248943.170336] /dev/input/event1: 0003 0036 00007d32
[  248943.170336] /dev/input/event1: 0000 0000 00000000
[  248943.232528] /dev/input/event1: 0003 003a 00000000
[  248943.232528] /dev/input/event1: 0003 0039 ffffffff
[  248943.232528] /dev/input/event1: 0000 0000 00000000
[  248946.650011] /dev/input/event1: 0003 0039 00000000
[  248946.650011] /dev/input/event1: 0003 0030 000005fa
[  248946.650011] /dev/input/event1: 0003 003a 00000081
[  248946.650011] /dev/input/event1: 0003 0035 0000797a
[  248946.650011] /dev/input/event1: 0003 0036 00000bbb
[  248946.650011] /dev/input/event1: 0000 0000 00000000
[  248946.758346] /dev/input/event1: 0003 003a 00000000
[  248946.758346] /dev/input/event1: 0003 0039 ffffffff
[  248946.758346] /dev/input/event1: 0000 0000 00000000
[  248949.173331] /dev/input/event1: 0003 0039 00000000
[  248949.173331] /dev/input/event1: 0003 0030 000005fb
[  248949.173331] /dev/input/event1: 0003 003a 00000081
[  248949.173331] /dev/input/event1: 0003 0035 00004f2a
[  248949.173331] /dev/input/event1: 0003 0036 000019ff
[  248949.173331] /dev/input/event1: 0000 0000 00000000
[  248949.266281] /dev/input/event1: 0003 003a 00000000
[  248949.266281] /dev/input/event1: 0003 0039 ffffffff
[  248949.266281] /dev/input/event1: 0000 0000 00000000
[  248951.510733] /dev/input/event1: 0003 0039 00000000
[  248951.510733] /dev/input/event1: 0003 0030 000005fc
[  248951.510733] /dev/input/event1: 0003 003a 00000081
[  248951.510733] /dev/input/event1: 0003 0035 00002f67
[  248951.510733] /dev/input/event1: 0003 0036 00002955
[  248951.510733] /dev/input/event1: 0000 0000 00000000
[  248951.605803] /dev/input/event1: 0003 003a 00000000
[  248951.605803] /dev/input/event1: 0003 0039 ffffffff
[  248951.605803] /dev/input/event1: 0000 0000 00000000
[  248954.037931] /dev/input/event1: 0003 0039 00000000
[  248954.037931] /dev/input/event1: 0003 0030 000005fd
[  248954.037931] /dev/input/event1: 0003 003a 00000081
[  248954.037931] /dev/input/event1: 0003 0035 0000218a
[  248954.037931] /dev/input/event1: 0003 0036 00003288
[  248954.037931] /dev/input/event1: 0000 0000 00000000
[  248954.146039] /dev/input/event1: 0003 003a 00000000
[  248954.146039] /dev/input/event1: 0003 0039 ffffffff
[  248954.146039] /dev/input/event1: 0000 0000 00000000
[  248956.165115] /dev/input/event1: 0003 0039 00000000
[  248956.165115] /dev/input/event1: 0003 0030 000005fe
[  248956.165115] /dev/input/event1: 0003 003a 00000081
[  248956.165115] /dev/input/event1: 0003 0035 00007869
[  248956.165115] /dev/input/event1: 0003 0036 000009cc
[  248956.165115] /dev/input/event1: 0000 0000 00000000
[  248956.276111] /dev/input/event1: 0003 003a 00000000
[  248956.276111] /dev/input/event1: 0003 0039 ffffffff
[  248956.276111] /dev/input/event1: 0000 0000 00000000
[  248957.752300] /dev/input/event1: 0003 0039 00000000
[  248957.752300] /dev/input/event1: 0003 0030 000005ff
[  248957.752300] /dev/input/event1: 0003 003a 00000081
[  248957.752300] /dev/input/event1: 0003 0035 000054bc
[  248957.752300] /dev/input/event1: 0003 0036 00001a44
[  248957.752300] /dev/input/event1: 0000 0000 00000000
[  248957.864113] /dev/input/event1: 0003 003a 00000000
[  248957.864113] /dev/input/event1: 0003 0039 ffffffff
[  248957.864113] /dev/input/event1: 0000 0000 00000000
[  248959.701686] /dev/input/event1: 0003 0039 00000000
[  248959.701686] /dev/input/event1: 0003 0030 00000600
[  248959.701686] /dev/input/event1: 0003 003a 00000081
[  248959.701686] /dev/input/event1: 0003 0035 00002f67
[  248959.701686] /dev/input/event1: 0003 0036 00002abb
[  248959.701686] /dev/input/event1: 0000 0000 00000000
[  248959.778114] /dev/input/event1: 0003 003a 00000000
[  248959.778114] /dev/input/event1: 0003 0039 ffffffff
[  248959.778114] /dev/input/event1: 0000 0000 00000000
[  248962.986504] /dev/input/event1: 0003 0039 00000000
[  248962.986504] /dev/input/event1: 0003 0030 00000601
[  248962.986504] /dev/input/event1: 0003 003a 00000081
[  248962.986504] /dev/input/event1: 0003 0035 00001b05
[  248962.986504] /dev/input/event1: 0003 0036 00004bdd
[  248962.986504] /dev/input/event1: 0000 0000 00000000
[  248963.096156] /dev/input/event1: 0003 003a 00000000
[  248963.096156] /dev/input/event1: 0003 0039 ffffffff
[  248963.096156] /dev/input/event1: 0000 0000 00000000
[  248964.869777] /dev/input/event1: 0003 0039 00000000
[  248964.869777] /dev/input/event1: 0003 0030 00000602
[  248964.869777] /dev/input/event1: 0003 003a 00000081
[  248964.869777] /dev/input/event1: 0003 0035 000075ec
[  248964.869777] /dev/input/event1: 0003 0036 00000acc
[  248964.869777] /dev/input/event1: 0000 0000 00000000
[  248964.994282] /dev/input/event1: 0003 003a 00000000
[  248964.994282] /dev/input/event1: 0003 0039 ffffffff
[  248964.994282] /dev/input/event1: 0000 0000 00000000
[  248966.462006] /dev/input/event1: 0003 0039 00000000
[  248966.462006] /dev/input/event1: 0003 0030 00000603
[  248966.462006] /dev/input/event1: 0003 003a 00000081
[  248966.462006] /dev/input/event1: 0003 0035 0000595c
[  248966.462006] /dev/input/event1: 0003 0036 00001aaa
[  248966.462006] /dev/input/event1: 0000 0000 00000000
[  248966.556289] /dev/input/event1: 0003 003a 00000000
[  248966.556289] /dev/input/event1: 0003 0039 ffffffff
[  248966.556289] /dev/input/event1: 0000 0000 00000000
[  248968.466195] /dev/input/event1: 0003 0039 00000000
[  248968.466195] /dev/input/event1: 0003 0030 00000604
[  248968.466195] /dev/input/event1: 0003 003a 00000081
[  248968.466195] /dev/input/event1: 0003 0035 000030d4
[  248968.466195] /dev/input/event1: 0003 0036 00003999
[  248968.466195] /dev/input/event1: 0000 0000 00000000
[  248968.544581] /dev/input/event1: 0003 003a 00000000
[  248968.544581] /dev/input/event1: 0003 0039 ffffffff
[  248968.544581] /dev/input/event1: 0000 0000 00000000
[  248971.095300] /dev/input/event1: 0003 0039 00000000
[  248971.095300] /dev/input/event1: 0003 0030 00000605
[  248971.095300] /dev/input/event1: 0003 003a 00000081
[  248971.095300] /dev/input/event1: 0003 0035 00006b41
[  248971.095300] /dev/input/event1: 0003 0036 00004721
[  248971.095300] /dev/input/event1: 0000 0000 00000000
[  248971.236893] /dev/input/event1: 0003 003a 00000000
[  248971.236893] /dev/input/event1: 0003 0039 ffffffff
[  248971.236893] /dev/input/event1: 0000 0000 00000000
[  248973.872844] /dev/input/event1: 0003 0039 00000000
[  248973.872844] /dev/input/event1: 0003 0030 00000606
[  248973.872844] /dev/input/event1: 0003 003a 00000081
[  248973.872844] /dev/input/event1: 0003 0035 000079b6
[  248973.872844] /dev/input/event1: 0003 0036 00000811
[  248973.872844] /dev/input/event1: 0000 0000 00000000
[  248974.016635] /dev/input/event1: 0003 003a 00000000
[  248974.016635] /dev/input/event1: 0003 0039 ffffffff
[  248974.016635] /dev/input/event1: 0000 0000 00000000
[  248975.386167] /dev/input/event1: 0003 0039 00000000
[  248975.386167] /dev/input/event1: 0003 0030 00000607
[  248975.386167] /dev/input/event1: 0003 003a 00000081
[  248975.386167] /dev/input/event1: 0003 0035 00004d82
[  248975.386167] /dev/input/event1: 0003 0036 00001a77
[  248975.386167] /dev/input/event1: 0000 0000 00000000
[  248975.498049] /dev/input/event1: 0003 003a 00000000
[  248975.498049] /dev/input/event1: 0003 0039 ffffffff
[  248975.498049] /dev/input/event1: 0000 0000 00000000
[  248978.299261] /dev/input/event1: 0003 0039 00000000
[  248978.299261] /dev/input/event1: 0003 0030 00000608
[  248978.299261] /dev/input/event1: 0003 003a 00000081
[  248978.299261] /dev/input/event1: 0003 0035 00001dfb
[  248978.299261] /dev/input/event1: 0003 0036 00004232
[  248978.299261] /dev/input/event1: 0000 0000 00000000
[  248978.406251] /dev/input/event1: 0003 003a 00000000
[  248978.406251] /dev/input/event1: 0003 0039 ffffffff
[  248978.406251] /dev/input/event1: 0000 0000 00000000
[  248980.780571] /dev/input/event1: 0003 0039 00000000
[  248980.780571] /dev/input/event1: 0003 0030 00000609
[  248980.780571] /dev/input/event1: 0003 003a 00000081
[  248980.780571] /dev/input/event1: 0003 0035 00006ae6
[  248980.780571] /dev/input/event1: 0003 0036 000046ff
[  248980.780571] /dev/input/event1: 0000 0000 00000000
[  248980.938292] /dev/input/event1: 0003 003a 00000000
[  248980.938292] /dev/input/event1: 0003 0039 ffffffff
[  248980.938292] /dev/input/event1: 0000 0000 00000000
[  248982.214794] /dev/input/event1: 0003 0039 00000000
[  248982.214794] /dev/input/event1: 0003 0030 0000060a
[  248982.214794] /dev/input/event1: 0003 003a 00000081
[  248982.214794] /dev/input/event1: 0003 0035 00007869
[  248982.214794] /dev/input/event1: 0003 0036 000007ee
[  248982.214794] /dev/input/event1: 0000 0000 00000000
[  248982.308403] /dev/input/event1: 0003 003a 00000000
[  248982.308403] /dev/input/event1: 0003 0039 ffffffff
[  248982.308403] /dev/input/event1: 0000 0000 00000000
[  248983.875945] /dev/input/event1: 0003 0039 00000000
[  248983.875945] /dev/input/event1: 0003 0030 0000060b
[  248983.875945] /dev/input/event1: 0003 003a 00000081
[  248983.875945] /dev/input/event1: 0003 0035 0000529a
[  248983.875945] /dev/input/event1: 0003 0036 00001aee
[  248983.875945] /dev/input/event1: 0000 0000 00000000
[  248983.982888] /dev/input/event1: 0003 003a 00000000
[  248983.982888] /dev/input/event1: 0003 0039 ffffffff
[  248983.982888] /dev/input/event1: 0000 0000 00000000
[  248986.956944] /dev/input/event1: 0003 0039 00000000
[  248986.956944] /dev/input/event1: 0003 0030 0000060c
[  248986.956944] /dev/input/event1: 0003 003a 00000081
[  248986.956944] /dev/input/event1: 0003 0035 00001fa4
[  248986.956944] /dev/input/event1: 0003 0036 00004a43
[  248986.956944] /dev/input/event1: 0000 0000 00000000
[  248987.050108] /dev/input/event1: 0003 003a 00000000
[  248987.050108] /dev/input/event1: 0003 0039 ffffffff
[  248987.050108] /dev/input/event1: 0000 0000 00000000
[  248988.945259] /dev/input/event1: 0003 0039 00000000
[  248988.945259] /dev/input/event1: 0003 0030 0000060d
[  248988.945259] /dev/input/event1: 0003 003a 00000081
[  248988.945259] /dev/input/event1: 0003 0035 00001795
[  248988.945259] /dev/input/event1: 0003 0036 000012ee
[  248988.945259] /dev/input/event1: 0000 0000 00000000
[  248989.038227] /dev/input/event1: 0003 003a 00000000
[  248989.038227] /dev/input/event1: 0003 0039 ffffffff
[  248989.038227] /dev/input/event1: 0000 0000 00000000
[  248991.742258] /dev/input/event1: 0003 0039 00000000
[  248991.742258] /dev/input/event1: 0003 0030 0000060e
[  248991.742258] /dev/input/event1: 0003 003a 00000081
[  248991.742258] /dev/input/event1: 0003 0035 00001777
[  248991.742258] /dev/input/event1: 0003 0036 00002dcc
[  248991.742258] /dev/input/event1: 0000 0000 00000000
[  248991.850445] /dev/input/event1: 0003 003a 00000000
[  248991.850445] /dev/input/event1: 0003 0039 ffffffff
[  248991.850445] /dev/input/event1: 0000 0000 00000000
[  248992.928508] /dev/input/event1: 0003 0039 00000000
[  248992.928508] /dev/input/event1: 0003 0030 0000060f
[  248992.928508] /dev/input/event1: 0003 003a 00000081
[  248992.928508] /dev/input/event1: 0003 0035 000016df
[  248992.928508] /dev/input/event1: 0003 0036 00001866
[  248992.928508] /dev/input/event1: 0000 0000 00000000
[  248993.020475] /dev/input/event1: 0003 003a 00000000
[  248993.020475] /dev/input/event1: 0003 0039 ffffffff
[  248993.020475] /dev/input/event1: 0000 0000 00000000
[  248995.049679] /dev/input/event1: 0003 0039 00000000
[  248995.049679] /dev/input/event1: 0003 0030 00000610
[  248995.049679] /dev/input/event1: 0003 003a 00000081
[  248995.049679] /dev/input/event1: 0003 0035 0000173a
[  248995.049679] /dev/input/event1: 0003 0036 00002077
[  248995.049679] /dev/input/event1: 0000 0000 00000000
[  248995.161221] /dev/input/event1: 0003 003a 00000000
[  248995.161221] /dev/input/event1: 0003 0039 ffffffff
[  248995.161221] /dev/input/event1: 0000 0000 00000000
[  248996.940183] /dev/input/event1: 0003 0039 00000000
[  248996.940183] /dev/input/event1: 0003 0030 00000611
[  248996.940183] /dev/input/event1: 0003 003a 00000081
[  248996.940183] /dev/input/event1: 0003 0035 000017d2
[  248996.940183] /dev/input/event1: 0003 0036 00002732
[  248996.940183] /dev/input/event1: 0000 0000 00000000
[  248997.050967] /dev/input/event1: 0003 003a 00000000
[  248997.050967] /dev/input/event1: 0003 0039 ffffffff
[  248997.050967] /dev/input/event1: 0000 0000 00000000
[  248998.805590] /dev/input/event1: 0003 0039 00000000
[  248998.805590] /dev/input/event1: 0003 0030 00000612
[  248998.805590] /dev/input/event1: 0003 003a 00000081
[  248998.805590] /dev/input/event1: 0003 0035 000016df
[  248998.805590] /dev/input/event1: 0003 0036 00002ecc
[  248998.805590] /dev/input/event1: 0000 0000 00000000
[  248998.916627] /dev/input/event1: 0003 003a 00000000
[  248998.916627] /dev/input/event1: 0003 0039 ffffffff
[  248998.916627] /dev/input/event1: 0000 0000 00000000
[   12602.564615] /dev/input/event1: 0003 0039 00000000
[   12602.564615] /dev/input/event1: 0003 0030 0000012a
[   12602.564615] /dev/input/event1: 0003 003a 00000081
[   12602.564615] /dev/input/event1: 0003 0035 00001eee
[   12602.564615] /dev/input/event1: 0003 0036 000034ff
[   12602.564615] /dev/input/event1: 0000 0000 00000000
[   12602.642737] /dev/input/event1: 0003 003a 00000000
[   12602.642737] /dev/input/event1: 0003 0039 ffffffff
[   12602.642737] /dev/input/event1: 0000 0000 00000000
[   12603.892682] /dev/input/event1: 0003 0039 00000000
[   12603.892682] /dev/input/event1: 0003 0030 0000012b
[   12603.892682] /dev/input/event1: 0003 003a 00000081
[   12603.892682] /dev/input/event1: 0000 0000 00000000
[   12603.970184] /dev/input/event1: 0003 003a 00000000
[   12603.970184] /dev/input/event1: 0003 0039 ffffffff
[   12603.970184] /dev/input/event1: 0000 0000 00000000
[   12605.333319] /dev/input/event1: 0003 0039 00000000
[   12605.333319] /dev/input/event1: 0003 0030 0000012c
[   12605.333319] /dev/input/event1: 0003 003a 00000081
[   12605.333319] /dev/input/event1: 0000 0000 00000000
[   12605.421125] /dev/input/event1: 0003 003a 00000000
[   12605.421125] /dev/input/event1: 0003 0039 ffffffff
[   12605.421125] /dev/input/event1: 0000 0000 00000000
[   12607.242751] /dev/input/event1: 0003 0039 00000000
[   12607.242751] /dev/input/event1: 0003 0030 0000012d
[   12607.242751] /dev/input/event1: 0003 003a 00000081
[   12607.242751] /dev/input/event1: 0003 0035 00001cea
[   12607.242751] /dev/input/event1: 0003 0036 00003aff
[   12607.242751] /dev/input/event1: 0000 0000 00000000
[   12607.309884] /dev/input/event1: 0003 003a 00000000
[   12607.309884] /dev/input/event1: 0003 0039 ffffffff
[   12607.309884] /dev/input/event1: 0000 0000 00000000
[   12608.572884] /dev/input/event1: 0003 0039 00000000
[   12608.572884] /dev/input/event1: 0003 0030 0000012e
[   12608.572884] /dev/input/event1: 0003 003a 00000081
[   12608.572884] /dev/input/event1: 0000 0000 00000000
[   12608.627343] /dev/input/event1: 0003 003a 00000000
[   12608.627343] /dev/input/event1: 0003 0039 ffffffff
[   12608.627343] /dev/input/event1: 0000 0000 00000000
[   12611.137331] /dev/input/event1: 0003 0039 00000000
[   12611.137331] /dev/input/event1: 0003 0030 0000012f
[   12611.137331] /dev/input/event1: 0003 003a 00000081
[   12611.137331] /dev/input/event1: 0003 0035 00001d27
[   12611.137331] /dev/input/event1: 0003 0036 000043aa
[   12611.137331] /dev/input/event1: 0000 0000 00000000
[   12611.203639] /dev/input/event1: 0003 003a 00000000
[   12611.203639] /dev/input/event1: 0003 0039 ffffffff
[   12611.203639] /dev/input/event1: 0000 0000 00000000
[   12613.047910] /dev/input/event1: 0003 0039 00000000
[   12613.047910] /dev/input/event1: 0003 0030 00000130
[   12613.047910] /dev/input/event1: 0003 003a 00000081
[   12613.047910] /dev/input/event1: 0003 0035 0000238d
[   12613.047910] /dev/input/event1: 0003 0036 00004b21
[   12613.047910] /dev/input/event1: 0000 0000 00000000
[   12613.115641] /dev/input/event1: 0003 003a 00000000
[   12613.115641] /dev/input/event1: 0003 0039 ffffffff
[   12613.115641] /dev/input/event1: 0000 0000 00000000
[   12615.568732] /dev/input/event1: 0003 0039 00000000
[   12615.568732] /dev/input/event1: 0003 0030 00000131
[   12615.568732] /dev/input/event1: 0003 003a 00000081
[   12615.568732] /dev/input/event1: 0003 0035 0000416b
[   12615.568732] /dev/input/event1: 0003 0036 000073cb
[   12615.568732] /dev/input/event1: 0000 0000 00000000
[   12615.680155] /dev/input/event1: 0003 003a 00000000
[   12615.680155] /dev/input/event1: 0003 0039 ffffffff
[   12615.680155] /dev/input/event1: 0000 0000 00000000