add device 1: /dev/input/event0
  name:     "Power Button"
add device 2: /dev/input/event1
  name:     "qwerty2"
[   37225.016694] /dev/input/event1: 0003 0039 00000000
[   37225.016694] /dev/input/event1: 0003 0030 00000187
[   37225.016694] /dev/input/event1: 0003 003a 00000081
[   37225.016694] /dev/input/event1: 0003 0035 0000571b
[   37225.016694] /dev/input/event1: 0003 0036 00005921
[   37225.016694] /dev/input/event1: 0000 0000 00000000
[   37225.129165] /dev/input/event1: 0003 003a 00000000
[   37225.129165] /dev/input/event1: 0003 0039 ffffffff
[   37225.129165] /dev/input/event1: 0000 0000 00000000
[   37227.323133] /dev/input/event1: 0003 0039 00000000
[   37227.323133] /dev/input/event1: 0003 0030 00000188
[   37227.323133] /dev/input/event1: 0003 003a 00000081
[   37227.323133] /dev/input/event1: 0003 0035 00007794
[   37227.323133] /dev/input/event1: 0003 0036 00001244
[   37227.323133] /dev/input/event1: 0000 0000 00000000
[   37227.412773] /dev/input/event1: 0003 003a 00000000
[   37227.412773] /dev/input/event1: 0003 0039 ffffffff
[   37227.412773] /dev/input/event1: 0000 0000 00000000
[   37229.696572] /dev/input/event1: 0003 0039 00000000
[   37229.696572] /dev/input/event1: 0003 0030 00000189
[   37229.696572] /dev/input/event1: 0003 003a 00000081
[   37229.696572] /dev/input/event1: 0003 0035 00004ddd
[   37229.696572] /dev/input/event1: 0003 0036 000065ff
[   37229.696572] /dev/input/event1: 0000 0000 00000000
[   37229.773282] /dev/input/event1: 0003 003a 00000000
[   37229.773282] /dev/input/event1: 0003 0039 ffffffff
[   37229.773282] /dev/input/event1: 0000 0000 00000000
[   37230.912058] /dev/input/event1: 0003 0039 00000000
[   37230.912058] /dev/input/event1: 0003 0030 0000018a
[   37230.912058] /dev/input/event1: 0003 003a 00000081
[   37230.912058] /dev/input/event1: 0003 0035 0000616b
[   37230.912058] /dev/input/event1: 0003 0036 00005121
[   37230.912058] /dev/input/event1: 0000 0000 00000000
[   37230.965665] /dev/input/event1: 0003 003a 00000000
[   37230.965665] /dev/input/event1: 0003 0039 ffffffff
[   37230.965665] /dev/input/event1: 0000 0000 00000000
[   37231.946740] /dev/input/event1: 0003 0039 00000000
[   37231.946740] /dev/input/event1: 0003 0030 0000018b
[   37231.946740] /dev/input/event1: 0003 003a 00000081
[   37231.946740] /dev/input/event1: 0003 0035 000071c6
[   37231.946740] /dev/input/event1: 0003 0036 00005a65
[   37231.946740] /dev/input/event1: 0000 0000 00000000
[   37232.069633] /dev/input/event1: 0003 003a 00000000
[   37232.069633] /dev/input/event1: 0003 0039 ffffffff
[   37232.069633] /dev/input/event1: 0000 0000 00000000
[   37232.971275] /dev/input/event1: 0003 0039 00000000
[   37232.971275] /dev/input/event1: 0003 0030 0000018c
[   37232.971275] /dev/input/event1: 0003 003a 00000081
[   37232.971275] /dev/input/event1: 0003 0036 00005a87
[   37232.971275] /dev/input/event1: 0000 0000 00000000
[   37233.069853] /dev/input/event1: 0003 003a 00000000
[   37233.069853] /dev/input/event1: 0003 0039 ffffffff
[   37233.069853] /dev/input/event1: 0000 0000 00000000
[   37234.377011] /dev/input/event1: 0003 0039 00000000
[   37234.377011] /dev/input/event1: 0003 0030 0000018d
[   37234.377011] /dev/input/event1: 0003 003a 00000081
[   37234.377011] /dev/input/event1: 0003 0035 00002cae
[   37234.377011] /dev/input/event1: 0003 0036 000020ff
[   37234.377011] /dev/input/event1: 0000 0000 00000000
[   37234.465764] /dev/input/event1: 0003 003a 00000000
[   37234.465764] /dev/input/event1: 0003 0039 ffffffff
[   37234.465764] /dev/input/event1: 0000 0000 00000000
[   37235.602822] /dev/input/event1: 0003 0039 00000000
[   37235.602822] /dev/input/event1: 0003 0030 0000018e
[   37235.602822] /dev/input/event1: 0003 003a 00000081
[   37235.602822] /dev/input/event1: 0003 0035 00001480
[   37235.602822] /dev/input/event1: 0003 0036 000050ff
[   37235.602822] /dev/input/event1: 0000 0000 00000000
[   37235.715168] /dev/input/event1: 0003 003a 00000000
[   37235.715168] /dev/input/event1: 0003 0039 ffffffff
[   37235.715168] /dev/input/event1: 0000 0000 00000000
[   37236.828591] /dev/input/event1: 0003 0039 00000000
[   37236.828591] /dev/input/event1: 0003 0030 0000018f
[   37236.828591] /dev/input/event1: 0003 003a 00000081
[   37236.828591] /dev/input/event1: 0003 0035 00003758
[   37236.828591] /dev/input/event1: 0003 0036 00007243
[   37236.828591] /dev/input/event1: 0000 0000 00000000
[   37236.917371] /dev/input/event1: 0003 003a 00000000
[   37236.917371] /dev/input/event1: 0003 0039 ffffffff
[   37236.917371] /dev/input/event1: 0000 0000 00000000
[   37237.650228] /dev/input/event1: 0003 0039 00000000
[   37237.650228] /dev/input/event1: 0003 0030 00000190
[   37237.650228] /dev/input/event1: 0003 003a 00000081
[   37237.650228] /dev/input/event1: 0003 0035 000036c0
[   37237.650228] /dev/input/event1: 0000 0000 00000000
[   37237.762716] /dev/input/event1: 0003 003a 00000000
[   37237.762716] /dev/input/event1: 0003 0039 ffffffff
[   37237.762716] /dev/input/event1: 0000 0000 00000000
[   37238.561058] /dev/input/event1: 0003 0039 00000000
[   37238.561058] /dev/input/event1: 0003 0030 00000191
[   37238.561058] /dev/input/event1: 0003 003a 00000081
[   37238.561058] /dev/input/event1: 0000 0000 00000000
[   37238.663393] /dev/input/event1: 0003 003a 00000000
[   37238.663393] /dev/input/event1: 0003 0039 ffffffff
[   37238.663393] /dev/input/event1: 0000 0000 00000000
[   37239.326175] /dev/input/event1: 0003 0039 00000000
[   37239.326175] /dev/input/event1: 0003 0030 00000192
[   37239.326175] /dev/input/event1: 0003 003a 00000081
[   37239.326175] /dev/input/event1: 0000 0000 00000000
[   37239.427892] /dev/input/event1: 0003 003a 00000000
[   37239.427892] /dev/input/event1: 0003 0039 ffffffff
[   37239.427892] /dev/input/event1: 0000 0000 00000000
[   37242.397438] /dev/input/event1: 0003 0039 00000000
[   37242.397438] /dev/input/event1: 0003 0030 00000193
[   37242.397438] /dev/input/event1: 0003 003a 00000081
[   37242.397438] /dev/input/event1: 0003 0035 00001888
[   37242.397438] /dev/input/event1: 0003 0036 00003e65
[   37242.397438] /dev/input/event1: 0000 0000 00000000
[   37242.519334] /dev/input/event1: 0003 003a 00000000
[   37242.519334] /dev/input/event1: 0003 0039 ffffffff
[   37242.519334] /dev/input/event1: 0000 0000 00000000
[   37243.860010] /dev/input/event1: 0003 0039 00000000
[   37243.860010] /dev/input/event1: 0003 0030 00000194
[   37243.860010] /dev/input/event1: 0003 003a 00000081
[   37243.860010] /dev/input/event1: 0003 0035 00004b9c
[   37243.860010] /dev/input/event1: 0003 0036 00006565
[   37243.860010] /dev/input/event1: 0000 0000 00000000
[   37243.972687] /dev/input/event1: 0003 003a 00000000
[   37243.972687] /dev/input/event1: 0003 0039 ffffffff
[   37243.972687] /dev/input/event1: 0000 0000 00000000
[   37245.333243] /dev/input/event1: 0003 0039 00000000
[   37245.333243] /dev/input/event1: 0003 0030 00000195
[   37245.333243] /dev/input/event1: 0003 003a 00000081
[   37245.333243] /dev/input/event1: 0003 0035 00005f2a
[   37245.333243] /dev/input/event1: 0003 0036 000050aa
[   37245.333243] /dev/input/event1: 0000 0000 00000000
[   37245.399431] /dev/input/event1: 0003 003a 00000000
[   37245.399431] /dev/input/event1: 0003 0039 ffffffff
[   37245.399431] /dev/input/event1: 0000 0000 00000000
[   37246.334549] /dev/input/event1: 0003 0039 00000000
[   37246.334549] /dev/input/event1: 0003 0030 00000196
[   37246.334549] /dev/input/event1: 0003 003a 00000081
[   37246.334549] /dev/input/event1: 0003 0035 000074bc
[   37246.334549] /dev/input/event1: 0003 0036 00005b87
[   37246.334549] /dev/input/event1: 0000 0000 00000000
[   37246.435641] /dev/input/event1: 0003 003a 00000000
[   37246.435641] /dev/input/event1: 0003 0039 ffffffff
[   37246.435641] /dev/input/event1: 0000 0000 00000000
[   37247.335834] /dev/input/event1: 0003 0039 00000000
[   37247.335834] /dev/input/event1: 0003 0030 00000197
[   37247.335834] /dev/input/event1: 0003 003a 00000081
[   37247.335834] /dev/input/event1: 0003 0035 0000738d
[   37247.335834] /dev/input/event1: 0003 0036 00005b65
[   37247.335834] /dev/input/event1: 0000 0000 00000000
[   37247.446966] /dev/input/event1: 0003 003a 00000000
[   37247.446966] /dev/input/event1: 0003 0039 ffffffff
[   37247.446966] /dev/input/event1: 0000 0000 00000000
[   37248.607782] /dev/input/event1: 0003 0039 00000000
[   37248.607782] /dev/input/event1: 0003 0030 00000198
[   37248.607782] /dev/input/event1: 0003 003a 00000081
[   37248.607782] /dev/input/event1: 0003 0035 00002c16
[   37248.607782] /dev/input/event1: 0003 0036 00003166
[   37248.607782] /dev/input/event1: 0000 0000 00000000
[   37248.706980] /dev/input/event1: 0003 003a 00000000
[   37248.706980] /dev/input/event1: 0003 0039 ffffffff
[   37248.706980] /dev/input/event1: 0000 0000 00000000
[   37251.138616] /dev/input/event1: 0003 0039 00000000
[   37251.138616] /dev/input/event1: 0003 0030 00000199
[   37251.138616] /dev/input/event1: 0003 003a 00000081
[   37251.138616] /dev/input/event1: 0003 0035 000023ca
[   37251.138616] /dev/input/event1: 0003 0036 000047aa
[   37251.138616] /dev/input/event1: 0000 0000 00000000
[   37251.204200] /dev/input/event1: 0003 003a 00000000
[   37251.204200] /dev/input/event1: 0003 0039 ffffffff
[   37251.204200] /dev/input/event1: 0000 0000 00000000
[   37252.759289] /dev/input/event1: 0003 0039 00000000
[   37252.759289] /dev/input/event1: 0003 0030 0000019a
[   37252.759289] /dev/input/event1: 0003 003a 00000081
[   37252.759289] /dev/input/event1: 0003 0035 0000591f
[   37252.759289] /dev/input/event1: 0003 0036 000063a9
[   37252.759289] /dev/input/event1: 0000 0000 00000000
[   37252.859054] /dev/input/event1: 0003 003a 00000000
[   37252.859054] /dev/input/event1: 0003 0039 ffffffff
[   37252.859054] /dev/input/event1: 0000 0000 00000000
[   37254.705508] /dev/input/event1: 0003 0039 00000000
[   37254.705508] /dev/input/event1: 0003 0030 0000019b
[   37254.705508] /dev/input/event1: 0003 003a 00000081
[   37254.705508] /dev/input/event1: 0003 0035 000067d1
[   37254.705508] /dev/input/event1: 0003 0036 00003221
[   37254.705508] /dev/input/event1: 0000 0000 00000000
[   37254.805070] /dev/input/event1: 0003 003a 00000000
[   37254.805070] /dev/input/event1: 0003 0039 ffffffff
[   37254.805070] /dev/input/event1: 0000 0000 00000000
[   37257.562288] /dev/input/event1: 0003 0039 00000000
[   37257.562288] /dev/input/event1: 0003 0030 0000019c
[   37257.562288] /dev/input/event1: 0003 003a 00000081
[   37257.562288] /dev/input/event1: 0003 0035 00004887
[   37257.562288] /dev/input/event1: 0003 0036 00003b65
[   37257.562288] /dev/input/event1: 0000 0000 00000000
[   37257.674028] /dev/input/event1: 0003 003a 00000000
[   37257.674028] /dev/input/event1: 0003 0039 ffffffff
[   37257.674028] /dev/input/event1: 0000 0000 00000000
[   37260.284966] /dev/input/event1: 0003 0039 00000000
[   37260.284966] /dev/input/event1: 0003 0030 0000019d
[   37260.284966] /dev/input/event1: 0003 003a 00000081
[   37260.284966] /dev/input/event1: 0003 0035 00004fa4
[   37260.284966] /dev/input/event1: 0003 0036 000035cc
[   37260.284966] /dev/input/event1: 0000 0000 00000000
[   37260.361602] /dev/input/event1: 0003 003a 00000000
[   37260.361602] /dev/input/event1: 0003 0039 ffffffff
[   37260.361602] /dev/input/event1: 0000 0000 00000000
[   37263.693249] /dev/input/event1: 0003 0039 00000000
[   37263.693249] /dev/input/event1: 0003 0030 0000019e
[   37263.693249] /dev/input/event1: 0003 003a 00000081
[   37263.693249] /dev/input/event1: 0003 0035 00005bd9
[   37263.693249] /dev/input/event1: 0003 0036 00005aa9
[   37263.693249] /dev/input/event1: 0000 0000 00000000
[   37263.851748] /dev/input/event1: 0003 003a 00000000
[   37263.851748] /dev/input/event1: 0003 0039 ffffffff
[   37263.851748] /dev/input/event1: 0000 0000 00000000
[   37267.360787] /dev/input/event1: 0003 0039 00000000
[   37267.360787] /dev/input/event1: 0003 0030 0000019f
[   37267.360787] /dev/input/event1: 0003 003a 00000081
[   37267.360787] /dev/input/event1: 0003 0035 000076c0
[   37267.360787] /dev/input/event1: 0003 0036 000008aa
[   37267.360787] /dev/input/event1: 0000 0000 00000000
[   37267.517139] /dev/input/event1: 0003 003a 00000000
[   37267.517139] /dev/input/event1: 0003 0039 ffffffff
[   37267.517139] /dev/input/event1: 0000 0000 00000000