add device 1: /dev/input/event0
  name:     "Power Button"
add device 2: /dev/input/event1
  name:     "qwerty2"
[   39874.701190] /dev/input/event1: 0003 0039 00000000
[   39874.701190] /dev/input/event1: 0003 0030 0000020b
[   39874.701190] /dev/input/event1: 0003 003a 00000081
[   39874.701190] /dev/input/event1: 0003 0035 00005a12
[   39874.701190] /dev/input/event1: 0003 0036 00005943
[   39874.701190] /dev/input/event1: 0000 0000 00000000
[   39874.778481] /dev/input/event1: 0003 003a 00000000
[   39874.778481] /dev/input/event1: 0003 0039 ffffffff
[   39874.778481] /dev/input/event1: 0000 0000 00000000
[   39877.232999] /dev/input/event1: 0003 0039 00000000
[   39877.232999] /dev/input/event1: 0003 0030 0000020c
[   39877.232999] /dev/input/event1: 0003 003a 00000081
[   39877.232999] /dev/input/event1: 0003 0035 00002eb1
[   39877.232999] /dev/input/event1: 0003 0036 00001dff
[   39877.232999] /dev/input/event1: 0000 0000 00000000
[   39877.333731] /dev/input/event1: 0003 003a 00000000
[   39877.333731] /dev/input/event1: 0003 0039 ffffffff
[   39877.333731] /dev/input/event1: 0000 0000 00000000
[   39878.717799] /dev/input/event1: 0003 0039 00000000
[   39878.717799] /dev/input/event1: 0003 0030 0000020d
[   39878.717799] /dev/input/event1: 0003 003a 00000081
[   39878.717799] /dev/input/event1: 0003 0035 00004b23
[   39878.717799] /dev/input/event1: 0003 0036 000043aa
[   39878.717799] /dev/input/event1: 0000 0000 00000000
[   39878.840059] /dev/input/event1: 0003 003a 00000000
[   39878.840059] /dev/input/event1: 0003 0039 ffffffff
[   39878.840059] /dev/input/event1: 0000 0000 00000000
[   39880.709736] /dev/input/event1: 0003 0039 00000000
[   39880.709736] /dev/input/event1: 0003 0030 0000020e
[   39880.709736] /dev/input/event1: 0003 003a 00000081
[   39880.709736] /dev/input/event1: 0003 0035 00002a12
[   39880.709736] /dev/input/event1: 0003 0036 000016aa
[   39880.709736] /dev/input/event1: 0000 0000 00000000
[   39880.787810] /dev/input/event1: 0003 003a 00000000
[   39880.787810] /dev/input/event1: 0003 0039 ffffffff
[   39880.787810] /dev/input/event1: 0000 0000 00000000
[   39883.195454] /dev/input/event1: 0003 0039 00000000
[   39883.195454] /dev/input/event1: 0003 0030 0000020f
[   39883.195454] /dev/input/event1: 0003 003a 00000081
[   39883.195454] /dev/input/event1: 0003 0035 000079d5
[   39883.195454] /dev/input/event1: 0003 0036 00004faa
[   39883.195454] /dev/input/event1: 0000 0000 00000000
[   39883.283597] /dev/input/event1: 0003 003a 00000000
[   39883.283597] /dev/input/event1: 0003 0039 ffffffff
[   39883.283597] /dev/input/event1: 0000 0000 00000000
[   39884.534350] /dev/input/event1: 0003 0039 00000000
[   39884.534350] /dev/input/event1: 0003 0030 00000210
[   39884.534350] /dev/input/event1: 0003 003a 00000081
[   39884.534350] /dev/input/event1: 0003 0035 00000b23
[   39884.534350] /dev/input/event1: 0003 0036 00005aff
[   39884.534350] /dev/input/event1: 0000 0000 00000000
[   39884.633272] /dev/input/event1: 0003 003a 00000000
[   39884.633272] /dev/input/event1: 0003 0039 ffffffff
[   39884.633272] /dev/input/event1: 0000 0000 00000000
[   39885.726453] /dev/input/event1: 0003 0039 00000000
[   39885.726453] /dev/input/event1: 0003 0030 00000211
[   39885.726453] /dev/input/event1: 0003 003a 00000081
[   39885.726453] /dev/input/event1: 0003 0035 0000471b
[   39885.726453] /dev/input/event1: 0003 0036 000050ff
[   39885.726453] /dev/input/event1: 0000 0000 00000000
[   39885.792236] /dev/input/event1: 0003 003a 00000000
[   39885.792236] /dev/input/event1: 0003 0039 ffffffff
[   39885.792236] /dev/input/event1: 0000 0000 00000000
[   39886.906016] /dev/input/event1: 0003 0039 00000000
[   39886.906016] /dev/input/event1: 0003 0030 00000212
[   39886.906016] /dev/input/event1: 0003 003a 00000081
[   39886.906016] /dev/input/event1: 0003 0035 00003407
[   39886.906016] /dev/input/event1: 0003 0036 000065ff
[   39886.906016] /dev/input/event1: 0000 0000 00000000
[   39886.973518] /dev/input/event1: 0003 003a 00000000
[   39886.973518] /dev/input/event1: 0003 0039 ffffffff
[   39886.973518] /dev/input/event1: 0000 0000 00000000
[   39887.942955] /dev/input/event1: 0003 0039 00000000
[   39887.942955] /dev/input/event1: 0003 0030 00000213
[   39887.942955] /dev/input/event1: 0003 003a 00000081
[   39887.942955] /dev/input/event1: 0003 0035 00004d63
[   39887.942955] /dev/input/event1: 0003 0036 00005b43
[   39887.942955] /dev/input/event1: 0000 0000 00000000
[   39888.031102] /dev/input/event1: 0003 003a 00000000
[   39888.031102] /dev/input/event1: 0003 0039 ffffffff
[   39888.031102] /dev/input/event1: 0000 0000 00000000
[   39889.032604] /dev/input/event1: 0003 0039 00000000
[   39889.032604] /dev/input/event1: 0003 0030 00000214
[   39889.032604] /dev/input/event1: 0003 003a 00000081
[   39889.032604] /dev/input/event1: 0003 0035 0000216b
[   39889.032604] /dev/input/event1: 0003 0036 000050ff
[   39889.032604] /dev/input/event1: 0000 0000 00000000
[   39889.133418] /dev/input/event1: 0003 003a 00000000
[   39889.133418] /dev/input/event1: 0003 0039 ffffffff
[   39889.133418] /dev/input/event1: 0000 0000 00000000
[   39890.427845] /dev/input/event1: 0003 0039 00000000
[   39890.427845] /dev/input/event1: 0003 0030 00000215
[   39890.427845] /dev/input/event1: 0003 003a 00000081
[   39890.427845] /dev/input/event1: 0003 0035 000032f6
[   39890.427845] /dev/input/event1: 0003 0036 000066a9
[   39890.427845] /dev/input/event1: 0000 0000 00000000
[   39890.507435] /dev/input/event1: 0003 003a 00000000
[   39890.507435] /dev/input/event1: 0003 0039 ffffffff
[   39890.507435] /dev/input/event1: 0000 0000 00000000
[   39891.722658] /dev/input/event1: 0003 0039 00000000
[   39891.722658] /dev/input/event1: 0003 0030 00000216
[   39891.722658] /dev/input/event1: 0003 003a 00000081
[   39891.722658] /dev/input/event1: 0003 0035 00006554
[   39891.722658] /dev/input/event1: 0003 0036 00005bff
[   39891.722658] /dev/input/event1: 0000 0000 00000000
[   39891.834824] /dev/input/event1: 0003 003a 00000000
[   39891.834824] /dev/input/event1: 0003 0039 ffffffff
[   39891.834824] /dev/input/event1: 0000 0000 00000000
[   39893.680683] /dev/input/event1: 0003 0039 00000000
[   39893.680683] /dev/input/event1: 0003 0030 00000217
[   39893.680683] /dev/input/event1: 0003 003a 00000081
[   39893.680683] /dev/input/event1: 0003 0035 000015ce
[   39893.680683] /dev/input/event1: 0003 0036 00002144
[   39893.680683] /dev/input/event1: 0000 0000 00000000
[   39893.758776] /dev/input/event1: 0003 003a 00000000
[   39893.758776] /dev/input/event1: 0003 0039 ffffffff
[   39893.758776] /dev/input/event1: 0000 0000 00000000
[   39895.862811] /dev/input/event1: 0003 0039 00000000
[   39895.862811] /dev/input/event1: 0003 0030 00000218
[   39895.862811] /dev/input/event1: 0003 003a 00000081
[   39895.862811] /dev/input/event1: 0003 0035 000012b9
[   39895.862811] /dev/input/event1: 0003 0036 000051cc
[   39895.862811] /dev/input/event1: 0000 0000 00000000
[   39895.939544] /dev/input/event1: 0003 003a 00000000
[   39895.939544] /dev/input/event1: 0003 0039 ffffffff
[   39895.939544] /dev/input/event1: 0000 0000 00000000
[   39897.246194] /dev/input/event1: 0003 0039 00000000
[   39897.246194] /dev/input/event1: 0003 0030 00000219
[   39897.246194] /dev/input/event1: 0003 003a 00000081
[   39897.246194] /dev/input/event1: 0003 0035 0000395c
[   39897.246194] /dev/input/event1: 0003 0036 00007043
[   39897.246194] /dev/input/event1: 0000 0000 00000000
[   39897.347280] /dev/input/event1: 0003 003a 00000000
[   39897.347280] /dev/input/event1: 0003 0039 ffffffff
[   39897.347280] /dev/input/event1: 0000 0000 00000000
[   39898.371895] /dev/input/event1: 0003 0039 00000000
[   39898.371895] /dev/input/event1: 0003 0030 0000021a
[   39898.371895] /dev/input/event1: 0003 003a 00000081
[   39898.371895] /dev/input/event1: 0003 0035 00003999
[   39898.371895] /dev/input/event1: 0003 0036 00007065
[   39898.371895] /dev/input/event1: 0000 0000 00000000
[   39898.495052] /dev/input/event1: 0003 003a 00000000
[   39898.495052] /dev/input/event1: 0003 0039 ffffffff
[   39898.495052] /dev/input/event1: 0000 0000 00000000
[   39899.687955] /dev/input/event1: 0003 0039 00000000
[   39899.687955] /dev/input/event1: 0003 0030 0000021b
[   39899.687955] /dev/input/event1: 0003 003a 00000081
[   39899.687955] /dev/input/event1: 0003 0035 0000395c
[   39899.687955] /dev/input/event1: 0000 0000 00000000
[   39899.799930] /dev/input/event1: 0003 003a 00000000
[   39899.799930] /dev/input/event1: 0003 0039 ffffffff
[   39899.799930] /dev/input/event1: 0000 0000 00000000
[   39900.588061] /dev/input/event1: 0003 0039 00000000
[   39900.588061] /dev/input/event1: 0003 0030 0000021c
[   39900.588061] /dev/input/event1: 0003 003a 00000081
[   39900.588061] /dev/input/event1: 0000 0000 00000000
[   39900.688673] /dev/input/event1: 0003 003a 00000000
[   39900.688673] /dev/input/event1: 0003 0039 ffffffff
[   39900.688673] /dev/input/event1: 0000 0000 00000000
[   39902.735605] /dev/input/event1: 0003 0039 00000000
[   39902.735605] /dev/input/event1: 0003 0030 0000021d
[   39902.735605] /dev/input/event1: 0003 003a 00000081
[   39902.735605] /dev/input/event1: 0003 0035 00006480
[   39902.735605] /dev/input/event1: 0003 0036 000021cc
[   39902.735605] /dev/input/event1: 0000 0000 00000000
[   39902.858296] /dev/input/event1: 0003 003a 00000000
[   39902.858296] /dev/input/event1: 0003 0039 ffffffff
[   39902.858296] /dev/input/event1: 0000 0000 00000000
[   39907.551989] /dev/input/event1: 0003 0039 00000000
[   39907.551989] /dev/input/event1: 0003 0030 0000021e
[   39907.551989] /dev/input/event1: 0003 003a 00000081
[   39907.551989] /dev/input/event1: 0003 0035 0000771b
[   39907.551989] /dev/input/event1: 0003 0036 000008ff
[   39907.551989] /dev/input/event1: 0000 0000 00000000
[   39907.653190] /dev/input/event1: 0003 003a 00000000
[   39907.653190] /dev/input/event1: 0003 0039 ffffffff
[   39907.653190] /dev/input/event1: 0000 0000 00000000