add device 1: /dev/input/event0
  name:     "Power Button"
add device 2: /dev/input/event1
  name:     "qwerty2"
[    6142.564860] /dev/input/event1: 0003 0039 00000000
[    6142.564860] /dev/input/event1: 0003 0030 0000015b
[    6142.564860] /dev/input/event1: 0003 003a 00000081
[    6142.564860] /dev/input/event1: 0003 0035 00005d63
[    6142.564860] /dev/input/event1: 0003 0036 00007298
[    6142.564860] /dev/input/event1: 0000 0000 00000000
[    6142.753312] /dev/input/event1: 0003 003a 00000000
[    6142.753312] /dev/input/event1: 0003 0039 ffffffff
[    6142.753312] /dev/input/event1: 0000 0000 00000000
[    6145.678269] /dev/input/event1: 0003 0039 00000000
[    6145.678269] /dev/input/event1: 0003 0030 0000015c
[    6145.678269] /dev/input/event1: 0003 003a 00000081
[    6145.678269] /dev/input/event1: 0003 0035 00005fff
[    6145.678269] /dev/input/event1: 0003 0036 00007343
[    6145.678269] /dev/input/event1: 0000 0000 00000000
[    6145.801398] /dev/input/event1: 0003 003a 00000000
[    6145.801398] /dev/input/event1: 0003 0039 ffffffff
[    6145.801398] /dev/input/event1: 0000 0000 00000000
[    6149.171469] /dev/input/event1: 0003 0039 00000000
[    6149.171469] /dev/input/event1: 0003 0030 0000015d
[    6149.171469] /dev/input/event1: 0003 003a 00000081
[    6149.171469] /dev/input/event1: 0000 0000 00000000
[    6149.295467] /dev/input/event1: 0003 003a 00000000
[    6149.295467] /dev/input/event1: 0003 0039 ffffffff
[    6149.295467] /dev/input/event1: 0000 0000 00000000
[    6152.709943] /dev/input/event1: 0003 0039 00000000
[    6152.709943] /dev/input/event1: 0003 0030 0000015e
[    6152.709943] /dev/input/event1: 0003 003a 00000081
[    6152.709943] /dev/input/event1: 0003 0035 00006fa4
[    6152.709943] /dev/input/event1: 0003 0036 000029aa
[    6152.709943] /dev/input/event1: 0000 0000 00000000
[    6152.847559] /dev/input/event1: 0003 003a 00000000
[    6152.847559] /dev/input/event1: 0003 0039 ffffffff
[    6152.847559] /dev/input/event1: 0000 0000 00000000
[    6156.100548] /dev/input/event1: 0003 0039 00000000
[    6156.100548] /dev/input/event1: 0003 0030 0000015f
[    6156.100548] /dev/input/event1: 0003 003a 00000081
[    6156.100548] /dev/input/event1: 0003 0035 00005fff
[    6156.100548] /dev/input/event1: 0003 0036 00007310
[    6156.100548] /dev/input/event1: 0000 0000 00000000
[    6156.289341] /dev/input/event1: 0003 003a 00000000
[    6156.289341] /dev/input/event1: 0003 0039 ffffffff
[    6156.289341] /dev/input/event1: 0000 0000 00000000
[    6158.977973] /dev/input/event1: 0003 0039 00000000
[    6158.977973] /dev/input/event1: 0003 0030 00000160
[    6158.977973] /dev/input/event1: 0003 003a 00000081
[    6158.977973] /dev/input/event1: 0000 0000 00000000
[    6159.103385] /dev/input/event1: 0003 003a 00000000
[    6159.103385] /dev/input/event1: 0003 0039 ffffffff
[    6159.103385] /dev/input/event1: 0000 0000 00000000
[    6162.464012] /dev/input/event1: 0003 0039 00000000
[    6162.464012] /dev/input/event1: 0003 0030 00000161
[    6162.464012] /dev/input/event1: 0003 003a 00000081
[    6162.464012] /dev/input/event1: 0003 0035 00005cad
[    6162.464012] /dev/input/event1: 0003 0036 00004776
[    6162.464012] /dev/input/event1: 0000 0000 00000000
[    6162.594466] /dev/input/event1: 0003 003a 00000000
[    6162.594466] /dev/input/event1: 0003 0039 ffffffff
[    6162.594466] /dev/input/event1: 0000 0000 00000000
[   33203.117309] /dev/input/event1: 0003 0039 00000000
[   33203.117309] /dev/input/event1: 0003 0030 00000116
[   33203.117309] /dev/input/event1: 0003 003a 00000081
[   33203.117309] /dev/input/event1: 0003 0035 0000712e
[   33203.117309] /dev/input/event1: 0003 0036 00006f21
[   33203.117309] /dev/input/event1: 0000 0000 00000000
[   33203.182146] /dev/input/event1: 0003 003a 00000000
[   33203.182146] /dev/input/event1: 0003 0039 ffffffff
[   33203.182146] /dev/input/event1: 0000 0000 00000000
[   33205.297405] /dev/input/event1: 0003 0039 00000000
[   33205.297405] /dev/input/event1: 0003 0030 00000117
[   33205.297405] /dev/input/event1: 0003 003a 00000081
[   33205.297405] /dev/input/event1: 0003 0035 00006cad
[   33205.297405] /dev/input/event1: 0003 0036 00005087
[   33205.297405] /dev/input/event1: 0000 0000 00000000
[   33205.353305] /dev/input/event1: 0003 003a 00000000
[   33205.353305] /dev/input/event1: 0003 0039 ffffffff
[   33205.353305] /dev/input/event1: 0000 0000 00000000
[   33206.986663] /dev/input/event1: 0003 0039 00000000
[   33206.986663] /dev/input/event1: 0003 0030 00000118
[   33206.986663] /dev/input/event1: 0003 003a 00000081
[   33206.986663] /dev/input/event1: 0003 0035 00003a12
[   33206.986663] /dev/input/event1: 0003 0036 00005143
[   33206.986663] /dev/input/event1: 0000 0000 00000000
[   33207.063334] /dev/input/event1: 0003 003a 00000000
[   33207.063334] /dev/input/event1: 0003 0039 ffffffff
[   33207.063334] /dev/input/event1: 0000 0000 00000000
[   33208.144810] /dev/input/event1: 0003 0039 00000000
[   33208.144810] /dev/input/event1: 0003 0030 00000119
[   33208.144810] /dev/input/event1: 0003 003a 00000081
[   33208.144810] /dev/input/event1: 0003 0035 00004b9c
[   33208.144810] /dev/input/event1: 0003 0036 00005acc
[   33208.144810] /dev/input/event1: 0000 0000 00000000
[   33208.222859] /dev/input/event1: 0003 003a 00000000
[   33208.222859] /dev/input/event1: 0003 0039 ffffffff
[   33208.222859] /dev/input/event1: 0000 0000 00000000
[   33209.653274] /dev/input/event1: 0003 0039 00000000
[   33209.653274] /dev/input/event1: 0003 0030 0000011a
[   33209.653274] /dev/input/event1: 0003 003a 00000081
[   33209.653274] /dev/input/event1: 0003 0035 000020f2
[   33209.653274] /dev/input/event1: 0003 0036 000050ff
[   33209.653274] /dev/input/event1: 0000 0000 00000000
[   33209.741012] /dev/input/event1: 0003 003a 00000000
[   33209.741012] /dev/input/event1: 0003 0039 ffffffff
[   33209.741012] /dev/input/event1: 0000 0000 00000000
[   33210.676675] /dev/input/event1: 0003 0039 00000000
[   33210.676675] /dev/input/event1: 0003 0030 0000011b
[   33210.676675] /dev/input/event1: 0003 003a 00000081
[   33210.676675] /dev/input/event1: 0003 0035 00002b9d
[   33210.676675] /dev/input/event1: 0003 0036 000050aa
[   33210.676675] /dev/input/event1: 0000 0000 00000000
[   33210.777752] /dev/input/event1: 0003 003a 00000000
[   33210.777752] /dev/input/event1: 0003 0039 ffffffff
[   33210.777752] /dev/input/event1: 0000 0000 00000000
[   33211.901457] /dev/input/event1: 0003 0039 00000000
[   33211.901457] /dev/input/event1: 0003 0030 0000011c
[   33211.901457] /dev/input/event1: 0003 003a 00000081
[   33211.901457] /dev/input/event1: 0003 0035 00004332
[   33211.901457] /dev/input/event1: 0003 0036 00003dcc
[   33211.901457] /dev/input/event1: 0000 0000 00000000
[   33211.982145] /dev/input/event1: 0003 003a 00000000
[   33211.982145] /dev/input/event1: 0003 0039 ffffffff
[   33211.982145] /dev/input/event1: 0000 0000 00000000
[   33213.353790] /dev/input/event1: 0003 0039 00000000
[   33213.353790] /dev/input/event1: 0003 0030 0000011d
[   33213.353790] /dev/input/event1: 0003 003a 00000081
[   33213.353790] /dev/input/event1: 0003 0035 00006bd9
[   33213.353790] /dev/input/event1: 0003 0036 00005043
[   33213.353790] /dev/input/event1: 0000 0000 00000000
[   33213.431188] /dev/input/event1: 0003 003a 00000000
[   33213.431188] /dev/input/event1: 0003 0039 ffffffff
[   33213.431188] /dev/input/event1: 0000 0000 00000000
[   33214.681097] /dev/input/event1: 0003 0039 00000000
[   33214.681097] /dev/input/event1: 0003 0030 0000011e
[   33214.681097] /dev/input/event1: 0003 003a 00000081
[   33214.681097] /dev/input/event1: 0003 0035 0000391f
[   33214.681097] /dev/input/event1: 0003 0036 00005065
[   33214.681097] /dev/input/event1: 0000 0000 00000000
[   33214.746940] /dev/input/event1: 0003 003a 00000000
[   33214.746940] /dev/input/event1: 0003 0039 ffffffff
[   33214.746940] /dev/input/event1: 0000 0000 00000000
[   33215.829561] /dev/input/event1: 0003 0039 00000000
[   33215.829561] /dev/input/event1: 0003 0030 0000011f
[   33215.829561] /dev/input/event1: 0003 003a 00000081
[   33215.829561] /dev/input/event1: 0003 0035 00004ddd
[   33215.829561] /dev/input/event1: 0003 0036 00005aff
[   33215.829561] /dev/input/event1: 0000 0000 00000000
[   33215.894529] /dev/input/event1: 0003 003a 00000000
[   33215.894529] /dev/input/event1: 0003 0039 ffffffff
[   33215.894529] /dev/input/event1: 0000 0000 00000000
[   33216.975817] /dev/input/event1: 0003 0039 00000000
[   33216.975817] /dev/input/event1: 0003 0030 00000120
[   33216.975817] /dev/input/event1: 0003 003a 00000081
[   33216.975817] /dev/input/event1: 0003 0035 00001fff
[   33216.975817] /dev/input/event1: 0003 0036 000050cc
[   33216.975817] /dev/input/event1: 0000 0000 00000000
[   33217.042150] /dev/input/event1: 0003 003a 00000000
[   33217.042150] /dev/input/event1: 0003 0039 ffffffff
[   33217.042150] /dev/input/event1: 0000 0000 00000000
[   33218.617380] /dev/input/event1: 0003 0039 00000000
[   33218.617380] /dev/input/event1: 0003 0030 00000121
[   33218.617380] /dev/input/event1: 0003 003a 00000081
[   33218.617380] /dev/input/event1: 0003 0035 00002c16
[   33218.617380] /dev/input/event1: 0003 0036 00005087
[   33218.617380] /dev/input/event1: 0000 0000 00000000
[   33218.673081] /dev/input/event1: 0003 003a 00000000
[   33218.673081] /dev/input/event1: 0003 0039 ffffffff
[   33218.673081] /dev/input/event1: 0000 0000 00000000
[   33221.745012] /dev/input/event1: 0003 0039 00000000
[   33221.745012] /dev/input/event1: 0003 0030 00000122
[   33221.745012] /dev/input/event1: 0003 003a 00000081
[   33221.745012] /dev/input/event1: 0003 0035 000075cd
[   33221.745012] /dev/input/event1: 0003 0036 000070cb
[   33221.745012] /dev/input/event1: 0000 0000 00000000
[   33221.858815] /dev/input/event1: 0003 003a 00000000
[   33221.858815] /dev/input/event1: 0003 0039 ffffffff
[   33221.858815] /dev/input/event1: 0000 0000 00000000
[   33225.841659] /dev/input/event1: 0003 0039 00000000
[   33225.841659] /dev/input/event1: 0003 0030 00000123
[   33225.841659] /dev/input/event1: 0003 003a 00000081
[   33225.841659] /dev/input/event1: 0003 0036 00003121
[   33225.841659] /dev/input/event1: 0000 0000 00000000
[   33225.951906] /dev/input/event1: 0003 003a 00000000
[   33225.951906] /dev/input/event1: 0003 0039 ffffffff
[   33225.951906] /dev/input/event1: 0000 0000 00000000
[   33229.350150] /dev/input/event1: 0003 0039 00000000
[   33229.350150] /dev/input/event1: 0003 0030 00000124
[   33229.350150] /dev/input/event1: 0003 003a 00000081
[   33229.350150] /dev/input/event1: 0003 0035 000025ce
[   33229.350150] /dev/input/event1: 0003 0036 00003865
[   33229.350150] /dev/input/event1: 0000 0000 00000000
[   33229.450885] /dev/input/event1: 0003 003a 00000000
[   33229.450885] /dev/input/event1: 0003 0039 ffffffff
[   33229.450885] /dev/input/event1: 0000 0000 00000000
[   33233.624670] /dev/input/event1: 0003 0039 00000000
[   33233.624670] /dev/input/event1: 0003 0030 00000125
[   33233.624670] /dev/input/event1: 0003 003a 00000081
[   33233.624670] /dev/input/event1: 0003 0035 00007794
[   33233.624670] /dev/input/event1: 0003 0036 00000944
[   33233.624670] /dev/input/event1: 0000 0000 00000000
[   33233.770672] /dev/input/event1: 0003 003a 00000000
[   33233.770672] /dev/input/event1: 0003 0039 ffffffff
[   33233.770672] /dev/input/event1: 0000 0000 00000000