add device 1: /dev/input/event0
  name:     "Power Button"
add device 2: /dev/input/event1
  name:     "qwerty2"
[    3783.344318] /dev/input/event1: 0003 0039 00000000
[    3783.344318] /dev/input/event1: 0003 0030 00000098
[    3783.344318] /dev/input/event1: 0003 003a 00000081
[    3783.344318] /dev/input/event1: 0003 0035 00005cad
[    3783.344318] /dev/input/event1: 0003 0036 00007232
[    3783.344318] /dev/input/event1: 0000 0000 00000000
[    3783.464414] /dev/input/event1: 0003 003a 00000000
[    3783.464414] /dev/input/event1: 0003 0039 ffffffff
[    3783.464414] /dev/input/event1: 0000 0000 00000000
[    3786.915916] /dev/input/event1: 0003 0039 00000000
[    3786.915916] /dev/input/event1: 0003 0030 00000099
[    3786.915916] /dev/input/event1: 0003 003a 00000081
[    3786.915916] /dev/input/event1: 0000 0000 00000000
[    3787.025395] /dev/input/event1: 0003 003a 00000000
[    3787.025395] /dev/input/event1: 0003 0039 ffffffff
[    3787.025395] /dev/input/event1: 0000 0000 00000000
[    3790.644927] /dev/input/event1: 0003 0039 00000000
[    3790.644927] /dev/input/event1: 0003 0030 0000009a
[    3790.644927] /dev/input/event1: 0003 003a 00000081
[    3790.644927] /dev/input/event1: 0000 0000 00000000
[    3790.761722] /dev/input/event1: 0003 003a 00000000
[    3790.761722] /dev/input/event1: 0003 0039 ffffffff
[    3790.761722] /dev/input/event1: 0000 0000 00000000
[    3794.937997] /dev/input/event1: 0003 0039 00000000
[    3794.937997] /dev/input/event1: 0003 0030 0000009b
[    3794.937997] /dev/input/event1: 0003 003a 00000081
[    3794.937997] /dev/input/event1: 0003 0035 00006fa4
[    3794.937997] /dev/input/event1: 0003 0036 00002943
[    3794.937997] /dev/input/event1: 0000 0000 00000000
[    3795.068641] /dev/input/event1: 0003 003a 00000000
[    3795.068641] /dev/input/event1: 0003 0039 ffffffff
[    3795.068641] /dev/input/event1: 0000 0000 00000000
[    3798.212229] /dev/input/event1: 0003 0039 00000000
[    3798.212229] /dev/input/event1: 0003 0030 0000009c
[    3798.212229] /dev/input/event1: 0003 003a 00000081
[    3798.212229] /dev/input/event1: 0003 0035 00005d63
[    3798.212229] /dev/input/event1: 0003 0036 000073a9
[    3798.212229] /dev/input/event1: 0000 0000 00000000
[    3798.320503] /dev/input/event1: 0003 003a 00000000
[    3798.320503] /dev/input/event1: 0003 0039 ffffffff
[    3798.320503] /dev/input/event1: 0000 0000 00000000
[    3801.236639] /dev/input/event1: 0003 0039 00000000
[    3801.236639] /dev/input/event1: 0003 0030 0000009d
[    3801.236639] /dev/input/event1: 0003 003a 00000081
[    3801.236639] /dev/input/event1: 0000 0000 00000000
[    3801.352701] /dev/input/event1: 0003 003a 00000000
[    3801.352701] /dev/input/event1: 0003 0039 ffffffff
[    3801.352701] /dev/input/event1: 0000 0000 00000000
[    3804.591490] /dev/input/event1: 0003 0039 00000000
[    3804.591490] /dev/input/event1: 0003 0030 0000009e
[    3804.591490] /dev/input/event1: 0003 003a 00000081
[    3804.591490] /dev/input/event1: 0003 0035 00005bf7
[    3804.591490] /dev/input/event1: 0003 0036 00004810
[    3804.591490] /dev/input/event1: 0000 0000 00000000
[    3804.714069] /dev/input/event1: 0003 003a 00000000
[    3804.714069] /dev/input/event1: 0003 0039 ffffffff
[    3804.714069] /dev/input/event1: 0000 0000 00000000
[    3813.196181] /dev/input/event1: 0003 0039 00000000
[    3813.196181] /dev/input/event1: 0003 0030 0000009f
[    3813.196181] /dev/input/event1: 0003 003a 00000081
[    3813.196181] /dev/input/event1: 0003 0035 0000093e
[    3813.196181] /dev/input/event1: 0003 0036 00000811
[    3813.196181] /dev/input/event1: 0000 0000 00000000
[    3813.319184] /dev/input/event1: 0003 003a 00000000
[    3813.319184] /dev/input/event1: 0003 0039 ffffffff
[    3813.319184] /dev/input/event1: 0000 0000 00000000
[    3816.982300] /dev/input/event1: 0003 0039 00000000
[    3816.982300] /dev/input/event1: 0003 0030 000000a0
[    3816.982300] /dev/input/event1: 0003 003a 00000081
[    3816.982300] /dev/input/event1: 0003 0035 00001fe1
[    3816.982300] /dev/input/event1: 0003 0036 00003632
[    3816.982300] /dev/input/event1: 0000 0000 00000000
[    3817.089984] /dev/input/event1: 0003 003a 00000000
[    3817.089984] /dev/input/event1: 0003 0039 ffffffff
[    3817.089984] /dev/input/event1: 0000 0000 00000000
[    3821.895189] /dev/input/event1: 0003 0039 00000000
[    3821.895189] /dev/input/event1: 0003 0030 000000a1
[    3821.895189] /dev/input/event1: 0003 003a 00000081
[    3821.895189] /dev/input/event1: 0003 0035 000023e8
[    3821.895189] /dev/input/event1: 0003 0036 00001433
[    3821.895189] /dev/input/event1: 0000 0000 00000000
[    3822.039938] /dev/input/event1: 0003 003a 00000000
[    3822.039938] /dev/input/event1: 0003 0039 ffffffff
[    3822.039938] /dev/input/event1: 0000 0000 00000000
[    3826.756544] /dev/input/event1: 0003 0039 00000000
[    3826.756544] /dev/input/event1: 0003 0030 000000a2
[    3826.756544] /dev/input/event1: 0003 003a 00000081
[    3826.756544] /dev/input/event1: 0003 0035 00001cea
[    3826.756544] /dev/input/event1: 0003 0036 00007b65
[    3826.756544] /dev/input/event1: 0000 0000 00000000
[    3826.864827] /dev/input/event1: 0003 003a 00000000
[    3826.864827] /dev/input/event1: 0003 0039 ffffffff
[    3826.864827] /dev/input/event1: 0000 0000 00000000
[    3829.655864] /dev/input/event1: 0003 0039 00000000
[    3829.655864] /dev/input/event1: 0003 0030 000000a3
[    3829.655864] /dev/input/event1: 0003 003a 00000081
[    3829.655864] /dev/input/event1: 0003 0035 00005fff
[    3829.655864] /dev/input/event1: 0003 0036 000013ff
[    3829.655864] /dev/input/event1: 0000 0000 00000000
[    3829.786655] /dev/input/event1: 0003 003a 00000000
[    3829.786655] /dev/input/event1: 0003 0039 ffffffff
[    3829.786655] /dev/input/event1: 0000 0000 00000000
[    3835.586656] /dev/input/event1: 0003 0039 00000000
[    3835.586656] /dev/input/event1: 0003 0030 000000a4
[    3835.586656] /dev/input/event1: 0003 003a 00000081
[    3835.586656] /dev/input/event1: 0003 0035 00001b60
[    3835.586656] /dev/input/event1: 0003 0036 00007a87
[    3835.586656] /dev/input/event1: 0000 0000 00000000
[    3835.718105] /dev/input/event1: 0003 003a 00000000
[    3835.718105] /dev/input/event1: 0003 0039 ffffffff
[    3835.718105] /dev/input/event1: 0000 0000 00000000
[    3841.085258] /dev/input/event1: 0003 0039 00000000
[    3841.085258] /dev/input/event1: 0003 0030 000000a5
[    3841.085258] /dev/input/event1: 0003 003a 00000081
[    3841.085258] /dev/input/event1: 0003 0035 0000238d
[    3841.085258] /dev/input/event1: 0003 0036 00001bee
[    3841.085258] /dev/input/event1: 0000 0000 00000000
[    3841.215377] /dev/input/event1: 0003 003a 00000000
[    3841.215377] /dev/input/event1: 0003 0039 ffffffff
[    3841.215377] /dev/input/event1: 0000 0000 00000000
[    3847.996703] /dev/input/event1: 0003 0039 00000000
[    3847.996703] /dev/input/event1: 0003 0030 000000a6
[    3847.996703] /dev/input/event1: 0003 003a 00000081
[    3847.996703] /dev/input/event1: 0003 0035 00001c16
[    3847.996703] /dev/input/event1: 0003 0036 00007bcb
[    3847.996703] /dev/input/event1: 0000 0000 00000000
[    3848.134658] /dev/input/event1: 0003 003a 00000000
[    3848.134658] /dev/input/event1: 0003 0039 ffffffff
[    3848.134658] /dev/input/event1: 0000 0000 00000000
[    3851.898163] /dev/input/event1: 0003 0039 00000000
[    3851.898163] /dev/input/event1: 0003 0030 000000a7
[    3851.898163] /dev/input/event1: 0003 003a 00000081
[    3851.898163] /dev/input/event1: 0003 0035 00005e93
[    3851.898163] /dev/input/event1: 0003 0036 00001cbb
[    3851.898163] /dev/input/event1: 0000 0000 00000000
[    3852.029653] /dev/input/event1: 0003 003a 00000000
[    3852.029653] /dev/input/event1: 0003 0039 ffffffff
[    3852.029653] /dev/input/event1: 0000 0000 00000000
[    3858.421484] /dev/input/event1: 0003 0039 00000000
[    3858.421484] /dev/input/event1: 0003 0030 000000a8
[    3858.421484] /dev/input/event1: 0003 003a 00000081
[    3858.421484] /dev/input/event1: 0003 0035 00001b60
[    3858.421484] /dev/input/event1: 0003 0036 00007aba
[    3858.421484] /dev/input/event1: 0000 0000 00000000
[    3858.538187] /dev/input/event1: 0003 003a 00000000
[    3858.538187] /dev/input/event1: 0003 0039 ffffffff
[    3858.538187] /dev/input/event1: 0000 0000 00000000
[    3861.327697] /dev/input/event1: 0003 0039 00000000
[    3861.327697] /dev/input/event1: 0003 0030 000000a9
[    3861.327697] /dev/input/event1: 0003 003a 00000081
[    3861.327697] /dev/input/event1: 0003 0035 00005314
[    3861.327697] /dev/input/event1: 0003 0036 00006154
[    3861.327697] /dev/input/event1: 0000 0000 00000000
[    3861.626666] /dev/input/event1: 0003 0036 000060ee
[    3861.626666] /dev/input/event1: 0000 0000 00000000
[    3861.634013] /dev/input/event1: 0003 0036 00006010
[    3861.634013] /dev/input/event1: 0000 0000 00000000
[    3861.642868] /dev/input/event1: 0003 0036 00005eff
[    3861.642868] /dev/input/event1: 0000 0000 00000000
[    3861.648922] /dev/input/event1: 0003 0036 00005dcc
[    3861.648922] /dev/input/event1: 0000 0000 00000000
[    3861.655915] /dev/input/event1: 0003 0036 00005d21
[    3861.655915] /dev/input/event1: 0000 0000 00000000
[    3861.665090] /dev/input/event1: 0003 0036 00005cbb
[    3861.665090] /dev/input/event1: 0000 0000 00000000
[    3861.672090] /dev/input/event1: 0003 0036 00005c21
[    3861.672090] /dev/input/event1: 0000 0000 00000000
[    3861.678061] /dev/input/event1: 0003 0036 00005b76
[    3861.678061] /dev/input/event1: 0000 0000 00000000
[    3861.685273] /dev/input/event1: 0003 0036 00005aa9
[    3861.685273] /dev/input/event1: 0000 0000 00000000
[    3861.693557] /dev/input/event1: 0003 0036 000059ff
[    3861.693557] /dev/input/event1: 0000 0000 00000000
[    3861.699980] /dev/input/event1: 0003 0036 000058ff
[    3861.699980] /dev/input/event1: 0000 0000 00000000
[    3861.708043] /dev/input/event1: 0003 0036 00005854
[    3861.708043] /dev/input/event1: 0000 0000 00000000
[    3861.714798] /dev/input/event1: 0003 0036 000057bb
[    3861.714798] /dev/input/event1: 0000 0000 00000000
[    3861.723915] /dev/input/event1: 0003 0036 00005721
[    3861.723915] /dev/input/event1: 0000 0000 00000000
[    3861.730336] /dev/input/event1: 0003 0036 00005676
[    3861.730336] /dev/input/event1: 0000 0000 00000000
[    3861.736811] /dev/input/event1: 0003 0036 00005610
[    3861.736811] /dev/input/event1: 0000 0000 00000000
[    3861.744003] /dev/input/event1: 0003 0036 00005576
[    3861.744003] /dev/input/event1: 0000 0000 00000000
[    3861.750944] /dev/input/event1: 0003 0036 000054ff
[    3861.750944] /dev/input/event1: 0000 0000 00000000
[    3861.759685] /dev/input/event1: 0003 0036 00005498
[    3861.759685] /dev/input/event1: 0000 0000 00000000
[    3861.770745] /dev/input/event1: 0003 0036 00005432
[    3861.770745] /dev/input/event1: 0000 0000 00000000
[    3861.773943] /dev/input/event1: 0003 0036 000053ff
[    3861.773943] /dev/input/event1: 0000 0000 00000000
[    3861.780209] /dev/input/event1: 0003 0036 00005387
[    3861.780209] /dev/input/event1: 0000 0000 00000000
[    3861.790540] /dev/input/event1: 0003 0036 00005354
[    3861.790540] /dev/input/event1: 0000 0000 00000000
[    3861.795311] /dev/input/event1: 0003 0036 00005321
[    3861.795311] /dev/input/event1: 0000 0000 00000000
[    3861.803225] /dev/input/event1: 0003 0036 000052bb
[    3861.803225] /dev/input/event1: 0000 0000 00000000
[    3861.810912] /dev/input/event1: 0003 0036 00005254
[    3861.810912] /dev/input/event1: 0000 0000 00000000
[    3861.824537] /dev/input/event1: 0003 0036 00005221
[    3861.824537] /dev/input/event1: 0000 0000 00000000
[    3861.831498] /dev/input/event1: 0003 0036 000051dd
[    3861.831498] /dev/input/event1: 0000 0000 00000000
[    3861.842585] /dev/input/event1: 0003 0036 00005176
[    3861.842585] /dev/input/event1: 0000 0000 00000000
[    3861.847677] /dev/input/event1: 0003 0036 00005143
[    3861.847677] /dev/input/event1: 0000 0000 00000000
[    3861.853885] /dev/input/event1: 0003 0036 000050dd
[    3861.853885] /dev/input/event1: 0000 0000 00000000
[    3861.862004] /dev/input/event1: 0003 0036 000050aa
[    3861.862004] /dev/input/event1: 0000 0000 00000000
[    3861.869046] /dev/input/event1: 0003 0036 00005076
[    3861.869046] /dev/input/event1: 0000 0000 00000000
[    3861.876440] /dev/input/event1: 0003 0036 00004fff
[    3861.876440] /dev/input/event1: 0000 0000 00000000
[    3861.890504] /dev/input/event1: 0003 0036 00004fcc
[    3861.890504] /dev/input/event1: 0000 0000 00000000
[    3861.906853] /dev/input/event1: 0003 0036 00004f98
[    3861.906853] /dev/input/event1: 0000 0000 00000000
[    3861.941212] /dev/input/event1: 0003 0036 00004f65
[    3861.941212] /dev/input/event1: 0000 0000 00000000
[    3861.958076] /dev/input/event1: 0003 0036 00004f32
[    3861.958076] /dev/input/event1: 0000 0000 00000000
[    3861.963271] /dev/input/event1: 0003 0036 00004e87
[    3861.963271] /dev/input/event1: 0000 0000 00000000
[    3861.971420] /dev/input/event1: 0003 0036 00004dbb
[    3861.971420] /dev/input/event1: 0000 0000 00000000
[    3861.979448] /dev/input/event1: 0003 0036 00004c76
[    3861.979448] /dev/input/event1: 0000 0000 00000000
[    3861.987905] /dev/input/event1: 0003 0036 00004bdd
[    3861.987905] /dev/input/event1: 0000 0000 00000000
[    3861.992545] /dev/input/event1: 0003 0036 00004b32
[    3861.992545] /dev/input/event1: 0000 0000 00000000
[    3862.000549] /dev/input/event1: 0003 0036 00004acc
[    3862.000549] /dev/input/event1: 0000 0000 00000000
[    3862.007411] /dev/input/event1: 0003 0036 00004a99
[    3862.007411] /dev/input/event1: 0000 0000 00000000
[    3862.014238] /dev/input/event1: 0003 0036 00004a32
[    3862.014238] /dev/input/event1: 0000 0000 00000000
[    3862.022210] /dev/input/event1: 0003 0036 00004987
[    3862.022210] /dev/input/event1: 0000 0000 00000000
[    3862.031339] /dev/input/event1: 0003 0036 00004921
[    3862.031339] /dev/input/event1: 0000 0000 00000000
[    3862.036259] /dev/input/event1: 0003 0036 000048bb
[    3862.036259] /dev/input/event1: 0000 0000 00000000
[    3862.044246] /dev/input/event1: 0003 0036 00004810
[    3862.044246] /dev/input/event1: 0000 0000 00000000
[    3862.051689] /dev/input/event1: 0003 0036 000047aa
[    3862.051689] /dev/input/event1: 0000 0000 00000000
[    3862.058840] /dev/input/event1: 0003 0036 00004710
[    3862.058840] /dev/input/event1: 0000 0000 00000000
[    3862.066176] /dev/input/event1: 0003 0036 00004665
[    3862.066176] /dev/input/event1: 0000 0000 00000000
[    3862.074982] /dev/input/event1: 0003 0036 000045cc
[    3862.074982] /dev/input/event1: 0000 0000 00000000
[    3862.080781] /dev/input/event1: 0003 0036 00004532
[    3862.080781] /dev/input/event1: 0000 0000 00000000
[    3862.089832] /dev/input/event1: 0003 0036 000044bb
[    3862.089832] /dev/input/event1: 0000 0000 00000000
[    3862.094826] /dev/input/event1: 0003 0036 00004454
[    3862.094826] /dev/input/event1: 0000 0000 00000000
[    3862.104538] /dev/input/event1: 0003 0036 000043bb
[    3862.104538] /dev/input/event1: 0000 0000 00000000
[    3862.109735] /dev/input/event1: 0003 0036 00004388
[    3862.109735] /dev/input/event1: 0000 0000 00000000
[    3862.119618] /dev/input/event1: 0003 0036 00004354
[    3862.119618] /dev/input/event1: 0000 0000 00000000
[    3862.125282] /dev/input/event1: 0003 0036 000042dd
[    3862.125282] /dev/input/event1: 0000 0000 00000000
[    3862.131531] /dev/input/event1: 0003 0036 000042aa
[    3862.131531] /dev/input/event1: 0000 0000 00000000
[    3862.139662] /dev/input/event1: 0003 0036 00004276
[    3862.139662] /dev/input/event1: 0000 0000 00000000
[    3862.147314] /dev/input/event1: 0003 0036 00004243
[    3862.147314] /dev/input/event1: 0000 0000 00000000
[    3862.154312] /dev/input/event1: 0003 0036 00004210
[    3862.154312] /dev/input/event1: 0000 0000 00000000
[    3862.160652] /dev/input/event1: 0003 0036 000041dd
[    3862.160652] /dev/input/event1: 0000 0000 00000000
[    3862.171561] /dev/input/event1: 0003 0036 00004165
[    3862.171561] /dev/input/event1: 0000 0000 00000000
[    3862.176911] /dev/input/event1: 0003 0036 000040cc
[    3862.176911] /dev/input/event1: 0000 0000 00000000
[    3862.183452] /dev/input/event1: 0003 0036 00004065
[    3862.183452] /dev/input/event1: 0003 003a 00000000
[    3862.183452] /dev/input/event1: 0003 0039 ffffffff
[    3862.183452] /dev/input/event1: 0000 0000 00000000