add device 1: /dev/input/event0
  name:     "Power Button"
add device 2: /dev/input/event1
  name:     "qwerty2"
[     757.660182] /dev/input/event1: 0003 0039 00000000
[     757.660182] /dev/input/event1: 0003 0030 0000000b
[     757.660182] /dev/input/event1: 0003 003a 00000081
[     757.660182] /dev/input/event1: 0003 0035 000061c6
[     757.660182] /dev/input/event1: 0003 0036 00007387
[     757.660182] /dev/input/event1: 0000 0000 00000000
[     757.783338] /dev/input/event1: 0003 003a 00000000
[     757.783338] /dev/input/event1: 0003 0039 ffffffff
[     757.783338] /dev/input/event1: 0000 0000 00000000
[     759.348553] /dev/input/event1: 0003 0039 00000000
[     759.348553] /dev/input/event1: 0003 0030 0000000c
[     759.348553] /dev/input/event1: 0003 003a 00000081
[     759.348553] /dev/input/event1: 0000 0000 00000000
[     759.469918] /dev/input/event1: 0003 003a 00000000
[     759.469918] /dev/input/event1: 0003 0039 ffffffff
[     759.469918] /dev/input/event1: 0000 0000 00000000
[     760.966346] /dev/input/event1: 0003 0039 00000000
[     760.966346] /dev/input/event1: 0003 0030 0000000d
[     760.966346] /dev/input/event1: 0003 003a 00000081
[     760.966346] /dev/input/event1: 0003 0035 00006332
[     760.966346] /dev/input/event1: 0000 0000 00000000
[     761.079802] /dev/input/event1: 0003 003a 00000000
[     761.079802] /dev/input/event1: 0003 0039 ffffffff
[     761.079802] /dev/input/event1: 0000 0000 00000000
[     763.239427] /dev/input/event1: 0003 0039 00000000
[     763.239427] /dev/input/event1: 0003 0030 0000000e
[     763.239427] /dev/input/event1: 0003 003a 00000081
[     763.239427] /dev/input/event1: 0003 0035 00006f2a
[     763.239427] /dev/input/event1: 0003 0036 00002988
[     763.239427] /dev/input/event1: 0000 0000 00000000
[     763.351796] /dev/input/event1: 0003 003a 00000000
[     763.351796] /dev/input/event1: 0003 0039 ffffffff
[     763.351796] /dev/input/event1: 0000 0000 00000000
[     765.377374] /dev/input/event1: 0003 0039 00000000
[     765.377374] /dev/input/event1: 0003 0030 0000000f
[     765.377374] /dev/input/event1: 0003 003a 00000081
[     765.377374] /dev/input/event1: 0003 0035 00006078
[     765.377374] /dev/input/event1: 0003 0036 00007443
[     765.377374] /dev/input/event1: 0000 0000 00000000
[     765.523034] /dev/input/event1: 0003 003a 00000000
[     765.523034] /dev/input/event1: 0003 0039 ffffffff
[     765.523034] /dev/input/event1: 0000 0000 00000000
[     767.502745] /dev/input/event1: 0003 0039 00000000
[     767.502745] /dev/input/event1: 0003 0030 00000010
[     767.502745] /dev/input/event1: 0003 003a 00000081
[     767.502745] /dev/input/event1: 0003 0035 00005f2a
[     767.502745] /dev/input/event1: 0003 0036 00007365
[     767.502745] /dev/input/event1: 0000 0000 00000000
[     767.628678] /dev/input/event1: 0003 003a 00000000
[     767.628678] /dev/input/event1: 0003 0039 ffffffff
[     767.628678] /dev/input/event1: 0000 0000 00000000
[     769.651546] /dev/input/event1: 0003 0039 00000000
[     769.651546] /dev/input/event1: 0003 0030 00000011
[     769.651546] /dev/input/event1: 0003 003a 00000081
[     769.651546] /dev/input/event1: 0003 0035 00005c71
[     769.651546] /dev/input/event1: 0003 0036 00004821
[     769.651546] /dev/input/event1: 0000 0000 00000000
[     769.753449] /dev/input/event1: 0003 003a 00000000
[     769.753449] /dev/input/event1: 0003 0039 ffffffff
[     769.753449] /dev/input/event1: 0000 0000 00000000
[     774.489373] /dev/input/event1: 0003 0039 00000000
[     774.489373] /dev/input/event1: 0003 0030 00000012
[     774.489373] /dev/input/event1: 0003 003a 00000081
[     774.489373] /dev/input/event1: 0003 0035 000008e3
[     774.489373] /dev/input/event1: 0003 0036 00000966
[     774.489373] /dev/input/event1: 0000 0000 00000000
[     774.611771] /dev/input/event1: 0003 003a 00000000
[     774.611771] /dev/input/event1: 0003 0039 ffffffff
[     774.611771] /dev/input/event1: 0000 0000 00000000
[     776.616088] /dev/input/event1: 0003 0039 00000000
[     776.616088] /dev/input/event1: 0003 0030 00000013
[     776.616088] /dev/input/event1: 0003 003a 00000081
[     776.616088] /dev/input/event1: 0003 0035 0000512e
[     776.616088] /dev/input/event1: 0003 0036 000012aa
[     776.616088] /dev/input/event1: 0000 0000 00000000
[     776.738863] /dev/input/event1: 0003 003a 00000000
[     776.738863] /dev/input/event1: 0003 0039 ffffffff
[     776.738863] /dev/input/event1: 0000 0000 00000000
[     779.607777] /dev/input/event1: 0003 0039 00000000
[     779.607777] /dev/input/event1: 0003 0030 00000014
[     779.607777] /dev/input/event1: 0003 003a 00000081
[     779.607777] /dev/input/event1: 0003 0035 00002888
[     779.607777] /dev/input/event1: 0003 0036 000022aa
[     779.607777] /dev/input/event1: 0000 0000 00000000
[     779.719468] /dev/input/event1: 0003 003a 00000000
[     779.719468] /dev/input/event1: 0003 0039 ffffffff
[     779.719468] /dev/input/event1: 0000 0000 00000000
[     782.589716] /dev/input/event1: 0003 0039 00000000
[     782.589716] /dev/input/event1: 0003 0030 00000015
[     782.589716] /dev/input/event1: 0003 003a 00000081
[     782.589716] /dev/input/event1: 0003 0035 00007887
[     782.589716] /dev/input/event1: 0003 0036 00000988
[     782.589716] /dev/input/event1: 0000 0000 00000000
[     782.723186] /dev/input/event1: 0003 003a 00000000
[     782.723186] /dev/input/event1: 0003 0039 ffffffff
[     782.723186] /dev/input/event1: 0000 0000 00000000
[     788.123993] /dev/input/event1: 0003 0039 00000000
[     788.123993] /dev/input/event1: 0003 0030 00000016
[     788.123993] /dev/input/event1: 0003 003a 00000081
[     788.123993] /dev/input/event1: 0003 0035 000009d6
[     788.123993] /dev/input/event1: 0003 0036 00000922
[     788.123993] /dev/input/event1: 0000 0000 00000000
[     788.258430] /dev/input/event1: 0003 003a 00000000
[     788.258430] /dev/input/event1: 0003 0039 ffffffff
[     788.258430] /dev/input/event1: 0000 0000 00000000
[     790.396791] /dev/input/event1: 0003 0039 00000000
[     790.396791] /dev/input/event1: 0003 0030 00000017
[     790.396791] /dev/input/event1: 0003 003a 00000081
[     790.396791] /dev/input/event1: 0003 0035 0000523f
[     790.396791] /dev/input/event1: 0003 0036 000012aa
[     790.396791] /dev/input/event1: 0000 0000 00000000
[     790.508731] /dev/input/event1: 0003 003a 00000000
[     790.508731] /dev/input/event1: 0003 0039 ffffffff
[     790.508731] /dev/input/event1: 0000 0000 00000000