add device 1: /dev/input/event0
  name:     "Power Button"
add device 2: /dev/input/event1
  name:     "qwerty2"
[   27566.317655] /dev/input/event1: 0003 0039 00000000
[   27566.317655] /dev/input/event1: 0003 0030 00000003
[   27566.317655] /dev/input/event1: 0003 003a 00000081
[   27566.317655] /dev/input/event1: 0003 0035 00006078
[   27566.317655] /dev/input/event1: 0003 0036 00007387
[   27566.317655] /dev/input/event1: 0000 0000 00000000
[   27566.428574] /dev/input/event1: 0003 003a 00000000
[   27566.428574] /dev/input/event1: 0003 0039 ffffffff
[   27566.428574] /dev/input/event1: 0000 0000 00000000
[   27568.073386] /dev/input/event1: 0003 0039 00000000
[   27568.073386] /dev/input/event1: 0003 0030 00000004
[   27568.073386] /dev/input/event1: 0003 003a 00000081
[   27568.073386] /dev/input/event1: 0000 0000 00000000
[   27568.184349] /dev/input/event1: 0003 003a 00000000
[   27568.184349] /dev/input/event1: 0003 0039 ffffffff
[   27568.184349] /dev/input/event1: 0000 0000 00000000
[   27569.376783] /dev/input/event1: 0003 0039 00000000
[   27569.376783] /dev/input/event1: 0003 0030 00000005
[   27569.376783] /dev/input/event1: 0003 003a 00000081
[   27569.376783] /dev/input/event1: 0000 0000 00000000
[   27569.466159] /dev/input/event1: 0003 003a 00000000
[   27569.466159] /dev/input/event1: 0003 0039 ffffffff
[   27569.466159] /dev/input/event1: 0000 0000 00000000
[   27570.997948] /dev/input/event1: 0003 0039 00000000
[   27570.997948] /dev/input/event1: 0003 0030 00000006
[   27570.997948] /dev/input/event1: 0003 003a 00000081
[   27570.997948] /dev/input/event1: 0003 0035 00006f2a
[   27570.997948] /dev/input/event1: 0003 0036 00002a43
[   27570.997948] /dev/input/event1: 0000 0000 00000000
[   27571.064570] /dev/input/event1: 0003 003a 00000000
[   27571.064570] /dev/input/event1: 0003 0039 ffffffff
[   27571.064570] /dev/input/event1: 0000 0000 00000000
[   27572.392352] /dev/input/event1: 0003 0039 00000000
[   27572.392352] /dev/input/event1: 0003 0030 00000007
[   27572.392352] /dev/input/event1: 0003 003a 00000081
[   27572.392352] /dev/input/event1: 0003 0035 00005ddd
[   27572.392352] /dev/input/event1: 0003 0036 000074ff
[   27572.392352] /dev/input/event1: 0000 0000 00000000
[   27572.505343] /dev/input/event1: 0003 003a 00000000
[   27572.505343] /dev/input/event1: 0003 0039 ffffffff
[   27572.505343] /dev/input/event1: 0000 0000 00000000
[   27573.426387] /dev/input/event1: 0003 0039 00000000
[   27573.426387] /dev/input/event1: 0003 0030 00000008
[   27573.426387] /dev/input/event1: 0003 003a 00000081
[   27573.426387] /dev/input/event1: 0003 0035 00005e74
[   27573.426387] /dev/input/event1: 0003 0036 00007387
[   27573.426387] /dev/input/event1: 0000 0000 00000000
[   27573.539169] /dev/input/event1: 0003 003a 00000000
[   27573.539169] /dev/input/event1: 0003 0039 ffffffff
[   27573.539169] /dev/input/event1: 0000 0000 00000000
[   27575.261129] /dev/input/event1: 0003 0039 00000000
[   27575.261129] /dev/input/event1: 0003 0030 00000009
[   27575.261129] /dev/input/event1: 0003 003a 00000081
[   27575.261129] /dev/input/event1: 0003 0035 00005a4e
[   27575.261129] /dev/input/event1: 0003 0036 00004743
[   27575.261129] /dev/input/event1: 0000 0000 00000000
[   27575.351635] /dev/input/event1: 0003 003a 00000000
[   27575.351635] /dev/input/event1: 0003 0039 ffffffff
[   27575.351635] /dev/input/event1: 0000 0000 00000000
[   27579.153672] /dev/input/event1: 0003 0039 00000000
[   27579.153672] /dev/input/event1: 0003 0030 0000000a
[   27579.153672] /dev/input/event1: 0003 003a 00000081
[   27579.153672] /dev/input/event1: 0003 0035 00000888
[   27579.153672] /dev/input/event1: 0003 0036 00000922
[   27579.153672] /dev/input/event1: 0000 0000 00000000
[   27579.276650] /dev/input/event1: 0003 003a 00000000
[   27579.276650] /dev/input/event1: 0003 0039 ffffffff
[   27579.276650] /dev/input/event1: 0000 0000 00000000
[   28536.072109] /dev/input/event1: 0003 0039 00000000
[   28536.072109] /dev/input/event1: 0003 0030 0000003e
[   28536.072109] /dev/input/event1: 0003 003a 00000081
[   28536.072109] /dev/input/event1: 0003 0035 00001da0
[   28536.072109] /dev/input/event1: 0003 0036 00005143
[   28536.072109] /dev/input/event1: 0000 0000 00000000
[   28536.172813] /dev/input/event1: 0003 003a 00000000
[   28536.172813] /dev/input/event1: 0003 0039 ffffffff
[   28536.172813] /dev/input/event1: 0000 0000 00000000
[   27584.273286] /dev/input/event1: 0003 0039 00000000
[   27584.273286] /dev/input/event1: 0003 0030 0000000c
[   27584.273286] /dev/input/event1: 0003 003a 00000081
[   27584.273286] /dev/input/event1: 0003 0035 00007554
[   27584.273286] /dev/input/event1: 0003 0036 00000988
[   27584.273286] /dev/input/event1: 0000 0000 00000000
[   27584.394396] /dev/input/event1: 0003 003a 00000000
[   27584.394396] /dev/input/event1: 0003 0039 ffffffff
[   27584.394396] /dev/input/event1: 0000 0000 00000000