add device 1: /dev/input/event0
  name:     "Power Button"
add device 2: /dev/input/event1
  name:     "qwerty2"
[   23680.596964] /dev/input/event1: 0003 0039 00000000
[   23680.596964] /dev/input/event1: 0003 0030 000000da
[   23680.596964] /dev/input/event1: 0003 003a 00000081
[   23680.596964] /dev/input/event1: 0003 0035 00005d63
[   23680.596964] /dev/input/event1: 0003 0036 00004821
[   23680.596964] /dev/input/event1: 0000 0000 00000000
[   23680.662622] /dev/input/event1: 0003 003a 00000000
[   23680.662622] /dev/input/event1: 0003 0039 ffffffff
[   23680.662622] /dev/input/event1: 0000 0000 00000000
[   23683.431752] /dev/input/event1: 0003 0039 00000000
[   23683.431752] /dev/input/event1: 0003 0030 000000db
[   23683.431752] /dev/input/event1: 0003 003a 00000081
[   23683.431752] /dev/input/event1: 0003 0035 000008e3
[   23683.431752] /dev/input/event1: 0003 0036 000009cc
[   23683.431752] /dev/input/event1: 0000 0000 00000000
[   23683.521936] /dev/input/event1: 0003 003a 00000000
[   23683.521936] /dev/input/event1: 0003 0039 ffffffff
[   23683.521936] /dev/input/event1: 0000 0000 00000000
[   23685.477825] /dev/input/event1: 0003 0039 00000000
[   23685.477825] /dev/input/event1: 0003 0030 000000dc
[   23685.477825] /dev/input/event1: 0003 003a 00000081
[   23685.477825] /dev/input/event1: 0003 0035 0000180e
[   23685.477825] /dev/input/event1: 0003 0036 00001321
[   23685.477825] /dev/input/event1: 0000 0000 00000000
[   23685.578969] /dev/input/event1: 0003 003a 00000000
[   23685.578969] /dev/input/event1: 0003 0039 ffffffff
[   23685.578969] /dev/input/event1: 0000 0000 00000000
[   23688.224548] /dev/input/event1: 0003 0039 00000000
[   23688.224548] /dev/input/event1: 0003 0030 000000dd
[   23688.224548] /dev/input/event1: 0003 003a 00000081
[   23688.224548] /dev/input/event1: 0003 0035 000026c1
[   23688.224548] /dev/input/event1: 0003 0036 00003965
[   23688.224548] /dev/input/event1: 0000 0000 00000000
[   23688.324595] /dev/input/event1: 0003 003a 00000000
[   23688.324595] /dev/input/event1: 0003 0039 ffffffff
[   23688.324595] /dev/input/event1: 0000 0000 00000000
[   23689.956835] /dev/input/event1: 0003 0039 00000000
[   23689.956835] /dev/input/event1: 0003 0030 000000de
[   23689.956835] /dev/input/event1: 0003 003a 00000081
[   23689.956835] /dev/input/event1: 0003 0035 00000b60
[   23689.956835] /dev/input/event1: 0003 0036 00005b65
[   23689.956835] /dev/input/event1: 0000 0000 00000000
[   23690.033501] /dev/input/event1: 0003 003a 00000000
[   23690.033501] /dev/input/event1: 0003 0039 ffffffff
[   23690.033501] /dev/input/event1: 0000 0000 00000000
[   23691.464776] /dev/input/event1: 0003 0039 00000000
[   23691.464776] /dev/input/event1: 0003 0030 000000df
[   23691.464776] /dev/input/event1: 0003 003a 00000081
[   23691.464776] /dev/input/event1: 0003 0035 00006bd9
[   23691.464776] /dev/input/event1: 0003 0036 00003343
[   23691.464776] /dev/input/event1: 0000 0000 00000000
[   23691.554129] /dev/input/event1: 0003 003a 00000000
[   23691.554129] /dev/input/event1: 0003 0039 ffffffff
[   23691.554129] /dev/input/event1: 0000 0000 00000000
[   23693.567414] /dev/input/event1: 0003 0039 00000000
[   23693.567414] /dev/input/event1: 0003 0030 000000e0
[   23693.567414] /dev/input/event1: 0003 003a 00000081
[   23693.567414] /dev/input/event1: 0003 0035 00007480
[   23693.567414] /dev/input/event1: 0003 0036 00006d87
[   23693.567414] /dev/input/event1: 0000 0000 00000000
[   23693.668991] /dev/input/event1: 0003 003a 00000000
[   23693.668991] /dev/input/event1: 0003 0039 ffffffff
[   23693.668991] /dev/input/event1: 0000 0000 00000000
[   23697.291862] /dev/input/event1: 0003 0039 00000000
[   23697.291862] /dev/input/event1: 0003 0030 000000e1
[   23697.291862] /dev/input/event1: 0003 003a 00000081
[   23697.291862] /dev/input/event1: 0003 0035 00004da0
[   23697.291862] /dev/input/event1: 0003 0036 000065ff
[   23697.291862] /dev/input/event1: 0000 0000 00000000
[   23697.368470] /dev/input/event1: 0003 003a 00000000
[   23697.368470] /dev/input/event1: 0003 0039 ffffffff
[   23697.368470] /dev/input/event1: 0000 0000 00000000
[   23699.317418] /dev/input/event1: 0003 0039 00000000
[   23699.317418] /dev/input/event1: 0003 0030 000000e2
[   23699.317418] /dev/input/event1: 0003 003a 00000081
[   23699.317418] /dev/input/event1: 0003 0035 00001b23
[   23699.317418] /dev/input/event1: 0003 0036 00003266
[   23699.317418] /dev/input/event1: 0000 0000 00000000
[   23699.416580] /dev/input/event1: 0003 003a 00000000
[   23699.416580] /dev/input/event1: 0003 0039 ffffffff
[   23699.416580] /dev/input/event1: 0000 0000 00000000
[   23700.779568] /dev/input/event1: 0003 0039 00000000
[   23700.779568] /dev/input/event1: 0003 0030 000000e3
[   23700.779568] /dev/input/event1: 0003 003a 00000081
[   23700.779568] /dev/input/event1: 0003 0035 000033ca
[   23700.779568] /dev/input/event1: 0003 0036 00006665
[   23700.779568] /dev/input/event1: 0000 0000 00000000
[   23700.878588] /dev/input/event1: 0003 003a 00000000
[   23700.878588] /dev/input/event1: 0003 0039 ffffffff
[   23700.878588] /dev/input/event1: 0000 0000 00000000
[   23703.524856] /dev/input/event1: 0003 0039 00000000
[   23703.524856] /dev/input/event1: 0003 0030 000000e4
[   23703.524856] /dev/input/event1: 0003 003a 00000081
[   23703.524856] /dev/input/event1: 0003 0035 00001c16
[   23703.524856] /dev/input/event1: 0003 0036 00007d43
[   23703.524856] /dev/input/event1: 0000 0000 00000000
[   23703.623443] /dev/input/event1: 0003 003a 00000000
[   23703.623443] /dev/input/event1: 0003 0039 ffffffff
[   23703.623443] /dev/input/event1: 0000 0000 00000000
[   23707.630240] /dev/input/event1: 0003 0039 00000000
[   23707.630240] /dev/input/event1: 0003 0030 000000e5
[   23707.630240] /dev/input/event1: 0003 003a 00000081
[   23707.630240] /dev/input/event1: 0003 0035 00000888
[   23707.630240] /dev/input/event1: 0003 0036 000009cc
[   23707.630240] /dev/input/event1: 0000 0000 00000000
[   23707.742826] /dev/input/event1: 0003 003a 00000000
[   23707.742826] /dev/input/event1: 0003 0039 ffffffff
[   23707.742826] /dev/input/event1: 0000 0000 00000000
[   23710.115466] /dev/input/event1: 0003 0039 00000000
[   23710.115466] /dev/input/event1: 0003 0030 000000e6
[   23710.115466] /dev/input/event1: 0003 003a 00000081
[   23710.115466] /dev/input/event1: 0003 0035 000016c1
[   23710.115466] /dev/input/event1: 0003 0036 000012ff
[   23710.115466] /dev/input/event1: 0000 0000 00000000
[   23710.218645] /dev/input/event1: 0003 003a 00000000
[   23710.218645] /dev/input/event1: 0003 0039 ffffffff
[   23710.218645] /dev/input/event1: 0000 0000 00000000
[   23713.939383] /dev/input/event1: 0003 0039 00000000
[   23713.939383] /dev/input/event1: 0003 0030 000000e7
[   23713.939383] /dev/input/event1: 0003 003a 00000081
[   23713.939383] /dev/input/event1: 0003 0035 00001079
[   23713.939383] /dev/input/event1: 0003 0036 00002166
[   23713.939383] /dev/input/event1: 0000 0000 00000000
[   23714.030276] /dev/input/event1: 0003 003a 00000000
[   23714.030276] /dev/input/event1: 0003 0039 ffffffff
[   23714.030276] /dev/input/event1: 0000 0000 00000000
[   23715.629134] /dev/input/event1: 0003 0039 00000000
[   23715.629134] /dev/input/event1: 0003 0030 000000e8
[   23715.629134] /dev/input/event1: 0003 003a 00000081
[   23715.629134] /dev/input/event1: 0003 0035 0000327c
[   23715.629134] /dev/input/event1: 0003 0036 00005c21
[   23715.629134] /dev/input/event1: 0000 0000 00000000
[   23715.694292] /dev/input/event1: 0003 003a 00000000
[   23715.694292] /dev/input/event1: 0003 0039 ffffffff
[   23715.694292] /dev/input/event1: 0000 0000 00000000
[   23717.046316] /dev/input/event1: 0003 0039 00000000
[   23717.046316] /dev/input/event1: 0003 0030 000000e9
[   23717.046316] /dev/input/event1: 0003 003a 00000081
[   23717.046316] /dev/input/event1: 0003 0035 0000138e
[   23717.046316] /dev/input/event1: 0003 0036 00007343
[   23717.046316] /dev/input/event1: 0000 0000 00000000
[   23717.111668] /dev/input/event1: 0003 003a 00000000
[   23717.111668] /dev/input/event1: 0003 0039 ffffffff
[   23717.111668] /dev/input/event1: 0000 0000 00000000
[   23718.283260] /dev/input/event1: 0003 0039 00000000
[   23718.283260] /dev/input/event1: 0003 0030 000000ea
[   23718.283260] /dev/input/event1: 0003 003a 00000081
[   23718.283260] /dev/input/event1: 0003 0035 00005480
[   23718.283260] /dev/input/event1: 0003 0036 00005d43
[   23718.283260] /dev/input/event1: 0000 0000 00000000
[   23718.360894] /dev/input/event1: 0003 003a 00000000
[   23718.360894] /dev/input/event1: 0003 0039 ffffffff
[   23718.360894] /dev/input/event1: 0000 0000 00000000
[   23719.959664] /dev/input/event1: 0003 0039 00000000
[   23719.959664] /dev/input/event1: 0003 0030 000000eb
[   23719.959664] /dev/input/event1: 0003 003a 00000081
[   23719.959664] /dev/input/event1: 0003 0035 00003d64
[   23719.959664] /dev/input/event1: 0003 0036 00001fff
[   23719.959664] /dev/input/event1: 0000 0000 00000000
[   23720.038655] /dev/input/event1: 0003 003a 00000000
[   23720.038655] /dev/input/event1: 0003 0039 ffffffff
[   23720.038655] /dev/input/event1: 0000 0000 00000000
[   23721.433116] /dev/input/event1: 0003 0039 00000000
[   23721.433116] /dev/input/event1: 0003 0030 000000ec
[   23721.433116] /dev/input/event1: 0003 003a 00000081
[   23721.433116] /dev/input/event1: 0003 0035 00003795
[   23721.433116] /dev/input/event1: 0003 0036 00005221
[   23721.433116] /dev/input/event1: 0000 0000 00000000
[   23721.523278] /dev/input/event1: 0003 003a 00000000
[   23721.523278] /dev/input/event1: 0003 0039 ffffffff
[   23721.523278] /dev/input/event1: 0000 0000 00000000
[   23722.389825] /dev/input/event1: 0003 0039 00000000
[   23722.389825] /dev/input/event1: 0003 0030 000000ed
[   23722.389825] /dev/input/event1: 0003 003a 00000081
[   23722.389825] /dev/input/event1: 0003 0035 00005443
[   23722.389825] /dev/input/event1: 0003 0036 00005187
[   23722.389825] /dev/input/event1: 0000 0000 00000000
[   23722.478637] /dev/input/event1: 0003 003a 00000000
[   23722.478637] /dev/input/event1: 0003 0039 ffffffff
[   23722.478637] /dev/input/event1: 0000 0000 00000000
[   23724.482361] /dev/input/event1: 0003 0039 00000000
[   23724.482361] /dev/input/event1: 0003 0030 000000ee
[   23724.482361] /dev/input/event1: 0003 003a 00000081
[   23724.482361] /dev/input/event1: 0003 0035 000031c6
[   23724.482361] /dev/input/event1: 0003 0036 00006f87
[   23724.482361] /dev/input/event1: 0000 0000 00000000
[   23724.593691] /dev/input/event1: 0003 003a 00000000
[   23724.593691] /dev/input/event1: 0003 0039 ffffffff
[   23724.593691] /dev/input/event1: 0000 0000 00000000
[   23726.393943] /dev/input/event1: 0003 0039 00000000
[   23726.393943] /dev/input/event1: 0003 0030 000000ef
[   23726.393943] /dev/input/event1: 0003 003a 00000081
[   23726.393943] /dev/input/event1: 0003 0035 000060f1
[   23726.393943] /dev/input/event1: 0003 0036 00002121
[   23726.393943] /dev/input/event1: 0000 0000 00000000
[   23726.483037] /dev/input/event1: 0003 003a 00000000
[   23726.483037] /dev/input/event1: 0003 0039 ffffffff
[   23726.483037] /dev/input/event1: 0000 0000 00000000
[   23727.913317] /dev/input/event1: 0003 0039 00000000
[   23727.913317] /dev/input/event1: 0003 0030 000000f0
[   23727.913317] /dev/input/event1: 0003 003a 00000081
[   23727.913317] /dev/input/event1: 0003 0035 000034bd
[   23727.913317] /dev/input/event1: 0003 0036 00005c87
[   23727.913317] /dev/input/event1: 0000 0000 00000000
[   23728.002276] /dev/input/event1: 0003 003a 00000000
[   23728.002276] /dev/input/event1: 0003 0039 ffffffff
[   23728.002276] /dev/input/event1: 0000 0000 00000000
[   23729.364989] /dev/input/event1: 0003 0039 00000000
[   23729.364989] /dev/input/event1: 0003 0030 000000f1
[   23729.364989] /dev/input/event1: 0003 003a 00000081
[   23729.364989] /dev/input/event1: 0003 0035 000012b9
[   23729.364989] /dev/input/event1: 0003 0036 000073cb
[   23729.364989] /dev/input/event1: 0000 0000 00000000
[   23729.454650] /dev/input/event1: 0003 003a 00000000
[   23729.454650] /dev/input/event1: 0003 0039 ffffffff
[   23729.454650] /dev/input/event1: 0000 0000 00000000
[   23730.985895] /dev/input/event1: 0003 0039 00000000
[   23730.985895] /dev/input/event1: 0003 0030 000000f2
[   23730.985895] /dev/input/event1: 0003 003a 00000081
[   23730.985895] /dev/input/event1: 0003 0035 000059d5
[   23730.985895] /dev/input/event1: 0003 0036 00005ba9
[   23730.985895] /dev/input/event1: 0000 0000 00000000
[   23731.074352] /dev/input/event1: 0003 003a 00000000
[   23731.074352] /dev/input/event1: 0003 0039 ffffffff
[   23731.074352] /dev/input/event1: 0000 0000 00000000
[   23732.953141] /dev/input/event1: 0003 0039 00000000
[   23732.953141] /dev/input/event1: 0003 0030 000000f3
[   23732.953141] /dev/input/event1: 0003 003a 00000081
[   23732.953141] /dev/input/event1: 0003 0035 00000ddd
[   23732.953141] /dev/input/event1: 0003 0036 000030aa
[   23732.953141] /dev/input/event1: 0000 0000 00000000
[   23733.042533] /dev/input/event1: 0003 003a 00000000
[   23733.042533] /dev/input/event1: 0003 0039 ffffffff
[   23733.042533] /dev/input/event1: 0000 0000 00000000
[   23734.472379] /dev/input/event1: 0003 0039 00000000
[   23734.472379] /dev/input/event1: 0003 0030 000000f4
[   23734.472379] /dev/input/event1: 0003 003a 00000081
[   23734.472379] /dev/input/event1: 0003 0035 000033ca
[   23734.472379] /dev/input/event1: 0003 0036 00005243
[   23734.472379] /dev/input/event1: 0000 0000 00000000
[   23734.548683] /dev/input/event1: 0003 003a 00000000
[   23734.548683] /dev/input/event1: 0003 0039 ffffffff
[   23734.548683] /dev/input/event1: 0000 0000 00000000
[   23735.327263] /dev/input/event1: 0003 0039 00000000
[   23735.327263] /dev/input/event1: 0003 0030 000000f5
[   23735.327263] /dev/input/event1: 0003 003a 00000081
[   23735.327263] /dev/input/event1: 0003 0035 000056c0
[   23735.327263] /dev/input/event1: 0003 0036 00005087
[   23735.327263] /dev/input/event1: 0000 0000 00000000
[   23735.438822] /dev/input/event1: 0003 003a 00000000
[   23735.438822] /dev/input/event1: 0003 0039 ffffffff
[   23735.438822] /dev/input/event1: 0000 0000 00000000
[   23736.586929] /dev/input/event1: 0003 0039 00000000
[   23736.586929] /dev/input/event1: 0003 0030 000000f6
[   23736.586929] /dev/input/event1: 0003 003a 00000081
[   23736.586929] /dev/input/event1: 0003 0035 000033ca
[   23736.586929] /dev/input/event1: 0003 0036 00007243
[   23736.586929] /dev/input/event1: 0000 0000 00000000
[   23736.676616] /dev/input/event1: 0003 003a 00000000
[   23736.676616] /dev/input/event1: 0003 0039 ffffffff
[   23736.676616] /dev/input/event1: 0000 0000 00000000
[   23737.891450] /dev/input/event1: 0003 0039 00000000
[   23737.891450] /dev/input/event1: 0003 0030 000000f7
[   23737.891450] /dev/input/event1: 0003 003a 00000081
[   23737.891450] /dev/input/event1: 0003 0035 00001e38
[   23737.891450] /dev/input/event1: 0003 0036 00007c87
[   23737.891450] /dev/input/event1: 0000 0000 00000000
[   23737.980085] /dev/input/event1: 0003 003a 00000000
[   23737.980085] /dev/input/event1: 0003 0039 ffffffff
[   23737.980085] /dev/input/event1: 0000 0000 00000000
[   23739.512766] /dev/input/event1: 0003 0039 00000000
[   23739.512766] /dev/input/event1: 0003 0030 000000f8
[   23739.512766] /dev/input/event1: 0003 003a 00000081
[   23739.512766] /dev/input/event1: 0003 0035 0000184b
[   23739.512766] /dev/input/event1: 0003 0036 000060ff
[   23739.512766] /dev/input/event1: 0000 0000 00000000
[   23739.602240] /dev/input/event1: 0003 003a 00000000
[   23739.602240] /dev/input/event1: 0003 0039 ffffffff
[   23739.602240] /dev/input/event1: 0000 0000 00000000
[   23741.490580] /dev/input/event1: 0003 0039 00000000
[   23741.490580] /dev/input/event1: 0003 0030 000000f9
[   23741.490580] /dev/input/event1: 0003 003a 00000081
[   23741.490580] /dev/input/event1: 0003 0035 00002647
[   23741.490580] /dev/input/event1: 0003 0036 00003888
[   23741.490580] /dev/input/event1: 0000 0000 00000000
[   23741.591156] /dev/input/event1: 0003 003a 00000000
[   23741.591156] /dev/input/event1: 0003 0039 ffffffff
[   23741.591156] /dev/input/event1: 0000 0000 00000000
[   23743.528041] /dev/input/event1: 0003 0039 00000000
[   23743.528041] /dev/input/event1: 0003 0030 000000fa
[   23743.528041] /dev/input/event1: 0003 003a 00000081
[   23743.528041] /dev/input/event1: 0003 0035 00000795
[   23743.528041] /dev/input/event1: 0003 0036 00006743
[   23743.528041] /dev/input/event1: 0000 0000 00000000
[   23743.638827] /dev/input/event1: 0003 003a 00000000
[   23743.638827] /dev/input/event1: 0003 0039 ffffffff
[   23743.638827] /dev/input/event1: 0000 0000 00000000
[   23745.293825] /dev/input/event1: 0003 0039 00000000
[   23745.293825] /dev/input/event1: 0003 0030 000000fb
[   23745.293825] /dev/input/event1: 0003 003a 00000081
[   23745.293825] /dev/input/event1: 0003 0035 00002647
[   23745.293825] /dev/input/event1: 0003 0036 00005cff
[   23745.293825] /dev/input/event1: 0000 0000 00000000
[   23745.382118] /dev/input/event1: 0003 003a 00000000
[   23745.382118] /dev/input/event1: 0003 0039 ffffffff
[   23745.382118] /dev/input/event1: 0000 0000 00000000
[   23746.992840] /dev/input/event1: 0003 0039 00000000
[   23746.992840] /dev/input/event1: 0003 0030 000000fc
[   23746.992840] /dev/input/event1: 0003 003a 00000081
[   23746.992840] /dev/input/event1: 0003 0035 00001eee
[   23746.992840] /dev/input/event1: 0003 0036 00002866
[   23746.992840] /dev/input/event1: 0000 0000 00000000
[   23747.058151] /dev/input/event1: 0003 003a 00000000
[   23747.058151] /dev/input/event1: 0003 0039 ffffffff
[   23747.058151] /dev/input/event1: 0000 0000 00000000
[   23749.411903] /dev/input/event1: 0003 0039 00000000
[   23749.411903] /dev/input/event1: 0003 0030 000000fd
[   23749.411903] /dev/input/event1: 0003 003a 00000081
[   23749.411903] /dev/input/event1: 0003 0035 000014bd
[   23749.411903] /dev/input/event1: 0003 0036 00005187
[   23749.411903] /dev/input/event1: 0000 0000 00000000
[   23749.579240] /dev/input/event1: 0003 003a 00000000
[   23749.579240] /dev/input/event1: 0003 0039 ffffffff
[   23749.579240] /dev/input/event1: 0000 0000 00000000
[   23750.851281] /dev/input/event1: 0003 0039 00000000
[   23750.851281] /dev/input/event1: 0003 0030 000000fe
[   23750.851281] /dev/input/event1: 0003 003a 00000081
[   23750.851281] /dev/input/event1: 0003 0035 000034bd
[   23750.851281] /dev/input/event1: 0003 0036 00007087
[   23750.851281] /dev/input/event1: 0000 0000 00000000
[   23750.963181] /dev/input/event1: 0003 003a 00000000
[   23750.963181] /dev/input/event1: 0003 0039 ffffffff
[   23750.963181] /dev/input/event1: 0000 0000 00000000
[   23752.571607] /dev/input/event1: 0003 0039 00000000
[   23752.571607] /dev/input/event1: 0003 0030 000000ff
[   23752.571607] /dev/input/event1: 0003 003a 00000081
[   23752.571607] /dev/input/event1: 0003 0035 00006b5f
[   23752.571607] /dev/input/event1: 0003 0036 00003688
[   23752.571607] /dev/input/event1: 0000 0000 00000000
[   23752.683374] /dev/input/event1: 0003 003a 00000000
[   23752.683374] /dev/input/event1: 0003 0039 ffffffff
[   23752.683374] /dev/input/event1: 0000 0000 00000000
[   23754.843338] /dev/input/event1: 0003 0039 00000000
[   23754.843338] /dev/input/event1: 0003 0030 00000100
[   23754.843338] /dev/input/event1: 0003 003a 00000081
[   23754.843338] /dev/input/event1: 0003 0035 000044bd
[   23754.843338] /dev/input/event1: 0003 0036 00007443
[   23754.843338] /dev/input/event1: 0000 0000 00000000
[   23755.371717] /dev/input/event1: 0003 0036 00007421
[   23755.371717] /dev/input/event1: 0000 0000 00000000
[   23755.382654] /dev/input/event1: 0003 0036 000073ff
[   23755.382654] /dev/input/event1: 0000 0000 00000000
[   23755.394020] /dev/input/event1: 0003 0036 000073cb
[   23755.394020] /dev/input/event1: 0000 0000 00000000
[   23755.405499] /dev/input/event1: 0003 0036 00007365
[   23755.405499] /dev/input/event1: 0000 0000 00000000
[   23755.416486] /dev/input/event1: 0003 0036 00007321
[   23755.416486] /dev/input/event1: 0000 0000 00000000
[   23755.427868] /dev/input/event1: 0003 0036 000072cb
[   23755.427868] /dev/input/event1: 0000 0000 00000000
[   23755.439186] /dev/input/event1: 0003 0036 00007265
[   23755.439186] /dev/input/event1: 0000 0000 00000000
[   23755.450779] /dev/input/event1: 0003 0036 00007221
[   23755.450779] /dev/input/event1: 0000 0000 00000000
[   23755.461904] /dev/input/event1: 0003 0036 000071a9
[   23755.461904] /dev/input/event1: 0000 0000 00000000
[   23755.474348] /dev/input/event1: 0003 0036 00007165
[   23755.474348] /dev/input/event1: 0000 0000 00000000
[   23755.484418] /dev/input/event1: 0003 0036 00007121
[   23755.484418] /dev/input/event1: 0000 0000 00000000
[   23755.495367] /dev/input/event1: 0003 0036 000070ff
[   23755.495367] /dev/input/event1: 0000 0000 00000000
[   23755.506751] /dev/input/event1: 0003 0036 000070a9
[   23755.506751] /dev/input/event1: 0000 0000 00000000
[   23755.517948] /dev/input/event1: 0003 0036 00007087
[   23755.517948] /dev/input/event1: 0000 0000 00000000
[   23755.529340] /dev/input/event1: 0003 0036 00007065
[   23755.529340] /dev/input/event1: 0000 0000 00000000
[   23755.540769] /dev/input/event1: 0003 0035 000044f9
[   23755.540769] /dev/input/event1: 0003 0036 00006fff
[   23755.540769] /dev/input/event1: 0000 0000 00000000
[   23755.552831] /dev/input/event1: 0003 0036 00006fa9
[   23755.552831] /dev/input/event1: 0000 0000 00000000
[   23755.562787] /dev/input/event1: 0003 0036 00006f87
[   23755.562787] /dev/input/event1: 0000 0000 00000000
[   23755.574363] /dev/input/event1: 0003 0036 00006f43
[   23755.574363] /dev/input/event1: 0000 0000 00000000
[   23755.586132] /dev/input/event1: 0003 0036 00006eff
[   23755.586132] /dev/input/event1: 0000 0000 00000000
[   23755.596536] /dev/input/event1: 0003 0036 00006ecb
[   23755.596536] /dev/input/event1: 0000 0000 00000000
[   23755.607675] /dev/input/event1: 0003 0036 00006ea9
[   23755.607675] /dev/input/event1: 0000 0000 00000000
[   23755.619455] /dev/input/event1: 0003 0036 00006e87
[   23755.619455] /dev/input/event1: 0000 0000 00000000
[   23755.631248] /dev/input/event1: 0003 0036 00006e43
[   23755.631248] /dev/input/event1: 0000 0000 00000000
[   23755.641665] /dev/input/event1: 0003 0036 00006e21
[   23755.641665] /dev/input/event1: 0000 0000 00000000
[   23755.653018] /dev/input/event1: 0003 0036 00006dff
[   23755.653018] /dev/input/event1: 0000 0000 00000000
[   23755.664683] /dev/input/event1: 0003 0036 00006d87
[   23755.664683] /dev/input/event1: 0000 0000 00000000
[   23755.675345] /dev/input/event1: 0003 0036 00006d65
[   23755.675345] /dev/input/event1: 0000 0000 00000000
[   23755.686773] /dev/input/event1: 0003 0036 00006d21
[   23755.686773] /dev/input/event1: 0000 0000 00000000
[   23755.697782] /dev/input/event1: 0003 0036 00006ca9
[   23755.697782] /dev/input/event1: 0000 0000 00000000
[   23755.709081] /dev/input/event1: 0003 0036 00006c43
[   23755.709081] /dev/input/event1: 0000 0000 00000000
[   23755.720916] /dev/input/event1: 0003 0036 00006bff
[   23755.720916] /dev/input/event1: 0000 0000 00000000
[   23755.731680] /dev/input/event1: 0003 0036 00006b87
[   23755.731680] /dev/input/event1: 0000 0000 00000000
[   23755.743005] /dev/input/event1: 0003 0036 00006aff
[   23755.743005] /dev/input/event1: 0000 0000 00000000
[   23755.753990] /dev/input/event1: 0003 0036 00006a87
[   23755.753990] /dev/input/event1: 0000 0000 00000000
[   23755.765430] /dev/input/event1: 0003 0036 000069ff
[   23755.765430] /dev/input/event1: 0000 0000 00000000
[   23755.776627] /dev/input/event1: 0003 0036 00006943
[   23755.776627] /dev/input/event1: 0000 0000 00000000
[   23755.787710] /dev/input/event1: 0003 0036 00006887
[   23755.787710] /dev/input/event1: 0000 0000 00000000
[   23755.799410] /dev/input/event1: 0003 0036 000067a9
[   23755.799410] /dev/input/event1: 0000 0000 00000000
[   23755.810604] /dev/input/event1: 0003 0036 00006687
[   23755.810604] /dev/input/event1: 0000 0000 00000000
[   23755.821679] /dev/input/event1: 0003 0035 00004554
[   23755.821679] /dev/input/event1: 0003 0036 00006587
[   23755.821679] /dev/input/event1: 0000 0000 00000000
[   23755.832970] /dev/input/event1: 0003 0036 000064a9
[   23755.832970] /dev/input/event1: 0000 0000 00000000
[   23755.843955] /dev/input/event1: 0003 0036 00006343
[   23755.843955] /dev/input/event1: 0000 0000 00000000
[   23755.855366] /dev/input/event1: 0003 0036 00006221
[   23755.855366] /dev/input/event1: 0000 0000 00000000
[   23755.866634] /dev/input/event1: 0003 0036 00006165
[   23755.866634] /dev/input/event1: 0000 0000 00000000
[   23755.877886] /dev/input/event1: 0003 0036 00006043
[   23755.877886] /dev/input/event1: 0000 0000 00000000
[   23755.889223] /dev/input/event1: 0003 0036 00005f65
[   23755.889223] /dev/input/event1: 0000 0000 00000000
[   23755.901229] /dev/input/event1: 0003 0036 00005ecc
[   23755.901229] /dev/input/event1: 0000 0000 00000000
[   23755.911773] /dev/input/event1: 0003 0036 00005e21
[   23755.911773] /dev/input/event1: 0000 0000 00000000
[   23755.923084] /dev/input/event1: 0003 0036 00005d87
[   23755.923084] /dev/input/event1: 0000 0000 00000000
[   23755.934066] /dev/input/event1: 0003 0036 00005d43
[   23755.934066] /dev/input/event1: 0000 0000 00000000
[   23755.945629] /dev/input/event1: 0003 0036 00005ccc
[   23755.945629] /dev/input/event1: 0000 0000 00000000
[   23755.956693] /dev/input/event1: 0003 0036 00005c87
[   23755.956693] /dev/input/event1: 0000 0000 00000000
[   23755.967782] /dev/input/event1: 0003 0036 00005c43
[   23755.967782] /dev/input/event1: 0000 0000 00000000
[   23755.978931] /dev/input/event1: 0003 0036 00005c21
[   23755.978931] /dev/input/event1: 0000 0000 00000000
[   23755.990951] /dev/input/event1: 0003 0036 00005bcc
[   23755.990951] /dev/input/event1: 0000 0000 00000000
[   23756.002571] /dev/input/event1: 0003 0036 00005ba9
[   23756.002571] /dev/input/event1: 0000 0000 00000000
[   23756.012792] /dev/input/event1: 0003 0036 00005b65
[   23756.012792] /dev/input/event1: 0000 0000 00000000
[   23756.051243] /dev/input/event1: 0003 0036 00005b43
[   23756.051243] /dev/input/event1: 0000 0000 00000000
[   23756.052151] /dev/input/event1: 0003 0036 00005b21
[   23756.052151] /dev/input/event1: 0000 0000 00000000
[   23756.052772] /dev/input/event1: 0003 0036 00005aff
[   23756.052772] /dev/input/event1: 0000 0000 00000000
[   23756.058323] /dev/input/event1: 0003 0036 00005acc
[   23756.058323] /dev/input/event1: 0000 0000 00000000
[   23756.069385] /dev/input/event1: 0003 0036 00005aa9
[   23756.069385] /dev/input/event1: 0000 0000 00000000
[   23756.080349] /dev/input/event1: 0003 0036 00005a87
[   23756.080349] /dev/input/event1: 0000 0000 00000000
[   23756.091936] /dev/input/event1: 0003 0036 00005a65
[   23756.091936] /dev/input/event1: 0000 0000 00000000
[   23756.102789] /dev/input/event1: 0003 0036 00005a43
[   23756.102789] /dev/input/event1: 0000 0000 00000000
[   23756.114150] /dev/input/event1: 0003 0035 000044f9
[   23756.114150] /dev/input/event1: 0003 0036 00005a21
[   23756.114150] /dev/input/event1: 0000 0000 00000000
[   23756.125314] /dev/input/event1: 0003 0036 000059ff
[   23756.125314] /dev/input/event1: 0000 0000 00000000
[   23756.136557] /dev/input/event1: 0003 0036 000059a9
[   23756.136557] /dev/input/event1: 0000 0000 00000000
[   23756.147710] /dev/input/event1: 0003 0036 00005987
[   23756.147710] /dev/input/event1: 0000 0000 00000000
[   23756.159053] /dev/input/event1: 0003 0036 00005965
[   23756.159053] /dev/input/event1: 0000 0000 00000000
[   23756.170782] /dev/input/event1: 0003 0036 00005921
[   23756.170782] /dev/input/event1: 0000 0000 00000000
[   23756.181604] /dev/input/event1: 0003 0036 000058cc
[   23756.181604] /dev/input/event1: 0000 0000 00000000
[   23756.193033] /dev/input/event1: 0003 0035 000044bd
[   23756.193033] /dev/input/event1: 0003 0036 000058a9
[   23756.193033] /dev/input/event1: 0000 0000 00000000
[   23756.204096] /dev/input/event1: 0003 0036 00005865
[   23756.204096] /dev/input/event1: 0000 0000 00000000
[   23756.215531] /dev/input/event1: 0003 0036 000057ff
[   23756.215531] /dev/input/event1: 0000 0000 00000000
[   23756.226408] /dev/input/event1: 0003 0036 000057a9
[   23756.226408] /dev/input/event1: 0000 0000 00000000
[   23756.237717] /dev/input/event1: 0003 0036 00005765
[   23756.237717] /dev/input/event1: 0000 0000 00000000
[   23756.249187] /dev/input/event1: 0003 0036 00005721
[   23756.249187] /dev/input/event1: 0000 0000 00000000
[   23756.260063] /dev/input/event1: 0003 0036 000056a9
[   23756.260063] /dev/input/event1: 0000 0000 00000000
[   23756.271483] /dev/input/event1: 0003 0036 00005621
[   23756.271483] /dev/input/event1: 0000 0000 00000000
[   23756.282756] /dev/input/event1: 0003 0036 000055a9
[   23756.282756] /dev/input/event1: 0000 0000 00000000
[   23756.294247] /dev/input/event1: 0003 0036 00005543
[   23756.294247] /dev/input/event1: 0000 0000 00000000
[   23756.305155] /dev/input/event1: 0003 0036 00005487
[   23756.305155] /dev/input/event1: 0000 0000 00000000
[   23756.316814] /dev/input/event1: 0003 0036 00005421
[   23756.316814] /dev/input/event1: 0000 0000 00000000
[   23756.327581] /dev/input/event1: 0003 0036 00005365
[   23756.327581] /dev/input/event1: 0000 0000 00000000
[   23756.339340] /dev/input/event1: 0003 0035 00004480
[   23756.339340] /dev/input/event1: 0003 0036 000052aa
[   23756.339340] /dev/input/event1: 0000 0000 00000000
[   23756.350318] /dev/input/event1: 0003 0036 00005221
[   23756.350318] /dev/input/event1: 0000 0000 00000000
[   23756.361789] /dev/input/event1: 0003 0036 00005187
[   23756.361789] /dev/input/event1: 0000 0000 00000000
[   23756.372903] /dev/input/event1: 0003 0036 000050cc
[   23756.372903] /dev/input/event1: 0000 0000 00000000
[   23756.384253] /dev/input/event1: 0003 0036 00005065
[   23756.384253] /dev/input/event1: 0000 0000 00000000
[   23756.395121] /dev/input/event1: 0003 0035 00004443
[   23756.395121] /dev/input/event1: 0003 0036 00004fff
[   23756.395121] /dev/input/event1: 0000 0000 00000000
[   23756.406340] /dev/input/event1: 0003 0036 00004faa
[   23756.406340] /dev/input/event1: 0000 0000 00000000
[   23756.417884] /dev/input/event1: 0003 0036 00004f87
[   23756.417884] /dev/input/event1: 0000 0000 00000000
[   23756.507923] /dev/input/event1: 0003 0036 00004f65
[   23756.507923] /dev/input/event1: 0000 0000 00000000
[   23756.518977] /dev/input/event1: 0003 0035 00004407
[   23756.518977] /dev/input/event1: 0003 0036 00004f21
[   23756.518977] /dev/input/event1: 0000 0000 00000000
[   23756.530397] /dev/input/event1: 0003 0036 00004ecc
[   23756.530397] /dev/input/event1: 0000 0000 00000000
[   23756.541698] /dev/input/event1: 0003 0036 00004eaa
[   23756.541698] /dev/input/event1: 0000 0000 00000000
[   23756.552902] /dev/input/event1: 0003 0036 00004e87
[   23756.552902] /dev/input/event1: 0000 0000 00000000
[   23756.575086] /dev/input/event1: 0003 0035 000043ca
[   23756.575086] /dev/input/event1: 0003 0036 00004e65
[   23756.575086] /dev/input/event1: 0000 0000 00000000
[   23756.620310] /dev/input/event1: 0003 0036 00004e43
[   23756.620310] /dev/input/event1: 0000 0000 00000000
[   23756.654233] /dev/input/event1: 0003 0036 00004e21
[   23756.654233] /dev/input/event1: 0000 0000 00000000
[   23756.699220] /dev/input/event1: 0003 0036 00004dff
[   23756.699220] /dev/input/event1: 0000 0000 00000000
[   23756.732833] /dev/input/event1: 0003 0036 00004dcc
[   23756.732833] /dev/input/event1: 0000 0000 00000000
[   23756.743785] /dev/input/event1: 0003 0036 00004d65
[   23756.743785] /dev/input/event1: 0000 0000 00000000
[   23756.755117] /dev/input/event1: 0003 0036 00004d43
[   23756.755117] /dev/input/event1: 0000 0000 00000000
[   23756.766590] /dev/input/event1: 0003 0036 00004cff
[   23756.766590] /dev/input/event1: 0000 0000 00000000
[   23756.778138] /dev/input/event1: 0003 0036 00004ccc
[   23756.778138] /dev/input/event1: 0000 0000 00000000
[   23756.789193] /dev/input/event1: 0003 0036 00004caa
[   23756.789193] /dev/input/event1: 0000 0000 00000000
[   23756.800740] /dev/input/event1: 0003 0036 00004c87
[   23756.800740] /dev/input/event1: 0000 0000 00000000
[   23756.812037] /dev/input/event1: 0003 0036 00004c43
[   23756.812037] /dev/input/event1: 0000 0000 00000000
[   23756.834149] /dev/input/event1: 0003 0036 00004c21
[   23756.834149] /dev/input/event1: 0000 0000 00000000
[   23756.845141] /dev/input/event1: 0003 0035 0000438d
[   23756.845141] /dev/input/event1: 0003 0036 00004bff
[   23756.845141] /dev/input/event1: 0000 0000 00000000
[   23757.027099] /dev/input/event1: 0003 0035 000043ca
[   23757.027099] /dev/input/event1: 0003 0036 00004bcc
[   23757.027099] /dev/input/event1: 0000 0000 00000000
[   23757.028415] /dev/input/event1: 0003 0036 00004baa
[   23757.028415] /dev/input/event1: 0000 0000 00000000
[   23757.037328] /dev/input/event1: 0003 0036 00004b87
[   23757.037328] /dev/input/event1: 0000 0000 00000000
[   23757.047588] /dev/input/event1: 0003 0036 00004b65
[   23757.047588] /dev/input/event1: 0000 0000 00000000
[   23757.059211] /dev/input/event1: 0003 0036 00004b43
[   23757.059211] /dev/input/event1: 0000 0000 00000000
[   23757.070090] /dev/input/event1: 0003 0036 00004b21
[   23757.070090] /dev/input/event1: 0000 0000 00000000
[   23757.092744] /dev/input/event1: 0003 0036 00004aff
[   23757.092744] /dev/input/event1: 0000 0000 00000000
[   23757.115195] /dev/input/event1: 0003 0036 00004acc
[   23757.115195] /dev/input/event1: 0000 0000 00000000
[   23757.160139] /dev/input/event1: 0003 0036 00004aaa
[   23757.160139] /dev/input/event1: 0000 0000 00000000
[   23757.227741] /dev/input/event1: 0003 0036 00004a87
[   23757.227741] /dev/input/event1: 0000 0000 00000000
[   23757.657278] /dev/input/event1: 0003 003a 00000000
[   23757.657278] /dev/input/event1: 0003 0039 ffffffff
[   23757.657278] /dev/input/event1: 0000 0000 00000000
[   23759.446658] /dev/input/event1: 0003 0039 00000000
[   23759.446658] /dev/input/event1: 0003 0030 00000101
[   23759.446658] /dev/input/event1: 0003 003a 00000081
[   23759.446658] /dev/input/event1: 0003 0035 0000227c
[   23759.446658] /dev/input/event1: 0003 0036 00006665
[   23759.446658] /dev/input/event1: 0000 0000 00000000
[   23759.569494] /dev/input/event1: 0003 003a 00000000
[   23759.569494] /dev/input/event1: 0003 0039 ffffffff
[   23759.569494] /dev/input/event1: 0000 0000 00000000
[   23763.540893] /dev/input/event1: 0003 0039 00000000
[   23763.540893] /dev/input/event1: 0003 0030 00000102
[   23763.540893] /dev/input/event1: 0003 003a 00000081
[   23763.540893] /dev/input/event1: 0003 0035 00004da0
[   23763.540893] /dev/input/event1: 0003 0036 00006765
[   23763.540893] /dev/input/event1: 0000 0000 00000000
[   23763.651584] /dev/input/event1: 0003 003a 00000000
[   23763.651584] /dev/input/event1: 0003 0039 ffffffff
[   23763.651584] /dev/input/event1: 0000 0000 00000000
[   23767.658853] /dev/input/event1: 0003 0039 00000000
[   23767.658853] /dev/input/event1: 0003 0030 00000103
[   23767.658853] /dev/input/event1: 0003 003a 00000081
[   23767.658853] /dev/input/event1: 0003 0035 0000716b
[   23767.658853] /dev/input/event1: 0003 0036 00003caa
[   23767.658853] /dev/input/event1: 0000 0000 00000000
[   23767.771358] /dev/input/event1: 0003 003a 00000000
[   23767.771358] /dev/input/event1: 0003 0039 ffffffff
[   23767.771358] /dev/input/event1: 0000 0000 00000000