add device 1: /dev/input/event0
  name:     "Power Button"
add device 2: /dev/input/event1
  name:     "qwerty2"
[  241672.340884] /dev/input/event1: 0003 0039 00000000
[  241672.340884] /dev/input/event1: 0003 0030 000000f5
[  241672.340884] /dev/input/event1: 0003 003a 00000081
[  241672.340884] /dev/input/event1: 0003 0035 00005e19
[  241672.340884] /dev/input/event1: 0003 0036 00004865
[  241672.340884] /dev/input/event1: 0000 0000 00000000
[  241672.456984] /dev/input/event1: 0003 003a 00000000
[  241672.456984] /dev/input/event1: 0003 0039 ffffffff
[  241672.456984] /dev/input/event1: 0000 0000 00000000
[  241675.134847] /dev/input/event1: 0003 0039 00000000
[  241675.134847] /dev/input/event1: 0003 0030 000000f6
[  241675.134847] /dev/input/event1: 0003 003a 00000081
[  241675.134847] /dev/input/event1: 0003 0035 000070b5
[  241675.134847] /dev/input/event1: 0003 0036 000070dc
[  241675.134847] /dev/input/event1: 0000 0000 00000000
[  241675.229331] /dev/input/event1: 0003 003a 00000000
[  241675.229331] /dev/input/event1: 0003 0039 ffffffff
[  241675.229331] /dev/input/event1: 0000 0000 00000000
[  241678.299141] /dev/input/event1: 0003 0039 00000000
[  241678.299141] /dev/input/event1: 0003 0030 000000f7
[  241678.299141] /dev/input/event1: 0003 003a 00000081
[  241678.299141] /dev/input/event1: 0003 0035 000074bc
[  241678.299141] /dev/input/event1: 0003 0036 00004f98
[  241678.299141] /dev/input/event1: 0000 0000 00000000
[  241678.411610] /dev/input/event1: 0003 003a 00000000
[  241678.411610] /dev/input/event1: 0003 0039 ffffffff
[  241678.411610] /dev/input/event1: 0000 0000 00000000
[  241678.877287] /dev/input/event1: 0003 0039 00000000
[  241678.877287] /dev/input/event1: 0003 0030 000000f8
[  241678.877287] /dev/input/event1: 0003 003a 00000081
[  241678.877287] /dev/input/event1: 0003 0035 000072d7
[  241678.877287] /dev/input/event1: 0003 0036 00005c98
[  241678.877287] /dev/input/event1: 0000 0000 00000000
[  241678.971331] /dev/input/event1: 0003 003a 00000000
[  241678.971331] /dev/input/event1: 0003 0039 ffffffff
[  241678.971331] /dev/input/event1: 0000 0000 00000000
[  241679.838835] /dev/input/event1: 0003 0039 00000000
[  241679.838835] /dev/input/event1: 0003 0030 000000f9
[  241679.838835] /dev/input/event1: 0003 003a 00000081
[  241679.838835] /dev/input/event1: 0003 0035 00000f86
[  241679.838835] /dev/input/event1: 0003 0036 00005bee
[  241679.838835] /dev/input/event1: 0000 0000 00000000
[  241679.919469] /dev/input/event1: 0003 003a 00000000
[  241679.919469] /dev/input/event1: 0003 0039 ffffffff
[  241679.919469] /dev/input/event1: 0000 0000 00000000
[  241680.927168] /dev/input/event1: 0003 0039 00000000
[  241680.927168] /dev/input/event1: 0003 0030 000000fa
[  241680.927168] /dev/input/event1: 0003 003a 00000081
[  241680.927168] /dev/input/event1: 0003 0035 00005901
[  241680.927168] /dev/input/event1: 0003 0036 000065dd
[  241680.927168] /dev/input/event1: 0000 0000 00000000
[  241681.020993] /dev/input/event1: 0003 003a 00000000
[  241681.020993] /dev/input/event1: 0003 0039 ffffffff
[  241681.020993] /dev/input/event1: 0000 0000 00000000
[  241681.897034] /dev/input/event1: 0003 0039 00000000
[  241681.897034] /dev/input/event1: 0003 0030 000000fb
[  241681.897034] /dev/input/event1: 0003 003a 00000081
[  241681.897034] /dev/input/event1: 0003 0035 000039f4
[  241681.897034] /dev/input/event1: 0003 0036 00004f65
[  241681.897034] /dev/input/event1: 0000 0000 00000000
[  241681.991547] /dev/input/event1: 0003 003a 00000000
[  241681.991547] /dev/input/event1: 0003 0039 ffffffff
[  241681.991547] /dev/input/event1: 0000 0000 00000000
[  241683.850996] /dev/input/event1: 0003 0039 00000000
[  241683.850996] /dev/input/event1: 0003 0030 000000fc
[  241683.850996] /dev/input/event1: 0003 003a 00000081
[  241683.850996] /dev/input/event1: 0003 0035 0000271c
[  241683.850996] /dev/input/event1: 0003 0036 000032ee
[  241683.850996] /dev/input/event1: 0000 0000 00000000
[  241683.961229] /dev/input/event1: 0003 003a 00000000
[  241683.961229] /dev/input/event1: 0003 0039 ffffffff
[  241683.961229] /dev/input/event1: 0000 0000 00000000
[  241685.486287] /dev/input/event1: 0003 0039 00000000
[  241685.486287] /dev/input/event1: 0003 0030 000000fd
[  241685.486287] /dev/input/event1: 0003 003a 00000081
[  241685.486287] /dev/input/event1: 0003 0035 00004da0
[  241685.486287] /dev/input/event1: 0003 0036 00005b10
[  241685.486287] /dev/input/event1: 0000 0000 00000000
[  241685.563888] /dev/input/event1: 0003 003a 00000000
[  241685.563888] /dev/input/event1: 0003 0039 ffffffff
[  241685.563888] /dev/input/event1: 0000 0000 00000000
[  241686.402139] /dev/input/event1: 0003 0039 00000000
[  241686.402139] /dev/input/event1: 0003 0030 000000fe
[  241686.402139] /dev/input/event1: 0003 003a 00000081
[  241686.402139] /dev/input/event1: 0003 0035 0000097b
[  241686.402139] /dev/input/event1: 0003 0036 00005a87
[  241686.402139] /dev/input/event1: 0000 0000 00000000
[  241686.461373] /dev/input/event1: 0003 003a 00000000
[  241686.461373] /dev/input/event1: 0003 0039 ffffffff
[  241686.461373] /dev/input/event1: 0000 0000 00000000
[  241687.279905] /dev/input/event1: 0003 0039 00000000
[  241687.279905] /dev/input/event1: 0003 0030 000000ff
[  241687.279905] /dev/input/event1: 0003 003a 00000081
[  241687.279905] /dev/input/event1: 0003 0035 00001c8f
[  241687.279905] /dev/input/event1: 0003 0036 00006732
[  241687.279905] /dev/input/event1: 0000 0000 00000000
[  241687.375186] /dev/input/event1: 0003 003a 00000000
[  241687.375186] /dev/input/event1: 0003 0039 ffffffff
[  241687.375186] /dev/input/event1: 0000 0000 00000000
[  241688.242542] /dev/input/event1: 0003 0039 00000000
[  241688.242542] /dev/input/event1: 0003 0030 00000100
[  241688.242542] /dev/input/event1: 0003 003a 00000081
[  241688.242542] /dev/input/event1: 0003 0035 00001d45
[  241688.242542] /dev/input/event1: 0003 0036 00004fcc
[  241688.242542] /dev/input/event1: 0000 0000 00000000
[  241688.336280] /dev/input/event1: 0003 003a 00000000
[  241688.336280] /dev/input/event1: 0003 0039 ffffffff
[  241688.336280] /dev/input/event1: 0000 0000 00000000
[  241689.715253] /dev/input/event1: 0003 0039 00000000
[  241689.715253] /dev/input/event1: 0003 0030 00000101
[  241689.715253] /dev/input/event1: 0003 003a 00000081
[  241689.715253] /dev/input/event1: 0003 0035 0000093e
[  241689.715253] /dev/input/event1: 0003 0036 00000955
[  241689.715253] /dev/input/event1: 0000 0000 00000000
[  241689.840989] /dev/input/event1: 0003 003a 00000000
[  241689.840989] /dev/input/event1: 0003 0039 ffffffff
[  241689.840989] /dev/input/event1: 0000 0000 00000000
[  241692.241751] /dev/input/event1: 0003 0039 00000000
[  241692.241751] /dev/input/event1: 0003 0030 00000102
[  241692.241751] /dev/input/event1: 0003 003a 00000081
[  241692.241751] /dev/input/event1: 0003 0035 000008e3
[  241692.241751] /dev/input/event1: 0003 0036 000009ff
[  241692.241751] /dev/input/event1: 0000 0000 00000000
[  241692.349042] /dev/input/event1: 0003 003a 00000000
[  241692.349042] /dev/input/event1: 0003 0039 ffffffff
[  241692.349042] /dev/input/event1: 0000 0000 00000000
[  241694.395055] /dev/input/event1: 0003 0039 00000000
[  241694.395055] /dev/input/event1: 0003 0030 00000103
[  241694.395055] /dev/input/event1: 0003 003a 00000081
[  241694.395055] /dev/input/event1: 0003 0035 00000c35
[  241694.395055] /dev/input/event1: 0003 0036 000011cc
[  241694.395055] /dev/input/event1: 0000 0000 00000000
[  241694.489338] /dev/input/event1: 0003 003a 00000000
[  241694.489338] /dev/input/event1: 0003 0039 ffffffff
[  241694.489338] /dev/input/event1: 0000 0000 00000000
[  241696.309726] /dev/input/event1: 0003 0039 00000000
[  241696.309726] /dev/input/event1: 0003 0030 00000104
[  241696.309726] /dev/input/event1: 0003 003a 00000081
[  241696.309726] /dev/input/event1: 0003 0035 00002a30
[  241696.309726] /dev/input/event1: 0003 0036 00003254
[  241696.309726] /dev/input/event1: 0000 0000 00000000
[  241696.419803] /dev/input/event1: 0003 003a 00000000
[  241696.419803] /dev/input/event1: 0003 0039 ffffffff
[  241696.419803] /dev/input/event1: 0000 0000 00000000
[  241698.159411] /dev/input/event1: 0003 0039 00000000
[  241698.159411] /dev/input/event1: 0003 0030 00000105
[  241698.159411] /dev/input/event1: 0003 003a 00000081
[  241698.159411] /dev/input/event1: 0003 0035 0000671b
[  241698.159411] /dev/input/event1: 0003 0036 00006576
[  241698.159411] /dev/input/event1: 0000 0000 00000000
[  241698.237163] /dev/input/event1: 0003 003a 00000000
[  241698.237163] /dev/input/event1: 0003 0039 ffffffff
[  241698.237163] /dev/input/event1: 0000 0000 00000000
[  241698.962374] /dev/input/event1: 0003 0039 00000000
[  241698.962374] /dev/input/event1: 0003 0030 00000106
[  241698.962374] /dev/input/event1: 0003 003a 00000081
[  241698.962374] /dev/input/event1: 0003 0035 000046fd
[  241698.962374] /dev/input/event1: 0003 0036 000050ee
[  241698.962374] /dev/input/event1: 0000 0000 00000000
[  241699.024922] /dev/input/event1: 0003 003a 00000000
[  241699.024922] /dev/input/event1: 0003 0039 ffffffff
[  241699.024922] /dev/input/event1: 0000 0000 00000000
[  241700.211353] /dev/input/event1: 0003 0039 00000000
[  241700.211353] /dev/input/event1: 0003 0030 00000107
[  241700.211353] /dev/input/event1: 0003 003a 00000081
[  241700.211353] /dev/input/event1: 0003 0035 000040b5
[  241700.211353] /dev/input/event1: 0003 0036 000071dc
[  241700.211353] /dev/input/event1: 0000 0000 00000000
[  241700.321316] /dev/input/event1: 0003 003a 00000000
[  241700.321316] /dev/input/event1: 0003 0039 ffffffff
[  241700.321316] /dev/input/event1: 0000 0000 00000000
[  241701.363237] /dev/input/event1: 0003 0039 00000000
[  241701.363237] /dev/input/event1: 0003 0030 00000108
[  241701.363237] /dev/input/event1: 0003 003a 00000081
[  241701.363237] /dev/input/event1: 0003 0035 00004110
[  241701.363237] /dev/input/event1: 0003 0036 00005b98
[  241701.363237] /dev/input/event1: 0000 0000 00000000
[  241701.443059] /dev/input/event1: 0003 003a 00000000
[  241701.443059] /dev/input/event1: 0003 0039 ffffffff
[  241701.443059] /dev/input/event1: 0000 0000 00000000
[  241702.485289] /dev/input/event1: 0003 0039 00000000
[  241702.485289] /dev/input/event1: 0003 0030 00000109
[  241702.485289] /dev/input/event1: 0003 003a 00000081
[  241702.485289] /dev/input/event1: 0003 0035 00000cae
[  241702.485289] /dev/input/event1: 0003 0036 00005bff
[  241702.485289] /dev/input/event1: 0000 0000 00000000
[  241702.579043] /dev/input/event1: 0003 003a 00000000
[  241702.579043] /dev/input/event1: 0003 0039 ffffffff
[  241702.579043] /dev/input/event1: 0000 0000 00000000
[  241703.527846] /dev/input/event1: 0003 0039 00000000
[  241703.527846] /dev/input/event1: 0003 0030 0000010a
[  241703.527846] /dev/input/event1: 0003 003a 00000081
[  241703.527846] /dev/input/event1: 0003 0035 00002ddd
[  241703.527846] /dev/input/event1: 0003 0036 00005132
[  241703.527846] /dev/input/event1: 0000 0000 00000000
[  241703.591418] /dev/input/event1: 0003 003a 00000000
[  241703.591418] /dev/input/event1: 0003 0039 ffffffff
[  241703.591418] /dev/input/event1: 0000 0000 00000000
[  241704.418157] /dev/input/event1: 0003 0039 00000000
[  241704.418157] /dev/input/event1: 0003 0030 0000010b
[  241704.418157] /dev/input/event1: 0003 003a 00000081
[  241704.418157] /dev/input/event1: 0003 0035 00002666
[  241704.418157] /dev/input/event1: 0003 0036 00005aa9
[  241704.418157] /dev/input/event1: 0000 0000 00000000
[  241704.495525] /dev/input/event1: 0003 003a 00000000
[  241704.495525] /dev/input/event1: 0003 0039 ffffffff
[  241704.495525] /dev/input/event1: 0000 0000 00000000
[  241705.169887] /dev/input/event1: 0003 0039 00000000
[  241705.169887] /dev/input/event1: 0003 0030 0000010c
[  241705.169887] /dev/input/event1: 0003 003a 00000081
[  241705.169887] /dev/input/event1: 0003 0035 000020b5
[  241705.169887] /dev/input/event1: 0003 0036 00004fff
[  241705.169887] /dev/input/event1: 0000 0000 00000000
[  241705.247190] /dev/input/event1: 0003 003a 00000000
[  241705.247190] /dev/input/event1: 0003 0039 ffffffff
[  241705.247190] /dev/input/event1: 0000 0000 00000000
[  241706.387855] /dev/input/event1: 0003 0039 00000000
[  241706.387855] /dev/input/event1: 0003 0030 0000010d
[  241706.387855] /dev/input/event1: 0003 003a 00000081
[  241706.387855] /dev/input/event1: 0003 0035 0000582c
[  241706.387855] /dev/input/event1: 0003 0036 00006654
[  241706.387855] /dev/input/event1: 0000 0000 00000000
[  241706.465261] /dev/input/event1: 0003 003a 00000000
[  241706.465261] /dev/input/event1: 0003 0039 ffffffff
[  241706.465261] /dev/input/event1: 0000 0000 00000000
[  241708.453842] /dev/input/event1: 0003 0039 00000000
[  241708.453842] /dev/input/event1: 0003 0030 0000010e
[  241708.453842] /dev/input/event1: 0003 003a 00000081
[  241708.453842] /dev/input/event1: 0003 0035 00001ae7
[  241708.453842] /dev/input/event1: 0003 0036 00003965
[  241708.453842] /dev/input/event1: 0000 0000 00000000
[  241708.531449] /dev/input/event1: 0003 003a 00000000
[  241708.531449] /dev/input/event1: 0003 0039 ffffffff
[  241708.531449] /dev/input/event1: 0000 0000 00000000
[  241710.553984] /dev/input/event1: 0003 0039 00000000
[  241710.553984] /dev/input/event1: 0003 0030 0000010f
[  241710.553984] /dev/input/event1: 0003 003a 00000081
[  241710.553984] /dev/input/event1: 0003 0035 0000693d
[  241710.553984] /dev/input/event1: 0003 0036 00003932
[  241710.553984] /dev/input/event1: 0000 0000 00000000
[  241710.663071] /dev/input/event1: 0003 003a 00000000
[  241710.663071] /dev/input/event1: 0003 0039 ffffffff
[  241710.663071] /dev/input/event1: 0000 0000 00000000
[  241713.743421] /dev/input/event1: 0003 0039 00000000
[  241713.743421] /dev/input/event1: 0003 0030 00000110
[  241713.743421] /dev/input/event1: 0003 003a 00000081
[  241713.743421] /dev/input/event1: 0003 0035 000015b0
[  241713.743421] /dev/input/event1: 0003 0036 00001355
[  241713.743421] /dev/input/event1: 0000 0000 00000000
[  241713.852910] /dev/input/event1: 0003 003a 00000000
[  241713.852910] /dev/input/event1: 0003 0039 ffffffff
[  241713.852910] /dev/input/event1: 0000 0000 00000000
[  241715.525324] /dev/input/event1: 0003 0039 00000000
[  241715.525324] /dev/input/event1: 0003 0030 00000111
[  241715.525324] /dev/input/event1: 0003 003a 00000081
[  241715.525324] /dev/input/event1: 0003 0035 0000127d
[  241715.525324] /dev/input/event1: 0003 0036 00002166
[  241715.525324] /dev/input/event1: 0000 0000 00000000
[  241715.615271] /dev/input/event1: 0003 003a 00000000
[  241715.615271] /dev/input/event1: 0003 0039 ffffffff
[  241715.615271] /dev/input/event1: 0000 0000 00000000
[  241717.517410] /dev/input/event1: 0003 0039 00000000
[  241717.517410] /dev/input/event1: 0003 0030 00000112
[  241717.517410] /dev/input/event1: 0003 003a 00000081
[  241717.517410] /dev/input/event1: 0003 0035 0000560a
[  241717.517410] /dev/input/event1: 0003 0036 00005acc
[  241717.517410] /dev/input/event1: 0000 0000 00000000
[  241717.627201] /dev/input/event1: 0003 003a 00000000
[  241717.627201] /dev/input/event1: 0003 0039 ffffffff
[  241717.627201] /dev/input/event1: 0000 0000 00000000
[  241718.848936] /dev/input/event1: 0003 0039 00000000
[  241718.848936] /dev/input/event1: 0003 0030 00000113
[  241718.848936] /dev/input/event1: 0003 003a 00000081
[  241718.848936] /dev/input/event1: 0003 0035 00001221
[  241718.848936] /dev/input/event1: 0003 0036 000070ff
[  241718.848936] /dev/input/event1: 0000 0000 00000000
[  241718.941186] /dev/input/event1: 0003 003a 00000000
[  241718.941186] /dev/input/event1: 0003 0039 ffffffff
[  241718.941186] /dev/input/event1: 0000 0000 00000000
[  241719.678825] /dev/input/event1: 0003 0039 00000000
[  241719.678825] /dev/input/event1: 0003 0030 00000114
[  241719.678825] /dev/input/event1: 0003 003a 00000081
[  241719.678825] /dev/input/event1: 0003 0035 00000fc3
[  241719.678825] /dev/input/event1: 0003 0036 00005bee
[  241719.678825] /dev/input/event1: 0000 0000 00000000
[  241719.742850] /dev/input/event1: 0003 003a 00000000
[  241719.742850] /dev/input/event1: 0003 0039 ffffffff
[  241719.742850] /dev/input/event1: 0000 0000 00000000
[  241720.738972] /dev/input/event1: 0003 0039 00000000
[  241720.738972] /dev/input/event1: 0003 0030 00000115
[  241720.738972] /dev/input/event1: 0003 003a 00000081
[  241720.738972] /dev/input/event1: 0003 0035 0000329b
[  241720.738972] /dev/input/event1: 0003 0036 00001f66
[  241720.738972] /dev/input/event1: 0000 0000 00000000
[  241720.783106] /dev/input/event1: 0003 003a 00000000
[  241720.783106] /dev/input/event1: 0003 0039 ffffffff
[  241720.783106] /dev/input/event1: 0000 0000 00000000
[  241722.324338] /dev/input/event1: 0003 0039 00000000
[  241722.324338] /dev/input/event1: 0003 0030 00000116
[  241722.324338] /dev/input/event1: 0003 003a 00000081
[  241722.324338] /dev/input/event1: 0003 0035 000033e8
[  241722.324338] /dev/input/event1: 0003 0036 00005098
[  241722.324338] /dev/input/event1: 0000 0000 00000000
[  241722.417134] /dev/input/event1: 0003 003a 00000000
[  241722.417134] /dev/input/event1: 0003 0039 ffffffff
[  241722.417134] /dev/input/event1: 0000 0000 00000000
[  241723.091287] /dev/input/event1: 0003 0039 00000000
[  241723.091287] /dev/input/event1: 0003 0030 00000117
[  241723.091287] /dev/input/event1: 0003 003a 00000081
[  241723.091287] /dev/input/event1: 0003 0035 000057d1
[  241723.091287] /dev/input/event1: 0003 0036 000050cc
[  241723.091287] /dev/input/event1: 0000 0000 00000000
[  241723.173173] /dev/input/event1: 0003 003a 00000000
[  241723.173173] /dev/input/event1: 0003 0039 ffffffff
[  241723.173173] /dev/input/event1: 0000 0000 00000000
[  241724.389847] /dev/input/event1: 0003 0039 00000000
[  241724.389847] /dev/input/event1: 0003 0030 00000118
[  241724.389847] /dev/input/event1: 0003 003a 00000081
[  241724.389847] /dev/input/event1: 0003 0035 000033e8
[  241724.389847] /dev/input/event1: 0003 0036 000072ee
[  241724.389847] /dev/input/event1: 0000 0000 00000000
[  241724.467037] /dev/input/event1: 0003 003a 00000000
[  241724.467037] /dev/input/event1: 0003 0039 ffffffff
[  241724.467037] /dev/input/event1: 0000 0000 00000000
[  241726.231784] /dev/input/event1: 0003 0039 00000000
[  241726.231784] /dev/input/event1: 0003 0030 00000119
[  241726.231784] /dev/input/event1: 0003 003a 00000081
[  241726.231784] /dev/input/event1: 0003 0035 00005c34
[  241726.231784] /dev/input/event1: 0003 0036 00001f77
[  241726.231784] /dev/input/event1: 0000 0000 00000000
[  241726.311178] /dev/input/event1: 0003 003a 00000000
[  241726.311178] /dev/input/event1: 0003 0039 ffffffff
[  241726.311178] /dev/input/event1: 0000 0000 00000000
[  241727.448634] /dev/input/event1: 0003 0039 00000000
[  241727.448634] /dev/input/event1: 0003 0030 0000011a
[  241727.448634] /dev/input/event1: 0003 003a 00000081
[  241727.448634] /dev/input/event1: 0003 0035 000057d1
[  241727.448634] /dev/input/event1: 0003 0036 000059ff
[  241727.448634] /dev/input/event1: 0000 0000 00000000
[  241727.544110] /dev/input/event1: 0003 003a 00000000
[  241727.544110] /dev/input/event1: 0003 0039 ffffffff
[  241727.544110] /dev/input/event1: 0000 0000 00000000
[  241728.491846] /dev/input/event1: 0003 0039 00000000
[  241728.491846] /dev/input/event1: 0003 0030 0000011b
[  241728.491846] /dev/input/event1: 0003 003a 00000081
[  241728.491846] /dev/input/event1: 0003 0035 00001314
[  241728.491846] /dev/input/event1: 0003 0036 000070ff
[  241728.491846] /dev/input/event1: 0000 0000 00000000
[  241728.585101] /dev/input/event1: 0003 003a 00000000
[  241728.585101] /dev/input/event1: 0003 0039 ffffffff
[  241728.585101] /dev/input/event1: 0000 0000 00000000
[  241729.669074] /dev/input/event1: 0003 0039 00000000
[  241729.669074] /dev/input/event1: 0003 0030 0000011c
[  241729.669074] /dev/input/event1: 0003 003a 00000081
[  241729.669074] /dev/input/event1: 0003 0035 0000327c
[  241729.669074] /dev/input/event1: 0003 0036 00006932
[  241729.669074] /dev/input/event1: 0000 0000 00000000
[  241729.747319] /dev/input/event1: 0003 003a 00000000
[  241729.747319] /dev/input/event1: 0003 0039 ffffffff
[  241729.747319] /dev/input/event1: 0000 0000 00000000
[  241730.728044] /dev/input/event1: 0003 0039 00000000
[  241730.728044] /dev/input/event1: 0003 0030 0000011d
[  241730.728044] /dev/input/event1: 0003 003a 00000081
[  241730.728044] /dev/input/event1: 0003 0035 00001aaa
[  241730.728044] /dev/input/event1: 0003 0036 000030ee
[  241730.728044] /dev/input/event1: 0000 0000 00000000
[  241730.805058] /dev/input/event1: 0003 003a 00000000
[  241730.805058] /dev/input/event1: 0003 0039 ffffffff
[  241730.805058] /dev/input/event1: 0000 0000 00000000
[  241732.045916] /dev/input/event1: 0003 0039 00000000
[  241732.045916] /dev/input/event1: 0003 0030 0000011e
[  241732.045916] /dev/input/event1: 0003 003a 00000081
[  241732.045916] /dev/input/event1: 0003 0035 0000327c
[  241732.045916] /dev/input/event1: 0003 0036 000050bb
[  241732.045916] /dev/input/event1: 0000 0000 00000000
[  241732.141283] /dev/input/event1: 0003 003a 00000000
[  241732.141283] /dev/input/event1: 0003 0039 ffffffff
[  241732.141283] /dev/input/event1: 0000 0000 00000000
[  241732.737064] /dev/input/event1: 0003 0039 00000000
[  241732.737064] /dev/input/event1: 0003 0030 0000011f
[  241732.737064] /dev/input/event1: 0003 003a 00000081
[  241732.737064] /dev/input/event1: 0003 0035 000034bd
[  241732.737064] /dev/input/event1: 0003 0036 000067a9
[  241732.737064] /dev/input/event1: 0000 0000 00000000
[  241732.799017] /dev/input/event1: 0003 003a 00000000
[  241732.799017] /dev/input/event1: 0003 0039 ffffffff
[  241732.799017] /dev/input/event1: 0000 0000 00000000
[  241733.392790] /dev/input/event1: 0003 0039 00000000
[  241733.392790] /dev/input/event1: 0003 0030 00000120
[  241733.392790] /dev/input/event1: 0003 003a 00000081
[  241733.392790] /dev/input/event1: 0003 0035 00003480
[  241733.392790] /dev/input/event1: 0003 0036 00007143
[  241733.392790] /dev/input/event1: 0000 0000 00000000
[  241733.471596] /dev/input/event1: 0003 003a 00000000
[  241733.471596] /dev/input/event1: 0003 0039 ffffffff
[  241733.471596] /dev/input/event1: 0000 0000 00000000
[  241735.260941] /dev/input/event1: 0003 0039 00000000
[  241735.260941] /dev/input/event1: 0003 0030 00000121
[  241735.260941] /dev/input/event1: 0003 003a 00000081
[  241735.260941] /dev/input/event1: 0003 0035 00003795
[  241735.260941] /dev/input/event1: 0003 0036 000046cc
[  241735.260941] /dev/input/event1: 0000 0000 00000000
[  241735.466521] /dev/input/event1: 0003 0036 00004665
[  241735.466521] /dev/input/event1: 0000 0000 00000000
[  241735.470456] /dev/input/event1: 0003 0036 00004654
[  241735.470456] /dev/input/event1: 0000 0000 00000000
[  241735.484170] /dev/input/event1: 0003 0036 000045ff
[  241735.484170] /dev/input/event1: 0000 0000 00000000
[  241735.486492] /dev/input/event1: 0003 0036 00004599
[  241735.486492] /dev/input/event1: 0000 0000 00000000
[  241735.499232] /dev/input/event1: 0003 0036 00004532
[  241735.499232] /dev/input/event1: 0000 0000 00000000
[  241735.502511] /dev/input/event1: 0003 0036 000044cc
[  241735.502511] /dev/input/event1: 0000 0000 00000000
[  241735.514847] /dev/input/event1: 0003 0035 00003777
[  241735.514847] /dev/input/event1: 0003 0036 00004454
[  241735.514847] /dev/input/event1: 0000 0000 00000000
[  241735.518628] /dev/input/event1: 0003 0036 000043cc
[  241735.518628] /dev/input/event1: 0000 0000 00000000
[  241735.531135] /dev/input/event1: 0003 0036 00004365
[  241735.531135] /dev/input/event1: 0000 0000 00000000
[  241735.535406] /dev/input/event1: 0003 0036 000042ff
[  241735.535406] /dev/input/event1: 0000 0000 00000000
[  241735.547315] /dev/input/event1: 0003 0036 00004299
[  241735.547315] /dev/input/event1: 0000 0000 00000000
[  241735.552259] /dev/input/event1: 0003 0035 00003758
[  241735.552259] /dev/input/event1: 0003 0036 00004232
[  241735.552259] /dev/input/event1: 0000 0000 00000000
[  241735.562627] /dev/input/event1: 0003 0036 000041cc
[  241735.562627] /dev/input/event1: 0000 0000 00000000
[  241735.567210] /dev/input/event1: 0003 0036 00004165
[  241735.567210] /dev/input/event1: 0000 0000 00000000
[  241735.578640] /dev/input/event1: 0003 0035 0000371c
[  241735.578640] /dev/input/event1: 0003 0036 00004121
[  241735.578640] /dev/input/event1: 0000 0000 00000000
[  241735.583221] /dev/input/event1: 0003 0036 000040bb
[  241735.583221] /dev/input/event1: 0000 0000 00000000
[  241735.595060] /dev/input/event1: 0003 0036 00004054
[  241735.595060] /dev/input/event1: 0000 0000 00000000
[  241735.599431] /dev/input/event1: 0003 0036 00003fff
[  241735.599431] /dev/input/event1: 0000 0000 00000000
[  241735.610641] /dev/input/event1: 0003 0036 00003fbb
[  241735.610641] /dev/input/event1: 0000 0000 00000000
[  241735.614919] /dev/input/event1: 0003 0036 00003f54
[  241735.614919] /dev/input/event1: 0000 0000 00000000
[  241735.626699] /dev/input/event1: 0003 0036 00003f21
[  241735.626699] /dev/input/event1: 0000 0000 00000000
[  241735.631739] /dev/input/event1: 0003 0035 000036fd
[  241735.631739] /dev/input/event1: 0003 0036 00003ebb
[  241735.631739] /dev/input/event1: 0000 0000 00000000
[  241735.644110] /dev/input/event1: 0003 0036 00003e65
[  241735.644110] /dev/input/event1: 0000 0000 00000000
[  241735.646618] /dev/input/event1: 0003 0036 00003e21
[  241735.646618] /dev/input/event1: 0000 0000 00000000
[  241735.658503] /dev/input/event1: 0003 0036 00003dbb
[  241735.658503] /dev/input/event1: 0000 0000 00000000
[  241735.662482] /dev/input/event1: 0003 0036 00003d65
[  241735.662482] /dev/input/event1: 0000 0000 00000000
[  241735.674738] /dev/input/event1: 0003 0036 00003d21
[  241735.674738] /dev/input/event1: 0000 0000 00000000
[  241735.678717] /dev/input/event1: 0003 0036 00003ccc
[  241735.678717] /dev/input/event1: 0000 0000 00000000
[  241735.690526] /dev/input/event1: 0003 0036 00003c88
[  241735.690526] /dev/input/event1: 0000 0000 00000000
[  241735.694462] /dev/input/event1: 0003 0036 00003c21
[  241735.694462] /dev/input/event1: 0000 0000 00000000
[  241735.706559] /dev/input/event1: 0003 0036 00003bcc
[  241735.706559] /dev/input/event1: 0000 0000 00000000
[  241735.710378] /dev/input/event1: 0003 0036 00003b88
[  241735.710378] /dev/input/event1: 0000 0000 00000000
[  241735.722879] /dev/input/event1: 0003 0036 00003b54
[  241735.722879] /dev/input/event1: 0000 0000 00000000
[  241735.726367] /dev/input/event1: 0003 0036 00003aff
[  241735.726367] /dev/input/event1: 0000 0000 00000000
[  241735.738521] /dev/input/event1: 0003 0036 00003a99
[  241735.738521] /dev/input/event1: 0000 0000 00000000
[  241735.742307] /dev/input/event1: 0003 0036 00003a54
[  241735.742307] /dev/input/event1: 0000 0000 00000000
[  241735.754426] /dev/input/event1: 0003 0036 000039ff
[  241735.754426] /dev/input/event1: 0000 0000 00000000
[  241735.759272] /dev/input/event1: 0003 0036 000039bb
[  241735.759272] /dev/input/event1: 0000 0000 00000000
[  241735.770516] /dev/input/event1: 0003 0036 00003954
[  241735.770516] /dev/input/event1: 0000 0000 00000000
[  241735.775128] /dev/input/event1: 0003 0036 000038ff
[  241735.775128] /dev/input/event1: 0000 0000 00000000
[  241735.787671] /dev/input/event1: 0003 0035 000036c0
[  241735.787671] /dev/input/event1: 0003 0036 000038bb
[  241735.787671] /dev/input/event1: 0000 0000 00000000
[  241735.790491] /dev/input/event1: 0003 0036 00003854
[  241735.790491] /dev/input/event1: 0000 0000 00000000
[  241735.802522] /dev/input/event1: 0003 0036 000037ff
[  241735.802522] /dev/input/event1: 0000 0000 00000000
[  241735.806400] /dev/input/event1: 0003 0035 000036a2
[  241735.806400] /dev/input/event1: 0003 0036 00003799
[  241735.806400] /dev/input/event1: 0000 0000 00000000
[  241735.819199] /dev/input/event1: 0003 0035 00003665
[  241735.819199] /dev/input/event1: 0003 0036 00003732
[  241735.819199] /dev/input/event1: 0000 0000 00000000
[  241735.824844] /dev/input/event1: 0003 0036 000036cc
[  241735.824844] /dev/input/event1: 0000 0000 00000000
[  241735.834563] /dev/input/event1: 0003 0036 00003665
[  241735.834563] /dev/input/event1: 0000 0000 00000000
[  241735.839120] /dev/input/event1: 0003 0036 00003621
[  241735.839120] /dev/input/event1: 0000 0000 00000000
[  241735.850994] /dev/input/event1: 0003 0036 000035cc
[  241735.850994] /dev/input/event1: 0000 0000 00000000
[  241735.854442] /dev/input/event1: 0003 0036 00003588
[  241735.854442] /dev/input/event1: 0000 0000 00000000
[  241735.867024] /dev/input/event1: 0003 0036 00003521
[  241735.867024] /dev/input/event1: 0000 0000 00000000
[  241735.871082] /dev/input/event1: 0003 0035 00003684
[  241735.871082] /dev/input/event1: 0003 0036 00003499
[  241735.871082] /dev/input/event1: 0000 0000 00000000
[  241735.884124] /dev/input/event1: 0003 0036 00003421
[  241735.884124] /dev/input/event1: 0000 0000 00000000
[  241735.887155] /dev/input/event1: 0003 0035 000036c0
[  241735.887155] /dev/input/event1: 0003 0036 00003399
[  241735.887155] /dev/input/event1: 0000 0000 00000000
[  241735.898531] /dev/input/event1: 0003 0035 000036df
[  241735.898531] /dev/input/event1: 0003 0036 000032ff
[  241735.898531] /dev/input/event1: 0000 0000 00000000
[  241735.903839] /dev/input/event1: 0003 0035 0000371c
[  241735.903839] /dev/input/event1: 0003 0036 00003254
[  241735.903839] /dev/input/event1: 0000 0000 00000000
[  241735.915059] /dev/input/event1: 0003 0035 0000373a
[  241735.915059] /dev/input/event1: 0003 0036 00003199
[  241735.915059] /dev/input/event1: 0000 0000 00000000
[  241735.918853] /dev/input/event1: 0003 0036 000030ff
[  241735.918853] /dev/input/event1: 0000 0000 00000000
[  241735.930656] /dev/input/event1: 0003 0035 00003777
[  241735.930656] /dev/input/event1: 0003 0036 00003066
[  241735.930656] /dev/input/event1: 0000 0000 00000000
[  241735.934611] /dev/input/event1: 0003 0035 00003795
[  241735.934611] /dev/input/event1: 0003 0036 00002fee
[  241735.934611] /dev/input/event1: 0000 0000 00000000
[  241735.946790] /dev/input/event1: 0003 0035 000037d2
[  241735.946790] /dev/input/event1: 0003 0036 00002f66
[  241735.946790] /dev/input/event1: 0000 0000 00000000
[  241735.950784] /dev/input/event1: 0003 0035 000037f0
[  241735.950784] /dev/input/event1: 0003 0036 00002eee
[  241735.950784] /dev/input/event1: 0000 0000 00000000
[  241735.962814] /dev/input/event1: 0003 0036 00002e66
[  241735.962814] /dev/input/event1: 0000 0000 00000000
[  241735.966601] /dev/input/event1: 0003 0035 0000382d
[  241735.966601] /dev/input/event1: 0003 0036 00002dff
[  241735.966601] /dev/input/event1: 0000 0000 00000000
[  241735.979266] /dev/input/event1: 0003 0035 0000384b
[  241735.979266] /dev/input/event1: 0003 0036 00002d99
[  241735.979266] /dev/input/event1: 0000 0000 00000000
[  241735.983377] /dev/input/event1: 0003 0035 00003888
[  241735.983377] /dev/input/event1: 0003 0036 00002d21
[  241735.983377] /dev/input/event1: 0000 0000 00000000
[  241735.994655] /dev/input/event1: 0003 0036 00002cbb
[  241735.994655] /dev/input/event1: 0000 0000 00000000
[  241735.999146] /dev/input/event1: 0003 0036 00002c54
[  241735.999146] /dev/input/event1: 0000 0000 00000000
[  241736.010612] /dev/input/event1: 0003 0035 000038a6
[  241736.010612] /dev/input/event1: 0003 0036 00002bff
[  241736.010612] /dev/input/event1: 0000 0000 00000000
[  241736.014783] /dev/input/event1: 0003 0036 00002bbb
[  241736.014783] /dev/input/event1: 0000 0000 00000000
[  241736.026855] /dev/input/event1: 0003 0035 000038e3
[  241736.026855] /dev/input/event1: 0003 0036 00002b66
[  241736.026855] /dev/input/event1: 0000 0000 00000000
[  241736.030534] /dev/input/event1: 0003 0036 00002b32
[  241736.030534] /dev/input/event1: 0000 0000 00000000
[  241736.043340] /dev/input/event1: 0003 0036 00002aff
[  241736.043340] /dev/input/event1: 0000 0000 00000000
[  241736.047123] /dev/input/event1: 0003 0036 00002acc
[  241736.047123] /dev/input/event1: 0000 0000 00000000
[  241736.058426] /dev/input/event1: 0003 0036 00002a99
[  241736.058426] /dev/input/event1: 0000 0000 00000000
[  241736.063735] /dev/input/event1: 0003 0036 00002a55
[  241736.063735] /dev/input/event1: 0000 0000 00000000
[  241736.075102] /dev/input/event1: 0003 0036 00002a21
[  241736.075102] /dev/input/event1: 0000 0000 00000000
[  241736.079331] /dev/input/event1: 0003 0036 000029ee
[  241736.079331] /dev/input/event1: 0000 0000 00000000
[  241736.092988] /dev/input/event1: 0003 0036 00002999
[  241736.092988] /dev/input/event1: 0000 0000 00000000
[  241736.096060] /dev/input/event1: 0003 0036 00002988
[  241736.096060] /dev/input/event1: 0000 0000 00000000
[  241736.106872] /dev/input/event1: 0003 0036 00002955
[  241736.106872] /dev/input/event1: 0000 0000 00000000
[  241736.110903] /dev/input/event1: 0003 0036 000028ff
[  241736.110903] /dev/input/event1: 0000 0000 00000000
[  241736.124415] /dev/input/event1: 0003 0035 00003901
[  241736.124415] /dev/input/event1: 0003 0036 000028ee
[  241736.124415] /dev/input/event1: 0000 0000 00000000
[  241736.126438] /dev/input/event1: 0003 0036 000028cc
[  241736.126438] /dev/input/event1: 0000 0000 00000000
[  241736.138503] /dev/input/event1: 0003 0035 0000393e
[  241736.138503] /dev/input/event1: 0003 0036 00002899
[  241736.138503] /dev/input/event1: 0000 0000 00000000
[  241736.143294] /dev/input/event1: 0003 0036 00002855
[  241736.143294] /dev/input/event1: 0000 0000 00000000
[  241736.155652] /dev/input/event1: 0003 0035 0000395c
[  241736.155652] /dev/input/event1: 0003 0036 00002821
[  241736.155652] /dev/input/event1: 0000 0000 00000000
[  241736.158450] /dev/input/event1: 0003 0036 000027ee
[  241736.158450] /dev/input/event1: 0000 0000 00000000
[  241736.170680] /dev/input/event1: 0003 0035 00003999
[  241736.170680] /dev/input/event1: 0003 0036 000027bb
[  241736.170680] /dev/input/event1: 0000 0000 00000000
[  241736.174468] /dev/input/event1: 0003 0036 00002766
[  241736.174468] /dev/input/event1: 0000 0000 00000000
[  241736.186592] /dev/input/event1: 0003 0036 00002732
[  241736.186592] /dev/input/event1: 0000 0000 00000000
[  241736.190540] /dev/input/event1: 0003 0036 000026ff
[  241736.190540] /dev/input/event1: 0000 0000 00000000
[  241736.203858] /dev/input/event1: 0003 0035 000039b7
[  241736.203858] /dev/input/event1: 0003 0036 000026bb
[  241736.203858] /dev/input/event1: 0000 0000 00000000
[  241736.206366] /dev/input/event1: 0003 0036 00002666
[  241736.206366] /dev/input/event1: 0000 0000 00000000
[  241736.221110] /dev/input/event1: 0003 0035 000039f4
[  241736.221110] /dev/input/event1: 0003 0036 00002632
[  241736.221110] /dev/input/event1: 0000 0000 00000000
[  241736.222465] /dev/input/event1: 0003 0036 000025ff
[  241736.222465] /dev/input/event1: 0000 0000 00000000
[  241736.235393] /dev/input/event1: 0003 0036 000025cc
[  241736.235393] /dev/input/event1: 0000 0000 00000000
[  241736.238378] /dev/input/event1: 0003 0036 000025bb
[  241736.238378] /dev/input/event1: 0000 0000 00000000
[  241736.251540] /dev/input/event1: 0003 0035 00003a12
[  241736.251540] /dev/input/event1: 0003 0036 00002588
[  241736.251540] /dev/input/event1: 0000 0000 00000000
[  241736.254709] /dev/input/event1: 0003 0036 00002532
[  241736.254709] /dev/input/event1: 0000 0000 00000000
[  241736.266614] /dev/input/event1: 0003 0036 000024ff
[  241736.266614] /dev/input/event1: 0000 0000 00000000
[  241736.270816] /dev/input/event1: 0003 0036 000024bb
[  241736.270816] /dev/input/event1: 0000 0000 00000000
[  241736.282492] /dev/input/event1: 0003 0036 00002466
[  241736.282492] /dev/input/event1: 0000 0000 00000000
[  241736.286355] /dev/input/event1: 0003 0036 00002432
[  241736.286355] /dev/input/event1: 0000 0000 00000000
[  241736.299420] /dev/input/event1: 0003 0036 000023ff
[  241736.299420] /dev/input/event1: 0000 0000 00000000
[  241736.303792] /dev/input/event1: 0003 0036 000023cc
[  241736.303792] /dev/input/event1: 0000 0000 00000000
[  241736.315399] /dev/input/event1: 0003 0036 00002399
[  241736.315399] /dev/input/event1: 0000 0000 00000000
[  241736.319412] /dev/input/event1: 0003 0036 00002366
[  241736.319412] /dev/input/event1: 0000 0000 00000000
[  241736.331164] /dev/input/event1: 0003 0036 00002332
[  241736.331164] /dev/input/event1: 0000 0000 00000000
[  241736.335103] /dev/input/event1: 0003 0036 000022ff
[  241736.335103] /dev/input/event1: 0000 0000 00000000
[  241736.347115] /dev/input/event1: 0003 0036 000022cc
[  241736.347115] /dev/input/event1: 0000 0000 00000000
[  241736.350822] /dev/input/event1: 0003 0036 000022bb
[  241736.350822] /dev/input/event1: 0000 0000 00000000
[  241736.364529] /dev/input/event1: 0003 0036 00002288
[  241736.364529] /dev/input/event1: 0000 0000 00000000
[  241736.366400] /dev/input/event1: 0003 0036 00002255
[  241736.366400] /dev/input/event1: 0000 0000 00000000
[  241736.378613] /dev/input/event1: 0003 0036 00002221
[  241736.378613] /dev/input/event1: 0000 0000 00000000
[  241736.382914] /dev/input/event1: 0003 0036 000021ee
[  241736.382914] /dev/input/event1: 0000 0000 00000000
[  241736.394601] /dev/input/event1: 0003 0036 000021bb
[  241736.394601] /dev/input/event1: 0000 0000 00000000
[  241736.398499] /dev/input/event1: 0003 0036 00002188
[  241736.398499] /dev/input/event1: 0000 0000 00000000
[  241736.411330] /dev/input/event1: 0003 0036 00002155
[  241736.411330] /dev/input/event1: 0000 0000 00000000
[  241736.414908] /dev/input/event1: 0003 0036 000020ff
[  241736.414908] /dev/input/event1: 0000 0000 00000000
[  241736.427358] /dev/input/event1: 0003 0036 000020cc
[  241736.427358] /dev/input/event1: 0000 0000 00000000
[  241736.430469] /dev/input/event1: 0003 0036 00002099
[  241736.430469] /dev/input/event1: 0000 0000 00000000
[  241736.442504] /dev/input/event1: 0003 0036 00002066
[  241736.442504] /dev/input/event1: 0000 0000 00000000
[  241736.446696] /dev/input/event1: 0003 0036 00002032
[  241736.446696] /dev/input/event1: 0000 0000 00000000
[  241736.459294] /dev/input/event1: 0003 0036 00001fee
[  241736.459294] /dev/input/event1: 0000 0000 00000000
[  241736.462356] /dev/input/event1: 0003 0036 00001fbb
[  241736.462356] /dev/input/event1: 0000 0000 00000000
[  241736.475357] /dev/input/event1: 0003 0036 00001f88
[  241736.475357] /dev/input/event1: 0000 0000 00000000
[  241736.480683] /dev/input/event1: 0003 0036 00001f55
[  241736.480683] /dev/input/event1: 0000 0000 00000000
[  241736.490521] /dev/input/event1: 0003 0036 00001f21
[  241736.490521] /dev/input/event1: 0000 0000 00000000
[  241736.496705] /dev/input/event1: 0003 0036 00001ebb
[  241736.496705] /dev/input/event1: 0000 0000 00000000
[  241736.506881] /dev/input/event1: 0003 0036 00001e88
[  241736.506881] /dev/input/event1: 0000 0000 00000000
[  241736.511932] /dev/input/event1: 0003 0036 00001e32
[  241736.511932] /dev/input/event1: 0000 0000 00000000
[  241736.522786] /dev/input/event1: 0003 0036 00001dee
[  241736.522786] /dev/input/event1: 0000 0000 00000000
[  241736.528164] /dev/input/event1: 0003 0036 00001d99
[  241736.528164] /dev/input/event1: 0000 0000 00000000
[  241736.539967] /dev/input/event1: 0003 0036 00001d55
[  241736.539967] /dev/input/event1: 0000 0000 00000000
[  241736.542372] /dev/input/event1: 0003 0036 00001cff
[  241736.542372] /dev/input/event1: 0000 0000 00000000
[  241736.555361] /dev/input/event1: 0003 0036 00001cbb
[  241736.555361] /dev/input/event1: 0000 0000 00000000
[  241736.559077] /dev/input/event1: 0003 0036 00001c66
[  241736.559077] /dev/input/event1: 0000 0000 00000000
[  241736.570572] /dev/input/event1: 0003 0036 00001bff
[  241736.570572] /dev/input/event1: 0000 0000 00000000
[  241736.574613] /dev/input/event1: 0003 0036 00001bbb
[  241736.574613] /dev/input/event1: 0000 0000 00000000
[  241736.588043] /dev/input/event1: 0003 0036 00001b66
[  241736.588043] /dev/input/event1: 0000 0000 00000000
[  241736.591083] /dev/input/event1: 0003 0036 00001b32
[  241736.591083] /dev/input/event1: 0000 0000 00000000
[  241736.602442] /dev/input/event1: 0003 0036 00001aee
[  241736.602442] /dev/input/event1: 0000 0000 00000000
[  241736.606938] /dev/input/event1: 0003 0036 00001abb
[  241736.606938] /dev/input/event1: 0000 0000 00000000
[  241736.619259] /dev/input/event1: 0003 0036 00001a88
[  241736.619259] /dev/input/event1: 0000 0000 00000000
[  241736.622472] /dev/input/event1: 0003 0036 00001a55
[  241736.622472] /dev/input/event1: 0000 0000 00000000
[  241736.634572] /dev/input/event1: 0003 0036 00001a21
[  241736.634572] /dev/input/event1: 0000 0000 00000000
[  241736.638561] /dev/input/event1: 0003 0036 000019ee
[  241736.638561] /dev/input/event1: 0000 0000 00000000
[  241736.651415] /dev/input/event1: 0003 0035 000039f4
[  241736.651415] /dev/input/event1: 0003 0036 000019bb
[  241736.651415] /dev/input/event1: 0000 0000 00000000
[  241736.655800] /dev/input/event1: 0003 0036 00001988
[  241736.655800] /dev/input/event1: 0000 0000 00000000
[  241736.666604] /dev/input/event1: 0003 0036 00001966
[  241736.666604] /dev/input/event1: 0000 0000 00000000
[  241736.670607] /dev/input/event1: 0003 0036 00001955
[  241736.670607] /dev/input/event1: 0000 0000 00000000
[  241736.684698] /dev/input/event1: 0003 0036 00001933
[  241736.684698] /dev/input/event1: 0000 0000 00000000
[  241736.700678] /dev/input/event1: 0003 0036 00001921
[  241736.700678] /dev/input/event1: 0000 0000 00000000
[  241736.717327] /dev/input/event1: 0003 0036 000018ff
[  241736.717327] /dev/input/event1: 0000 0000 00000000
[  241737.293058] /dev/input/event1: 0003 003a 00000000
[  241737.293058] /dev/input/event1: 0003 0039 ffffffff
[  241737.293058] /dev/input/event1: 0000 0000 00000000
[  241739.569799] /dev/input/event1: 0003 0039 00000000
[  241739.569799] /dev/input/event1: 0003 0030 00000122
[  241739.569799] /dev/input/event1: 0003 003a 00000081
[  241739.569799] /dev/input/event1: 0003 0035 0000160b
[  241739.569799] /dev/input/event1: 0003 0036 000033ff
[  241739.569799] /dev/input/event1: 0000 0000 00000000
[  241739.662952] /dev/input/event1: 0003 003a 00000000
[  241739.662952] /dev/input/event1: 0003 0039 ffffffff
[  241739.662952] /dev/input/event1: 0000 0000 00000000
[  241741.414523] /dev/input/event1: 0003 0039 00000000
[  241741.414523] /dev/input/event1: 0003 0030 00000123
[  241741.414523] /dev/input/event1: 0003 003a 00000081
[  241741.414523] /dev/input/event1: 0003 0035 000028e3
[  241741.414523] /dev/input/event1: 0003 0036 00003965
[  241741.414523] /dev/input/event1: 0000 0000 00000000
[  241741.506911] /dev/input/event1: 0003 003a 00000000
[  241741.506911] /dev/input/event1: 0003 0039 ffffffff
[  241741.506911] /dev/input/event1: 0000 0000 00000000
[  241744.969917] /dev/input/event1: 0003 0039 00000000
[  241744.969917] /dev/input/event1: 0003 0030 00000124
[  241744.969917] /dev/input/event1: 0003 003a 00000081
[  241744.969917] /dev/input/event1: 0003 0035 00000ed0
[  241744.969917] /dev/input/event1: 0003 0036 00005a87
[  241744.969917] /dev/input/event1: 0000 0000 00000000
[  241745.081061] /dev/input/event1: 0003 003a 00000000
[  241745.081061] /dev/input/event1: 0003 0039 ffffffff
[  241745.081061] /dev/input/event1: 0000 0000 00000000
[  241745.788202] /dev/input/event1: 0003 0039 00000000
[  241745.788202] /dev/input/event1: 0003 0030 00000125
[  241745.788202] /dev/input/event1: 0003 003a 00000081
[  241745.788202] /dev/input/event1: 0003 0035 0000271c
[  241745.788202] /dev/input/event1: 0003 0036 00005b32
[  241745.788202] /dev/input/event1: 0000 0000 00000000
[  241745.865118] /dev/input/event1: 0003 003a 00000000
[  241745.865118] /dev/input/event1: 0003 0039 ffffffff
[  241745.865118] /dev/input/event1: 0000 0000 00000000
[  241746.596127] /dev/input/event1: 0003 0039 00000000
[  241746.596127] /dev/input/event1: 0003 0030 00000126
[  241746.596127] /dev/input/event1: 0003 003a 00000081
[  241746.596127] /dev/input/event1: 0000 0000 00000000
[  241746.708493] /dev/input/event1: 0003 003a 00000000
[  241746.708493] /dev/input/event1: 0003 0039 ffffffff
[  241746.708493] /dev/input/event1: 0000 0000 00000000
[  241749.320995] /dev/input/event1: 0003 0039 00000000
[  241749.320995] /dev/input/event1: 0003 0030 00000127
[  241749.320995] /dev/input/event1: 0003 003a 00000081
[  241749.320995] /dev/input/event1: 0003 0035 000014bd
[  241749.320995] /dev/input/event1: 0003 0036 000027cc
[  241749.320995] /dev/input/event1: 0000 0000 00000000
[  241749.446993] /dev/input/event1: 0003 003a 00000000
[  241749.446993] /dev/input/event1: 0003 0039 ffffffff
[  241749.446993] /dev/input/event1: 0000 0000 00000000
[  241751.043151] /dev/input/event1: 0003 0039 00000000
[  241751.043151] /dev/input/event1: 0003 0030 00000128
[  241751.043151] /dev/input/event1: 0003 003a 00000081
[  241751.043151] /dev/input/event1: 0003 0035 0000116b
[  241751.043151] /dev/input/event1: 0003 0036 00005076
[  241751.043151] /dev/input/event1: 0000 0000 00000000
[  241751.137635] /dev/input/event1: 0003 003a 00000000
[  241751.137635] /dev/input/event1: 0003 0039 ffffffff
[  241751.137635] /dev/input/event1: 0000 0000 00000000
[  241753.022393] /dev/input/event1: 0003 0039 00000000
[  241753.022393] /dev/input/event1: 0003 0030 00000129
[  241753.022393] /dev/input/event1: 0003 003a 00000081
[  241753.022393] /dev/input/event1: 0003 0035 00006ac8
[  241753.022393] /dev/input/event1: 0003 0036 00003599
[  241753.022393] /dev/input/event1: 0000 0000 00000000
[  241753.131742] /dev/input/event1: 0003 003a 00000000
[  241753.131742] /dev/input/event1: 0003 0039 ffffffff
[  241753.131742] /dev/input/event1: 0000 0000 00000000
[  241755.257376] /dev/input/event1: 0003 0039 00000000
[  241755.257376] /dev/input/event1: 0003 0030 0000012a
[  241755.257376] /dev/input/event1: 0003 003a 00000081
[  241755.257376] /dev/input/event1: 0003 0035 00001647
[  241755.257376] /dev/input/event1: 0003 0036 00005698
[  241755.257376] /dev/input/event1: 0000 0000 00000000
[  241755.351100] /dev/input/event1: 0003 003a 00000000
[  241755.351100] /dev/input/event1: 0003 0039 ffffffff
[  241755.351100] /dev/input/event1: 0000 0000 00000000
[  241757.574843] /dev/input/event1: 0003 0039 00000000
[  241757.574843] /dev/input/event1: 0003 0030 0000012b
[  241757.574843] /dev/input/event1: 0003 003a 00000081
[  241757.574843] /dev/input/event1: 0003 0035 000038e3
[  241757.574843] /dev/input/event1: 0003 0036 000051ee
[  241757.574843] /dev/input/event1: 0000 0000 00000000
[  241757.651052] /dev/input/event1: 0003 003a 00000000
[  241757.651052] /dev/input/event1: 0003 0039 ffffffff
[  241757.651052] /dev/input/event1: 0000 0000 00000000
[  241758.197469] /dev/input/event1: 0003 0039 00000000
[  241758.197469] /dev/input/event1: 0003 0030 0000012c
[  241758.197469] /dev/input/event1: 0003 003a 00000081
[  241758.197469] /dev/input/event1: 0003 0035 0000205a
[  241758.197469] /dev/input/event1: 0003 0036 00005187
[  241758.197469] /dev/input/event1: 0000 0000 00000000
[  241758.292179] /dev/input/event1: 0003 003a 00000000
[  241758.292179] /dev/input/event1: 0003 0039 ffffffff
[  241758.292179] /dev/input/event1: 0000 0000 00000000
[  241758.823538] /dev/input/event1: 0003 0039 00000000
[  241758.823538] /dev/input/event1: 0003 0030 0000012d
[  241758.823538] /dev/input/event1: 0003 003a 00000081
[  241758.823538] /dev/input/event1: 0003 0035 000019d6
[  241758.823538] /dev/input/event1: 0003 0036 00005b98
[  241758.823538] /dev/input/event1: 0000 0000 00000000
[  241758.900057] /dev/input/event1: 0003 003a 00000000
[  241758.900057] /dev/input/event1: 0003 0039 ffffffff
[  241758.900057] /dev/input/event1: 0000 0000 00000000
[  241759.944913] /dev/input/event1: 0003 0039 00000000
[  241759.944913] /dev/input/event1: 0003 0030 0000012e
[  241759.944913] /dev/input/event1: 0003 003a 00000081
[  241759.944913] /dev/input/event1: 0003 0035 000039d5
[  241759.944913] /dev/input/event1: 0003 0036 00005121
[  241759.944913] /dev/input/event1: 0000 0000 00000000
[  241760.005005] /dev/input/event1: 0003 003a 00000000
[  241760.005005] /dev/input/event1: 0003 0039 ffffffff
[  241760.005005] /dev/input/event1: 0000 0000 00000000
[  241761.417738] /dev/input/event1: 0003 0039 00000000
[  241761.417738] /dev/input/event1: 0003 0030 0000012f
[  241761.417738] /dev/input/event1: 0003 003a 00000081
[  241761.417738] /dev/input/event1: 0003 0035 0000701d
[  241761.417738] /dev/input/event1: 0003 0036 00003c43
[  241761.417738] /dev/input/event1: 0000 0000 00000000
[  241761.527094] /dev/input/event1: 0003 003a 00000000
[  241761.527094] /dev/input/event1: 0003 0039 ffffffff
[  241761.527094] /dev/input/event1: 0000 0000 00000000
[  241765.728825] /dev/input/event1: 0003 0039 00000000
[  241765.728825] /dev/input/event1: 0003 0030 00000130
[  241765.728825] /dev/input/event1: 0003 003a 00000081
[  241765.728825] /dev/input/event1: 0003 0035 0000471b
[  241765.728825] /dev/input/event1: 0003 0036 00001399
[  241765.728825] /dev/input/event1: 0000 0000 00000000
[  241765.864220] /dev/input/event1: 0003 003a 00000000
[  241765.864220] /dev/input/event1: 0003 0039 ffffffff
[  241765.864220] /dev/input/event1: 0000 0000 00000000
[  241768.983363] /dev/input/event1: 0003 0039 00000000
[  241768.983363] /dev/input/event1: 0003 0030 00000131
[  241768.983363] /dev/input/event1: 0003 003a 00000081
[  241768.983363] /dev/input/event1: 0003 0035 000031a8
[  241768.983363] /dev/input/event1: 0003 0036 00003032
[  241768.983363] /dev/input/event1: 0000 0000 00000000
[  241769.075182] /dev/input/event1: 0003 003a 00000000
[  241769.075182] /dev/input/event1: 0003 0039 ffffffff
[  241769.075182] /dev/input/event1: 0000 0000 00000000
[  241771.904817] /dev/input/event1: 0003 0039 00000000
[  241771.904817] /dev/input/event1: 0003 0030 00000132
[  241771.904817] /dev/input/event1: 0003 003a 00000081
[  241771.904817] /dev/input/event1: 0003 0035 00002425
[  241771.904817] /dev/input/event1: 0003 0036 00005165
[  241771.904817] /dev/input/event1: 0000 0000 00000000
[  241772.015017] /dev/input/event1: 0003 003a 00000000
[  241772.015017] /dev/input/event1: 0003 0039 ffffffff
[  241772.015017] /dev/input/event1: 0000 0000 00000000
[  241773.676249] /dev/input/event1: 0003 0039 00000000
[  241773.676249] /dev/input/event1: 0003 0030 00000133
[  241773.676249] /dev/input/event1: 0003 003a 00000081
[  241773.676249] /dev/input/event1: 0003 0035 000023e8
[  241773.676249] /dev/input/event1: 0003 0036 00004c87
[  241773.676249] /dev/input/event1: 0000 0000 00000000
[  241773.787498] /dev/input/event1: 0003 003a 00000000
[  241773.787498] /dev/input/event1: 0003 0039 ffffffff
[  241773.787498] /dev/input/event1: 0000 0000 00000000
[    4759.235134] /dev/input/event1: 0003 0039 00000000
[    4759.235134] /dev/input/event1: 0003 0030 00000095
[    4759.235134] /dev/input/event1: 0003 003a 00000081
[    4759.235134] /dev/input/event1: 0003 0035 000059d5
[    4759.235134] /dev/input/event1: 0003 0036 000066a9
[    4759.235134] /dev/input/event1: 0000 0000 00000000
[    4759.313007] /dev/input/event1: 0003 003a 00000000
[    4759.313007] /dev/input/event1: 0003 0039 ffffffff
[    4759.313007] /dev/input/event1: 0000 0000 00000000
[    4760.990153] /dev/input/event1: 0003 0039 00000000
[    4760.990153] /dev/input/event1: 0003 0030 00000096
[    4760.990153] /dev/input/event1: 0003 003a 00000081
[    4760.990153] /dev/input/event1: 0003 0035 00006d63
[    4760.990153] /dev/input/event1: 0003 0036 00005065
[    4760.990153] /dev/input/event1: 0000 0000 00000000
[    4761.044638] /dev/input/event1: 0003 003a 00000000
[    4761.044638] /dev/input/event1: 0003 0039 ffffffff
[    4761.044638] /dev/input/event1: 0000 0000 00000000
[    4762.645119] /dev/input/event1: 0003 0039 00000000
[    4762.645119] /dev/input/event1: 0003 0030 00000097
[    4762.645119] /dev/input/event1: 0003 003a 00000081
[    4762.645119] /dev/input/event1: 0003 0035 000039d5
[    4762.645119] /dev/input/event1: 0003 0036 000050ff
[    4762.645119] /dev/input/event1: 0000 0000 00000000
[    4762.709558] /dev/input/event1: 0003 003a 00000000
[    4762.709558] /dev/input/event1: 0003 0039 ffffffff
[    4762.709558] /dev/input/event1: 0000 0000 00000000
[    4764.511851] /dev/input/event1: 0003 0039 00000000
[    4764.511851] /dev/input/event1: 0003 0030 00000098
[    4764.511851] /dev/input/event1: 0003 003a 00000081
[    4764.511851] /dev/input/event1: 0003 0035 00002079
[    4764.511851] /dev/input/event1: 0003 0036 00005087
[    4764.511851] /dev/input/event1: 0000 0000 00000000
[    4764.566306] /dev/input/event1: 0003 003a 00000000
[    4764.566306] /dev/input/event1: 0003 0039 ffffffff
[    4764.566306] /dev/input/event1: 0000 0000 00000000
[    4767.358336] /dev/input/event1: 0003 0039 00000000
[    4767.358336] /dev/input/event1: 0003 0030 00000099
[    4767.358336] /dev/input/event1: 0003 003a 00000081
[    4767.358336] /dev/input/event1: 0003 0035 00006a4e
[    4767.358336] /dev/input/event1: 0003 0036 00003eff
[    4767.358336] /dev/input/event1: 0000 0000 00000000
[    4767.459405] /dev/input/event1: 0003 003a 00000000
[    4767.459405] /dev/input/event1: 0003 0039 ffffffff
[    4767.459405] /dev/input/event1: 0000 0000 00000000