add device 1: /dev/input/event0
  name:     "Power Button"
add device 2: /dev/input/event1
  name:     "qwerty2"
[    2384.699480] /dev/input/event1: 0003 0039 00000000
[    2384.699480] /dev/input/event1: 0003 0030 0000004a
[    2384.699480] /dev/input/event1: 0003 003a 00000081
[    2384.699480] /dev/input/event1: 0003 0035 00005d27
[    2384.699480] /dev/input/event1: 0003 0036 00004821
[    2384.699480] /dev/input/event1: 0000 0000 00000000
[    2384.788965] /dev/input/event1: 0003 003a 00000000
[    2384.788965] /dev/input/event1: 0003 0039 ffffffff
[    2384.788965] /dev/input/event1: 0000 0000 00000000
[    2387.218701] /dev/input/event1: 0003 0039 00000000
[    2387.218701] /dev/input/event1: 0003 0030 0000004b
[    2387.218701] /dev/input/event1: 0003 003a 00000081
[    2387.218701] /dev/input/event1: 0003 0035 00006fa4
[    2387.218701] /dev/input/event1: 0003 0036 00006ecb
[    2387.218701] /dev/input/event1: 0000 0000 00000000
[    2387.219148] /dev/input/event1: 0003 0035 00006f67
[    2387.219148] /dev/input/event1: 0000 0000 00000000
[    2387.353293] /dev/input/event1: 0003 003a 00000000
[    2387.353293] /dev/input/event1: 0003 0039 ffffffff
[    2387.353293] /dev/input/event1: 0000 0000 00000000
[    2388.703583] /dev/input/event1: 0003 0039 00000000
[    2388.703583] /dev/input/event1: 0003 0030 0000004c
[    2388.703583] /dev/input/event1: 0003 003a 00000081
[    2388.703583] /dev/input/event1: 0003 0035 00002b60
[    2388.703583] /dev/input/event1: 0003 0036 00002088
[    2388.703583] /dev/input/event1: 0000 0000 00000000
[    2388.794561] /dev/input/event1: 0003 003a 00000000
[    2388.794561] /dev/input/event1: 0003 0039 ffffffff
[    2388.794561] /dev/input/event1: 0000 0000 00000000
[    2389.873728] /dev/input/event1: 0003 0039 00000000
[    2389.873728] /dev/input/event1: 0003 0030 0000004d
[    2389.873728] /dev/input/event1: 0003 003a 00000081
[    2389.873728] /dev/input/event1: 0003 0035 00000e75
[    2389.873728] /dev/input/event1: 0003 0036 00005b43
[    2389.873728] /dev/input/event1: 0000 0000 00000000
[    2389.963129] /dev/input/event1: 0003 003a 00000000
[    2389.963129] /dev/input/event1: 0003 0039 ffffffff
[    2389.963129] /dev/input/event1: 0000 0000 00000000
[    2392.044046] /dev/input/event1: 0003 0039 00000000
[    2392.044046] /dev/input/event1: 0003 0030 0000004e
[    2392.044046] /dev/input/event1: 0003 003a 00000081
[    2392.044046] /dev/input/event1: 0003 0035 00001647
[    2392.044046] /dev/input/event1: 0003 0036 000031aa
[    2392.044046] /dev/input/event1: 0000 0000 00000000
[    2392.124184] /dev/input/event1: 0003 003a 00000000
[    2392.124184] /dev/input/event1: 0003 0039 ffffffff
[    2392.124184] /dev/input/event1: 0000 0000 00000000
[    2393.519343] /dev/input/event1: 0003 0039 00000000
[    2393.519343] /dev/input/event1: 0003 0030 0000004f
[    2393.519343] /dev/input/event1: 0003 003a 00000081
[    2393.519343] /dev/input/event1: 0003 0035 00004d63
[    2393.519343] /dev/input/event1: 0003 0036 000067a9
[    2393.519343] /dev/input/event1: 0000 0000 00000000
[    2393.596115] /dev/input/event1: 0003 0036 000067cb
[    2393.596115] /dev/input/event1: 0000 0000 00000000
[    2393.621506] /dev/input/event1: 0003 003a 00000000
[    2393.621506] /dev/input/event1: 0003 0039 ffffffff
[    2393.621506] /dev/input/event1: 0000 0000 00000000
[    2394.914373] /dev/input/event1: 0003 0039 00000000
[    2394.914373] /dev/input/event1: 0003 0030 00000050
[    2394.914373] /dev/input/event1: 0003 003a 00000081
[    2394.914373] /dev/input/event1: 0003 0035 000007d2
[    2394.914373] /dev/input/event1: 0003 0036 00000944
[    2394.914373] /dev/input/event1: 0000 0000 00000000
[    2395.004697] /dev/input/event1: 0003 003a 00000000
[    2395.004697] /dev/input/event1: 0003 0039 ffffffff
[    2395.004697] /dev/input/event1: 0000 0000 00000000
[    2396.612071] /dev/input/event1: 0003 0039 00000000
[    2396.612071] /dev/input/event1: 0003 0030 00000051
[    2396.612071] /dev/input/event1: 0003 003a 00000081
[    2396.612071] /dev/input/event1: 0003 0035 00005eee
[    2396.612071] /dev/input/event1: 0003 0036 00001521
[    2396.612071] /dev/input/event1: 0000 0000 00000000
[    2396.724889] /dev/input/event1: 0003 003a 00000000
[    2396.724889] /dev/input/event1: 0003 0039 ffffffff
[    2396.724889] /dev/input/event1: 0000 0000 00000000
[    2398.029416] /dev/input/event1: 0003 0039 00000000
[    2398.029416] /dev/input/event1: 0003 0030 00000052
[    2398.029416] /dev/input/event1: 0003 003a 00000081
[    2398.029416] /dev/input/event1: 0003 0035 000079d5
[    2398.029416] /dev/input/event1: 0003 0036 00000a22
[    2398.029416] /dev/input/event1: 0000 0000 00000000
[    2398.131500] /dev/input/event1: 0003 003a 00000000
[    2398.131500] /dev/input/event1: 0003 0039 ffffffff
[    2398.131500] /dev/input/event1: 0000 0000 00000000
[    2399.155738] /dev/input/event1: 0003 0039 00000000
[    2399.155738] /dev/input/event1: 0003 0030 00000053
[    2399.155738] /dev/input/event1: 0003 003a 00000081
[    2399.155738] /dev/input/event1: 0003 0035 00005443
[    2399.155738] /dev/input/event1: 0000 0000 00000000
[    2399.257197] /dev/input/event1: 0003 003a 00000000
[    2399.257197] /dev/input/event1: 0003 0039 ffffffff
[    2399.257197] /dev/input/event1: 0000 0000 00000000
[    2402.710512] /dev/input/event1: 0003 0039 00000000
[    2402.710512] /dev/input/event1: 0003 0030 00000054
[    2402.710512] /dev/input/event1: 0003 003a 00000081
[    2402.710512] /dev/input/event1: 0003 0035 00005591
[    2402.710512] /dev/input/event1: 0003 0036 00001821
[    2402.710512] /dev/input/event1: 0000 0000 00000000
[    2402.822891] /dev/input/event1: 0003 003a 00000000
[    2402.822891] /dev/input/event1: 0003 0039 ffffffff
[    2402.822891] /dev/input/event1: 0000 0000 00000000
[    2407.244516] /dev/input/event1: 0003 0039 00000000
[    2407.244516] /dev/input/event1: 0003 0030 00000055
[    2407.244516] /dev/input/event1: 0003 003a 00000081
[    2407.244516] /dev/input/event1: 0003 0035 00007998
[    2407.244516] /dev/input/event1: 0003 0036 00000988
[    2407.244516] /dev/input/event1: 0000 0000 00000000
[    2407.368112] /dev/input/event1: 0003 003a 00000000
[    2407.368112] /dev/input/event1: 0003 0039 ffffffff
[    2407.368112] /dev/input/event1: 0000 0000 00000000
[    2410.168696] /dev/input/event1: 0003 0039 00000000
[    2410.168696] /dev/input/event1: 0003 0030 00000056
[    2410.168696] /dev/input/event1: 0003 003a 00000081
[    2410.168696] /dev/input/event1: 0003 0035 000056c0
[    2410.168696] /dev/input/event1: 0003 0036 000011aa
[    2410.168696] /dev/input/event1: 0000 0000 00000000
[    2410.281486] /dev/input/event1: 0003 003a 00000000
[    2410.281486] /dev/input/event1: 0003 0039 ffffffff
[    2410.281486] /dev/input/event1: 0000 0000 00000000
[    2411.832356] /dev/input/event1: 0003 0039 00000000
[    2411.832356] /dev/input/event1: 0003 0030 00000057
[    2411.832356] /dev/input/event1: 0003 003a 00000081
[    2411.832356] /dev/input/event1: 0003 0035 0000480e
[    2411.832356] /dev/input/event1: 0003 0036 000043cc
[    2411.832356] /dev/input/event1: 0000 0000 00000000
[    2411.945309] /dev/input/event1: 0003 003a 00000000
[    2411.945309] /dev/input/event1: 0003 0039 ffffffff
[    2411.945309] /dev/input/event1: 0000 0000 00000000
[    2414.556388] /dev/input/event1: 0003 0039 00000000
[    2414.556388] /dev/input/event1: 0003 0030 00000058
[    2414.556388] /dev/input/event1: 0003 003a 00000081
[    2414.556388] /dev/input/event1: 0003 0035 00006078
[    2414.556388] /dev/input/event1: 0003 0036 000017cc
[    2414.556388] /dev/input/event1: 0000 0000 00000000
[    2414.680914] /dev/input/event1: 0003 003a 00000000
[    2414.680914] /dev/input/event1: 0003 0039 ffffffff
[    2414.680914] /dev/input/event1: 0000 0000 00000000
[    2416.703759] /dev/input/event1: 0003 0039 00000000
[    2416.703759] /dev/input/event1: 0003 0030 00000059
[    2416.703759] /dev/input/event1: 0003 003a 00000081
[    2416.703759] /dev/input/event1: 0003 0035 0000784a
[    2416.703759] /dev/input/event1: 0003 0036 000009aa
[    2416.703759] /dev/input/event1: 0000 0000 00000000
[    2416.818035] /dev/input/event1: 0003 003a 00000000
[    2416.818035] /dev/input/event1: 0003 0039 ffffffff
[    2416.818035] /dev/input/event1: 0000 0000 00000000
[    2419.168950] /dev/input/event1: 0003 0039 00000000
[    2419.168950] /dev/input/event1: 0003 0030 0000005a
[    2419.168950] /dev/input/event1: 0003 003a 00000081
[    2419.168950] /dev/input/event1: 0003 0035 00004da0
[    2419.168950] /dev/input/event1: 0003 0036 00001acc
[    2419.168950] /dev/input/event1: 0000 0000 00000000
[    2419.269308] /dev/input/event1: 0003 003a 00000000
[    2419.269308] /dev/input/event1: 0003 0039 ffffffff
[    2419.269308] /dev/input/event1: 0000 0000 00000000
[    2420.857431] /dev/input/event1: 0003 0039 00000000
[    2420.857431] /dev/input/event1: 0003 0030 0000005b
[    2420.857431] /dev/input/event1: 0003 003a 00000081
[    2420.857431] /dev/input/event1: 0003 0035 00006998
[    2420.857431] /dev/input/event1: 0003 0036 00004887
[    2420.857431] /dev/input/event1: 0000 0000 00000000
[    2420.957832] /dev/input/event1: 0003 0036 000048aa
[    2420.957832] /dev/input/event1: 0000 0000 00000000
[    2420.978836] /dev/input/event1: 0003 003a 00000000
[    2420.978836] /dev/input/event1: 0003 0039 ffffffff
[    2420.978836] /dev/input/event1: 0000 0000 00000000