add device 1: /dev/input/event0
  name:     "Power Button"
add device 2: /dev/input/event1
  name:     "qwerty2"
[  241887.409245] /dev/input/event1: 0003 0039 00000000
[  241887.409245] /dev/input/event1: 0003 0030 00000147
[  241887.409245] /dev/input/event1: 0003 003a 00000081
[  241887.409245] /dev/input/event1: 0003 0035 00005ddd
[  241887.409245] /dev/input/event1: 0003 0036 000048cc
[  241887.409245] /dev/input/event1: 0000 0000 00000000
[  241887.508027] /dev/input/event1: 0003 003a 00000000
[  241887.508027] /dev/input/event1: 0003 0039 ffffffff
[  241887.508027] /dev/input/event1: 0000 0000 00000000
[  241889.449987] /dev/input/event1: 0003 0039 00000000
[  241889.449987] /dev/input/event1: 0003 0030 00000148
[  241889.449987] /dev/input/event1: 0003 003a 00000081
[  241889.449987] /dev/input/event1: 0003 0035 00007425
[  241889.449987] /dev/input/event1: 0003 0036 000070cb
[  241889.449987] /dev/input/event1: 0000 0000 00000000
[  241889.543960] /dev/input/event1: 0003 003a 00000000
[  241889.543960] /dev/input/event1: 0003 0039 ffffffff
[  241889.543960] /dev/input/event1: 0000 0000 00000000
[  241892.226935] /dev/input/event1: 0003 0039 00000000
[  241892.226935] /dev/input/event1: 0003 0030 00000149
[  241892.226935] /dev/input/event1: 0003 003a 00000081
[  241892.226935] /dev/input/event1: 0003 0035 000078e2
[  241892.226935] /dev/input/event1: 0003 0036 00005087
[  241892.226935] /dev/input/event1: 0000 0000 00000000
[  241892.321512] /dev/input/event1: 0003 003a 00000000
[  241892.321512] /dev/input/event1: 0003 0039 ffffffff
[  241892.321512] /dev/input/event1: 0000 0000 00000000
[  241892.933100] /dev/input/event1: 0003 0039 00000000
[  241892.933100] /dev/input/event1: 0003 0030 0000014a
[  241892.933100] /dev/input/event1: 0003 003a 00000081
[  241892.933100] /dev/input/event1: 0003 0035 00007313
[  241892.933100] /dev/input/event1: 0003 0036 00005add
[  241892.933100] /dev/input/event1: 0000 0000 00000000
[  241893.011394] /dev/input/event1: 0003 003a 00000000
[  241893.011394] /dev/input/event1: 0003 0039 ffffffff
[  241893.011394] /dev/input/event1: 0000 0000 00000000
[  241894.150795] /dev/input/event1: 0003 0039 00000000
[  241894.150795] /dev/input/event1: 0003 0030 0000014b
[  241894.150795] /dev/input/event1: 0003 003a 00000081
[  241894.150795] /dev/input/event1: 0003 0035 00000b05
[  241894.150795] /dev/input/event1: 0003 0036 00005a32
[  241894.150795] /dev/input/event1: 0000 0000 00000000
[  241894.245351] /dev/input/event1: 0003 003a 00000000
[  241894.245351] /dev/input/event1: 0003 0039 ffffffff
[  241894.245351] /dev/input/event1: 0000 0000 00000000
[  241895.304266] /dev/input/event1: 0003 0039 00000000
[  241895.304266] /dev/input/event1: 0003 0030 0000014c
[  241895.304266] /dev/input/event1: 0003 003a 00000081
[  241895.304266] /dev/input/event1: 0003 0035 00005a8b
[  241895.304266] /dev/input/event1: 0003 0036 000065ff
[  241895.304266] /dev/input/event1: 0000 0000 00000000
[  241895.382694] /dev/input/event1: 0003 003a 00000000
[  241895.382694] /dev/input/event1: 0003 0039 ffffffff
[  241895.382694] /dev/input/event1: 0000 0000 00000000
[  241896.249618] /dev/input/event1: 0003 0039 00000000
[  241896.249618] /dev/input/event1: 0003 0030 0000014d
[  241896.249618] /dev/input/event1: 0003 003a 00000081
[  241896.249618] /dev/input/event1: 0003 0035 00003888
[  241896.249618] /dev/input/event1: 0003 0036 00004f65
[  241896.249618] /dev/input/event1: 0000 0000 00000000
[  241896.359305] /dev/input/event1: 0003 003a 00000000
[  241896.359305] /dev/input/event1: 0003 0039 ffffffff
[  241896.359305] /dev/input/event1: 0000 0000 00000000
[  241897.827335] /dev/input/event1: 0003 0039 00000000
[  241897.827335] /dev/input/event1: 0003 0030 0000014e
[  241897.827335] /dev/input/event1: 0003 003a 00000081
[  241897.827335] /dev/input/event1: 0003 0035 00000920
[  241897.827335] /dev/input/event1: 0003 0036 000008ff
[  241897.827335] /dev/input/event1: 0000 0000 00000000
[  241897.905085] /dev/input/event1: 0003 003a 00000000
[  241897.905085] /dev/input/event1: 0003 0039 ffffffff
[  241897.905085] /dev/input/event1: 0000 0000 00000000
[  241899.887438] /dev/input/event1: 0003 0039 00000000
[  241899.887438] /dev/input/event1: 0003 0030 0000014f
[  241899.887438] /dev/input/event1: 0003 003a 00000081
[  241899.887438] /dev/input/event1: 0003 0035 00000ceb
[  241899.887438] /dev/input/event1: 0003 0036 000031cc
[  241899.887438] /dev/input/event1: 0000 0000 00000000
[  241899.996749] /dev/input/event1: 0003 003a 00000000
[  241899.996749] /dev/input/event1: 0003 0039 ffffffff
[  241899.996749] /dev/input/event1: 0000 0000 00000000
[  241902.491680] /dev/input/event1: 0003 0039 00000000
[  241902.491680] /dev/input/event1: 0003 0030 00000150
[  241902.491680] /dev/input/event1: 0003 003a 00000081
[  241902.491680] /dev/input/event1: 0003 0035 00004fff
[  241902.491680] /dev/input/event1: 0003 0036 00005b98
[  241902.491680] /dev/input/event1: 0000 0000 00000000
[  241902.602069] /dev/input/event1: 0003 003a 00000000
[  241902.602069] /dev/input/event1: 0003 0039 ffffffff
[  241902.602069] /dev/input/event1: 0000 0000 00000000
[  241903.259489] /dev/input/event1: 0003 0039 00000000
[  241903.259489] /dev/input/event1: 0003 0030 00000151
[  241903.259489] /dev/input/event1: 0003 003a 00000081
[  241903.259489] /dev/input/event1: 0003 0035 00000d09
[  241903.259489] /dev/input/event1: 0003 0036 00005b32
[  241903.259489] /dev/input/event1: 0000 0000 00000000
[  241903.369124] /dev/input/event1: 0003 003a 00000000
[  241903.369124] /dev/input/event1: 0003 0039 ffffffff
[  241903.369124] /dev/input/event1: 0000 0000 00000000
[  241903.933588] /dev/input/event1: 0003 0039 00000000
[  241903.933588] /dev/input/event1: 0003 0030 00000152
[  241903.933588] /dev/input/event1: 0003 003a 00000081
[  241903.933588] /dev/input/event1: 0003 0035 00001a4f
[  241903.933588] /dev/input/event1: 0003 0036 000064cc
[  241903.933588] /dev/input/event1: 0000 0000 00000000
[  241904.027080] /dev/input/event1: 0003 003a 00000000
[  241904.027080] /dev/input/event1: 0003 0039 ffffffff
[  241904.027080] /dev/input/event1: 0000 0000 00000000
[  241904.781288] /dev/input/event1: 0003 0039 00000000
[  241904.781288] /dev/input/event1: 0003 0030 00000153
[  241904.781288] /dev/input/event1: 0003 003a 00000081
[  241904.781288] /dev/input/event1: 0003 0035 00001f49
[  241904.781288] /dev/input/event1: 0003 0036 00004f87
[  241904.781288] /dev/input/event1: 0000 0000 00000000
[  241904.859550] /dev/input/event1: 0003 003a 00000000
[  241904.859550] /dev/input/event1: 0003 0039 ffffffff
[  241904.859550] /dev/input/event1: 0000 0000 00000000
[  241906.494352] /dev/input/event1: 0003 0039 00000000
[  241906.494352] /dev/input/event1: 0003 0030 00000154
[  241906.494352] /dev/input/event1: 0003 003a 00000081
[  241906.494352] /dev/input/event1: 0003 0035 0000082d
[  241906.494352] /dev/input/event1: 0003 0036 000009cc
[  241906.494352] /dev/input/event1: 0000 0000 00000000
[  241906.605053] /dev/input/event1: 0003 003a 00000000
[  241906.605053] /dev/input/event1: 0003 0039 ffffffff
[  241906.605053] /dev/input/event1: 0000 0000 00000000
[  241910.908640] /dev/input/event1: 0003 0039 00000000
[  241910.908640] /dev/input/event1: 0003 0030 00000155
[  241910.908640] /dev/input/event1: 0003 003a 00000081
[  241910.908640] /dev/input/event1: 0003 0035 00000888
[  241910.908640] /dev/input/event1: 0000 0000 00000000
[  241911.002799] /dev/input/event1: 0003 003a 00000000
[  241911.002799] /dev/input/event1: 0003 0039 ffffffff
[  241911.002799] /dev/input/event1: 0000 0000 00000000
[  241912.406815] /dev/input/event1: 0003 0039 00000000
[  241912.406815] /dev/input/event1: 0003 0030 00000156
[  241912.406815] /dev/input/event1: 0003 003a 00000081
[  241912.406815] /dev/input/event1: 0003 0035 000010b5
[  241912.406815] /dev/input/event1: 0003 0036 000013dd
[  241912.406815] /dev/input/event1: 0000 0000 00000000
[  241912.500923] /dev/input/event1: 0003 003a 00000000
[  241912.500923] /dev/input/event1: 0003 0039 ffffffff
[  241912.500923] /dev/input/event1: 0000 0000 00000000
[  241914.122824] /dev/input/event1: 0003 0039 00000000
[  241914.122824] /dev/input/event1: 0003 0030 00000157
[  241914.122824] /dev/input/event1: 0003 003a 00000081
[  241914.122824] /dev/input/event1: 0003 0035 00002777
[  241914.122824] /dev/input/event1: 0003 0036 000032cc
[  241914.122824] /dev/input/event1: 0000 0000 00000000
[  241914.217228] /dev/input/event1: 0003 003a 00000000
[  241914.217228] /dev/input/event1: 0003 0039 ffffffff
[  241914.217228] /dev/input/event1: 0000 0000 00000000
[  241916.015199] /dev/input/event1: 0003 0039 00000000
[  241916.015199] /dev/input/event1: 0003 0030 00000158
[  241916.015199] /dev/input/event1: 0003 003a 00000081
[  241916.015199] /dev/input/event1: 0003 0035 00003eee
[  241916.015199] /dev/input/event1: 0003 0036 00005bcc
[  241916.015199] /dev/input/event1: 0000 0000 00000000
[  241916.106753] /dev/input/event1: 0003 003a 00000000
[  241916.106753] /dev/input/event1: 0003 0039 ffffffff
[  241916.106753] /dev/input/event1: 0000 0000 00000000
[  241916.766911] /dev/input/event1: 0003 0039 00000000
[  241916.766911] /dev/input/event1: 0003 0030 00000159
[  241916.766911] /dev/input/event1: 0003 003a 00000081
[  241916.766911] /dev/input/event1: 0003 0035 00000d09
[  241916.766911] /dev/input/event1: 0003 0036 00005aff
[  241916.766911] /dev/input/event1: 0000 0000 00000000
[  241916.862329] /dev/input/event1: 0003 003a 00000000
[  241916.862329] /dev/input/event1: 0003 0039 ffffffff
[  241916.862329] /dev/input/event1: 0000 0000 00000000
[  241917.568359] /dev/input/event1: 0003 0039 00000000
[  241917.568359] /dev/input/event1: 0003 0030 0000015a
[  241917.568359] /dev/input/event1: 0003 003a 00000081
[  241917.568359] /dev/input/event1: 0003 0035 00002e1a
[  241917.568359] /dev/input/event1: 0003 0036 000050ff
[  241917.568359] /dev/input/event1: 0000 0000 00000000
[  241917.629608] /dev/input/event1: 0003 003a 00000000
[  241917.629608] /dev/input/event1: 0003 0039 ffffffff
[  241917.629608] /dev/input/event1: 0000 0000 00000000
[  241919.344739] /dev/input/event1: 0003 0039 00000000
[  241919.344739] /dev/input/event1: 0003 0030 0000015b
[  241919.344739] /dev/input/event1: 0003 003a 00000081
[  241919.344739] /dev/input/event1: 0003 0035 000017b3
[  241919.344739] /dev/input/event1: 0003 0036 00002abb
[  241919.344739] /dev/input/event1: 0000 0000 00000000
[  241919.438832] /dev/input/event1: 0003 003a 00000000
[  241919.438832] /dev/input/event1: 0003 0039 ffffffff
[  241919.438832] /dev/input/event1: 0000 0000 00000000
[  241920.882809] /dev/input/event1: 0003 0039 00000000
[  241920.882809] /dev/input/event1: 0003 0030 0000015c
[  241920.882809] /dev/input/event1: 0003 003a 00000081
[  241920.882809] /dev/input/event1: 0003 0035 000069f3
[  241920.882809] /dev/input/event1: 0003 0036 00003a99
[  241920.882809] /dev/input/event1: 0000 0000 00000000
[  241920.976581] /dev/input/event1: 0003 003a 00000000
[  241920.976581] /dev/input/event1: 0003 0039 ffffffff
[  241920.976581] /dev/input/event1: 0000 0000 00000000
[  241923.282809] /dev/input/event1: 0003 0039 00000000
[  241923.282809] /dev/input/event1: 0003 0030 0000015d
[  241923.282809] /dev/input/event1: 0003 003a 00000081
[  241923.282809] /dev/input/event1: 0003 0035 00003eb1
[  241923.282809] /dev/input/event1: 0003 0036 00001321
[  241923.282809] /dev/input/event1: 0000 0000 00000000
[  241923.388951] /dev/input/event1: 0003 003a 00000000
[  241923.388951] /dev/input/event1: 0003 0039 ffffffff
[  241923.388951] /dev/input/event1: 0000 0000 00000000
[  241925.465847] /dev/input/event1: 0003 0039 00000000
[  241925.465847] /dev/input/event1: 0003 0030 0000015e
[  241925.465847] /dev/input/event1: 0003 003a 00000081
[  241925.465847] /dev/input/event1: 0003 0035 00002536
[  241925.465847] /dev/input/event1: 0003 0036 00004c99
[  241925.465847] /dev/input/event1: 0000 0000 00000000
[  241925.560732] /dev/input/event1: 0003 003a 00000000
[  241925.560732] /dev/input/event1: 0003 0039 ffffffff
[  241925.560732] /dev/input/event1: 0000 0000 00000000
[    4759.235134] /dev/input/event1: 0003 0039 00000000
[    4759.235134] /dev/input/event1: 0003 0030 00000095
[    4759.235134] /dev/input/event1: 0003 003a 00000081
[    4759.235134] /dev/input/event1: 0003 0035 000059d5
[    4759.235134] /dev/input/event1: 0003 0036 000066a9
[    4759.235134] /dev/input/event1: 0000 0000 00000000
[    4759.313007] /dev/input/event1: 0003 003a 00000000
[    4759.313007] /dev/input/event1: 0003 0039 ffffffff
[    4759.313007] /dev/input/event1: 0000 0000 00000000
[    4760.990153] /dev/input/event1: 0003 0039 00000000
[    4760.990153] /dev/input/event1: 0003 0030 00000096
[    4760.990153] /dev/input/event1: 0003 003a 00000081
[    4760.990153] /dev/input/event1: 0003 0035 00006d63
[    4760.990153] /dev/input/event1: 0003 0036 00005065
[    4760.990153] /dev/input/event1: 0000 0000 00000000
[    4761.044638] /dev/input/event1: 0003 003a 00000000
[    4761.044638] /dev/input/event1: 0003 0039 ffffffff
[    4761.044638] /dev/input/event1: 0000 0000 00000000
[    4762.645119] /dev/input/event1: 0003 0039 00000000
[    4762.645119] /dev/input/event1: 0003 0030 00000097
[    4762.645119] /dev/input/event1: 0003 003a 00000081
[    4762.645119] /dev/input/event1: 0003 0035 000039d5
[    4762.645119] /dev/input/event1: 0003 0036 000050ff
[    4762.645119] /dev/input/event1: 0000 0000 00000000
[    4762.709558] /dev/input/event1: 0003 003a 00000000
[    4762.709558] /dev/input/event1: 0003 0039 ffffffff
[    4762.709558] /dev/input/event1: 0000 0000 00000000
[    4764.511851] /dev/input/event1: 0003 0039 00000000
[    4764.511851] /dev/input/event1: 0003 0030 00000098
[    4764.511851] /dev/input/event1: 0003 003a 00000081
[    4764.511851] /dev/input/event1: 0003 0035 00002079
[    4764.511851] /dev/input/event1: 0003 0036 00005087
[    4764.511851] /dev/input/event1: 0000 0000 00000000
[    4764.566306] /dev/input/event1: 0003 003a 00000000
[    4764.566306] /dev/input/event1: 0003 0039 ffffffff
[    4764.566306] /dev/input/event1: 0000 0000 00000000
[    4767.358336] /dev/input/event1: 0003 0039 00000000
[    4767.358336] /dev/input/event1: 0003 0030 00000099
[    4767.358336] /dev/input/event1: 0003 003a 00000081
[    4767.358336] /dev/input/event1: 0003 0035 00006a4e
[    4767.358336] /dev/input/event1: 0003 0036 00003eff
[    4767.358336] /dev/input/event1: 0000 0000 00000000
[    4767.459405] /dev/input/event1: 0003 003a 00000000
[    4767.459405] /dev/input/event1: 0003 0039 ffffffff
[    4767.459405] /dev/input/event1: 0000 0000 00000000