--------- beginning of main
06-30 19:02:11.809  2357  2357 I MicroDetectionWorker: #updateMicroDetector [detectionMode: [mDetectionMode: [1]]]
06-30 19:02:11.809  2357  2357 I MicroDetectionWorker: #startMicroDetector [speakerMode: 0]
06-30 19:02:11.810  2357  2357 I AudioController: Using mInputStreamFactoryBuilder
06-30 19:02:11.812  2357  2357 I MicroDetectionWorker: onReady
06-30 19:02:11.812  2357 24828 I MicroRecognitionRunner: Starting detection.
06-30 19:02:11.813  2357 24821 I MicrophoneInputStream: mic_starting com.google.android.apps.gsa.staticplugins.aa.c@84a6d31
06-30 19:02:11.817  1530 25493 I AudioFlinger: AudioFlinger's thread 0xeed83d00 tid=25493 ready to run
06-30 19:02:11.818  1530  3918 W ServiceManager: Permission failure: android.permission.RECORD_AUDIO from uid=10030 pid=-1
06-30 19:02:11.818  1530  3918 E         : Request requires android.permission.RECORD_AUDIO
06-30 19:02:11.818  1530  3918 E AudioFlinger: openRecord() permission denied: recording not allowed
06-30 19:02:11.818  2357 24821 E AudioRecord: AudioFlinger could not create record track, status: -1
06-30 19:02:11.821  2357 24821 E AudioRecord-JNI: Error creating AudioRecord instance: initialization check failed with status -1.
06-30 19:02:11.821  2357 24821 E android.media.AudioRecord: Error code -20 when initializing native AudioRecord object.
06-30 19:02:11.821  2357 24821 I MicrophoneInputStream: mic_started com.google.android.apps.gsa.staticplugins.aa.c@84a6d31
06-30 19:02:11.822  2357  2357 I MicroDetectionWorker: onReady
06-30 19:02:11.832  2357 24821 I MicrophoneInputStream: mic_close com.google.android.apps.gsa.staticplugins.aa.c@84a6d31
06-30 19:02:11.832  2357 24828 I MicroRecognitionRunner: Detection finished
06-30 19:02:11.832  2357 24828 W ErrorReporter: reportError [type: 211, code: 524300]: Error reading from input stream
06-30 19:02:11.833  2357  3850 I MicroRecognitionRunner: Stopping hotword detection.
06-30 19:02:11.833  2357 24828 W ErrorProcessor: onFatalError, processing error from engine(4)
06-30 19:02:11.833  2357 24828 W ErrorProcessor: com.google.android.apps.gsa.shared.speech.b.g: Error reading from input stream
06-30 19:02:11.833  2357 24828 W ErrorProcessor: 	at com.google.android.apps.gsa.staticplugins.recognizer.j.a.a(SourceFile:28)
06-30 19:02:11.833  2357 24828 W ErrorProcessor: 	at com.google.android.apps.gsa.staticplugins.recognizer.j.b.run(SourceFile:15)
06-30 19:02:11.833  2357 24828 W ErrorProcessor: 	at java.util.concurrent.Executors$RunnableAdapter.call(Executors.java:457)
06-30 19:02:11.833  2357 24828 W ErrorProcessor: 	at java.util.concurrent.FutureTask.run(FutureTask.java:266)
06-30 19:02:11.833  2357 24828 W ErrorProcessor: 	at com.google.android.apps.gsa.shared.util.concurrent.a.ax.run(SourceFile:14)
06-30 19:02:11.833  2357 24828 W ErrorProcessor: 	at com.google.android.apps.gsa.shared.util.concurrent.a.bl.run(SourceFile:4)
06-30 19:02:11.833  2357 24828 W ErrorProcessor: 	at com.google.android.apps.gsa.shared.util.concurrent.a.bl.run(SourceFile:4)
06-30 19:02:11.833  2357 24828 W ErrorProcessor: 	at java.util.concurrent.ThreadPoolExecutor.runWorker(ThreadPoolExecutor.java:1162)
06-30 19:02:11.833  2357 24828 W ErrorProcessor: 	at java.util.concurrent.ThreadPoolExecutor$Worker.run(ThreadPoolExecutor.java:636)
06-30 19:02:11.833  2357 24828 W ErrorProcessor: 	at java.lang.Thread.run(Thread.java:764)
06-30 19:02:11.833  2357 24828 W ErrorProcessor: 	at com.google.android.apps.gsa.shared.util.concurrent.a.ai.run(SourceFile:6)
06-30 19:02:11.833  2357 24828 W ErrorProcessor: Caused by: com.google.android.apps.gsa.shared.exception.GsaIOException: Error code: 393238 | Buffer overflow, no available space.
06-30 19:02:11.833  2357 24828 W ErrorProcessor: 	at com.google.android.apps.gsa.speech.audio.Tee.f(SourceFile:103)
06-30 19:02:11.833  2357 24828 W ErrorProcessor: 	at com.google.android.apps.gsa.speech.audio.au.read(SourceFile:2)
06-30 19:02:11.833  2357 24828 W ErrorProcessor: 	at java.io.InputStream.read(InputStream.java:101)
06-30 19:02:11.833  2357 24828 W ErrorProcessor: 	at com.google.android.apps.gsa.speech.audio.ao.run(SourceFile:18)
06-30 19:02:11.833  2357 24828 W ErrorProcessor: 	at com.google.android.apps.gsa.speech.audio.an.run(SourceFile:2)
06-30 19:02:11.833  2357 24828 W ErrorProcessor: 	... 9 more
06-30 19:02:11.833  2357 24828 I AudioController: internalShutdown
06-30 19:02:11.834  2357  2357 I MicroDetector: Keeping mic open: false
06-30 19:02:11.834  2357 24822 I DeviceStateChecker: DeviceStateChecker cancelled
06-30 19:02:11.834  2357  2357 I MicroDetectionWorker: #onError(false)
06-30 19:02:16.827 25509 25509 D AndroidRuntime: >>>>>> START com.android.internal.os.RuntimeInit uid 2000 <<<<<<
06-30 19:02:16.843  2357  2357 I MicroDetectionWorker: #updateMicroDetector [detectionMode: [mDetectionMode: [1]]]
06-30 19:02:16.843  2357  2357 I MicroDetectionWorker: #startMicroDetector [speakerMode: 0]
06-30 19:02:16.843  2357  2357 I AudioController: Using mInputStreamFactoryBuilder
06-30 19:02:16.845  2357  2357 I MicroDetectionWorker: onReady
06-30 19:02:16.846  2357 24828 I MicroRecognitionRunner: Starting detection.
06-30 19:02:16.847  2357 24821 I MicrophoneInputStream: mic_starting com.google.android.apps.gsa.staticplugins.aa.c@522e48f
06-30 19:02:16.848  1530 25514 I AudioFlinger: AudioFlinger's thread 0xeed83300 tid=25514 ready to run
06-30 19:02:16.848  1530 18310 W ServiceManager: Permission failure: android.permission.RECORD_AUDIO from uid=10030 pid=-1
06-30 19:02:16.848  1530 18310 E         : Request requires android.permission.RECORD_AUDIO
06-30 19:02:16.848  1530 18310 E AudioFlinger: openRecord() permission denied: recording not allowed
06-30 19:02:16.848  2357 24821 E AudioRecord: AudioFlinger could not create record track, status: -1
06-30 19:02:16.849  2357 24821 E AudioRecord-JNI: Error creating AudioRecord instance: initialization check failed with status -1.
06-30 19:02:16.849  2357 24821 E android.media.AudioRecord: Error code -20 when initializing native AudioRecord object.
06-30 19:02:16.849  2357 24821 I MicrophoneInputStream: mic_started com.google.android.apps.gsa.staticplugins.aa.c@522e48f
06-30 19:02:16.850  2357  2357 I MicroDetectionWorker: onReady
06-30 19:02:16.851  2357 24821 I MicrophoneInputStream: mic_close com.google.android.apps.gsa.staticplugins.aa.c@522e48f
06-30 19:02:16.852  2357 24828 I MicroRecognitionRunner: Detection finished
06-30 19:02:16.852  2357 24828 W ErrorReporter: reportError [type: 211, code: 524300]: Error reading from input stream
06-30 19:02:16.852  2357  3850 I MicroRecognitionRunner: Stopping hotword detection.
06-30 19:02:16.853  2357 24828 W ErrorProcessor: onFatalError, processing error from engine(4)
06-30 19:02:16.853  2357 24828 W ErrorProcessor: com.google.android.apps.gsa.shared.speech.b.g: Error reading from input stream
06-30 19:02:16.853  2357 24828 W ErrorProcessor: 	at com.google.android.apps.gsa.staticplugins.recognizer.j.a.a(SourceFile:28)
06-30 19:02:16.853  2357 24828 W ErrorProcessor: 	at com.google.android.apps.gsa.staticplugins.recognizer.j.b.run(SourceFile:15)
06-30 19:02:16.853  2357 24828 W ErrorProcessor: 	at java.util.concurrent.Executors$RunnableAdapter.call(Executors.java:457)
06-30 19:02:16.853  2357 24828 W ErrorProcessor: 	at java.util.concurrent.FutureTask.run(FutureTask.java:266)
06-30 19:02:16.853  2357 24828 W ErrorProcessor: 	at com.google.android.apps.gsa.shared.util.concurrent.a.ax.run(SourceFile:14)
06-30 19:02:16.853  2357 24828 W ErrorProcessor: 	at com.google.android.apps.gsa.shared.util.concurrent.a.bl.run(SourceFile:4)
06-30 19:02:16.853  2357 24828 W ErrorProcessor: 	at com.google.android.apps.gsa.shared.util.concurrent.a.bl.run(SourceFile:4)
06-30 19:02:16.853  2357 24828 W ErrorProcessor: 	at java.util.concurrent.ThreadPoolExecutor.runWorker(ThreadPoolExecutor.java:1162)
06-30 19:02:16.853  2357 24828 W ErrorProcessor: 	at java.util.concurrent.ThreadPoolExecutor$Worker.run(ThreadPoolExecutor.java:636)
06-30 19:02:16.853  2357 24828 W ErrorProcessor: 	at java.lang.Thread.run(Thread.java:764)
06-30 19:02:16.853  2357 24828 W ErrorProcessor: 	at com.google.android.apps.gsa.shared.util.concurrent.a.ai.run(SourceFile:6)
06-30 19:02:16.853  2357 24828 W ErrorProcessor: Caused by: com.google.android.apps.gsa.shared.exception.GsaIOException: Error code: 393238 | Buffer overflow, no available space.
06-30 19:02:16.853  2357 24828 W ErrorProcessor: 	at com.google.android.apps.gsa.speech.audio.Tee.f(SourceFile:103)
06-30 19:02:16.853  2357 24828 W ErrorProcessor: 	at com.google.android.apps.gsa.speech.audio.au.read(SourceFile:2)
06-30 19:02:16.853  2357 24828 W ErrorProcessor: 	at java.io.InputStream.read(InputStream.java:101)
06-30 19:02:16.853  2357 24828 W ErrorProcessor: 	at com.google.android.apps.gsa.speech.audio.ao.run(SourceFile:18)
06-30 19:02:16.853  2357 24828 W ErrorProcessor: 	at com.google.android.apps.gsa.speech.audio.an.run(SourceFile:2)
06-30 19:02:16.853  2357 24828 W ErrorProcessor: 	... 9 more
06-30 19:02:16.853  2357 24828 I AudioController: internalShutdown
06-30 19:02:16.854  2357 24822 I DeviceStateChecker: DeviceStateChecker cancelled
06-30 19:02:16.854  2357  2357 I MicroDetector: Keeping mic open: false
06-30 19:02:16.855  2357  2357 I MicroDetectionWorker: #onError(false)
06-30 19:02:16.880 25509 25509 W app_process: Unexpected CPU variant for X86 using defaults: x86_64
06-30 19:02:16.893 25509 25509 D AndroidRuntime: Calling main entry com.android.commands.pm.Pm
06-30 19:02:16.900 25509 25522 W MessageQueue: Handler (android.os.Handler) {e27854f} sending message to a Handler on a dead thread
06-30 19:02:16.900 25509 25522 W MessageQueue: java.lang.IllegalStateException: Handler (android.os.Handler) {e27854f} sending message to a Handler on a dead thread
06-30 19:02:16.900 25509 25522 W MessageQueue: 	at android.os.MessageQueue.enqueueMessage(MessageQueue.java:545)
06-30 19:02:16.900 25509 25522 W MessageQueue: 	at android.os.Handler.enqueueMessage(Handler.java:661)
06-30 19:02:16.900 25509 25522 W MessageQueue: 	at android.os.Handler.sendMessageAtTime(Handler.java:630)
06-30 19:02:16.900 25509 25522 W MessageQueue: 	at android.os.Handler.sendMessageDelayed(Handler.java:600)
06-30 19:02:16.900 25509 25522 W MessageQueue: 	at android.os.Handler.post(Handler.java:356)
06-30 19:02:16.900 25509 25522 W MessageQueue: 	at android.os.ResultReceiver$MyResultReceiver.send(ResultReceiver.java:57)
06-30 19:02:16.900 25509 25522 W MessageQueue: 	at com.android.internal.os.IResultReceiver$Stub.onTransact(IResultReceiver.java:58)
06-30 19:02:16.900 25509 25522 W MessageQueue: 	at android.os.Binder.execTransact(Binder.java:674)
06-30 19:02:16.900 25509 25509 I app_process: System.exit called, status: 0
06-30 19:02:16.900 25509 25509 I AndroidRuntime: VM exiting with result code 0.
06-30 19:02:17.031  1684  1711 I PackageManager.DexOptimizer: Running dexopt (dexoptNeeded=1) on: /data/app/vmdl369007164.tmp/base.apk pkg=com.markuspage.android.atimetracker isa=x86_64 dexoptFlags=boot_complete,public target-filter=quicken oatDir=/data/app/vmdl369007164.tmp/oat sharedLibraries=null
06-30 19:02:17.038 25532 25532 W dex2oat : Unexpected CPU variant for X86 using defaults: x86_64
06-30 19:02:17.038 25532 25532 I dex2oat : /system/bin/dex2oat --input-vdex-fd=-1 --output-vdex-fd=10 --compiler-filter=quicken --classpath-dir=/data/app/vmdl369007164.tmp
06-30 19:02:17.978 25532 25532 I dex2oat : dex2oat took 940.468ms (3.421s cpu) (threads: 4) arena alloc=3KB (3832B) java alloc=2MB (2981056B) native alloc=3MB (4035520B) free=2MB (2255936B)
06-30 19:02:17.982  1684  1711 I PackageManager: New shared user com.markuspage.android.atimetracker: id=10090
--------- beginning of system
06-30 19:02:17.984  1684  1711 E PackageManager: Adding duplicate user id: 10090 name=com.markuspage.android.atimetracker
06-30 19:02:18.017  1533 18568 D installd: Applied hard quotas for 10090
06-30 19:02:18.017  1684  1711 D PackageManager: Ephemeral installer not found with new action; try old one
06-30 19:02:18.018  1684  1711 D PackageManager: Clear ephemeral installer activity
06-30 19:02:18.018  1684  1711 V BackupManagerService: restoreAtInstall pkg=com.markuspage.android.atimetracker token=b restoreSet=0
06-30 19:02:18.018  1684  1711 V BackupManagerService: Finishing install immediately
06-30 19:02:18.019  1533 18568 E         : Couldn't opendir /data/app/vmdl369007164.tmp: No such file or directory
06-30 19:02:18.020  1533 18568 E installd: Failed to delete /data/app/vmdl369007164.tmp: No such file or directory
06-30 19:02:18.033  1684  1746 I InputReader: Reconfiguring input devices.  changes=0x00000010
06-30 19:02:18.048  1684 20757 W BroadcastQueue: Background execution not allowed: receiving Intent { act=android.intent.action.PACKAGE_ADDED dat=package:com.markuspage.android.atimetracker flg=0x4000010 (has extras) } to com.google.android.gms/.games.chimera.GamesSystemBroadcastReceiverProxy
06-30 19:02:18.050  1684  1699 W BroadcastQueue: Background execution not allowed: receiving Intent { act=android.intent.action.PACKAGE_ADDED dat=package:com.markuspage.android.atimetracker flg=0x4000010 (has extras) } to com.google.android.gms/.gass.chimera.PackageChangeBroadcastReceiver
06-30 19:02:18.055  1684  1699 W BroadcastQueue: Background execution not allowed: receiving Intent { act=android.intent.action.PACKAGE_ADDED dat=package:com.markuspage.android.atimetracker flg=0x4000010 (has extras) } to com.google.android.gms/.chimera.GmsIntentOperationService$PersistentTrustedReceiver
06-30 19:02:18.056  1684  1699 W BroadcastQueue: Background execution not allowed: receiving Intent { act=android.intent.action.PACKAGE_ADDED dat=package:com.markuspage.android.atimetracker flg=0x4000010 (has extras) } to com.google.android.googlequicksearchbox/com.google.android.apps.gsa.googlequicksearchbox.GelStubAppWatcher
06-30 19:02:18.083  1926  1926 D ImsResolver: maybeAddedImsService, packageName: com.markuspage.android.atimetracker
06-30 19:02:18.086  2084 25547 W GCM     : Unexpected forwarded intent: Intent { act=android.intent.action.PACKAGE_ADDED dat=package:com.markuspage.android.atimetracker flg=0x4000010 cmp=com.google.android.gms/.chimera.PersistentIntentOperationService (has extras) }
06-30 19:02:18.087  1684  1684 I Telecom : DefaultDialerCache: Refreshing default dialer for user 0: now com.google.android.dialer: DDC.oR@AK8
06-30 19:02:18.088  1684  2405 W ActivityManager: Unable to start service Intent { act=com.google.android.gms.auth.key.retrieval.service.START pkg=com.google.android.gms } U=0: not found
06-30 19:02:18.089  1684  2405 W ActivityManager: Unbind failed: could not find connection for android.os.BinderProxy@4efcfda
06-30 19:02:18.091  2283 25552 I Auth    : [SupervisedAccountIntentOperation] onHandleIntent(): android.intent.action.PACKAGE_ADDED
06-30 19:02:18.092  1926  1926 D CarrierSvcBindHelper: No carrier app for: 0
06-30 19:02:18.093  2283  2743 E GmsClient: unable to connect to service: com.google.android.gms.auth.key.retrieval.service.START on com.google.android.gms
06-30 19:02:18.099  2084 25545 W GCM     : Unexpected forwarded intent: Intent { act=android.intent.action.PACKAGE_ADDED dat=package:com.markuspage.android.atimetracker flg=0x4000010 cmp=com.google.android.gms/.chimera.PersistentIntentOperationService (has extras) }
06-30 19:02:18.102  2283 25552 I ChromeSync: [Sync,SyncIntentOperation] Handling the intent: Intent { act=android.intent.action.PACKAGE_ADDED dat=package:com.markuspage.android.atimetracker flg=0x4000010 cmp=com.google.android.gms/.chimera.GmsIntentOperationService (has extras) }.
06-30 19:02:18.104  1926  1926 D CarrierConfigLoader: mHandler: 9 phoneId: 0
06-30 19:02:18.114 23668 25538 I ProvidersCache: Provider returned no roots. Possibly naughty: com.google.android.apps.docs.storage
06-30 19:02:18.184  2283 25558 I ChimeraConfigurator: Starting update, reason: 4 urgentFeatures: pay:-1
06-30 19:02:18.184  2283 25558 E ConfigFileUtils: Failed to read config file: /data/user_de/0/com.google.android.gms/app_chimera/next_container.pb (No such file or directory)
06-30 19:02:18.226  2283 25558 I ChmraDebugLogger: [73] 1801
06-30 19:02:18.235  2283 25558 I ChmraDebugLogger: [30] [Pay.optional:202414020000] permitMetered=true,
06-30 19:02:18.243  2283 25558 W ChimeraConfigService: Retry attempt was throttled.
06-30 19:02:18.309  2283 25552 I ChromeSync: [Persistence,AffiliationManager] One of affiliation or grouping data for android://jMyxXf72sNNpx5qiRHmggL6xMdDJopVtsBG-k2S6xGA_GMo_cjxPKMrmzcYGfI2T4Bc5RSoq7brF2taibBtetw==@com.markuspage.android.atimetracker/ was not found. Marking affiliation data as stale...
06-30 19:02:18.314  2283  2727 I Icing   : IndexChimeraService.getServiceInterface callingPackage=com.google.android.gms componentName=AppsCorpus serviceId=36
06-30 19:02:18.358  2283 13820 W Icing   : No valid account for uploading user actions
06-30 19:02:18.375  2283 13820 I Icing   : Usage reports ok 0, Failed Usage reports 0, indexed 0, rejected 0
06-30 19:02:18.377  2283 13820 I Icing   : Indexing com.google.android.gms-internal.3p:MobileApplication from com.google.android.gms using seqno 93
06-30 19:02:18.387  2283  2887 I Icing   : IndexChimeraService.getServiceInterface callingPackage=com.google.android.gms componentName=null serviceId=30
06-30 19:02:18.393  2283 13820 I Icing   : Indexing com.google.android.gms-apps from com.google.android.gms
06-30 19:02:18.424  2283 13820 W Icing   : No valid account for uploading user actions
06-30 19:02:18.430  2283 13820 I Icing   : Usage reports ok 0, Failed Usage reports 0, indexed 0, rejected 0
06-30 19:02:18.431  2283 13820 I Icing   : Indexing done com.google.android.gms-apps
Elapsed Time: 445890
