add device 1: /dev/input/event0
  name:     "Power Button"
add device 2: /dev/input/event1
  name:     "qwerty2"
[   11530.283750] /dev/input/event1: 0003 0039 00000000
[   11530.283750] /dev/input/event1: 0003 0030 000005bb
[   11530.283750] /dev/input/event1: 0003 003a 00000081
[   11530.283750] /dev/input/event1: 0003 0035 000069d5
[   11530.283750] /dev/input/event1: 0003 0036 00006f54
[   11530.283750] /dev/input/event1: 0000 0000 00000000
[   11530.477160] /dev/input/event1: 0003 003a 00000000
[   11530.477160] /dev/input/event1: 0003 0039 ffffffff
[   11530.477160] /dev/input/event1: 0000 0000 00000000
[   11533.278740] /dev/input/event1: 0003 0039 00000000
[   11533.278740] /dev/input/event1: 0003 0030 000005bc
[   11533.278740] /dev/input/event1: 0003 003a 00000081
[   11533.278740] /dev/input/event1: 0003 0035 0000795b
[   11533.278740] /dev/input/event1: 0003 0036 00000922
[   11533.278740] /dev/input/event1: 0000 0000 00000000
[   11533.477459] /dev/input/event1: 0003 003a 00000000
[   11533.477459] /dev/input/event1: 0003 0039 ffffffff
[   11533.477459] /dev/input/event1: 0000 0000 00000000
[   11537.383267] /dev/input/event1: 0003 0039 00000000
[   11537.383267] /dev/input/event1: 0003 0030 000005bd
[   11537.383267] /dev/input/event1: 0003 003a 00000081
[   11537.383267] /dev/input/event1: 0003 0035 000062f5
[   11537.383267] /dev/input/event1: 0003 0036 00000855
[   11537.383267] /dev/input/event1: 0000 0000 00000000
[   11537.597907] /dev/input/event1: 0003 003a 00000000
[   11537.597907] /dev/input/event1: 0003 0039 ffffffff
[   11537.597907] /dev/input/event1: 0000 0000 00000000
[   11539.630870] /dev/input/event1: 0003 0039 00000000
[   11539.630870] /dev/input/event1: 0003 0030 000005be
[   11539.630870] /dev/input/event1: 0003 003a 00000081
[   11539.630870] /dev/input/event1: 0003 0035 00002ed0
[   11539.630870] /dev/input/event1: 0003 0036 00003acc
[   11539.630870] /dev/input/event1: 0000 0000 00000000
[   11539.790298] /dev/input/event1: 0003 003a 00000000
[   11539.790298] /dev/input/event1: 0003 0039 ffffffff
[   11539.790298] /dev/input/event1: 0000 0000 00000000
[   11541.071477] /dev/input/event1: 0003 0039 00000000
[   11541.071477] /dev/input/event1: 0003 0030 000005bf
[   11541.071477] /dev/input/event1: 0003 003a 00000081
[   11541.071477] /dev/input/event1: 0003 0035 00002dbf
[   11541.071477] /dev/input/event1: 0003 0036 000050aa
[   11541.071477] /dev/input/event1: 0000 0000 00000000
[   11541.214549] /dev/input/event1: 0003 003a 00000000
[   11541.214549] /dev/input/event1: 0003 0039 ffffffff
[   11541.214549] /dev/input/event1: 0000 0000 00000000
[   11541.846986] /dev/input/event1: 0003 0039 00000000
[   11541.846986] /dev/input/event1: 0003 0030 000005c0
[   11541.846986] /dev/input/event1: 0003 003a 00000081
[   11541.846986] /dev/input/event1: 0003 0035 0000218a
[   11541.846986] /dev/input/event1: 0003 0036 00004f43
[   11541.846986] /dev/input/event1: 0000 0000 00000000
[   11541.950582] /dev/input/event1: 0003 003a 00000000
[   11541.950582] /dev/input/event1: 0003 0039 ffffffff
[   11541.950582] /dev/input/event1: 0000 0000 00000000
[   11543.871812] /dev/input/event1: 0003 0039 00000000
[   11543.871812] /dev/input/event1: 0003 0030 000005c1
[   11543.871812] /dev/input/event1: 0003 003a 00000081
[   11543.871812] /dev/input/event1: 0003 0035 000078c4
[   11543.871812] /dev/input/event1: 0003 0036 00006432
[   11543.871812] /dev/input/event1: 0000 0000 00000000
[   11543.998966] /dev/input/event1: 0003 003a 00000000
[   11543.998966] /dev/input/event1: 0003 0039 ffffffff
[   11543.998966] /dev/input/event1: 0000 0000 00000000
[   11544.342922] /dev/input/event1: 0003 0039 00000000
[   11544.342922] /dev/input/event1: 0003 0030 000005c2
[   11544.342922] /dev/input/event1: 0003 003a 00000081
[   11544.342922] /dev/input/event1: 0000 0000 00000000
[   11544.478992] /dev/input/event1: 0003 003a 00000000
[   11544.478992] /dev/input/event1: 0003 0039 ffffffff
[   11544.478992] /dev/input/event1: 0000 0000 00000000
[   11545.456212] /dev/input/event1: 0003 0039 00000000
[   11545.456212] /dev/input/event1: 0003 0030 000005c3
[   11545.456212] /dev/input/event1: 0003 003a 00000081
[   11545.456212] /dev/input/event1: 0003 0035 00000901
[   11545.456212] /dev/input/event1: 0003 0036 000066cb
[   11545.456212] /dev/input/event1: 0000 0000 00000000
[   11545.590823] /dev/input/event1: 0003 0036 000066ff
[   11545.590823] /dev/input/event1: 0000 0000 00000000
[   11545.591133] /dev/input/event1: 0003 003a 00000000
[   11545.591133] /dev/input/event1: 0003 0039 ffffffff
[   11545.591133] /dev/input/event1: 0000 0000 00000000
[   11546.439622] /dev/input/event1: 0003 0039 00000000
[   11546.439622] /dev/input/event1: 0003 0030 000005c4
[   11546.439622] /dev/input/event1: 0003 003a 00000081
[   11546.439622] /dev/input/event1: 0003 0035 00002cea
[   11546.439622] /dev/input/event1: 0003 0036 00005032
[   11546.439622] /dev/input/event1: 0000 0000 00000000
[   11546.574830] /dev/input/event1: 0003 0036 00005054
[   11546.574830] /dev/input/event1: 0000 0000 00000000
[   11546.583086] /dev/input/event1: 0003 003a 00000000
[   11546.583086] /dev/input/event1: 0003 0039 ffffffff
[   11546.583086] /dev/input/event1: 0000 0000 00000000
[   11547.279674] /dev/input/event1: 0003 0039 00000000
[   11547.279674] /dev/input/event1: 0003 0030 000005c5
[   11547.279674] /dev/input/event1: 0003 003a 00000081
[   11547.279674] /dev/input/event1: 0003 0035 00002079
[   11547.279674] /dev/input/event1: 0003 0036 000050cc
[   11547.279674] /dev/input/event1: 0000 0000 00000000
[   11547.431134] /dev/input/event1: 0003 003a 00000000
[   11547.431134] /dev/input/event1: 0003 0039 ffffffff
[   11547.431134] /dev/input/event1: 0000 0000 00000000
[   11547.999804] /dev/input/event1: 0003 0039 00000000
[   11547.999804] /dev/input/event1: 0003 0030 000005c6
[   11547.999804] /dev/input/event1: 0003 003a 00000081
[   11547.999804] /dev/input/event1: 0003 0035 00000dfc
[   11547.999804] /dev/input/event1: 0003 0036 00005b54
[   11547.999804] /dev/input/event1: 0000 0000 00000000
[   11548.119299] /dev/input/event1: 0003 003a 00000000
[   11548.119299] /dev/input/event1: 0003 0039 ffffffff
[   11548.119299] /dev/input/event1: 0000 0000 00000000
[   11549.096607] /dev/input/event1: 0003 0039 00000000
[   11549.096607] /dev/input/event1: 0003 0030 000005c7
[   11549.096607] /dev/input/event1: 0003 003a 00000081
[   11549.096607] /dev/input/event1: 0003 0035 00002536
[   11549.096607] /dev/input/event1: 0003 0036 00005b32
[   11549.096607] /dev/input/event1: 0000 0000 00000000
[   11549.255541] /dev/input/event1: 0003 003a 00000000
[   11549.255541] /dev/input/event1: 0003 0039 ffffffff
[   11549.255541] /dev/input/event1: 0000 0000 00000000
[   11551.288514] /dev/input/event1: 0003 0039 00000000
[   11551.288514] /dev/input/event1: 0003 0030 000005c8
[   11551.288514] /dev/input/event1: 0003 003a 00000081
[   11551.288514] /dev/input/event1: 0003 0035 00003f67
[   11551.288514] /dev/input/event1: 0003 0036 00007132
[   11551.288514] /dev/input/event1: 0000 0000 00000000
[   11551.471678] /dev/input/event1: 0003 003a 00000000
[   11551.471678] /dev/input/event1: 0003 0039 ffffffff
[   11551.471678] /dev/input/event1: 0000 0000 00000000
[   11552.889004] /dev/input/event1: 0003 0039 00000000
[   11552.889004] /dev/input/event1: 0003 0030 000005c9
[   11552.889004] /dev/input/event1: 0003 003a 00000081
[   11552.889004] /dev/input/event1: 0003 0035 00000bd9
[   11552.889004] /dev/input/event1: 0003 0036 00005b10
[   11552.889004] /dev/input/event1: 0000 0000 00000000
[   11553.007952] /dev/input/event1: 0003 003a 00000000
[   11553.007952] /dev/input/event1: 0003 0039 ffffffff
[   11553.007952] /dev/input/event1: 0000 0000 00000000
[   11553.849137] /dev/input/event1: 0003 0039 00000000
[   11553.849137] /dev/input/event1: 0003 0030 000005ca
[   11553.849137] /dev/input/event1: 0003 003a 00000081
[   11553.849137] /dev/input/event1: 0003 0035 00004b05
[   11553.849137] /dev/input/event1: 0003 0036 000064ff
[   11553.849137] /dev/input/event1: 0000 0000 00000000
[   11553.976148] /dev/input/event1: 0003 003a 00000000
[   11553.976148] /dev/input/event1: 0003 0039 ffffffff
[   11553.976148] /dev/input/event1: 0000 0000 00000000
[   11555.048682] /dev/input/event1: 0003 0039 00000000
[   11555.048682] /dev/input/event1: 0003 0030 000005cb
[   11555.048682] /dev/input/event1: 0003 003a 00000081
[   11555.048682] /dev/input/event1: 0003 0035 00006cad
[   11555.048682] /dev/input/event1: 0003 0036 00004eee
[   11555.048682] /dev/input/event1: 0000 0000 00000000
[   11555.168124] /dev/input/event1: 0003 003a 00000000
[   11555.168124] /dev/input/event1: 0003 0039 ffffffff
[   11555.168124] /dev/input/event1: 0000 0000 00000000
[   11556.049398] /dev/input/event1: 0003 0039 00000000
[   11556.049398] /dev/input/event1: 0003 0030 000005cc
[   11556.049398] /dev/input/event1: 0003 003a 00000081
[   11556.049398] /dev/input/event1: 0003 0035 00005078
[   11556.049398] /dev/input/event1: 0003 0036 00004f65
[   11556.049398] /dev/input/event1: 0000 0000 00000000
[   11556.136345] /dev/input/event1: 0003 003a 00000000
[   11556.136345] /dev/input/event1: 0003 0039 ffffffff
[   11556.136345] /dev/input/event1: 0000 0000 00000000
[   11557.073710] /dev/input/event1: 0003 0039 00000000
[   11557.073710] /dev/input/event1: 0003 0030 000005cd
[   11557.073710] /dev/input/event1: 0003 003a 00000081
[   11557.073710] /dev/input/event1: 0003 0035 00003b05
[   11557.073710] /dev/input/event1: 0003 0036 00004fff
[   11557.073710] /dev/input/event1: 0000 0000 00000000
[   11557.200307] /dev/input/event1: 0003 003a 00000000
[   11557.200307] /dev/input/event1: 0003 0039 ffffffff
[   11557.200307] /dev/input/event1: 0000 0000 00000000
[   11559.289211] /dev/input/event1: 0003 0039 00000000
[   11559.289211] /dev/input/event1: 0003 0030 000005ce
[   11559.289211] /dev/input/event1: 0003 003a 00000081
[   11559.289211] /dev/input/event1: 0003 0035 00003dfb
[   11559.289211] /dev/input/event1: 0003 0036 00007076
[   11559.289211] /dev/input/event1: 0000 0000 00000000
[   11559.440704] /dev/input/event1: 0003 003a 00000000
[   11559.440704] /dev/input/event1: 0003 0039 ffffffff
[   11559.440704] /dev/input/event1: 0000 0000 00000000
[   11560.953822] /dev/input/event1: 0003 0039 00000000
[   11560.953822] /dev/input/event1: 0003 0030 000005cf
[   11560.953822] /dev/input/event1: 0003 003a 00000081
[   11560.953822] /dev/input/event1: 0003 0035 0000595c
[   11560.953822] /dev/input/event1: 0003 0036 00006610
[   11560.953822] /dev/input/event1: 0000 0000 00000000
[   11561.088940] /dev/input/event1: 0003 003a 00000000
[   11561.088940] /dev/input/event1: 0003 0039 ffffffff
[   11561.088940] /dev/input/event1: 0000 0000 00000000
[   11562.010248] /dev/input/event1: 0003 0039 00000000
[   11562.010248] /dev/input/event1: 0003 0030 000005d0
[   11562.010248] /dev/input/event1: 0003 003a 00000081
[   11562.010248] /dev/input/event1: 0003 0035 00003fa4
[   11562.010248] /dev/input/event1: 0003 0036 00006632
[   11562.010248] /dev/input/event1: 0000 0000 00000000
[   11562.121099] /dev/input/event1: 0003 003a 00000000
[   11562.121099] /dev/input/event1: 0003 0039 ffffffff
[   11562.121099] /dev/input/event1: 0000 0000 00000000
[   11563.265904] /dev/input/event1: 0003 0039 00000000
[   11563.265904] /dev/input/event1: 0003 0030 000005d1
[   11563.265904] /dev/input/event1: 0003 003a 00000081
[   11563.265904] /dev/input/event1: 0003 0035 00005e56
[   11563.265904] /dev/input/event1: 0003 0036 00004f87
[   11563.265904] /dev/input/event1: 0000 0000 00000000
[   11563.409035] /dev/input/event1: 0003 003a 00000000
[   11563.409035] /dev/input/event1: 0003 0039 ffffffff
[   11563.409035] /dev/input/event1: 0000 0000 00000000
[   11564.850480] /dev/input/event1: 0003 0039 00000000
[   11564.850480] /dev/input/event1: 0003 0030 000005d2
[   11564.850480] /dev/input/event1: 0003 003a 00000081
[   11564.850480] /dev/input/event1: 0003 0035 000026df
[   11564.850480] /dev/input/event1: 0003 0036 00005a21
[   11564.850480] /dev/input/event1: 0000 0000 00000000
[   11564.985350] /dev/input/event1: 0003 003a 00000000
[   11564.985350] /dev/input/event1: 0003 0039 ffffffff
[   11564.985350] /dev/input/event1: 0000 0000 00000000
[   11566.898554] /dev/input/event1: 0003 0039 00000000
[   11566.898554] /dev/input/event1: 0003 0030 000005d3
[   11566.898554] /dev/input/event1: 0003 003a 00000081
[   11566.898554] /dev/input/event1: 0003 0035 00005f67
[   11566.898554] /dev/input/event1: 0003 0036 00005032
[   11566.898554] /dev/input/event1: 0000 0000 00000000
[   11567.041524] /dev/input/event1: 0003 003a 00000000
[   11567.041524] /dev/input/event1: 0003 0039 ffffffff
[   11567.041524] /dev/input/event1: 0000 0000 00000000
[   11568.211194] /dev/input/event1: 0003 0039 00000000
[   11568.211194] /dev/input/event1: 0003 0030 000005d4
[   11568.211194] /dev/input/event1: 0003 003a 00000081
[   11568.211194] /dev/input/event1: 0003 0035 00000ceb
[   11568.211194] /dev/input/event1: 0003 0036 00005abb
[   11568.211194] /dev/input/event1: 0000 0000 00000000
[   11568.410204] /dev/input/event1: 0003 003a 00000000
[   11568.410204] /dev/input/event1: 0003 0039 ffffffff
[   11568.410204] /dev/input/event1: 0000 0000 00000000
[   11570.738798] /dev/input/event1: 0003 0039 00000000
[   11570.738798] /dev/input/event1: 0003 0030 000005d5
[   11570.738798] /dev/input/event1: 0003 003a 00000081
[   11570.738798] /dev/input/event1: 0003 0035 00003fff
[   11570.738798] /dev/input/event1: 0003 0036 00007021
[   11570.738798] /dev/input/event1: 0000 0000 00000000
[   11570.890241] /dev/input/event1: 0003 003a 00000000
[   11570.890241] /dev/input/event1: 0003 0039 ffffffff
[   11570.890241] /dev/input/event1: 0000 0000 00000000
[   11571.691122] /dev/input/event1: 0003 0039 00000000
[   11571.691122] /dev/input/event1: 0003 0030 000005d6
[   11571.691122] /dev/input/event1: 0003 003a 00000081
[   11571.691122] /dev/input/event1: 0003 0035 00001a31
[   11571.691122] /dev/input/event1: 0003 0036 00005add
[   11571.691122] /dev/input/event1: 0000 0000 00000000
[   11571.850004] /dev/input/event1: 0003 0035 00001a6d
[   11571.850004] /dev/input/event1: 0000 0000 00000000
[   11571.858252] /dev/input/event1: 0003 0035 00001aaa
[   11571.858252] /dev/input/event1: 0003 0036 00005abb
[   11571.858252] /dev/input/event1: 0000 0000 00000000
[   11571.858520] /dev/input/event1: 0003 003a 00000000
[   11571.858520] /dev/input/event1: 0003 0039 ffffffff
[   11571.858520] /dev/input/event1: 0000 0000 00000000
[   11572.547522] /dev/input/event1: 0003 0039 00000000
[   11572.547522] /dev/input/event1: 0003 0030 000005d7
[   11572.547522] /dev/input/event1: 0003 003a 00000081
[   11572.547522] /dev/input/event1: 0003 0035 00003a30
[   11572.547522] /dev/input/event1: 0003 0036 00004fff
[   11572.547522] /dev/input/event1: 0000 0000 00000000
[   11572.562211] /dev/input/event1: 0003 0035 00003a6d
[   11572.562211] /dev/input/event1: 0003 0036 00004fdd
[   11572.562211] /dev/input/event1: 0000 0000 00000000
[   11572.650299] /dev/input/event1: 0003 003a 00000000
[   11572.650299] /dev/input/event1: 0003 0039 ffffffff
[   11572.650299] /dev/input/event1: 0000 0000 00000000
[   11573.514951] /dev/input/event1: 0003 0039 00000000
[   11573.514951] /dev/input/event1: 0003 0030 000005d8
[   11573.514951] /dev/input/event1: 0003 003a 00000081
[   11573.514951] /dev/input/event1: 0003 0035 00006aa9
[   11573.514951] /dev/input/event1: 0003 0036 00005054
[   11573.514951] /dev/input/event1: 0000 0000 00000000
[   11573.658493] /dev/input/event1: 0003 003a 00000000
[   11573.658493] /dev/input/event1: 0003 0039 ffffffff
[   11573.658493] /dev/input/event1: 0000 0000 00000000
[   11574.443694] /dev/input/event1: 0003 0039 00000000
[   11574.443694] /dev/input/event1: 0003 0030 000005d9
[   11574.443694] /dev/input/event1: 0003 003a 00000081
[   11574.443694] /dev/input/event1: 0003 0035 00003536
[   11574.443694] /dev/input/event1: 0003 0036 00006410
[   11574.443694] /dev/input/event1: 0000 0000 00000000
[   11574.562529] /dev/input/event1: 0003 003a 00000000
[   11574.562529] /dev/input/event1: 0003 0039 ffffffff
[   11574.562529] /dev/input/event1: 0000 0000 00000000
[   11575.699329] /dev/input/event1: 0003 0039 00000000
[   11575.699329] /dev/input/event1: 0003 0030 000005da
[   11575.699329] /dev/input/event1: 0003 003a 00000081
[   11575.699329] /dev/input/event1: 0003 0035 0000660a
[   11575.699329] /dev/input/event1: 0003 0036 00005c43
[   11575.699329] /dev/input/event1: 0000 0000 00000000
[   11575.818719] /dev/input/event1: 0003 003a 00000000
[   11575.818719] /dev/input/event1: 0003 0039 ffffffff
[   11575.818719] /dev/input/event1: 0000 0000 00000000
[   11577.219408] /dev/input/event1: 0003 0039 00000000
[   11577.219408] /dev/input/event1: 0003 0030 000005db
[   11577.219408] /dev/input/event1: 0003 003a 00000081
[   11577.219408] /dev/input/event1: 0003 0035 00003fa4
[   11577.219408] /dev/input/event1: 0003 0036 00007076
[   11577.219408] /dev/input/event1: 0000 0000 00000000
[   11577.338645] /dev/input/event1: 0003 0036 00007098
[   11577.338645] /dev/input/event1: 0000 0000 00000000
[   11577.339016] /dev/input/event1: 0003 003a 00000000
[   11577.339016] /dev/input/event1: 0003 0039 ffffffff
[   11577.339016] /dev/input/event1: 0000 0000 00000000
[   11578.700307] /dev/input/event1: 0003 0039 00000000
[   11578.700307] /dev/input/event1: 0003 0030 000005dc
[   11578.700307] /dev/input/event1: 0003 003a 00000081
[   11578.700307] /dev/input/event1: 0003 0035 0000195c
[   11578.700307] /dev/input/event1: 0003 0036 00005bcc
[   11578.700307] /dev/input/event1: 0000 0000 00000000
[   11578.835232] /dev/input/event1: 0003 003a 00000000
[   11578.835232] /dev/input/event1: 0003 0039 ffffffff
[   11578.835232] /dev/input/event1: 0000 0000 00000000
[   11580.324571] /dev/input/event1: 0003 0039 00000000
[   11580.324571] /dev/input/event1: 0003 0030 000005dd
[   11580.324571] /dev/input/event1: 0003 003a 00000081
[   11580.324571] /dev/input/event1: 0003 0035 0000795b
[   11580.324571] /dev/input/event1: 0003 0036 00004fdd
[   11580.324571] /dev/input/event1: 0000 0000 00000000
[   11580.459251] /dev/input/event1: 0003 003a 00000000
[   11580.459251] /dev/input/event1: 0003 0039 ffffffff
[   11580.459251] /dev/input/event1: 0000 0000 00000000
[   11581.748871] /dev/input/event1: 0003 0039 00000000
[   11581.748871] /dev/input/event1: 0003 0030 000005de
[   11581.748871] /dev/input/event1: 0003 003a 00000081
[   11581.748871] /dev/input/event1: 0003 0035 0000738d
[   11581.748871] /dev/input/event1: 0003 0036 00005a98
[   11581.748871] /dev/input/event1: 0000 0000 00000000
[   11581.883693] /dev/input/event1: 0003 003a 00000000
[   11581.883693] /dev/input/event1: 0003 0039 ffffffff
[   11581.883693] /dev/input/event1: 0000 0000 00000000
[   11583.156797] /dev/input/event1: 0003 0039 00000000
[   11583.156797] /dev/input/event1: 0003 0030 000005df
[   11583.156797] /dev/input/event1: 0003 003a 00000081
[   11583.156797] /dev/input/event1: 0003 0035 00005fff
[   11583.156797] /dev/input/event1: 0003 0036 00004fff
[   11583.156797] /dev/input/event1: 0000 0000 00000000
[   11583.259362] /dev/input/event1: 0003 0035 00005f67
[   11583.259362] /dev/input/event1: 0000 0000 00000000
[   11583.267254] /dev/input/event1: 0003 0035 00005f2a
[   11583.267254] /dev/input/event1: 0000 0000 00000000
[   11583.275252] /dev/input/event1: 0003 0035 00005dfb
[   11583.275252] /dev/input/event1: 0000 0000 00000000
[   11583.283358] /dev/input/event1: 0003 0035 00005b7e
[   11583.283358] /dev/input/event1: 0003 0036 00005032
[   11583.283358] /dev/input/event1: 0000 0000 00000000
[   11583.291363] /dev/input/event1: 0003 0035 00005998
[   11583.291363] /dev/input/event1: 0003 0036 00005054
[   11583.291363] /dev/input/event1: 0000 0000 00000000
[   11583.292059] /dev/input/event1: 0003 003a 00000000
[   11583.292059] /dev/input/event1: 0003 0039 ffffffff
[   11583.292059] /dev/input/event1: 0000 0000 00000000
[   11584.501020] /dev/input/event1: 0003 0039 00000000
[   11584.501020] /dev/input/event1: 0003 0030 000005e0
[   11584.501020] /dev/input/event1: 0003 003a 00000081
[   11584.501020] /dev/input/event1: 0003 0035 00003aaa
[   11584.501020] /dev/input/event1: 0003 0036 00004fff
[   11584.501020] /dev/input/event1: 0000 0000 00000000
[   11584.676492] /dev/input/event1: 00