add device 1: /dev/input/event0
  name:     "Power Button"
add device 2: /dev/input/event1
  name:     "qwerty2"
[   11996.203706] /dev/input/event1: 0003 0039 00000000
[   11996.203706] /dev/input/event1: 0003 0030 0000063e
[   11996.203706] /dev/input/event1: 0003 003a 00000081
[   11996.203706] /dev/input/event1: 0003 0035 00006a6d
[   11996.203706] /dev/input/event1: 0003 0036 00006f87
[   11996.203706] /dev/input/event1: 0000 0000 00000000
[   11996.390381] /dev/input/event1: 0003 003a 00000000
[   11996.390381] /dev/input/event1: 0003 0039 ffffffff
[   11996.390381] /dev/input/event1: 0000 0000 00000000
[   11999.079226] /dev/input/event1: 0003 0039 00000000
[   11999.079226] /dev/input/event1: 0003 0030 0000063f
[   11999.079226] /dev/input/event1: 0003 003a 00000081
[   11999.079226] /dev/input/event1: 0003 0035 000077ef
[   11999.079226] /dev/input/event1: 0003 0036 00000833
[   11999.079226] /dev/input/event1: 0000 0000 00000000
[   11999.270700] /dev/input/event1: 0003 003a 00000000
[   11999.270700] /dev/input/event1: 0003 0039 ffffffff
[   11999.270700] /dev/input/event1: 0000 0000 00000000
[   12003.023843] /dev/input/event1: 0003 0039 00000000
[   12003.023843] /dev/input/event1: 0003 0030 00000640
[   12003.023843] /dev/input/event1: 0003 003a 00000081
[   12003.023843] /dev/input/event1: 0003 0035 00006536
[   12003.023843] /dev/input/event1: 0003 0036 00000922
[   12003.023843] /dev/input/event1: 0000 0000 00000000
[   12003.223257] /dev/input/event1: 0003 003a 00000000
[   12003.223257] /dev/input/event1: 0003 0039 ffffffff
[   12003.223257] /dev/input/event1: 0000 0000 00000000
[   12005.192254] /dev/input/event1: 0003 0039 00000000
[   12005.192254] /dev/input/event1: 0003 0030 00000641
[   12005.192254] /dev/input/event1: 0003 003a 00000081
[   12005.192254] /dev/input/event1: 0003 0035 00004cea
[   12005.192254] /dev/input/event1: 0003 0036 00003aee
[   12005.192254] /dev/input/event1: 0000 0000 00000000
[   12005.335472] /dev/input/event1: 0003 003a 00000000
[   12005.335472] /dev/input/event1: 0003 0039 ffffffff
[   12005.335472] /dev/input/event1: 0000 0000 00000000
[   12007.440637] /dev/input/event1: 0003 0039 00000000
[   12007.440637] /dev/input/event1: 0003 0030 00000642
[   12007.440637] /dev/input/event1: 0003 003a 00000081
[   12007.440637] /dev/input/event1: 0003 0035 00004d27
[   12007.440637] /dev/input/event1: 0003 0036 000064ff
[   12007.440637] /dev/input/event1: 0000 0000 00000000
[   12007.567626] /dev/input/event1: 0003 0036 000064cc
[   12007.567626] /dev/input/event1: 0000 0000 00000000
[   12007.568031] /dev/input/event1: 0003 003a 00000000
[   12007.568031] /dev/input/event1: 0003 0039 ffffffff
[   12007.568031] /dev/input/event1: 0000 0000 00000000
[   12008.361198] /dev/input/event1: 0003 0039 00000000
[   12008.361198] /dev/input/event1: 0003 0030 00000643
[   12008.361198] /dev/input/event1: 0003 003a 00000081
[   12008.361198] /dev/input/event1: 0003 0035 00002c53
[   12008.361198] /dev/input/event1: 0003 0036 00004fbb
[   12008.361198] /dev/input/event1: 0000 0000 00000000
[   12008.463813] /dev/input/event1: 0003 003a 00000000
[   12008.463813] /dev/input/event1: 0003 0039 ffffffff
[   12008.463813] /dev/input/event1: 0000 0000 00000000
[   12008.937328] /dev/input/event1: 0003 0039 00000000
[   12008.937328] /dev/input/event1: 0003 0030 00000644
[   12008.937328] /dev/input/event1: 0003 003a 00000081
[   12008.937328] /dev/input/event1: 0003 0035 00001fa4
[   12008.937328] /dev/input/event1: 0003 0036 00004d32
[   12008.937328] /dev/input/event1: 0000 0000 00000000
[   12009.023912] /dev/input/event1: 0003 003a 00000000
[   12009.023912] /dev/input/event1: 0003 0039 ffffffff
[   12009.023912] /dev/input/event1: 0000 0000 00000000
[   12009.969212] /dev/input/event1: 0003 0039 00000000
[   12009.969212] /dev/input/event1: 0003 0030 00000645
[   12009.969212] /dev/input/event1: 0003 003a 00000081
[   12009.969212] /dev/input/event1: 0003 0035 00000b7e
[   12009.969212] /dev/input/event1: 0003 0036 00005a43
[   12009.969212] /dev/input/event1: 0000 0000 00000000
[   120