add device 1: /dev/input/event0
  name:     "Power Button"
add device 2: /dev/input/event1
  name:     "qwerty2"
[   11727.867425] /dev/input/event1: 0003 0039 00000000
[   11727.867425] /dev/input/event1: 0003 0030 00000609
[   11727.867425] /dev/input/event1: 0003 003a 00000081
[   11727.867425] /dev/input/event1: 0003 0035 0000695c
[   11727.867425] /dev/input/event1: 0003 0036 00006fa9
[   11727.867425] /dev/input/event1: 0000 0000 00000000
[   11728.101553] /dev/input/event1: 0003 003a 00000000
[   11728.101553] /dev/input/event1: 0003 0039 ffffffff
[   11728.101553] /dev/input/event1: 0000 0000 00000000
[   11731.142713] /dev/input/event1: 0003 0039 00000000
[   11731.142713] /dev/input/event1: 0003 0030 0000060a
[   11731.142713] /dev/input/event1: 0003 003a 00000081
[   11731.142713] /dev/input/event1: 0003 0035 00007900
[   11731.142713] /dev/input/event1: 0003 0036 00000811
[   11731.142713] /dev/input/event1: 0000 0000 00000000
[   11731.349732] /dev/input/event1: 0003 003a 00000000
[   11731.349732] /dev/input/event1: 0003 0039 ffffffff
[   11731.349732] /dev/input/event1: 0000 0000 00000000
[   11734.422919] /dev/input/event1: 0003 0039 00000000
[   11734.422919] /dev/input/event1: 0003 0030 0000060b
[   11734.422919] /dev/input/event1: 0003 003a 00000081
[   11734.422919] /dev/input/event1: 0003 0035 000060b5
[   11734.422919] /dev/input/event1: 0003 0036 000008aa
[   11734.422919] /dev/input/event1: 0000 0000 00000000
[   11734.630088] /dev/input/event1: 0003 003a 00000000
[   11734.630088] /dev/input/event1: 0003 0039 ffffffff
[   11734.630088] /dev/input/event1: 0000 0000 00000000
[   11737.431386] /dev/input/event1: 0003 0039 00000000
[   11737.431386] /dev/input/event1: 0003 0030 0000060c
[   11737.431386] /dev/input/event1: 0003 003a 00000081
[   11737.431386] /dev/input/event1: 0003 0035 0000495c
[   11737.431386] /dev/input/event1: 0003 0036 00003bff
[   11737.431386] /dev/input/event1: 0000 0000 00000000
[   11737.614541] /dev/input/event1: 0003 003a 00000000
[   11737.614541] /dev/input/event1: 0003 0039 ffffffff
[   11737.614541] /dev/input/event1: 0000 0000 00000000
[   11739.351692] /dev/input/event1: 0003 0039 00000000
[   11739.351692] /dev/input/event1: 0003 0030 0000060d
[   11739.351692] /dev/input/event1: 0003 003a 00000081
[   11739.351692] /dev/input/event1: 0003 0035 000007f0
[   11739.351692] /dev/input/event1: 0003 0036 000070ee
[   11739.351692] /dev/input/event1: 0000 0000 00000000
[   11739.358392] /dev/input/event1: 0003 0035 0000082d
[   11739.358392] /dev/input/event1: 0000 0000 00000000
[   11739.366431] /dev/input/event1: 0003 0035 00000888
[   11739.366431] /dev/input/event1: 0000 0000 00000000
[   11739.446594] /dev/input/event1: 0003 0035 000008c5
[   11739.446594] /dev/input/event1: 0000 0000 00000000
[   11739.446802] /dev/input/event1: 0003 003a 00000000
[   11739.446802] /dev/input/event1: 0003 0039 ffffffff
[   11739.446802] /dev/input/event1: 0000 0000 00000000
[   11740.608057] /dev/input/event1: 0003 0039 00000000
[   11740.608057] /dev/input/event1: 0003 0030 0000060e
[   11740.608057] /dev/input/event1: 0003 003a 00000081
[   11740.608057] /dev/input/event1: 0003 0035 0000060b
[   11740.608057] /dev/input/event1: 0003 0036 00004fbb
[   11740.608057] /dev/input/event1: 0000 0000 00000000
[   11740.718911] /dev/input/event1: 0003 003a 00000000
[   11740.718911] /dev/input/event1: 0003 0039 ffffffff
[   11740.718911] /dev/input/event1: 0000 0000 00000000
[   11743.912482] /dev/input/event1: 0003 0039 00000000
[   11743.912482] /dev/input/event1: 0003 0030 0000060f
[   11743.912482] /dev/input/event1: 0003 003a 00000081
[   11743.912482] /dev/input/event1: 0003 0035 00006536
[   11743.912482] /dev/input/event1: 0003 0036 00002aee
[   11743.912482] /dev/input/event1: 0000 0000 00000000
[   11743.975305] /dev/input/event1: 0003 0035 000064db
[   11743.975305] /dev/input/event1: 0003 0036 00002b10
[   11743.975305] /dev/input/event1: 0000 0000 00000000
[   11744.047146] /dev/input/event1: 0003 0035 0000649e
[   11744.047146] /dev/input/event1: 0003 0036 00002b43
[   11744.047146] /dev/input/event1: 0000 0000 00000000
[   11744.119263] /dev/input/event1: 0003 003a 00000000
[   11744.119263] /dev/input/event1: 0003 0039 ffffffff
[   11744.119263] /dev/input/event1: 0000 0000 00000000
[   11746.472323] /dev/input/event1: 0003 0039 00000000
[   11746.472323] /dev/input/event1: 0003 0030 00000610
[   11746.472323] /dev/input/event1: 0003 003a 00000081
[   11746.472323] /dev/input/event1: 0003 0035 000078c4
[   11746.472323] /dev/input/event1: 0003 0036 00000811
[   11746.472323] /dev/input/event1: 0000 0000 00000000
[   11746.639760] /dev/input/event1: 0003 003a 00000000
[   11746.639760] /dev/input/event1: 0003 0039 ffffffff
[   11746.639760] /dev/input/event1: 0000 0000 00000000
[   11749.272510] /dev/input/event1: 0003 0039 00000000
[   11749.272510] /dev/input/event1: 0003 0030 00000611
[   11749.272510] /dev/input/event1: 0003 003a 00000081
[   11749.272510] /dev/input/event1: 0003 0035 000061e4
[   11749.272510] /dev/input/event1: 0003 0036 000008cc
[   11749.272510] /dev/input/event1: 0000 0000 00000000
[   11749.623919] /dev/input/event1: 0003 003a 00000000
[   11749.623919] /dev/input/event1: 0003 0039 ffffffff
[   11749.623919] /dev/input/event1: 0000 0000 00000000
[   11752.297010] /dev/input/event1: 0003 0039 00000000
[   11752.297010] /dev/input/event1: 0003 0030 00000612
[   11752.297010] /dev/input/event1: 0003 003a 00000081
[   11752.297010] /dev/input/event1: 0003 0035 00004c16
[   11752.297010] /dev/input/event1: 0003 0036 00003bdd
[   11752.297010] /dev/input/event1: 0000 0000 00000000
[   11752.448418] /dev/input/event1: 0003 003a 00000000
[   11752.448418] /dev/input/event1: 0003 0039 ffffffff
[   11752.448418] /dev/input/event1: 0000 0000 00000000
[   11753.881638] /dev/input/event1: 0003 0039 00000000
[   11753.881638] /dev/input/event1: 0003 0030 00000613
[   11753.881638] /dev/input/event1: 0003 003a 00000081
[   11753.881638] /dev/input/event1: 0003 0035 000009d6
[   11753.881638] /dev/input/event1: 0003 0036 00007098
[   11753.881638] /dev/input/event1: 0000 0000 00000000
[   11753.992596] /dev/input/event1: 0003 003a 00000000
[   11753.992596] /dev/input/event1: 0003 0039 ffffffff
[   11753.992596] /dev/input/event1: 0000 0000 00000000
[   11754.865474] /dev/input/event1: 0003 0039 00000000
[   11754.865474] /dev/input/event1: 0003 0030 00000614
[   11754.865474] /dev/input/event1: 0003 003a 00000081
[   11754.865474] /dev/input/event1: 0003 0035 00001407
[   11754.865474] /dev/input/event1: 0003 0036 00004d32
[   11754.865474] /dev/input/event1: 0000 0000 00000000
[   11754.984758] /dev/input/event1: 0003 003a 00000000
[   11754.984758] /dev/input/event1: 0003 0039 ffffffff
[   11754.984758] /dev/input/event1: 0000 0000 00000000
[   11757.761933] /dev/input/event1: 0003 0039 00000000
[   11757.761933] /dev/input/event1: 0003 0030 00000615
[   11757.761933] /dev/input/event1: 0003 003a 00000081
[   11757.761933] /dev/input/event1: 0003 0035 000064db
[   11757.761933] /dev/input/event1: 0003 0036 00002bdd
[   11757.761933] /dev/input/event1: 0000 0000 00000000
[   11757.776686] /dev/input/event1: 0003 0035 00006536
[   11757.776686] /dev/input/event1: 0000 0000 00000000
[   11757.792866] /dev/input/event1: 0003 0036 00002bff
[   11757.792866] /dev/input/event1: 0000 0000 00000000
[   11757.800864] /dev/input/event1: 0003 0036 00002c32
[   11757.800864] /dev/input/event1: 0000 0000 00000000
[   11757.816794] /dev/input/event1: 0003 0036 00002c54
[   11757.816794] /dev/input/event1: 0000 0000 00000000
[   11757.824785] /dev/input/event1: 0003 0036 00002c77
[   11757.824785] /dev/input/event1: 0000 0000 00000000
[   11757.960958] /dev/input/event1: 0003 003a 00000000
[   11757.960958] /dev/input/event1: 0003 0039 ffffffff
[   11757.960958] /dev/input/event1: 0000 0000 00000000
[   11761.642795] /dev/input/event1: 0003 0039 00000000
[   11761.642795] /dev/input/event1: 0003 0030 00000616
[   11761.642795] /dev/input/event1: 0003 003a 00000081
[   11761.642795] /dev/input/event1: 0003 0035 0000782c
[   11761.642795] /dev/input/event1: 0003 0036 00000811
[   11761.64279