add device 1: /dev/input/event0
  name:     "Power Button"
add device 2: /dev/input/event1
  name:     "qwerty2"
[   11910.578226] /dev/input/event1: 0003 0039 00000000
[   11910.578226] /dev/input/event1: 0003 0030 00000626
[   11910.578226] /dev/input/event1: 0003 003a 00000081
[   11910.578226] /dev/input/event1: 0003 0035 00006998
[   11910.578226] /dev/input/event1: 0003 0036 00006fa9
[   11910.578226] /dev/input/event1: 0000 0000 00000000
[   11910.771917] /dev/input/event1: 0003 003a 00000000
[   11910.771917] /dev/input/event1: 0003 0039 ffffffff
[   11910.771917] /dev/input/event1: 0000 0000 00000000
[   11913.700874] /dev/input/event1: 0003 0039 00000000
[   11913.700874] /dev/input/event1: 0003 0030 00000627
[   11913.700874] /dev/input/event1: 0003 003a 00000081
[   11913.700874] /dev/input/event1: 0003 0035 00007900
[   11913.700874] /dev/input/event1: 0003 0036 000008ee
[   11913.700874] /dev/input/event1: 0000 0000 00000000
[   11913.836255] /dev/input/event1: 0003 003a 00000000
[   11913.836255] /dev/input/event1: 0003 0039 ffffffff
[   11913.836255] /dev/input/event1: 0000 0000 00000000
[   11915.901223] /dev/input/event1: 0003 0039 00000000
[   11915.901223] /dev/input/event1: 0003 0030 00000628
[   11915.901223] /dev/input/event1: 0003 003a 00000081
[   11915.901223] /dev/input/event1: 0003 0035 00006536
[   11915.901223] /dev/input/event1: 0003 0036 00000888
[   11915.901223] /dev/input/event1: 0000 0000 00000000
[   11916.116555] /dev/input/event1: 0003 003a 00000000
[   11916.116555] /dev/input/event1: 0003 0039 ffffffff
[   11916.116555] /dev/input/event1: 0000 0000 00000000
[   11919.390005] /dev/input/event1: 0003 0039 00000000
[   11919.390005] /dev/input/event1: 0003 0030 00000629
[   11919.390005] /dev/input/event1: 0003 003a 00000081
[   11919.390005] /dev/input/event1: 0003 0035 00004d27
[   11919.390005] /dev/input/event1: 0003 0036 00003bdd
[   11919.390005] /dev/input/event1: 0000 0000 00000000
[   11919.597206] /dev/input/event1: 0003 003a 00000000
[   11919.597206] /dev/input/event1: 0003 0039 ffffffff
[   11919.597206] /dev/input/event1: 0000 0000 00000000
[   11921.486109] /dev/input/event1: 0003 0039 00000000
[   11921.486109] /dev/input/event1: 0003 0030 0000062a
[   11921.486109] /dev/input/event1: 0003 003a 00000081
[   11921.486109] /dev/input/event1: 0003 0035 00001221
[   11921.486109] /dev/input/event1: 0003 0036 00004eee
[   11921.486109] /dev/input/event1: 0000 0000 00000000
[   11921.573038] /dev/input/event1: 0003 0035 0000125e
[   11921.573038] /dev/input/event1: 0000 0000 00000000
[   11921.573421] /dev/input/event1: 0003 003a 00000000
[   11921.573421] /dev/input/event1: 0003 0039 ffffffff
[   11921.573421] /dev/input/event1: 0000 0000 00000000
[   11922.494221] /dev/input/event1: 0003 0039 00000000
[   11922.494221] /dev/input/event1: 0003 0030 0000062b
[   11922.494221] /dev/input/event1: 0003 003a 00000081
[   11922.494221] /dev/input/event1: 0003 0035 00006c52
[   11922.494221] /dev/input/event1: 0003 0036 00004e21
[   11922.494221] /dev/input/event1: 0000 0000 00000000
[   11922.597031] /dev/input/event1: 0003 0036 00004e76
[   11922.597031] /dev/input/event1: 0000 0000 00000000
[   11922.597317] /dev/input/event1: 0003 003a 00000000
[   11922.597317] /dev/input/event1: 0003 0039 ffffffff
[   11922.597317] /dev/input/event1: 0000 0000 00000000
[   11923.230366] /dev/input/event1: 0003 0039 00000000
[   11923.230366] /dev/input/event1: 0003 0030 0000062c
[   11923.230366] /dev/input/event1: 0003 003a 00000081
[   11923.230366] /dev/input/event1: 0003 0035 00002b05
[   11923.230366] /dev/input/event1: 0003 0036 00004f43
[   11923.230366] /dev/input/event1: 0000 0000 00000000
[   11923.341351] /dev/input/event1: 0003 003a 00000000
[   11923.341351] /dev/input/event1: 0003 0039 ffffffff
[   11923.341351] /dev/input/event1: 0000 0000 00000000
[   11924.150577] /dev/input/event1: 0003 0039 00000000
[   11924.150577] /dev/input/event1: 0003 0030 0000062d
[   11924.150577] /dev/input/event1: 0003 003a 00000081
[   11924.150577] /dev/input/event1: 0003 0035 00006406
[   11924.150577] /dev/input/event1: 0003 0036 00005abb
[   11924.150577] /dev/input/event1: 0000 0000 00000000
[   11924.277476] /dev/input/event1: 0003 003a 00000000
[   11924.277476] /dev/input/event1: 0003 0039 ffffffff
[   11924.277476] /dev/input/event1: 0000 0000 00000000
[   11925.342330] /dev/input/event1: 0003 0039 00000000
[   11925.342330] /dev/input/event1: 0003 0030 0000062e
[   11925.342330] /dev/input/event1: 0003 003a 00000081
[   11925.342330] /dev/input/event1: 0003 0035 00006aa9
[   11925.342330] /dev/input/event1: 0003 0036 00005054
[   11925.342330] /dev/input/event1: 0000 0000 00000000
[   11925.461722] /dev/input/event1: 0003 003a 00000000
[   11925.461722] /dev/input/event1: 0003 0039 ffffffff
[   11925.461722] /dev/input/event1: 0000 0000 00000000
[   11926.574573] /dev/input/event1: 0003 0039 00000000
[   11926.574573] /dev/input/event1: 0003 0030 0000062f
[   11926.574573] /dev/input/event1: 0003 003a 00000081
[   11926.574573] /dev/input/event1: 0003 0035 00005332
[   11926.574573] /dev/input/event1: 0003 0036 000050ee
[   11926.574573] /dev/input/event1: 0000 0000 00000000
[   11926.669676] /dev/input/event1: 0003 003a 00000000
[   11926.669676] /dev/input/event1: 0003 0039 ffffffff
[   11926.669676] /dev/input/event1: 0000 0000 00000000
[   11927.447271] /dev/input/event1: 0003 0039 00000000
[   11927.447271] /dev/input/event1: 0003 0030 00000630
[   11927.447271] /dev/input/event1: 0003 003a 00000081
[   11927.447271] /dev/input/event1: 0003 0035 000039d5
[   11927.447271] /dev/input/event1: 0003 0036 00004fff
[   11927.447271] /dev/input/event1: 0000 0000 00000000
[   11927.597995] /dev/input/event1: 0003 003a 00000000
[   11927.597995] /dev/input/event1: 0003 0039 ffffffff
[   11927.597995] /dev/input/event1: 0000 0000 00000000
[   11931.831433] /dev/input/event1: 0003 0039 00000000
[   11931.831433] /dev/input/event1: 0003 0030 00000631
[   11931.831433] /dev/input/event1: 0003 003a 00000081
[   11931.831433] /dev/input/event1: 0003 0035 00006536
[   11931.831433] /dev/input/event1: 0003 0036 00002b43
[   11931.831433] /dev/input/event1: 0000 0000 00000000
[   11932.022339] /dev/input/event1: 0003 003a 00000000
[   11932.022339] /dev/input/event1: 0003 0039 ffffffff
[   11932.022339] /dev/input/event1: 0000 0000 00000000
[   11935.303737] /dev/input/event1: 0003 0039 00000000
[   11935.303737] /dev/input/event1: 0003 0030 00000632
[   11935.303737] /dev/input/event1: 0003 003a 00000081
[   11935.303737] /dev/input/event1: 0003 0035 000078c4
[   11935.303737] /dev/input/event1: 0003 0036 00000944
[   11935.303737] /dev/input/event1: 0000 0000 00000000
[   11935.446583] /dev/input/event1: 0003 0036 00000966
[   11935.446583] /dev/input/event1: 0000 0000 00000000
[   11935.454707] /dev/input/event1: 0003 003a 00000000
[   11935.454707] /dev/input/event1: 0003 0039 ffffffff
[   11935.454707] /dev/input/event1: 0000 0000 00000000
[   11938.087917] /dev/input/event1: 0003 0039 00000000
[   11938.087917] /dev/input/event1: 0003 0030 00000633
[   11938.087917] /dev/input/event1: 0003 003a 00000081
[   11938.087917] /dev/input/event1: 0003 0035 0000638d
[   11938.087917] /dev/input/event1: 0003 0036 00001966
[   11938.087917] /dev/input/event1: 0000 0000 00000000
[   11938.255214] /dev/input/event1: 0003 003a 00000000
[   11938.255214] /dev/input/event1: 0003 0039 ffffffff
[   11938.255214] /dev/input/event1: 0000 0000 00000000
[   11942.752846] /dev/input/event1: 0003 0039 00000000
[   11942.752846] /dev/input/event1: 0003 0030 00000634
[   11942.752846] /dev/input/event1: 0003 003a 00000081
[   11942.752846] /dev/input/event1: 0003 0035 000041e4
[   11942.752846] /dev/input/event1: 0003 0036 00005376
[   11942.752846] /dev/input/event1: 0000 0000 00000000
[   11942.927821] /dev/input/event1: 0003 003a 00000000
[   11942.927821] /dev/input/event1: 0003 0039 ffffffff
[   11942.927821] /dev/input/event1: 0000 0000 00000000
[   11953.225856] /dev/input/event1: 0003 0039 00000000
[   11953.225856] /dev/input/event1: 0003 0030 00000635
[   11953.225856] /dev/input/event1: 0003 003a 00000081
[   11953.22585