add device 1: /dev/input/event0
  name:     "Power Button"
add device 2: /dev/input/event1
  name:     "qwerty2"
[   11619.414689] /dev/input/event1: 0003 0039 00000000
[   11619.414689] /dev/input/event1: 0003 0030 000005ea
[   11619.414689] /dev/input/event1: 0003 003a 00000081
[   11619.414689] /dev/input/event1: 0003 0035 00006998
[   11619.414689] /dev/input/event1: 0003 0036 00006fcb
[   11619.414689] /dev/input/event1: 0000 0000 00000000
[   11619.600112] /dev/input/event1: 0003 003a 00000000
[   11619.600112] /dev/input/event1: 0003 0039 ffffffff
[   11619.600112] /dev/input/event1: 0000 0000 00000000
[   11621.945114] /dev/input/event1: 0003 0039 00000000
[   11621.945114] /dev/input/event1: 0003 0030 000005eb
[   11621.945114] /dev/input/event1: 0003 003a 00000081
[   11621.945114] /dev/input/event1: 0003 0035 0000795b
[   11621.945114] /dev/input/event1: 0003 0036 000008cc
[   11621.945114] /dev/input/event1: 0000 0000 00000000
[   11622.128343] /dev/input/event1: 0003 003a 00000000
[   11622.128343] /dev/input/event1: 0003 0039 ffffffff
[   11622.128343] /dev/input/event1: 0000 0000 00000000
[   11624.353279] /dev/input/event1: 0003 0039 00000000
[   11624.353279] /dev/input/event1: 0003 0030 000005ec
[   11624.353279] /dev/input/event1: 0003 003a 00000081
[   11624.353279] /dev/input/event1: 0003 0035 00006110
[   11624.353279] /dev/input/event1: 0003 0036 000008ee
[   11624.353279] /dev/input/event1: 0000 0000 00000000
[   11624.528765] /dev/input/event1: 0003 003a 00000000
[   11624.528765] /dev/input/event1: 0003 0039 ffffffff
[   11624.528765] /dev/input/event1: 0000 0000 00000000
[   11628.761992] /dev/input/event1: 0003 0039 00000000
[   11628.761992] /dev/input/event1: 0003 0030 000005ed
[   11628.761992] /dev/input/event1: 0003 003a 00000081
[   11628.761992] /dev/input/event1: 0003 0035 00004dfb
[   11628.761992] /dev/input/event1: 0003 0036 00003b88
[   11628.761992] /dev/input/event1: 0000 0000 00000000
[   11628.937535] /dev/input/event1: 0003 003a 00000000
[   11628.937535] /dev/input/event1: 0003 0039 ffffffff
[   11628.937535] /dev/input/event1: 0000 0000 00000000
[   11630.986738] /dev/input/event1: 0003 0039 00000000
[   11630.986738] /dev/input/event1: 0003 0030 000005ee
[   11630.986738] /dev/input/event1: 0003 003a 00000081
[   11630.986738] /dev/input/event1: 0003 0035 000077b3
[   11630.986738] /dev/input/event1: 0003 0036 00004fdd
[   11630.986738] /dev/input/event1: 0000 0000 00000000
[   11631.137622] /dev/input/event1: 0003 003a 00000000
[   11631.137622] /dev/input/event1: 0003 0039 ffffffff
[   11631.137622] /dev/input/event1: 0000 0000 00000000
[   11631.915107] /dev/input/event1: 0003 0039 00000000
[   11631.915107] /dev/input/event1: 0003 0030 000005ef
[   11631.915107] /dev/input/event1: 0003 003a 00000081
[   11631.915107] /dev/input/event1: 0003 0035 00005fa4
[   11631.915107] /dev/input/event1: 0003 0036 00004ecc
[   11631.915107] /dev/input/event1: 0000 0000 00000000
[   11632.033679] /dev/input/event1: 0003 003a 00000000
[   11632.033679] /dev/input/event1: 0003 0039 ffffffff
[   11632.033679] /dev/input/event1: 0000 0000 00000000
[   11633.266974] /dev/input/event1: 0003 0039 00000000
[   11633.266974] /dev/input/event1: 0003 0030 000005f0
[   11633.266974] /dev/input/event1: 0003 003a 00000081
[   11633.266974] /dev/input/event1: 0003 0035 00003407
[   11633.266974] /dev/input/event1: 0003 0036 00006576
[   11633.266974] /dev/input/event1: 0000 0000 00000000
[   11633.369691] /dev/input/event1: 0003 003a 00000000
[   11633.369691] /dev/input/event1: 0003 0039 ffffffff
[   11633.369691] /dev/input/event1: 0000 0000 00000000
[   11634.266911] /dev/input/event1: 0003 0039 00000000
[   11634.266911] /dev/input/event1: 0003 0030 000005f1
[   11634.266911] /dev/input/event1: 0003 003a 00000081
[   11634.266911] /dev/input/event1: 0003 0035 00006406
[   11634.266911] /dev/input/event1: 0003 0036 00005abb
[   11634.266911] /dev/input/event1: 0000 0000 00000000
[   11634.377927] /dev/input/event1: 0003 003a 00000000
[   11634.377927] /dev/input/event1: 0003 0039 ffffffff
[   11634.377927] /dev/input/event1: 0000 0000 00000000
[   11634.819226] /dev/input/event1: 0003 0039 00000000
[   11634.819226] /dev/input/event1: 0003 0030 000005f2
[   11634.819226] /dev/input/event1: 0003 003a 00000081
[   11634.819226] /dev/input/event1: 0003 0035 000051e4
[   11634.819226] /dev/input/event1: 0003 0036 00004e54
[   11634.819226] /dev/input/event1: 0000 0000 00000000
[   11634.945818] /dev/input/event1: 0003 003a 00000000
[   11634.945818] /dev/input/event1: 0003 0039 ffffffff
[   11634.945818] /dev/input/event1: 0000 0000 00000000
[   11635.819060] /dev/input/event1: 0003 0039 00000000
[   11635.819060] /dev/input/event1: 0003 0030 000005f3
[   11635.819060] /dev/input/event1: 0003 003a 00000081
[   11635.819060] /dev/input/event1: 0003 0035 000077b3
[   11635.819060] /dev/input/event1: 0003 0036 00004fff
[   11635.819060] /dev/input/event1: 0000 0000 00000000
[   11635.914051] /dev/input/event1: 0003 003a 00000000
[   11635.914051] /dev/input/event1: 0003 0039 ffffffff
[   11635.914051] /dev/input/event1: 0000 0000 00000000
[   11638.507114] /dev/input/event1: 0003 0039 00000000
[   11638.507114] /dev/input/event1: 0003 0030 000005f4
[   11638.507114] /dev/input/event1: 0003 003a 00000081
[   11638.507114] /dev/input/event1: 0003 0035 0000403c
[   11638.507114] /dev/input/event1: 0003 0036 00007098
[   11638.507114] /dev/input/event1: 0000 0000 00000000
[   11638.658611] /dev/input/event1: 0003 003a 00000000
[   11638.658611] /dev/input/event1: 0003 0039 ffffffff
[   11638.658611] /dev/input/event1: 0000 0000 00000000
[   11639.867858] /dev/input/event1: 0003 0039 00000000
[   11639.867858] /dev/input/event1: 0003 0030 000005f5
[   11639.867858] /dev/input/event1: 0003 003a 00000081
[   11639.867858] /dev/input/event1: 0003 0035 0000795b
[   11639.867858] /dev/input/event1: 0003 0036 00004f43
[   11639.867858] /dev/input/event1: 0000 0000 00000000
[   11640.002585] /dev/input/event1: 0003 003a 00000000
[   11640.002585] /dev/input/event1: 0003 0039 ffffffff
[   11640.002585] /dev/input/event1: 0000 0000 00000000
[   11641.923725] /dev/input/event1: 0003 0039 00000000
[   11641.923725] /dev/input/event1: 0003 0030 000005f6
[   11641.923725] /dev/input/event1: 0003 003a 00000081
[   11641.923725] /dev/input/event1: 0003 0035 00004c16
[   11641.923725] /dev/input/event1: 0003 0036 00005abb
[   11641.923725] /dev/input/event1: 0000 0000 00000000
[   11642.026787] /dev/input/event1: 0003 003a 00000000
[   11642.026787] /dev/input/event1: 0003 0039 ffffffff
[   11642.026787] /dev/input/event1: 0000 0000 00000000
[   11643.619810] /dev/input/event1: 0003 0039 00000000
[   11643.619810] /dev/input/event1: 0003 0030 000005f7
[   11643.619810] /dev/input/event1: 0003 003a 00000081
[   11643.619810] /dev/input/event1: 0003 0035 00006c52
[   11643.619810] /dev/input/event1: 0003 0036 00005032
[   11643.619810] /dev/input/event1: 0000 0000 00000000
[   11643.706809] /dev/input/event1: 0003 0035 00006c15
[   11643.706809] /dev/input/event1: 0000 0000 00000000
[   11643.722674] /dev/input/event1: 0003 0035 00006bd9
[   11643.722674] /dev/input/event1: 0003 0036 00005054
[   11643.722674] /dev/input/event1: 0000 0000 00000000
[   11643.730796] /dev/input/event1: 0003 0035 00006b7e
[   11643.730796] /dev/input/event1: 0000 0000 00000000
[   11643.731129] /dev/input/event1: 0003 003a 00000000
[   11643.731129] /dev/input/event1: 0003 0039 ffffffff
[   11643.731129] /dev/input/event1: 0000 0000 00000000
[   11644.988512] /dev/input/event1: 0003 0039 00000000
[   11644.988512] /dev/input/event1: 0003 0030 000005f8
[   11644.988512] /dev/input/event1: 0003 003a 00000081
[   11644.988512] /dev/input/event1: 0003 0035 00005901
[   11644.988512] /dev/input/event1: 0003 0036 00006632
[   11644.988512] /dev/input/event1: 0000 0000 00000000
[   11645.099251] /dev/input/event1: 0003 003a 00000000
[   11645.099251] /dev/input/event1: 0003 0039 ffffffff
[   11645.099251] /dev/input/event1: 0000 0000 00000000
[   11646.644181] /dev/input/event1: 0003 0039 00000000
[   11646.644181] /dev/input/event1: 0003 0030 000005f9
[   11646.64418