add device 1: /dev/input/event0
  name:     "Power Button"
add device 2: /dev/input/event1
  name:     "qwerty2"
[  246121.790266] /dev/input/event1: 0003 0039 00000000
[  246121.790266] /dev/input/event1: 0003 0030 0000038b
[  246121.790266] /dev/input/event1: 0003 003a 00000081
[  246121.790266] /dev/input/event1: 0003 0035 0000405a
[  246121.790266] /dev/input/event1: 0003 0036 000018aa
[  246121.790266] /dev/input/event1: 0000 0000 00000000
[  246121.905102] /dev/input/event1: 0003 003a 00000000
[  246121.905102] /dev/input/event1: 0003 0039 ffffffff
[  246121.905102] /dev/input/event1: 0000 0000 00000000
[  246123.973345] /dev/input/event1: 0003 0039 00000000
[  246123.973345] /dev/input/event1: 0003 0030 0000038c
[  246123.973345] /dev/input/event1: 0003 003a 00000081
[  246123.973345] /dev/input/event1: 0003 0035 00003332
[  246123.973345] /dev/input/event1: 0003 0036 00003d65
[  246123.973345] /dev/input/event1: 0000 0000 00000000
[  246124.069157] /dev/input/event1: 0003 003a 00000000
[  246124.069157] /dev/input/event1: 0003 0039 ffffffff
[  246124.069157] /dev/input/event1: 0000 0000 00000000
[  246125.736980] /dev/input/event1: 0003 0039 00000000
[  246125.736980] /dev/input/event1: 0003 0030 0000038d
[  246125.736980] /dev/input/event1: 0003 003a 00000081
[  246125.736980] /dev/input/event1: 0003 0035 000036fd
[  246125.736980] /dev/input/event1: 0003 0036 00004faa
[  246125.736980] /dev/input/event1: 0000 0000 00000000
[  246125.831640] /dev/input/event1: 0003 003a 00000000
[  246125.831640] /dev/input/event1: 0003 0039 ffffffff
[  246125.831640] /dev/input/event1: 0000 0000 00000000
[  246126.923153] /dev/input/event1: 0003 0039 00000000
[  246126.923153] /dev/input/event1: 0003 0030 0000038e
[  246126.923153] /dev/input/event1: 0003 003a 00000081
[  246126.923153] /dev/input/event1: 0003 0035 000014db
[  246126.923153] /dev/input/event1: 0003 0036 000073dc
[  246126.923153] /dev/input/event1: 0000 0000 00000000
[  246127.001299] /dev/input/event1: 0003 003a 00000000
[  246127.001299] /dev/input/event1: 0003 0039 ffffffff
[  246127.001299] /dev/input/event1: 0000 0000 00000000
[  246128.269208] /dev/input/event1: 0003 0039 00000000
[  246128.269208] /dev/input/event1: 0003 0030 0000038f
[  246128.269208] /dev/input/event1: 0003 003a 00000081
[  246128.269208] /dev/input/event1: 0003 0035 0000549e
[  246128.269208] /dev/input/event1: 0003 0036 000052aa
[  246128.269208] /dev/input/event1: 0000 0000 00000000
[  246128.347262] /dev/input/event1: 0003 003a 00000000
[  246128.347262] /dev/input/event1: 0003 0039 ffffffff
[  246128.347262] /dev/input/event1: 0000 0000 00000000
[  246129.149358] /dev/input/event1: 0003 0039 00000000
[  246129.149358] /dev/input/event1: 0003 0030 00000390
[  246129.149358] /dev/input/event1: 0003 003a 00000081
[  246129.149358] /dev/input/event1: 0003 0035 0000427c
[  246129.149358] /dev/input/event1: 0003 0036 000032ff
[  246129.149358] /dev/input/event1: 0000 0000 00000000
[  246129.275173] /dev/input/event1: 0003 003a 00000000
[  246129.275173] /dev/input/event1: 0003 0039 ffffffff
[  246129.275173] /dev/input/event1: 0000 0000 00000000
[  246131.825110] /dev/input/event1: 0003 0039 00000000
[  246131.825110] /dev/input/event1: 0003 0030 00000391
[  246131.825110] /dev/input/event1: 0003 003a 00000081
[  246131.825110] /dev/input/event1: 0003 0035 000040f2
[  246131.825110] /dev/input/event1: 0003 0036 000021dd
[  246131.825110] /dev/input/event1: 0000 0000 00000000
[  246131.951144] /dev/input/event1: 0003 003a 00000000
[  246131.951144] /dev/input/event1: 0003 0039 ffffffff
[  246131.951144] /dev/input/event1: 0000 0000 00000000
[  246134.581516] /dev/input/event1: 0003 0039 00000000
[  246134.581516] /dev/input/event1: 0003 0030 00000392
[  246134.581516] /dev/input/event1: 0003 003a 00000081
[  246134.581516] /dev/input/event1: 0003 0035 00007665
[  246134.581516] /dev/input/event1: 0003 0036 00007b87
[  246134.581516] /dev/input/event1: 0000 0000 00000000
[  246134.691485] /dev/input/event1: 0003 003a 00000000
[  246134.691485] /dev/input/event1: 0003 0039 ffffffff
[  246134.691485] /dev/input/event1: 0000 0000 00000000
[  246137.947135] /dev/input/event1: 0003 0039 00000000
[  246137.947135] /dev/input/event1: 0003 0030 00000393
[  246137.947135] /dev/input/event1: 0003 003a 00000081
[  246137.947135] /dev/input/event1: 0003 0035 0000693d
[  246137.947135] /dev/input/event1: 0003 0036 00006910
[  246137.947135] /dev/input/event1: 0000 0000 00000000
[  246138.041142] /dev/input/event1: 0003 003a 00000000
[  246138.041142] /dev/input/event1: 0003 0039 ffffffff
[  246138.041142] /dev/input/event1: 0000 0000 00000000
[  246140.005435] /dev/input/event1: 0003 0039 00000000
[  246140.005435] /dev/input/event1: 0003 0030 00000394
[  246140.005435] /dev/input/event1: 0003 003a 00000081
[  246140.005435] /dev/input/event1: 0003 0035 00000eee
[  246140.005435] /dev/input/event1: 0003 0036 00001344
[  246140.005435] /dev/input/event1: 0000 0000 00000000
[  246140.131339] /dev/input/event1: 0003 003a 00000000
[  246140.131339] /dev/input/event1: 0003 0039 ffffffff
[  246140.131339] /dev/input/event1: 0000 0000 00000000
[  246142.249005] /dev/input/event1: 0003 0039 00000000
[  246142.249005] /dev/input/event1: 0003 0030 00000395
[  246142.249005] /dev/input/event1: 0003 003a 00000081
[  246142.249005] /dev/input/event1: 0003 0035 00003536
[  246142.249005] /dev/input/event1: 0003 0036 00005032
[  246142.249005] /dev/input/event1: 0000 0000 00000000
[  246142.359860] /dev/input/event1: 0003 003a 00000000
[  246142.359860] /dev/input/event1: 0003 0039 ffffffff
[  246142.359860] /dev/input/event1: 0000 0000 00000000
[  246143.979260] /dev/input/event1: 0003 0039 00000000
[  246143.979260] /dev/input/event1: 0003 0030 00000396
[  246143.979260] /dev/input/event1: 0003 003a 00000081
[  246143.979260] /dev/input/event1: 0003 0035 00002b42
[  246143.979260] /dev/input/event1: 0003 0036 000031ff
[  246143.979260] /dev/input/event1: 0000 0000 00000000
[  246144.074123] /dev/input/event1: 0003 003a 00000000
[  246144.074123] /dev/input/event1: 0003 0039 ffffffff
[  246144.074123] /dev/input/event1: 0000 0000 00000000
[  246145.644041] /dev/input/event1: 0003 0039 00000000
[  246145.644041] /dev/input/event1: 0003 0030 00000397
[  246145.644041] /dev/input/event1: 0003 003a 00000081
[  246145.644041] /dev/input/event1: 0003 0035 000025ce
[  246145.644041] /dev/input/event1: 0003 0036 000020dd
[  246145.644041] /dev/input/event1: 0000 0000 00000000
[  246145.787581] /dev/input/event1: 0003 003a 00000000
[  246145.787581] /dev/input/event1: 0003 0039 ffffffff
[  246145.787581] /dev/input/event1: 0000 0000 00000000
[  246148.067485] /dev/input/event1: 0003 0039 00000000
[  246148.067485] /dev/input/event1: 0003 0030 00000398
[  246148.067485] /dev/input/event1: 0003 003a 00000081
[  246148.067485] /dev/input/event1: 0003 0035 000014db
[  246148.067485] /dev/input/event1: 0003 0036 00005ba9
[  246148.067485] /dev/input/event1: 0000 0000 00000000
[  246148.159248] /dev/input/event1: 0003 003a 00000000
[  246148.159248] /dev/input/event1: 0003 0039 ffffffff
[  246148.159248] /dev/input/event1: 0000 0000 00000000
[  246149.139621] /dev/input/event1: 0003 0039 00000000
[  246149.139621] /dev/input/event1: 0003 0030 00000399
[  246149.139621] /dev/input/event1: 0003 003a 00000081
[  246149.139621] /dev/input/event1: 0003 0035 00003518
[  246149.139621] /dev/input/event1: 0000 0000 00000000
[  246149.233662] /dev/input/event1: 0003 003a 00000000
[  246149.233662] /dev/input/event1: 0003 0039 ffffffff
[  246149.233662] /dev/input/event1: 0000 0000 00000000
[  246151.036648] /dev/input/event1: 0003 0039 00000000
[  246151.036648] /dev/input/event1: 0003 0030 0000039a
[  246151.036648] /dev/input/event1: 0003 003a 00000081
[  246151.036648] /dev/input/event1: 0003 0035 00002d64
[  246151.036648] /dev/input/event1: 0003 0036 00003266
[  246151.036648] /dev/input/event1: 0000 0000 00000000
[  246151.131281] /dev/input/event1: 0003 003a 00000000
[  246151.131281] /dev/input/event1: 0003 0039 ffffffff
[  246151.131281] /dev/input/event1: 0000 0000 00000000
[  246152.985451] /dev/input/event1: 0003 0039 00000000
[  246152.985451] /dev/input/event1: 0003 0030 0000039b
[  246152.985451] /dev/input/event1: 0003 003a 00000081
[  246152.985451] /dev/input/event1: 0003 0035 00002d09
[  246152.985451] /dev/input/event1: 0003 0036 00002caa
[  246152.985451] /dev/input/event1: 0000 0000 00000000
[  246153.127440] /dev/input/event1: 0003 003a 00000000
[  246153.127440] /dev/input/event1: 0003 0039 ffffffff
[  246153.127440] /dev/input/event1: 0000 0000 00000000
[  246154.875436] /dev/input/event1: 0003 0039 00000000
[  246154.875436] /dev/input/event1: 0003 0030 0000039c
[  246154.875436] /dev/input/event1: 0003 003a 00000081
[  246154.875436] /dev/input/event1: 0003 0035 00002f86
[  246154.875436] /dev/input/event1: 0003 0036 000044cc
[  246154.875436] /dev/input/event1: 0000 0000 00000000
[  246154.987180] /dev/input/event1: 0003 003a 00000000
[  246154.987180] /dev/input/event1: 0003 0039 ffffffff
[  246154.987180] /dev/input/event1: 0000 0000 00000000
[  246157.168336] /dev/input/event1: 0003 0039 00000000
[  246157.168336] /dev/input/event1: 0003 0030 0000039d
[  246157.168336] /dev/input/event1: 0003 003a 00000081
[  246157.168336] /dev/input/event1: 0003 0035 000049f4
[  246157.168336] /dev/input/event1: 0003 0036 000038ff
[  246157.168336] /dev/input/event1: 0000 0000 00000000
[  246157.293931] /dev/input/event1: 0003 003a 00000000
[  246157.293931] /dev/input/event1: 0003 0039 ffffffff
[  246157.293931] /dev/input/event1: 0000 0000 00000000
[  246158.892672] /dev/input/event1: 0003 0039 00000000
[  246158.892672] /dev/input/event1: 0003 0030 0000039e
[  246158.892672] /dev/input/event1: 0003 003a 00000081
[  246158.892672] /dev/input/event1: 0003 0035 00004425
[  246158.892672] /dev/input/event1: 0003 0036 000043bb
[  246158.892672] /dev/input/event1: 0000 0000 00000000
[  246158.985013] /dev/input/event1: 0003 003a 00000000
[  246158.985013] /dev/input/event1: 0003 0039 ffffffff
[  246158.985013] /dev/input/event1: 0000 0000 00000000
[  246160.590358] /dev/input/event1: 0003 0039 00000000
[  246160.590358] /dev/input/event1: 0003 0030 0000039f
[  246160.590358] /dev/input/event1: 0003 003a 00000081
[  246160.590358] /dev/input/event1: 0003 0035 00003e1a
[  246160.590358] /dev/input/event1: 0003 0036 00004faa
[  246160.590358] /dev/input/event1: 0000 0000 00000000
[  246160.699397] /dev/input/event1: 0003 003a 00000000
[  246160.699397] /dev/input/event1: 0003 0039 ffffffff
[  246160.699397] /dev/input/event1: 0000 0000 00000000
[  246163.057564] /dev/input/event1: 0003 0039 00000000
[  246163.057564] /dev/input/event1: 0003 0030 000003a0
[  246163.057564] /dev/input/event1: 0003 003a 00000081
[  246163.057564] /dev/input/event1: 0003 0035 00003b60
[  246163.057564] /dev/input/event1: 0003 0036 00005b10
[  246163.057564] /dev/input/event1: 0000 0000 00000000
[  246163.167448] /dev/input/event1: 0003 003a 00000000
[  246163.167448] /dev/input/event1: 0003 0039 ffffffff
[  246163.167448] /dev/input/event1: 0000 0000 00000000
[  246164.835935] /dev/input/event1: 0003 0039 00000000
[  246164.835935] /dev/input/event1: 0003 0030 000003a1
[  246164.835935] /dev/input/event1: 0003 003a 00000081
[  246164.835935] /dev/input/event1: 0003 0035 000034f9
[  246164.835935] /dev/input/event1: 0003 0036 00006a76
[  246164.835935] /dev/input/event1: 0000 0000 00000000
[  246164.929029] /dev/input/event1: 0003 003a 00000000
[  246164.929029] /dev/input/event1: 0003 0039 ffffffff
[  246164.929029] /dev/input/event1: 0000 0000 00000000
[  246166.198141] /dev/input/event1: 0003 0039 00000000
[  246166.198141] /dev/input/event1: 0003 0030 000003a2
[  246166.198141] /dev/input/event1: 0003 003a 00000081
[  246166.198141] /dev/input/event1: 0003 0035 0000360a
[  246166.198141] /dev/input/event1: 0003 0036 00007243
[  246166.198141] /dev/input/event1: 0000 0000 00000000
[  246166.274879] /dev/input/event1: 0003 0036 00007232
[  246166.274879] /dev/input/event1: 0000 0000 00000000
[  246166.278774] /dev/input/event1: 0003 0035 00003629
[  246166.278774] /dev/input/event1: 0003 0036 000071ff
[  246166.278774] /dev/input/event1: 0000 0000 00000000
[  246166.290725] /dev/input/event1: 0003 0035 00003665
[  246166.290725] /dev/input/event1: 0003 0036 000071a9
[  246166.290725] /dev/input/event1: 0000 0000 00000000
[  246166.294567] /dev/input/event1: 0003 0036 00007165
[  246166.294567] /dev/input/event1: 0000 0000 00000000
[  246166.306862] /dev/input/event1: 0003 0035 00003684
[  246166.306862] /dev/input/event1: 0003 0036 00007132
[  246166.306862] /dev/input/event1: 0000 0000 00000000
[  246166.310674] /dev/input/event1: 0003 0036 000070dc
[  246166.310674] /dev/input/event1: 0000 0000 00000000
[  246166.322700] /dev/input/event1: 0003 0035 000036c0
[  246166.322700] /dev/input/event1: 0003 0036 000070a9
[  246166.322700] /dev/input/event1: 0000 0000 00000000
[  246166.326794] /dev/input/event1: 0003 0035 000036df
[  246166.326794] /dev/input/event1: 0003 0036 00007065
[  246166.326794] /dev/input/event1: 0000 0000 00000000
[  246166.339520] /dev/input/event1: 0003 0036 00006fff
[  246166.339520] /dev/input/event1: 0000 0000 00000000
[  246166.342488] /dev/input/event1: 0003 0036 00006fa9
[  246166.342488] /dev/input/event1: 0000 0000 00000000
[  246166.354895] /dev/input/event1: 0003 0036 00006f65
[  246166.354895] /dev/input/event1: 0000 0000 00000000
[  246166.358542] /dev/input/event1: 0003 0035 0000371c
[  246166.358542] /dev/input/event1: 0003 0036 00006eff
[  246166.358542] /dev/input/event1: 0000 0000 00000000
[  246166.371472] /dev/input/event1: 0003 0036 00006e98
[  246166.371472] /dev/input/event1: 0000 0000 00000000
[  246166.375376] /dev/input/event1: 0003 0036 00006e43
[  246166.375376] /dev/input/event1: 0000 0000 00000000
[  246166.389292] /dev/input/event1: 0003 0036 00006ddd
[  246166.389292] /dev/input/event1: 0000 0000 00000000
[  246166.392937] /dev/input/event1: 0003 0036 00006d65
[  246166.392937] /dev/input/event1: 0000 0000 00000000
[  246166.405068] /dev/input/event1: 0003 0036 00006cff
[  246166.405068] /dev/input/event1: 0000 0000 00000000
[  246166.409230] /dev/input/event1: 0003 0036 00006c98
[  246166.409230] /dev/input/event1: 0000 0000 00000000
[  246166.420726] /dev/input/event1: 0003 0036 00006c10
[  246166.420726] /dev/input/event1: 0000 0000 00000000
[  246166.425242] /dev/input/event1: 0003 0036 00006b98
[  246166.425242] /dev/input/event1: 0000 0000 00000000
[  246166.434829] /dev/input/event1: 0003 0036 00006b43
[  246166.434829] /dev/input/event1: 0000 0000 00000000
[  246166.439154] /dev/input/event1: 0003 0036 00006acb
[  246166.439154] /dev/input/event1: 0000 0000 00000000
[  246166.451389] /dev/input/event1: 0003 0036 00006a43
[  246166.451389] /dev/input/event1: 0000 0000 00000000
[  246166.455175] /dev/input/event1: 0003 0036 000069cb
[  246166.455175] /dev/input/event1: 0000 0000 00000000
[  246166.466945] /dev/input/event1: 0003 0036 00006943
[  246166.466945] /dev/input/event1: 0000 0000 00000000
[  246166.472669] /dev/input/event1: 0003 0036 000068cb
[  246166.472669] /dev/input/event1: 0000 0000 00000000
[  246166.482790] /dev/input/event1: 0003 0036 00006865
[  246166.482790] /dev/input/event1: 0000 0000 00000000
[  246166.487818] /dev/input/event1: 0003 0036 000067dd
[  246166.487818] /dev/input/event1: 0000 0000 00000000
[  246166.498934] /dev/input/event1: 0003 0036 00006776
[  246166.498934] /dev/input/event1: 0000 0000 00000000
[  246166.502894] /dev/input/event1: 0003 0036 00006710
[  246166.502894] /dev/input/event1: 0000 0000 00000000
[  246166.514724] /dev/input/event1: 0003 0036 000066a9
[  246166.514724] /dev/input/event1: 0000 0000 00000000
[  246166.519180] /dev/input/event1: 0003 0036 00006643
[  246166.519180] /dev/input/event1: 0000 0000 00000000
[  246166.530830] /dev/input/event1: 0003 0036 000065dd
[  246166.530830] /dev/input/event1: 0000 0000 00000000
[  246166.534707] /dev/input/event1: 0003 0036 00006576
[  246166.534707] /dev/input/event1: 0000 0000 00000000
[  246166.546824] /dev/input/event1: 0003 0036 00006532
[  246166.546824] /dev/input/event1: 0000 0000 00000000
[  246166.551007] /dev/input/event1: 0003 0036 000064cc
[  246166.551007] /dev/input/event1: 0000 0000 00000000
[  246166.564652] /dev/input/event1: 0003 0036 00006443
[  246166.564652] /dev/input/event1: 0000 0000 00000000
[  246166.568642] /dev/input/event1: 0003 0035 0000373a
[  246166.568642] /dev/input/event1: 0003 0036 000063dd
[  246166.568642] /dev/input/event1: 0000 0000 00000000
[  246166.581822] /dev/input/event1: 0003 0035 00003777
[  246166.581822] /dev/input/event1: 0003 0036 00006365
[  246166.581822] /dev/input/event1: 0000 0000 00000000
[  246166.584652] /dev/input/event1: 0003 0036 000062dd
[  246166.584652] /dev/input/event1: 0000 0000 00000000
[  246166.596659] /dev/input/event1: 0003 0036 00006276
[  246166.596659] /dev/input/event1: 0000 0000 00000000
[  246166.600610] /dev/input/event1: 0003 0035 00003795
[  246166.600610] /dev/input/event1: 0003 0036 00006210
[  246166.600610] /dev/input/event1: 0000 0000 00000000
[  246166.613612] /dev/input/event1: 0003 0035 000037d2
[  246166.613612] /dev/input/event1: 0003 0036 000061cc
[  246166.613612] /dev/input/event1: 0000 0000 00000000
[  246166.617388] /dev/input/event1: 0003 0035 000037f0
[  246166.617388] /dev/input/event1: 0003 0036 00006165
[  246166.617388] /dev/input/event1: 0000 0000 00000000
[  246166.629528] /dev/input/event1: 0003 0036 00006110
[  246166.629528] /dev/input/event1: 0000 0000 00000000
[  246166.634193] /dev/input/event1: 0003 0035 0000382d
[  246166.634193] /dev/input/event1: 0003 0036 000060cc
[  246166.634193] /dev/input/event1: 0000 0000 00000000
[  246166.644678] /dev/input/event1: 0003 0036 00006076
[  246166.644678] /dev/input/event1: 0000 0000 00000000
[  246166.648840] /dev/input/event1: 0003 0035 0000384b
[  246166.648840] /dev/input/event1: 0003 0036 00006010
[  246166.648840] /dev/input/event1: 0000 0000 00000000
[  246166.661100] /dev/input/event1: 0003 0035 00003888
[  246166.661100] /dev/input/event1: 0003 0036 00005fa9
[  246166.661100] /dev/input/event1: 0000 0000 00000000
[  246166.665454] /dev/input/event1: 0003 0036 00005f65
[  246166.665454] /dev/input/event1: 0000 0000 00000000
[  246166.676721] /dev/input/event1: 0003 0035 000038a6
[  246166.676721] /dev/input/event1: 0003 0036 00005eff
[  246166.676721] /dev/input/event1: 0000 0000 00000000
[  246166.683866] /dev/input/event1: 0003 0035 000038e3
[  246166.683866] /dev/input/event1: 0003 0036 00005e98
[  246166.683866] /dev/input/event1: 0000 0000 00000000
[  246166.694487] /dev/input/event1: 0003 0035 00003901
[  246166.694487] /dev/input/event1: 0003 0036 00005e32
[  246166.694487] /dev/input/event1: 0000 0000 00000000
[  246166.696600] /dev/input/event1: 0003 0036 00005dcc
[  246166.696600] /dev/input/event1: 0000 0000 00000000
[  246166.708864] /dev/input/event1: 0003 0035 0000393e
[  246166.708864] /dev/input/event1: 0003 0036 00005d76
[  246166.708864] /dev/input/event1: 0000 0000 00000000
[  246166.713240] /dev/input/event1: 0003 0036 00005d10
[  246166.713240] /dev/input/event1: 0000 0000 00000000
[  246166.725284] /dev/input/event1: 0003 0035 0000395c
[  246166.725284] /dev/input/event1: 0003 0036 00005ca9
[  246166.725284] /dev/input/event1: 0000 0000 00000000
[  246166.728719] /dev/input/event1: 0003 0035 00003999
[  246166.728719] /dev/input/event1: 0003 0036 00005c65
[  246166.728719] /dev/input/event1: 0000 0000 00000000
[  246166.742377] /dev/input/event1: 0003 0035 000039b7
[  246166.742377] /dev/input/event1: 0003 0036 00005bff
[  246166.742377] /dev/input/event1: 0000 0000 00000000
[  246166.747425] /dev/input/event1: 0003 0036 00005bcc
[  246166.747425] /dev/input/event1: 0000 0000 00000000
[  246166.756577] /dev/input/event1: 0003 0036 00005b65
[  246166.756577] /dev/input/event1: 0000 0000 00000000
[  246166.761455] /dev/input/event1: 0003 0036 00005b32
[  246166.761455] /dev/input/event1: 0000 0000 00000000
[  246166.772927] /dev/input/event1: 0003 0035 000039f4
[  246166.772927] /dev/input/event1: 0003 0036 00005acc
[  246166.772927] /dev/input/event1: 0000 0000 00000000
[  246166.777176] /dev/input/event1: 0003 0036 00005a98
[  246166.777176] /dev/input/event1: 0000 0000 00000000
[  246166.793163] /dev/input/event1: 0003 0036 00005a43
[  246166.793163] /dev/input/event1: 0000 0000 00000000
[  246166.797347] /dev/input/event1: 0003 0035 00003a12
[  246166.797347] /dev/input/event1: 0003 0036 000059ff
[  246166.797347] /dev/input/event1: 0000 0000 00000000
[  246166.806010] /dev/input/event1: 0003 0035 00003a4f
[  246166.806010] /dev/input/event1: 0003 0036 00005976
[  246166.806010] /dev/input/event1: 0000 0000 00000000
[  246166.809093] /dev/input/event1: 0003 0036 00005932
[  246166.809093] /dev/input/event1: 0000 0000 00000000
[  246166.820815] /dev/input/event1: 0003 0035 00003a6d
[  246166.820815] /dev/input/event1: 0003 0036 000058a9
[  246166.820815] /dev/input/event1: 0000 0000 00000000
[  246166.824434] /dev/input/event1: 0003 0036 00005843
[  246166.824434] /dev/input/event1: 0000 0000 00000000
[  246166.836647] /dev/input/event1: 0003 0035 00003aaa
[  246166.836647] /dev/input/event1: 0003 0036 000057cc
[  246166.836647] /dev/input/event1: 0000 0000 00000000
[  246166.841185] /dev/input/event1: 0003 0035 00003ac8
[  246166.841185] /dev/input/event1: 0003 0036 00005776
[  246166.841185] /dev/input/event1: 0000 0000 00000000
[  246166.854152] /dev/input/event1: 0003 0036 00005732
[  246166.854152] /dev/input/event1: 0000 0000 00000000
[  246166.856634] /dev/input/event1: 0003 0035 00003b05
[  246166.856634] /dev/input/event1: 0003 0036 000056dd
[  246166.856634] /dev/input/event1: 0000 0000 00000000
[  246166.868933] /dev/input/event1: 0003 0035 00003b60
[  246166.868933] /dev/input/event1: 0003 0036 00005676
[  246166.868933] /dev/input/event1: 0000 0000 00000000
[  246166.872877] /dev/input/event1: 0003 0036 00005643
[  246166.872877] /dev/input/event1: 0000 0000 00000000
[  246166.884689] /dev/input/event1: 0003 0036 000055dd
[  246166.884689] /dev/input/event1: 0000 0000 00000000
[  246166.888535] /dev/input/event1: 0003 0035 00003b7e
[  246166.888535] /dev/input/event1: 0003 0036 00005565
[  246166.888535] /dev/input/event1: 0000 0000 00000000
[  246166.901084] /dev/input/event1: 0003 0035 00003bbb
[  246166.901084] /dev/input/event1: 0003 0036 000054ff
[  246166.901084] /dev/input/event1: 0000 0000 00000000
[  246166.904837] /dev/input/event1: 0003 0036 00005476
[  246166.904837] /dev/input/event1: 0000 0000 00000000
[  246166.916877] /dev/input/event1: 0003 0035 00003bd9
[  246166.916877] /dev/input/event1: 0003 0036 00005410
[  246166.916877] /dev/input/event1: 0000 0000 00000000
[  246166.920932] /dev/input/event1: 0003 0035 00003c34
[  246166.920932] /dev/input/event1: 0003 0036 000053aa
[  246166.920932] /dev/input/event1: 0000 0000 00000000
[  246166.932670] /dev/input/event1: 0003 0035 00003c71
[  246166.932670] /dev/input/event1: 0003 0036 00005332
[  246166.932670] /dev/input/event1: 0000 0000 00000000
[  246166.936549] /dev/input/event1: 0003 0035 00003c8f
[  246166.936549] /dev/input/event1: 0003 0036 000052aa
[  246166.936549] /dev/input/event1: 0000 0000 00000000
[  246166.948742] /dev/input/event1: 0003 0035 00003ccc
[  246166.948742] /dev/input/event1: 0003 0036 00005265
[  246166.948742] /dev/input/event1: 0000 0000 00000000
[  246166.953560] /dev/input/event1: 0003 0035 00003cea
[  246166.953560] /dev/input/event1: 0003 0036 000051dd
[  246166.953560] /dev/input/event1: 0000 0000 00000000
[  246166.964880] /dev/input/event1: 0003 0035 00003d27
[  246166.964880] /dev/input/event1: 0003 0036 00005176
[  246166.964880] /dev/input/event1: 0000 0000 00000000
[  246166.968646] /dev/input/event1: 0003 0035 00003d45
[  246166.968646] /dev/input/event1: 0003 0036 000050ff
[  246166.968646] /dev/input/event1: 0000 0000 00000000
[  246166.980725] /dev/input/event1: 0003 0035 00003da0
[  246166.980725] /dev/input/event1: 0003 0036 00005076
[  246166.980725] /dev/input/event1: 0000 0000 00000000
[  246166.985601] /dev/input/event1: 0003 0035 00003ddd
[  246166.985601] /dev/input/event1: 0003 0036 00004fff
[  246166.985601] /dev/input/event1: 0000 0000 00000000
[  246166.996651] /dev/input/event1: 0003 0035 00003dfb
[  246166.996651] /dev/input/event1: 0003 0036 00004f76
[  246166.996651] /dev/input/event1: 0000 0000 00000000
[  246167.000639] /dev/input/event1: 0003 0035 00003e38
[  246167.000639] /dev/input/event1: 0003 0036 00004f10
[  246167.000639] /dev/input/event1: 0000 0000 00000000
[  246167.013425] /dev/input/event1: 0003 0035 00003e56
[  246167.013425] /dev/input/event1: 0003 0036 00004eaa
[  246167.013425] /dev/input/event1: 0000 0000 00000000
[  246167.017586] /dev/input/event1: 0003 0035 00003eb1
[  246167.017586] /dev/input/event1: 0003 0036 00004e43
[  246167.017586] /dev/input/event1: 0000 0000 00000000
[  246167.032913] /dev/input/event1: 0003 0035 00003f0c
[  246167.032913] /dev/input/event1: 0003 0036 00004ddd
[  246167.032913] /dev/input/event1: 0000 0000 00000000
[  246167.036548] /dev/input/event1: 0003 0035 00003f49
[  246167.036548] /dev/input/event1: 0003 0036 00004d76
[  246167.036548] /dev/input/event1: 0000 0000 00000000
[  246167.045403] /dev/input/event1: 0003 0035 00003fa4
[  246167.045403] /dev/input/event1: 0003 0036 00004d10
[  246167.045403] /dev/input/event1: 0000 0000 00000000
[  246167.048509] /dev/input/event1: 0003 0035 00003fc2
[  246167.048509] /dev/input/event1: 0003 0036 00004caa
[  246167.048509] /dev/input/event1: 0000 0000 00000000
[  246167.062433] /dev/input/event1: 0003 0035 0000401d
[  246167.062433] /dev/input/event1: 0003 0036 00004c43
[  246167.062433] /dev/input/event1: 0000 0000 00000000
[  246167.065286] /dev/input/event1: 0003 0035 0000405a
[  246167.065286] /dev/input/event1: 0003 0036 00004bdd
[  246167.065286] /dev/input/event1: 0000 0000 00000000
[  246167.076754] /dev/input/event1: 0003 0035 000040b5
[  246167.076754] /dev/input/event1: 0003 0036 00004b76
[  246167.076754] /dev/input/event1: 0000 0000 00000000
[  246167.081271] /dev/input/event1: 0003 0035 000040d3
[  246167.081271] /dev/input/event1: 0003 0036 00004b32
[  246167.081271] /dev/input/event1: 0000 0000 00000000
[  246167.092634] /dev/input/event1: 0003 0035 00004110
[  246167.092634] /dev/input/event1: 0003 0036 00004add
[  246167.092634] /dev/input/event1: 0000 0000 00000000
[  246167.097325] /dev/input/event1: 0003 0035 0000412e
[  246167.097325] /dev/input/event1: 0003 0036 00004aaa
[  246167.097325] /dev/input/event1: 0000 0000 00000000
[  246167.109130] /dev/input/event1: 0003 0035 0000416b
[  246167.109130] /dev/input/event1: 0003 0036 00004a65
[  246167.109130] /dev/input/event1: 0000 0000 00000000
[  246167.113162] /dev/input/event1: 0003 0035 00004189
[  246167.113162] /dev/input/event1: 0003 0036 00004a32
[  246167.113162] /dev/input/event1: 0000 0000 00000000
[  246167.124559] /dev/input/event1: 0003 0036 00004a10
[  246167.124559] /dev/input/event1: 0000 0000 00000000
[  246167.129113] /dev/input/event1: 0003 0035 000041c6
[  246167.129113] /dev/input/event1: 0003 0036 000049dd
[  246167.129113] /dev/input/event1: 0000 0000 00000000
[  246167.141650] /dev/input/event1: 0003 0036 000049aa
[  246167.141650] /dev/input/event1: 0000 0000 00000000
[  246167.145119] /dev/input/event1: 0003 0035 000041e4
[  246167.145119] /dev/input/event1: 0003 0036 00004999
[  246167.145119] /dev/input/event1: 0000 0000 00000000
[  246167.160862] /dev/input/event1: 0003 0036 00004976
[  246167.160862] /dev/input/event1: 0000 0000 00000000
[  246167.164675] /dev/input/event1: 0003 0035 00004221
[  246167.164675] /dev/input/event1: 0003 0036 00004965
[  246167.164675] /dev/input/event1: 0000 0000 00000000
[  246167.172905] /dev/input/event1: 0003 0036 00004943
[  246167.172905] /dev/input/event1: 0000 0000 00000000
[  246167.176761] /dev/input/event1: 0003 0036 00004932
[  246167.176761] /dev/input/event1: 0000 0000 00000000
[  246167.188705] /dev/input/event1: 0003 0036 00004910
[  246167.188705] /dev/input/event1: 0000 0000 00000000
[  246167.192933] /dev/input/event1: 0003 0036 000048ff
[  246167.192933] /dev/input/event1: 0000 0000 00000000
[  246167.204651] /dev/input/event1: 0003 0035 0000423f
[  246167.204651] /dev/input/event1: 0000 0000 00000000
[  246167.236701] /dev/input/event1: 0003 0036 000048dd
[  246167.236701] /dev/input/event1: 0000 0000 00000000
[  246167.253501] /dev/input/event1: 0003 003a 00000000
[  246167.253501] /dev/input/event1: 0003 0039 ffffffff
[  246167.253501] /dev/input/event1: 0000 0000 00000000
[  246168.545400] /dev/input/event1: 0003 0039 00000000
[  246168.545400] /dev/input/event1: 0003 0030 000003a3
[  246168.545400] /dev/input/event1: 0003 003a 00000081
[  246168.545400] /dev/input/event1: 0003 0035 00001d64
[  246168.545400] /dev/input/event1: 0003 0036 00006721
[  246168.545400] /dev/input/event1: 0000 0000 00000000
[  246168.655030] /dev/input/event1: 0003 003a 00000000
[  246168.655030] /dev/input/event1: 0003 0039 ffffffff
[  246168.655030] /dev/input/event1: 0000 0000 00000000
[  246170.467050] /dev/input/event1: 0003 0039 00000000
[  246170.467050] /dev/input/event1: 0003 0030 000003a4
[  246170.467050] /dev/input/event1: 0003 003a 00000081
[  246170.467050] /dev/input/event1: 0003 0035 0000329b
[  246170.467050] /dev/input/event1: 0003 0036 000035ff
[  246170.467050] /dev/input/event1: 0000 0000 00000000
[  246170.561017] /dev/input/event1: 0003 003a 00000000
[  246170.561017] /dev/input/event1: 0003 0039 ffffffff
[  246170.561017] /dev/input/event1: 0000 0000 00000000
[  246172.543189] /dev/input/event1: 0003 0039 00000000
[  246172.543189] /dev/input/event1: 0003 0030 000003a5
[  246172.543189] /dev/input/event1: 0003 003a 00000081
[  246172.543189] /dev/input/event1: 0003 0035 000036a2
[  246172.543189] /dev/input/event1: 0003 0036 000045aa
[  246172.543189] /dev/input/event1: 0000 0000 00000000
[  246172.637635] /dev/input/event1: 0003 003a 00000000
[  246172.637635] /dev/input/event1: 0003 0039 ffffffff
[  246172.637635] /dev/input/event1: 0000 0000 00000000
[  246173.769589] /dev/input/event1: 0003 0039 00000000
[  246173.769589] /dev/input/event1: 0003 0030 000003a6
[  246173.769589] /dev/input/event1: 0003 003a 00000081
[  246173.769589] /dev/input/event1: 0003 0035 00004f49
[  246173.769589] /dev/input/event1: 0003 0036 00003632
[  246173.769589] /dev/input/event1: 0000 0000 00000000
[  246173.895038] /dev/input/event1: 0003 003a 00000000
[  246173.895038] /dev/input/event1: 0003 0039 ffffffff
[  246173.895038] /dev/input/event1: 0000 0000 00000000
[  246175.403302] /dev/input/event1: 0003 0039 00000000
[  246175.403302] /dev/input/event1: 0003 0030 000003a7
[  246175.403302] /dev/input/event1: 0003 003a 00000081
[  246175.403302] /dev/input/event1: 0003 0035 00004a4f
[  246175.403302] /dev/input/event1: 0003 0036 00004454
[  246175.403302] /dev/input/event1: 0000 0000 00000000
[  246175.513025] /dev/input/event1: 0003 003a 00000000
[  246175.513025] /dev/input/event1: 0003 0039 ffffffff
[  246175.513025] /dev/input/event1: 0000 0000 00000000
[  246176.579902] /dev/input/event1: 0003 0039 00000000
[  246176.579902] /dev/input/event1: 0003 0030 000003a8
[  246176.579902] /dev/input/event1: 0003 003a 00000081
[  246176.579902] /dev/input/event1: 0003 0035 00002203
[  246176.579902] /dev/input/event1: 0003 0036 00004e54
[  246176.579902] /dev/input/event1: 0000 0000 00000000
[  246176.689212] /dev/input/event1: 0003 003a 00000000
[  246176.689212] /dev/input/event1: 0003 0039 ffffffff
[  246176.689212] /dev/input/event1: 0000 0000 00000000
[  246178.279298] /dev/input/event1: 0003 0039 00000000
[  246178.279298] /dev/input/event1: 0003 0030 000003a9
[  246178.279298] /dev/input/event1: 0003 003a 00000081
[  246178.279298] /dev/input/event1: 0003 0035 00001b42
[  246178.279298] /dev/input/event1: 0003 0036 000071a9
[  246178.279298] /dev/input/event1: 0000 0000 00000000
[  246178.388994] /dev/input/event1: 0003 003a 00000000
[  246178.388994] /dev/input/event1: 0003 0039 ffffffff
[  246178.388994] /dev/input/event1: 0000 0000 00000000
[  246180.410019] /dev/input/event1: 0003 0039 00000000
[  246180.410019] /dev/input/event1: 0003 0030 000003aa
[  246180.410019] /dev/input/event1: 0003 003a 00000081
[  246180.410019] /dev/input/event1: 0003 0035 00003443
[  246180.410019] /dev/input/event1: 0003 0036 000050dd
[  246180.410019] /dev/input/event1: 0000 0000 00000000
[  246180.505244] /dev/input/event1: 0003 003a 00000000
[  246180.505244] /dev/input/event1: 0003 0039 ffffffff
[  246180.505244] /dev/input/event1: 0000 0000 00000000
[  246181.643450] /dev/input/event1: 0003 0039 00000000
[  246181.643450] /dev/input/event1: 0003 0030 000003ab
[  246181.643450] /dev/input/event1: 0003 003a 00000081
[  246181.643450] /dev/input/event1: 0003 0035 0000312f
[  246181.643450] /dev/input/event1: 0003 0036 00003210
[  246181.643450] /dev/input/event1: 0000 0000 00000000
[  246181.736913] /dev/input/event1: 0003 003a 00000000
[  246181.736913] /dev/input/event1: 0003 0039 ffffffff
[  246181.736913] /dev/input/event1: 0000 0000 00000000
[  246184.727776] /dev/input/event1: 0003 0039 00000000
[  246184.727776] /dev/input/event1: 0003 0030 000003ac
[  246184.727776] /dev/input/event1: 0003 003a 00000081
[  246184.727776] /dev/input/event1: 0003 0035 0000203c
[  246184.727776] /dev/input/event1: 0003 0036 00007b21
[  246184.727776] /dev/input/event1: 0000 0000 00000000
[  246184.853322] /dev/input/event1: 0003 003a 00000000
[  246184.853322] /dev/input/event1: 0003 0039 ffffffff
[  246184.853322] /dev/input/event1: 0000 0000 00000000
[  246187.229384] /dev/input/event1: 0003 0039 00000000
[  246187.229384] /dev/input/event1: 0003 0030 000003ad
[  246187.229384] /dev/input/event1: 0003 003a 00000081
[  246187.229384] /dev/input/event1: 0003 0035 00003573
[  246187.229384] /dev/input/event1: 0003 0036 00002c43
[  246187.229384] /dev/input/event1: 0000 0000 00000000
[  246187.321921] /dev/input/event1: 0003 003a 00000000
[  246187.321921] /dev/input/event1: 0003 0039 ffffffff
[  246187.321921] /dev/input/event1: 0000 0000 00000000
[  246190.737131] /dev/input/event1: 0003 0039 00000000
[  246190.737131] /dev/input/event1: 0003 0030 000003ae
[  246190.737131] /dev/input/event1: 0003 003a 00000081
[  246190.737131] /dev/input/event1: 0003 0035 000030b5
[  246190.737131] /dev/input/event1: 0003 0036 00002c88
[  246190.737131] /dev/input/event1: 0000 0000 00000000
[  246190.814991] /dev/input/event1: 0003 003a 00000000
[  246190.814991] /dev/input/event1: 0003 0039 ffffffff
[  246190.814991] /dev/input/event1: 0000 0000 00000000
[  246192.210089] /dev/input/event1: 0003 0039 00000000
[  246192.210089] /dev/input/event1: 0003 0030 000003af
[  246192.210089] /dev/input/event1: 0003 003a 00000081
[  246192.210089] /dev/input/event1: 0003 0035 0000329b
[  246192.210089] /dev/input/event1: 0003 0036 00006665
[  246192.210089] /dev/input/event1: 0000 0000 00000000
[  246192.305605] /dev/input/event1: 0003 003a 00000000
[  246192.305605] /dev/input/event1: 0003 0039 ffffffff
[  246192.305605] /dev/input/event1: 0000 0000 00000000
[  246193.637492] /dev/input/event1: 0003 0039 00000000
[  246193.637492] /dev/input/event1: 0003 0030 000003b0
[  246193.637492] /dev/input/event1: 0003 003a 00000081
[  246193.637492] /dev/input/event1: 0003 0035 0000695c
[  246193.637492] /dev/input/event1: 0003 0036 00004fee
[  246193.637492] /dev/input/event1: 0000 0000 00000000
[  246193.731778] /dev/input/event1: 0003 003a 00000000
[  246193.731778] /dev/input/event1: 0003 0039 ffffffff
[  246193.731778] /dev/input/event1: 0000 0000 00000000
[  246194.839680] /dev/input/event1: 0003 0039 00000000
[  246194.839680] /dev/input/event1: 0003 0030 000003b1
[  246194.839680] /dev/input/event1: 0003 003a 00000081
[  246194.839680] /dev/input/event1: 0003 0035 00006776
[  246194.839680] /dev/input/event1: 0003 0036 00006832
[  246194.839680] /dev/input/event1: 0000 0000 00000000
[  246194.949045] /dev/input/event1: 0003 003a 00000000
[  246194.949045] /dev/input/event1: 0003 0039 ffffffff
[  246194.949045] /dev/input/event1: 0000 0000 00000000
[  246195.461160] /dev/input/event1: 0003 0039 00000000
[  246195.461160] /dev/input/event1: 0003 0030 000003b2
[  246195.461160] /dev/input/event1: 0003 003a 00000081
[  246195.461160] /dev/input/event1: 0000 0000 00000000
[  246195.559723] /dev/input/event1: 0003 003a 00000000
[  246195.559723] /dev/input/event1: 0003 0039 ffffffff
[  246195.559723] /dev/input/event1: 0000 0000 00000000
[  246197.083147] /dev/input/event1: 0003 0039 00000000
[  246197.083147] /dev/input/event1: 0003 0030 000003b3
[  246197.083147] /dev/input/event1: 0003 003a 00000081
[  246197.083147] /dev/input/event1: 0003 0035 00001fff
[  246197.083147] /dev/input/event1: 0003 0036 00005076
[  246197.083147] /dev/input/event1: 0000 0000 00000000
[  246197.177319] /dev/input/event1: 0003 003a 00000000
[  246197.177319] /dev/input/event1: 0003 0039 ffffffff
[  246197.177319] /dev/input/event1: 0000 0000 00000000
[  246198.267208] /dev/input/event1: 0003 0039 00000000
[  246198.267208] /dev/input/event1: 0003 0030 000003b4
[  246198.267208] /dev/input/event1: 0003 003a 00000081
[  246198.267208] /dev/input/event1: 0003 0035 00005665
[  246198.267208] /dev/input/event1: 0003 0036 00006743
[  246198.267208] /dev/input/event1: 0000 0000 00000000
[  246198.360936] /dev/input/event1: 0003 003a 00000000
[  246198.360936] /dev/input/event1: 0003 0039 ffffffff
[  246198.360936] /dev/input/event1: 0000 0000 00000000
[  246199.243934] /dev/input/event1: 0003 0039 00000000
[  246199.243934] /dev/input/event1: 0003 0030 000003b5
[  246199.243934] /dev/input/event1: 0003 003a 00000081
[  246199.243934] /dev/input/event1: 0003 0035 000039f4
[  246199.243934] /dev/input/event1: 0003 0036 00005165
[  246199.243934] /dev/input/event1: 0000 0000 00000000
[  246199.356967] /dev/input/event1: 0003 003a 00000000
[  246199.356967] /dev/input/event1: 0003 0039 ffffffff
[  246199.356967] /dev/input/event1: 0000 0000 00000000
[  246200.622891] /dev/input/event1: 0003 0039 00000000
[  246200.622891] /dev/input/event1: 0003 0030 000003b6
[  246200.622891] /dev/input/event1: 0003 003a 00000081
[  246200.622891] /dev/input/event1: 0003 0035 0000382d
[  246200.622891] /dev/input/event1: 0003 0036 00003632
[  246200.622891] /dev/input/event1: 0000 0000 00000000
[  246200.702667] /dev/input/event1: 0003 003a 00000000
[  246200.702667] /dev/input/event1: 0003 0039 ffffffff
[  246200.702667] /dev/input/event1: 0000 0000 00000000
[  246204.645989] /dev/input/event1: 0003 0039 00000000
[  246204.645989] /dev/input/event1: 0003 0030 000003b7
[  246204.645989] /dev/input/event1: 0003 003a 00000081
[  246204.645989] /dev/input/event1: 0003 0035 0000401d
[  246204.645989] /dev/input/event1: 0003 0036 00000b10
[  246204.645989] /dev/input/event1: 0000 0000 00000000
[  246204.803005] /dev/input/event1: 0003 003a 00000000
[  246204.803005] /dev/input/event1: 0003 0039 ffffffff
[  246204.803005] /dev/input/event1: 0000 0000 00000000
[  246207.001168] /dev/input/event1: 0003 0039 00000000
[  246207.001168] /dev/input/event1: 0003 0030 000003b8
[  246207.001168] /dev/input/event1: 0003 003a 00000081
[  246207.001168] /dev/input/event1: 0003 0035 000061c6
[  246207.001168] /dev/input/event1: 0003 0036 00000b99
[  246207.001168] /dev/input/event1: 0000 0000 00000000
[  246207.143139] /dev/input/event1: 0003 003a 00000000
[  246207.143139] /dev/input/event1: 0003 0039 ffffffff
[  246207.143139] /dev/input/event1: 0000 0000 00000000
[  246209.085353] /dev/input/event1: 0003 0039 00000000
[  246209.085353] /dev/input/event1: 0003 0030 000003b9
[  246209.085353] /dev/input/event1: 0003 003a 00000081
[  246209.085353] /dev/input/event1: 0003 0035 00005203
[  246209.085353] /dev/input/event1: 0003 0036 00002b21
[  246209.085353] /dev/input/event1: 0000 0000 00000000
[  246209.179409] /dev/input/event1: 0003 003a 00000000
[  246209.179409] /dev/input/event1: 0003 0039 ffffffff
[  246209.179409] /dev/input/event1: 0000 0000 00000000
[  246210.343056] /dev/input/event1: 0003 0039 00000000
[  246210.343056] /dev/input/event1: 0003 0030 000003ba
[  246210.343056] /dev/input/event1: 0003 003a 00000081
[  246210.343056] /dev/input/event1: 0003 0035 00001f2b
[  246210.343056] /dev/input/event1: 0003 0036 00000c33
[  246210.343056] /dev/input/event1: 0000 0000 00000000
[  246210.468968] /dev/input/event1: 0003 003a 00000000
[  246210.468968] /dev/input/event1: 0003 0039 ffffffff
[  246210.468968] /dev/input/event1: 0000 0000 00000000
[  246212.440028] /dev/input/event1: 0003 0039 00000000
[  246212.440028] /dev/input/event1: 0003 0030 000003bb
[  246212.440028] /dev/input/event1: 0003 003a 00000081
[  246212.440028] /dev/input/event1: 0003 0035 0000638d
[  246212.440028] /dev/input/event1: 0003 0036 00000b77
[  246212.440028] /dev/input/event1: 0000 0000 00000000
[  246212.566934] /dev/input/event1: 0003 003a 00000000
[  246212.566934] /dev/input/event1: 0003 0039 ffffffff
[  246212.566934] /dev/input/event1: 0000 0000 00000000
[  246214.856190] /dev/input/event1: 0003 0039 00000000
[  246214.856190] /dev/input/event1: 0003 0030 000003bc
[  246214.856190] /dev/input/event1: 0003 003a 00000081
[  246214.856190] /dev/input/event1: 0003 0035 00003e93
[  246214.856190] /dev/input/event1: 0003 0036 00000b44
[  246214.856190] /dev/input/event1: 0000 0000 00000000
[  246214.962957] /dev/input/event1: 0003 003a 00000000
[  246214.962957] /dev/input/event1: 0003 0039 ffffffff
[  246214.962957] /dev/input/event1: 0000 0000 00000000
[  246217.090202] /dev/input/event1: 0003 0039 00000000
[  246217.090202] /dev/input/event1: 0003 0030 000003bd
[  246217.090202] /dev/input/event1: 0003 003a 00000081
[  246217.090202] /dev/input/event1: 0003 0035 00007665
[  246217.090202] /dev/input/event1: 0003 0036 00007aed
[  246217.090202] /dev/input/event1: 0000 0000 00000000
[  246217.167196] /dev/input/event1: 0003 003a 00000000
[  246217.167196] /dev/input/event1: 0003 0039 ffffffff
[  246217.167196] /dev/input/event1: 0000 0000 00000000
[  246218.347049] /dev/input/event1: 0003 0039 00000000
[  246218.347049] /dev/input/event1: 0003 0030 000003be
[  246218.347049] /dev/input/event1: 0003 003a 00000081
[  246218.347049] /dev/input/event1: 0003 0035 00006b41
[  246218.347049] /dev/input/event1: 0003 0036 000073ff
[  246218.347049] /dev/input/event1: 0000 0000 00000000
[  246218.425022] /dev/input/event1: 0003 003a 00000000
[  246218.425022] /dev/input/event1: 0003 0039 ffffffff
[  246218.425022] /dev/input/event1: 0000 0000 00000000
[  246220.863248] /dev/input/event1: 0003 0039 00000000
[  246220.863248] /dev/input/event1: 0003 0030 000003bf
[  246220.863248] /dev/input/event1: 0003 003a 00000081
[  246220.863248] /dev/input/event1: 0003 0035 000033ca
[  246220.863248] /dev/input/event1: 0003 0036 00006b98
[  246220.863248] /dev/input/event1: 0000 0000 00000000
[  246220.972964] /dev/input/event1: 0003 003a 00000000
[  246220.972964] /dev/input/event1: 0003 0039 ffffffff
[  246220.972964] /dev/input/event1: 0000 0000 00000000
[  246222.891438] /dev/input/event1: 0003 0039 00000000
[  246222.891438] /dev/input/event1: 0003 0030 000003c0
[  246222.891438] /dev/input/event1: 0003 003a 00000081
[  246222.891438] /dev/input/event1: 0003 0035 00002e93
[  246222.891438] /dev/input/event1: 0003 0036 00004099
[  246222.891438] /dev/input/event1: 0000 0000 00000000
[  246222.985313] /dev/input/event1: 0003 003a 00000000
[  246222.985313] /dev/input/event1: 0003 0039 ffffffff
[  246222.985313] /dev/input/event1: 0000 0000 00000000
[  246224.781475] /dev/input/event1: 0003 0039 00000000
[  246224.781475] /dev/input/event1: 0003 0030 000003c1
[  246224.781475] /dev/input/event1: 0003 003a 00000081
[  246224.781475] /dev/input/event1: 0003 0035 00001dbf
[  246224.781475] /dev/input/event1: 0003 0036 00000c66
[  246224.781475] /dev/input/event1: 0000 0000 00000000
[  246224.891126] /dev/input/event1: 0003 003a 00000000
[  246224.891126] /dev/input/event1: 0003 0039 ffffffff
[  246224.891126] /dev/input/event1: 0000 0000 00000000
[  246227.322104] /dev/input/event1: 0003 0039 00000000
[  246227.322104] /dev/input/event1: 0003 0030 000003c2
[  246227.322104] /dev/input/event1: 0003 003a 00000081
[  246227.322104] /dev/input/event1: 0003 0035 00007776
[  246227.322104] /dev/input/event1: 0003 0036 00007b10
[  246227.322104] /dev/input/event1: 0000 0000 00000000
[  246227.415035] /dev/input/event1: 0003 003a 00000000
[  246227.415035] /dev/input/event1: 0003 0039 ffffffff
[  246227.415035] /dev/input/event1: 0000 0000 00000000
[  246228.787467] /dev/input/event1: 0003 0039 00000000
[  246228.787467] /dev/input/event1: 0003 0030 000003c3
[  246228.787467] /dev/input/event1: 0003 003a 00000081
[  246228.787467] /dev/input/event1: 0003 0035 00006ddd
[  246228.787467] /dev/input/event1: 0003 0036 00007332
[  246228.787467] /dev/input/event1: 0000 0000 00000000
[  246228.897189] /dev/input/event1: 0003 003a 00000000
[  246228.897189] /dev/input/event1: 0003 0039 ffffffff
[  246228.897189] /dev/input/event1: 0000 0000 00000000
[  246230.181076] /dev/input/event1: 0003 0039 00000000
[  246230.181076] /dev/input/event1: 0003 0030 000003c4
[  246230.181076] /dev/input/event1: 0003 003a 00000081
[  246230.181076] /dev/input/event1: 0003 0035 00003d27
[  246230.181076] /dev/input/event1: 0003 0036 00006a10
[  246230.181076] /dev/input/event1: 0000 0000 00000000
[  246230.292940] /dev/input/event1: 0003 003a 00000000
[  246230.292940] /dev/input/event1: 0003 0039 ffffffff
[  246230.292940] /dev/input/event1: 0000 0000 00000000
[  246231.965614] /dev/input/event1: 0003 0039 00000000
[  246231.965614] /dev/input/event1: 0003 0030 000003c5
[  246231.965614] /dev/input/event1: 0003 003a 00000081
[  246231.965614] /dev/input/event1: 0003 0035 0000282d
[  246231.965614] /dev/input/event1: 0003 0036 00004199
[  246231.965614] /dev/input/event1: 0000 0000 00000000
[  246232.092815] /dev/input/event1: 0003 003a 00000000
[  246232.092815] /dev/input/event1: 0003 0039 ffffffff
[  246232.092815] /dev/input/event1: 0000 0000 00000000
[  246234.779652] /dev/input/event1: 0003 0039 00000000
[  246234.779652] /dev/input/event1: 0003 0030 000003c6
[  246234.779652] /dev/input/event1: 0003 003a 00000081
[  246234.779652] /dev/input/event1: 0003 0035 000075af
[  246234.779652] /dev/input/event1: 0003 0036 00007c43
[  246234.779652] /dev/input/event1: 0000 0000 00000000
[  246234.873987] /dev/input/event1: 0003 003a 00000000
[  246234.873987] /dev/input/event1: 0003 0039 ffffffff
[  246234.873987] /dev/input/event1: 0000 0000 00000000
[  246236.165138] /dev/input/event1: 0003 0039 00000000
[  246236.165138] /dev/input/event1: 0003 0030 000003c7
[  246236.165138] /dev/input/event1: 0003 003a 00000081
[  246236.165138] /dev/input/event1: 0003 0035 00006d08
[  246236.165138] /dev/input/event1: 0003 0036 00006765
[  246236.165138] /dev/input/event1: 0000 0000 00000000
[  246236.309801] /dev/input/event1: 0003 003a 00000000
[  246236.309801] /dev/input/event1: 0003 0039 ffffffff
[  246236.309801] /dev/input/event1: 0000 0000 00000000
[  246239.032916] /dev/input/event1: 0003 0039 00000000
[  246239.032916] /dev/input/event1: 0003 0030 000003c8
[  246239.032916] /dev/input/event1: 0003 003a 00000081
[  246239.032916] /dev/input/event1: 0003 0035 0000391f
[  246239.032916] /dev/input/event1: 0003 0036 00001599
[  246239.032916] /dev/input/event1: 0000 0000 00000000
[  246239.302772] /dev/input/event1: 0003 003a 00000000
[  246239.302772] /dev/input/event1: 0003 0039 ffffffff
[  246239.302772] /dev/input/event1: 0000 0000 00000000
[  246243.015790] /dev/input/event1: 0003 0039 00000000
[  246243.015790] /dev/input/event1: 0003 0030 000003c9
[  246243.015790] /dev/input/event1: 0003 003a 00000081
[  246243.015790] /dev/input/event1: 0003 0035 00002fff
[  246243.015790] /dev/input/event1: 0003 0036 00005b54
[  246243.015790] /dev/input/event1: 0000 0000 00000000
[  246243.093846] /dev/input/event1: 0003 003a 00000000
[  246243.093846] /dev/input/event1: 0003 0039 ffffffff
[  246243.093846] /dev/input/event1: 0000 0000 00000000
[  246243.958916] /dev/input/event1: 0003 0039 00000000
[  246243.958916] /dev/input/event1: 0003 0030 000003ca
[  246243.958916] /dev/input/event1: 0003 003a 00000081
[  246243.958916] /dev/input/event1: 0003 0035 00002da0
[  246243.958916] /dev/input/event1: 0003 0036 000031dd
[  246243.958916] /dev/input/event1: 0000 0000 00000000
[  246244.054998] /dev/input/event1: 0003 003a 00000000
[  246244.054998] /dev/input/event1: 0003 0039 ffffffff
[  246244.054998] /dev/input/event1: 0000 0000 00000000
[  246245.121798] /dev/input/event1: 0003 0039 00000000
[  246245.121798] /dev/input/event1: 0003 0030 000003cb
[  246245.121798] /dev/input/event1: 0003 003a 00000081
[  246245.121798] /dev/input/event1: 0003 0035 000011c6
[  246245.121798] /dev/input/event1: 0003 0036 00001ccc
[  246245.121798] /dev/input/event1: 0000 0000 00000000
[  246245.215106] /dev/input/event1: 0003 003a 00000000
[  246245.215106] /dev/input/event1: 0003 0039 ffffffff
[  246245.215106] /dev/input/event1: 0000 0000 00000000
[  246247.701175] /dev/input/event1: 0003 0039 00000000
[  246247.701175] /dev/input/event1: 0003 0030 000003cc
[  246247.701175] /dev/input/event1: 0003 003a 00000081
[  246247.701175] /dev/input/event1: 0003 0035 00003240
[  246247.701175] /dev/input/event1: 0003 0036 00005021
[  246247.701175] /dev/input/event1: 0000 0000 00000000
[  246247.763415] /dev/input/event1: 0003 003a 00000000
[  246247.763415] /dev/input/event1: 0003 0039 ffffffff
[  246247.763415] /dev/input/event1: 0000 0000 00000000
[  246248.614619] /dev/input/event1: 0003 0039 00000000
[  246248.614619] /dev/input/event1: 0003 0030 000003cd
[  246248.614619] /dev/input/event1: 0003 003a 00000081
[  246248.614619] /dev/input/event1: 0003 0035 000029f4
[  246248.614619] /dev/input/event1: 0003 0036 000032ff
[  246248.614619] /dev/input/event1: 0000 0000 00000000
[  246248.708887] /dev/input/event1: 0003 003a 00000000
[  246248.708887] /dev/input/event1: 0003 0039 ffffffff
[  246248.708887] /dev/input/event1: 0000 0000 00000000
[  246249.953611] /dev/input/event1: 0003 0039 00000000
[  246249.953611] /dev/input/event1: 0003 0030 000003ce
[  246249.953611] /dev/input/event1: 0003 003a 00000081
[  246249.953611] /dev/input/event1: 0003 0035 000026a2
[  246249.953611] /dev/input/event1: 0003 0036 00002b77
[  246249.953611] /dev/input/event1: 0000 0000 00000000
[  246250.031022] /dev/input/event1: 0003 003a 00000000
[  246250.031022] /dev/input/event1: 0003 0039 ffffffff
[  246250.031022] /dev/input/event1: 0000 0000 00000000
[  246251.314969] /dev/input/event1: 0003 0039 00000000
[  246251.314969] /dev/input/event1: 0003 0030 000003cf
[  246251.314969] /dev/input/event1: 0003 003a 00000081
[  246251.314969] /dev/input/event1: 0003 0035 00002999
[  246251.314969] /dev/input/event1: 0003 0036 00003a77
[  246251.314969] /dev/input/event1: 0000 0000 00000000
[  246251.377131] /dev/input/event1: 0003 003a 00000000
[  246251.377131] /dev/input/event1: 0003 0039 ffffffff
[  246251.377131] /dev/input/event1: 0000 0000 00000000
[  246253.141792] /dev/input/event1: 0003 0039 00000000
[  246253.141792] /dev/input/event1: 0003 0030 000003d0
[  246253.141792] /dev/input/event1: 0003 003a 00000081
[  246253.141792] /dev/input/event1: 0003 0035 00003da0
[  246253.141792] /dev/input/event1: 0003 0036 000038cc
[  246253.141792] /dev/input/event1: 0000 0000 00000000
[  246253.251013] /dev/input/event1: 0003 003a 00000000
[  246253.251013] /dev/input/event1: 0003 0039 ffffffff
[  246253.251013] /dev/input/event1: 0000 0000 00000000
[  246254.783342] /dev/input/event1: 0003 0039 00000000
[  246254.783342] /dev/input/event1: 0003 0030 000003d1
[  246254.783342] /dev/input/event1: 0003 003a 00000081
[  246254.783342] /dev/input/event1: 0003 0035 00003665
[  246254.783342] /dev/input/event1: 0003 0036 000044dd
[  246254.783342] /dev/input/event1: 0000 0000 00000000
[  246254.893085] /dev/input/event1: 0003 003a 00000000
[  246254.893085] /dev/input/event1: 0003 0039 ffffffff
[  246254.893085] /dev/input/event1: 0000 0000 00000000
[  246256.393604] /dev/input/event1: 0003 0039 00000000
[  246256.393604] /dev/input/event1: 0003 0030 000003d2
[  246256.393604] /dev/input/event1: 0003 003a 00000081
[  246256.393604] /dev/input/event1: 0003 0035 0000303c
[  246256.393604] /dev/input/event1: 0003 0036 00004e54
[  246256.393604] /dev/input/event1: 0000 0000 00000000
[  246256.470815] /dev/input/event1: 0003 003a 00000000
[  246256.470815] /dev/input/event1: 0003 0039 ffffffff
[  246256.470815] /dev/input/event1: 0000 0000 00000000
[  246258.534223] /dev/input/event1: 0003 0039 00000000
[  246258.534223] /dev/input/event1: 0003 0030 000003d3
[  246258.534223] /dev/input/event1: 0003 003a 00000081
[  246258.534223] /dev/input/event1: 0003 0035 000030b5
[  246258.534223] /dev/input/event1: 0003 0036 00005c10
[  246258.534223] /dev/input/event1: 0000 0000 00000000
[  246258.642892] /dev/input/event1: 0003 003a 00000000
[  246258.642892] /dev/input/event1: 0003 0039 ffffffff
[  246258.642892] /dev/input/event1: 0000 0000 00000000
[   23861.454792] /dev/input/event1: 0003 0039 00000000
[   23861.454792] /dev/input/event1: 0003 0030 000000d9
[   23861.454792] /dev/input/event1: 0003 003a 00000081
[   23861.454792] /dev/input/event1: 0003 0035 000034bd
[   23861.454792] /dev/input/event1: 0003 0036 00005c21
[   23861.454792] /dev/input/event1: 0000 0000 00000000
[   23861.542435] /dev/input/event1: 0003 003a 00000000
[   23861.542435] /dev/input/event1: 0003 0039 ffffffff
[   23861.542435] /dev/input/event1: 0000 0000 00000000
[   23866.168443] /dev/input/event1: 0003 0039 00000000
[   23866.168443] /dev/input/event1: 0003 0030 000000da
[   23866.168443] /dev/input/event1: 0003 003a 00000081
[   23866.168443] /dev/input/event1: 0003 0035 000075cd
[   23866.168443] /dev/input/event1: 0003 0036 00007c87
[   23866.168443] /dev/input/event1: 0000 0000 00000000
[   23866.278890] /dev/input/event1: 0003 003a 00000000
[   23866.278890] /dev/input/event1: 0003 0039 ffffffff
[   23866.278890] /dev/input/event1: 0000 0000 00000000
[   23868.732662] /dev/input/event1: 0003 0039 00000000
[   23868.732662] /dev/input/event1: 0003 0030 000000db
[   23868.732662] /dev/input/event1: 0003 003a 00000081
[   23868.732662] /dev/input/event1: 0003 0035 00001f2b
[   23868.732662] /dev/input/event1: 0003 0036 00007c21
[   23868.732662] /dev/input/event1: 0000 0000 00000000
[   23868.855099] /dev/input/event1: 0003 003a 00000000
[   23868.855099] /dev/input/event1: 0003 0039 ffffffff
[   23868.855099] /dev/input/event1: 0000 0000 00000000