add device 1: /dev/input/event0
  name:     "Power Button"
add device 2: /dev/input/event1
  name:     "qwerty2"
[  245876.101385] /dev/input/event1: 0003 0039 00000000
[  245876.101385] /dev/input/event1: 0003 0030 0000032c
[  245876.101385] /dev/input/event1: 0003 003a 00000081
[  245876.101385] /dev/input/event1: 0003 0035 00005461
[  245876.101385] /dev/input/event1: 0003 0036 00001821
[  245876.101385] /dev/input/event1: 0000 0000 00000000
[  245876.221771] /dev/input/event1: 0003 003a 00000000
[  245876.221771] /dev/input/event1: 0003 0039 ffffffff
[  245876.221771] /dev/input/event1: 0000 0000 00000000
[  245877.171842] /dev/input/event1: 0003 0039 00000000
[  245877.171842] /dev/input/event1: 0003 0030 0000032d
[  245877.171842] /dev/input/event1: 0003 003a 00000081
[  245877.171842] /dev/input/event1: 0000 0000 00000000
[  245877.315755] /dev/input/event1: 0003 003a 00000000
[  245877.315755] /dev/input/event1: 0003 0039 ffffffff
[  245877.315755] /dev/input/event1: 0000 0000 00000000
[  245879.297802] /dev/input/event1: 0003 0039 00000000
[  245879.297802] /dev/input/event1: 0003 0030 0000032e
[  245879.297802] /dev/input/event1: 0003 003a 00000081
[  245879.297802] /dev/input/event1: 0003 0035 00006461
[  245879.297802] /dev/input/event1: 0003 0036 000017bb
[  245879.297802] /dev/input/event1: 0000 0000 00000000
[  245879.407541] /dev/input/event1: 0003 003a 00000000
[  245879.407541] /dev/input/event1: 0003 0039 ffffffff
[  245879.407541] /dev/input/event1: 0000 0000 00000000
[  245880.143687] /dev/input/event1: 0003 0039 00000000
[  245880.143687] /dev/input/event1: 0003 0030 0000032f
[  245880.143687] /dev/input/event1: 0003 003a 00000081
[  245880.143687] /dev/input/event1: 0000 0000 00000000
[  245880.271641] /dev/input/event1: 0003 003a 00000000
[  245880.271641] /dev/input/event1: 0003 0039 ffffffff
[  245880.271641] /dev/input/event1: 0000 0000 00000000
[  245882.059852] /dev/input/event1: 0003 0039 00000000
[  245882.059852] /dev/input/event1: 0003 0030 00000330
[  245882.059852] /dev/input/event1: 0003 003a 00000081
[  245882.059852] /dev/input/event1: 0003 0035 000026c1
[  245882.059852] /dev/input/event1: 0003 0036 00001888
[  245882.059852] /dev/input/event1: 0000 0000 00000000
[  245882.172210] /dev/input/event1: 0003 003a 00000000
[  245882.172210] /dev/input/event1: 0003 0039 ffffffff
[  245882.172210] /dev/input/event1: 0000 0000 00000000
[  245883.943558] /dev/input/event1: 0003 0039 00000000
[  245883.943558] /dev/input/event1: 0003 0030 00000331
[  245883.943558] /dev/input/event1: 0003 003a 00000081
[  245883.943558] /dev/input/event1: 0003 0035 00001b9d
[  245883.943558] /dev/input/event1: 0003 0036 00001877
[  245883.943558] /dev/input/event1: 0000 0000 00000000
[  245884.085555] /dev/input/event1: 0003 003a 00000000
[  245884.085555] /dev/input/event1: 0003 0039 ffffffff
[  245884.085555] /dev/input/event1: 0000 0000 00000000
[  245886.187964] /dev/input/event1: 0003 0039 00000000
[  245886.187964] /dev/input/event1: 0003 0030 00000332
[  245886.187964] /dev/input/event1: 0003 003a 00000081
[  245886.187964] /dev/input/event1: 0003 0035 00004221
[  245886.187964] /dev/input/event1: 0003 0036 000018ee
[  245886.187964] /dev/input/event1: 0000 0000 00000000
[  245886.281512] /dev/input/event1: 0003 003a 00000000
[  245886.281512] /dev/input/event1: 0003 0039 ffffffff
[  245886.281512] /dev/input/event1: 0000 0000 00000000
[  245887.861731] /dev/input/event1: 0003 0039 00000000
[  245887.861731] /dev/input/event1: 0003 0030 00000333
[  245887.861731] /dev/input/event1: 0003 003a 00000081
[  245887.861731] /dev/input/event1: 0003 0035 00003a6d
[  245887.861731] /dev/input/event1: 0003 0036 00003d54
[  245887.861731] /dev/input/event1: 0000 0000 00000000
[  245887.942037] /dev/input/event1: 0003 003a 00000000
[  245887.942037] /dev/input/event1: 0003 0039 ffffffff
[  245887.942037] /dev/input/event1: 0000 0000 00000000
[  245889.255650] /dev/input/event1: 0003 0039 00000000
[  245889.255650] /dev/input/event1: 0003 0030 00000334
[  245889.255650] /dev/input/event1: 0003 003a 00000081
[  245889.255650] /dev/input/event1: 0003 0035 000036a2
[  245889.255650] /dev/input/event1: 0003 0036 00004f98
[  245889.255650] /dev/input/event1: 0000 0000 00000000
[  245889.349663] /dev/input/event1: 0003 003a 00000000
[  245889.349663] /dev/input/event1: 0003 0039 ffffffff
[  245889.349663] /dev/input/event1: 0000 0000 00000000
[  245890.233630] /dev/input/event1: 0003 0039 00000000
[  245890.233630] /dev/input/event1: 0003 0030 00000335
[  245890.233630] /dev/input/event1: 0003 003a 00000081
[  245890.233630] /dev/input/event1: 0003 0035 0000103c
[  245890.233630] /dev/input/event1: 0003 0036 00007087
[  245890.233630] /dev/input/event1: 0000 0000 00000000
[  245890.295985] /dev/input/event1: 0003 003a 00000000
[  245890.295985] /dev/input/event1: 0003 0039 ffffffff
[  245890.295985] /dev/input/event1: 0000 0000 00000000
[  245891.033504] /dev/input/event1: 0003 0039 00000000
[  245891.033504] /dev/input/event1: 0003 0030 00000336
[  245891.033504] /dev/input/event1: 0003 003a 00000081
[  245891.033504] /dev/input/event1: 0003 0035 00003777
[  245891.033504] /dev/input/event1: 0003 0036 00006743
[  245891.033504] /dev/input/event1: 0000 0000 00000000
[  245891.127654] /dev/input/event1: 0003 003a 00000000
[  245891.127654] /dev/input/event1: 0003 0039 ffffffff
[  245891.127654] /dev/input/event1: 0000 0000 00000000
[  245892.186116] /dev/input/event1: 0003 0039 00000000
[  245892.186116] /dev/input/event1: 0003 0030 00000337
[  245892.186116] /dev/input/event1: 0003 003a 00000081
[  245892.186116] /dev/input/event1: 0003 0035 00003a12
[  245892.186116] /dev/input/event1: 0003 0036 000033aa
[  245892.186116] /dev/input/event1: 0000 0000 00000000
[  245892.249606] /dev/input/event1: 0003 003a 00000000
[  245892.249606] /dev/input/event1: 0003 0039 ffffffff
[  245892.249606] /dev/input/event1: 0000 0000 00000000
[  245893.837579] /dev/input/event1: 0003 0039 00000000
[  245893.837579] /dev/input/event1: 0003 0030 00000338
[  245893.837579] /dev/input/event1: 0003 003a 00000081
[  245893.837579] /dev/input/event1: 0003 0035 00003a4f
[  245893.837579] /dev/input/event1: 0003 0036 00002310
[  245893.837579] /dev/input/event1: 0000 0000 00000000
[  245893.931693] /dev/input/event1: 0003 003a 00000000
[  245893.931693] /dev/input/event1: 0003 0039 ffffffff
[  245893.931693] /dev/input/event1: 0000 0000 00000000
[  245898.653733] /dev/input/event1: 0003 0039 00000000
[  245898.653733] /dev/input/event1: 0003 0030 00000339
[  245898.653733] /dev/input/event1: 0003 003a 00000081
[  245898.653733] /dev/input/event1: 0003 0035 00002f49
[  245898.653733] /dev/input/event1: 0003 0036 00002aee
[  245898.653733] /dev/input/event1: 0000 0000 00000000
[  245899.933476] /dev/input/event1: 0003 003a 00000000
[  245899.933476] /dev/input/event1: 0003 0039 ffffffff
[  245899.933476] /dev/input/event1: 0000 0000 00000000
[  245902.242197] /dev/input/event1: 0003 0039 00000000
[  245902.242197] /dev/input/event1: 0003 0030 0000033a
[  245902.242197] /dev/input/event1: 0003 003a 00000081
[  245902.242197] /dev/input/event1: 0003 0035 00003eb1
[  245902.242197] /dev/input/event1: 0003 0036 00001a55
[  245902.242197] /dev/input/event1: 0000 0000 00000000
[  245902.351560] /dev/input/event1: 0003 003a 00000000
[  245902.351560] /dev/input/event1: 0003 0039 ffffffff
[  245902.351560] /dev/input/event1: 0000 0000 00000000
[  245905.112089] /dev/input/event1: 0003 0039 00000000
[  245905.112089] /dev/input/event1: 0003 0030 0000033b
[  245905.112089] /dev/input/event1: 0003 003a 00000081
[  245905.112089] /dev/input/event1: 0003 0035 0000771b
[  245905.112089] /dev/input/event1: 0003 0036 00007a54
[  245905.112089] /dev/input/event1: 0000 0000 00000000
[  245905.189654] /dev/input/event1: 0003 003a 00000000
[  245905.189654] /dev/input/event1: 0003 0039 ffffffff
[  245905.189654] /dev/input/event1: 0000 0000 00000000
[  245907.098277] /dev/input/event1: 0003 0039 00000000
[  245907.098277] /dev/input/event1: 0003 0030 0000033c
[  245907.098277] /dev/input/event1: 0003 003a 00000081
[  245907.098277] /dev/input/event1: 0003 0035 0000197b
[  245907.098277] /dev/input/event1: 0003 0036 00000b44
[  245907.098277] /dev/input/event1: 0000 0000 00000000
[  245907.223550] /dev/input/event1: 0003 003a 00000000
[  245907.223550] /dev/input/event1: 0003 0039 ffffffff
[  245907.223550] /dev/input/event1: 0000 0000 00000000
[  245909.102748] /dev/input/event1: 0003 0039 00000000
[  245909.102748] /dev/input/event1: 0003 0030 0000033d
[  245909.102748] /dev/input/event1: 0003 003a 00000081
[  245909.102748] /dev/input/event1: 0003 0035 00001eee
[  245909.102748] /dev/input/event1: 0003 0036 00007bba
[  245909.102748] /dev/input/event1: 0000 0000 00000000
[  245909.195696] /dev/input/event1: 0003 003a 00000000
[  245909.195696] /dev/input/event1: 0003 0039 ffffffff
[  245909.195696] /dev/input/event1: 0000 0000 00000000
[  245911.987575] /dev/input/event1: 0003 0039 00000000
[  245911.987575] /dev/input/event1: 0003 0030 0000033e
[  245911.987575] /dev/input/event1: 0003 003a 00000081
[  245911.987575] /dev/input/event1: 0003 0035 000045af
[  245911.987575] /dev/input/event1: 0003 0036 00002c21
[  245911.987575] /dev/input/event1: 0000 0000 00000000
[  245913.289544] /dev/input/event1: 0003 003a 00000000
[  245913.289544] /dev/input/event1: 0003 0039 ffffffff
[  245913.289544] /dev/input/event1: 0000 0000 00000000
[  245914.194295] /dev/input/event1: 0003 0039 00000000
[  245914.194295] /dev/input/event1: 0003 0030 0000033f
[  245914.194295] /dev/input/event1: 0003 003a 00000081
[  245914.194295] /dev/input/event1: 0003 0035 000045ce
[  245914.194295] /dev/input/event1: 0003 0036 000025dd
[  245914.194295] /dev/input/event1: 0000 0000 00000000
[  245914.305873] /dev/input/event1: 0003 003a 00000000
[  245914.305873] /dev/input/event1: 0003 0039 ffffffff
[  245914.305873] /dev/input/event1: 0000 0000 00000000
[  245916.865412] /dev/input/event1: 0003 0039 00000000
[  245916.865412] /dev/input/event1: 0003 0030 00000340
[  245916.865412] /dev/input/event1: 0003 003a 00000081
[  245916.865412] /dev/input/event1: 0003 0035 000079b6
[  245916.865412] /dev/input/event1: 0003 0036 00007b21
[  245916.865412] /dev/input/event1: 0000 0000 00000000
[  245916.973632] /dev/input/event1: 0003 003a 00000000
[  245916.973632] /dev/input/event1: 0003 0039 ffffffff
[  245916.973632] /dev/input/event1: 0000 0000 00000000
[  245919.813556] /dev/input/event1: 0003 0039 00000000
[  245919.813556] /dev/input/event1: 0003 0030 00000341
[  245919.813556] /dev/input/event1: 0003 003a 00000081
[  245919.813556] /dev/input/event1: 0003 0035 00001fff
[  245919.813556] /dev/input/event1: 0003 0036 00006743
[  245919.813556] /dev/input/event1: 0000 0000 00000000
[  245919.907515] /dev/input/event1: 0003 003a 00000000
[  245919.907515] /dev/input/event1: 0003 0039 ffffffff
[  245919.907515] /dev/input/event1: 0000 0000 00000000
[  245922.522374] /dev/input/event1: 0003 0039 00000000
[  245922.522374] /dev/input/event1: 0003 0030 00000342
[  245922.522374] /dev/input/event1: 0003 003a 00000081
[  245922.522374] /dev/input/event1: 0003 0035 00003901
[  245922.522374] /dev/input/event1: 0003 0036 00001f55
[  245922.522374] /dev/input/event1: 0000 0000 00000000
[  245922.599681] /dev/input/event1: 0003 003a 00000000
[  245922.599681] /dev/input/event1: 0003 0039 ffffffff
[  245922.599681] /dev/input/event1: 0000 0000 00000000
[  245924.202487] /dev/input/event1: 0003 0039 00000000
[  245924.202487] /dev/input/event1: 0003 0030 00000343
[  245924.202487] /dev/input/event1: 0003 003a 00000081
[  245924.202487] /dev/input/event1: 0003 0035 000037d2
[  245924.202487] /dev/input/event1: 0003 0036 000046ee
[  245924.202487] /dev/input/event1: 0000 0000 00000000
[  245924.298477] /dev/input/event1: 0003 003a 00000000
[  245924.298477] /dev/input/event1: 0003 0039 ffffffff
[  245924.298477] /dev/input/event1: 0000 0000 00000000
[  245925.969051] /dev/input/event1: 0003 0039 00000000
[  245925.969051] /dev/input/event1: 0003 0030 00000344
[  245925.969051] /dev/input/event1: 0003 003a 00000081
[  245925.969051] /dev/input/event1: 0003 0035 000036a2
[  245925.969051] /dev/input/event1: 0003 0036 00005165
[  245925.969051] /dev/input/event1: 0000 0000 00000000
[  245926.061414] /dev/input/event1: 0003 003a 00000000
[  245926.061414] /dev/input/event1: 0003 0039 ffffffff
[  245926.061414] /dev/input/event1: 0000 0000 00000000
[  245927.039874] /dev/input/event1: 0003 0039 00000000
[  245927.039874] /dev/input/event1: 0003 0030 00000345
[  245927.039874] /dev/input/event1: 0003 003a 00000081
[  245927.039874] /dev/input/event1: 0003 0035 00005332
[  245927.039874] /dev/input/event1: 0003 0036 00005110
[  245927.039874] /dev/input/event1: 0000 0000 00000000
[  245927.117458] /dev/input/event1: 0003 003a 00000000
[  245927.117458] /dev/input/event1: 0003 0039 ffffffff
[  245927.117458] /dev/input/event1: 0000 0000 00000000
[  245927.969659] /dev/input/event1: 0003 0039 00000000
[  245927.969659] /dev/input/event1: 0003 0030 00000346
[  245927.969659] /dev/input/event1: 0003 003a 00000081
[  245927.969659] /dev/input/event1: 0003 0035 000040f2
[  245927.969659] /dev/input/event1: 0003 0036 000033aa
[  245927.969659] /dev/input/event1: 0000 0000 00000000
[  245928.063448] /dev/input/event1: 0003 003a 00000000
[  245928.063448] /dev/input/event1: 0003 0039 ffffffff
[  245928.063448] /dev/input/event1: 0000 0000 00000000
[  245929.731729] /dev/input/event1: 0003 0039 00000000
[  245929.731729] /dev/input/event1: 0003 0030 00000347
[  245929.731729] /dev/input/event1: 0003 003a 00000081
[  245929.731729] /dev/input/event1: 0003 0035 00003240
[  245929.731729] /dev/input/event1: 0003 0036 00006521
[  245929.731729] /dev/input/event1: 0000 0000 00000000
[  245929.795042] /dev/input/event1: 0003 003a 00000000
[  245929.795042] /dev/input/event1: 0003 0039 ffffffff
[  245929.795042] /dev/input/event1: 0000 0000 00000000
[  245930.822086] /dev/input/event1: 0003 0039 00000000
[  245930.822086] /dev/input/event1: 0003 0030 00000348
[  245930.822086] /dev/input/event1: 0003 003a 00000081
[  245930.822086] /dev/input/event1: 0003 0035 00006a30
[  245930.822086] /dev/input/event1: 0003 0036 00005154
[  245930.822086] /dev/input/event1: 0000 0000 00000000
[  245930.883501] /dev/input/event1: 0003 003a 00000000
[  245930.883501] /dev/input/event1: 0003 0039 ffffffff
[  245930.883501] /dev/input/event1: 0000 0000 00000000
[  245931.670225] /dev/input/event1: 0003 0039 00000000
[  245931.670225] /dev/input/event1: 0003 0030 00000349
[  245931.670225] /dev/input/event1: 0003 003a 00000081
[  245931.670225] /dev/input/event1: 0003 0035 00006647
[  245931.670225] /dev/input/event1: 0003 0036 000066cb
[  245931.670225] /dev/input/event1: 0000 0000 00000000
[  245931.779480] /dev/input/event1: 0003 003a 00000000
[  245931.779480] /dev/input/event1: 0003 0039 ffffffff
[  245931.779480] /dev/input/event1: 0000 0000 00000000
[  245932.573994] /dev/input/event1: 0003 0039 00000000
[  245932.573994] /dev/input/event1: 0003 0030 0000034a
[  245932.573994] /dev/input/event1: 0003 003a 00000081
[  245932.573994] /dev/input/event1: 0000 0000 00000000
[  245932.654651] /dev/input/event1: 0003 003a 00000000
[  245932.654651] /dev/input/event1: 0003 0039 ffffffff
[  245932.654651] /dev/input/event1: 0000 0000 00000000
[  245934.081712] /dev/input/event1: 0003 0039 00000000
[  245934.081712] /dev/input/event1: 0003 0030 0000034b
[  245934.081712] /dev/input/event1: 0003 003a 00000081
[  245934.081712] /dev/input/event1: 0003 0035 00001d82
[  245934.081712] /dev/input/event1: 0003 0036 00004f98
[  245934.081712] /dev/input/event1: 0000 0000 00000000
[  245934.175519] /dev/input/event1: 0003 003a 00000000
[  245934.175519] /dev/input/event1: 0003 0039 ffffffff
[  245934.175519] /dev/input/event1: 0000 0000 00000000
[  245935.188130] /dev/input/event1: 0003 0039 00000000
[  245935.188130] /dev/input/event1: 0003 0030 0000034c
[  245935.188130] /dev/input/event1: 0003 003a 00000081
[  245935.188130] /dev/input/event1: 0003 0035 000056c0
[  245935.188130] /dev/input/event1: 0003 0036 00006776
[  245935.188130] /dev/input/event1: 0000 0000 00000000
[  245935.250816] /dev/input/event1: 0003 003a 00000000
[  245935.250816] /dev/input/event1: 0003 0039 ffffffff
[  245935.250816] /dev/input/event1: 0000 0000 00000000
[  245935.987741] /dev/input/event1: 0003 0039 00000000
[  245935.987741] /dev/input/event1: 0003 0030 0000034d
[  245935.987741] /dev/input/event1: 0003 003a 00000081
[  245935.987741] /dev/input/event1: 0003 0035 0000382d
[  245935.987741] /dev/input/event1: 0003 0036 000052aa
[  245935.987741] /dev/input/event1: 0000 0000 00000000
[  245936.049376] /dev/input/event1: 0003 003a 00000000
[  245936.049376] /dev/input/event1: 0003 0039 ffffffff
[  245936.049376] /dev/input/event1: 0000 0000 00000000
[  245939.476549] /dev/input/event1: 0003 0039 00000000
[  245939.476549] /dev/input/event1: 0003 0030 0000034e
[  245939.476549] /dev/input/event1: 0003 003a 00000081
[  245939.476549] /dev/input/event1: 0003 0035 000042f5
[  245939.476549] /dev/input/event1: 0003 0036 00001610
[  245939.476549] /dev/input/event1: 0000 0000 00000000
[  245939.585465] /dev/input/event1: 0003 003a 00000000
[  245939.585465] /dev/input/event1: 0003 0039 ffffffff
[  245939.585465] /dev/input/event1: 0000 0000 00000000
[  245941.629712] /dev/input/event1: 0003 0039 00000000
[  245941.629712] /dev/input/event1: 0003 0030 0000034f
[  245941.629712] /dev/input/event1: 0003 003a 00000081
[  245941.629712] /dev/input/event1: 0003 0035 000040d3
[  245941.629712] /dev/input/event1: 0003 0036 00004054
[  245941.629712] /dev/input/event1: 0000 0000 00000000
[  245941.723479] /dev/input/event1: 0003 003a 00000000
[  245941.723479] /dev/input/event1: 0003 0039 ffffffff
[  245941.723479] /dev/input/event1: 0000 0000 00000000
[  245943.567789] /dev/input/event1: 0003 0039 00000000
[  245943.567789] /dev/input/event1: 0003 0030 00000350
[  245943.567789] /dev/input/event1: 0003 003a 00000081
[  245943.567789] /dev/input/event1: 0003 0035 00002ed0
[  245943.567789] /dev/input/event1: 0003 0036 000063ba
[  245943.567789] /dev/input/event1: 0000 0000 00000000
[  245943.679635] /dev/input/event1: 0003 003a 00000000
[  245943.679635] /dev/input/event1: 0003 0039 ffffffff
[  245943.679635] /dev/input/event1: 0000 0000 00000000
[  245945.379577] /dev/input/event1: 0003 0039 00000000
[  245945.379577] /dev/input/event1: 0003 0030 00000351
[  245945.379577] /dev/input/event1: 0003 003a 00000081
[  245945.379577] /dev/input/event1: 0003 0035 00002fff
[  245945.379577] /dev/input/event1: 0003 0036 000015aa
[  245945.379577] /dev/input/event1: 0000 0000 00000000
[  245945.473437] /dev/input/event1: 0003 003a 00000000
[  245945.473437] /dev/input/event1: 0003 0039 ffffffff
[  245945.473437] /dev/input/event1: 0000 0000 00000000
[  245947.294783] /dev/input/event1: 0003 0039 00000000
[  245947.294783] /dev/input/event1: 0003 0030 00000352
[  245947.294783] /dev/input/event1: 0003 003a 00000081
[  245947.294783] /dev/input/event1: 0003 0035 00003097
[  245947.294783] /dev/input/event1: 0003 0036 00003eaa
[  245947.294783] /dev/input/event1: 0000 0000 00000000
[  245947.403465] /dev/input/event1: 0003 003a 00000000
[  245947.403465] /dev/input/event1: 0003 0039 ffffffff
[  245947.403465] /dev/input/event1: 0000 0000 00000000
[  245949.554237] /dev/input/event1: 0003 0039 00000000
[  245949.554237] /dev/input/event1: 0003 0030 00000353
[  245949.554237] /dev/input/event1: 0003 003a 00000081
[  245949.554237] /dev/input/event1: 0003 0035 000027b3
[  245949.554237] /dev/input/event1: 0003 0036 00004aaa
[  245949.554237] /dev/input/event1: 0000 0000 00000000
[  245949.647545] /dev/input/event1: 0003 003a 00000000
[  245949.647545] /dev/input/event1: 0003 0039 ffffffff
[  245949.647545] /dev/input/event1: 0000 0000 00000000
[  245950.978036] /dev/input/event1: 0003 0039 00000000
[  245950.978036] /dev/input/event1: 0003 0030 00000354
[  245950.978036] /dev/input/event1: 0003 003a 00000081
[  245950.978036] /dev/input/event1: 0003 0035 000028a6
[  245950.978036] /dev/input/event1: 0003 0036 00005b98
[  245950.978036] /dev/input/event1: 0000 0000 00000000
[  245951.023943] /dev/input/event1: 0003 003a 00000000
[  245951.023943] /dev/input/event1: 0003 0039 ffffffff
[  245951.023943] /dev/input/event1: 0000 0000 00000000
[  245953.462098] /dev/input/event1: 0003 0039 00000000
[  245953.462098] /dev/input/event1: 0003 0030 00000355
[  245953.462098] /dev/input/event1: 0003 003a 00000081
[  245953.462098] /dev/input/event1: 0003 0035 0000460a
[  245953.462098] /dev/input/event1: 0003 0036 000038ff
[  245953.462098] /dev/input/event1: 0000 0000 00000000
[  245953.556147] /dev/input/event1: 0003 003a 00000000
[  245953.556147] /dev/input/event1: 0003 0039 ffffffff
[  245953.556147] /dev/input/event1: 0000 0000 00000000
[  245956.699152] /dev/input/event1: 0003 0039 00000000
[  245956.699152] /dev/input/event1: 0003 0030 00000356
[  245956.699152] /dev/input/event1: 0003 003a 00000081
[  245956.699152] /dev/input/event1: 0003 0035 00004097
[  245956.699152] /dev/input/event1: 0003 0036 00001877
[  245956.699152] /dev/input/event1: 0000 0000 00000000
[  245956.825369] /dev/input/event1: 0003 003a 00000000
[  245956.825369] /dev/input/event1: 0003 0039 ffffffff
[  245956.825369] /dev/input/event1: 0000 0000 00000000
[  245958.221302] /dev/input/event1: 0003 0039 00000000
[  245958.221302] /dev/input/event1: 0003 0030 00000357
[  245958.221302] /dev/input/event1: 0003 003a 00000081
[  245958.221302] /dev/input/event1: 0003 0035 00003e93
[  245958.221302] /dev/input/event1: 0003 0036 00003eff
[  245958.221302] /dev/input/event1: 0000 0000 00000000
[  245958.333690] /dev/input/event1: 0003 003a 00000000
[  245958.333690] /dev/input/event1: 0003 0039 ffffffff
[  245958.333690] /dev/input/event1: 0000 0000 00000000
[  245959.575446] /dev/input/event1: 0003 0039 00000000
[  245959.575446] /dev/input/event1: 0003 0030 00000358
[  245959.575446] /dev/input/event1: 0003 003a 00000081
[  245959.575446] /dev/input/event1: 0003 0035 000035af
[  245959.575446] /dev/input/event1: 0003 0036 00004fee
[  245959.575446] /dev/input/event1: 0000 0000 00000000
[  245959.701510] /dev/input/event1: 0003 003a 00000000
[  245959.701510] /dev/input/event1: 0003 0039 ffffffff
[  245959.701510] /dev/input/event1: 0000 0000 00000000
[  245960.586803] /dev/input/event1: 0003 0039 00000000
[  245960.586803] /dev/input/event1: 0003 0030 00000359
[  245960.586803] /dev/input/event1: 0003 003a 00000081
[  245960.586803] /dev/input/event1: 0003 0035 00003554
[  245960.586803] /dev/input/event1: 0003 0036 00005b21
[  245960.586803] /dev/input/event1: 0000 0000 00000000
[  245960.679520] /dev/input/event1: 0003 003a 00000000
[  245960.679520] /dev/input/event1: 0003 0039 ffffffff
[  245960.679520] /dev/input/event1: 0000 0000 00000000
[  245961.563173] /dev/input/event1: 0003 0039 00000000
[  245961.563173] /dev/input/event1: 0003 0030 0000035a
[  245961.563173] /dev/input/event1: 0003 003a 00000081
[  245961.563173] /dev/input/event1: 0003 0035 000036a2
[  245961.563173] /dev/input/event1: 0003 0036 00003377
[  245961.563173] /dev/input/event1: 0000 0000 00000000
[  245961.641381] /dev/input/event1: 0003 003a 00000000
[  245961.641381] /dev/input/event1: 0003 0039 ffffffff
[  245961.641381] /dev/input/event1: 0000 0000 00000000
[  245964.472058] /dev/input/event1: 0003 0039 00000000
[  245964.472058] /dev/input/event1: 0003 0030 0000035b
[  245964.472058] /dev/input/event1: 0003 003a 00000081
[  245964.472058] /dev/input/event1: 0003 0035 00003888
[  245964.472058] /dev/input/event1: 0003 0036 000022dd
[  245964.472058] /dev/input/event1: 0000 0000 00000000
[  245964.600902] /dev/input/event1: 0003 003a 00000000
[  245964.600902] /dev/input/event1: 0003 0039 ffffffff
[  245964.600902] /dev/input/event1: 0000 0000 00000000
[  245968.247520] /dev/input/event1: 0003 0039 00000000
[  245968.247520] /dev/input/event1: 0003 0030 0000035c
[  245968.247520] /dev/input/event1: 0003 003a 00000081
[  245968.247520] /dev/input/event1: 0003 0035 000034f9
[  245968.247520] /dev/input/event1: 0003 0036 00002bee
[  245968.247520] /dev/input/event1: 0000 0000 00000000
[  245969.559376] /dev/input/event1: 0003 003a 00000000
[  245969.559376] /dev/input/event1: 0003 0039 ffffffff
[  245969.559376] /dev/input/event1: 0000 0000 00000000
[  245970.300485] /dev/input/event1: 0003 0039 00000000
[  245970.300485] /dev/input/event1: 0003 0030 0000035d
[  245970.300485] /dev/input/event1: 0003 003a 00000081
[  245970.300485] /dev/input/event1: 0003 0035 00003ac8
[  245970.300485] /dev/input/event1: 0003 0036 00001955
[  245970.300485] /dev/input/event1: 0000 0000 00000000
[  245970.407824] /dev/input/event1: 0003 003a 00000000
[  245970.407824] /dev/input/event1: 0003 0039 ffffffff
[  245970.407824] /dev/input/event1: 0000 0000 00000000
[  245972.141511] /dev/input/event1: 0003 0039 00000000
[  245972.141511] /dev/input/event1: 0003 0030 0000035e
[  245972.141511] /dev/input/event1: 0003 003a 00000081
[  245972.141511] /dev/input/event1: 0003 0035 0000203c
[  245972.141511] /dev/input/event1: 0003 0036 00000dee
[  245972.141511] /dev/input/event1: 0000 0000 00000000
[  245972.299643] /dev/input/event1: 0003 003a 00000000
[  245972.299643] /dev/input/event1: 0003 0039 ffffffff
[  245972.299643] /dev/input/event1: 0000 0000 00000000
[  245976.213767] /dev/input/event1: 0003 0039 00000000
[  245976.213767] /dev/input/event1: 0003 0030 0000035f
[  245976.213767] /dev/input/event1: 0003 003a 00000081
[  245976.213767] /dev/input/event1: 0003 0035 00007517
[  245976.213767] /dev/input/event1: 0003 0036 00007a98
[  245976.213767] /dev/input/event1: 0000 0000 00000000
[  245976.276138] /dev/input/event1: 0003 003a 00000000
[  245976.276138] /dev/input/event1: 0003 0039 ffffffff
[  245976.276138] /dev/input/event1: 0000 0000 00000000
[  245980.259989] /dev/input/event1: 0003 0039 00000000
[  245980.259989] /dev/input/event1: 0003 0030 00000360
[  245980.259989] /dev/input/event1: 0003 003a 00000081
[  245980.259989] /dev/input/event1: 0003 0035 0000416b
[  245980.259989] /dev/input/event1: 0003 0036 000067a9
[  245980.259989] /dev/input/event1: 0000 0000 00000000
[  245980.353512] /dev/input/event1: 0003 003a 00000000
[  245980.353512] /dev/input/event1: 0003 0039 ffffffff
[  245980.353512] /dev/input/event1: 0000 0000 00000000
[  245981.916592] /dev/input/event1: 0003 0039 00000000
[  245981.916592] /dev/input/event1: 0003 0030 00000361
[  245981.916592] /dev/input/event1: 0003 003a 00000081
[  245981.916592] /dev/input/event1: 0003 0035 0000512e
[  245981.916592] /dev/input/event1: 0003 0036 000042bb
[  245981.916592] /dev/input/event1: 0000 0000 00000000
[  245982.011548] /dev/input/event1: 0003 003a 00000000
[  245982.011548] /dev/input/event1: 0003 0039 ffffffff
[  245982.011548] /dev/input/event1: 0000 0000 00000000
[  245985.043716] /dev/input/event1: 0003 0039 00000000
[  245985.043716] /dev/input/event1: 0003 0030 00000362
[  245985.043716] /dev/input/event1: 0003 003a 00000081
[  245985.043716] /dev/input/event1: 0003 0035 00007776
[  245985.043716] /dev/input/event1: 0003 0036 00007bed
[  245985.043716] /dev/input/event1: 0000 0000 00000000
[  245985.154086] /dev/input/event1: 0003 003a 00000000
[  245985.154086] /dev/input/event1: 0003 0039 ffffffff
[  245985.154086] /dev/input/event1: 0000 0000 00000000
[  245988.706746] /dev/input/event1: 0003 0039 00000000
[  245988.706746] /dev/input/event1: 0003 0030 00000363
[  245988.706746] /dev/input/event1: 0003 003a 00000081
[  245988.706746] /dev/input/event1: 0003 0035 00001f2b
[  245988.706746] /dev/input/event1: 0003 0036 000071ff
[  245988.706746] /dev/input/event1: 0000 0000 00000000
[  245988.831304] /dev/input/event1: 0003 003a 00000000
[  245988.831304] /dev/input/event1: 0003 0039 ffffffff
[  245988.831304] /dev/input/event1: 0000 0000 00000000
[  245992.263654] /dev/input/event1: 0003 0039 00000000
[  245992.263654] /dev/input/event1: 0003 0030 00000364
[  245992.263654] /dev/input/event1: 0003 003a 00000081
[  245992.263654] /dev/input/event1: 0003 0035 000076c0
[  245992.263654] /dev/input/event1: 0003 0036 00007c21
[  245992.263654] /dev/input/event1: 0000 0000 00000000
[  245992.374257] /dev/input/event1: 0003 003a 00000000
[  245992.374257] /dev/input/event1: 0003 0039 ffffffff
[  245992.374257] /dev/input/event1: 0000 0000 00000000
[  245994.507439] /dev/input/event1: 0003 0039 00000000
[  245994.507439] /dev/input/event1: 0003 0030 00000365
[  245994.507439] /dev/input/event1: 0003 003a 00000081
[  245994.507439] /dev/input/event1: 0003 0035 000040f2
[  245994.507439] /dev/input/event1: 0003 0036 00007421
[  245994.507439] /dev/input/event1: 0000 0000 00000000
[  245994.617293] /dev/input/event1: 0003 003a 00000000
[  245994.617293] /dev/input/event1: 0003 0039 ffffffff
[  245994.617293] /dev/input/event1: 0000 0000 00000000
[  245996.886619] /dev/input/event1: 0003 0039 00000000
[  245996.886619] /dev/input/event1: 0003 0030 00000366
[  245996.886619] /dev/input/event1: 0003 003a 00000081
[  245996.886619] /dev/input/event1: 0003 0035 0000760a
[  245996.886619] /dev/input/event1: 0003 0036 00007d54
[  245996.886619] /dev/input/event1: 0000 0000 00000000
[  245997.013440] /dev/input/event1: 0003 003a 00000000
[  245997.013440] /dev/input/event1: 0003 0039 ffffffff
[  245997.013440] /dev/input/event1: 0000 0000 00000000
[  245999.595262] /dev/input/event1: 0003 0039 00000000
[  245999.595262] /dev/input/event1: 0003 0030 00000367
[  245999.595262] /dev/input/event1: 0003 003a 00000081
[  245999.595262] /dev/input/event1: 0003 0035 00006a4e
[  245999.595262] /dev/input/event1: 0003 0036 00007054
[  245999.595262] /dev/input/event1: 0000 0000 00000000
[  245999.673302] /dev/input/event1: 0003 003a 00000000
[  245999.673302] /dev/input/event1: 0003 0039 ffffffff
[  245999.673302] /dev/input/event1: 0000 0000 00000000
[  246002.655727] /dev/input/event1: 0003 0039 00000000
[  246002.655727] /dev/input/event1: 0003 0030 00000368
[  246002.655727] /dev/input/event1: 0003 003a 00000081
[  246002.655727] /dev/input/event1: 0003 0035 000036c0
[  246002.655727] /dev/input/event1: 0003 0036 00006bdd
[  246002.655727] /dev/input/event1: 0000 0000 00000000
[  246002.781576] /dev/input/event1: 0003 003a 00000000
[  246002.781576] /dev/input/event1: 0003 0039 ffffffff
[  246002.781576] /dev/input/event1: 0000 0000 00000000
[  246006.294016] /dev/input/event1: 0003 0039 00000000
[  246006.294016] /dev/input/event1: 0003 0030 00000369
[  246006.294016] /dev/input/event1: 0003 003a 00000081
[  246006.294016] /dev/input/event1: 0003 0035 00004fc2
[  246006.294016] /dev/input/event1: 0003 0036 000041bb
[  246006.294016] /dev/input/event1: 0000 0000 00000000
[  246006.403336] /dev/input/event1: 0003 003a 00000000
[  246006.403336] /dev/input/event1: 0003 0039 ffffffff
[  246006.403336] /dev/input/event1: 0000 0000 00000000
[  246008.385693] /dev/input/event1: 0003 0039 00000000
[  246008.385693] /dev/input/event1: 0003 0030 0000036a
[  246008.385693] /dev/input/event1: 0003 003a 00000081
[  246008.385693] /dev/input/event1: 0003 0035 00003e75
[  246008.385693] /dev/input/event1: 0003 0036 00000daa
[  246008.385693] /dev/input/event1: 0000 0000 00000000
[  246008.480395] /dev/input/event1: 0003 003a 00000000
[  246008.480395] /dev/input/event1: 0003 0039 ffffffff
[  246008.480395] /dev/input/event1: 0000 0000 00000000
[   17813.265880] /dev/input/event1: 0003 0039 00000000
[   17813.265880] /dev/input/event1: 0003 0030 00000099
[   17813.265880] /dev/input/event1: 0003 003a 00000081
[   17813.265880] /dev/input/event1: 0003 0035 00003fff
[   17813.265880] /dev/input/event1: 0003 0036 00005e65
[   17813.265880] /dev/input/event1: 0000 0000 00000000
[   17813.331511] /dev/input/event1: 0003 003a 00000000
[   17813.331511] /dev/input/event1: 0003 0039 ffffffff
[   17813.331511] /dev/input/event1: 0000 0000 00000000
[   17815.111236] /dev/input/event1: 0003 0039 00000000
[   17815.111236] /dev/input/event1: 0003 0030 0000009a
[   17815.111236] /dev/input/event1: 0003 003a 00000081
[   17815.111236] /dev/input/event1: 0003 0035 0000360a
[   17815.111236] /dev/input/event1: 0003 0036 00003a65
[   17815.111236] /dev/input/event1: 0000 0000 00000000
[   17815.200113] /dev/input/event1: 0003 003a 00000000
[   17815.200113] /dev/input/event1: 0003 0039 ffffffff
[   17815.200113] /dev/input/event1: 0000 0000 00000000
[   17816.347561] /dev/input/event1: 0003 0039 00000000
[   17816.347561] /dev/input/event1: 0003 0030 0000009b
[   17816.347561] /dev/input/event1: 0003 003a 00000081
[   17816.347561] /dev/input/event1: 0003 0036 00004f43
[   17816.347561] /dev/input/event1: 0000 0000 00000000
[   17816.402635] /dev/input/event1: 0003 003a 00000000
[   17816.402635] /dev/input/event1: 0003 0039 ffffffff
[   17816.402635] /dev/input/event1: 0000 0000 00000000
[   17817.732568] /dev/input/event1: 0003 0039 00000000
[   17817.732568] /dev/input/event1: 0003 0030 0000009c
[   17817.732568] /dev/input/event1: 0003 003a 00000081
[   17817.732568] /dev/input/event1: 0003 0035 0000127d
[   17817.732568] /dev/input/event1: 0003 0036 00007387
[   17817.732568] /dev/input/event1: 0000 0000 00000000
[   17817.821885] /dev/input/event1: 0003 003a 00000000
[   17817.821885] /dev/input/event1: 0003 0039 ffffffff
[   17817.821885] /dev/input/event1: 0000 0000 00000000
[   17818.574440] /dev/input/event1: 0003 0039 00000000
[   17818.574440] /dev/input/event1: 0003 0030 0000009d
[   17818.574440] /dev/input/event1: 0003 003a 00000081
[   17818.574440] /dev/input/event1: 0003 0035 00003554
[   17818.574440] /dev/input/event1: 0003 0036 00005ccc
[   17818.574440] /dev/input/event1: 0000 0000 00000000
[   17818.653036] /dev/input/event1: 0003 003a 00000000
[   17818.653036] /dev/input/event1: 0003 0039 ffffffff
[   17818.653036] /dev/input/event1: 0000 0000 00000000
[   17819.835145] /dev/input/event1: 0003 0039 00000000
[   17819.835145] /dev/input/event1: 0003 0030 0000009e
[   17819.835145] /dev/input/event1: 0003 003a 00000081
[   17819.835145] /dev/input/event1: 0003 0035 0000403c
[   17819.835145] /dev/input/event1: 0003 0036 00002921
[   17819.835145] /dev/input/event1: 0000 0000 00000000
[   17819.914130] /dev/input/event1: 0003 003a 00000000
[   17819.914130] /dev/input/event1: 0003 0039 ffffffff
[   17819.914130] /dev/input/event1: 0000 0000 00000000
[   17820.837492] /dev/input/event1: 0003 0039 00000000
[   17820.837492] /dev/input/event1: 0003 0030 0000009f
[   17820.837492] /dev/input/event1: 0003 003a 00000081
[   17820.837492] /dev/input/event1: 0003 0035 000033ca
[   17820.837492] /dev/input/event1: 0003 0036 00004ecc
[   17820.837492] /dev/input/event1: 0000 0000 00000000
[   17820.902732] /dev/input/event1: 0003 003a 00000000
[   17820.902732] /dev/input/event1: 0003 0039 ffffffff
[   17820.902732] /dev/input/event1: 0000 0000 00000000
[   17822.187492] /dev/input/event1: 0003 0039 00000000
[   17822.187492] /dev/input/event1: 0003 0030 000000a0
[   17822.187492] /dev/input/event1: 0003 003a 00000081
[   17822.187492] /dev/input/event1: 0003 0035 000052f5
[   17822.187492] /dev/input/event1: 0003 0036 00005a65
[   17822.187492] /dev/input/event1: 0000 0000 00000000
[   17822.252772] /dev/input/event1: 0003 003a 00000000
[   17822.252772] /dev/input/event1: 0003 0039 ffffffff
[   17822.252772] /dev/input/event1: 0000 0000 00000000
[   17823.816739] /dev/input/event1: 0003 0039 00000000
[   17823.816739] /dev/input/event1: 0003 0030 000000a1
[   17823.816739] /dev/input/event1: 0003 003a 00000081
[   17823.816739] /dev/input/event1: 0003 0035 00003eee
[   17823.816739] /dev/input/event1: 0003 0036 000030cc
[   17823.816739] /dev/input/event1: 0000 0000 00000000
[   17823.895006] /dev/input/event1: 0003 003a 00000000
[   17823.895006] /dev/input/event1: 0003 0039 ffffffff
[   17823.895006] /dev/input/event1: 0000 0000 00000000
[   17826.653562] /dev/input/event1: 0003 0039 00000000
[   17826.653562] /dev/input/event1: 0003 0030 000000a2
[   17826.653562] /dev/input/event1: 0003 003a 00000081
[   17826.653562] /dev/input/event1: 0003 0035 00001d27
[   17826.653562] /dev/input/event1: 0003 0036 00007c43
[   17826.653562] /dev/input/event1: 0000 0000 00000000
[   17826.741257] /dev/input/event1: 0003 003a 00000000
[   17826.741257] /dev/input/event1: 0003 0039 ffffffff
[   17826.741257] /dev/input/event1: 0000 0000 00000000
[   17827.979030] /dev/input/event1: 0003 0039 00000000
[   17827.979030] /dev/input/event1: 0003 0030 000000a3
[   17827.979030] /dev/input/event1: 0003 003a 00000081
[   17827.979030] /dev/input/event1: 0000 0000 00000000
[   17828.080032] /dev/input/event1: 0003 003a 00000000
[   17828.080032] /dev/input/event1: 0003 0039 ffffffff
[   17828.080032] /dev/input/event1: 0000 0000 00000000
[   17829.600236] /dev/input/event1: 0003 0039 00000000
[   17829.600236] /dev/input/event1: 0003 0030 000000a4
[   17829.600236] /dev/input/event1: 0003 003a 00000081
[   17829.600236] /dev/input/event1: 0003 0035 00003eb1
[   17829.600236] /dev/input/event1: 0003 0036 00003821
[   17829.600236] /dev/input/event1: 0000 0000 00000000
[   17829.712250] /dev/input/event1: 0003 003a 00000000
[   17829.712250] /dev/input/event1: 0003 0039 ffffffff
[   17829.712250] /dev/input/event1: 0000 0000 00000000
[   17831.040367] /dev/input/event1: 0003 0039 00000000
[   17831.040367] /dev/input/event1: 0003 0030 000000a5
[   17831.040367] /dev/input/event1: 0003 003a 00000081
[   17831.040367] /dev/input/event1: 0003 0035 00003f2b
[   17831.040367] /dev/input/event1: 0003 0036 000050ff
[   17831.040367] /dev/input/event1: 0000 0000 00000000
[   17831.129665] /dev/input/event1: 0003 003a 00000000
[   17831.129665] /dev/input/event1: 0003 0039 ffffffff
[   17831.129665] /dev/input/event1: 0000 0000 00000000
[   17833.583756] /dev/input/event1: 0003 0039 00000000
[   17833.583756] /dev/input/event1: 0003 0030 000000a6
[   17833.583756] /dev/input/event1: 0003 003a 00000081
[   17833.583756] /dev/input/event1: 0003 0035 000068e2
[   17833.583756] /dev/input/event1: 0003 0036 00000caa
[   17833.583756] /dev/input/event1: 0000 0000 00000000
[   17833.683562] /dev/input/event1: 0003 003a 00000000
[   17833.683562] /dev/input/event1: 0003 0039 ffffffff
[   17833.683562] /dev/input/event1: 0000 0000 00000000
[   17835.271218] /dev/input/event1: 0003 0039 00000000
[   17835.271218] /dev/input/event1: 0003 0030 000000a7
[   17835.271218] /dev/input/event1: 0003 003a 00000081
[   17835.271218] /dev/input/event1: 0003 0035 00003fff
[   17835.271218] /dev/input/event1: 0003 0036 00005c21
[   17835.271218] /dev/input/event1: 0000 0000 00000000
[   17835.595654] /dev/input/event1: 0003 0036 00005bcc
[   17835.595654] /dev/input/event1: 0000 0000 00000000
[   17835.606346] /dev/input/event1: 0003 0036 00005ba9
[   17835.606346] /dev/input/event1: 0000 0000 00000000
[   17835.617419] /dev/input/event1: 0003 0035 0000403c
[   17835.617419] /dev/input/event1: 0003 0036 00005b87
[   17835.617419] /dev/input/event1: 0000 0000 00000000
[   17835.628704] /dev/input/event1: 0003 0036 00005b43
[   17835.628704] /dev/input/event1: 0000 0000 00000000
[   17835.640052] /dev/input/event1: 0003 0036 00005b21
[   17835.640052] /dev/input/event1: 0000 0000 00000000
[   17835.651242] /dev/input/event1: 0003 0035 00004078
[   17835.651242] /dev/input/event1: 0003 0036 00005acc
[   17835.651242] /dev/input/event1: 0000 0000 00000000
[   17835.662224] /dev/input/event1: 0003 0036 00005a87
[   17835.662224] /dev/input/event1: 0000 0000 00000000
[   17835.674094] /dev/input/event1: 0003 0036 00005a43
[   17835.674094] /dev/input/event1: 0000 0000 00000000
[   17835.685225] /dev/input/event1: 0003 0036 000059ff
[   17835.685225] /dev/input/event1: 0000 0000 00000000
[   17835.696220] /dev/input/event1: 0003 0036 000059a9
[   17835.696220] /dev/input/event1: 0000 0000 00000000
[   17835.707559] /dev/input/event1: 0003 0036 00005965
[   17835.707559] /dev/input/event1: 0000 0000 00000000
[   17835.718715] /dev/input/event1: 0003 0036 00005943
[   17835.718715] /dev/input/event1: 0000 0000 00000000
[   17835.730112] /dev/input/event1: 0003 0036 000058cc
[   17835.730112] /dev/input/event1: 0000 0000 00000000
[   17835.741327] /dev/input/event1: 0003 0036 00005865
[   17835.741327] /dev/input/event1: 0000 0000 00000000
[   17835.752595] /dev/input/event1: 0003 0036 00005821
[   17835.752595] /dev/input/event1: 0000 0000 00000000
[   17835.763542] /dev/input/event1: 0003 0036 000057cc
[   17835.763542] /dev/input/event1: 0000 0000 00000000
[   17835.774808] /dev/input/event1: 0003 0036 00005765
[   17835.774808] /dev/input/event1: 0000 0000 00000000
[   17835.786108] /dev/input/event1: 0003 0036 000056ff
[   17835.786108] /dev/input/event1: 0000 0000 00000000
[   17835.797848] /dev/input/event1: 0003 0036 000056a9
[   17835.797848] /dev/input/event1: 0000 0000 00000000
[   17835.808683] /dev/input/event1: 0003 0036 00005643
[   17835.808683] /dev/input/event1: 0000 0000 00000000
[   17835.819885] /dev/input/event1: 0003 0036 000055ff
[   17835.819885] /dev/input/event1: 0000 0000 00000000
[   17835.831165] /dev/input/event1: 0003 0036 000055cc
[   17835.831165] /dev/input/event1: 0000 0000 00000000
[   17835.842873] /dev/input/event1: 0003 0036 00005587
[   17835.842873] /dev/input/event1: 0000 0000 00000000
[   17835.853868] /dev/input/event1: 0003 0036 00005543
[   17835.853868] /dev/input/event1: 0000 0000 00000000
[   17835.864877] /dev/input/event1: 0003 0036 000054cc
[   17835.864877] /dev/input/event1: 0000 0000 00000000
[   17835.876150] /dev/input/event1: 0003 0036 00005465
[   17835.876150] /dev/input/event1: 0000 0000 00000000
[   17835.888369] /dev/input/event1: 0003 0036 000053cc
[   17835.888369] /dev/input/event1: 0000 0000 00000000
[   17835.898836] /dev/input/event1: 0003 0036 00005365
[   17835.898836] /dev/input/event1: 0000 0000 00000000
[   17835.910073] /dev/input/event1: 0003 0036 00005321
[   17835.910073] /dev/input/event1: 0000 0000 00000000
[   17835.921191] /dev/input/event1: 0003 0036 000052cc
[   17835.921191] /dev/input/event1: 0000 0000 00000000
[   17835.932443] /dev/input/event1: 0003 0036 00005287
[   17835.932443] /dev/input/event1: 0000 0000 00000000
[   17835.943605] /dev/input/event1: 0003 0036 00005221
[   17835.943605] /dev/input/event1: 0000 0000 00000000
[   17835.955843] /dev/input/event1: 0003 0036 000051aa
[   17835.955843] /dev/input/event1: 0000 0000 00000000
[   17835.966441] /dev/input/event1: 0003 0036 00005143
[   17835.966441] /dev/input/event1: 0000 0000 00000000
[   17835.979240] /dev/input/event1: 0003 0036 000050cc
[   17835.979240] /dev/input/event1: 0000 0000 00000000
[   17835.988938] /dev/input/event1: 0003 0036 00005087
[   17835.988938] /dev/input/event1: 0000 0000 00000000
[   17836.000457] /dev/input/event1: 0003 0036 00005043
[   17836.000457] /dev/input/event1: 0000 0000 00000000
[   17836.012816] /dev/input/event1: 0003 0036 00004fff
[   17836.012816] /dev/input/event1: 0000 0000 00000000
[   17836.022520] /dev/input/event1: 0003 0035 0000403c
[   17836.022520] /dev/input/event1: 0003 0036 00004f87
[   17836.022520] /dev/input/event1: 0000 0000 00000000
[   17836.034647] /dev/input/event1: 0003 0036 00004f43
[   17836.034647] /dev/input/event1: 0000 0000 00000000
[   17836.045123] /dev/input/event1: 0003 0036 00004ecc
[   17836.045123] /dev/input/event1: 0000 0000 00000000
[   17836.056750] /dev/input/event1: 0003 0036 00004e43
[   17836.056750] /dev/input/event1: 0000 0000 00000000
[   17836.067333] /dev/input/event1: 0003 0035 00003fff
[   17836.067333] /dev/input/event1: 0003 0036 00004daa
[   17836.067333] /dev/input/event1: 0000 0000 00000000
[   17836.079938] /dev/input/event1: 0003 0036 00004d43
[   17836.079938] /dev/input/event1: 0000 0000 00000000
[   17836.090364] /dev/input/event1: 0003 0036 00004cff
[   17836.090364] /dev/input/event1: 0000 0000 00000000
[   17836.101139] /dev/input/event1: 0003 0036 00004caa
[   17836.101139] /dev/input/event1: 0000 0000 00000000
[   17836.112251] /dev/input/event1: 0003 0036 00004c43
[   17836.112251] /dev/input/event1: 0000 0000 00000000
[   17836.125407] /dev/input/event1: 0003 0036 00004bff
[   17836.125407] /dev/input/event1: 0000 0000 00000000
[   17836.134913] /dev/input/event1: 0003 0036 00004b87
[   17836.134913] /dev/input/event1: 0000 0000 00000000
[   17836.146424] /dev/input/event1: 0003 0036 00004b43
[   17836.146424] /dev/input/event1: 0000 0000 00000000
[   17836.157295] /dev/input/event1: 0003 0036 00004aff
[   17836.157295] /dev/input/event1: 0000 0000 00000000
[   17836.168607] /dev/input/event1: 0003 0036 00004acc
[   17836.168607] /dev/input/event1: 0000 0000 00000000
[   17836.179767] /dev/input/event1: 0003 0036 00004aaa
[   17836.179767] /dev/input/event1: 0000 0000 00000000
[   17836.191611] /dev/input/event1: 0003 0036 00004a87
[   17836.191611] /dev/input/event1: 0000 0000 00000000
[   17836.202417] /dev/input/event1: 0003 0036 00004a43
[   17836.202417] /dev/input/event1: 0000 0000 00000000
[   17836.213575] /dev/input/event1: 0003 0036 00004a21
[   17836.213575] /dev/input/event1: 0000 0000 00000000
[   17836.224931] /dev/input/event1: 0003 0036 000049cc
[   17836.224931] /dev/input/event1: 0000 0000 00000000
[   17836.236083] /dev/input/event1: 0003 0036 00004965
[   17836.236083] /dev/input/event1: 0000 0000 00000000
[   17836.247316] /dev/input/event1: 0003 0036 00004921
[   17836.247316] /dev/input/event1: 0000 0000 00000000
[   17836.259339] /dev/input/event1: 0003 0036 000048ff
[   17836.259339] /dev/input/event1: 0000 0000 00000000
[   17836.269899] /dev/input/event1: 0003 0036 000048aa
[   17836.269899] /dev/input/event1: 0000 0000 00000000
[   17836.281596] /dev/input/event1: 0003 0036 00004865
[   17836.281596] /dev/input/event1: 0000 0000 00000000
[   17836.292397] /dev/input/event1: 0003 0035 00003fa4
[   17836.292397] /dev/input/event1: 0003 0036 00004843
[   17836.292397] /dev/input/event1: 0000 0000 00000000
[   17836.314887] /dev/input/event1: 0003 0036 00004821
[   17836.314887] /dev/input/event1: 0000 0000 00000000
[   17836.348931] /dev/input/event1: 0003 0036 000047ff
[   17836.348931] /dev/input/event1: 0000 0000 00000000
[   17836.686438] /dev/input/event1: 0003 003a 00000000
[   17836.686438] /dev/input/event1: 0003 0039 ffffffff
[   17836.686438] /dev/input/event1: 0000 0000 00000000
[   17838.376002] /dev/input/event1: 0003 0039 00000000
[   17838.376002] /dev/input/event1: 0003 0030 000000a8
[   17838.376002] /dev/input/event1: 0003 003a 00000081
[   17838.376002] /dev/input/event1: 0003 0035 00000684
[   17838.376002] /dev/input/event1: 0003 0036 00006ea9
[   17838.376002] /dev/input/event1: 0000 0000 00000000
[   17838.487226] /dev/input/event1: 0003 003a 00000000
[   17838.487226] /dev/input/event1: 0003 0039 ffffffff
[   17838.487226] /dev/input/event1: 0000 0000 00000000
[   17840.861632] /dev/input/event1: 0003 0039 00000000
[   17840.861632] /dev/input/event1: 0003 0030 000000a9
[   17840.861632] /dev/input/event1: 0003 003a 00000081
[   17840.861632] /dev/input/event1: 0003 0035 0000127d
[   17840.861632] /dev/input/event1: 0000 0000 00000000
[   17840.962391] /dev/input/event1: 0003 003a 00000000
[   17840.962391] /dev/input/event1: 0003 0039 ffffffff
[   17840.962391] /dev/input/event1: 0000 0000 00000000
[   17842.245514] /dev/input/event1: 0003 0039 00000000
[   17842.245514] /dev/input/event1: 0003 0030 000000aa
[   17842.245514] /dev/input/event1: 0003 003a 00000081
[   17842.245514] /dev/input/event1: 0003 0035 000022f6
[   17842.245514] /dev/input/event1: 0003 0036 00006eff
[   17842.245514] /dev/input/event1: 0000 0000 00000000
[   17842.334941] /dev/input/event1: 0003 003a 00000000
[   17842.334941] /dev/input/event1: 0003 0039 ffffffff
[   17842.334941] /dev/input/event1: 0000 0000 00000000
[   17843.741986] /dev/input/event1: 0003 0039 00000000
[   17843.741986] /dev/input/event1: 0003 0030 000000ab
[   17843.741986] /dev/input/event1: 0003 003a 00000081
[   17843.741986] /dev/input/event1: 0003 0035 0000380e
[   17843.741986] /dev/input/event1: 0003 0036 00006ecb
[   17843.741986] /dev/input/event1: 0000 0000 00000000
[   17843.852974] /dev/input/event1: 0003 003a 00000000
[   17843.852974] /dev/input/event1: 0003 0039 ffffffff
[   17843.852974] /dev/input/event1: 0000 0000 00000000
[   17845.283457] /dev/input/event1: 0003 0039 00000000
[   17845.283457] /dev/input/event1: 0003 0030 000000ac
[   17845.283457] /dev/input/event1: 0003 003a 00000081
[   17845.283457] /dev/input/event1: 0003 0035 00000d27
[   17845.283457] /dev/input/event1: 0003 0036 00007387
[   17845.283457] /dev/input/event1: 0000 0000 00000000
[   17845.360979] /dev/input/event1: 0003 003a 00000000
[   17845.360979] /dev/input/event1: 0003 0039 ffffffff
[   17845.360979] /dev/input/event1: 0000 0000 00000000
[   17846.746314] /dev/input/event1: 0003 0039 00000000
[   17846.746314] /dev/input/event1: 0003 0030 000000ad
[   17846.746314] /dev/input/event1: 0003 003a 00000081
[   17846.746314] /dev/input/event1: 0003 0035 0000216b
[   17846.746314] /dev/input/event1: 0003 0036 00007365
[   17846.746314] /dev/input/event1: 0000 0000 00000000
[   17846.834459] /dev/input/event1: 0003 003a 00000000
[   17846.834459] /dev/input/event1: 0003 0039 ffffffff
[   17846.834459] /dev/input/event1: 0000 0000 00000000
[   17848.365219] /dev/input/event1: 0003 0039 00000000
[   17848.365219] /dev/input/event1: 0003 0030 000000ae
[   17848.365219] /dev/input/event1: 0003 003a 00000081
[   17848.365219] /dev/input/event1: 0003 0035 00003591
[   17848.365219] /dev/input/event1: 0000 0000 00000000
[   17848.454957] /dev/input/event1: 0003 003a 00000000
[   17848.454957] /dev/input/event1: 0003 0039 ffffffff
[   17848.454957] /dev/input/event1: 0000 0000 00000000