add device 1: /dev/input/event0
  name:     "Power Button"
add device 2: /dev/input/event1
  name:     "qwerty2"
[   30188.695187] /dev/input/event1: 0003 0039 00000000
[   30188.695187] /dev/input/event1: 0003 0030 000001a4
[   30188.695187] /dev/input/event1: 0003 003a 00000081
[   30188.695187] /dev/input/event1: 0003 0035 00006591
[   30188.695187] /dev/input/event1: 0003 0036 00001821
[   30188.695187] /dev/input/event1: 0000 0000 00000000
[   30188.783560] /dev/input/event1: 0003 003a 00000000
[   30188.783560] /dev/input/event1: 0003 0039 ffffffff
[   30188.783560] /dev/input/event1: 0000 0000 00000000
[   30189.649766] /dev/input/event1: 0003 0039 00000000
[   30189.649766] /dev/input/event1: 0003 0030 000001a5
[   30189.649766] /dev/input/event1: 0003 003a 00000081
[   30189.649766] /dev/input/event1: 0000 0000 00000000
[   30189.751715] /dev/input/event1: 0003 003a 00000000
[   30189.751715] /dev/input/event1: 0003 0039 ffffffff
[   30189.751715] /dev/input/event1: 0000 0000 00000000
[   30191.045079] /dev/input/event1: 0003 0039 00000000
[   30191.045079] /dev/input/event1: 0003 0030 000001a6
[   30191.045079] /dev/input/event1: 0003 003a 00000081
[   30191.045079] /dev/input/event1: 0003 0035 00005684
[   30191.045079] /dev/input/event1: 0003 0036 000018cc
[   30191.045079] /dev/input/event1: 0000 0000 00000000
[   30191.145854] /dev/input/event1: 0003 003a 00000000
[   30191.145854] /dev/input/event1: 0003 0039 ffffffff
[   30191.145854] /dev/input/event1: 0000 0000 00000000
[   30191.832410] /dev/input/event1: 0003 0039 00000000
[   30191.832410] /dev/input/event1: 0003 0030 000001a7
[   30191.832410] /dev/input/event1: 0003 003a 00000081
[   30191.832410] /dev/input/event1: 0000 0000 00000000
[   30191.923089] /dev/input/event1: 0003 003a 00000000
[   30191.923089] /dev/input/event1: 0003 0039 ffffffff
[   30191.923089] /dev/input/event1: 0000 0000 00000000
[   30193.294980] /dev/input/event1: 0003 0039 00000000
[   30193.294980] /dev/input/event1: 0003 0030 000001a8
[   30193.294980] /dev/input/event1: 0003 003a 00000081
[   30193.294980] /dev/input/event1: 0003 0035 00004332
[   30193.294980] /dev/input/event1: 0003 0036 00002266
[   30193.294980] /dev/input/event1: 0000 0000 00000000
[   30193.361652] /dev/input/event1: 0003 003a 00000000
[   30193.361652] /dev/input/event1: 0003 0039 ffffffff
[   30193.361652] /dev/input/event1: 0000 0000 00000000
[   30194.925102] /dev/input/event1: 0003 0039 00000000
[   30194.925102] /dev/input/event1: 0003 0030 000001a9
[   30194.925102] /dev/input/event1: 0003 003a 00000081
[   30194.925102] /dev/input/event1: 0003 0035 0000580e
[   30194.925102] /dev/input/event1: 0003 0036 000018ff
[   30194.925102] /dev/input/event1: 0000 0000 00000000
[   30195.015835] /dev/input/event1: 0003 003a 00000000
[   30195.015835] /dev/input/event1: 0003 0039 ffffffff
[   30195.015835] /dev/input/event1: 0000 0000 00000000
[   30195.589080] /dev/input/event1: 0003 0039 00000000
[   30195.589080] /dev/input/event1: 0003 0030 000001aa
[   30195.589080] /dev/input/event1: 0003 003a 00000081
[   30195.589080] /dev/input/event1: 0000 0000 00000000
[   30195.679171] /dev/input/event1: 0003 003a 00000000
[   30195.679171] /dev/input/event1: 0003 0039 ffffffff
[   30195.679171] /dev/input/event1: 0000 0000 00000000
[   30197.042226] /dev/input/event1: 0003 0039 00000000
[   30197.042226] /dev/input/event1: 0003 0030 000001ab
[   30197.042226] /dev/input/event1: 0003 003a 00000081
[   30197.042226] /dev/input/event1: 0003 0035 000043ca
[   30197.042226] /dev/input/event1: 0003 0036 000022cc
[   30197.042226] /dev/input/event1: 0000 0000 00000000
[   30197.107273] /dev/input/event1: 0003 003a 00000000
[   30197.107273] /dev/input/event1: 0003 0039 ffffffff
[   30197.107273] /dev/input/event1: 0000 0000 00000000
[   30199.122603] /dev/input/event1: 0003 0039 00000000
[   30199.122603] /dev/input/event1: 0003 0030 000001ac
[   30199.122603] /dev/input/event1: 0003 003a 00000081
[   30199.122603] /dev/input/event1: 0003 0035 00004332
[   30199.122603] /dev/input/event1: 0003 0036 00002b43
[   30199.122603] /dev/input/event1: 0000 0000 00000000
[   30199.189357] /dev/input/event1: 0003 003a 00000000
[   30199.189357] /dev/input/event1: 0003 0039 ffffffff
[   30199.189357] /dev/input/event1: 0000 0000 00000000
[   30201.823731] /dev/input/event1: 0003 0039 00000000
[   30201.823731] /dev/input/event1: 0003 0030 000001ad
[   30201.823731] /dev/input/event1: 0003 003a 00000081
[   30201.823731] /dev/input/event1: 0003 0035 0000412e
[   30201.823731] /dev/input/event1: 0003 0036 00002daa
[   30201.823731] /dev/input/event1: 0000 0000 00000000
[   30201.902061] /dev/input/event1: 0003 003a 00000000
[   30201.902061] /dev/input/event1: 0003 0039 ffffffff
[   30201.902061] /dev/input/event1: 0000 0000 00000000
[   30203.736484] /dev/input/event1: 0003 0039 00000000
[   30203.736484] /dev/input/event1: 0003 0030 000001ae
[   30203.736484] /dev/input/event1: 0003 003a 00000081
[   30203.736484] /dev/input/event1: 0003 0035 0000391f
[   30203.736484] /dev/input/event1: 0003 0036 00005165
[   30203.736484] /dev/input/event1: 0000 0000 00000000
[   30203.823870] /dev/input/event1: 0003 003a 00000000
[   30203.823870] /dev/input/event1: 0003 0039 ffffffff
[   30203.823870] /dev/input/event1: 0000 0000 00000000
[   30205.421965] /dev/input/event1: 0003 0039 00000000
[   30205.421965] /dev/input/event1: 0003 0030 000001af
[   30205.421965] /dev/input/event1: 0003 003a 00000081
[   30205.421965] /dev/input/event1: 0003 0035 0000212f
[   30205.421965] /dev/input/event1: 0003 0036 00005143
[   30205.421965] /dev/input/event1: 0000 0000 00000000
[   30205.522409] /dev/input/event1: 0003 003a 00000000
[   30205.522409] /dev/input/event1: 0003 0039 ffffffff
[   30205.522409] /dev/input/event1: 0000 0000 00000000
[   30206.423026] /dev/input/event1: 0003 0039 00000000
[   30206.423026] /dev/input/event1: 0003 0030 000001b0
[   30206.423026] /dev/input/event1: 0003 003a 00000081
[   30206.423026] /dev/input/event1: 0003 0035 00001920
[   30206.423026] /dev/input/event1: 0003 0036 00005b43
[   30206.423026] /dev/input/event1: 0000 0000 00000000
[   30206.512650] /dev/input/event1: 0003 003a 00000000
[   30206.512650] /dev/input/event1: 0003 0039 ffffffff
[   30206.512650] /dev/input/event1: 0000 0000 00000000
[   30207.651369] /dev/input/event1: 0003 0039 00000000
[   30207.651369] /dev/input/event1: 0003 0030 000001b1
[   30207.651369] /dev/input/event1: 0003 003a 00000081
[   30207.651369] /dev/input/event1: 0003 0035 000039d5
[   30207.651369] /dev/input/event1: 0003 0036 000050aa
[   30207.651369] /dev/input/event1: 0000 0000 00000000
[   30207.738345] /dev/input/event1: 0003 003a 00000000
[   30207.738345] /dev/input/event1: 0003 0039 ffffffff
[   30207.738345] /dev/input/event1: 0000 0000 00000000
[   30208.742048] /dev/input/event1: 0003 0039 00000000
[   30208.742048] /dev/input/event1: 0003 0030 000001b2
[   30208.742048] /dev/input/event1: 0003 003a 00000081
[   30208.742048] /dev/input/event1: 0003 0035 0000438d
[   30208.742048] /dev/input/event1: 0003 0036 00003243
[   30208.742048] /dev/input/event1: 0000 0000 00000000
[   30208.832347] /dev/input/event1: 0003 003a 00000000
[   30208.832347] /dev/input/event1: 0003 0039 ffffffff
[   30208.832347] /dev/input/event1: 0000 0000 00000000
[   30210.900640] /dev/input/event1: 0003 0039 00000000
[   30210.900640] /dev/input/event1: 0003 0030 000001b3
[   30210.900640] /dev/input/event1: 0003 003a 00000081
[   30210.900640] /dev/input/event1: 0003 0035 000034bd
[   30210.900640] /dev/input/event1: 0003 0036 00003565
[   30210.900640] /dev/input/event1: 0000 0000 00000000
[   30211.968731] /dev/input/event1: 0003 003a 00000000
[   30211.968731] /dev/input/event1: 0003 0039 ffffffff
[   30211.968731] /dev/input/event1: 0000 0000 00000000
[   30213.127435] /dev/input/event1: 0003 0039 00000000
[   30213.127435] /dev/input/event1: 0003 0030 000001b4
[   30213.127435] /dev/input/event1: 0003 003a 00000081
[   30213.127435] /dev/input/event1: 0003 0035 000053ca
[   30213.127435] /dev/input/event1: 0003 0036 00002566
[   30213.127435] /dev/input/event1: 0000 0000 00000000
[   30213.229285] /dev/input/event1: 0003 003a 00000000
[   30213.229285] /dev/input/event1: 0003 0039 ffffffff
[   30213.229285] /dev/input/event1: 0000 0000 00000000
[   30215.390223] /dev/input/event1: 0003 0039 00000000
[   30215.390223] /dev/input/event1: 0003 0030 000001b5
[   30215.390223] /dev/input/event1: 0003 003a 00000081
[   30215.390223] /dev/input/event1: 0003 0035 00001333
[   30215.390223] /dev/input/event1: 0003 0036 00000d66
[   30215.390223] /dev/input/event1: 0000 0000 00000000
[   30215.480694] /dev/input/event1: 0003 003a 00000000
[   30215.480694] /dev/input/event1: 0003 0039 ffffffff
[   30215.480694] /dev/input/event1: 0000 0000 00000000
[   30219.090846] /dev/input/event1: 0003 0039 00000000
[   30219.090846] /dev/input/event1: 0003 0030 000001b6
[   30219.090846] /dev/input/event1: 0003 003a 00000081
[   30219.090846] /dev/input/event1: 0003 0035 00004332
[   30219.090846] /dev/input/event1: 0003 0036 000035cc
[   30219.090846] /dev/input/event1: 0000 0000 00000000
[   30220.192825] /dev/input/event1: 0003 003a 00000000
[   30220.192825] /dev/input/event1: 0003 0039 ffffffff
[   30220.192825] /dev/input/event1: 0000 0000 00000000
[   30221.351118] /dev/input/event1: 0003 0039 00000000
[   30221.351118] /dev/input/event1: 0003 0030 000001b7
[   30221.351118] /dev/input/event1: 0003 003a 00000081
[   30221.351118] /dev/input/event1: 0003 0035 00004b9c
[   30221.351118] /dev/input/event1: 0003 0036 00003043
[   30221.351118] /dev/input/event1: 0000 0000 00000000
[   30221.454211] /dev/input/event1: 0003 003a 00000000
[   30221.454211] /dev/input/event1: 0003 0039 ffffffff
[   30221.454211] /dev/input/event1: 0000 0000 00000000