add device 1: /dev/input/event0
  name:     "Power Button"
add device 2: /dev/input/event1
  name:     "qwerty2"
[   10683.659539] /dev/input/event1: 0003 0039 00000000
[   10683.659539] /dev/input/event1: 0003 0030 000004e0
[   10683.659539] /dev/input/event1: 0003 003a 00000081
[   10683.659539] /dev/input/event1: 0003 0035 00006332
[   10683.659539] /dev/input/event1: 0003 0036 000073ff
[   10683.659539] /dev/input/event1: 0000 0000 00000000
[   10683.813688] /dev/input/event1: 0003 003a 00000000
[   10683.813688] /dev/input/event1: 0003 0039 ffffffff
[   10683.813688] /dev/input/event1: 0000 0000 00000000
[   10685.558406] /dev/input/event1: 0003 0039 00000000
[   10685.558406] /dev/input/event1: 0003 0030 000004e1
[   10685.558406] /dev/input/event1: 0003 003a 00000081
[   10685.558406] /dev/input/event1: 0003 0035 00003c16
[   10685.558406] /dev/input/event1: 0003 0036 000030aa
[   10685.558406] /dev/input/event1: 0000 0000 00000000
[   10685.757637] /dev/input/event1: 0003 003a 00000000
[   10685.757637] /dev/input/event1: 0003 0039 ffffffff
[   10685.757637] /dev/input/event1: 0000 0000 00000000
[   10688.814750] /dev/input/event1: 0003 0039 00000000
[   10688.814750] /dev/input/event1: 0003 0030 000004e2
[   10688.814750] /dev/input/event1: 0003 003a 00000081
[   10688.814750] /dev/input/event1: 0003 0035 000060b5
[   10688.814750] /dev/input/event1: 0003 0036 00007298
[   10688.814750] /dev/input/event1: 0000 0000 00000000
[   10689.046041] /dev/input/event1: 0003 003a 00000000
[   10689.046041] /dev/input/event1: 0003 0039 ffffffff
[   10689.046041] /dev/input/event1: 0000 0000 00000000
[   10693.503425] /dev/input/event1: 0003 0039 00000000
[   10693.503425] /dev/input/event1: 0003 0030 000004e3
[   10693.503425] /dev/input/event1: 0003 003a 00000081
[   10693.503425] /dev/input/event1: 0003 0035 000036df
[   10693.503425] /dev/input/event1: 0003 0036 000020ff
[   10693.503425] /dev/input/event1: 0000 0000 00000000
[   10693.670570] /dev/input/event1: 0003 003a 00000000
[   10693.670570] /dev/input/event1: 0003 0039 ffffffff
[   10693.670570] /dev/input/event1: 0000 0000 00000000
[   10696.807699] /dev/input/event1: 0003 0039 00000000
[   10696.807699] /dev/input/event1: 0003 0030 000004e4
[   10696.807699] /dev/input/event1: 0003 003a 00000081
[   10696.807699] /dev/input/event1: 0003 0035 000064db
[   10696.807699] /dev/input/event1: 0003 0036 00007343
[   10696.807699] /dev/input/event1: 0000 0000 00000000
[   10696.935076] /dev/input/event1: 0003 003a 00000000
[   10696.935076] /dev/input/event1: 0003 0039 ffffffff
[   10696.935076] /dev/input/event1: 0000 0000 00000000
[   10700.640517] /dev/input/event1: 0003 0039 00000000
[   10700.640517] /dev/input/event1: 0003 0030 000004e5
[   10700.640517] /dev/input/event1: 0003 003a 00000081
[   10700.640517] /dev/input/event1: 0003 0035 00003d27
[   10700.640517] /dev/input/event1: 0003 0036 000028cc
[   10700.640517] /dev/input/event1: 0000 0000 00000000
[   10700.831382] /dev/input/event1: 0003 003a 00000000
[   10700.831382] /dev/input/event1: 0003 0039 ffffffff
[   10700.831382] /dev/input/event1: 0000 0000 00000000
[   10707.409375] /dev/input/event1: 0003 0039 00000000
[   10707.409375] /dev/input/event1: 0003 0030 000004e6
[   10707.409375] /dev/input/event1: 0003 003a 00000081
[   10707.409375] /dev/input/event1: 0003 0035 00005f2a
[   10707.409375] /dev/input/event1: 0003 0036 000072cb
[   10707.409375] /dev/input/event1: 0000 0000 00000000
[   10707.552411] /dev/input/event1: 0003 003a 00000000
[   10707.552411] /dev/input/event1: 0003 0039 ffffffff
[   10707.552411] /dev/input/event1: 0000 0000 00000000
[   10709.152968] /dev/input/event1: 0003 0039 00000000
[   10709.152968] /dev/input/event1: 0003 0030 000004e7
[   10709.152968] /dev/input/event1: 0003 003a 00000081
[   10709.152968] /dev/input/event1: 0003 0036 00007298
[   10709.152968] /dev/input/event1: 0000 0000 00000000
[   10709.296335] /dev/input/event1: 0003 003a 00000000
[   10709.296335] /dev/input/event1: 0003 0039 ffffffff
[   10709.296335] /dev/input/event1: 0000 0000 00000000
[   107