add device 1: /dev/input/event0
  name:     "Power Button"
add device 2: /dev/input/event1
  name:     "qwerty2"
[   10354.651336] /dev/input/event1: 0003 0039 00000000
[   10354.651336] /dev/input/event1: 0003 0030 0000047c
[   10354.651336] /dev/input/event1: 0003 003a 00000081
[   10354.651336] /dev/input/event1: 0003 0035 00006406
[   10354.651336] /dev/input/event1: 0003 0036 00007343
[   10354.651336] /dev/input/event1: 0000 0000 00000000
[   10354.780892] /dev/input/event1: 0003 003a 00000000
[   10354.780892] /dev/input/event1: 0003 0039 ffffffff
[   10354.780892] /dev/input/event1: 0000 0000 00000000
[   10359.286354] /dev/input/event1: 0003 0039 00000000
[   10359.286354] /dev/input/event1: 0003 0030 0000047d
[   10359.286354] /dev/input/event1: 0003 003a 00000081
[   10359.286354] /dev/input/event1: 0003 0035 00003aaa
[   10359.286354] /dev/input/event1: 0003 0036 000021aa
[   10359.286354] /dev/input/event1: 0000 0000 00000000
[   10359.493380] /dev/input/event1: 0003 003a 00000000
[   10359.493380] /dev/input/event1: 0003 0039 ffffffff
[   10359.493380] /dev/input/event1: 0000 0000 00000000
[   10366.959265] /dev/input/event1: 0003 0039 00000000
[   10366.959265] /dev/input/event1: 0003 0030 0000047e
[   10366.959265] /dev/input/event1: 0003 003a 00000081
[   10366.959265] /dev/input/event1: 0003 0035 00005cea
[   10366.959265] /dev/input/event1: 0003 0036 000073ff
[   10366.959265] /dev/input/event1: 0000 0000 00000000
[   10367.102831] /dev/input/event1: 0003 003a 00000000
[   10367.102831] /dev/input/event1: 0003 0039 ffffffff
[   10367.102831] /dev/input/event1: 0000 0000 00000000
[   10371.728077] /dev/input/event1: 0003 0039 00000000
[   10371.728077] /dev/input/event1: 0003 0030 0000047f
[   10371.728077] /dev/input/event1: 0003 003a 00000081
[   10371.728077] /dev/input/event1: 0003 0035 0000425e
[   10371.728077] /dev/input/event1: 0003 0036 000031cc
[   10371.728077] /dev/input/event1: 0000 0000 00000000
[   10371.863076] /dev/input/event1: 0003 003a 00000000
[   10371.863076] /dev/input/event1: 0003 0039 ffffffff
[   10371.863076] /dev/input/event1: 0000 0000 00000000
[   10379.465299] /dev/input/event1: 0003 0039 00000000
[   10379.465299] /dev/input/event1: 0003 0030 00000480
[   10379.465299] /dev/input/event1: 0003 003a 00000081
[   10379.465299] /dev/input/event1: 0003 0035 00005d82
[   10379.465299] /dev/input/event1: 0003 0036 00007221
[   10379.465299] /dev/input/event1: 0000 0000 00000000
[   10379.567899] /dev/input/event1: 0003 003a 00000000
[   10379.567899] /dev/input/event1: 0003 0039 ffffffff
[   10379.567899] /dev/input/event1: 0000 0000 00000000
[   10382.353100] /dev/input/event1: 0003 0039 00000000
[   10382.353100] /dev/input/event1: 0003 0030 00000481
[   10382.353100] /dev/input/event1: 0003 003a 00000081
[   10382.353100] /dev/input/event1: 0003 0035 000038c4
[   10382.353100] /dev/input/event1: 0003 0036 000020dd
[   10382.353100] /dev/input/event1: 0000 0000 00000000
[   10382.512317] /dev/input/event1: 0003 003a 00000000
[   10382.512317] /dev/input/event1: 0003 0039 ffffffff
[   10382.512317] /dev/input/event1: 0000 0000 00000000
[   10384.401146] /dev/input/event1: 0003 0039 00000000
[   10384.401146] /dev/input/event1: 0003 0030 00000482
[   10384.401146] /dev/input/event1: 0003 003a 00000081
[   10384.401146] /dev/input/event1: 0003 0035 00005dbe
[   10384.401146] /dev/input/event1: 0003 0036 00007365
[   10384.401146] /dev/input/event1: 0000 0000 00000000
[   10384.576749] /dev/input/event1: 0003 003a 00000000
[   10384.576749] /dev/input/event1: 0003 0039 ffffffff
[   10384.576749] /dev/input/event1: 0000 0000 00000000
[   10386.945869] /dev/input/event1: 0003 0039 00000000
[   10386.945869] /dev/input/event1: 0003 0030 00000483
[   10386.945869] /dev/input/event1: 0003 003a 00000081
[   10386.945869] /dev/input/event1: 0003 0035 00005a30
[   10386.945869] /dev/input/event1: 0003 0036 000071ff
[   10386.945869] /dev/input/event1: 0000 0000 00000000
[   10387.104781] /dev/input/event1: 0003 003a 00000000
[   10387.104781] /dev/input/event1: 0003 0039 ffffffff
[   10387.104781] /dev/input/event1: 0000 0000 00000000
[   10389.338115] /dev/input/event1: 0003 0039 00000000
[   10389.338115] /dev/input/event1: 0003 0030 00000484
[   10389.338115] /dev/input/event1: 0003 003a 00000081
[   10389.338115] /dev/input/event1: 0003 0035 00006110
[   10389.338115] /dev/input/event1: 0003 0036 00004732
[   10389.338115] /dev/input/event1: 0000 0000 00000000
[   10389.521116] /dev/input/event1: 0003 003a 00000000
[   10389.521116] /dev/input/event1: 0003 0039 ffffffff
[   10389.521116] /dev/input/event1: 0000 0000 00000000
[   10392.602305] /dev/input/event1: 0003 0039 00000000
[   10392.602305] /dev/input/event1: 0003 0030 00000485
[   10392.602305] /dev/input/event1: 0003 003a 00000081
[   10392.602305] /dev/input/event1: 0003 0035 00006a6d
[   10392.602305] /dev/input/event1: 0003 0036 00004f10
[   10392.602305] /dev/input/event1: 0000 0000 00000000
[   10392.713800] /dev/input/event1: 0003 003a 00000000
[   10392.713800] /dev/input/event1: 0003 0039 ffffffff
[   10392.713800] /dev/input/event1: 0000 0000 00000000
[   10395.202591] /dev/input/event1: 0003 0039 00000000
[   10395.202591] /dev/input/event1: 0003 0030 00000486
[   10395.202591] /dev/input/event1: 0003 003a 00000081
[   10395.202591] /dev/input/event1: 0003 0035 00007110
[   10395.202591] /dev/input/event1: 0003 0036 00006e43
[   10395.202591] /dev/input/event1: 0000 0000 00000000
[   10395.377832] /dev/input/event1: 0003 003a 00000000
[   10395.377832] /dev/input/event1: 0003 0039 ffffffff
[   10395.377832] /dev/input/event1: 0000 0000 00000000
[   10397.130736] /dev/input/event1: 0003 0039 00000000
[   10397.130736] /dev/input/event1: 0003 0030 00000487
[   10397.130736] /dev/input/event1: 0003 003a 00000081
[   10397.130736] /dev/input/event1: 0003 0035 00001a6d
[   10397.130736] /dev/input/event1: 0003 0036 00005a43
[   10397.130736] /dev/input/event1: 0000 0000 00000000
[   10397.250251] /dev/input/event1: 0003 003a 00000000
[   10397.250251] /dev/input/event1: 0003 0039 ffffffff
[   10397.250251] /dev/input/event1: 0000 0000 00000000
[   10397.763087] /dev/input/event1: 0003 0039 00000000
[   10397.763087] /dev/input/event1: 0003 0030 00000488
[   10397.763087] /dev/input/event1: 0003 003a 00000081
[   10397.763087] /dev/input/event1: 0003 0035 000012f6
[   10397.763087] /dev/input/event1: 0003 0036 00004fff
[   10397.763087] /dev/input/event1: 0000 0000 00000000
[   10397.866240] /dev/input/event1: 0003 003a 00000000
[   10397.866240] /dev/input/event1: 0003 0039 ffffffff
[   10397.866240] /dev/input/event1: 0000 0000 00000000
[   10398.715161] /dev/input/event1: 0003 0039 00000000
[   10398.715161] /dev/input/event1: 0003 0030 00000489
[   10398.715161] /dev/input/event1: 0003 003a 00000081
[   10398.715161] /dev/input/event1: 0003 0035 0000614c
[   10398.715161] /dev/input/event1: 0003 0036 00004eee
[   10398.715161] /dev/input/event1: 0000 0000 00000000
[   10398.842235] /dev/input/event1: 0003 003a 00000000
[   10398.842235] /dev/input/event1: 0003 0039 ffffffff
[   10398.842235] /dev/input/event1: 0000 0000 00000000
[   10400.083727] /dev/input/event1: 0003 0039 00000000
[   10400.083727] /dev/input/event1: 0003 0030 0000048a
[   10400.083727] /dev/input/event1: 0003 003a 00000081
[   10400.083727] /dev/input/event1: 0003 0035 0000195c
[   10400.083727] /dev/input/event1: 0003 0036 00005a65
[   10400.083727] /dev/input/event1: 0000 0000 00000000
[   10400.210462] /dev/input/event1: 0003 003a 00000000
[   10400.210462] /dev/input/event1: 0003 0039 ffffffff
[   10400.210462] /dev/input/event1: 0000 0000 00000000
[   10400.738952] /dev/input/event1: 0003 0039 00000000
[   10400.738952] /dev/input/event1: 0003 0030 0000048b
[   10400.738952] /dev/input/event1: 0003 003a 00000081
[   10400.738952] /dev/input/event1: 0000 0000 00000000
[   10400.874696] /dev/input/event1: 0003 003a 00000000
[   10400.874696] /dev/input/event1: 0003 0039 ffffffff
[   10400.874696] /dev/input/event1: 0000 0000 00000000
[   10408.020864] /dev/input/event1: 0003 0039 00000000
[   10408.020864] /dev/input/event1: 0003 0030 0000048c
[   10408.020864] /dev/input/event1: 0003 003a 00000081
[   10408.020864] /dev/input/event1: 0003 0035 0000314d
[   10408.020864] /dev/input/event1: 0003 0036 00003010
[   10408.020864] /dev/input/event1: 0000 0000 00000000
[   10408.099577] /dev/input/event1: 0003 003a 00000000
[   10408.099577] /dev/input/event1: 0003 0039 ffffffff
[   10408.099577] /dev/input/event1: 0000 0000 00000000
[   10409.116559] /dev/input/event1: 0003 0039 00000000
[   10409.116559] /dev/input/event1: 0003 0030 0000048d
[   10409.116559] /dev/input/event1: 0003 003a 00000081
[   10409.116559] /dev/input/event1: 0003 0035 00002fff
[   10409.116559] /dev/input/event1: 0003 0036 000031cc
[   10409.116559] /dev/input/event1: 0000 0000 00000000
[   10409.235544] /dev/input/event1: 0003 003a 00000000
[   10409.235544] /dev/input/event1: 0003 0039 ffffffff
[   10409.235544] /dev/input/event1: 0000 0000 00000000
[   10411.740643] /dev/input/event1: 0003 0039 00000000
[   10411.740643] /dev/input/event1: 0003 0030 0000048e
[   10411.740643] /dev/input/event1: 0003 003a 00000081
[   10411.740643] /dev/input/event1: 0003 0035 00000f68
[   10411.740643] /dev/input/event1: 0003 0036 00003532
[   10411.740643] /dev/input/event1: 0000 0000 00000000
[   10411.860026] /dev/input/event1: 0003 003a 00000000
[   10411.860026] /dev/input/event1: 0003 0039 ffffffff
[   10411.860026] /dev/input/event1: 0000 0000 00000000
[   10412.916869] /dev/input/event1: 0003 0039 00000000
[   10412.916869] /dev/input/event1: 0003 0030 0000048f
[   10412.916869] /dev/input/event1: 0003 003a 00000081
[   10412.916869] /dev/input/event1: 0003 0035 00001110
[   10412.916869] /dev/input/event1: 0003 0036 000032dd
[   10412.916869] /dev/input/event1: 0000 0000 00000000
[   10413.044112] /dev/input/event1: 0003 003a 00000000
[   10413.044112] /dev/input/event1: 0003 0039 ffffffff
[   10413.044112] /dev/input/event1: 0000 0000 00000000
[   10415.981270] /dev/input/event1: 0003 0039 00000000
[   10415.981270] /dev/input/event1: 0003 0030 00000490
[   10415.981270] /dev/input/event1: 0003 003a 00000081
[   10415.981270] /dev/input/event1: 0003 0035 00003407
[   10415.981270] /dev/input/event1: 0003 0036 00003877
[   10415.981270] /dev/input/event1: 0000 0000 00000000
[   10416.084258] /dev/input/event1: 0003 0035 00003462
[   10416.084258] /dev/input/event1: 0003 0036 00003899
[   10416.084258] /dev/input/event1: 0000 0000 00000000
[   10416.084585] /dev/input/event1: 0003 003a 00000000
[   10416.084585] /dev/input/event1: 0003 0039 ffffffff
[   10416.084585] /dev/input/event1: 0000 0000 00000000
[   10419.853913] /dev/input/event1: 0003 0039 00000000
[   10419.853913] /dev/input/event1: 0003 0030 00000491
[   10419.853913] /dev/input/event1: 0003 003a 00000081
[   10419.853913] /dev/input/event1: 0003 0035 0000318a
[   10419.853913] /dev/input/event1: 0003 0036 00003bdd
[   10419.853913] /dev/input/event1: 0000 0000 00000000
[   10419.981050] /dev/input/event1: 0003 003a 00000000
[   10419.981050] /dev/input/event1: 0003 0039 ffffffff
[   10419.981050] /dev/input/event1: 0000 0000 00000000
[   10421.942208] /dev/input/event1: 0003 0039 00000000
[   10421.942208] /dev/input/event1: 0003 0030 00000492
[   10421.942208] /dev/input/event1: 0003 003a 00000081
[   10421.942208] /dev/input/event1: 0003 0035 0000095c
[   10421.942208] /dev/input/event1: 0003 0036 000066a9
[   10421.942208] /dev/input/event1: 0000 0000 00000000
[   10422.045145] /dev/input/event1: 0003 003a 00000000
[   10422.045145] /dev/input/event1: 0003 0039 ffffffff
[   10422.045145] /dev/input/event1: 0000 0000 00000000
[   10422.990482] /dev/input/event1: 0003 0039 00000000
[   10422.990482] /dev/input/event1: 0003 0030 00000493
[   10422.990482] /dev/input/event1: 0003 003a 00000081
[   10422.990482] /dev/input/event1: 0003 0035 00007332
[   10422.990482] /dev/input/event1: 0003 0036 00005a98
[   10422.990482] /dev/input/event1: 0000 0000 00000000
[   10423.077168] /dev/input/event1: 0003 0035 000072f5
[   10423.077168] /dev/input/event1: 0003 0036 00005a65
[   10423.077168] /dev/input/event1: 0000 0000 00000000
[   10423.084976] /dev/input/event1: 0003 0035 000072b8
[   10423.084976] /dev/input/event1: 0000 0000 00000000
[   10423.085340] /dev/input/event1: 0003 003a 00000000
[   10423.085340] /dev/input/event1: 0003 0039 ffffffff
[   10423.085340] /dev/input/event1: 0000 0000 00000000
[   10423.574608] /dev/input/event1: 0003 0039 00000000
[   10423.574608] /dev/input/event1: 0003 0030 00000494
[   10423.574608] /dev/input/event1: 0003 003a 00000081
[   10423.574608] /dev/input/event1: 0003 0035 000008c5
[   10423.574608] /dev/input/event1: 0003 0036 000059ee
[   10423.574608] /dev/input/event1: 0000 0000 00000000
[   10423.693301] /dev/input/event1: 0003 003a 00000000
[   10423.693301] /dev/input/event1: 0003 0039 ffffffff
[   10423.693301] /dev/input/event1: 0000 0000 00000000
[   10424.406363] /dev/input/event1: 0003 0039 00000000
[   10424.406363] /dev/input/event1: 0003 0030 00000495
[   10424.406363] /dev/input/event1: 0003 003a 00000081
[   10424.406363] /dev/input/event1: 0003 0035 0000525e
[   10424.406363] /dev/input/event1: 0003 0036 00004fdd
[   10424.406363] /dev/input/event1: 0000 0000 00000000
[   10424.493455] /dev/input/event1: 0003 003a 00000000
[   10424.493455] /dev/input/event1: 0003 0039 ffffffff
[   10424.493455] /dev/input/event1: 0000 0000 00000000
[   10425.230641] /dev/input/event1: 0003 0039 00000000
[   10425.230641] /dev/input/event1: 0003 0030 00000496
[   10425.230641] /dev/input/event1: 0003 003a 00000081
[   10425.230641] /dev/input/event1: 0003 0035 000057f0
[   10425.230641] /dev/input/event1: 0003 0036 000067ba
[   10425.230641] /dev/input/event1: 0000 0000 00000000
[   10425.309647] /dev/input/event1: 0003 003a 00000000
[   10425.309647] /dev/input/event1: 0003 0039 ffffffff
[   10425.309647] /dev/input/event1: 0000 0000 00000000
[   10425.870305] /dev/input/event1: 0003 0039 00000000
[   10425.870305] /dev/input/event1: 0003 0030 00000497
[   10425.870305] /dev/input/event1: 0003 003a 00000081
[   10425.870305] /dev/input/event1: 0003 0035 0000260b
[   10425.870305] /dev/input/event1: 0003 0036 000058ff
[   10425.870305] /dev/input/event1: 0000 0000 00000000
[   10425.965599] /dev/input/event1: 0003 003a 00000000
[   10425.965599] /dev/input/event1: 0003 0039 ffffffff
[   10425.965599] /dev/input/event1: 0000 0000 00000000
[   10426.486555] /dev/input/event1: 0003 0039 00000000
[   10426.486555] /dev/input/event1: 0003 0030 00000498
[   10426.486555] /dev/input/event1: 0003 003a 00000081
[   10426.486555] /dev/input/event1: 0003 0035 000022b9
[   10426.486555] /dev/input/event1: 0003 0036 00005121
[   10426.486555] /dev/input/event1: 0000 0000 00000000
[   10426.589622] /dev/input/event1: 0003 003a 00000000
[   10426.589622] /dev/input/event1: 0003 0039 ffffffff
[   10426.589622] /dev/input/event1: 0000 0000 00000000
[   10427.254400] /dev/input/event1: 0003 0039 00000000
[   10427.254400] /dev/input/event1: 0003 0030 00000499
[   10427.254400] /dev/input/event1: 0003 003a 00000081
[   10427.254400] /dev/input/event1: 0003 0035 00002b7e
[   10427.254400] /dev/input/event1: 0003 0036 00005165
[   10427.254400] /dev/input/event1: 0000 0000 00000000
[   10427.357961] /dev/input/event1: 0003 003a 00000000
[   10427.357961] /dev/input/event1: 0003 0039 ffffffff
[   10427.357961] /dev/input/event1: 0000 0000 00000000
[   10433.303511] /dev/input/event1: 0003 0039 00000000
[   10433.303511] /dev/input/event1: 0003 0030 0000049a
[   10433.303511] /dev/input/event1: 0003 003a 00000081
[   10433.303511] /dev/input/event1: 0003 0035 00005ecf
[   10433.303511] /dev/input/event1: 0003 0036 00002899
[   10433.303511] /dev/input/event1: 0000 0000 00000000
[   10433.422297] /dev/input/event1: 0003 0036 00002855
[   10433.422297] /dev/input/event1: 0000 0000 00000000
[   10433.430204] /dev/input/event1: 0003 0036 00002732
[   10433.430204] /dev/input/event1: 0000 0000 00000000
[   10433.438344] /dev/input/event1: 0003 0036 00002621
[   10433.438344] /dev/input/event1: 0000 0000 00000000
[   10433.446404] /dev/input/event1: 0003 0036 000024bb
[   10433.446404] /dev/input/event1: 0000 0000 00000000
[   10433.454124] /dev/input/event1: 0003 0036 00002377
[   10433.454124] /dev/input/event1: 0000 0000 00000000
[   10433.462094] /dev/input/event1: 0003 0036 00002243
[   10433.462094] /dev/input/event1: 0000 0000 00000000
[   10433.470319] /dev/input/event1: 0003 0036 000020dd
[   10433.470319] /dev/input/event1: 0000 0000 00000000
[   10433.478310] /dev/input/event1: 0003 0036 00001fcc
[   10433.478310] /dev/input/event1: 0000 0000 00000000
[   10433.486168] /dev/input/event1: 0003 0036 00001eff
[   10433.486168] /dev/input/event1: 0000 0000 00000000
[   10433.494126] /dev/input/event1: 0003 0036 00001e32
[   10433.494126] /dev/input/event1: 0000 0000 00000000
[   10433.502214] /dev/input/event1: 0003 0036 00001dee
[   10433.502214] /dev/input/event1: 0000 0000 00000000
[   10433.510564] /dev/input/event1: 0003 0036 00001d77
[   10433.510564] /dev/input/event1: 0000 0000 00000000
[   10433.518574] /dev/input/event1: 0003 0036 00001cff
[   10433.518574] /dev/input/event1: 0000 0000 00000000
[   10433.526178] /dev/input/event1: 0003 0036 00001c55
[   10433.526178] /dev/input/event1: 0000 0000 00000000
[   10433.534231] /dev/input/event1: 0003 0036 00001bdd
[   10433.534231] /dev/input/event1: 0000 0000 00000000
[   10433.542353] /dev/input/event1: 0003 0036 00001b66
[   10433.542353] /dev/input/event1: 0000 0000 00000000
[   10433.550386] /dev/input/event1: 0003 0036 00001b21
[   10433.550386] /dev/input/event1: 0000 0000 00000000
[   10433.558130] /dev/input/event1: 0003 0036 00001aaa
[   10433.558130] /dev/input/event1: 0000 0000 00000000
[   10433.566143] /dev/input/event1: 0003 0036 00001a32
[   10433.566143] /dev/input/event1: 0000 0000 00000000
[   10433.574340] /dev/input/event1: 0003 0036 000019bb
[   10433.574340] /dev/input/event1: 0000 0000 00000000
[   10433.582097] /dev/input/event1: 0003 0036 00001966
[   10433.582097] /dev/input/event1: 0000 0000 00000000
[   10433.590197] /dev/input/event1: 0003 0036 00001921
[   10433.590197] /dev/input/event1: 0000 0000 00000000
[   10433.598237] /dev/input/event1: 0003 0036 000018aa
[   10433.598237] /dev/input/event1: 0000 0000 00000000
[   10433.606476] /dev/input/event1: 0003 0036 00001855
[   10433.606476] /dev/input/event1: 0000 0000 00000000
[   10433.614265] /dev/input/event1: 0003 0036 000017dd
[   10433.614265] /dev/input/event1: 0000 0000 00000000
[   10433.622191] /dev/input/event1: 0003 0036 00001766
[   10433.622191] /dev/input/event1: 0000 0000 00000000
[   10433.630262] /dev/input/event1: 0003 0036 000016ee
[   10433.630262] /dev/input/event1: 0000 0000 00000000
[   10433.638414] /dev/input/event1: 0003 0036 00001699
[   10433.638414] /dev/input/event1: 0000 0000 00000000
[   10433.646312] /dev/input/event1: 0003 0036 00001655
[   10433.646312] /dev/input/event1: 0000 0000 00000000
[   10433.654383] /dev/input/event1: 0003 0036 000015ff
[   10433.654383] /dev/input/event1: 0000 0000 00000000
[   10433.662222] /dev/input/event1: 0003 0036 00001588
[   10433.662222] /dev/input/event1: 0000 0000 00000000
[   10433.670155] /dev/input/event1: 0003 0036 00001566
[   10433.670155] /dev/input/event1: 0000 0000 00000000
[   10433.678151] /dev/input/event1: 0003 0036 00001510
[   10433.678151] /dev/input/event1: 0000 0000 00000000
[   10433.686305] /dev/input/event1: 0003 0036 000014ee
[   10433.686305] /dev/input/event1: 0000 0000 00000000
[   10433.694096] /dev/input/event1: 0003 0036 000014bb
[   10433.694096] /dev/input/event1: 0000 0000 00000000
[   10433.846273] /dev/input/event1: 0003 0036 00001477
[   10433.846273] /dev/input/event1: 0000 0000 00000000
[   10433.854208] /dev/input/event1: 0003 0036 00001444
[   10433.854208] /dev/input/event1: 0000 0000 00000000
[   10433.862095] /dev/input/event1: 0003 0036 00001421
[   10433.862095] /dev/input/event1: 0000 0000 00000000
[   10433.870201] /dev/input/event1: 0003 0036 000013ff
[   10433.870201] /dev/input/event1: 0000 0000 00000000
[   10433.878202] /dev/input/event1: 0003 0036 000013cc
[   10433.878202] /dev/input/event1: 0000 0000 00000000
[   10433.902762] /dev/input/event1: 0003 0036 00001388
[   10433.902762] /dev/input/event1: 0000 0000 00000000
[   10434.134659] /dev/input/event1: 0003 003a 00000000
[   10434.134659] /dev/input/event1: 0003 0039 ffffffff
[   10434.134659] /dev/input/event1: 0000 0000 00000000
[   10435.223758] /dev/input/event1: 0003 0039 00000000
[   10435.223758] /dev/input/event1: 0003 0030 0000049b
[   10435.223758] /dev/input/event1: 0003 003a 00000081
[   10435.223758] /dev/input/event1: 0003 0035 0000095c
[   10435.223758] /dev/input/event1: 0003 0036 00003643
[   10435.223758] /dev/input/event1: 0000 0000 00000000
[   10435.342781] /dev/input/event1: 0003 003a 00000000
[   10435.342781] /dev/input/event1: 0003 0039 ffffffff
[   10435.342781] /dev/input/event1: 0000 0000 00000000
[   10436.479542] /dev/input/event1: 0003 0039 00000000
[   10436.479542] /dev/input/event1: 0003 0030 0000049c
[   10436.479542] /dev/input/event1: 0003 003a 00000081
[   10436.479542] /dev/input/event1: 0003 0035 0000082d
[   10436.479542] /dev/input/event1: 0003 0036 00003dff
[   10436.479542] /dev/input/event1: 0000 0000 00000000
[   10436.646927] /dev/input/event1: 0003 003a 00000000
[   10436.646927] /dev/input/event1: 0003 0039 ffffffff
[   10436.646927] /dev/input/event1: 0000 0000 00000000
[   10440.352612] /dev/input/event1: 0003 0039 00000000
[   10440.352612] /dev/input/event1: 0003 0030 0000049d
[   10440.352612] /dev/input/event1: 0003 003a 00000081
[   10440.352612] /dev/input/event1: 0003 0035 0000771b
[   10440.352612] /dev/input/event1: 0003 0036 00000999
[   10440.352612] /dev/input/event1: 0000 0000 00000000
[   10440.463453] /dev/input/event1: 0003 003a 00000000
[   10440.463453] /dev/input/event1: 0003 0039 ffffffff
[   10440.463453] /dev/input/event1: 0000 0000 00000000
[   10443.688727] /dev/input/event1: 0003 0039 00000000
[   10443.688727] /dev/input/event1: 0003 0030 0000049e
[   10443.688727] /dev/input/event1: 0003 003a 00000081
[   10443.688727] /dev/input/event1: 0003 0035 000006df
[   10443.688727] /dev/input/event1: 0000 0000 00000000
[   10443.839724] /dev/input/event1: 0003 003a 00000000
[   10443.839724] /dev/input/event1: 0003 0039 ffffffff
[   10443.839724] /dev/input/event1: 0000 0000 00000000
[   10449.289725] /dev/input/event1: 0003 0039 00000000
[   10449.289725] /dev/input/event1: 0003 0030 0000049f
[   10449.289725] /dev/input/event1: 0003 003a 00000081
[   10449.289725] /dev/input/event1: 0003 0035 0000225e
[   10449.289725] /dev/input/event1: 0003 0036 000036dd
[   10449.289725] /dev/input/event1: 0000 0000 00000000
[   10449.416707] /dev/input/event1: 0003 003a 00000000
[   10449.416707] /dev/input/event1: 0003 0039 ffffffff
[   10449.416707] /dev/input/event1: 0000 0000 00000000
[   10452.410059] /dev/input/event1: 0003 0039 00000000
[   10452.410059] /dev/input/event1: 0003 0030 000004a0
[   10452.410059] /dev/input/event1: 0003 003a 00000081
[   10452.410059] /dev/input/event1: 0003 0035 000027b3
[   10452.410059] /dev/input/event1: 0003 0036 00001421
[   10452.410059] /dev/input/event1: 0000 0000 00000000
[   10452.584803] /dev/input/event1: 0003 003a 00000000
[   10452.584803] /dev/input/event1: 0003 0039 ffffffff
[   10452.584803] /dev/input/event1: 0000 0000 00000000
[   10456.898792] /dev/input/event1: 0003 0039 00000000
[   10456.898792] /dev/input/event1: 0003 0030 000004a1
[   10456.898792] /dev/input/event1: 0003 003a 00000081
[   10456.898792] /dev/input/event1: 0003 0035 0000338d
[   10456.898792] /dev/input/event1: 0003 0036 00006c98
[   10456.898792] /dev/input/event1: 0000 0000 00000000
[   10457.025522] /dev/input/event1: 0003 003a 00000000
[   10457.025522] /dev/input/event1: 0003 0039 ffffffff
[   10457.025522] /dev/input/event1: 0000 0000 00000000
[   10458.658854] /dev/input/event1: 0003 0039 00000000
[   10458.658854] /dev/input/event1: 0003 0030 000004a2
[   10458.658854] /dev/input/event1: 0003 003a 00000081
[   10458.658854] /dev/input/event1: 0003 0035 00002901
[   10458.658854] /dev/input/event1: 0003 0036 00004baa
[   10458.658854] /dev/input/event1: 0000 0000 00000000
[   10458.761682] /dev/input/event1: 0003 003a 00000000
[   10458.761682] /dev/input/event1: 0003 0039 