add device 1: /dev/input/event0
  name:     "Power Button"
add device 2: /dev/input/event1
  name:     "qwerty2"
[   10801.922850] /dev/input/event1: 0003 0039 00000000
[   10801.922850] /dev/input/event1: 0003 0030 000004f8
[   10801.922850] /dev/input/event1: 0003 003a 00000081
[   10801.922850] /dev/input/event1: 0003 0035 00005fff
[   10801.922850] /dev/input/event1: 0003 0036 00007298
[   10801.922850] /dev/input/event1: 0000 0000 00000000
[   10802.108087] /dev/input/event1: 0003 003a 00000000
[   10802.108087] /dev/input/event1: 0003 0039 ffffffff
[   10802.108087] /dev/input/event1: 0000 0000 00000000
[   10805.629507] /dev/input/event1: 0003 0039 00000000
[   10805.629507] /dev/input/event1: 0003 0030 000004f9
[   10805.629507] /dev/input/event1: 0003 003a 00000081
[   10805.629507] /dev/input/event1: 0003 0035 00003c52
[   10805.629507] /dev/input/event1: 0003 0036 000030ff
[   10805.629507] /dev/input/event1: 0000 0000 00000000
[   10805.764220] /dev/input/event1: 0003 003a 00000000
[   10805.764220] /dev/input/event1: 0003 0039 ffffffff
[   10805.764220] /dev/input/event1: 0000 0000 00000000
[   10809.397888] /dev/input/event1: 0003 0039 00000000
[   10809.397888] /dev/input/event1: 0003 0030 000004fa
[   10809.397888] /dev/input/event1: 0003 003a 00000081
[   10809.397888] /dev/input/event1: 0003 0035 00005f2a
[   10809.397888] /dev/input/event1: 0003 0036 00007254
[   10809.397888] /dev/input/event1: 0000 0000 00000000
[   10809.637117] /dev/input/event1: 0003 003a 00000000
[   10809.637117] /dev/input/event1: 0003 0039 ffffffff
[   10809.637117] /dev/input/event1: 0000 0000 00000000
[   10814.382476] /dev/input/event1: 0003 0039 00000000
[   10814.382476] /dev/input/event1: 0003 0030 000004fb
[   10814.382476] /dev/input/event1: 0003 003a 00000081
[   10814.382476] /dev/input/event1: 0003 0035 00003462
[   10814.382476] /dev/input/event1: 0003 0036 000020dd
[   10814.382476] /dev/input/event1: 0000 0000 00000000
[   10814.853548] /dev/input/event1: 0003 003a 00000000
[   10814.853548] /dev/input/event1: 0003 0039 ffffffff
[   10814.853548] /dev/input/event1: 0000 0000 00000000
[   10819.935107] /dev/input/event1: 0003 0039 00000000
[   10819.935107] /dev/input/event1: 0003 0030 000004fc
[   10819.935107] /dev/input/event1: 0003 003a 00000081
[   10819.935107] /dev/input/event1: 0003 0035 00006406
[   10819.935107] /dev/input/event1: 0003 0036 00007254
[   10819.935107] /dev/input/event1: 0000 0000 00000000
[   10820.078133] /dev/input/event1: 0003 003a 00000000
[   10820.078133] /dev/input/event1: 0003 0039 ffffffff
[   10820.078133] /dev/input/event1: 0000 0000 00000000
[   10823.495670] /dev/input/event1: 0003 0039 00000000
[   10823.495670] /dev/input/event1: 0003 0030 000004fd
[   10823.495670] /dev/input/event1: 0003 003a 00000081
[   10823.495670] /dev/input/event1: 0003 0035 00003b05
[   10823.495670] /dev/input/event1: 0003 0036 000028cc
[   10823.495670] /dev/input/event1: 0000 0000 00000000
[   10823.806425] /dev/input/event1: 0003 003a 00000000
[   10823.806425] /dev/input/event1: 0003 0039 ffffffff
[   10823.806425] /dev/input/event1: 0000 0000 00000000
[   10825.863777] /dev/input/event1: 0003 0039 00000000
[   10825.863777] /dev/input/event1: 0003 0030 000004fe
[   10825.863777] /dev/input/event1: 0003 003a 00000081
[   10825.863777] /dev/input/event1: 0003 0035 00005cad
[   10825.863777] /dev/input/event1: 0003 0036 00007187
[   10825.863777] /dev/input/event1: 0000 0000 00000000
[   10825.991071] /dev/input/event1: 0003 003a 00000000
[   10825.991071] /dev/input/event1: 0003 0039 ffffffff
[   10825.991071] /dev/input/event1: 0000 0000 00000000
[   10828.575490] /dev/input/event1: 0003 0039 00000000
[   10828.575490] /dev/input/event1: 0003 0030 000004ff
[   10828.575490] /dev/input/event1: 0003 003a 00000081
[   10828.575490] /dev/input/event1: 0000 0000 00000000
[   10828.703002] /dev/input/event1: 0003 003a 00000000
[   10828.703002] /dev/input/event1: 0003 0039 ffffffff
[   10828.703002] /dev/input/event1: 0000 0000 00000000
[   10831.711814] /dev/input/event1: 0003 0039 00000000
[   108