add device 1: /dev/input/event0
  name:     "Power Button"
add device 2: /dev/input/event1
  name:     "qwerty2"
[   10123.430331] /dev/input/event1: 0003 0039 00000000
[   10123.430331] /dev/input/event1: 0003 0030 0000043f
[   10123.430331] /dev/input/event1: 0003 003a 00000081
[   10123.430331] /dev/input/event1: 0003 0035 00006189
[   10123.430331] /dev/input/event1: 0003 0036 00007276
[   10123.430331] /dev/input/event1: 0000 0000 00000000
[   10123.608835] /dev/input/event1: 0003 003a 00000000
[   10123.608835] /dev/input/event1: 0003 0039 ffffffff
[   10123.608835] /dev/input/event1: 0000 0000 00000000
[   10125.561826] /dev/input/event1: 0003 0039 00000000
[   10125.561826] /dev/input/event1: 0003 0030 00000440
[   10125.561826] /dev/input/event1: 0003 003a 00000081
[   10125.561826] /dev/input/event1: 0003 0035 00006fff
[   10125.561826] /dev/input/event1: 0003 0036 00003b43
[   10125.561826] /dev/input/event1: 0000 0000 00000000
[   10125.688728] /dev/input/event1: 0003 003a 00000000
[   10125.688728] /dev/input/event1: 0003 0039 ffffffff
[   10125.688728] /dev/input/event1: 0000 0000 00000000
[   10129.210096] /dev/input/event1: 0003 0039 00000000
[   10129.210096] /dev/input/event1: 0003 0030 00000441
[   10129.210096] /dev/input/event1: 0003 003a 00000081
[   10129.210096] /dev/input/event1: 0003 0035 00006887
[   10129.210096] /dev/input/event1: 0003 0036 00007276
[   10129.210096] /dev/input/event1: 0000 0000 00000000
[   10129.345437] /dev/input/event1: 0003 003a 00000000
[   10129.345437] /dev/input/event1: 0003 0039 ffffffff
[   10129.345437] /dev/input/event1: 0000 0000 00000000
[   10132.162177] /dev/input/event1: 0003 0039 00000000
[   10132.162177] /dev/input/event1: 0003 0030 00000442
[   10132.162177] /dev/input/event1: 0003 003a 00000081
[   10132.162177] /dev/input/event1: 0003 0035 00006f2a
[   10132.162177] /dev/input/event1: 0003 0036 00003243
[   10132.162177] /dev/input/event1: 0000 0000 00000000
[   10132.305516] /dev/input/event1: 0003 003a 00000000
[   10132.305516] /dev/input/event1: 0003 0039 ffffffff
[   10132.305516] /dev/input/event1: 0000 0000 00000000
[   10134.178228] /dev/input/event1: 0003 0039 00000000
[   10134.178228] /dev/input/event1: 0003 0030 00000443
[   10134.178228] /dev/input/event1: 0003 003a 00000081
[   10134.178228] /dev/input/event1: 0003 0035 00005dfb
[   10134.178228] /dev/input/event1: 0003 0036 000072ee
[   10134.178228] /dev/input/event1: 0000 0000 00000000
[   10134.361921] /dev/input/event1: 0003 003a 00000000
[   10134.361921] /dev/input/event1: 0003 0039 ffffffff
[   10134.361921] /dev/input/event1: 0000 0000 00000000
[   10136.410804] /dev/input/event1: 0003 0039 00000000
[   10136.410804] /dev/input/event1: 0003 0030 00000444
[   10136.410804] /dev/input/event1: 0003 003a 00000081
[   10136.410804] /dev/input/event1: 0003 0035 0000703b
[   10136.410804] /dev/input/event1: 0003 0036 00002044
[   10136.410804] /dev/input/event1: 0000 0000 00000000
[   10136.586019] /dev/input/event1: 0003 003a 00000000
[   10136.586019] /dev/input/event1: 0003 0039 ffffffff
[   10136.586019] /dev/input/event1: 0000 0000 00000000
[   10138.506598] /dev/input/event1: 0003 0039 00000000
[   10138.506598] /dev/input/event1: 0003 0030 00000445
[   10138.506598] /dev/input/event1: 0003 003a 00000081
[   10138.506598] /dev/input/event1: 0003 0035 00005cad
[   10138.506598] /dev/input/event1: 0003 0036 00007310
[   10138.506598] /dev/input/event1: 0000 0000 00000000
[   10138.690405] /dev/input/event1: 0003 003a 00000000
[   10138.690405] /dev/input/event1: 0003 0039 ffffffff
[   10138.690405] /dev/input/event1: 0000 0000 00000000
[   10140.338969] /dev/input/event1: 0003 0039 00000000
[   10140.338969] /dev/input/event1: 0003 0030 00000446
[   10140.338969] /dev/input/event1: 0003 003a 00000081
[   10140.338969] /dev/input/event1: 0000 0000 00000000
[   10140.498482] /dev/input/event1: 0003 003a 00000000
[   10140.498482] /dev/input/event1: 0003 0039 ffffffff
[   10140.498482] /dev/input/event1: 0000 0000 00000000
[   10142.451831] /dev/input/event1: 0003 0039 00000000
[   10142.451831] /dev/input/event1: 0003 0030 00000447
[   10142.451831] /dev/input/event1: 0003 003a 00000081
[   10142.451831] /dev/input/event1: 0003 0035 00006078
[   10142.451831] /dev/input/event1: 0003 0036 00004754
[   10142.451831] /dev/input/event1: 0000 0000 00000000
[   10142.610882] /dev/input/event1: 0003 003a 00000000
[   10142.610882] /dev/input/event1: 0003 0039 ffffffff
[   10142.610882] /dev/input/event1: 0000 0000 00000000
[   10145.196211] /dev/input/event1: 0003 0039 00000000
[   10145.196211] /dev/input/event1: 0003 0030 00000448
[   10145.196211] /dev/input/event1: 0003 003a 00000081
[   10145.196211] /dev/input/event1: 0003 0035 00006887
[   10145.196211] /dev/input/event1: 0003 0036 00004d10
[   10145.196211] /dev/input/event1: 0000 0000 00000000
[   10145.331311] /dev/input/event1: 0003 003a 00000000
[   10145.331311] /dev/input/event1: 0003 0039 ffffffff
[   10145.331311] /dev/input/event1: 0000 0000 00000000
[   10147.483829] /dev/input/event1: 0003 0039 00000000
[   10147.483829] /dev/input/event1: 0003 0030 00000449
[   10147.483829] /dev/input/event1: 0003 003a 00000081
[   10147.483829] /dev/input/event1: 0003 0035 00006fa4
[   10147.483829] /dev/input/event1: 0003 0036 00006e76
[   10147.483829] /dev/input/event1: 0000 0000 00000000
[   10147.659456] /dev/input/event1: 0003 003a 00000000
[   10147.659456] /dev/input/event1: 0003 0039 ffffffff
[   10147.659456] /dev/input/event1: 0000 0000 00000000
[   10150.076314] /dev/input/event1: 0003 0039 00000000
[   10150.076314] /dev/input/event1: 0003 0030 0000044a
[   10150.076314] /dev/input/event1: 0003 003a 00000081
[   10150.076314] /dev/input/event1: 0003 0035 00002462
[   10150.076314] /dev/input/event1: 0003 0036 00005cbb
[   10150.076314] /dev/input/event1: 0000 0000 00000000
[   10150.187658] /dev/input/event1: 0003 003a 00000000
[   10150.187658] /dev/input/event1: 0003 0039 ffffffff
[   10150.187658] /dev/input/event1: 0000 0000 00000000
[   10150.868786] /dev/input/event1: 0003 0039 00000000
[   10150.868786] /dev/input/event1: 0003 0030 0000044b
[   10150.868786] /dev/input/event1: 0003 003a 00000081
[   10150.868786] /dev/input/event1: 0003 0035 00006c52
[   10150.868786] /dev/input/event1: 0003 0036 00004eee
[   10150.868786] /dev/input/event1: 0000 0000 00000000
[   10150.947762] /dev/input/event1: 0003 003a 00000000
[   10150.947762] /dev/input/event1: 0003 0039 ffffffff
[   10150.947762] /dev/input/event1: 0000 0000 00000000
[   10151.556447] /dev/input/event1: 0003 0039 00000000
[   10151.556447] /dev/input/event1: 0003 0030 0000044c
[   10151.556447] /dev/input/event1: 0003 003a 00000081
[   10151.556447] /dev/input/event1: 0003 0035 00003cea
[   10151.556447] /dev/input/event1: 0003 0036 00005c76
[   10151.556447] /dev/input/event1: 0000 0000 00000000
[   10151.683979] /dev/input/event1: 0003 003a 00000000
[   10151.683979] /dev/input/event1: 0003 0039 ffffffff
[   10151.683979] /dev/input/event1: 0000 0000 00000000
[   10151.780477] /dev/input/event1: 0003 0039 00000000
[   10151.780477] /dev/input/event1: 0003 0030 0000044d
[   10151.780477] /dev/input/event1: 0003 003a 00000081
[   10151.780477] /dev/input/event1: 0003 0035 00003dbf
[   10151.780477] /dev/input/event1: 0000 0000 00000000
[   10151.787539] /dev/input/event1: 0003 0035 00003dfb
[   10151.787539] /dev/input/event1: 0000 0000 00000000
[   10151.811526] /dev/input/event1: 0003 0035 00003e56
[   10151.811526] /dev/input/event1: 0000 0000 00000000
[   10151.899907] /dev/input/event1: 0003 003a 00000000
[   10151.899907] /dev/input/event1: 0003 0039 ffffffff
[   10151.899907] /dev/input/event1: 0000 0000 00000000
[   10152.389108] /dev/input/event1: 0003 0039 00000000
[   10152.389108] /dev/input/event1: 0003 0030 0000044e
[   10152.389108] /dev/input/event1: 0003 003a 00000081
[   10152.389108] /dev/input/event1: 0003 0035 00004647
[   10152.389108] /dev/input/event1: 0003 0036 00005032
[   10152.389108] /dev/input/event1: 0000 0000 00000000
[   10152.500248] /dev/input/event1: 0003 003a 00000000
[   10152.500248] /dev/input/event1: 0003 0039 ffffffff
[   10152.500248] /dev/input/event1: 0000 0000 00000000
[   10153.341091] /dev/input/event1: 0003 0039 00000000
[   10153.341091] /dev/input/event1: 0003 0030 0000044f
[   10153.341091] /dev/input/event1: 0003 003a 00000081
[   10153.341091] /dev/input/event1: 0003 0035 000038c4
[   10153.341091] /dev/input/event1: 0003 0036 00006fa9
[   10153.341091] /dev/input/event1: 0000 0000 00000000
[   10153.436288] /dev/input/event1: 0003 003a 00000000
[   10153.436288] /dev/input/event1: 0003 0039 ffffffff
[   10153.436288] /dev/input/event1: 0000 0000 00000000
[   10155.205667] /dev/input/event1: 0003 0039 00000000
[   10155.205667] /dev/input/event1: 0003 0030 00000450
[   10155.205667] /dev/input/event1: 0003 003a 00000081
[   10155.205667] /dev/input/event1: 0003 0035 00004b7e
[   10155.205667] /dev/input/event1: 0003 0036 00006610
[   10155.205667] /dev/input/event1: 0000 0000 00000000
[   10155.292468] /dev/input/event1: 0003 003a 00000000
[   10155.292468] /dev/input/event1: 0003 0039 ffffffff
[   10155.292468] /dev/input/event1: 0000 0000 00000000
[   10155.941142] /dev/input/event1: 0003 0039 00000000
[   10155.941142] /dev/input/event1: 0003 0030 00000451
[   10155.941142] /dev/input/event1: 0003 003a 00000081
[   10155.941142] /dev/input/event1: 0003 0035 00000d82
[   10155.941142] /dev/input/event1: 0003 0036 00005bff
[   10155.941142] /dev/input/event1: 0000 0000 00000000
[   10156.012359] /dev/input/event1: 0003 003a 00000000
[   10156.012359] /dev/input/event1: 0003 0039 ffffffff
[   10156.012359] /dev/input/event1: 0000 0000 00000000
[   10156.821820] /dev/input/event1: 0003 0039 00000000
[   10156.821820] /dev/input/event1: 0003 0030 00000452
[   10156.821820] /dev/input/event1: 0003 003a 00000081
[   10156.821820] /dev/input/event1: 0003 0035 00003dbf
[   10156.821820] /dev/input/event1: 0003 0036 00005b32
[   10156.821820] /dev/input/event1: 0000 0000 00000000
[   10156.996678] /dev/input/event1: 0003 003a 00000000
[   10156.996678] /dev/input/event1: 0003 0039 ffffffff
[   10156.996678] /dev/input/event1: 0000 0000 00000000
[   10159.213453] /dev/input/event1: 0003 0039 00000000
[   10159.213453] /dev/input/event1: 0003 0030 00000453
[   10159.213453] /dev/input/event1: 0003 003a 00000081
[   10159.213453] /dev/input/event1: 0003 0035 00002332
[   10159.213453] /dev/input/event1: 0003 0036 00003210
[   10159.213453] /dev/input/event1: 0000 0000 00000000
[   10159.301012] /dev/input/event1: 0003 003a 00000000
[   10159.301012] /dev/input/event1: 0003 0039 ffffffff
[   10159.301012] /dev/input/event1: 0000 0000 00000000
[   10161.301912] /dev/input/event1: 0003 0039 00000000
[   10161.301912] /dev/input/event1: 0003 0030 00000454
[   10161.301912] /dev/input/event1: 0003 003a 00000081
[   10161.301912] /dev/input/event1: 0003 0035 00002b7e
[   10161.301912] /dev/input/event1: 0003 0036 00003266
[   10161.301912] /dev/input/event1: 0000 0000 00000000
[   10161.413167] /dev/input/event1: 0003 0035 00002bd9
[   10161.413167] /dev/input/event1: 0000 0000 00000000
[   10161.420806] /dev/input/event1: 0003 0035 00002c16
[   10161.420806] /dev/input/event1: 0003 0036 00003210
[   10161.420806] /dev/input/event1: 0000 0000 00000000
[   10161.428837] /dev/input/event1: 0003 0035 00002c53
[   10161.428837] /dev/input/event1: 0003 0036 00003199
[   10161.428837] /dev/input/event1: 0000 0000 00000000
[   10161.436902] /dev/input/event1: 0003 0035 00002cae
[   10161.436902] /dev/input/event1: 0003 0036 000030aa
[   10161.436902] /dev/input/event1: 0000 0000 00000000
[   10161.444778] /dev/input/event1: 0003 0035 00002cea
[   10161.444778] /dev/input/event1: 0003 0036 00003010
[   10161.444778] /dev/input/event1: 0000 0000 00000000
[   10161.452961] /dev/input/event1: 0003 0035 00002d27
[   10161.452961] /dev/input/event1: 0003 0036 00002f77
[   10161.452961] /dev/input/event1: 0000 0000 00000000
[   10161.460907] /dev/input/event1: 0003 0035 00002dbf
[   10161.460907] /dev/input/event1: 0003 0036 00002e88
[   10161.460907] /dev/input/event1: 0000 0000 00000000
[   10161.468904] /dev/input/event1: 0003 0035 00002dfb
[   10161.468904] /dev/input/event1: 0003 0036 00002d66
[   10161.468904] /dev/input/event1: 0000 0000 00000000
[   10161.477168] /dev/input/event1: 0003 0036 00002ccc
[   10161.477168] /dev/input/event1: 0000 0000 00000000
[   10161.484881] /dev/input/event1: 0003 0035 00002e56
[   10161.484881] /dev/input/event1: 0003 0036 00002b43
[   10161.484881] /dev/input/event1: 0000 0000 00000000
[   10161.492801] /dev/input/event1: 0003 0035 00002e93
[   10161.492801] /dev/input/event1: 0003 0036 00002a32
[   10161.492801] /dev/input/event1: 0000 0000 00000000
[   10161.500830] /dev/input/event1: 0003 0036 00002966
[   10161.500830] /dev/input/event1: 0000 0000 00000000
[   10161.508771] /dev/input/event1: 0003 0036 00002899
[   10161.508771] /dev/input/event1: 0000 0000 00000000
[   10161.516830] /dev/input/event1: 0003 0036 00002821
[   10161.516830] /dev/input/event1: 0000 0000 00000000
[   10161.524774] /dev/input/event1: 0003 0036 000027dd
[   10161.524774] /dev/input/event1: 0000 0000 00000000
[   10161.532851] /dev/input/event1: 0003 0036 00002766
[   10161.532851] /dev/input/event1: 0000 0000 00000000
[   10161.540774] /dev/input/event1: 0003 0036 00002732
[   10161.540774] /dev/input/event1: 0000 0000 00000000
[   10161.740873] /dev/input/event1: 0003 0036 000026ee
[   10161.740873] /dev/input/event1: 0000 0000 00000000
[   10161.748763] /dev/input/event1: 0003 0036 00002699
[   10161.748763] /dev/input/event1: 0000 0000 00000000
[   10161.756954] /dev/input/event1: 0003 0036 00002643
[   10161.756954] /dev/input/event1: 0000 0000 00000000
[   10161.764742] /dev/input/event1: 0003 0036 000025cc
[   10161.764742] /dev/input/event1: 0000 0000 00000000
[   10161.772797] /dev/input/event1: 0003 0036 000025aa
[   10161.772797] /dev/input/event1: 0000 0000 00000000
[   10161.780697] /dev/input/event1: 0003 0036 00002588
[   10161.780697] /dev/input/event1: 0000 0000 00000000
[   10161.788863] /dev/input/event1: 0003 0036 00002555
[   10161.788863] /dev/input/event1: 0000 0000 00000000
[   10161.893236] /dev/input/event1: 0003 003a 00000000
[   10161.893236] /dev/input/event1: 0003 0039 ffffffff
[   10161.893236] /dev/input/event1: 0000 0000 00000000
[   10162.366438] /dev/input/event1: 0003 0039 00000000
[   10162.366438] /dev/input/event1: 0003 0030 00000455
[   10162.366438] /dev/input/event1: 0003 003a 00000081
[   10162.366438] /dev/input/event1: 0003 0035 00002684
[   10162.366438] /dev/input/event1: 0003 0036 000025cc
[   10162.366438] /dev/input/event1: 0000 0000 00000000
[   10162.445341] /dev/input/event1: 0003 003a 00000000
[   10162.445341] /dev/input/event1: 0003 0039 ffffffff
[   10162.445341] /dev/input/event1: 0000 0000 00000000
[   10166.214936] /dev/input/event1: 0003 0039 00000000
[   10166.214936] /dev/input/event1: 0003 0030 00000456
[   10166.214936] /dev/input/event1: 0003 003a 00000081
[   10166.214936] /dev/input/event1: 0003 0035 00000e57
[   10166.214936] /dev/input/event1: 0003 0036 00003288
[   10166.214936] /dev/input/event1: 0000 0000 00000000
[   10166.325979] /dev/input/event1: 0003 003a 00000000
[   10166.325979] /dev/input/event1: 0003 0039 ffffffff
[   10166.325979] /dev/input/event1: 0000 0000 00000000
[   10167.502868] /dev/input/event1: 0003 0039 00000000
[   10167.502868] /dev/input/event1: 0003 0030 00000457
[   10167.502868] /dev/input/event1: 0003 003a 00000081
[   10167.502868] /dev/input/event1: 0003 0035 00004a6d
[   10167.502868] /dev/input/event1: 0003 0036 00005e43
[   10167.502868] /dev/input/event1: 0000 0000 00000000
[   10167.629831] /dev/input/event1: 0003 003a 00000000
[   10167.629831] /dev/input/event1: 0003 0039 ffffffff
[   10167.629831] /dev/input/event1: 0000 0000 00000000
[   10169.895052] /dev/input/event1: 0003 0039 00000000
[   10169.895052] /dev/input/event1: 0003 0030 00000458
[   10169.895052] /dev/input/event1: 0003 003a 00000081
[   10169.895052] /dev/input/event1: 0003 0035 00003c16
[   10169.895052] /dev/input/event1: 0003 0036 00003ddd
[   10169.895052] /dev/input/event1: 0000 0000 00000000
[   10169.966248] /dev/input/event1: 0003 003a 00000000
[   10169.966248] /dev/input/event1: 0003 0039 ffffffff
[   10169.966248] /dev/input/event1: 0000 0000 00000000
[   10171.671731] /dev/input/event1: 0003 0039 00000000
[   10171.671731] /dev/input/event1: 0003 0030 00000459
[   10171.671731] /dev/input/event1: 0003 003a 00000081
[   10171.671731] /dev/input/event1: 0003 0035 00000a6d
[   10171.671731] /dev/input/event1: 0003 0036 00006776
[   10171.671731] /dev/input/event1: 0000 0000 00000000
[   10171.758567] /dev/input/event1: 0003 003a 00000000
[   10171.758567] /dev/input/event1: 0003 0039 ffffffff
[   10171.758567] /dev/input/event1: 0000 0000 00000000
[   10172.543217] /dev/input/event1: 0003 0039 00000000
[   10172.543217] /dev/input/event1: 0003 0030 0000045a
[   10172.543217] /dev/input/event1: 0003 003a 00000081
[   10172.543217] /dev/input/event1: 0003 0035 0000303c
[   10172.543217] /dev/input/event1: 0003 0036 00006632
[   10172.543217] /dev/input/event1: 0000 0000 00000000
[   10172.654350] /dev/input/event1: 0003 0035 00003078
[   10172.654350] /dev/input/event1: 0000 0000 00000000
[   10172.654693] /dev/input/event1: 0003 003a 00000000
[   10172.654693] /dev/input/event1: 0003 0039 ffffffff
[   10172.654693] /dev/input/event1: 0000 0000 00000000
[   10173.175588] /dev/input/event1: 0003 0039 00000000
[   10173.175588] /dev/input/event1: 0003 0030 0000045b
[   10173.175588] /dev/input/event1: 0003 003a 00000081
[   10173.175588] /dev/input/event1: 0003 0035 00002b7e
[   10173.175588] /dev/input/event1: 0003 0036 00004f65
[   10173.175588] /dev/input/event1: 0000 0000 00000000
[   10173.270468] /dev/input/event1: 0003 003a 00000000
[   10173.270468] /dev/input/event1: 0003 0039 ffffffff
[   10173.270468] /dev/input/event1: 0000 0000 00000000
[   10173.807153] /dev/input/event1: 0003 0039 00000000
[   10173.807153] /dev/input/event1: 0003 0030 0000045c
[   10173.807153] /dev/input/event1: 0003 003a 00000081
[   10173.807153] /dev/input/event1: 0003 0035 00004536
[   10173.807153] /dev/input/event1: 0003 0036 00004ecc
[   10173.807153] /dev/input/event1: 0000 0000 00000000
[   10173.910555] /dev/input/event1: 0003 0035 00004573
[   10173.910555] /dev/input/event1: 0000 0000 00000000
[   10173.910922] /dev/input/event1: 0003 003a 00000000
[   10173.910922] /dev/input/event1: 0003 0039 ffffffff
[   10173.910922] /dev/input/event1: 0000 0000 00000000
[   10174.775860] /dev/input/event1: 0003 0039 00000000
[   10174.775860] /dev/input/event1: 0003 0030 0000045d
[   10174.775860] /dev/input/event1: 0003 003a 00000081
[   10174.775860] /dev/input/event1: 0003 0035 0000771b
[   10174.775860] /dev/input/event1: 0003 0036 00005076
[   10174.775860] /dev/input/event1: 0000 0000 00000000
[   10174.870701] /dev/input/event1: 0003 003a 00000000
[   10174.870701] /dev/input/event1: 0003 0039 ffffffff
[   10174.870701] /dev/input/event1: 0000 0000 00000000
[   10175.775809] /dev/input/event1: 0003 0039 00000000
[   10175.775809] /dev/input/event1: 0003 0030 0000045e
[   10175.775809] /dev/input/event1: 0003 003a 00000081
[   10175.775809] /dev/input/event1: 0003 0035 0000395c
[   10175.775809] /dev/input/event1: 0003 0036 00004fdd
[   10175.775809] /dev/input/event1: 0000 0000 00000000
[   10175.862970] /dev/input/event1: 0003 003a 00000000
[   10175.862970] /dev/input/event1: 0003 0039 ffffffff
[   10175.862970] /dev/input/event1: 0000 0000 00000000
[   10176.575515] /dev/input/event1: 0003 0039 00000000
[   10176.575515] /dev/input/event1: 0003 0030 0000045f
[   10176.575515] /dev/input/event1: 0003 003a 00000081
[   10176.575515] /dev/input/event1: 0003 0035 0000695c
[   10176.575515] /dev/input/event1: 0003 0036 00005076
[   10176.575515] /dev/input/event1: 0000 0000 00000000
[   10176.582615] /dev/input/event1: 0003 0035 00006998
[   10176.582615] /dev/input/event1: 0000 0000 00000000
[   10176.679064] /dev/input/event1: 0003 003a 00000000
[   10176.679064] /dev/input/event1: 0003 0039 ffffffff
[   10176.679064] /dev/input/event1: 0000 0000 00000000
[   10177.335560] /dev/input/event1: 0003 0039 00000000
[   10177.335560] /dev/input/event1: 0003 0030 00000460
[   10177.335560] /dev/input/event1: 0003 003a 00000081
[   10177.335560] /dev/input/event1: 0003 0035 000050b5
[   10177.335560] /dev/input/event1: 0003 0036 00006f32
[   10177.335560] /dev/input/event1: 0000 0000 00000000
[   10177.431106] /dev/input/event1: 0003 003a 00000000
[   10177.431106] /dev/input/event1: 0003 0039 ffffffff
[   10177.431106] /dev/input/event1: 0000 0000 00000000
[   10178.208488] /dev/input/event1: 0003 0039 00000000
[   10178.208488] /dev/input/event1: 0003 0030 00000461
[   10178.208488] /dev/input/event1: 0003 003a 00000081
[   10178.208488] /dev/input/event1: 0003 0035 000064db
[   10178.208488] /dev/input/event1: 0003 0036 00006454
[   10178.208488] /dev/input/event1: 0000 0000 00000000
[   10178.295242] /dev/input/event1: 0003 003a 00000000
[   10178.295242] /dev/input/event1: 0003 0039 ffffffff
[   10178.295242] /dev/input/event1: 0000 0000 00000000
[   10178.944197] /dev/input/event1: 0003 0039 00000000
[   10178.944197] /dev/input/event1: 0003 0030 00000462
[   10178.944197] /dev/input/event1: 0003 003a 00000081
[   10178.944197] /dev/input/event1: 0003 0035 000068c4
[   10178.944197] /dev/input/event1: 0003 0036 00005032
[   10178.944197] /dev/input/event1: 0000 0000 00000000
[   10179.055421] /dev/input/event1: 0003 003a 00000000
[   10179.055421] /dev/input/event1: 0003 0039 ffffffff
[   10179.055421] /dev/input/event1: 0000 0000 00000000
[   10179.888614] /dev/input/event1: 0003 0039 00000000
[   10179.888614] /dev/input/event1: 0003 0030 00000463
[   10179.888614] /dev/input/event1: 0003 003a 00000081
[   10179.888614] /dev/input/event1: 0003 0035 00005901
[   10179.888614] /dev/input/event1: 0003 0036 00006721
[   10179.888614] /dev/input/event1: 0000 0000 00000000
[   10179.951304] /dev/input/event1: 0003 003a 00000000
[   10179.951304] /dev/input/event1: 0003 0039 ffffffff
[   10179.951304] /dev/input/event1: 0000 0000 00000000
[   10180.704631] /dev/input/event1: 0003 0039 00000000
[   10180.704631] /dev/input/event1: 0003 0030 00000464
[   10180.704631] /dev/input/event1: 0003 003a 00000081
[   10180.704631] /dev/input/event1: 0003 0035 00001e56
[   10180.704631] /dev/input/event1: 0003 0036 00005198
[   10180.704631] /dev/input/event1: 0000 0000 00000000
[   10180.807393] /dev/input/event1: 0003 003a 00000000
[   10180.807393] /dev/input/event1: 0003 0039 ffffffff
[   10180.807393] /dev/input/event1: 0000 0000 00000000
[   10181.320546] /dev/input/event1: 0003 0039 00000000
[   10181.320546] /dev/input/event1: 0003 0030 00000465
[   10181.320546] /dev/input/event1: 0003 003a 00000081
[   10181.320546] /dev/input/event1: 0003 0035 000045af
[   10181.320546] /dev/input/event1: 0003 0036 000050aa
[   10181.320546] /dev/input/event1: 0000 0000 00000000
[   10181.391687] /dev/input/event1: 0003 003a 00000000
[   10181.391687] /dev/input/event1: 0003 0039 ffffffff
[   10181.391687] /dev/input/event1: 0000 0000 00000000
[   10190.722054] /dev/input/event1: 0003 0039 00000000
[   10190.722054] /dev/input/event1: 0003 0030 00000466
[   10190.722054] /dev/input/event1: 0003 003a 00000081
[   10190.722054] /dev/input/event1: 0003 0035 0000395c
[   10190.722054] /dev/input/event1: 0003 0036 00002910
[   10190.722054] /dev/input/event1: 0000 0000 00000000
[   10190.840590] /dev/input/event1: 0003 0035 00003999
[   10190.840590] /dev/input/event1: 0003 0036 000028ee
[   10190.840590] /dev/input/event1: 0000 0000 00000000
[   10190.848584] /dev/input/event1: 0003 0035 000039d5
[   10190.848584] /dev/input/event1: 0003 0036 00002877
[   10190.848584] /dev/input/event1: 0000 0000 00000000
[   10190.856573] /dev/input/event1: 0003 0036 000027ff
[   10190.856573] /dev/input/event1: 0000 0000 00000000
[   10190.864389] /dev/input/event1: 0003 0035 00003a6d
[   10190.864389] /dev/input/event1: 0003 0036 000026ee
[   10190.864389] /dev/input/event1: 0000 0000 00000000
[   10190.872393] /dev/input/event1: 0003 0035 00003aaa
[   10190.872393] /dev/input/event1: 0003 0036 000025cc
[   10190.872393] /dev/input/event1: 0000 0000 00000000
[   10190.880380] /dev/input/event1: 0003 0036 00002510
[   10190.880380] /dev/input/event1: 0000 0000 00000000
[   10190.888448] /dev/input/event1: 0003 0036 000023ee
[   10190.888448] /dev/input/event1: 0000 0000 00000000
[   10190.896468] /dev/input/event1: 0003 0036 000022ff
[   10190.896468] /dev/input/event1: 0000 0000 00000000
[   10190.904397] /dev/input/event1: 0003 0036 000021cc
[   10190.904397] /dev/input/event1: 0000 0000 00000000
[   10190.912414] /dev/input/event1: 0003 0036 000020dd
[   10190.912414] /dev/input/event1: 0000 0000 00000000
[   10190.921068] /dev/input/event1: 0003 0036 00001fcc
[   10190.921068] /dev/input/event1: 0000 0000 00000000
[   10190.928382] /dev/input/event1: 0003 0036 00001eff
[   10190.928382] /dev/input/event1: 0000 0000 00000000
[   10190.936347] /dev/input/event1: 0003 0036 00001e66
[   10190.936347] /dev/input/event1: 0000 0000 00000000
[   10190.944467] /dev/input/event1: 0003 0036 00001dbb
[   10190.944467] /dev/input/event1: 0000 0000 00000000
[   10190.952334] /dev/input/event1: 0003 0036 00001d21
[   10190.952334] /dev/input/event1: 0000 0000 00000000
[   10190.960363] /dev/input/event1: 0003 0036 00001c55
[   10190.960363] /dev/input/event1: 0000 0000 00000000
[   10190.968365] /dev/input/event1: 0003 0036 00001bbb
[   10190.968365] /dev/input/event1: 0000 0000 00000000
[   10190.976334] /dev/input/event1: 0003 0036 00001b44
[   10190.976334] /dev/input/event1: 0000 0000 00000000
[   10190.984379] /dev/input/event1: 0003 0036 00001aaa
[   10190.984379] /dev/input/event1: 0000 0000 00000000
[   10190.992451] /dev/input/event1: 0003 0036 00001a55
[   10190.992451] /dev/input/event1: 0000 0000 00000000
[   10191.000379] /dev/input/event1: 0003 0036 000019ff
[   10191.000379] /dev/input/event1: 0000 0000 00000000
[   10191.008757] /dev/input/event1: 0003 0036 00001999
[   10191.008757] /dev/input/event1: 0000 0000 00000000
[   10191.016363] /dev/input/event1: 0003 0036 00001944
[   10191.016363] /dev/input/event1: 0000 0000 00000000
[   10191.024337] /dev/input/event1: 0003 0036 000018ee
[   10191.024337] /dev/input/event1: 0000 0000 00000000
[   10191.032359] /dev/input/event1: 0003 0036 000018cc
[   10191.032359] /dev/input/event1: 0000 0000 00000000
[   10191.040335] /dev/input/event1: 0003 0036 00001877
[   10191.040335] /dev/input/event1: 0000 0000 00000000
[   10191.056348] /dev/input/event1: 0003 0036 00001855
[   10191.056348] /dev/input/event1: 0000 0000 00000000
[   10191.064326] /dev/input/event1: 0003 0036 00001833
[   10191.064326] /dev/input/event1: 0000 0000 00000000
[   10191.072371] /dev/input/event1: 0003 0036 000017ff
[   10191.072371] /dev/input/event1: 0000 0000 00000000
[   10191.088404] /dev/input/event1: 0003 0036 000017dd
[   10191.088404] /dev/input/event1: 0000 0000 00000000
[   10191.096376] /dev/input/event1: 0003 0036 000017bb
[   10191.096376] /dev/input/event1: 0000 0000 00000000
[   10191.112500] /dev/input/event1: 0003 0036 00001788
[   10191.112500] /dev/input/event1: 0000 0000 00000000
[   10191.280854] /dev/input/event1: 0003 003a 00000000
[   10191.280854] /dev/input/event1: 0003 0039 ffffffff
[   10191.280854] /dev/input/event1: 0000 0000 00000000
[   10192.105824] /dev/input/event1: 0003 0039 00000000
[   10192.105824] /dev/input/event1: 0003 0030 00000467
[   10192.105824] /dev/input/event1: 0003 003a 00000081
[   10192.105824] /dev/input/event1: 0003 0035 00001079
[   10192.105824] /dev/input/event1: 0003 0036 00003877
[   10192.105824] /dev/input/event1: 0000 0000 00000000
[   10192.224971] /dev/input/event1: 0003 003a 00000000
[   10192.224971] /dev/input/event1: 0003 0039 ffffffff
[   10192.224971] /dev/input/event1: 0000 0000 00000000
[   10192.682041] /dev/input/event1: 0003 0039 00000000
[   10192.682041] /dev/input/event1: 0003 0030 00000468
[   10192.682041] /dev/input/event1: 0003 003a 00000081
[   10192.682041] /dev/input/event1: 0003 0035 0000225e
[   10192.682041] /dev/input/event1: 0003 0036 00003910
[   10192.682041] /dev/input/event1: 0000 0000 00000000
[   10192.696815] /dev/input/event1: 0003 0035 000022b9
[   10192.696815] /dev/input/event1: 0000 0000 00000000
[   10192.704595] /dev/input/event1: 0003 0035 00002332
[   10192.704595] /dev/input/event1: 0000 0000 00000000
[   10192.712602] /dev/input/event1: 0003 0036 000038ee
[   10192.712602] /dev/input/event1: 0000 0000 00000000
[   10192.720610] /dev/input/event1: 0003 0036 000038bb
[   10192.720610] /dev/input/event1: 0000 0000 00000000
[   10192.728818] /dev/input/event1: 0003 0035 0000238d
[   10192.728818] /dev/input/event1: 0003 0036 00003877
[   10192.728818] /dev/input/event1: 0000 0000 00000000
[   10192.736700] /dev/input/event1: 0003 0035 000023ca
[   10192.736700] /dev/input/event1: 0003 0036 00003821
[   10192.736700] /dev/input/event1: 0000 0000 00000000
[   10192.744599] /dev/input/event1: 0003 0036 000037cc
[   10192.744599] /dev/input/event1: 0000 0000 00000000
[   10192.752692] /dev/input/event1: 0003 0035 00002407
[   10192.752692] /dev/input/event1: 0003 0036 00003732
[   10192.752692] /dev/input/event1: 0000 0000 00000000
[   10192.760743] /dev/input/event1: 0003 0035 00002462
[   10192.760743] /dev/input/event1: 0003 0036 00003699
[   10192.760743] /dev/input/event1: 0000 0000 00000000
[   10192.768547] /dev/input/event1: 0003 0036 00003621
[   10192.768547] /dev/input/event1: 0000 0000 00000000
[   10192.776741] /dev/input/event1: 0003 0035 0000249f
[   10192.776741] /dev/input/event1: 0003 0036 00003532
[   10192.776741] /dev/input/event1: 0000 0000 00000000
[   10192.784656] /dev/input/event1: 0003 0035 000024db
[   10192.784656] /dev/input/event1: 0003 0036 00003410
[   10192.784656] /dev/input/event1: 0000 0000 00000000
[   10192.792636] /dev/input/event1: 0003 0036 00003377
[   10192.792636] /dev/input/event1: 0000 0000 00000000
[   10192.800511] /dev/input/event1: 0003 0036 000032dd
[   10192.800511] /dev/input/event1: 0000 0000 00000000
[   10192.809008] /dev/input/event1: 0003 0036 00003210
[   10192.809008] /dev/input/event1: 0000 0000 00000000
[   10192.816945] /dev/input/event1: 0003 0036 000030ff
[   10192.816945] /dev/input/event1: 0000 0000 00000000
[   10192.824735] /dev/input/event1: 0003 0036 00003032
[   10192.824735] /dev/input/event1: 0000 0000 00000000
[   10192.832564] /dev/input/event1: 0003 0036 00002f43
[   10192.832564] /dev/input/event1: 0000 0000 00000000
[   10192.841054] /dev/input/event1: 0003 0036 00002eaa
[   10192.841054] /dev/input/event1: 0000 0000 00000000
[   10192.848857] /dev/input/event1: 0003 0036 00002e10
[   10192.848857] /dev/input/event1: 0000 0000 00000000
[   10192.856600] /dev/input/event1: 0003 0036 00002d99
[   10192.856600] /dev/input/event1: 0000 0000 00000000
[   10192.864673] /dev/input/event1: 0003 0036 00002d43
[   10192.864673] /dev/input/event1: 0000 0000 00000000
[   10192.873146] /dev/input/event1: 0003 0036 00002cee
[   10192.873146] /dev/input/event1: 0000 0000 00000000
[   10192.880589] /dev/input/event1: 0003 0036 00002caa
[   10192.880589] /dev/input/event1: 0000 0000 00000000
[   10192.888563] /dev/input/event1: 0003 0036 00002c54
[   10192.888563] /dev/input/event1: 0000 0000 00000000
[   10192.904565] /dev/input/event1: 0003 0036 00002c32
[   10192.904565] /dev/input/event1: 0000 0000 00000000
[   10192.912620] /dev/input/event1: 0003 0036 00002bdd
[   10192.912620] /dev/input/event1: 0000 0000 00000000
[   10192.920609] /dev/input/event1: 0003 0035 00002573
[   10192.920609] /dev/input/event1: 0003 0036 00002b66
[   10192.920609] /dev/input/event1: 0000 0000 00000000
[   10192.928686] /dev/input/event1: 0003 0036 00002b43
[   10192.928686] /dev/input/event1: 0000 0000 00000000
[   10192.936726] /dev/input/event1: 0003 0036 00002aee
[   10192.936726] /dev/input/event1: 0000 0000 00000000
[   10192.952594] /dev/input/event1: 0003 0036 00002acc
[   10192.952594] /dev/input/event1: 0000 0000 00000000
[   10192.960707] /dev/input/event1: 0003 0036 00002aaa
[   10192.960707] /dev/input/event1: 0000 0000 00000000
[   10193.081230] /dev/input/event1: 0003 003a 00000000
[   10193.081230] /dev/input/event1: 0003 0039 ffffffff
[   10193.081230] /dev/input/event1: 0000 0000 00000000
[   10194.738137] /dev/input/event1: 0003 0039 00000000
[   10194.738137] /dev/input/event1: 0003 0030 00000469
[   101