add device 1: /dev/input/event0
  name:     "Power Button"
add device 2: /dev/input/event1
  name:     "qwerty2"
[   10534.337151] /dev/input/event1: 0003 0039 00000000
[   10534.337151] /dev/input/event1: 0003 0030 000004ae
[   10534.337151] /dev/input/event1: 0003 003a 00000081
[   10534.337151] /dev/input/event1: 0003 0035 00006332
[   10534.337151] /dev/input/event1: 0003 0036 00007298
[   10534.337151] /dev/input/event1: 0000 0000 00000000
[   10534.507328] /dev/input/event1: 0003 003a 00000000
[   10534.507328] /dev/input/event1: 0003 0039 ffffffff
[   10534.507328] /dev/input/event1: 0000 0000 00000000
[   10536.155902] /dev/input/event1: 0003 0039 00000000
[   10536.155902] /dev/input/event1: 0003 0030 000004af
[   10536.155902] /dev/input/event1: 0003 003a 00000081
[   10536.155902] /dev/input/event1: 0003 0035 00003b41
[   10536.155902] /dev/input/event1: 0003 0036 00003177
[   10536.155902] /dev/input/event1: 0000 0000 00000000
[   10536.323180] /dev/input/event1: 0003 003a 00000000
[   10536.323180] /dev/input/event1: 0003 0039 ffffffff
[   10536.323180] /dev/input/event1: 0000 0000 00000000
[   10538.780117] /dev/input/event1: 0003 0039 00000000
[   10538.780117] /dev/input/event1: 0003 0030 000004b0
[   10538.780117] /dev/input/event1: 0003 003a 00000081
[   10538.780117] /dev/input/event1: 0003 0035 00005ecf
[   10538.780117] /dev/input/event1: 0003 0036 000071a9
[   10538.780117] /dev/input/event1: 0000 0000 00000000
[   10538.963479] /dev/input/event1: 0003 003a 00000000
[   10538.963479] /dev/input/event1: 0003 0039 ffffffff
[   10538.963479] /dev/input/event1: 0000 0000 00000000
[   10543.493300] /dev/input/event1: 0003 0039 00000000
[   10543.493300] /dev/input/event1: 0003 0030 000004b1
[   10543.493300] /dev/input/event1: 0003 003a 00000081
[   10543.493300] /dev/input/event1: 0003 0035 0000395c
[   10543.493300] /dev/input/event1: 0003 0036 00001fee
[   10543.493300] /dev/input/event1: 0000 0000 00000000
[   10543.676018] /dev/input/event1: 0003 003a 00000000
[   10543.676018] /dev/input/event1: 0003 0039 ffffffff
[   10543.676018] /dev/input/event1: 0000 0000 00000000
[   10545.629125] /dev/input/event1: 0003 0039 00000000
[   10545.629125] /dev/input/event1: 0003 0030 000004b2
[   10545.629125] /dev/input/event1: 0003 003a 00000081
[   10545.629125] /dev/input/event1: 0003 0035 00005f67
[   10545.629125] /dev/input/event1: 0003 0036 00007310
[   10545.629125] /dev/input/event1: 0000 0000 00000000
[   10545.748144] /dev/input/event1: 0003 0035 00005ecf
[   10545.748144] /dev/input/event1: 0003 0036 00007343
[   10545.748144] /dev/input/event1: 0000 0000 00000000
[   10545.756313] /dev/input/event1: 0003 003a 00000000
[   10545.756313] /dev/input/event1: 0003 0039 ffffffff
[   10545.756313] /dev/input/event1: 0000 0000 00000000
[   10547.605015] /dev/input/event1: 0003 0039 00000000
[   10547.605015] /dev/input/event1: 0003 0030 000004b3
[   10547.605015] /dev/input/event1: 0003 003a 00000081
[   10547.605015] /dev/input/event1: 0003 0035 000036df
[   10547.605015] /dev/input/event1: 0003 0036 00002899
[   10547.605015] /dev/input/event1: 0000 0000 00000000
[   10547.772696] /dev/input/event1: 0003 003a 00000000
[   10547.772696] /dev/input/event1: 0003 0039 ffffffff
[   10547.772696] /dev/input/event1: 0000 0000 00000000
[   10554.910629] /dev/input/event1: 0003 0039 00000000
[   10554.910629] /dev/input/event1: 0003 0030 000004b4
[   10554.910629] /dev/input/event1: 0003 003a 00000081
[   10554.910629] /dev/input/event1: 0003 0035 00005e93
[   10554.910629] /dev/input/event1: 0003 0036 00007254
[   10554.910629] /dev/input/event1: 0000 0000 00000000
[   10555.077916] /dev/input/event1: 0003 003a 00000000
[   10555.077916] /dev/input/event1: 0003 0039 ffffffff
[   10555.077916] /dev/input/event1: 0000 0000 00000000
[   10556.374313] /dev/input/event1: 0003 0039 00000000
[   10556.374313] /dev/input/event1: 0003 0030 000004b5
[   10556.374313] /dev/input/event1: 0003 003a 00000081
[   10556.374313] /dev/input/event1: 0000 0000 00000000
[   10556.525732] /dev/input/event1: 0003 003a 00000000
[   10556.525732] /dev/input/event1: 0003 0039 ffffffff
[   10556.525732] /dev/input/event1: 0000 0000 00000000
[   10558.735080] /dev/input/event1: 0003 0039 00000000
[   10558.735080] /dev/input/event1: 0003 0030 000004b6
[   10558.735080] /dev/input/event1: 0003 003a 00000081
[   10558.735080] /dev/input/event1: 0003 0035 00005998
[   10558.735080] /dev/input/event1: 0003 0036 00004643
[   10558.735080] /dev/input/event1: 0000 0000 00000000
[   10558.909862] /dev/input/event1: 0003 003a 00000000
[   10558.909862] /dev/input/event1: 0003 0039 ffffffff
[   10558.909862] /dev/input/event1: 0000 0000 00000000
[   10564.759865] /dev/input/event1: 0003 0039 00000000
[   10564.759865] /dev/input/event1: 0003 0030 000004b7
[   10564.759865] /dev/input/event1: 0003 003a 00000081
[   10564.759865] /dev/input/event1: 0003 0035 00003bd9
[   10564.759865] /dev/input/event1: 0003 0036 00005abb
[   10564.759865] /dev/input/event1: 0000 0000 00000000
[   10564.919132] /dev/input/event1: 0003 003a 00000000
[   10564.919132] /dev/input/event1: 0003 0039 ffffffff
[   10564.919132] /dev/input/event1: 0000 0000 00000000
[   10572.016646] /dev/input/event1: 0003 0039 00000000
[   10572.016646] /dev/input/event1: 0003 0030 000004b8
[   10572.016646] /dev/input/event1: 0003 003a 00000081
[   10572.016646] /dev/input/event1: 0003 0035 00006a6d
[   10572.016646] /dev/input/event1: 0003 0036 000021aa
[   10572.016646] /dev/input/event1: 0000 0000 00000000
[   10572.215480] /dev/input/event1: 0003 003a 00000000
[   10572.215480] /dev/input/event1: 0003 0039 ffffffff
[   10572.215480] /dev/input/event1: 0000 0000 00000000
[   10576.761461] /dev/input/event1: 0003 0039 00000000
[   10576.761461] /dev/input/event1: 0003 0030 000004b9
[   10576.761461] /dev/input/event1: 0003 003a 00000081
[   10576.761461] /dev/input/event1: 0003 0035 00000888
[   10576.761461] /dev/input/event1: 0003 0036 00004fbb
[   10576.761461] /dev/input/event1: 0000 0000 00000000
[   10576.880328] /dev/input/event1: 0003 003a 00000000
[   10576.880328] /dev/input/event1: 0003 0039 ffffffff
[   10576.880328] /dev/input/event1: 0000 0000 00000000
[   10577.673162] /dev/input/event1: 0003 0039 00000000
[   10577.673162] /dev/input/event1: 0003 0030 000004ba
[   10577.673162] /dev/input/event1: 0003 003a 00000081
[   10577.673162] /dev/input/event1: 0003 0035 0000525e
[   10577.673162] /dev/input/event1: 0003 0036 000050ee
[   10577.673162] /dev/input/event1: 0000 0000 00000000
[   10577.760147] /dev/input/event1: 0003 0035 0000514d
[   10577.760147] /dev/input/event1: 0003 0036 000050cc
[   10577.760147] /dev/input/event1: 0000 0000 00000000
[   10577.768086] /dev/input/event1: 0003 0035 00005078
[   10577.768086] /dev/input/event1: 0000 0000 00000000
[   10577.776052] /dev/input/event1: 0003 0035 00004f67
[   10577.776052] /dev/input/event1: 0003 0036 00005076
[   10577.776052] /dev/input/event1: 0000 0000 00000000
[   10577.776590] /dev/input/event1: 0003 003a 00000000
[   10577.776590] /dev/input/event1: 0003 0039 ffffffff
[   10577.776590] /dev/input/event1: 0000 0000 00000000
[   10578.417214] /dev/input/event1: 0003 0039 00000000
[   10578.417214] /dev/input/event1: 0003 0030 000004bb
[   10578.417214] /dev/input/event1: 0003 003a 00000081
[   10578.417214] /dev/input/event1: 0003 0035 00000dfc
[   10578.417214] /dev/input/event1: 0003 0036 00005b10
[   10578.417214] /dev/input/event1: 0000 0000 00000000
[   10578.472786] /dev/input/event1: 0003 003a 00000000
[   10578.472786] /dev/input/event1: 0003 0039 ffffffff
[   10578.472786] /dev/input/event1: 0000 0000 00000000
[   10579.233545] /dev/input/event1: 0003 0039 00000000
[   10579.233545] /dev/input/event1: 0003 0030 000004bc
[   10579.233545] /dev/input/event1: 0003 003a 00000081
[   10579.233545] /dev/input/event1: 0003 0035 00005aa9
[   10579.233545] /dev/input/event1: 0003 0036 000066cb
[   10579.233545] /dev/input/event1: 0000 0000 00000000
[   10579.320376] /dev/input/event1: 0003 0036 000066a9
[   10579.320376] /dev/input/event1: 0000 0000 00000000
[   10579.320575] /dev/input/event1: 0003 003a 00000000
[   10579.320575] /dev/input/event1: 0003 0039 ffffffff
[   10579.320575] /dev/input/event1: 0000 0000 00000000
[   10579.945406] /dev/input/event1: 0003 0039 00000000
[   10579.945406] /dev/input/event1: 0003 0030 000004bd
[   10579.945406] /dev/input/event1: 0003 003a 00000081
[   10579.945406] /dev/input/event1: 0003 0035 00003888
[   10579.945406] /dev/input/event1: 0003 0036 00004e76
[   10579.945406] /dev/input/event1: 0000 0000 00000000
[   10580.032301] /dev/input/event1: 0003 0035 000038c4
[   10580.032301] /dev/input/event1: 0000 0000 00000000
[   10580.032647] /dev/input/event1: 0003 003a 00000000
[   10580.032647] /dev/input/event1: 0003 0039 ffffffff
[   10580.032647] /dev/input/event1: 0000 0000 00000000
[   10580.705843] /dev/input/event1: 0003 0039 00000000
[   10580.705843] /dev/input/event1: 0003 0030 000004be
[   10580.705843] /dev/input/event1: 0003 003a 00000081
[   10580.705843] /dev/input/event1: 0003 0035 000052f5
[   10580.705843] /dev/input/event1: 0003 0036 000050ee
[   10580.705843] /dev/input/event1: 0000 0000 00000000
[   10580.792825] /dev/input/event1: 0003 003a 00000000
[   10580.792825] /dev/input/event1: 0003 0039 ffffffff
[   10580.792825] /dev/input/event1: 0000 0000 00000000
[   10581.561606] /dev/input/event1: 0003 0039 00000000
[   10581.561606] /dev/input/event1: 0003 0030 000004bf
[   10581.561606] /dev/input/event1: 0003 003a 00000081
[   10581.561606] /dev/input/event1: 0003 0035 000064db
[   10581.561606] /dev/input/event1: 0003 0036 00006665
[   10581.561606] /dev/input/event1: 0000 0000 00000000
[   10581.648857] /dev/input/event1: 0003 003a 00000000
[   10581.648857] /dev/input/event1: 0003 0039 ffffffff
[   10581.648857] /dev/input/event1: 0000 0000 00000000
[   10582.377935] /dev/input/event1: 0003 0039 00000000
[   10582.377935] /dev/input/event1: 0003 0030 000004c0
[   10582.377935] /dev/input/event1: 0003 003a 00000081
[   10582.377935] /dev/input/event1: 0003 0035 00003d82
[   10582.377935] /dev/input/event1: 0003 0036 00007276
[   10582.377935] /dev/input/event1: 0000 0000 00000000
[   10582.497140] /dev/input/event1: 0003 003a 00000000
[   10582.497140] /dev/input/event1: 0003 0039 ffffffff
[   10582.497140] /dev/input/event1: 0000 0000 00000000
[   10584.089550] /dev/input/event1: 0003 0039 00000000
[   10584.089550] /dev/input/event1: 0003 0030 000004c1
[   10584.089550] /dev/input/event1: 0003 003a 00000081
[   10584.089550] /dev/input/event1: 0003 0035 0000060b
[   10584.089550] /dev/input/event1: 0003 0036 000066cb
[   10584.089550] /dev/input/event1: 0000 0000 00000000
[   10584.176987] /dev/input/event1: 0003 003a 00000000
[   10584.176987] /dev/input/event1: 0003 0039 ffffffff
[   10584.176987] /dev/input/event1: 0000 0000 00000000
[   10585.025931] /dev/input/event1: 0003 0039 00000000
[   10585.025931] /dev/input/event1: 0003 0030 000004c2
[   10585.025931] /dev/input/event1: 0003 003a 00000081
[   10585.025931] /dev/input/event1: 0003 0035 00003110
[   10585.025931] /dev/input/event1: 0003 0036 00006521
[   10585.025931] /dev/input/event1: 0000 0000 00000000
[   10585.105045] /dev/input/event1: 0003 003a 00000000
[   10585.105045] /dev/input/event1: 0003 0039 ffffffff
[   10585.105045] /dev/input/event1: 0000 0000 00000000
[   10586.114288] /dev/input/event1: 0003 0039 00000000
[   10586.114288] /dev/input/event1: 0003 0030 000004c3
[   10586.114288] /dev/input/event1: 0003 003a 00000081
[   10586.114288] /dev/input/event1: 0003 0035 00006d26
[   10586.114288] /dev/input/event1: 0003 0036 00005165
[   10586.114288] /dev/input/event1: 0000 0000 00000000
[   10586.217080] /dev/input/event1: 0003 0035 00006cad
[   10586.217080] /dev/input/event1: 0000 0000 00000000
[   10586.225342] /dev/input/event1: 0003 003a 00000000
[   10586.225342] /dev/input/event1: 0003 0039 ffffffff
[   10586.225342] /dev/input/event1: 0000 0000 00000000
[   10586.762106] /dev/input/event1: 0003 0039 00000000
[   10586.762106] /dev/input/event1: 0003 0030 000004c4
[   10586.762106] /dev/input/event1: 0003 003a 00000081
[   10586.762106] /dev/input/event1: 0003 0035 00006887
[   10586.762106] /dev/input/event1: 0003 0036 00006776
[   10586.762106] /dev/input/event1: 0000 0000 00000000
[   10586.857303] /dev/input/event1: 0003 003a 00000000
[   10586.857303] /dev/input/event1: 0003 0039 ffffffff
[   10586.857303] /dev/input/event1: 0000 0000 00000000
[   10587.642754] /dev/input/event1: 0003 0039 00000000
[   10587.642754] /dev/input/event1: 0003 0030 000004c5
[   10587.642754] /dev/input/event1: 0003 003a 00000081
[   10587.642754] /dev/input/event1: 0003 0035 0000771b
[   10587.642754] /dev/input/event1: 0003 0036 00004f65
[   10587.642754] /dev/input/event1: 0000 0000 00000000
[   10587.761493] /dev/input/event1: 0003 003a 00000000
[   10587.761493] /dev/input/event1: 0003 0039 ffffffff
[   10587.761493] /dev/input/event1: 0000 0000 00000000
[   10588.434918] /dev/input/event1: 0003 0039 00000000
[   10588.434918] /dev/input/event1: 0003 0030 000004c6
[   10588.434918] /dev/input/event1: 0003 003a 00000081
[   10588.434918] /dev/input/event1: 0003 0035 00004cea
[   10588.434918] /dev/input/event1: 0003 0036 00004e98
[   10588.434918] /dev/input/event1: 0000 0000 00000000
[   10588.489284] /dev/input/event1: 0003 0036 00004ecc
[   10588.489284] /dev/input/event1: 0000 0000 00000000
[   10588.497191] /dev/input/event1: 0003 0036 00004eee
[   10588.497191] /dev/input/event1: 0000 0000 00000000
[   10588.529260] /dev/input/event1: 0003 0036 00004f10
[   10588.529260] /dev/input/event1: 0000 0000 00000000
[   10588.545401] /dev/input/event1: 0003 003a 00000000
[   10588.545401] /dev/input/event1: 0003 0039 ffffffff
[   10588.545401] /dev/input/event1: 0000 0000 00000000
[   10589.714826] /dev/input/event1: 0003 0039 00000000
[   10589.714826] /dev/input/event1: 0003 0030 000004c7
[   10589.714826] /dev/input/event1: 0003 003a 00000081
[   10589.714826] /dev/input/event1: 0003 0035 00007683
[   10589.714826] /dev/input/event1: 0003 0036 00006665
[   10589.714826] /dev/input/event1: 0000 0000 00000000
[   10589.809724] /dev/input/event1: 0003 0035 00007647
[   10589.809724] /dev/input/event1: 0003 0036 00006632
[   10589.809724] /dev/input/event1: 0000 0000 00000000
[   10589.817455] /dev/input/event1: 0003 0035 0000760a
[   10589.817455] /dev/input/event1: 0003 0036 000065ee
[   10589.817455] /dev/input/event1: 0000 0000 00000000
[   10589.817707] /dev/input/event1: 0003 003a 00000000
[   10589.817707] /dev/input/event1: 0003 0039 ffffffff
[   10589.817707] /dev/input/event1: 0000 0000 00000000
[   10590.434717] /dev/input/event1: 0003 0039 00000000
[   10590.434717] /dev/input/event1: 0003 0030 000004c8
[   10590.434717] /dev/input/event1: 0003 003a 00000081
[   10590.434717] /dev/input/event1: 0003 0035 00005536
[   10590.434717] /dev/input/event1: 0003 0036 00004f43
[   10590.434717] /dev/input/event1: 0000 0000 00000000
[   10590.513901] /dev/input/event1: 0003 003a 00000000
[   10590.513901] /dev/input/event1: 0003 0039 ffffffff
[   10590.513901] /dev/input/event1: 0000 0000 00000000
[   10591.274866] /dev/input/event1: 0003 0039 00000000
[   10591.274866] /dev/input/event1: 0003 0030 000004c9
[   10591.274866] /dev/input/event1: 0003 003a 00000081
[   10591.274866] /dev/input/event1: 0003 0035 0000395c
[   10591.274866] /dev/input/event1: 0003 0036 00005054
[   10591.274866] /dev/input/event1: 0000 0000 00000000
[   10591.362002] /dev/input/event1: 0003 003a 00000000
[   10591.362002] /dev/input/event1: 0003 0039 ffffffff
[   10591.362002] /dev/input/event1: 0000 0000 00000000
[   10592.083114] /dev/input/event1: 0003 0039 00000000
[   10592.083114] /dev/input/event1: 0003 0030 000004ca
[   10592.083114] /dev/input/event1: 0003 003a 00000081
[   10592.083114] /dev/input/event1: 0003 0035 0000238d
[   10592.083114] /dev/input/event1: 0003 0036 00005076
[   10592.083114] /dev/input/event1: 0000 0000 00000000
[   10592.194071] /dev/input/event1: 0003 003a 00000000
[   10592.194071] /dev/input/event1: 0003 0039 ffffffff
[   10592.194071] /dev/input/event1: 0000 0000 00000000
[   10593.258754] /dev/input/event1: 0003 0039 00000000
[   10593.258754] /dev/input/event1: 0003 0030 000004cb
[   10593.258754] /dev/input/event1: 0003 003a 00000081
[   10593.258754] /dev/input/event1: 0003 0035 00002cea
[   10593.258754] /dev/input/event1: 0003 0036 00005198
[   10593.258754] /dev/input/event1: 0000 0000 00000000
[   10593.426774] /dev/input/event1: 0003 003a 00000000
[   10593.426774] /dev/input/event1: 0003 0039 ffffffff
[   10593.426774] /dev/input/event1: 0000 0000 00000000
[   10598.643937] /dev/input/event1: 0003 0039 00000000
[   10598.643937] /dev/input/event1: 0003 0030 000004cc
[   10598.643937] /dev/input/event1: 0003 003a 00000081
[   10598.643937] /dev/input/event1: 0003 0035 00002cae
[   10598.643937] /dev/input/event1: 0003 0036 00001e32
[   10598.643937] /dev/input/event1: 0000 0000 00000000
[   10598.778619] /dev/input/event1: 0003 0035 00002c16
[   10598.778619] /dev/input/event1: 0000 0000 00000000
[   10598.794826] /dev/input/event1: 0003 003a 00000000
[   10598.794826] /dev/input/event1: 0003 0039 ffffffff
[   10598.794826] /dev/input/event1: 0000 0000 00000000
[   10600.052276] /dev/input/event1: 0003 0039 00000000
[   10600.052276] /dev/input/event1: 0003 0030 000004cd
[   10600.052276] /dev/input/event1: 0003 003a 00000081
[   10600.052276] /dev/input/event1: 0003 0035 00002999
[   10600.052276] /dev/input/event1: 0003 0036 000057ee
[   10600.052276] /dev/input/event1: 0000 0000 00000000
[   10600.162753] /dev/input/event1: 0003 0035 0000295c
[   10600.162753] /dev/input/event1: 0003 0036 00005843
[   10600.162753] /dev/input/event1: 0000 0000 00000000
[   10600.170852] /dev/input/event1: 0003 0035 00002888
[   10600.170852] /dev/input/event1: 0003 0036 000058bb
[   10600.170852] /dev/input/event1: 0000 0000 00000000
[   10600.178812] /dev/input/event1: 0003 0035 000027b3
[   10600.178812] /dev/input/event1: 0003 0036 00005932
[   10600.178812] /dev/input/event1: 0000 0000 00000000
[   10600.179016] /dev/input/event1: 0003 003a 00000000
[   10600.179016] /dev/input/event1: 0003 0039 ffffffff
[   10600.179016] /dev/input/event1: 0000 0000 00000000
[   10600.851718] /dev/input/event1: 0003 0039 00000000
[   10600.851718] /dev/input/event1: 0003 0030 000004ce
[   10600.851718] /dev/input/event1: 0003 003a 00000081
[   10600.851718] /dev/input/event1: 0003 0035 0000114d
[   10600.851718] /dev/input/event1: 0003 0036 00006f10
[   10600.851718] /dev/input/event1: 0000 0000 00000000
[   10600.971107] /dev/input/event1: 0003 003a 00000000
[   10600.971107] /dev/input/event1: 0003 0039 ffffffff
[   10600.971107] /dev/input/event1: 0000 0000 00000000
[   10601.403686] /dev/input/event1: 0003 0039 00000000
[   10601.403686] /dev/input/event1: 0003 0030 000004cf
[   10601.403686] /dev/input/event1: 0003 003a 00000081
[   10601.403686] /dev/input/event1: 0000 0000 00000000
[   10601.515213] /dev/input/event1: 0003 003a 00000000
[   10601.515213] /dev/input/event1: 0003 0039 ffffffff
[   10601.515213] /dev/input/event1: 0000 0000 00000000
[   10603.635786] /dev/input/event1: 0003 0039 00000000
[   10603.635786] /dev/input/event1: 0003 0030 000004d0
[   10603.635786] /dev/input/event1: 0003 003a 00000081
[   10603.635786] /dev/input/event1: 0000 0000 00000000
[   10603.787464] /dev/input/event1: 0003 003a 00000000
[   10603.787464] /dev/input/event1: 0003 0039 ffffffff
[   10603.787464] /dev/input/event1: 0000 0000 00000000
[   10604.155855] /dev/input/event1: 0003 0039 00000000
[   10604.155855] /dev/input/event1: 0003 0030 000004d1
[   10604.155855] /dev/input/event1: 0003 003a 00000081
[   10604.155855] /dev/input/event1: 0000 0000 00000000
[   10604.307474] /dev/input/event1: 0003 003a 00000000
[   10604.307474] /dev/input/event1: 0003 0039 ffffffff
[   10604.307474] /dev/input/event1: 0000 0000 00000000
[   10604.740206] /dev/input/event1: 0003 0039 00000000
[   10604.740206] /dev/input/event1: 0003 0030 000004d2
[   10604.740206] /dev/input/event1: 0003 003a 00000081
[   10604.740206] /dev/input/event1: 0000 0000 00000000
[   10604.867597] /dev/input/event1: 0003 003a 00000000
[   10604.867597] /dev/input/event1: 0003 0039 ffffffff
[   10604.867597] /dev/input/event1: 0000 0000 00000000
[   10614.094058] /dev/input/event1: 00