add device 1: /dev/input/event0
  name:     "Power Button"
add device 2: /dev/input/event1
  name:     "qwerty2"
[  154418.989063] /dev/input/event1: 0003 0039 00000000
[  154418.989063] /dev/input/event1: 0003 0030 0000029f
[  154418.989063] /dev/input/event1: 0003 003a 00000081
[  154418.989063] /dev/input/event1: 0003 0035 00005eee
[  154418.989063] /dev/input/event1: 0003 0036 000072ff
[  154418.989063] /dev/input/event1: 0000 0000 00000000
[  154419.079391] /dev/input/event1: 0003 003a 00000000
[  154419.079391] /dev/input/event1: 0003 0039 ffffffff
[  154419.079391] /dev/input/event1: 0000 0000 00000000
[  154421.316970] /dev/input/event1: 0003 0039 00000000
[  154421.316970] /dev/input/event1: 0003 0030 000002a0
[  154421.316970] /dev/input/event1: 0003 003a 00000081
[  154421.316970] /dev/input/event1: 0003 0035 00006f67
[  154421.316970] /dev/input/event1: 0003 0036 000029cc
[  154421.316970] /dev/input/event1: 0000 0000 00000000
[  154421.406226] /dev/input/event1: 0003 003a 00000000
[  154421.406226] /dev/input/event1: 0003 0039 ffffffff
[  154421.406226] /dev/input/event1: 0000 0000 00000000
[  154424.412171] /dev/input/event1: 0003 0039 00000000
[  154424.412171] /dev/input/event1: 0003 0030 000002a1
[  154424.412171] /dev/input/event1: 0003 003a 00000081
[  154424.412171] /dev/input/event1: 0003 0035 0000603b
[  154424.412171] /dev/input/event1: 0003 0036 000074a9
[  154424.412171] /dev/input/event1: 0000 0000 00000000
[  154424.524148] /dev/input/event1: 0003 003a 00000000
[  154424.524148] /dev/input/event1: 0003 0039 ffffffff
[  154424.524148] /dev/input/event1: 0000 0000 00000000
[  154427.606838] /dev/input/event1: 0003 0039 00000000
[  154427.606838] /dev/input/event1: 0003 0030 000002a2
[  154427.606838] /dev/input/event1: 0003 003a 00000081
[  154427.606838] /dev/input/event1: 0003 0035 000060f1
[  154427.606838] /dev/input/event1: 0003 0036 000073ff
[  154427.606838] /dev/input/event1: 0000 0000 00000000
[  154427.719307] /dev/input/event1: 0003 003a 00000000
[  154427.719307] /dev/input/event1: 0003 0039 ffffffff
[  154427.719307] /dev/input/event1: 0000 0000 00000000
[  154429.935490] /dev/input/event1: 0003 0039 00000000
[  154429.935490] /dev/input/event1: 0003 0030 000002a3
[  154429.935490] /dev/input/event1: 0003 003a 00000081
[  154429.935490] /dev/input/event1: 0003 0035 000070b5
[  154429.935490] /dev/input/event1: 0003 0036 000020cc
[  154429.935490] /dev/input/event1: 0000 0000 00000000
[  154430.036020] /dev/input/event1: 0003 003a 00000000
[  154430.036020] /dev/input/event1: 0003 0039 ffffffff
[  154430.036020] /dev/input/event1: 0000 0000 00000000
[  154432.129225] /dev/input/event1: 0003 0039 00000000
[  154432.129225] /dev/input/event1: 0003 0030 000002a4
[  154432.129225] /dev/input/event1: 0003 003a 00000081
[  154432.129225] /dev/input/event1: 0003 0035 00005fff
[  154432.129225] /dev/input/event1: 0003 0036 00007387
[  154432.129225] /dev/input/event1: 0000 0000 00000000
[  154432.252099] /dev/input/event1: 0003 003a 00000000
[  154432.252099] /dev/input/event1: 0003 0039 ffffffff
[  154432.252099] /dev/input/event1: 0000 0000 00000000
[  154435.370641] /dev/input/event1: 0003 0039 00000000
[  154435.370641] /dev/input/event1: 0003 0030 000002a5
[  154435.370641] /dev/input/event1: 0003 003a 00000081
[  154435.370641] /dev/input/event1: 0003 0035 00005eb1
[  154435.370641] /dev/input/event1: 0000 0000 00000000
[  154435.491212] /dev/input/event1: 0003 003a 00000000
[  154435.491212] /dev/input/event1: 0003 0039 ffffffff
[  154435.491212] /dev/input/event1: 0000 0000 00000000
[  154438.046449] /dev/input/event1: 0003 0039 00000000
[  154438.046449] /dev/input/event1: 0003 0030 000002a6
[  154438.046449] /dev/input/event1: 0003 003a 00000081
[  154438.046449] /dev/input/event1: 0003 0035 00005e38
[  154438.046449] /dev/input/event1: 0003 0036 00004887
[  154438.046449] /dev/input/event1: 0000 0000 00000000
[  154438.181682] /dev/input/event1: 0003 003a 00000000
[  154438.181682] /dev/input/event1: 0003 0039 ffffffff
[  154438.181682] /dev/input/event1: 0000 0000 00000000
[  154443.773791] /dev/input/event1: 0003 0039 00000000
[  154443.773791] /dev/input/event1: 0003 0030 000002a7
[  154443.773791] /dev/input/event1: 0003 003a 00000081
[  154443.773791] /dev/input/event1: 0003 0035 00006f2a
[  154443.773791] /dev/input/event1: 0003 0036 00006e87
[  154443.773791] /dev/input/event1: 0000 0000 00000000
[  154443.906333] /dev/input/event1: 0003 003a 00000000
[  154443.906333] /dev/input/event1: 0003 0039 ffffffff
[  154443.906333] /dev/input/event1: 0000 0000 00000000
[  154447.305888] /dev/input/event1: 0003 0039 00000000
[  154447.305888] /dev/input/event1: 0003 0030 000002a8
[  154447.305888] /dev/input/event1: 0003 003a 00000081
[  154447.305888] /dev/input/event1: 0003 0035 00000999
[  154447.305888] /dev/input/event1: 0003 0036 00000888
[  154447.305888] /dev/input/event1: 0000 0000 00000000
[  154447.451215] /dev/input/event1: 0003 003a 00000000
[  154447.451215] /dev/input/event1: 0003 0039 ffffffff
[  154447.451215] /dev/input/event1: 0000 0000 00000000
[  154449.542607] /dev/input/event1: 0003 0039 00000000
[  154449.542607] /dev/input/event1: 0003 0030 000002a9
[  154449.542607] /dev/input/event1: 0003 003a 00000081
[  154449.542607] /dev/input/event1: 0000 0000 00000000
[  154449.667285] /dev/input/event1: 0003 003a 00000000
[  154449.667285] /dev/input/event1: 0003 0039 ffffffff
[  154449.667285] /dev/input/event1: 0000 0000 00000000
[  154451.828159] /dev/input/event1: 0003 0039 00000000
[  154451.828159] /dev/input/event1: 0003 0030 000002aa
[  154451.828159] /dev/input/event1: 0003 003a 00000081
[  154451.828159] /dev/input/event1: 0003 0035 00002ddd
[  154451.828159] /dev/input/event1: 0003 0036 00002dff
[  154451.828159] /dev/input/event1: 0000 0000 00000000
[  154452.107340] /dev/input/event1: 0003 003a 00000000
[  154452.107340] /dev/input/event1: 0003 0039 ffffffff
[  154452.107340] /dev/input/event1: 0000 0000 00000000
[  154452.322019] /dev/input/event1: 0003 0039 00000000
[  154452.322019] /dev/input/event1: 0003 0030 000002ab
[  154452.322019] /dev/input/event1: 0003 003a 00000081
[  154452.322019] /dev/input/event1: 0000 0000 00000000
[  154452.427989] /dev/input/event1: 0003 003a 00000000
[  154452.427989] /dev/input/event1: 0003 0039 ffffffff
[  154452.427989] /dev/input/event1: 0000 0000 00000000
[  154454.709504] /dev/input/event1: 0003 0039 00000000
[  154454.709504] /dev/input/event1: 0003 0030 000002ac
[  154454.709504] /dev/input/event1: 0003 003a 00000081
[  154454.709504] /dev/input/event1: 0003 0035 0000784a
[  154454.709504] /dev/input/event1: 0003 0036 00000922
[  154454.709504] /dev/input/event1: 0000 0000 00000000
[  154454.832385] /dev/input/event1: 0003 003a 00000000
[  154454.832385] /dev/input/event1: 0003 0039 ffffffff
[  154454.832385] /dev/input/event1: 0000 0000 00000000
[  154458.229516] /dev/input/event1: 0003 0039 00000000
[  154458.229516] /dev/input/event1: 0003 0030 000002ad
[  154458.229516] /dev/input/event1: 0003 003a 00000081
[  154458.229516] /dev/input/event1: 0003 0035 0000080f
[  154458.229516] /dev/input/event1: 0003 0036 00000988
[  154458.229516] /dev/input/event1: 0000 0000 00000000
[  154458.364058] /dev/input/event1: 0003 003a 00000000
[  154458.364058] /dev/input/event1: 0003 0039 ffffffff
[  154458.364058] /dev/input/event1: 0000 0000 00000000
[  154459.556494] /dev/input/event1: 0003 0039 00000000
[  154459.556494] /dev/input/event1: 0003 0030 000002ae
[  154459.556494] /dev/input/event1: 0003 003a 00000081
[  154459.556494] /dev/input/event1: 0000 0000 00000000
[  154459.690265] /dev/input/event1: 0003 003a 00000000
[  154459.690265] /dev/input/event1: 0003 0039 ffffffff
[  154459.690265] /dev/input/event1: 0000 0000 00000000