add device 1: /dev/input/event0
  name:     "Power Button"
add device 2: /dev/input/event1
  name:     "qwerty2"
[   19252.528881] /dev/input/event1: 0003 0039 00000000
[   19252.528881] /dev/input/event1: 0003 0030 000000d2
[   19252.528881] /dev/input/event1: 0003 003a 00000081
[   19252.528881] /dev/input/event1: 0003 0035 00005fff
[   19252.528881] /dev/input/event1: 0003 0036 000072ff
[   19252.528881] /dev/input/event1: 0000 0000 00000000
[   19252.641988] /dev/input/event1: 0003 003a 00000000
[   19252.641988] /dev/input/event1: 0003 0039 ffffffff
[   19252.641988] /dev/input/event1: 0000 0000 00000000
[   19255.893257] /dev/input/event1: 0003 0039 00000000
[   19255.893257] /dev/input/event1: 0003 0030 000000d3
[   19255.893257] /dev/input/event1: 0003 003a 00000081
[   19255.893257] /dev/input/event1: 0003 0035 000062b9
[   19255.893257] /dev/input/event1: 0003 0036 000073a9
[   19255.893257] /dev/input/event1: 0000 0000 00000000
[   19255.993547] /dev/input/event1: 0003 003a 00000000
[   19255.993547] /dev/input/event1: 0003 0039 ffffffff
[   19255.993547] /dev/input/event1: 0000 0000 00000000
[   19259.053755] /dev/input/event1: 0003 0039 00000000
[   19259.053755] /dev/input/event1: 0003 0030 000000d4
[   19259.053755] /dev/input/event1: 0003 003a 00000081
[   19259.053755] /dev/input/event1: 0003 0035 000061c6
[   19259.053755] /dev/input/event1: 0003 0036 00007387
[   19259.053755] /dev/input/event1: 0000 0000 00000000
[   19259.177153] /dev/input/event1: 0003 003a 00000000
[   19259.177153] /dev/input/event1: 0003 0039 ffffffff
[   19259.177153] /dev/input/event1: 0000 0000 00000000
[   19261.224465] /dev/input/event1: 0003 0039 00000000
[   19261.224465] /dev/input/event1: 0003 0030 000000d5
[   19261.224465] /dev/input/event1: 0003 003a 00000081
[   19261.224465] /dev/input/event1: 0003 0035 00007078
[   19261.224465] /dev/input/event1: 0003 0036 00002066
[   19261.224465] /dev/input/event1: 0000 0000 00000000
[   19261.369920] /dev/input/event1: 0003 003a 00000000
[   19261.369920] /dev/input/event1: 0003 0039 ffffffff
[   19261.369920] /dev/input/event1: 0000 0000 00000000
[   19264.983007] /dev/input/event1: 0003 0039 00000000
[   19264.983007] /dev/input/event1: 0003 0030 000000d6
[   19264.983007] /dev/input/event1: 0003 003a 00000081
[   19264.983007] /dev/input/event1: 0003 0035 00005d27
[   19264.983007] /dev/input/event1: 0003 0036 00007487
[   19264.983007] /dev/input/event1: 0000 0000 00000000
[   19265.084543] /dev/input/event1: 0003 003a 00000000
[   19265.084543] /dev/input/event1: 0003 0039 ffffffff
[   19265.084543] /dev/input/event1: 0000 0000 00000000
[   19266.445572] /dev/input/event1: 0003 0039 00000000
[   19266.445572] /dev/input/event1: 0003 0030 000000d7
[   19266.445572] /dev/input/event1: 0003 003a 00000081
[   19266.445572] /dev/input/event1: 0003 0036 00007365
[   19266.445572] /dev/input/event1: 0000 0000 00000000
[   19266.569213] /dev/input/event1: 0003 003a 00000000
[   19266.569213] /dev/input/event1: 0003 0039 ffffffff
[   19266.569213] /dev/input/event1: 0000 0000 00000000
[   19268.098945] /dev/input/event1: 0003 0039 00000000
[   19268.098945] /dev/input/event1: 0003 0030 000000d8
[   19268.098945] /dev/input/event1: 0003 003a 00000081
[   19268.098945] /dev/input/event1: 0003 0035 00005fa4
[   19268.098945] /dev/input/event1: 0003 0036 000048aa
[   19268.098945] /dev/input/event1: 0000 0000 00000000
[   19268.199837] /dev/input/event1: 0003 003a 00000000
[   19268.199837] /dev/input/event1: 0003 0039 ffffffff
[   19268.199837] /dev/input/event1: 0000 0000 00000000
[   19272.115506] /dev/input/event1: 0003 0039 00000000
[   19272.115506] /dev/input/event1: 0003 0030 000000d9
[   19272.115506] /dev/input/event1: 0003 003a 00000081
[   19272.115506] /dev/input/event1: 0003 0035 0000084b
[   19272.115506] /dev/input/event1: 0003 0036 00000922
[   19272.115506] /dev/input/event1: 0000 0000 00000000
[   19272.238041] /dev/input/event1: 0003 003a 00000000
[   19272.238041] /dev/input/event1: 0003 0039 ffffffff
[   19272.238041] /dev/input/event1: 0000 0000 00000000
[   19278.268431] /dev/input/event1: 0003 0039 00000000
[   19278.268431] /dev/input/event1: 0003 0030 000000da
[   19278.268431] /dev/input/event1: 0003 003a 00000081
[   19278.268431] /dev/input/event1: 0003 0035 00001eee
[   19278.268431] /dev/input/event1: 0003 0036 000063ff
[   19278.268431] /dev/input/event1: 0000 0000 00000000
[   19278.390801] /dev/input/event1: 0003 003a 00000000
[   19278.390801] /dev/input/event1: 0003 0039 ffffffff
[   19278.390801] /dev/input/event1: 0000 0000 00000000
[   19280.922780] /dev/input/event1: 0003 0039 00000000
[   19280.922780] /dev/input/event1: 0003 0030 000000db
[   19280.922780] /dev/input/event1: 0003 003a 00000081
[   19280.922780] /dev/input/event1: 0003 0035 00002555
[   19280.922780] /dev/input/event1: 0003 0036 00002fcc
[   19280.922780] /dev/input/event1: 0000 0000 00000000
[   19281.035314] /dev/input/event1: 0003 003a 00000000
[   19281.035314] /dev/input/event1: 0003 0039 ffffffff
[   19281.035314] /dev/input/event1: 0000 0000 00000000
[   19283.961268] /dev/input/event1: 0003 0039 00000000
[   19283.961268] /dev/input/event1: 0003 0030 000000dc
[   19283.961268] /dev/input/event1: 0003 003a 00000081
[   19283.961268] /dev/input/event1: 0003 0035 00006d26
[   19283.961268] /dev/input/event1: 0003 0036 000032ff
[   19283.961268] /dev/input/event1: 0000 0000 00000000
[   19284.062105] /dev/input/event1: 0003 003a 00000000
[   19284.062105] /dev/input/event1: 0003 0039 ffffffff
[   19284.062105] /dev/input/event1: 0000 0000 00000000
[   19288.056247] /dev/input/event1: 0003 0039 00000000
[   19288.056247] /dev/input/event1: 0003 0030 000000dd
[   19288.056247] /dev/input/event1: 0003 003a 00000081
[   19288.056247] /dev/input/event1: 0003 0035 00000795
[   19288.056247] /dev/input/event1: 0003 0036 00000888
[   19288.056247] /dev/input/event1: 0000 0000 00000000
[   19288.157264] /dev/input/event1: 0003 003a 00000000
[   19288.157264] /dev/input/event1: 0003 0039 ffffffff
[   19288.157264] /dev/input/event1: 0000 0000 00000000