add device 1: /dev/input/event0
  name:     "Power Button"
add device 2: /dev/input/event1
  name:     "qwerty2"
[   24179.624418] /dev/input/event1: 0003 0039 00000000
[   24179.624418] /dev/input/event1: 0003 0030 00000324
[   24179.624418] /dev/input/event1: 0003 003a 00000081
[   24179.624418] /dev/input/event1: 0003 0035 0000616b
[   24179.624418] /dev/input/event1: 0003 0036 000073ff
[   24179.624418] /dev/input/event1: 0000 0000 00000000
[   24179.748016] /dev/input/event1: 0003 003a 00000000
[   24179.748016] /dev/input/event1: 0003 0039 ffffffff
[   24179.748016] /dev/input/event1: 0000 0000 00000000
[   24181.389659] /dev/input/event1: 0003 0039 00000000
[   24181.389659] /dev/input/event1: 0003 0030 00000325
[   24181.389659] /dev/input/event1: 0003 003a 00000081
[   24181.389659] /dev/input/event1: 0003 0035 0000612e
[   24181.389659] /dev/input/event1: 0003 0036 00007343
[   24181.389659] /dev/input/event1: 0000 0000 00000000
[   24181.502836] /dev/input/event1: 0003 003a 00000000
[   24181.502836] /dev/input/event1: 0003 0039 ffffffff
[   24181.502836] /dev/input/event1: 0000 0000 00000000
[   24183.607323] /dev/input/event1: 0003 0039 00000000
[   24183.607323] /dev/input/event1: 0003 0030 00000326
[   24183.607323] /dev/input/event1: 0003 003a 00000081
[   24183.607323] /dev/input/event1: 0003 0035 000060b5
[   24183.607323] /dev/input/event1: 0003 0036 00007321
[   24183.607323] /dev/input/event1: 0000 0000 00000000
[   24183.707046] /dev/input/event1: 0003 003a 00000000
[   24183.707046] /dev/input/event1: 0003 0039 ffffffff
[   24183.707046] /dev/input/event1: 0000 0000 00000000
[   24185.776762] /dev/input/event1: 0003 0039 00000000
[   24185.776762] /dev/input/event1: 0003 0030 00000327
[   24185.776762] /dev/input/event1: 0003 003a 00000081
[   24185.776762] /dev/input/event1: 0003 0035 00006fff
[   24185.776762] /dev/input/event1: 0003 0036 000029cc
[   24185.776762] /dev/input/event1: 0000 0000 00000000
[   24185.899842] /dev/input/event1: 0003 003a 00000000
[   24185.899842] /dev/input/event1: 0003 0039 ffffffff
[   24185.899842] /dev/input/event1: 0000 0000 00000000
[   24187.744809] /dev/input/event1: 0003 0039 00000000
[   24187.744809] /dev/input/event1: 0003 0030 00000328
[   24187.744809] /dev/input/event1: 0003 003a 00000081
[   24187.744809] /dev/input/event1: 0003 0035 0000612e
[   24187.744809] /dev/input/event1: 0003 0036 00007343
[   24187.744809] /dev/input/event1: 0000 0000 00000000
[   24187.846177] /dev/input/event1: 0003 003a 00000000
[   24187.846177] /dev/input/event1: 0003 0039 ffffffff
[   24187.846177] /dev/input/event1: 0000 0000 00000000
[   24189.321003] /dev/input/event1: 0003 0039 00000000
[   24189.321003] /dev/input/event1: 0003 0030 00000329
[   24189.321003] /dev/input/event1: 0003 003a 00000081
[   24189.321003] /dev/input/event1: 0003 0035 000060f1
[   24189.321003] /dev/input/event1: 0000 0000 00000000
[   24189.433274] /dev/input/event1: 0003 003a 00000000
[   24189.433274] /dev/input/event1: 0003 0039 ffffffff
[   24189.433274] /dev/input/event1: 0000 0000 00000000
[   24191.032018] /dev/input/event1: 0003 0039 00000000
[   24191.032018] /dev/input/event1: 0003 0030 0000032a
[   24191.032018] /dev/input/event1: 0003 003a 00000081
[   24191.032018] /dev/input/event1: 0003 0035 00005eb1
[   24191.032018] /dev/input/event1: 0003 0036 000048cc
[   24191.032018] /dev/input/event1: 0000 0000 00000000
[   24191.154429] /dev/input/event1: 0003 003a 00000000
[   24191.154429] /dev/input/event1: 0003 0039 ffffffff
[   24191.154429] /dev/input/event1: 0000 0000 00000000
[   24194.461348] /dev/input/event1: 0003 0039 00000000
[   24194.461348] /dev/input/event1: 0003 0030 0000032b
[   24194.461348] /dev/input/event1: 0003 003a 00000081
[   24194.461348] /dev/input/event1: 0003 0035 00003f2b
[   24194.461348] /dev/input/event1: 0003 0036 00001e66
[   24194.461348] /dev/input/event1: 0000 0000 00000000
[   24194.607758] /dev/input/event1: 0003 003a 00000000
[   24194.607758] /dev/input/event1: 0003 0039 ffffffff
[   24194.607758] /dev/input/event1: 0000 0000 00000000
[   24196.633107] /dev/input/event1: 0003 0039 00000000
[   24196.633107] /dev/input/event1: 0003 0030 0000032c
[   24196.633107] /dev/input/event1: 0003 003a 00000081
[   24196.633107] /dev/input/event1: 0003 0035 00003a4f
[   24196.633107] /dev/input/event1: 0003 0036 00001e88
[   24196.633107] /dev/input/event1: 0000 0000 00000000
[   24196.756072] /dev/input/event1: 0003 003a 00000000
[   24196.756072] /dev/input/event1: 0003 0039 ffffffff
[   24196.756072] /dev/input/event1: 0000 0000 00000000
[   24198.579518] /dev/input/event1: 0003 0039 00000000
[   24198.579518] /dev/input/event1: 0003 0030 0000032d
[   24198.579518] /dev/input/event1: 0003 003a 00000081
[   24198.579518] /dev/input/event1: 0003 0035 00003ae6
[   24198.579518] /dev/input/event1: 0003 0036 00001e21
[   24198.579518] /dev/input/event1: 0000 0000 00000000
[   24198.702563] /dev/input/event1: 0003 003a 00000000
[   24198.702563] /dev/input/event1: 0003 0039 ffffffff
[   24198.702563] /dev/input/event1: 0000 0000 00000000
[   24200.829948] /dev/input/event1: 0003 0039 00000000
[   24200.829948] /dev/input/event1: 0003 0030 0000032e
[   24200.829948] /dev/input/event1: 0003 003a 00000081
[   24200.829948] /dev/input/event1: 0003 0035 0000703b
[   24200.829948] /dev/input/event1: 0003 0036 00006fff
[   24200.829948] /dev/input/event1: 0000 0000 00000000
[   24200.964325] /dev/input/event1: 0003 003a 00000000
[   24200.964325] /dev/input/event1: 0003 0039 ffffffff
[   24200.964325] /dev/input/event1: 0000 0000 00000000
[   24203.440172] /dev/input/event1: 0003 0039 00000000
[   24203.440172] /dev/input/event1: 0003 0030 0000032f
[   24203.440172] /dev/input/event1: 0003 003a 00000081
[   24203.440172] /dev/input/event1: 0003 0035 00003a12
[   24203.440172] /dev/input/event1: 0003 0036 00004f87
[   24203.440172] /dev/input/event1: 0000 0000 00000000
[   24203.528437] /dev/input/event1: 0003 003a 00000000
[   24203.528437] /dev/input/event1: 0003 0039 ffffffff
[   24203.528437] /dev/input/event1: 0000 0000 00000000
[   24204.655268] /dev/input/event1: 0003 0039 00000000
[   24204.655268] /dev/input/event1: 0003 0030 00000330
[   24204.655268] /dev/input/event1: 0003 003a 00000081
[   24204.655268] /dev/input/event1: 0003 0035 0000203c
[   24204.655268] /dev/input/event1: 0003 0036 000050cc
[   24204.655268] /dev/input/event1: 0000 0000 00000000
[   24204.743402] /dev/input/event1: 0003 003a 00000000
[   24204.743402] /dev/input/event1: 0003 0039 ffffffff
[   24204.743402] /dev/input/event1: 0000 0000 00000000
[   24205.713252] /dev/input/event1: 0003 0039 00000000
[   24205.713252] /dev/input/event1: 0003 0030 00000331
[   24205.713252] /dev/input/event1: 0003 003a 00000081
[   24205.713252] /dev/input/event1: 0003 0035 00001aaa
[   24205.713252] /dev/input/event1: 0003 0036 00005acc
[   24205.713252] /dev/input/event1: 0000 0000 00000000
[   24205.790060] /dev/input/event1: 0003 003a 00000000
[   24205.790060] /dev/input/event1: 0003 0039 ffffffff
[   24205.790060] /dev/input/event1: 0000 0000 00000000
[   24206.939193] /dev/input/event1: 0003 0039 00000000
[   24206.939193] /dev/input/event1: 0003 0030 00000332
[   24206.939193] /dev/input/event1: 0003 003a 00000081
[   24206.939193] /dev/input/event1: 0003 0035 0000391f
[   24206.939193] /dev/input/event1: 0003 0036 00005087
[   24206.939193] /dev/input/event1: 0000 0000 00000000
[   24207.052092] /dev/input/event1: 0003 003a 00000000
[   24207.052092] /dev/input/event1: 0003 0039 ffffffff
[   24207.052092] /dev/input/event1: 0000 0000 00000000
[   24208.345137] /dev/input/event1: 0003 0039 00000000
[   24208.345137] /dev/input/event1: 0003 0030 00000333
[   24208.345137] /dev/input/event1: 0003 003a 00000081
[   24208.345137] /dev/input/event1: 0003 0035 000028e3
[   24208.345137] /dev/input/event1: 0003 0036 00001f44
[   24208.345137] /dev/input/event1: 0000 0000 00000000
[   24208.447147] /dev/input/event1: 0003 003a 00000000
[   24208.447147] /dev/input/event1: 0003 0039 ffffffff
[   24208.447147] /dev/input/event1: 0000 0000 00000000
[   24210.640968] /dev/input/event1: 0003 0039 00000000
[   24210.640968] /dev/input/event1: 0003 0030 00000334
[   24210.640968] /dev/input/event1: 0003 003a 00000081
[   24210.640968] /dev/input/event1: 0003 0035 00000ceb
[   24210.640968] /dev/input/event1: 0003 0036 000067a9
[   24210.640968] /dev/input/event1: 0000 0000 00000000
[   24210.751482] /dev/input/event1: 0003 003a 00000000
[   24210.751482] /dev/input/event1: 0003 0039 ffffffff
[   24210.751482] /dev/input/event1: 0000 0000 00000000
[   24211.641309] /dev/input/event1: 0003 0039 00000000
[   24211.641309] /dev/input/event1: 0003 0030 00000335
[   24211.641309] /dev/input/event1: 0003 003a 00000081
[   24211.641309] /dev/input/event1: 0003 0035 00000eee
[   24211.641309] /dev/input/event1: 0003 0036 00007321
[   24211.641309] /dev/input/event1: 0000 0000 00000000
[   24211.764313] /dev/input/event1: 0003 003a 00000000
[   24211.764313] /dev/input/event1: 0003 0039 ffffffff
[   24211.764313] /dev/input/event1: 0000 0000 00000000
[   24212.821604] /dev/input/event1: 0003 0039 00000000
[   24212.821604] /dev/input/event1: 0003 0030 00000336
[   24212.821604] /dev/input/event1: 0003 003a 00000081
[   24212.821604] /dev/input/event1: 0003 0035 0000103c
[   24212.821604] /dev/input/event1: 0003 0036 000072cb
[   24212.821604] /dev/input/event1: 0000 0000 00000000
[   24212.935271] /dev/input/event1: 0003 003a 00000000
[   24212.935271] /dev/input/event1: 0003 0039 ffffffff
[   24212.935271] /dev/input/event1: 0000 0000 00000000
[   24215.015858] /dev/input/event1: 0003 0039 00000000
[   24215.015858] /dev/input/event1: 0003 0030 00000337
[   24215.015858] /dev/input/event1: 0003 003a 00000081
[   24215.015858] /dev/input/event1: 0003 0035 000074f9
[   24215.015858] /dev/input/event1: 0003 0036 00000a22
[   24215.015858] /dev/input/event1: 0000 0000 00000000
[   24215.129319] /dev/input/event1: 0003 003a 00000000
[   24215.129319] /dev/input/event1: 0003 0039 ffffffff
[   24215.129319] /dev/input/event1: 0000 0000 00000000
[   24219.483142] /dev/input/event1: 0003 0039 00000000
[   24219.483142] /dev/input/event1: 0003 0030 00000338
[   24219.483142] /dev/input/event1: 0003 003a 00000081
[   24219.483142] /dev/input/event1: 0003 0035 000008e3
[   24219.483142] /dev/input/event1: 0003 0036 00000944
[   24219.483142] /dev/input/event1: 0000 0000 00000000
[   24219.617422] /dev/input/event1: 0003 003a 00000000
[   24219.617422] /dev/input/event1: 0003 0039 ffffffff
[   24219.617422] /dev/input/event1: 0000 0000 00000000
[   24222.159821] /dev/input/event1: 0003 0039 00000000
[   24222.159821] /dev/input/event1: 0003 0030 00000339
[   24222.159821] /dev/input/event1: 0003 003a 00000081
[   24222.159821] /dev/input/event1: 0003 0035 00001eee
[   24222.159821] /dev/input/event1: 0003 0036 00005143
[   24222.159821] /dev/input/event1: 0000 0000 00000000
[   24222.271336] /dev/input/event1: 0003 003a 00000000
[   24222.271336] /dev/input/event1: 0003 0039 ffffffff
[   24222.271336] /dev/input/event1: 0000 0000 00000000
[   24225.749403] /dev/input/event1: 0003 0039 00000000
[   24225.749403] /dev/input/event1: 0003 0030 0000033a
[   24225.749403] /dev/input/event1: 0003 003a 00000081
[   24225.749403] /dev/input/event1: 0003 0035 00007480
[   24225.749403] /dev/input/event1: 0003 0036 00001566
[   24225.749403] /dev/input/event1: 0000 0000 00000000
[   24225.884194] /dev/input/event1: 0003 003a 00000000
[   24225.884194] /dev/input/event1: 0003 0039 ffffffff
[   24225.884194] /dev/input/event1: 0000 0000 00000000
[   24227.784753] /dev/input/event1: 0003 0039 00000000
[   24227.784753] /dev/input/event1: 0003 0030 0000033b
[   24227.784753] /dev/input/event1: 0003 003a 00000081
[   24227.784753] /dev/input/event1: 0003 0035 0000395c
[   24227.784753] /dev/input/event1: 0003 0036 000024ff
[   24227.784753] /dev/input/event1: 0000 0000 00000000
[   24227.885210] /dev/input/event1: 0003 003a 00000000
[   24227.885210] /dev/input/event1: 0003 0039 ffffffff
[   24227.885210] /dev/input/event1: 0000 0000 00000000
[    3223.444172] /dev/input/event1: 0003 0039 00000000
[    3223.444172] /dev/input/event1: 0003 0030 0000020e
[    3223.444172] /dev/input/event1: 0003 003a 00000081
[    3223.444172] /dev/input/event1: 0003 0035 000036c0
[    3223.444172] /dev/input/event1: 0003 0036 00004265
[    3223.444172] /dev/input/event1: 0000 0000 00000000
[    3223.567925] /dev/input/event1: 0003 003a 00000000
[    3223.567925] /dev/input/event1: 0003 0039 ffffffff
[    3223.567925] /dev/input/event1: 0000 0000 00000000
[    3227.100966] /dev/input/event1: 0003 0039 00000000
[    3227.100966] /dev/input/event1: 0003 0030 0000020f
[    3227.100966] /dev/input/event1: 0003 003a 00000081
[    3227.100966] /dev/input/event1: 0003 0035 000008e3
[    3227.100966] /dev/input/event1: 0003 0036 00003a21
[    3227.100966] /dev/input/event1: 0000 0000 00000000
[    3227.222825] /dev/input/event1: 0003 003a 00000000
[    3227.222825] /dev/input/event1: 0003 0039 ffffffff
[    3227.222825] /dev/input/event1: 0000 0000 00000000
[    3230.711510] /dev/input/event1: 0003 0039 00000000
[    3230.711510] /dev/input/event1: 0003 0030 00000210
[    3230.711510] /dev/input/event1: 0003 003a 00000081
[    3230.711510] /dev/input/event1: 0003 0035 000074f9
[    3230.711510] /dev/input/event1: 0003 0036 00000988
[    3230.711510] /dev/input/event1: 0000 0000 00000000
[    3230.857010] /dev/input/event1: 0003 003a 00000000
[    3230.857010] /dev/input/event1: 0003 0039 ffffffff
[    3230.857010] /dev/input/event1: 0000 0000 00000000