add device 1: /dev/input/event0
  name:     "Power Button"
add device 2: /dev/input/event1
  name:     "qwerty2"
[    7574.764444] /dev/input/event1: 0003 0039 00000000
[    7574.764444] /dev/input/event1: 0003 0030 00000235
[    7574.764444] /dev/input/event1: 0003 003a 00000081
[    7574.764444] /dev/input/event1: 0003 0035 00006203
[    7574.764444] /dev/input/event1: 0003 0036 000073ff
[    7574.764444] /dev/input/event1: 0000 0000 00000000
[    7574.866078] /dev/input/event1: 0003 003a 00000000
[    7574.866078] /dev/input/event1: 0003 0039 ffffffff
[    7574.866078] /dev/input/event1: 0000 0000 00000000
[    7576.102943] /dev/input/event1: 0003 0039 00000000
[    7576.102943] /dev/input/event1: 0003 0030 00000236
[    7576.102943] /dev/input/event1: 0003 003a 00000081
[    7576.102943] /dev/input/event1: 0000 0000 00000000
[    7576.227103] /dev/input/event1: 0003 003a 00000000
[    7576.227103] /dev/input/event1: 0003 0039 ffffffff
[    7576.227103] /dev/input/event1: 0000 0000 00000000
[    7577.846820] /dev/input/event1: 0003 0039 00000000
[    7577.846820] /dev/input/event1: 0003 0030 00000237
[    7577.846820] /dev/input/event1: 0003 003a 00000081
[    7577.846820] /dev/input/event1: 0000 0000 00000000
[    7577.947396] /dev/input/event1: 0003 003a 00000000
[    7577.947396] /dev/input/event1: 0003 0039 ffffffff
[    7577.947396] /dev/input/event1: 0000 0000 00000000
[    7580.310829] /dev/input/event1: 0003 0039 00000000
[    7580.310829] /dev/input/event1: 0003 0030 00000238
[    7580.310829] /dev/input/event1: 0003 003a 00000081
[    7580.310829] /dev/input/event1: 0003 0035 0000716b
[    7580.310829] /dev/input/event1: 0003 0036 00002866
[    7580.310829] /dev/input/event1: 0000 0000 00000000
[    7580.399893] /dev/input/event1: 0003 003a 00000000
[    7580.399893] /dev/input/event1: 0003 0039 ffffffff
[    7580.399893] /dev/input/event1: 0000 0000 00000000
[    7582.964951] /dev/input/event1: 0003 0039 00000000
[    7582.964951] /dev/input/event1: 0003 0030 00000239
[    7582.964951] /dev/input/event1: 0003 003a 00000081
[    7582.964951] /dev/input/event1: 0003 0035 00005eb1
[    7582.964951] /dev/input/event1: 0003 0036 00007543
[    7582.964951] /dev/input/event1: 0000 0000 00000000
[    7583.078376] /dev/input/event1: 0003 003a 00000000
[    7583.078376] /dev/input/event1: 0003 0039 ffffffff
[    7583.078376] /dev/input/event1: 0000 0000 00000000
[    7584.292837] /dev/input/event1: 0003 0039 00000000
[    7584.292837] /dev/input/event1: 0003 0030 0000023a
[    7584.292837] /dev/input/event1: 0003 003a 00000081
[    7584.292837] /dev/input/event1: 0000 0000 00000000
[    7584.427712] /dev/input/event1: 0003 003a 00000000
[    7584.427712] /dev/input/event1: 0003 0039 ffffffff
[    7584.427712] /dev/input/event1: 0000 0000 00000000
[    7586.226809] /dev/input/event1: 0003 0039 00000000
[    7586.226809] /dev/input/event1: 0003 0030 0000023b
[    7586.226809] /dev/input/event1: 0003 003a 00000081
[    7586.226809] /dev/input/event1: 0003 0035 00005e38
[    7586.226809] /dev/input/event1: 0003 0036 000048aa
[    7586.226809] /dev/input/event1: 0000 0000 00000000
[    7586.339302] /dev/input/event1: 0003 003a 00000000
[    7586.339302] /dev/input/event1: 0003 0039 ffffffff
[    7586.339302] /dev/input/event1: 0000 0000 00000000
[    7589.309513] /dev/input/event1: 0003 0039 00000000
[    7589.309513] /dev/input/event1: 0003 0030 0000023c
[    7589.309513] /dev/input/event1: 0003 003a 00000081
[    7589.309513] /dev/input/event1: 0003 0035 00007b23
[    7589.309513] /dev/input/event1: 0003 0036 00003121
[    7589.309513] /dev/input/event1: 0000 0000 00000000
[    7589.433180] /dev/input/event1: 0003 003a 00000000
[    7589.433180] /dev/input/event1: 0003 0039 ffffffff
[    7589.433180] /dev/input/event1: 0000 0000 00000000
[    7590.716906] /dev/input/event1: 0003 0039 00000000
[    7590.716906] /dev/input/event1: 0003 0030 0000023d
[    7590.716906] /dev/input/event1: 0003 003a 00000081
[    7590.716906] /dev/input/event1: 0003 0035 00006aa9
[    7590.716906] /dev/input/event1: 0003 0036 00003988
[    7590.716906] /dev/input/event1: 0000 0000 00000000
[    7590.817919] /dev/input/event1: 0003 003a 00000000
[    7590.817919] /dev/input/event1: 0003 0039 ffffffff
[    7590.817919] /dev/input/event1: 0000 0000 00000000
[    7592.437976] /dev/input/event1: 0003 0039 00000000
[    7592.437976] /dev/input/event1: 0003 0030 0000023e
[    7592.437976] /dev/input/event1: 0003 003a 00000081
[    7592.437976] /dev/input/event1: 0003 0035 00000ceb
[    7592.437976] /dev/input/event1: 0003 0036 00002fcc
[    7592.437976] /dev/input/event1: 0000 0000 00000000
[    7592.517308] /dev/input/event1: 0003 003a 00000000
[    7592.517308] /dev/input/event1: 0003 0039 ffffffff
[    7592.517308] /dev/input/event1: 0000 0000 00000000
[    7593.843787] /dev/input/event1: 0003 0039 00000000
[    7593.843787] /dev/input/event1: 0003 0030 0000023f
[    7593.843787] /dev/input/event1: 0003 003a 00000081
[    7593.843787] /dev/input/event1: 0003 0035 00003647
[    7593.843787] /dev/input/event1: 0003 0036 000023ff
[    7593.843787] /dev/input/event1: 0000 0000 00000000
[    7593.967854] /dev/input/event1: 0003 003a 00000000
[    7593.967854] /dev/input/event1: 0003 0039 ffffffff
[    7593.967854] /dev/input/event1: 0000 0000 00000000
[    7595.362186] /dev/input/event1: 0003 0039 00000000
[    7595.362186] /dev/input/event1: 0003 0030 00000240
[    7595.362186] /dev/input/event1: 0003 003a 00000081
[    7595.362186] /dev/input/event1: 0003 0035 00007683
[    7595.362186] /dev/input/event1: 0003 0036 000008cc
[    7595.362186] /dev/input/event1: 0000 0000 00000000
[    7595.584942] /dev/input/event1: 0003 003a 00000000
[    7595.584942] /dev/input/event1: 0003 0039 ffffffff
[    7595.584942] /dev/input/event1: 0000 0000 00000000
[    7595.609397] /dev/input/event1: 0003 0039 00000000
[    7595.609397] /dev/input/event1: 0003 0030 00000241
[    7595.609397] /dev/input/event1: 0003 003a 00000081
[    7595.609397] /dev/input/event1: 0000 0000 00000000