add device 1: /dev/input/event0
  name:     "Power Button"
add device 2: /dev/input/event1
  name:     "qwerty2"
[   14972.064425] /dev/input/event1: 0003 0039 00000000
[   14972.064425] /dev/input/event1: 0003 0030 00000036
[   14972.064425] /dev/input/event1: 0003 003a 00000081
[   14972.064425] /dev/input/event1: 0003 0035 0000623f
[   14972.064425] /dev/input/event1: 0003 0036 00007343
[   14972.064425] /dev/input/event1: 0000 0000 00000000
[   14972.176196] /dev/input/event1: 0003 003a 00000000
[   14972.176196] /dev/input/event1: 0003 0039 ffffffff
[   14972.176196] /dev/input/event1: 0000 0000 00000000
[   14974.347442] /dev/input/event1: 0003 0039 00000000
[   14974.347442] /dev/input/event1: 0003 0030 00000037
[   14974.347442] /dev/input/event1: 0003 003a 00000081
[   14974.347442] /dev/input/event1: 0003 0035 000060f1
[   14974.347442] /dev/input/event1: 0003 0036 00007365
[   14974.347442] /dev/input/event1: 0000 0000 00000000
[   14974.460293] /dev/input/event1: 0003 003a 00000000
[   14974.460293] /dev/input/event1: 0003 0039 ffffffff
[   14974.460293] /dev/input/event1: 0000 0000 00000000
[   14976.271239] /dev/input/event1: 0003 0039 00000000
[   14976.271239] /dev/input/event1: 0003 0030 00000038
[   14976.271239] /dev/input/event1: 0003 003a 00000081
[   14976.271239] /dev/input/event1: 0000 0000 00000000
[   14976.384249] /dev/input/event1: 0003 003a 00000000
[   14976.384249] /dev/input/event1: 0003 0039 ffffffff
[   14976.384249] /dev/input/event1: 0000 0000 00000000
[   14977.745257] /dev/input/event1: 0003 0039 00000000
[   14977.745257] /dev/input/event1: 0003 0030 00000039
[   14977.745257] /dev/input/event1: 0003 003a 00000081
[   14977.745257] /dev/input/event1: 0003 0035 00006eee
[   14977.745257] /dev/input/event1: 0003 0036 000021aa
[   14977.745257] /dev/input/event1: 0000 0000 00000000
[   14977.857962] /dev/input/event1: 0003 003a 00000000
[   14977.857962] /dev/input/event1: 0003 0039 ffffffff
[   14977.857962] /dev/input/event1: 0000 0000 00000000
[   14979.555425] /dev/input/event1: 0003 0039 00000000
[   14979.555425] /dev/input/event1: 0003 0030 0000003a
[   14979.555425] /dev/input/event1: 0003 003a 00000081
[   14979.555425] /dev/input/event1: 0003 0035 00006203
[   14979.555425] /dev/input/event1: 0003 0036 00007365
[   14979.555425] /dev/input/event1: 0000 0000 00000000
[   14979.678714] /dev/input/event1: 0003 003a 00000000
[   14979.678714] /dev/input/event1: 0003 0039 ffffffff
[   14979.678714] /dev/input/event1: 0000 0000 00000000
[   14980.762214] /dev/input/event1: 0003 0039 00000000
[   14980.762214] /dev/input/event1: 0003 0030 0000003b
[   14980.762214] /dev/input/event1: 0003 003a 00000081
[   14980.762214] /dev/input/event1: 0003 0035 00005d27
[   14980.762214] /dev/input/event1: 0003 0036 00007243
[   14980.762214] /dev/input/event1: 0000 0000 00000000
[   14980.826533] /dev/input/event1: 0003 003a 00000000
[   14980.826533] /dev/input/event1: 0003 0039 ffffffff
[   14980.826533] /dev/input/event1: 0000 0000 00000000
[   14982.042653] /dev/input/event1: 0003 0039 00000000
[   14982.042653] /dev/input/event1: 0003 0030 0000003c
[   14982.042653] /dev/input/event1: 0003 003a 00000081
[   14982.042653] /dev/input/event1: 0003 0035 0000580e
[   14982.042653] /dev/input/event1: 0003 0036 00004843
[   14982.042653] /dev/input/event1: 0000 0000 00000000
[   14982.132653] /dev/input/event1: 0003 003a 00000000
[   14982.132653] /dev/input/event1: 0003 0039 ffffffff
[   14982.132653] /dev/input/event1: 0000 0000 00000000
[   14985.642047] /dev/input/event1: 0003 0039 00000000
[   14985.642047] /dev/input/event1: 0003 0030 0000003d
[   14985.642047] /dev/input/event1: 0003 003a 00000081
[   14985.642047] /dev/input/event1: 0003 0035 00000920
[   14985.642047] /dev/input/event1: 0003 0036 000008ff
[   14985.642047] /dev/input/event1: 0000 0000 00000000
[   14985.787355] /dev/input/event1: 0003 003a 00000000
[   14985.787355] /dev/input/event1: 0003 0039 ffffffff
[   14985.787355] /dev/input/event1: 0000 0000 00000000
[   14987.858315] /dev/input/event1: 0003 0039 00000000
[   14987.858315] /dev/input/event1: 0003 0030 0000003e
[   14987.858315] /dev/input/event1: 0003 003a 00000081
[   14987.858315] /dev/input/event1: 0003 0035 0000227c
[   14987.858315] /dev/input/event1: 0003 0036 000036ff
[   14987.858315] /dev/input/event1: 0000 0000 00000000
[   14987.981038] /dev/input/event1: 0003 003a 00000000
[   14987.981038] /dev/input/event1: 0003 0039 ffffffff
[   14987.981038] /dev/input/event1: 0000 0000 00000000
[   14990.142212] /dev/input/event1: 0003 0039 00000000
[   14990.142212] /dev/input/event1: 0003 0030 0000003f
[   14990.142212] /dev/input/event1: 0003 003a 00000081
[   14990.142212] /dev/input/event1: 0003 0035 000064f9
[   14990.142212] /dev/input/event1: 0003 0036 00001c66
[   14990.142212] /dev/input/event1: 0000 0000 00000000
[   14990.266054] /dev/input/event1: 0003 003a 00000000
[   14990.266054] /dev/input/event1: 0003 0039 ffffffff
[   14990.266054] /dev/input/event1: 0000 0000 00000000
[   16170.842562] /dev/input/event1: 0003 0039 00000000
[   16170.842562] /dev/input/event1: 0003 0030 0000005a
[   16170.842562] /dev/input/event1: 0003 003a 00000081
[   16170.842562] /dev/input/event1: 0003 0035 0000795b
[   16170.842562] /dev/input/event1: 0003 0036 00000988
[   16170.842562] /dev/input/event1: 0000 0000 00000000
[   16170.942785] /dev/input/event1: 0003 003a 00000000
[   16170.942785] /dev/input/event1: 0003 0039 ffffffff
[   16170.942785] /dev/input/event1: 0000 0000 00000000
[   16175.613423] /dev/input/event1: 0003 0039 00000000
[   16175.613423] /dev/input/event1: 0003 0030 0000005b
[   16175.613423] /dev/input/event1: 0003 003a 00000081
[   16175.613423] /dev/input/event1: 0003 0035 00004d63
[   16175.613423] /dev/input/event1: 0003 0036 00003d21
[   16175.613423] /dev/input/event1: 0000 0000 00000000
[   16175.757677] /dev/input/event1: 0003 003a 00000000
[   16175.757677] /dev/input/event1: 0003 0039 ffffffff
[   16175.757677] /dev/input/event1: 0000 0000 00000000