add device 1: /dev/input/event0
  name:     "Power Button"
add device 2: /dev/input/event1
  name:     "qwerty2"
[   18612.825634] /dev/input/event1: 0003 0039 00000000
[   18612.825634] /dev/input/event1: 0003 0030 000000ad
[   18612.825634] /dev/input/event1: 0003 003a 00000081
[   18612.825634] /dev/input/event1: 0003 0035 0000616b
[   18612.825634] /dev/input/event1: 0003 0036 000073cb
[   18612.825634] /dev/input/event1: 0000 0000 00000000
[   18612.925393] /dev/input/event1: 0003 003a 00000000
[   18612.925393] /dev/input/event1: 0003 0039 ffffffff
[   18612.925393] /dev/input/event1: 0000 0000 00000000
[   18614.074088] /dev/input/event1: 0003 0039 00000000
[   18614.074088] /dev/input/event1: 0003 0030 000000ae
[   18614.074088] /dev/input/event1: 0003 003a 00000081
[   18614.074088] /dev/input/event1: 0000 0000 00000000
[   18614.152721] /dev/input/event1: 0003 003a 00000000
[   18614.152721] /dev/input/event1: 0003 0039 ffffffff
[   18614.152721] /dev/input/event1: 0000 0000 00000000
[   18615.277551] /dev/input/event1: 0003 0039 00000000
[   18615.277551] /dev/input/event1: 0003 0030 000000af
[   18615.277551] /dev/input/event1: 0003 003a 00000081
[   18615.277551] /dev/input/event1: 0003 0035 000061c6
[   18615.277551] /dev/input/event1: 0003 0036 000072a9
[   18615.277551] /dev/input/event1: 0000 0000 00000000
[   18615.355349] /dev/input/event1: 0003 003a 00000000
[   18615.355349] /dev/input/event1: 0003 0039 ffffffff
[   18615.355349] /dev/input/event1: 0000 0000 00000000
[   18616.538462] /dev/input/event1: 0003 0039 00000000
[   18616.538462] /dev/input/event1: 0003 0030 000000b0
[   18616.538462] /dev/input/event1: 0003 003a 00000081
[   18616.538462] /dev/input/event1: 0003 0035 00007202
[   18616.538462] /dev/input/event1: 0003 0036 000021aa
[   18616.538462] /dev/input/event1: 0000 0000 00000000
[   18616.615096] /dev/input/event1: 0003 003a 00000000
[   18616.615096] /dev/input/event1: 0003 0039 ffffffff
[   18616.615096] /dev/input/event1: 0000 0000 00000000
[   18618.056789] /dev/input/event1: 0003 0039 00000000
[   18618.056789] /dev/input/event1: 0003 0030 000000b1
[   18618.056789] /dev/input/event1: 0003 003a 00000081
[   18618.056789] /dev/input/event1: 0003 0035 000063ca
[   18618.056789] /dev/input/event1: 0003 0036 000072ff
[   18618.056789] /dev/input/event1: 0000 0000 00000000
[   18618.135382] /dev/input/event1: 0003 003a 00000000
[   18618.135382] /dev/input/event1: 0003 0039 ffffffff
[   18618.135382] /dev/input/event1: 0000 0000 00000000
[   18619.047003] /dev/input/event1: 0003 0039 00000000
[   18619.047003] /dev/input/event1: 0003 0030 000000b2
[   18619.047003] /dev/input/event1: 0003 003a 00000081
[   18619.047003] /dev/input/event1: 0003 0036 000072cb
[   18619.047003] /dev/input/event1: 0000 0000 00000000
[   18619.136065] /dev/input/event1: 0003 003a 00000000
[   18619.136065] /dev/input/event1: 0003 0039 ffffffff
[   18619.136065] /dev/input/event1: 0000 0000 00000000
[   18620.767853] /dev/input/event1: 0003 0039 00000000
[   18620.767853] /dev/input/event1: 0003 0030 000000b3
[   18620.767853] /dev/input/event1: 0003 003a 00000081
[   18620.767853] /dev/input/event1: 0003 0035 00005da0
[   18620.767853] /dev/input/event1: 0003 0036 00004787
[   18620.767853] /dev/input/event1: 0000 0000 00000000
[   18620.846087] /dev/input/event1: 0003 003a 00000000
[   18620.846087] /dev/input/event1: 0003 0039 ffffffff
[   18620.846087] /dev/input/event1: 0000 0000 00000000
[   18624.323339] /dev/input/event1: 0003 0039 00000000
[   18624.323339] /dev/input/event1: 0003 0030 000000b4
[   18624.323339] /dev/input/event1: 0003 003a 00000081
[   18624.323339] /dev/input/event1: 0003 0035 000008e3
[   18624.323339] /dev/input/event1: 0003 0036 000008ff
[   18624.323339] /dev/input/event1: 0000 0000 00000000
[   18624.423382] /dev/input/event1: 0003 003a 00000000
[   18624.423382] /dev/input/event1: 0003 0039 ffffffff
[   18624.423382] /dev/input/event1: 0000 0000 00000000
[   18626.471430] /dev/input/event1: 0003 0039 00000000
[   18626.471430] /dev/input/event1: 0003 0030 000000b5
[   18626.471430] /dev/input/event1: 0003 003a 00000081
[   18626.471430] /dev/input/event1: 0003 0035 00001e75
[   18626.471430] /dev/input/event1: 0003 0036 000035cc
[   18626.471430] /dev/input/event1: 0000 0000 00000000
[   18626.572252] /dev/input/event1: 0003 003a 00000000
[   18626.572252] /dev/input/event1: 0003 0039 ffffffff
[   18626.572252] /dev/input/event1: 0000 0000 00000000
[   18628.508299] /dev/input/event1: 0003 0039 00000000
[   18628.508299] /dev/input/event1: 0003 0030 000000b6
[   18628.508299] /dev/input/event1: 0003 003a 00000081
[   18628.508299] /dev/input/event1: 0003 0035 0000271c
[   18628.508299] /dev/input/event1: 0003 0036 00001daa
[   18628.508299] /dev/input/event1: 0000 0000 00000000
[   18628.585135] /dev/input/event1: 0003 003a 00000000
[   18628.585135] /dev/input/event1: 0003 0039 ffffffff
[   18628.585135] /dev/input/event1: 0000 0000 00000000
[   18632.289784] /dev/input/event1: 0003 0039 00000000
[   18632.289784] /dev/input/event1: 0003 0030 000000b7
[   18632.289784] /dev/input/event1: 0003 003a 00000081
[   18632.289784] /dev/input/event1: 0003 0035 00006b9c
[   18632.289784] /dev/input/event1: 0003 0036 000008aa
[   18632.289784] /dev/input/event1: 0000 0000 00000000
[   18632.400791] /dev/input/event1: 0003 003a 00000000
[   18632.400791] /dev/input/event1: 0003 0039 ffffffff
[   18632.400791] /dev/input/event1: 0000 0000 00000000
[   18634.198830] /dev/input/event1: 0003 0039 00000000
[   18634.198830] /dev/input/event1: 0003 0030 000000b8
[   18634.198830] /dev/input/event1: 0003 003a 00000081
[   18634.198830] /dev/input/event1: 0003 0035 00007591
[   18634.198830] /dev/input/event1: 0003 0036 00001188
[   18634.198830] /dev/input/event1: 0000 0000 00000000
[   18634.311440] /dev/input/event1: 0003 003a 00000000
[   18634.311440] /dev/input/event1: 0003 0039 ffffffff
[   18634.311440] /dev/input/event1: 0000 0000 00000000
[   18636.551424] /dev/input/event1: 0003 0039 00000000
[   18636.551424] /dev/input/event1: 0003 0030 000000b9
[   18636.551424] /dev/input/event1: 0003 003a 00000081
[   18636.551424] /dev/input/event1: 0003 0035 00007998
[   18636.551424] /dev/input/event1: 0003 0036 000009aa
[   18636.551424] /dev/input/event1: 0000 0000 00000000
[   18636.651837] /dev/input/event1: 0003 003a 00000000
[   18636.651837] /dev/input/event1: 0003 0039 ffffffff
[   18636.651837] /dev/input/event1: 0000 0000 00000000
[   18638.194400] /dev/input/event1: 0003 0039 00000000
[   18638.194400] /dev/input/event1: 0003 0030 000000ba
[   18638.194400] /dev/input/event1: 0003 003a 00000081
[   18638.194400] /dev/input/event1: 0003 0035 000075cd
[   18638.194400] /dev/input/event1: 0003 0036 00000966
[   18638.194400] /dev/input/event1: 0000 0000 00000000
[   18638.294259] /dev/input/event1: 0003 003a 00000000
[   18638.294259] /dev/input/event1: 0003 0039 ffffffff
[   18638.294259] /dev/input/event1: 0000 0000 00000000
[   18641.692310] /dev/input/event1: 0003 0039 00000000
[   18641.692310] /dev/input/event1: 0003 0030 000000bb
[   18641.692310] /dev/input/event1: 0003 003a 00000081
[   18641.692310] /dev/input/event1: 0003 0035 00001e38
[   18641.692310] /dev/input/event1: 0003 0036 00007ba9
[   18641.692310] /dev/input/event1: 0000 0000 00000000
[   18641.814526] /dev/input/event1: 0003 003a 00000000
[   18641.814526] /dev/input/event1: 0003 0039 ffffffff
[   18641.814526] /dev/input/event1: 0000 0000 00000000