add device 1: /dev/input/event0
  name:     "Power Button"
add device 2: /dev/input/event1
  name:     "qwerty2"
[   11530.373375] /dev/input/event1: 0003 0039 00000000
[   11530.373375] /dev/input/event1: 0003 0030 00000273
[   11530.373375] /dev/input/event1: 0003 003a 00000081
[   11530.373375] /dev/input/event1: 0003 0035 00006078
[   11530.373375] /dev/input/event1: 0003 0036 00007343
[   11530.373375] /dev/input/event1: 0000 0000 00000000
[   11530.451841] /dev/input/event1: 0003 003a 00000000
[   11530.451841] /dev/input/event1: 0003 0039 ffffffff
[   11530.451841] /dev/input/event1: 0000 0000 00000000
[   11531.824701] /dev/input/event1: 0003 0039 00000000
[   11531.824701] /dev/input/event1: 0003 0030 00000274
[   11531.824701] /dev/input/event1: 0003 003a 00000081
[   11531.824701] /dev/input/event1: 0003 0035 000060b5
[   11531.824701] /dev/input/event1: 0003 0036 000072a9
[   11531.824701] /dev/input/event1: 0000 0000 00000000
[   11531.935779] /dev/input/event1: 0003 003a 00000000
[   11531.935779] /dev/input/event1: 0003 0039 ffffffff
[   11531.935779] /dev/input/event1: 0000 0000 00000000
[   11532.948765] /dev/input/event1: 0003 0039 00000000
[   11532.948765] /dev/input/event1: 0003 0030 00000275
[   11532.948765] /dev/input/event1: 0003 003a 00000081
[   11532.948765] /dev/input/event1: 0003 0036 000072cb
[   11532.948765] /dev/input/event1: 0000 0000 00000000
[   11533.061171] /dev/input/event1: 0003 003a 00000000
[   11533.061171] /dev/input/event1: 0003 0039 ffffffff
[   11533.061171] /dev/input/event1: 0000 0000 00000000
[   11535.414126] /dev/input/event1: 0003 0039 00000000
[   11535.414126] /dev/input/event1: 0003 0030 00000276
[   11535.414126] /dev/input/event1: 0003 003a 00000081
[   11535.414126] /dev/input/event1: 0003 0035 00007078
[   11535.414126] /dev/input/event1: 0003 0036 00002a66
[   11535.414126] /dev/input/event1: 0000 0000 00000000
[   11535.467233] /dev/input/event1: 0003 003a 00000000
[   11535.467233] /dev/input/event1: 0003 0039 ffffffff
[   11535.467233] /dev/input/event1: 0000 0000 00000000
[   11536.874999] /dev/input/event1: 0003 0039 00000000
[   11536.874999] /dev/input/event1: 0003 0030 00000277
[   11536.874999] /dev/input/event1: 0003 003a 00000081
[   11536.874999] /dev/input/event1: 0003 0035 00005eee
[   11536.874999] /dev/input/event1: 0003 0036 00007265
[   11536.874999] /dev/input/event1: 0000 0000 00000000
[   11536.964624] /dev/input/event1: 0003 003a 00000000
[   11536.964624] /dev/input/event1: 0003 0039 ffffffff
[   11536.964624] /dev/input/event1: 0000 0000 00000000
[   11537.786696] /dev/input/event1: 0003 0039 00000000
[   11537.786696] /dev/input/event1: 0003 0030 00000278
[   11537.786696] /dev/input/event1: 0003 003a 00000081
[   11537.786696] /dev/input/event1: 0000 0000 00000000
[   11537.876903] /dev/input/event1: 0003 003a 00000000
[   11537.876903] /dev/input/event1: 0003 0039 ffffffff
[   11537.876903] /dev/input/event1: 0000 0000 00000000
[   11539.529682] /dev/input/event1: 0003 0039 00000000
[   11539.529682] /dev/input/event1: 0003 0030 00000279
[   11539.529682] /dev/input/event1: 0003 003a 00000081
[   11539.529682] /dev/input/event1: 0003 0035 00005b9c
[   11539.529682] /dev/input/event1: 0003 0036 00004865
[   11539.529682] /dev/input/event1: 0000 0000 00000000
[   11539.607998] /dev/input/event1: 0003 003a 00000000
[   11539.607998] /dev/input/event1: 0003 0039 ffffffff
[   11539.607998] /dev/input/event1: 0000 0000 00000000
[   11543.028988] /dev/input/event1: 0003 0039 00000000
[   11543.028988] /dev/input/event1: 0003 0030 0000027a
[   11543.028988] /dev/input/event1: 0003 003a 00000081
[   11543.028988] /dev/input/event1: 0003 0035 00000999
[   11543.028988] /dev/input/event1: 0003 0036 00000944
[   11543.028988] /dev/input/event1: 0000 0000 00000000
[   11543.129923] /dev/input/event1: 0003 003a 00000000
[   11543.129923] /dev/input/event1: 0003 0039 ffffffff
[   11543.129923] /dev/input/event1: 0000 0000 00000000
[   11545.097574] /dev/input/event1: 0003 0039 00000000
[   11545.097574] /dev/input/event1: 0003 0030 0000027b
[   11545.097574] /dev/input/event1: 0003 003a 00000081
[   11545.097574] /dev/input/event1: 0003 0035 0000212f
[   11545.097574] /dev/input/event1: 0003 0036 00003643
[   11545.097574] /dev/input/event1: 0000 0000 00000000
[   11545.198592] /dev/input/event1: 0003 003a 00000000
[   11545.198592] /dev/input/event1: 0003 0039 ffffffff
[   11545.198592] /dev/input/event1: 0000 0000 00000000
[   11547.021163] /dev/input/event1: 0003 0039 00000000
[   11547.021163] /dev/input/event1: 0003 0030 0000027c
[   11547.021163] /dev/input/event1: 0003 003a 00000081
[   11547.021163] /dev/input/event1: 0003 0035 00002332
[   11547.021163] /dev/input/event1: 0003 0036 000013ff
[   11547.021163] /dev/input/event1: 0000 0000 00000000
[   11547.122480] /dev/input/event1: 0003 003a 00000000
[   11547.122480] /dev/input/event1: 0003 0039 ffffffff
[   11547.122480] /dev/input/event1: 0000 0000 00000000