add device 1: /dev/input/event0
  name:     "Power Button"
add device 2: /dev/input/event1
  name:     "qwerty2"
[   17732.197122] /dev/input/event1: 0003 0039 00000000
[   17732.197122] /dev/input/event1: 0003 0030 00000081
[   17732.197122] /dev/input/event1: 0003 003a 00000081
[   17732.197122] /dev/input/event1: 0003 0035 0000603b
[   17732.197122] /dev/input/event1: 0003 0036 00007343
[   17732.197122] /dev/input/event1: 0000 0000 00000000
[   17732.298136] /dev/input/event1: 0003 003a 00000000
[   17732.298136] /dev/input/event1: 0003 0039 ffffffff
[   17732.298136] /dev/input/event1: 0000 0000 00000000
[   17733.997163] /dev/input/event1: 0003 0039 00000000
[   17733.997163] /dev/input/event1: 0003 0030 00000082
[   17733.997163] /dev/input/event1: 0003 003a 00000081
[   17733.997163] /dev/input/event1: 0003 0035 00005fa4
[   17733.997163] /dev/input/event1: 0003 0036 00007321
[   17733.997163] /dev/input/event1: 0000 0000 00000000
[   17734.086965] /dev/input/event1: 0003 003a 00000000
[   17734.086965] /dev/input/event1: 0003 0039 ffffffff
[   17734.086965] /dev/input/event1: 0000 0000 00000000
[   17735.784626] /dev/input/event1: 0003 0039 00000000
[   17735.784626] /dev/input/event1: 0003 0030 00000083
[   17735.784626] /dev/input/event1: 0003 003a 00000081
[   17735.784626] /dev/input/event1: 0003 0035 00006203
[   17735.784626] /dev/input/event1: 0003 0036 00007443
[   17735.784626] /dev/input/event1: 0000 0000 00000000
[   17735.886214] /dev/input/event1: 0003 003a 00000000
[   17735.886214] /dev/input/event1: 0003 0039 ffffffff
[   17735.886214] /dev/input/event1: 0000 0000 00000000
[   17737.339694] /dev/input/event1: 0003 0039 00000000
[   17737.339694] /dev/input/event1: 0003 0030 00000084
[   17737.339694] /dev/input/event1: 0003 003a 00000081
[   17737.339694] /dev/input/event1: 0003 0035 00007202
[   17737.339694] /dev/input/event1: 0003 0036 000020aa
[   17737.339694] /dev/input/event1: 0000 0000 00000000
[   17737.416711] /dev/input/event1: 0003 003a 00000000
[   17737.416711] /dev/input/event1: 0003 0039 ffffffff
[   17737.416711] /dev/input/event1: 0000 0000 00000000
[   17738.879754] /dev/input/event1: 0003 0039 00000000
[   17738.879754] /dev/input/event1: 0003 0030 00000085
[   17738.879754] /dev/input/event1: 0003 003a 00000081
[   17738.879754] /dev/input/event1: 0003 0035 000062f5
[   17738.879754] /dev/input/event1: 0003 0036 00007343
[   17738.879754] /dev/input/event1: 0000 0000 00000000
[   17738.980524] /dev/input/event1: 0003 003a 00000000
[   17738.980524] /dev/input/event1: 0003 0039 ffffffff
[   17738.980524] /dev/input/event1: 0000 0000 00000000
[   17740.263129] /dev/input/event1: 0003 0039 00000000
[   17740.263129] /dev/input/event1: 0003 0030 00000086
[   17740.263129] /dev/input/event1: 0003 003a 00000081
[   17740.263129] /dev/input/event1: 0003 0035 00005d27
[   17740.263129] /dev/input/event1: 0003 0036 00007387
[   17740.263129] /dev/input/event1: 0000 0000 00000000
[   17740.317907] /dev/input/event1: 0003 003a 00000000
[   17740.317907] /dev/input/event1: 0003 0039 ffffffff
[   17740.317907] /dev/input/event1: 0000 0000 00000000
[   17741.726918] /dev/input/event1: 0003 0039 00000000
[   17741.726918] /dev/input/event1: 0003 0030 00000087
[   17741.726918] /dev/input/event1: 0003 003a 00000081
[   17741.726918] /dev/input/event1: 0003 0035 00005b23
[   17741.726918] /dev/input/event1: 0003 0036 000047ff
[   17741.726918] /dev/input/event1: 0000 0000 00000000
[   17741.804078] /dev/input/event1: 0003 003a 00000000
[   17741.804078] /dev/input/event1: 0003 0039 ffffffff
[   17741.804078] /dev/input/event1: 0000 0000 00000000
[   17744.728896] /dev/input/event1: 0003 0039 00000000
[   17744.728896] /dev/input/event1: 0003 0030 00000088
[   17744.728896] /dev/input/event1: 0003 003a 00000081
[   17744.728896] /dev/input/event1: 0003 0035 00000999
[   17744.728896] /dev/input/event1: 0003 0036 000009aa
[   17744.728896] /dev/input/event1: 0000 0000 00000000
[   17744.852518] /dev/input/event1: 0003 003a 00000000
[   17744.852518] /dev/input/event1: 0003 0039 ffffffff
[   17744.852518] /dev/input/event1: 0000 0000 00000000
[   17747.350572] /dev/input/event1: 0003 0039 00000000
[   17747.350572] /dev/input/event1: 0003 0030 00000089
[   17747.350572] /dev/input/event1: 0003 003a 00000081
[   17747.350572] /dev/input/event1: 0003 0035 0000227c
[   17747.350572] /dev/input/event1: 0003 0036 00006421
[   17747.350572] /dev/input/event1: 0000 0000 00000000
[   17747.428340] /dev/input/event1: 0003 003a 00000000
[   17747.428340] /dev/input/event1: 0003 0039 ffffffff
[   17747.428340] /dev/input/event1: 0000 0000 00000000
[   17749.465615] /dev/input/event1: 0003 0039 00000000
[   17749.465615] /dev/input/event1: 0003 0030 0000008a
[   17749.465615] /dev/input/event1: 0003 003a 00000081
[   17749.465615] /dev/input/event1: 0003 0035 000027d2
[   17749.465615] /dev/input/event1: 0003 0036 000013cc
[   17749.465615] /dev/input/event1: 0000 0000 00000000
[   17749.566004] /dev/input/event1: 0003 003a 00000000
[   17749.566004] /dev/input/event1: 0003 0039 ffffffff
[   17749.566004] /dev/input/event1: 0000 0000 00000000
[   17751.816798] /dev/input/event1: 0003 0039 00000000
[   17751.816798] /dev/input/event1: 0003 0030 0000008b
[   17751.816798] /dev/input/event1: 0003 003a 00000081
[   17751.816798] /dev/input/event1: 0003 0035 0000703b
[   17751.816798] /dev/input/event1: 0003 0036 000032ff
[   17751.816798] /dev/input/event1: 0000 0000 00000000
[   17751.906636] /dev/input/event1: 0003 003a 00000000
[   17751.906636] /dev/input/event1: 0003 0039 ffffffff
[   17751.906636] /dev/input/event1: 0000 0000 00000000
[   17754.190443] /dev/input/event1: 0003 0039 00000000
[   17754.190443] /dev/input/event1: 0003 0030 0000008c
[   17754.190443] /dev/input/event1: 0003 003a 00000081
[   17754.190443] /dev/input/event1: 0003 0035 00000920
[   17754.190443] /dev/input/event1: 0003 0036 00000888
[   17754.190443] /dev/input/event1: 0000 0000 00000000
[   17754.290998] /dev/input/event1: 0003 003a 00000000
[   17754.290998] /dev/input/event1: 0003 0039 ffffffff
[   17754.290998] /dev/input/event1: 0000 0000 00000000