add device 1: /dev/input/event0
  name:     "Power Button"
add device 2: /dev/input/event1
  name:     "qwerty2"
[   19746.665837] /dev/input/event1: 0003 0039 00000000
[   19746.665837] /dev/input/event1: 0003 0030 00000205
[   19746.665837] /dev/input/event1: 0003 003a 00000081
[   19746.665837] /dev/input/event1: 0003 0035 00005e93
[   19746.665837] /dev/input/event1: 0003 0036 000047aa
[   19746.665837] /dev/input/event1: 0000 0000 00000000
[   19746.788999] /dev/input/event1: 0003 003a 00000000
[   19746.788999] /dev/input/event1: 0003 0039 ffffffff
[   19746.788999] /dev/input/event1: 0000 0000 00000000
[   19749.192147] /dev/input/event1: 0003 0039 00000000
[   19749.192147] /dev/input/event1: 0003 0030 00000206
[   19749.192147] /dev/input/event1: 0003 003a 00000081
[   19749.192147] /dev/input/event1: 0003 0035 00006d08
[   19749.192147] /dev/input/event1: 0003 0036 000008ee
[   19749.192147] /dev/input/event1: 0000 0000 00000000
[   19749.315950] /dev/input/event1: 0003 003a 00000000
[   19749.315950] /dev/input/event1: 0003 0039 ffffffff
[   19749.315950] /dev/input/event1: 0000 0000 00000000
[   19751.951176] /dev/input/event1: 0003 0039 00000000
[   19751.951176] /dev/input/event1: 0003 0030 00000207
[   19751.951176] /dev/input/event1: 0003 003a 00000081
[   19751.951176] /dev/input/event1: 0003 0035 00007536
[   19751.951176] /dev/input/event1: 0003 0036 000043bb
[   19751.951176] /dev/input/event1: 0000 0000 00000000
[   19752.021422] /dev/input/event1: 0003 003a 00000000
[   19752.021422] /dev/input/event1: 0003 0039 ffffffff
[   19752.021422] /dev/input/event1: 0000 0000 00000000
[   19754.936528] /dev/input/event1: 0003 0039 00000000
[   19754.936528] /dev/input/event1: 0003 0030 00000208
[   19754.936528] /dev/input/event1: 0003 003a 00000081
[   19754.936528] /dev/input/event1: 0003 0035 00006cad
[   19754.936528] /dev/input/event1: 0003 0036 000008ee
[   19754.936528] /dev/input/event1: 0000 0000 00000000
[   19755.042763] /dev/input/event1: 0003 003a 00000000
[   19755.042763] /dev/input/event1: 0003 0039 ffffffff
[   19755.042763] /dev/input/event1: 0000 0000 00000000
[   19757.494397] /dev/input/event1: 0003 0039 00000000
[   19757.494397] /dev/input/event1: 0003 0030 00000209
[   19757.494397] /dev/input/event1: 0003 003a 00000081
[   19757.494397] /dev/input/event1: 0003 0035 000075ec
[   19757.494397] /dev/input/event1: 0003 0036 00003a88
[   19757.494397] /dev/input/event1: 0000 0000 00000000
[   19757.600721] /dev/input/event1: 0003 003a 00000000
[   19757.600721] /dev/input/event1: 0003 0039 ffffffff
[   19757.600721] /dev/input/event1: 0000 0000 00000000
[   19760.222031] /dev/input/event1: 0003 0039 00000000
[   19760.222031] /dev/input/event1: 0003 0030 0000020a
[   19760.222031] /dev/input/event1: 0003 003a 00000081
[   19760.222031] /dev/input/event1: 0003 0035 00006a6d
[   19760.222031] /dev/input/event1: 0003 0036 000008bb
[   19760.222031] /dev/input/event1: 0000 0000 00000000
[   19760.298537] /dev/input/event1: 0003 003a 00000000
[   19760.298537] /dev/input/event1: 0003 0039 ffffffff
[   19760.298537] /dev/input/event1: 0000 0000 00000000
[   19762.190311] /dev/input/event1: 0003 0039 00000000
[   19762.190311] /dev/input/event1: 0003 0030 0000020b
[   19762.190311] /dev/input/event1: 0003 003a 00000081
[   19762.190311] /dev/input/event1: 0003 0035 000074db
[   19762.190311] /dev/input/event1: 0003 0036 00003310
[   19762.190311] /dev/input/event1: 0000 0000 00000000
[   19762.312827] /dev/input/event1: 0003 003a 00000000
[   19762.312827] /dev/input/event1: 0003 0039 ffffffff
[   19762.312827] /dev/input/event1: 0000 0000 00000000