add device 1: /dev/input/event0
  name:     "Power Button"
add device 2: /dev/input/event1
  name:     "qwerty2"
[   18217.179231] /dev/input/event1: 0003 0039 00000000
[   18217.179231] /dev/input/event1: 0003 0030 000001a7
[   18217.179231] /dev/input/event1: 0003 003a 00000081
[   18217.179231] /dev/input/event1: 0003 0035 00005bf7
[   18217.179231] /dev/input/event1: 0003 0036 00004776
[   18217.179231] /dev/input/event1: 0000 0000 00000000
[   18217.295063] /dev/input/event1: 0003 003a 00000000
[   18217.295063] /dev/input/event1: 0003 0039 ffffffff
[   18217.295063] /dev/input/event1: 0000 0000 00000000
[   18219.937904] /dev/input/event1: 0003 0039 00000000
[   18219.937904] /dev/input/event1: 0003 0030 000001a8
[   18219.937904] /dev/input/event1: 0003 003a 00000081
[   18219.937904] /dev/input/event1: 0003 0035 00000888
[   18219.937904] /dev/input/event1: 0003 0036 00000922
[   18219.937904] /dev/input/event1: 0000 0000 00000000
[   18220.053340] /dev/input/event1: 0003 003a 00000000
[   18220.053340] /dev/input/event1: 0003 0039 ffffffff
[   18220.053340] /dev/input/event1: 0000 0000 00000000
[   18223.331796] /dev/input/event1: 0003 0039 00000000
[   18223.331796] /dev/input/event1: 0003 0030 000001a9
[   18223.331796] /dev/input/event1: 0003 003a 00000081
[   18223.331796] /dev/input/event1: 0003 0035 00001333
[   18223.331796] /dev/input/event1: 0003 0036 00001255
[   18223.331796] /dev/input/event1: 0000 0000 00000000
[   18223.457106] /dev/input/event1: 0003 003a 00000000
[   18223.457106] /dev/input/event1: 0003 0039 ffffffff
[   18223.457106] /dev/input/event1: 0000 0000 00000000
[   18226.408152] /dev/input/event1: 0003 0039 00000000
[   18226.408152] /dev/input/event1: 0003 0030 000001aa
[   18226.408152] /dev/input/event1: 0003 003a 00000081
[   18226.408152] /dev/input/event1: 0003 0035 00001bbb
[   18226.408152] /dev/input/event1: 0003 0036 000038aa
[   18226.408152] /dev/input/event1: 0000 0000 00000000
[   18226.514820] /dev/input/event1: 0003 003a 00000000
[   18226.514820] /dev/input/event1: 0003 0039 ffffffff
[   18226.514820] /dev/input/event1: 0000 0000 00000000
[   18231.562088] /dev/input/event1: 0003 0039 00000000
[   18231.562088] /dev/input/event1: 0003 0030 000001ab
[   18231.562088] /dev/input/event1: 0003 003a 00000081
[   18231.562088] /dev/input/event1: 0003 0035 00004d27
[   18231.562088] /dev/input/event1: 0003 0036 00005a76
[   18231.562088] /dev/input/event1: 0000 0000 00000000
[   18231.685026] /dev/input/event1: 0003 003a 00000000
[   18231.685026] /dev/input/event1: 0003 0039 ffffffff
[   18231.685026] /dev/input/event1: 0000 0000 00000000
[   18233.150496] /dev/input/event1: 0003 0039 00000000
[   18233.150496] /dev/input/event1: 0003 0030 000001ac
[   18233.150496] /dev/input/event1: 0003 003a 00000081
[   18233.150496] /dev/input/event1: 0003 0035 00005fa4
[   18233.150496] /dev/input/event1: 0003 0036 00004fff
[   18233.150496] /dev/input/event1: 0000 0000 00000000
[   18233.258681] /dev/input/event1: 0003 003a 00000000
[   18233.258681] /dev/input/event1: 0003 0039 ffffffff
[   18233.258681] /dev/input/event1: 0000 0000 00000000
[   18236.776590] /dev/input/event1: 0003 0039 00000000
[   18236.776590] /dev/input/event1: 0003 0030 000001ad
[   18236.776590] /dev/input/event1: 0003 003a 00000081
[   18236.776590] /dev/input/event1: 0003 0035 00001da0
[   18236.776590] /dev/input/event1: 0003 0036 000031ff
[   18236.776590] /dev/input/event1: 0000 0000 00000000
[   18236.861840] /dev/input/event1: 0003 003a 00000000
[   18236.861840] /dev/input/event1: 0003 0039 ffffffff
[   18236.861840] /dev/input/event1: 0000 0000 00000000
[   18239.900376] /dev/input/event1: 0003 0039 00000000
[   18239.900376] /dev/input/event1: 0003 0030 000001ae
[   18239.900376] /dev/input/event1: 0003 003a 00000081
[   18239.900376] /dev/input/event1: 0003 0035 000069b7
[   18239.900376] /dev/input/event1: 0003 0036 00003299
[   18239.900376] /dev/input/event1: 0000 0000 00000000
[   18239.998986] /dev/input/event1: 0003 003a 00000000
[   18239.998986] /dev/input/event1: 0003 0039 ffffffff
[   18239.998986] /dev/input/event1: 0000 0000 00000000