add device 1: /dev/input/event0
  name:     "Power Button"
add device 2: /dev/input/event1
  name:     "qwerty2"
[   19397.586564] /dev/input/event1: 0003 0039 00000000
[   19397.586564] /dev/input/event1: 0003 0030 000001eb
[   19397.586564] /dev/input/event1: 0003 003a 00000081
[   19397.586564] /dev/input/event1: 0003 0035 00005d63
[   19397.586564] /dev/input/event1: 0003 0036 00004810
[   19397.586564] /dev/input/event1: 0000 0000 00000000
[   19397.687981] /dev/input/event1: 0003 003a 00000000
[   19397.687981] /dev/input/event1: 0003 0039 ffffffff
[   19397.687981] /dev/input/event1: 0000 0000 00000000
[   19400.331716] /dev/input/event1: 0003 0039 00000000
[   19400.331716] /dev/input/event1: 0003 0030 000001ec
[   19400.331716] /dev/input/event1: 0003 003a 00000081
[   19400.331716] /dev/input/event1: 0003 0035 000007b4
[   19400.331716] /dev/input/event1: 0003 0036 000008bb
[   19400.331716] /dev/input/event1: 0000 0000 00000000
[   19400.446377] /dev/input/event1: 0003 003a 00000000
[   19400.446377] /dev/input/event1: 0003 0039 ffffffff
[   19400.446377] /dev/input/event1: 0000 0000 00000000
[   19402.348217] /dev/input/event1: 0003 0039 00000000
[   19402.348217] /dev/input/event1: 0003 0030 000001ed
[   19402.348217] /dev/input/event1: 0003 003a 00000081
[   19402.348217] /dev/input/event1: 0003 0035 00000f86
[   19402.348217] /dev/input/event1: 0003 0036 00002477
[   19402.348217] /dev/input/event1: 0000 0000 00000000
[   19402.472329] /dev/input/event1: 0003 003a 00000000
[   19402.472329] /dev/input/event1: 0003 0039 ffffffff
[   19402.472329] /dev/input/event1: 0000 0000 00000000
[   19406.005337] /dev/input/event1: 0003 0039 00000000
[   19406.005337] /dev/input/event1: 0003 0030 000001ee
[   19406.005337] /dev/input/event1: 0003 003a 00000081
[   19406.005337] /dev/input/event1: 0003 0035 0000425e
[   19406.005337] /dev/input/event1: 0003 0036 00003c99
[   19406.005337] /dev/input/event1: 0000 0000 00000000
[   19406.134024] /dev/input/event1: 0003 003a 00000000
[   19406.134024] /dev/input/event1: 0003 0039 ffffffff
[   19406.134024] /dev/input/event1: 0000 0000 00000000
[   19408.957727] /dev/input/event1: 0003 0039 00000000
[   19408.957727] /dev/input/event1: 0003 0030 000001ef
[   19408.957727] /dev/input/event1: 0003 003a 00000081
[   19408.957727] /dev/input/event1: 0003 0035 0000127d
[   19408.957727] /dev/input/event1: 0003 0036 00004dee
[   19408.957727] /dev/input/event1: 0000 0000 00000000
[   19409.080259] /dev/input/event1: 0003 003a 00000000
[   19409.080259] /dev/input/event1: 0003 0039 ffffffff
[   19409.080259] /dev/input/event1: 0000 0000 00000000
[   19411.256996] /dev/input/event1: 0003 0039 00000000
[   19411.256996] /dev/input/event1: 0003 0030 000001f0
[   19411.256996] /dev/input/event1: 0003 003a 00000081
[   19411.256996] /dev/input/event1: 0003 0035 0000338d
[   19411.256996] /dev/input/event1: 0003 0036 000048bb
[   19411.256996] /dev/input/event1: 0000 0000 00000000
[   19411.350644] /dev/input/event1: 0003 003a 00000000
[   19411.350644] /dev/input/event1: 0003 0039 ffffffff
[   19411.350644] /dev/input/event1: 0000 0000 00000000
[   19413.833099] /dev/input/event1: 0003 0039 00000000
[   19413.833099] /dev/input/event1: 0003 0030 000001f1
[   19413.833099] /dev/input/event1: 0003 003a 00000081
[   19413.833099] /dev/input/event1: 0003 0035 0000127d
[   19413.833099] /dev/input/event1: 0003 0036 00004d87
[   19413.833099] /dev/input/event1: 0000 0000 00000000
[   19413.962741] /dev/input/event1: 0003 003a 00000000
[   19413.962741] /dev/input/event1: 0003 0039 ffffffff
[   19413.962741] /dev/input/event1: 0000 0000 00000000
[   19415.785582] /dev/input/event1: 0003 0039 00000000
[   19415.785582] /dev/input/event1: 0003 0030 000001f2
[   19415.785582] /dev/input/event1: 0003 003a 00000081
[   19415.785582] /dev/input/event1: 0003 0035 00003a30
[   19415.785582] /dev/input/event1: 0003 0036 000054cc
[   19415.785582] /dev/input/event1: 0000 0000 00000000
[   19415.884517] /dev/input/event1: 0003 003a 00000000
[   19415.884517] /dev/input/event1: 0003 0039 ffffffff
[   19415.884517] /dev/input/event1: 0000 0000 00000000
[   19418.050300] /dev/input/event1: 0003 0039 00000000
[   19418.050300] /dev/input/event1: 0003 0030 000001f3
[   19418.050300] /dev/input/event1: 0003 003a 00000081
[   19418.050300] /dev/input/event1: 0003 0035 00001333
[   19418.050300] /dev/input/event1: 0003 0036 000049ff
[   19418.050300] /dev/input/event1: 0000 0000 00000000
[   19418.156102] /dev/input/event1: 0003 003a 00000000
[   19418.156102] /dev/input/event1: 0003 0039 ffffffff
[   19418.156102] /dev/input/event1: 0000 0000 00000000
[   19420.519305] /dev/input/event1: 0003 0039 00000000
[   19420.519305] /dev/input/event1: 0003 0030 000001f4
[   19420.519305] /dev/input/event1: 0003 003a 00000081
[   19420.519305] /dev/input/event1: 0003 0035 00001aaa
[   19420.519305] /dev/input/event1: 0003 0036 00007bff
[   19420.519305] /dev/input/event1: 0000 0000 00000000
[   19420.630505] /dev/input/event1: 0003 003a 00000000
[   19420.630505] /dev/input/event1: 0003 0039 ffffffff
[   19420.630505] /dev/input/event1: 0000 0000 00000000