add device 1: /dev/input/event0
  name:     "Power Button"
add device 2: /dev/input/event1
  name:     "qwerty2"
[   30941.067484] /dev/input/event1: 0003 0039 00000000
[   30941.067484] /dev/input/event1: 0003 0030 0000025f
[   30941.067484] /dev/input/event1: 0003 003a 00000081
[   30941.067484] /dev/input/event1: 0003 0035 00005c71
[   30941.067484] /dev/input/event1: 0003 0036 00004821
[   30941.067484] /dev/input/event1: 0000 0000 00000000
[   30941.145466] /dev/input/event1: 0003 003a 00000000
[   30941.145466] /dev/input/event1: 0003 0039 ffffffff
[   30941.145466] /dev/input/event1: 0000 0000 00000000
[   30943.295730] /dev/input/event1: 0003 0039 00000000
[   30943.295730] /dev/input/event1: 0003 0030 00000260
[   30943.295730] /dev/input/event1: 0003 003a 00000081
[   30943.295730] /dev/input/event1: 0003 0035 0000716b
[   30943.295730] /dev/input/event1: 0003 0036 00006eff
[   30943.295730] /dev/input/event1: 0000 0000 00000000
[   30943.385084] /dev/input/event1: 0003 003a 00000000
[   30943.385084] /dev/input/event1: 0003 0039 ffffffff
[   30943.385084] /dev/input/event1: 0000 0000 00000000
[   30948.246745] /dev/input/event1: 0003 0039 00000000
[   30948.246745] /dev/input/event1: 0003 0030 00000261
[   30948.246745] /dev/input/event1: 0003 003a 00000081
[   30948.246745] /dev/input/event1: 0003 0035 00004cea
[   30948.246745] /dev/input/event1: 0003 0036 00005c43
[   30948.246745] /dev/input/event1: 0000 0000 00000000
[   30948.323768] /dev/input/event1: 0003 003a 00000000
[   30948.323768] /dev/input/event1: 0003 0039 ffffffff
[   30948.323768] /dev/input/event1: 0000 0000 00000000
[   30949.776131] /dev/input/event1: 0003 0039 00000000
[   30949.776131] /dev/input/event1: 0003 0030 00000262
[   30949.776131] /dev/input/event1: 0003 003a 00000081
[   30949.776131] /dev/input/event1: 0003 0035 00005fff
[   30949.776131] /dev/input/event1: 0003 0036 000050ff
[   30949.776131] /dev/input/event1: 0000 0000 00000000
[   30949.852848] /dev/input/event1: 0003 003a 00000000
[   30949.852848] /dev/input/event1: 0003 0039 ffffffff
[   30949.852848] /dev/input/event1: 0000 0000 00000000
[   30952.690225] /dev/input/event1: 0003 0039 00000000
[   30952.690225] /dev/input/event1: 0003 0030 00000263
[   30952.690225] /dev/input/event1: 0003 003a 00000081
[   30952.690225] /dev/input/event1: 0003 0035 00001aaa
[   30952.690225] /dev/input/event1: 0003 0036 00003266
[   30952.690225] /dev/input/event1: 0000 0000 00000000
[   30952.791026] /dev/input/event1: 0003 003a 00000000
[   30952.791026] /dev/input/event1: 0003 0039 ffffffff
[   30952.791026] /dev/input/event1: 0000 0000 00000000
[   30955.018285] /dev/input/event1: 0003 0039 00000000
[   30955.018285] /dev/input/event1: 0003 0030 00000264
[   30955.018285] /dev/input/event1: 0003 003a 00000081
[   30955.018285] /dev/input/event1: 0003 0035 00004cad
[   30955.018285] /dev/input/event1: 0003 0036 00005cff
[   30955.018285] /dev/input/event1: 0000 0000 00000000
[   30955.095519] /dev/input/event1: 0003 003a 00000000
[   30955.095519] /dev/input/event1: 0003 0039 ffffffff
[   30955.095519] /dev/input/event1: 0000 0000 00000000
[   30956.268159] /dev/input/event1: 0003 0039 00000000
[   30956.268159] /dev/input/event1: 0003 0030 00000265
[   30956.268159] /dev/input/event1: 0003 003a 00000081
[   30956.268159] /dev/input/event1: 0003 0035 00005f67
[   30956.268159] /dev/input/event1: 0003 0036 000050cc
[   30956.268159] /dev/input/event1: 0000 0000 00000000
[   30956.344085] /dev/input/event1: 0003 003a 00000000
[   30956.344085] /dev/input/event1: 0003 0039 ffffffff
[   30956.344085] /dev/input/event1: 0000 0000 00000000
[   30958.347883] /dev/input/event1: 0003 0039 00000000
[   30958.347883] /dev/input/event1: 0003 0030 00000266
[   30958.347883] /dev/input/event1: 0003 003a 00000081
[   30958.347883] /dev/input/event1: 0003 0035 000054f9
[   30958.347883] /dev/input/event1: 0003 0036 00003c43
[   30958.347883] /dev/input/event1: 0000 0000 00000000
[   30958.527962] /dev/input/event1: 0003 0036 00003c21
[   30958.527962] /dev/input/event1: 0000 0000 00000000
[   30958.549190] /dev/input/event1: 0003 0036 00003bff
[   30958.549190] /dev/input/event1: 0000 0000 00000000
[   30958.560646] /dev/input/event1: 0003 0036 00003bcc
[   30958.560646] /dev/input/event1: 0000 0000 00000000
[   30958.593900] /dev/input/event1: 0003 0036 00003b88
[   30958.593900] /dev/input/event1: 0000 0000 00000000
[   30958.604990] /dev/input/event1: 0003 0036 00003b65
[   30958.604990] /dev/input/event1: 0000 0000 00000000
[   30958.606588] /dev/input/event1: 0003 0036 00003b21
[   30958.606588] /dev/input/event1: 0000 0000 00000000
[   30958.616352] /dev/input/event1: 0003 0036 00003aff
[   30958.616352] /dev/input/event1: 0000 0000 00000000
[   30958.627666] /dev/input/event1: 0003 0036 00003aaa
[   30958.627666] /dev/input/event1: 0000 0000 00000000
[   30958.638790] /dev/input/event1: 0003 0036 00003a43
[   30958.638790] /dev/input/event1: 0000 0000 00000000
[   30958.651686] /dev/input/event1: 0003 0036 00003a21
[   30958.651686] /dev/input/event1: 0000 0000 00000000
[   30958.661535] /dev/input/event1: 0003 0036 000039cc
[   30958.661535] /dev/input/event1: 0000 0000 00000000
[   30958.672610] /dev/input/event1: 0003 0036 00003988
[   30958.672610] /dev/input/event1: 0000 0000 00000000
[   30958.684364] /dev/input/event1: 0003 0035 000054bc
[   30958.684364] /dev/input/event1: 0003 0036 00003943
[   30958.684364] /dev/input/event1: 0000 0000 00000000
[   30958.695123] /dev/input/event1: 0003 0036 000038ff
[   30958.695123] /dev/input/event1: 0000 0000 00000000
[   30958.706624] /dev/input/event1: 0003 0036 000038aa
[   30958.706624] /dev/input/event1: 0000 0000 00000000
[   30958.728851] /dev/input/event1: 0003 0036 00003865
[   30958.728851] /dev/input/event1: 0000 0000 00000000
[   30958.729925] /dev/input/event1: 0003 0036 00003821
[   30958.729925] /dev/input/event1: 0000 0000 00000000
[   30958.740163] /dev/input/event1: 0003 0036 000037ff
[   30958.740163] /dev/input/event1: 0000 0000 00000000
[   30958.751683] /dev/input/event1: 0003 0036 000037aa
[   30958.751683] /dev/input/event1: 0000 0000 00000000
[   30958.762558] /dev/input/event1: 0003 0036 00003765
[   30958.762558] /dev/input/event1: 0000 0000 00000000
[   30958.775264] /dev/input/event1: 0003 0036 000036ff
[   30958.775264] /dev/input/event1: 0000 0000 00000000
[   30958.785140] /dev/input/event1: 0003 0036 000036aa
[   30958.785140] /dev/input/event1: 0000 0000 00000000
[   30958.796659] /dev/input/event1: 0003 0035 00005480
[   30958.796659] /dev/input/event1: 0003 0036 00003643
[   30958.796659] /dev/input/event1: 0000 0000 00000000
[   30958.808741] /dev/input/event1: 0003 0036 000035ff
[   30958.808741] /dev/input/event1: 0000 0000 00000000
[   30958.819530] /dev/input/event1: 0003 0036 000035aa
[   30958.819530] /dev/input/event1: 0000 0000 00000000
[   30958.830060] /dev/input/event1: 0003 0036 00003588
[   30958.830060] /dev/input/event1: 0000 0000 00000000
[   30958.853204] /dev/input/event1: 0003 0036 00003565
[   30958.853204] /dev/input/event1: 0000 0000 00000000
[   30958.888261] /dev/input/event1: 0003 0036 00003543
[   30958.888261] /dev/input/event1: 0000 0000 00000000
[   30958.897624] /dev/input/event1: 0003 0036 00003521
[   30958.897624] /dev/input/event1: 0000 0000 00000000
[   30958.899241] /dev/input/event1: 0003 0036 000034ff
[   30958.899241] /dev/input/event1: 0000 0000 00000000
[   30958.908859] /dev/input/event1: 0003 0036 000034cc
[   30958.908859] /dev/input/event1: 0000 0000 00000000
[   30958.920338] /dev/input/event1: 0003 0036 000034aa
[   30958.920338] /dev/input/event1: 0000 0000 00000000
[   30958.931580] /dev/input/event1: 0003 0036 00003488
[   30958.931580] /dev/input/event1: 0000 0000 00000000
[   30958.942550] /dev/input/event1: 0003 0036 00003443
[   30958.942550] /dev/input/event1: 0000 0000 00000000
[   30958.953924] /dev/input/event1: 0003 0036 000033ff
[   30958.953924] /dev/input/event1: 0000 0000 00000000
[   30958.965180] /dev/input/event1: 0003 0036 000033aa
[   30958.965180] /dev/input/event1: 0000 0000 00000000
[   30958.976328] /dev/input/event1: 0003 0036 00003321
[   30958.976328] /dev/input/event1: 0000 0000 00000000
[   30958.987653] /dev/input/event1: 0003 0036 00003288
[   30958.987653] /dev/input/event1: 0000 0000 00000000
[   30958.999426] /dev/input/event1: 0003 0036 000031cc
[   30958.999426] /dev/input/event1: 0000 0000 00000000
[   30959.010183] /dev/input/event1: 0003 0036 000030cc
[   30959.010183] /dev/input/event1: 0000 0000 00000000
[   30959.021461] /dev/input/event1: 0003 0036 00002fff
[   30959.021461] /dev/input/event1: 0000 0000 00000000
[   30959.032756] /dev/input/event1: 0003 0035 000054bc
[   30959.032756] /dev/input/event1: 0003 0036 00002e88
[   30959.032756] /dev/input/event1: 0000 0000 00000000
[   30959.044455] /dev/input/event1: 0003 0035 000054f9
[   30959.044455] /dev/input/event1: 0003 0036 00002d66
[   30959.044455] /dev/input/event1: 0000 0000 00000000
[   30959.055208] /dev/input/event1: 0003 0035 00005591
[   30959.055208] /dev/input/event1: 0003 0036 00002baa
[   30959.055208] /dev/input/event1: 0000 0000 00000000
[   30959.066942] /dev/input/event1: 0003 0035 000055ce
[   30959.066942] /dev/input/event1: 0003 0036 000029ff
[   30959.066942] /dev/input/event1: 0000 0000 00000000
[   30959.077516] /dev/input/event1: 0003 0035 00005647
[   30959.077516] /dev/input/event1: 0003 0036 000027cc
[   30959.077516] /dev/input/event1: 0000 0000 00000000
[   30959.089027] /dev/input/event1: 0003 0035 00005684
[   30959.089027] /dev/input/event1: 0003 0036 00002621
[   30959.089027] /dev/input/event1: 0000 0000 00000000
[   30959.100378] /dev/input/event1: 0003 0036 000024cc
[   30959.100378] /dev/input/event1: 0000 0000 00000000
[   30959.111360] /dev/input/event1: 0003 0035 000056c0
[   30959.111360] /dev/input/event1: 0003 0036 00002343
[   30959.111360] /dev/input/event1: 0000 0000 00000000
[   30959.122643] /dev/input/event1: 0003 0036 000021ff
[   30959.122643] /dev/input/event1: 0000 0000 00000000
[   30959.134171] /dev/input/event1: 0003 0035 0000571b
[   30959.134171] /dev/input/event1: 0003 0036 00002144
[   30959.134171] /dev/input/event1: 0000 0000 00000000
[   30959.145142] /dev/input/event1: 0003 0036 00002066
[   30959.145142] /dev/input/event1: 0000 0000 00000000
[   30959.156329] /dev/input/event1: 0003 0036 00001fcc
[   30959.156329] /dev/input/event1: 0000 0000 00000000
[   30959.167678] /dev/input/event1: 0003 0036 00001f66
[   30959.167678] /dev/input/event1: 0000 0000 00000000
[   30959.178887] /dev/input/event1: 0003 0036 00001f44
[   30959.178887] /dev/input/event1: 0000 0000 00000000
[   30959.190050] /dev/input/event1: 0003 0036 00001f21
[   30959.190050] /dev/input/event1: 0000 0000 00000000
[   30959.235078] /dev/input/event1: 0003 0036 00001eff
[   30959.235078] /dev/input/event1: 0000 0000 00000000
[   30959.257525] /dev/input/event1: 0003 0036 00001ecc
[   30959.257525] /dev/input/event1: 0000 0000 00000000
[   30959.269683] /dev/input/event1: 0003 0035 000056c0
[   30959.269683] /dev/input/event1: 0003 0036 00001eaa
[   30959.269683] /dev/input/event1: 0000 0000 00000000
[   30959.280086] /dev/input/event1: 0003 0036 00001e66
[   30959.280086] /dev/input/event1: 0000 0000 00000000
[   30959.291891] /dev/input/event1: 0003 0036 00001dff
[   30959.291891] /dev/input/event1: 0000 0000 00000000
[   30959.303033] /dev/input/event1: 0003 0035 00005684
[   30959.303033] /dev/input/event1: 0003 0036 00001d66
[   30959.303033] /dev/input/event1: 0000 0000 00000000
[   30959.314021] /dev/input/event1: 0003 0036 00001caa
[   30959.314021] /dev/input/event1: 0000 0000 00000000
[   30959.325258] /dev/input/event1: 0003 0035 00005647
[   30959.325258] /dev/input/event1: 0003 0036 00001bcc
[   30959.325258] /dev/input/event1: 0000 0000 00000000
[   30959.336848] /dev/input/event1: 0003 0035 0000560a
[   30959.336848] /dev/input/event1: 0003 0036 00001acc
[   30959.336848] /dev/input/event1: 0000 0000 00000000
[   30959.347780] /dev/input/event1: 0003 0036 000019cc
[   30959.347780] /dev/input/event1: 0000 0000 00000000
[   30959.359203] /dev/input/event1: 0003 0035 000055ce
[   30959.359203] /dev/input/event1: 0003 0036 00001921
[   30959.359203] /dev/input/event1: 0000 0000 00000000
[   30959.370246] /dev/input/event1: 0003 0036 00001844
[   30959.370246] /dev/input/event1: 0000 0000 00000000
[   30959.381924] /dev/input/event1: 0003 0035 00005591
[   30959.381924] /dev/input/event1: 0003 0036 00001788
[   30959.381924] /dev/input/event1: 0000 0000 00000000
[   30959.392667] /dev/input/event1: 0003 0036 000016ff
[   30959.392667] /dev/input/event1: 0000 0000 00000000
[   30959.404015] /dev/input/event1: 0003 0036 00001688
[   30959.404015] /dev/input/event1: 0000 0000 00000000
[   30959.415342] /dev/input/event1: 0003 0036 00001666
[   30959.415342] /dev/input/event1: 0000 0000 00000000
[   30959.426374] /dev/input/event1: 0003 0035 00005554
[   30959.426374] /dev/input/event1: 0003 0036 00001644
[   30959.426374] /dev/input/event1: 0000 0000 00000000
[   30959.437670] /dev/input/event1: 0003 0036 00001621
[   30959.437670] /dev/input/event1: 0000 0000 00000000
[   30959.461106] /dev/input/event1: 0003 0036 000015ff
[   30959.461106] /dev/input/event1: 0000 0000 00000000
[   30959.482671] /dev/input/event1: 0003 0036 000015cc
[   30959.482671] /dev/input/event1: 0000 0000 00000000
[   30959.493843] /dev/input/event1: 0003 0036 000015aa
[   30959.493843] /dev/input/event1: 0000 0000 00000000
[   30959.516728] /dev/input/event1: 0003 0036 00001588
[   30959.516728] /dev/input/event1: 0000 0000 00000000
[   30959.527635] /dev/input/event1: 0003 0036 00001566
[   30959.527635] /dev/input/event1: 0000 0000 00000000
[   30959.538832] /dev/input/event1: 0003 0036 00001521
[   30959.538832] /dev/input/event1: 0000 0000 00000000
[   30959.550481] /dev/input/event1: 0003 0036 000014cc
[   30959.550481] /dev/input/event1: 0000 0000 00000000
[   30959.561338] /dev/input/event1: 0003 0036 000014aa
[   30959.561338] /dev/input/event1: 0000 0000 00000000
[   30959.572723] /dev/input/event1: 0003 0036 00001488
[   30959.572723] /dev/input/event1: 0000 0000 00000000
[   30959.584037] /dev/input/event1: 0003 0036 00001444
[   30959.584037] /dev/input/event1: 0000 0000 00000000
[   30959.595484] /dev/input/event1: 0003 0036 000013ff
[   30959.595484] /dev/input/event1: 0000 0000 00000000
[   30959.606381] /dev/input/event1: 0003 0036 000013aa
[   30959.606381] /dev/input/event1: 0000 0000 00000000
[   30959.617758] /dev/input/event1: 0003 0036 00001388
[   30959.617758] /dev/input/event1: 0000 0000 00000000
[   30959.629101] /dev/input/event1: 0003 0036 00001366
[   30959.629101] /dev/input/event1: 0000 0000 00000000
[   30959.640278] /dev/input/event1: 0003 0036 00001344
[   30959.640278] /dev/input/event1: 0000 0000 00000000
[   30959.651777] /dev/input/event1: 0003 0035 000054f9
[   30959.651777] /dev/input/event1: 0003 0036 00001321
[   30959.651777] /dev/input/event1: 0000 0000 00000000
[   30959.662561] /dev/input/event1: 0003 0036 000012ff
[   30959.662561] /dev/input/event1: 0000 0000 00000000
[   30959.675065] /dev/input/event1: 0003 0036 000012cc
[   30959.675065] /dev/input/event1: 0000 0000 00000000
[   30959.685092] /dev/input/event1: 0003 0036 000012aa
[   30959.685092] /dev/input/event1: 0000 0000 00000000
[   30959.696427] /dev/input/event1: 0003 0036 00001266
[   30959.696427] /dev/input/event1: 0000 0000 00000000
[   30959.719003] /dev/input/event1: 0003 0036 00001221
[   30959.719003] /dev/input/event1: 0000 0000 00000000
[   30959.730011] /dev/input/event1: 0003 0035 000054bc
[   30959.730011] /dev/input/event1: 0000 0000 00000000
[   30959.741766] /dev/input/event1: 0003 0036 000011ff
[   30959.741766] /dev/input/event1: 0000 0000 00000000
[   30959.775228] /dev/input/event1: 0003 0036 000011cc
[   30959.775228] /dev/input/event1: 0000 0000 00000000
[   30959.776765] /dev/input/event1: 0003 0036 000011aa
[   30959.776765] /dev/input/event1: 0000 0000 00000000
[   30959.786183] /dev/input/event1: 0003 0036 00001188
[   30959.786183] /dev/input/event1: 0000 0000 00000000
[   30959.797457] /dev/input/event1: 0003 0036 00001166
[   30959.797457] /dev/input/event1: 0000 0000 00000000
[   30959.808822] /dev/input/event1: 0003 0036 00001144
[   30959.808822] /dev/input/event1: 0000 0000 00000000
[   30959.831347] /dev/input/event1: 0003 0036 00001121
[   30959.831347] /dev/input/event1: 0000 0000 00000000
[   30959.853888] /dev/input/event1: 0003 0036 000010ff
[   30959.853888] /dev/input/event1: 0000 0000 00000000
[   30959.899041] /dev/input/event1: 0003 0036 000010cc
[   30959.899041] /dev/input/event1: 0000 0000 00000000
[   30959.921355] /dev/input/event1: 0003 0036 000010aa
[   30959.921355] /dev/input/event1: 0000 0000 00000000
[   30959.943832] /dev/input/event1: 0003 0036 00001088
[   30959.943832] /dev/input/event1: 0000 0000 00000000
[   30959.955171] /dev/input/event1: 0003 0036 00001066
[   30959.955171] /dev/input/event1: 0000 0000 00000000
[   30959.966863] /dev/input/event1: 0003 0035 00005480
[   30959.966863] /dev/input/event1: 0003 0036 00001044
[   30959.966863] /dev/input/event1: 0000 0000 00000000
[   30959.988952] /dev/input/event1: 0003 0036 00001022
[   30959.988952] /dev/input/event1: 0000 0000 00000000
[   30960.000332] /dev/input/event1: 0003 0036 00000fff
[   30960.000332] /dev/input/event1: 0000 0000 00000000
[   30960.033941] /dev/input/event1: 0003 0036 00000fcc
[   30960.033941] /dev/input/event1: 0000 0000 00000000
[   30960.056228] /dev/input/event1: 0003 0036 00000faa
[   30960.056228] /dev/input/event1: 0000 0000 00000000
[   30960.078689] /dev/input/event1: 0003 0036 00000f88
[   30960.078689] /dev/input/event1: 0000 0000 00000000
[   30960.089973] /dev/input/event1: 0003 0036 00000f44
[   30960.089973] /dev/input/event1: 0000 0000 00000000
[   30960.101342] /dev/input/event1: 0003 0036 00000f22
[   30960.101342] /dev/input/event1: 0000 0000 00000000
[   30960.112654] /dev/input/event1: 0003 0036 00000eff
[   30960.112654] /dev/input/event1: 0000 0000 00000000
[   30960.125040] /dev/input/event1: 0003 0036 00000ecc
[   30960.125040] /dev/input/event1: 0000 0000 00000000
[   30960.147793] /dev/input/event1: 0003 0036 00000eaa
[   30960.147793] /dev/input/event1: 0000 0000 00000000
[   30960.158508] /dev/input/event1: 0003 0036 00000e88
[   30960.158508] /dev/input/event1: 0000 0000 00000000
[   30960.179946] /dev/input/event1: 0003 0036 00000e66
[   30960.179946] /dev/input/event1: 0000 0000 00000000
[   30960.202698] /dev/input/event1: 0003 0036 00000e44
[   30960.202698] /dev/input/event1: 0000 0000 00000000
[   30960.247409] /dev/input/event1: 0003 0036 00000e22
[   30960.247409] /dev/input/event1: 0000 0000 00000000
[   30960.281380] /dev/input/event1: 0003 0036 00000dff
[   30960.281380] /dev/input/event1: 0000 0000 00000000
[   30960.337611] /dev/input/event1: 0003 0036 00000dcc
[   30960.337611] /dev/input/event1: 0000 0000 00000000
[   30960.655373] /dev/input/event1: 0003 0036 00000daa
[   30960.655373] /dev/input/event1: 0000 0000 00000000
[   30960.686278] /dev/input/event1: 0003 0036 00000d88
[   30960.686278] /dev/input/event1: 0000 0000 00000000
[   30960.878955] /dev/input/event1: 0003 003a 00000000
[   30960.878955] /dev/input/event1: 0003 0039 ffffffff
[   30960.878955] /dev/input/event1: 0000 0000 00000000
[   30962.714111] /dev/input/event1: 0003 0039 00000000
[   30962.714111] /dev/input/event1: 0003 0030 00000267
[   30962.714111] /dev/input/event1: 0003 003a 00000081
[   30962.714111] /dev/input/event1: 0003 0035 0000595c
[   30962.714111] /dev/input/event1: 0003 0036 000036ff
[   30962.714111] /dev/input/event1: 0000 0000 00000000
[   30963.162941] /dev/input/event1: 0003 0036 000036cc
[   30963.162941] /dev/input/event1: 0000 0000 00000000
[   30963.175040] /dev/input/event1: 0003 0036 00003688
[   30963.175040] /dev/input/event1: 0000 0000 00000000
[   30963.185765] /dev/input/event1: 0003 0036 00003643
[   30963.185765] /dev/input/event1: 0000 0000 00000000
[   30963.195117] /dev/input/event1: 0003 0036 000035cc
[   30963.195117] /dev/input/event1: 0000 0000 00000000
[   30963.206344] /dev/input/event1: 0003 0036 00003565
[   30963.206344] /dev/input/event1: 0000 0000 00000000
[   30963.217756] /dev/input/event1: 0003 0035 00005998
[   30963.217756] /dev/input/event1: 0003 0036 000034ff
[   30963.217756] /dev/input/event1: 0000 0000 00000000
[   30963.228745] /dev/input/event1: 0003 0036 000034aa
[   30963.228745] /dev/input/event1: 0000 0000 00000000
[   30963.240209] /dev/input/event1: 0003 0036 00003421
[   30963.240209] /dev/input/event1: 0000 0000 00000000
[   30963.251364] /dev/input/event1: 0003 0036 000033cc
[   30963.251364] /dev/input/event1: 0000 0000 00000000
[   30963.274995] /dev/input/event1: 0003 0036 00003365
[   30963.274995] /dev/input/event1: 0000 0000 00000000
[   30963.275384] /dev/input/event1: 0003 0036 000032ff
[   30963.275384] /dev/input/event1: 0000 0000 00000000
[   30963.285364] /dev/input/event1: 0003 0036 00003243
[   30963.285364] /dev/input/event1: 0000 0000 00000000
[   30963.296885] /dev/input/event1: 0003 0036 000031aa
[   30963.296885] /dev/input/event1: 0000 0000 00000000
[   30963.308694] /dev/input/event1: 0003 0036 000030ff
[   30963.308694] /dev/input/event1: 0000 0000 00000000
[   30963.318767] /dev/input/event1: 0003 0036 00003088
[   30963.318767] /dev/input/event1: 0000 0000 00000000
[   30963.330136] /dev/input/event1: 0003 0036 00003021
[   30963.330136] /dev/input/event1: 0000 0000 00000000
[   30963.342089] /dev/input/event1: 0003 0036 00002fcc
[   30963.342089] /dev/input/event1: 0000 0000 00000000
[   30963.352476] /dev/input/event1: 0003 0036 00002f66
[   30963.352476] /dev/input/event1: 0000 0000 00000000
[   30963.364239] /dev/input/event1: 0003 0036 00002f43
[   30963.364239] /dev/input/event1: 0000 0000 00000000
[   30963.375327] /dev/input/event1: 0003 0036 00002eff
[   30963.375327] /dev/input/event1: 0000 0000 00000000
[   30963.386210] /dev/input/event1: 0003 0036 00002eaa
[   30963.386210] /dev/input/event1: 0000 0000 00000000
[   30963.397843] /dev/input/event1: 0003 0035 000059d5
[   30963.397843] /dev/input/event1: 0003 0036 00002e88
[   30963.397843] /dev/input/event1: 0000 0000 00000000
[   30963.409055] /dev/input/event1: 0003 0036 00002e66
[   30963.409055] /dev/input/event1: 0000 0000 00000000
[   30963.419962] /dev/input/event1: 0003 0036 00002e21
[   30963.419962] /dev/input/event1: 0000 0000 00000000
[   30963.431372] /dev/input/event1: 0003 0036 00002dff
[   30963.431372] /dev/input/event1: 0000 0000 00000000
[   30963.442641] /dev/input/event1: 0003 0036 00002dcc
[   30963.442641] /dev/input/event1: 0000 0000 00000000
[   30963.454059] /dev/input/event1: 0003 0036 00002daa
[   30963.454059] /dev/input/event1: 0000 0000 00000000
[   30963.465247] /dev/input/event1: 0003 0036 00002d66
[   30963.465247] /dev/input/event1: 0000 0000 00000000
[   30963.476499] /dev/input/event1: 0003 0036 00002d21
[   30963.476499] /dev/input/event1: 0000 0000 00000000
[   30963.487614] /dev/input/event1: 0003 0036 00002caa
[   30963.487614] /dev/input/event1: 0000 0000 00000000
[   30963.499093] /dev/input/event1: 0003 0036 00002c66
[   30963.499093] /dev/input/event1: 0000 0000 00000000
[   30963.510124] /dev/input/event1: 0003 0035 00005a12
[   30963.510124] /dev/input/event1: 0003 0036 00002c21
[   30963.510124] /dev/input/event1: 0000 0000 00000000
[   30963.521651] /dev/input/event1: 0003 0036 00002bcc
[   30963.521651] /dev/input/event1: 0000 0000 00000000
[   30963.532840] /dev/input/event1: 0003 0036 00002b88
[   30963.532840] /dev/input/event1: 0000 0000 00000000
[   30963.543971] /dev/input/event1: 0003 0036 00002b21
[   30963.543971] /dev/input/event1: 0000 0000 00000000
[   30963.554999] /dev/input/event1: 0003 0035 00005a4e
[   30963.554999] /dev/input/event1: 0003 0036 00002a88
[   30963.554999] /dev/input/event1: 0000 0000 00000000
[   30963.567264] /dev/input/event1: 0003 0035 00005aa9
[   30963.567264] /dev/input/event1: 0003 0036 000029cc
[   30963.567264] /dev/input/event1: 0000 0000 00000000
[   30963.577420] /dev/input/event1: 0003 0036 00002943
[   30963.577420] /dev/input/event1: 0000 0000 00000000
[   30963.588848] /dev/input/event1: 0003 0035 00005ae6
[   30963.588848] /dev/input/event1: 0003 0036 00002866
[   30963.588848] /dev/input/event1: 0000 0000 00000000
[   30963.600167] /dev/input/event1: 0003 0036 00002788
[   30963.600167] /dev/input/event1: 0000 0000 00000000
[   30963.612234] /dev/input/event1: 0003 0035 00005b23
[   30963.612234] /dev/input/event1: 0003 0036 000026cc
[   30963.612234] /dev/input/event1: 0000 0000 00000000
[   30963.634832] /dev/input/event1: 0003 0036 00002621
[   30963.634832] /dev/input/event1: 0000 0000 00000000
[   30963.636247] /dev/input/event1: 0003 0036 00002588
[   30963.636247] /dev/input/event1: 0000 0000 00000000
[   30963.645070] /dev/input/event1: 0003 0035 00005b5f
[   30963.645070] /dev/input/event1: 0003 0036 000024cc
[   30963.645070] /dev/input/event1: 0000 0000 00000000
[   30963.656339] /dev/input/event1: 0003 0036 00002443
[   30963.656339] /dev/input/event1: 0000 0000 00000000
[   30963.667554] /dev/input/event1: 0003 0036 000023ff
[   30963.667554] /dev/input/event1: 0000 0000 00000000
[   30963.678940] /dev/input/event1: 0003 0036 00002366
[   30963.678940] /dev/input/event1: 0000 0000 00000000
[   30963.690209] /dev/input/event1: 0003 0036 000022ff
[   30963.690209] /dev/input/event1: 0000 0000 00000000
[   30963.701472] /dev/input/event1: 0003 0036 000022aa
[   30963.701472] /dev/input/event1: 0000 0000 00000000
[   30963.712723] /dev/input/event1: 0003 0036 00002266
[   30963.712723] /dev/input/event1: 0000 0000 00000000
[   30963.725764] /dev/input/event1: 0003 0036 00002221
[   30963.725764] /dev/input/event1: 0000 0000 00000000
[   30963.746467] /dev/input/event1: 0003 0036 000021aa
[   30963.746467] /dev/input/event1: 0000 0000 00000000
[   30963.748103] /dev/input/event1: 0003 0036 00002166
[   30963.748103] /dev/input/event1: 0000 0000 00000000
[   30963.758711] /dev/input/event1: 0003 0036 00002121
[   30963.758711] /dev/input/event1: 0000 0000 00000000
[   30963.769070] /dev/input/event1: 0003 0036 000020aa
[   30963.769070] /dev/input/event1: 0000 0000 00000000
[   30963.780096] /dev/input/event1: 0003 0036 00002044
[   30963.780096] /dev/input/event1: 0000 0000 00000000
[   30963.792019] /dev/input/event1: 0003 0036 00001fff
[   30963.792019] /dev/input/event1: 0000 0000 00000000
[   30963.803172] /dev/input/event1: 0003 0036 00001faa
[   30963.803172] /dev/input/event1: 0000 0000 00000000
[   30963.813841] /dev/input/event1: 0003 0036 00001f66
[   30963.813841] /dev/input/event1: 0000 0000 00000000
[   30963.825371] /dev/input/event1: 0003 0036 00001f21
[   30963.825371] /dev/input/event1: 0000 0000 00000000
[   30963.836421] /dev/input/event1: 0003 0036 00001eaa
[   30963.836421] /dev/input/event1: 0000 0000 00000000
[   30963.847646] /dev/input/event1: 0003 0036 00001e66
[   30963.847646] /dev/input/event1: 0000 0000 00000000
[   30963.858949] /dev/input/event1: 0003 0036 00001dcc
[   30963.858949] /dev/input/event1: 0000 0000 00000000
[   30963.870068] /dev/input/event1: 0003 0036 00001d21
[   30963.870068] /dev/input/event1: 0000 0000 00000000
[   30963.881320] /dev/input/event1: 0003 0035 00005b23
[   30963.881320] /dev/input/event1: 0003 0036 00001caa
[   30963.881320] /dev/input/event1: 0000 0000 00000000
[   30963.892630] /dev/input/event1: 0003 0036 00001bff
[   30963.892630] /dev/input/event1: 0000 0000 00000000
[   30963.903968] /dev/input/event1: 0003 0036 00001b44
[   30963.903968] /dev/input/event1: 0000 0000 00000000
[   30963.915451] /dev/input/event1: 0003 0035 00005ae6
[   30963.915451] /dev/input/event1: 0003 0036 00001aaa
[   30963.915451] /dev/input/event1: 0000 0000 00000000
[   30963.926281] /dev/input/event1: 0003 0036 00001a66
[   30963.926281] /dev/input/event1: 0000 0000 00000000
[   30963.937499] /dev/input/event1: 0003 0036 000019ff
[   30963.937499] /dev/input/event1: 0000 0000 00000000
[   30963.948884] /dev/input/event1: 0003 0036 00001988
[   30963.948884] /dev/input/event1: 0000 0000 00000000
[   30963.960200] /dev/input/event1: 0003 0036 000018ff
[   30963.960200] /dev/input/event1: 0000 0000 00000000
[   30963.971313] /dev/input/event1: 0003 0035 00005aa9
[   30963.971313] /dev/input/event1: 0003 0036 00001888
[   30963.971313] /dev/input/event1: 0000 0000 00000000
[   30963.982524] /dev/input/event1: 0003 0036 000017ff
[   30963.982524] /dev/input/event1: 0000 0000 00000000
[   30963.993714] /dev/input/event1: 0003 0036 00001744
[   30963.993714] /dev/input/event1: 0000 0000 00000000
[   30964.004928] /dev/input/event1: 0003 0036 00001688
[   30964.004928] /dev/input/event1: 0000 0000 00000000
[   30964.016556] /dev/input/event1: 0003 0036 000015cc
[   30964.016556] /dev/input/event1: 0000 0000 00000000
[   30964.027551] /dev/input/event1: 0003 0035 00005ae6
[   30964.027551] /dev/input/event1: 0003 0036 00001588
[   30964.027551] /dev/input/event1: 0000 0000 00000000
[   30964.038933] /dev/input/event1: 0003 0036 000014ff
[   30964.038933] /dev/input/event1: 0000 0000 00000000
[   30964.051749] /dev/input/event1: 0003 0036 00001488
[   30964.051749] /dev/input/event1: 0000 0000 00000000
[   30964.061264] /dev/input/event1: 0003 0036 00001444
[   30964.061264] /dev/input/event1: 0000 0000 00000000
[   30964.072500] /dev/input/event1: 0003 0035 00005b23
[   30964.072500] /dev/input/event1: 0003 0036 000013ff
[   30964.072500] /dev/input/event1: 0000 0000 00000000
[   30964.084000] /dev/input/event1: 0003 0036 000013cc
[   30964.084000] /dev/input/event1: 0000 0000 00000000
[   30964.094960] /dev/input/event1: 0003 0036 000013aa
[   30964.094960] /dev/input/event1: 0000 0000 00000000
[   30964.106263] /dev/input/event1: 0003 0036 00001388
[   30964.106263] /dev/input/event1: 0000 0000 00000000
[   30964.117478] /dev/input/event1: 0003 0036 00001366
[   30964.117478] /dev/input/event1: 0000 0000 00000000
[   30964.129479] /dev/input/event1: 0003 0036 00001344
[   30964.129479] /dev/input/event1: 0000 0000 00000000
[   30964.139936] /dev/input/event1: 0003 0036 00001321
[   30964.139936] /dev/input/event1: 0000 0000 00000000
[   30964.151348] /dev/input/event1: 0003 0036 000012ff
[   30964.151348] /dev/input/event1: 0000 0000 00000000
[   30964.173778] /dev/input/event1: 0003 0036 000012cc
[   30964.173778] /dev/input/event1: 0000 0000 00000000
[   30964.185293] /dev/input/event1: 0003 0036 000012aa
[   30964.185293] /dev/input/event1: 0000 0000 00000000
[   30964.196187] /dev/input/event1: 0003 0036 00001288
[   30964.196187] /dev/input/event1: 0000 0000 00000000
[   30964.218826] /dev/input/event1: 0003 0036 00001266
[   30964.218826] /dev/input/event1: 0000 0000 00000000
[   30964.230913] /dev/input/event1: 0003 0036 00001244
[   30964.230913] /dev/input/event1: 0000 0000 00000000
[   30964.242159] /dev/input/event1: 0003 0036 00001221
[   30964.242159] /dev/input/event1: 0000 0000 00000000
[   30964.252641] /dev/input/event1: 0003 0036 000011ff
[   30964.252641] /dev/input/event1: 0000 0000 00000000
[   30964.275606] /dev/input/event1: 0003 0036 000011cc
[   30964.275606] /dev/input/event1: 0000 0000 00000000
[   30964.297490] /dev/input/event1: 0003 0036 000011aa
[   30964.297490] /dev/input/event1: 0000 0000 00000000
[   30964.308839] /dev/input/event1: 0003 0036 00001188
[   30964.308839] /dev/input/event1: 0000 0000 00000000
[   30964.319928] /dev/input/event1: 0003 0036 00001166
[   30964.319928] /dev/input/event1: 0000 0000 00000000
[   30964.331258] /dev/input/event1: 0003 0036 00001144
[   30964.331258] /dev/input/event1: 0000 0000 00000000
[   30964.342470] /dev/input/event1: 0003 0036 000010ff
[   30964.342470] /dev/input/event1: 0000 0000 00000000
[   30964.353666] /dev/input/event1: 0003 0036 000010cc
[   30964.353666] /dev/input/event1: 0000 0000 00000000
[   30964.365288] /dev/input/event1: 0003 0036 00001088
[   30964.365288] /dev/input/event1: 0000 0000 00000000
[   30964.376201] /dev/input/event1: 0003 0036 00001066
[   30964.376201] /dev/input/event1: 0000 0000 00000000
[   30964.387415] /dev/input/event1: 0003 0036 00001022
[   30964.387415] /dev/input/event1: 0000 0000 00000000
[   30964.398850] /dev/input/event1: 0003 0036 00000fff
[   30964.398850] /dev/input/event1: 0000 0000 00000000
[   30964.410610] /dev/input/event1: 0003 0036 00000faa
[   30964.410610] /dev/input/event1: 0000 0000 00000000
[   30964.421268] /dev/input/event1: 0003 0036 00000f88
[   30964.421268] /dev/input/event1: 0000 0000 00000000
[   30964.433336] /dev/input/event1: 0003 0036 00000f66
[   30964.433336] /dev/input/event1: 0000 0000 00000000
[   30964.443758] /dev/input/event1: 0003 0036 00000f22
[   30964.443758] /dev/input/event1: 0000 0000 00000000
[   30964.455029] /dev/input/event1: 0003 0036 00000eff
[   30964.455029] /dev/input/event1: 0000 0000 00000000
[   30964.466293] /dev/input/event1: 0003 0036 00000ecc
[   30964.466293] /dev/input/event1: 0000 0000 00000000
[   30964.477723] /dev/input/event1: 0003 0036 00000eaa
[   30964.477723] /dev/input/event1: 0000 0000 00000000
[   30964.488716] /dev/input/event1: 0003 0036 00000e88
[   30964.488716] /dev/input/event1: 0000 0000 00000000
[   30964.500830] /dev/input/event1: 0003 0036 00000e66
[   30964.500830] /dev/input/event1: 0000 0000 00000000
[   30964.511287] /dev/input/event1: 0003 0036 00000e44
[   30964.511287] /dev/input/event1: 0000 0000 00000000
[   30964.522442] /dev/input/event1: 0003 0036 00000e22
[   30964.522442] /dev/input/event1: 0000 0000 00000000
[   30964.533962] /dev/input/event1: 0003 0036 00000dff
[   30964.533962] /dev/input/event1: 0000 0000 00000000
[   30964.556185] /dev/input/event1: 0003 0036 00000dcc
[   30964.556185] /dev/input/event1: 0000 0000 00000000
[   30964.657387] /dev/input/event1: 0003 0036 00000daa
[   30964.657387] /dev/input/event1: 0000 0000 00000000
[   30965.119271] /dev/input/event1: 0003 003a 00000000
[   30965.119271] /dev/input/event1: 0003 0039 ffffffff
[   30965.119271] /dev/input/event1: 0000 0000 00000000
[   30967.022282] /dev/input/event1: 0003 0039 00000000
[   30967.022282] /dev/input/event1: 0003 0030 00000268
[   30967.022282] /dev/input/event1: 0003 003a 00000081
[   30967.022282] /dev/input/event1: 0003 0035 00005554
[   30967.022282] /dev/input/event1: 0003 0036 00003c43
[   30967.022282] /dev/input/event1: 0000 0000 00000000
[   30967.449764] /dev/input/event1: 0003 0036 00003c21
[   30967.449764] /dev/input/event1: 0000 0000 00000000
[   30967.459964] /dev/input/event1: 0003 0035 000054f9
[   30967.459964] /dev/input/event1: 0003 0036 00003baa
[   30967.459964] /dev/input/event1: 0000 0000 00000000
[   30967.471673] /dev/input/event1: 0003 0036 00003b21
[   30967.471673] /dev/input/event1: 0000 0000 00000000
[   30967.481729] /dev/input/event1: 0003 0036 00003a88
[   30967.481729] /dev/input/event1: 0000 0000 00000000
[   30967.492682] /dev/input/event1: 0003 0036 000039ff
[   30967.492682] /dev/input/event1: 0000 0000 00000000
[   30967.505184] /dev/input/event1: 0003 0036 00003965
[   30967.505184] /dev/input/event1: 0000 0000 00000000
[   30967.515805] /dev/input/event1: 0003 0036 000038aa
[   30967.515805] /dev/input/event1: 0000 0000 00000000
[   30967.526990] /dev/input/event1: 0003 0036 00003821
[   30967.526990] /dev/input/event1: 0000 0000 00000000
[   30967.537494] /dev/input/event1: 0003 0036 00003765
[   30967.537494] /dev/input/event1: 0000 0000 00000000
[   30967.549033] /dev/input/event1: 0003 0036 00003721
[   30967.549033] /dev/input/event1: 0000 0000 00000000
[   30967.560265] /dev/input/event1: 0003 0036 000036aa
[   30967.560265] /dev/input/event1: 0000 0000 00000000
[   30967.572094] /dev/input/event1: 0003 0036 00003643
[   30967.572094] /dev/input/event1: 0000 0000 00000000
[   30967.582717] /dev/input/event1: 0003 0036 000035cc
[   30967.582717] /dev/input/event1: 0000 0000 00000000
[   30967.593766] /dev/input/event1: 0003 0036 00003588
[   30967.593766] /dev/input/event1: 0000 0000 00000000
[   30967.605285] /dev/input/event1: 0003 0036 000034ff
[   30967.605285] /dev/input/event1: 0000 0000 00000000
[   30967.616336] /dev/input/event1: 0003 0036 00003465
[   30967.616336] /dev/input/event1: 0000 0000 00000000
[   30967.627438] /dev/input/event1: 0003 0036 000033ff
[   30967.627438] /dev/input/event1: 0000 0000 00000000
[   30967.650087] /dev/input/event1: 0003 0036 00003365
[   30967.650087] /dev/input/event1: 0000 0000 00000000
[   30967.651543] /dev/input/event1: 0003 0036 000032aa
[   30967.651543] /dev/input/event1: 0000 0000 00000000
[   30967.661184] /dev/input/event1: 0003 0036 00003221
[   30967.661184] /dev/input/event1: 0000 0000 00000000
[   30967.672539] /dev/input/event1: 0003 0036 00003188
[   30967.672539] /dev/input/event1: 0000 0000 00000000
[   30967.684610] /dev/input/event1: 0003 0036 000030ff
[   30967.684610] /dev/input/event1: 0000 0000 00000000
[   30967.695052] /dev/input/event1: 0003 0036 00003043
[   30967.695052] /dev/input/event1: 0000 0000 00000000
[   30967.706409] /dev/input/event1: 0003 0035 000054bc
[   30967.706409] /dev/input/event1: 0003 0036 00002f88
[   30967.706409] /dev/input/event1: 0000 0000 00000000
[   30967.717576] /dev/input/event1: 0003 0036 00002eff
[   30967.717576] /dev/input/event1: 0000 0000 00000000
[   30967.729297] /dev/input/event1: 0003 0036 00002e43
[   30967.729297] /dev/input/event1: 0000 0000 00000000
[   30967.740006] /dev/input/event1: 0003 0036 00002d88
[   30967.740006] /dev/input/event1: 0000 0000 00000000
[   30967.751351] /dev/input/event1: 0003 0035 00005480
[   30967.751351] /dev/input/event1: 0003 0036 00002ccc
[   30967.751351] /dev/input/event1: 0000 0000 00000000
[   30967.762462] /dev/input/event1: 0003 0036 00002c66
[   30967.762462] /dev/input/event1: 0000 0000 00000000
[   30967.773747] /dev/input/event1: 0003 0036 00002bff
[   30967.773747] /dev/input/event1: 0000 0000 00000000
[   30967.784995] /dev/input/event1: 0003 0036 00002baa
[   30967.784995] /dev/input/event1: 0000 0000 00000000
[   30967.796592] /dev/input/event1: 0003 0035 00005443
[   30967.796592] /dev/input/event1: 0003 0036 00002b43
[   30967.796592] /dev/input/event1: 0000 0000 00000000
[   30967.808603] /dev/input/event1: 0003 0036 00002aff
[   30967.808603] /dev/input/event1: 0000 0000 00000000
[   30967.819203] /dev/input/event1: 0003 0035 00005406
[   30967.819203] /dev/input/event1: 0003 0036 00002a43
[   30967.819203] /dev/input/event1: 0000 0000 00000000
[   30967.830025] /dev/input/event1: 0003 0035 000053ca
[   30967.830025] /dev/input/event1: 0003 0036 000029aa
[   30967.830025] /dev/input/event1: 0000 0000 00000000
[   30967.842000] /dev/input/event1: 0003 0036 000028ff
[   30967.842000] /dev/input/event1: 0000 0000 00000000
[   30967.852465] /dev/input/event1: 0003 0036 00002888
[   30967.852465] /dev/input/event1: 0000 0000 00000000
[   30967.864069] /dev/input/event1: 0003 0035 0000538d
[   30967.864069] /dev/input/event1: 0003 0036 000027ff
[   30967.864069] /dev/input/event1: 0000 0000 00000000
[   30967.875427] /dev/input/event1: 0003 0036 00002788
[   30967.875427] /dev/input/event1: 0000 0000 00000000
[   30967.886379] /dev/input/event1: 0003 0036 00002743
[   30967.886379] /dev/input/event1: 0000 0000 00000000
[   30967.919977] /dev/input/event1: 0003 0036 00002721
[   30967.919977] /dev/input/event1: 0000 0000 00000000
[   30968.392662] /dev/input/event1: 0003 003a 00000000
[   30968.392662] /dev/input/event1: 0003 0039 ffffffff
[   30968.392662] /dev/input/event1: 0000 0000 00000000
[   30969.766901] /dev/input/event1: 0003 0039 00000000
[   30969.766901] /dev/input/event1: 0003 0030 00000269
[   30969.766901] /dev/input/event1: 0003 003a 00000081
[   30969.766901] /dev/input/event1: 0003 0035 00002443
[   30969.766901] /dev/input/event1: 0003 0036 00003eaa
[   30969.766901] /dev/input/event1: 0000 0000 00000000
[   30969.902031] /dev/input/event1: 0003 003a 00000000
[   30969.902031] /dev/input/event1: 0003 0039 ffffffff
[   30969.902031] /dev/input/event1: 0000 0000 00000000
[   30972.658335] /dev/input/event1: 0003 0039 00000000
[   30972.658335] /dev/input/event1: 0003 0030 0000026a
[   30972.658335] /dev/input/event1: 0003 003a 00000081
[   30972.658335] /dev/input/event1: 0003 0035 00006b23
[   30972.658335] /dev/input/event1: 0003 0036 000036ff
[   30972.658335] /dev/input/event1: 0000 0000 00000000
[   30972.759094] /dev/input/event1: 0003 003a 00000000
[   30972.759094] /dev/input/event1: 0003 0039 ffffffff
[   30972.759094] /dev/input/event1: 0000 0000 00000000
[   30975.550009] /dev/input/event1: 0003 0039 00000000
[   30975.550009] /dev/input/event1: 0003 0030 0000026b
[   30975.550009] /dev/input/event1: 0003 003a 00000081
[   30975.550009] /dev/input/event1: 0003 0035 00001b9d
[   30975.550009] /dev/input/event1: 0003 0036 000058ff
[   30975.550009] /dev/input/event1: 0000 0000 00000000
[   30975.684778] /dev/input/event1: 0003 003a 00000000
[   30975.684778] /dev/input/event1: 0003 0039 ffffffff
[   30975.684778] /dev/input/event1: 0000 0000 00000000
[   30978.789335] /dev/input/event1: 0003 0039 00000000
[   30978.789335] /dev/input/event1: 0003 0030 0000026c
[   30978.789335] /dev/input/event1: 0003 003a 00000081
[   30978.789335] /dev/input/event1: 0003 0035 00006a12
[   30978.789335] /dev/input/event1: 0003 0036 00004ecc
[   30978.789335] /dev/input/event1: 0000 0000 00000000
[   30978.912058] /dev/input/event1: 0003 003a 00000000
[   30978.912058] /dev/input/event1: 0003 0039 ffffffff
[   30978.912058] /dev/input/event1: 0000 0000 00000000
[   30982.636626] /dev/input/event1: 0003 0039 00000000
[   30982.636626] /dev/input/event1: 0003 0030 0000026d
[   30982.636626] /dev/input/event1: 0003 003a 00000081
[   30982.636626] /dev/input/event1: 0003 0035 000008e3
[   30982.636626] /dev/input/event1: 0003 0036 00000966
[   30982.636626] /dev/input/event1: 0000 0000 00000000
[   30982.759123] /dev/input/event1: 0003 003a 00000000
[   30982.759123] /dev/input/event1: 0003 0039 ffffffff
[   30982.759123] /dev/input/event1: 0000 0000 00000000