add device 1: /dev/input/event0
  name:     "Power Button"
add device 2: /dev/input/event1
  name:     "qwerty2"
[    6142.564860] /dev/input/event1: 0003 0039 00000000
[    6142.564860] /dev/input/event1: 0003 0030 0000015b
[    6142.564860] /dev/input/event1: 0003 003a 00000081
[    6142.564860] /dev/input/event1: 0003 0035 00005d63
[    6142.564860] /dev/input/event1: 0003 0036 00007298
[    6142.564860] /dev/input/event1: 0000 0000 00000000
[    6142.753312] /dev/input/event1: 0003 003a 00000000
[    6142.753312] /dev/input/event1: 0003 0039 ffffffff
[    6142.753312] /dev/input/event1: 0000 0000 00000000
[    6145.678269] /dev/input/event1: 0003 0039 00000000
[    6145.678269] /dev/input/event1: 0003 0030 0000015c
[    6145.678269] /dev/input/event1: 0003 003a 00000081
[    6145.678269] /dev/input/event1: 0003 0035 00005fff
[    6145.678269] /dev/input/event1: 0003 0036 00007343
[    6145.678269] /dev/input/event1: 0000 0000 00000000
[    6145.801398] /dev/input/event1: 0003 003a 00000000
[    6145.801398] /dev/input/event1: 0003 0039 ffffffff
[    6145.801398] /dev/input/event1: 0000 0000 00000000
[    6149.171469] /dev/input/event1: 0003 0039 00000000
[    6149.171469] /dev/input/event1: 0003 0030 0000015d
[    6149.171469] /dev/input/event1: 0003 003a 00000081
[    6149.171469] /dev/input/event1: 0000 0000 00000000
[    6149.295467] /dev/input/event1: 0003 003a 00000000
[    6149.295467] /dev/input/event1: 0003 0039 ffffffff
[    6149.295467] /dev/input/event1: 0000 0000 00000000
[    6152.709943] /dev/input/event1: 0003 0039 00000000
[    6152.709943] /dev/input/event1: 0003 0030 0000015e
[    6152.709943] /dev/input/event1: 0003 003a 00000081
[    6152.709943] /dev/input/event1: 0003 0035 00006fa4
[    6152.709943] /dev/input/event1: 0003 0036 000029aa
[    6152.709943] /dev/input/event1: 0000 0000 00000000
[    6152.847559] /dev/input/event1: 0003 003a 00000000
[    6152.847559] /dev/input/event1: 0003 0039 ffffffff
[    6152.847559] /dev/input/event1: 0000 0000 00000000
[    6156.100548] /dev/input/event1: 0003 0039 00000000
[    6156.100548] /dev/input/event1: 0003 0030 0000015f
[    6156.100548] /dev/input/event1: 0003 003a 00000081
[    6156.100548] /dev/input/event1: 0003 0035 00005fff
[    6156.100548] /dev/input/event1: 0003 0036 00007310
[    6156.100548] /dev/input/event1: 0000 0000 00000000
[    6156.289341] /dev/input/event1: 0003 003a 00000000
[    6156.289341] /dev/input/event1: 0003 0039 ffffffff
[    6156.289341] /dev/input/event1: 0000 0000 00000000
[    6158.977973] /dev/input/event1: 0003 0039 00000000
[    6158.977973] /dev/input/event1: 0003 0030 00000160
[    6158.977973] /dev/input/event1: 0003 003a 00000081
[    6158.977973] /dev/input/event1: 0000 0000 00000000
[    6159.103385] /dev/input/event1: 0003 003a 00000000
[    6159.103385] /dev/input/event1: 0003 0039 ffffffff
[    6159.103385] /dev/input/event1: 0000 0000 00000000
[    6162.464012] /dev/input/event1: 0003 0039 00000000
[    6162.464012] /dev/input/event1: 0003 0030 00000161
[    6162.464012] /dev/input/event1: 0003 003a 00000081
[    6162.464012] /dev/input/event1: 0003 0035 00005cad
[    6162.464012] /dev/input/event1: 0003 0036 00004776
[    6162.464012] /dev/input/event1: 0000 0000 00000000
[    6162.594466] /dev/input/event1: 0003 003a 00000000
[    6162.594466] /dev/input/event1: 0003 0039 ffffffff
[    6162.594466] /dev/input/event1: 0000 0000 00000000
[    6170.995209] /dev/input/event1: 0003 0039 00000000
[    6170.995209] /dev/input/event1: 0003 0030 00000162
[    6170.995209] /dev/input/event1: 0003 003a 00000081
[    6170.995209] /dev/input/event1: 0003 0035 0000705a
[    6170.995209] /dev/input/event1: 0003 0036 00006f43
[    6170.995209] /dev/input/event1: 0000 0000 00000000
[    6171.142803] /dev/input/event1: 0003 003a 00000000
[    6171.142803] /dev/input/event1: 0003 0039 ffffffff
[    6171.142803] /dev/input/event1: 0000 0000 00000000
[    6175.380821] /dev/input/event1: 0003 0039 00000000
[    6175.380821] /dev/input/event1: 0003 0030 00000163
[    6175.380821] /dev/input/event1: 0003 003a 00000081
[    6175.380821] /dev/input/event1: 0003 0035 00006d63
[    6175.380821] /dev/input/event1: 0003 0036 000050dd
[    6175.380821] /dev/input/event1: 0000 0000 00000000
[    6175.503753] /dev/input/event1: 0003 003a 00000000
[    6175.503753] /dev/input/event1: 0003 0039 ffffffff
[    6175.503753] /dev/input/event1: 0000 0000 00000000
[    6177.672633] /dev/input/event1: 0003 0039 00000000
[    6177.672633] /dev/input/event1: 0003 0030 00000164
[    6177.672633] /dev/input/event1: 0003 003a 00000081
[    6177.672633] /dev/input/event1: 0003 0035 0000391f
[    6177.672633] /dev/input/event1: 0003 0036 00005076
[    6177.672633] /dev/input/event1: 0000 0000 00000000
[    6177.744904] /dev/input/event1: 0003 003a 00000000
[    6177.744904] /dev/input/event1: 0003 0039 ffffffff
[    6177.744904] /dev/input/event1: 0000 0000 00000000
[    6179.627348] /dev/input/event1: 0003 0039 00000000
[    6179.627348] /dev/input/event1: 0003 0030 00000165
[    6179.627348] /dev/input/event1: 0003 003a 00000081
[    6179.627348] /dev/input/event1: 0003 0035 00004b9c
[    6179.627348] /dev/input/event1: 0003 0036 00005aa9
[    6179.627348] /dev/input/event1: 0000 0000 00000000
[    6179.699259] /dev/input/event1: 0003 003a 00000000
[    6179.699259] /dev/input/event1: 0003 0039 ffffffff
[    6179.699259] /dev/input/event1: 0000 0000 00000000
[    6181.852206] /dev/input/event1: 0003 0039 00000000
[    6181.852206] /dev/input/event1: 0003 0030 00000166
[    6181.852206] /dev/input/event1: 0003 003a 00000081
[    6181.852206] /dev/input/event1: 0003 0035 00001f0d
[    6181.852206] /dev/input/event1: 0003 0036 000050aa
[    6181.852206] /dev/input/event1: 0000 0000 00000000
[    6181.939980] /dev/input/event1: 0003 003a 00000000
[    6181.939980] /dev/input/event1: 0003 0039 ffffffff
[    6181.939980] /dev/input/event1: 0000 0000 00000000
[    6183.778575] /dev/input/event1: 0003 0039 00000000
[    6183.778575] /dev/input/event1: 0003 0030 00000167
[    6183.778575] /dev/input/event1: 0003 003a 00000081
[    6183.778575] /dev/input/event1: 0003 0035 00002d27
[    6183.778575] /dev/input/event1: 0000 0000 00000000
[    6183.881072] /dev/input/event1: 0003 003a 00000000
[    6183.881072] /dev/input/event1: 0003 0039 ffffffff
[    6183.881072] /dev/input/event1: 0000 0000 00000000
[    6186.838627] /dev/input/event1: 0003 0039 00000000
[    6186.838627] /dev/input/event1: 0003 0030 00000168
[    6186.838627] /dev/input/event1: 0003 003a 00000081
[    6186.838627] /dev/input/event1: 0003 0035 000076fd
[    6186.838627] /dev/input/event1: 0003 0036 00007165
[    6186.838627] /dev/input/event1: 0000 0000 00000000
[    6186.939258] /dev/input/event1: 0003 003a 00000000
[    6186.939258] /dev/input/event1: 0003 0039 ffffffff
[    6186.939258] /dev/input/event1: 0000 0000 00000000
[    6192.204597] /dev/input/event1: 0003 0039 00000000
[    6192.204597] /dev/input/event1: 0003 0030 00000169
[    6192.204597] /dev/input/event1: 0003 003a 00000081
[    6192.204597] /dev/input/event1: 0003 0035 00006b23
[    6192.204597] /dev/input/event1: 0003 0036 00004f65
[    6192.204597] /dev/input/event1: 0000 0000 00000000
[    6192.305395] /dev/input/event1: 0003 003a 00000000
[    6192.305395] /dev/input/event1: 0003 0039 ffffffff
[    6192.305395] /dev/input/event1: 0000 0000 00000000
[    6193.990852] /dev/input/event1: 0003 0039 00000000
[    6193.990852] /dev/input/event1: 0003 0030 0000016a
[    6193.990852] /dev/input/event1: 0003 003a 00000081
[    6193.990852] /dev/input/event1: 0003 0035 0000397a
[    6193.990852] /dev/input/event1: 0003 0036 000050dd
[    6193.990852] /dev/input/event1: 0000 0000 00000000
[    6194.070788] /dev/input/event1: 0003 003a 00000000
[    6194.070788] /dev/input/event1: 0003 0039 ffffffff
[    6194.070788] /dev/input/event1: 0000 0000 00000000
[    6195.710716] /dev/input/event1: 0003 0039 00000000
[    6195.710716] /dev/input/event1: 0003 0030 0000016b
[    6195.710716] /dev/input/event1: 0003 003a 00000081
[    6195.710716] /dev/input/event1: 0003 0035 00004c52
[    6195.710716] /dev/input/event1: 0003 0036 00005bee
[    6195.71071