add device 1: /dev/input/event0
  name:     "Power Button"
add device 2: /dev/input/event1
  name:     "qwerty2"
[    3218.140623] /dev/input/event1: 0003 0039 00000000
[    3218.140623] /dev/input/event1: 0003 0030 00000082
[    3218.140623] /dev/input/event1: 0003 003a 00000081
[    3218.140623] /dev/input/event1: 0003 0035 0000612e
[    3218.140623] /dev/input/event1: 0003 0036 000072cb
[    3218.140623] /dev/input/event1: 0000 0000 00000000
[    3218.266171] /dev/input/event1: 0003 003a 00000000
[    3218.266171] /dev/input/event1: 0003 0039 ffffffff
[    3218.266171] /dev/input/event1: 0000 0000 00000000
[    3221.563556] /dev/input/event1: 0003 0039 00000000
[    3221.563556] /dev/input/event1: 0003 0030 00000083
[    3221.563556] /dev/input/event1: 0003 003a 00000081
[    3221.563556] /dev/input/event1: 0000 0000 00000000
[    3221.680303] /dev/input/event1: 0003 003a 00000000
[    3221.680303] /dev/input/event1: 0003 0039 ffffffff
[    3221.680303] /dev/input/event1: 0000 0000 00000000
[    3225.629149] /dev/input/event1: 0003 0039 00000000
[    3225.629149] /dev/input/event1: 0003 0030 00000084
[    3225.629149] /dev/input/event1: 0003 003a 00000081
[    3225.629149] /dev/input/event1: 0000 0000 00000000
[    3225.782816] /dev/input/event1: 0003 003a 00000000
[    3225.782816] /dev/input/event1: 0003 0039 ffffffff
[    3225.782816] /dev/input/event1: 0000 0000 00000000
[    3228.999683] /dev/input/event1: 0003 0039 00000000
[    3228.999683] /dev/input/event1: 0003 0030 00000085
[    3228.999683] /dev/input/event1: 0003 003a 00000081
[    3228.999683] /dev/input/event1: 0003 0035 00006f49
[    3228.999683] /dev/input/event1: 0003 0036 00002943
[    3228.999683] /dev/input/event1: 0000 0000 00000000
[    3229.151920] /dev/input/event1: 0003 003a 00000000
[    3229.151920] /dev/input/event1: 0003 0039 ffffffff
[    3229.151920] /dev/input/event1: 0000 0000 00000000
[    3232.372154] /dev/input/event1: 0003 0039 00000000
[    3232.372154] /dev/input/event1: 0003 0030 00000086
[    3232.372154] /dev/input/event1: 0003 003a 00000081
[    3232.372154] /dev/input/event1: 0003 0035 00005e93
[    3232.372154] /dev/input/event1: 0003 0036 00007376
[    3232.372154] /dev/input/event1: 0000 0000 00000000
[    3232.513892] /dev/input/event1: 0003 003a 00000000
[    3232.513892] /dev/input/event1: 0003 0039 ffffffff
[    3232.513892] /dev/input/event1: 0000 0000 00000000
[    3236.564941] /dev/input/event1: 0003 0039 00000000
[    3236.564941] /dev/input/event1: 0003 0030 00000087
[    3236.564941] /dev/input/event1: 0003 003a 00000081
[    3236.564941] /dev/input/event1: 0000 0000 00000000
[    3236.733025] /dev/input/event1: 0003 003a 00000000
[    3236.733025] /dev/input/event1: 0003 0039 ffffffff
[    3236.733025] /dev/input/event1: 0000 0000 00000000
[    3240.843281] /dev/input/event1: 0003 0039 00000000
[    3240.843281] /dev/input/event1: 0003 0030 00000088
[    3240.843281] /dev/input/event1: 0003 003a 00000081
[    3240.843281] /dev/input/event1: 0003 0035 00005d08
[    3240.843281] /dev/input/event1: 0003 0036 000047aa
[    3240.843281] /dev/input/event1: 0000 0000 00000000
[    3240.958576] /dev/input/event1: 0003 003a 00000000
[    3240.958576] /dev/input/event1: 0003 0039 ffffffff
[    3240.958576] /dev/input/event1: 0000 0000 00000000
[    3248.196141] /dev/input/event1: 0003 0039 00000000
[    3248.196141] /dev/input/event1: 0003 0030 00000089
[    3248.196141] /dev/input/event1: 0003 003a 00000081
[    3248.196141] /dev/input/event1: 0003 0035 000008e3
[    3248.196141] /dev/input/event1: 0003 0036 000008ee
[    3248.196141] /dev/input/event1: 0000 0000 00000000
[    3248.342758] /dev/input/event1: 0003 003a 00000000
[    3248.342758] /dev/input/event1: 0003 0039 ffffffff
[    3248.342758] /dev/input/event1: 0000 0000 00000000
[    3252.517182] /dev/input/event1: 0003 0039 00000000
[    3252.517182] /dev/input/event1: 0003 0030 0000008a
[    3252.517182] /dev/input/event1: 0003 003a 00000081
[    3252.517182] /dev/input/event1: 0003 0035 0000512e
[    3252.517182] /dev/input/event1: 0003 0036 00001288
[    32