add device 1: /dev/input/event0
  name:     "Power Button"
add device 2: /dev/input/event1
  name:     "qwerty2"
[    5439.749881] /dev/input/event1: 0003 0039 00000000
[    5439.749881] /dev/input/event1: 0003 0030 00000123
[    5439.749881] /dev/input/event1: 0003 003a 00000081
[    5439.749881] /dev/input/event1: 0003 0035 0000612e
[    5439.749881] /dev/input/event1: 0003 0036 000073dc
[    5439.749881] /dev/input/event1: 0000 0000 00000000
[    5439.834013] /dev/input/event1: 0003 003a 00000000
[    5439.834013] /dev/input/event1: 0003 0039 ffffffff
[    5439.834013] /dev/input/event1: 0000 0000 00000000
[    5442.561658] /dev/input/event1: 0003 0039 00000000
[    5442.561658] /dev/input/event1: 0003 0030 00000124
[    5442.561658] /dev/input/event1: 0003 003a 00000081
[    5442.561658] /dev/input/event1: 0000 0000 00000000
[    5442.676828] /dev/input/event1: 0003 003a 00000000
[    5442.676828] /dev/input/event1: 0003 0039 ffffffff
[    5442.676828] /dev/input/event1: 0000 0000 00000000
[    5445.292394] /dev/input/event1: 0003 0039 00000000
[    5445.292394] /dev/input/event1: 0003 0030 00000125
[    5445.292394] /dev/input/event1: 0003 003a 00000081
[    5445.292394] /dev/input/event1: 0000 0000 00000000
[    5445.387421] /dev/input/event1: 0003 003a 00000000
[    5445.387421] /dev/input/event1: 0003 0039 ffffffff
[    5445.387421] /dev/input/event1: 0000 0000 00000000
[    5448.436190] /dev/input/event1: 0003 0039 00000000
[    5448.436190] /dev/input/event1: 0003 0030 00000126
[    5448.436190] /dev/input/event1: 0003 003a 00000081
[    5448.436190] /dev/input/event1: 0003 0035 00006f49
[    5448.436190] /dev/input/event1: 0003 0036 00002910
[    5448.436190] /dev/input/event1: 0000 0000 00000000
[    5448.551410] /dev/input/event1: 0003 003a 00000000
[    5448.551410] /dev/input/event1: 0003 0039 ffffffff
[    5448.551410] /dev/input/event1: 0000 0000 00000000
[    5451.306736] /dev/input/event1: 0003 0039 00000000
[    5451.306736] /dev/input/event1: 0003 0030 00000127
[    5451.306736] /dev/input/event1: 0003 003a 00000081
[    5451.306736] /dev/input/event1: 0003 0035 00005f49
[    5451.306736] /dev/input/event1: 0003 0036 00007265
[    5451.306736] /dev/input/event1: 0000 0000 00000000
[    5451.415262] /dev/input/event1: 0003 003a 00000000
[    5451.415262] /dev/input/event1: 0003 0039 ffffffff
[    5451.415262] /dev/input/event1: 0000 0000 00000000
[    5454.909941] /dev/input/event1: 0003 0039 00000000
[    5454.909941] /dev/input/event1: 0003 0030 00000128
[    5454.909941] /dev/input/event1: 0003 003a 00000081
[    5454.909941] /dev/input/event1: 0003 0036 00007343
[    5454.909941] /dev/input/event1: 0000 0000 00000000
[    5455.025735] /dev/input/event1: 0003 003a 00000000
[    5455.025735] /dev/input/event1: 0003 0039 ffffffff
[    5455.025735] /dev/input/event1: 0000 0000 00000000
[    5458.520575] /dev/input/event1: 0003 0039 00000000
[    5458.520575] /dev/input/event1: 0003 0030 00000129
[    5458.520575] /dev/input/event1: 0003 003a 00000081
[    5458.520575] /dev/input/event1: 0003 0035 00005bf7
[    5458.520575] /dev/input/event1: 0003 0036 000047aa
[    5458.520575] /dev/input/event1: 0000 0000 00000000
[    5458.650692] /dev/input/event1: 0003 003a 00000000
[    5458.650692] /dev/input/event1: 0003 0039 ffffffff
[    5458.650692] /dev/input/event1: 0000 0000 00000000
[    5466.911970] /dev/input/event1: 0003 0039 00000000
[    5466.911970] /dev/input/event1: 0003 0030 0000012a
[    5466.911970] /dev/input/event1: 0003 003a 00000081
[    5466.911970] /dev/input/event1: 0003 0035 00003795
[    5466.911970] /dev/input/event1: 0003 0036 00003c65
[    5466.911970] /dev/input/event1: 0000 0000 00000000
[    5467.050764] /dev/input/event1: 0003 003a 00000000
[    5467.050764] /dev/input/event1: 0003 0039 ffffffff
[    5467.050764] /dev/input/event1: 0000 0000 00000000
[    5470.946000] /dev/input/event1: 0003 0039 00000000
[    5470.946000] /dev/input/event1: 0003 0030 0000012b
[    5470.946000] /dev/input/event1: 0003 003a 00000081
[    5470.946000] /dev/input/event1: 0000 0000 00000000
[    5471.304450] /dev/input/event1: 0003 0036 00003c32
[    5471.304450] /dev/input/event1: 0000 0000 00000000
[    5471.312020] /dev/input/event1: 0003 0036 00003bff
[    5471.312020] /dev/input/event1: 0000 0000 00000000
[    5471.319579] /dev/input/event1: 0003 0036 00003bcc
[    5471.319579] /dev/input/event1: 0000 0000 00000000
[    5471.326559] /dev/input/event1: 0003 0036 00003b32
[    5471.326559] /dev/input/event1: 0000 0000 00000000
[    5471.334189] /dev/input/event1: 0003 0036 00003a88
[    5471.334189] /dev/input/event1: 0000 0000 00000000
[    5471.341023] /dev/input/event1: 0003 0036 00003a21
[    5471.341023] /dev/input/event1: 0000 0000 00000000
[    5471.348517] /dev/input/event1: 0003 0036 00003943
[    5471.348517] /dev/input/event1: 0000 0000 00000000
[    5471.355586] /dev/input/event1: 0003 0036 000038aa
[    5471.355586] /dev/input/event1: 0000 0000 00000000
[    5471.365311] /dev/input/event1: 0003 0036 00003810
[    5471.365311] /dev/input/event1: 0000 0000 00000000
[    5471.373044] /dev/input/event1: 0003 0036 00003732
[    5471.373044] /dev/input/event1: 0000 0000 00000000
[    5471.377381] /dev/input/event1: 0003 0036 00003699
[    5471.377381] /dev/input/event1: 0000 0000 00000000
[    5471.385918] /dev/input/event1: 0003 0036 000035ee
[    5471.385918] /dev/input/event1: 0000 0000 00000000
[    5471.393578] /dev/input/event1: 0003 0036 00003588
[    5471.393578] /dev/input/event1: 0000 0000 00000000
[    5471.401340] /dev/input/event1: 0003 0036 00003554
[    5471.401340] /dev/input/event1: 0000 0000 00000000
[    5471.406859] /dev/input/event1: 0003 0036 000034ee
[    5471.406859] /dev/input/event1: 0000 0000 00000000
[    5471.414585] /dev/input/event1: 0003 0035 000037f0
[    5471.414585] /dev/input/event1: 0003 0036 00003443
[    5471.414585] /dev/input/event1: 0000 0000 00000000
[    5471.421580] /dev/input/event1: 0003 0035 0000384b
[    5471.421580] /dev/input/event1: 0003 0036 000033dd
[    5471.421580] /dev/input/event1: 0000 0000 00000000
[    5471.429359] /dev/input/event1: 0003 0035 000038a6
[    5471.429359] /dev/input/event1: 0003 0036 00003377
[    5471.429359] /dev/input/event1: 0000 0000 00000000
[    5471.437741] /dev/input/event1: 0003 0036 000032cc
[    5471.437741] /dev/input/event1: 0000 0000 00000000
[    5471.445064] /dev/input/event1: 0003 0036 00003266
[    5471.445064] /dev/input/event1: 0000 0000 00000000
[    5471.452951] /dev/input/event1: 0003 0036 00003232
[    5471.452951] /dev/input/event1: 0000 0000 00000000
[    5471.458563] /dev/input/event1: 0003 0036 00003199
[    5471.458563] /dev/input/event1: 0000 0000 00000000
[    5471.474471] /dev/input/event1: 0003 0036 00003166
[    5471.474471] /dev/input/event1: 0000 0000 00000000
[    5471.488588] /dev/input/event1: 0003 0036 00003121
[    5471.488588] /dev/input/event1: 0000 0000 00000000
[    5471.494854] /dev/input/event1: 0003 0036 000030ee
[    5471.494854] /dev/input/event1: 0000 0000 00000000
[    5471.502855] /dev/input/event1: 0003 0036 00003054
[    5471.502855] /dev/input/event1: 0000 0000 00000000
[    5471.511980] /dev/input/event1: 0003 0035 0000391f
[    5471.511980] /dev/input/event1: 0003 0036 00002fee
[    5471.511980] /dev/input/event1: 0000 0000 00000000
[    5471.516690] /dev/input/event1: 0003 0035 0000397a
[    5471.516690] /dev/input/event1: 0003 0036 00002f43
[    5471.516690] /dev/input/event1: 0000 0000 00000000
[    5471.524493] /dev/input/event1: 0003 0036 00002edd
[    5471.524493] /dev/input/event1: 0000 0000 00000000
[    5471.533559] /dev/input/event1: 0003 0035 000039d5
[    5471.533559] /dev/input/event1: 0003 0036 00002e43
[    5471.533559] /dev/input/event1: 0000 0000 00000000
[    5471.542450] /dev/input/event1: 0003 0036 00002e10
[    5471.542450] /dev/input/event1: 0000 0000 00000000
[    5471.546760] /dev/input/event1: 0003 0036 00002dcc
[    5471.546760] /dev/input/event1: 0000 0000 00000000
[    5471.561178] /dev/input/event1: 0003 0036 00002d99
[    5471.561178] /dev/input/event1: 0000 0000 00000000
[    5471.575018] /dev/input/event1: 0003 0036 00002d32
[    5471.575018] /dev/input/event1: 0000 0000 00000000
[    5471.591811] /dev/input/event1: 0003 0036 00002cff
[    5471.591811] /dev/input/event1: 0000 0000 00000000
[    5471.597826] /dev/input/event1: 0003 0035 00003a30
[    5471.597826] /dev/input/event1: 0003 0036 00002ccc
[    5471.597826] /dev/input/event1: 0000 0000 00000000
[    5471.604806] /dev/input/event1: 0003 0035 00003a8b
[    5471.604806] /dev/input/event1: 0003 0036 00002c99
[    5471.604806] /dev/input/event1: 0000 0000 00000000
[    5471.613758] /dev/input/event1: 0003 0036 00002c21
[    5471.613758] /dev/input/event1: 0000 0000 00000000
[    5471.619182] /dev/input/event1: 0003 0035 00003ae6
[    5471.619182] /dev/input/event1: 0003 0036 00002bbb
[    5471.619182] /dev/input/event1: 0000 0000 00000000
[    5471.634134] /dev/input/event1: 0003 0036 00002b88
[    5471.634134] /dev/input/event1: 0000 0000 00000000
[    5471.643336] /dev/input/event1: 0003 0036 00002b54
[    5471.643336] /dev/input/event1: 0000 0000 00000000
[    5471.670437] /dev/input/event1: 0003 0036 00002b21
[    5471.670437] /dev/input/event1: 0000 0000 00000000
[    5471.685292] /dev/input/event1: 0003 0035 00003b41
[    5471.685292] /dev/input/event1: 0003 0036 00002abb
[    5471.685292] /dev/input/event1: 0000 0000 00000000
[    5471.694441] /dev/input/event1: 0003 0036 00002a43
[    5471.694441] /dev/input/event1: 0000 0000 00000000
[    5471.700715] /dev/input/event1: 0003 0035 00003bbb
[    5471.700715] /dev/input/event1: 0003 0036 00002a10
[    5471.700715] /dev/input/event1: 0000 0000 00000000
[    5471.706840] /dev/input/event1: 0003 0036 000029dd
[    5471.706840] /dev/input/event1: 0000 0000 00000000
[    5471.714794] /dev/input/event1: 0003 0036 000029aa
[    5471.714794] /dev/input/event1: 0000 0000 00000000
[    5471.728892] /dev/input/event1: 0003 0036 00002977
[    5471.728892] /dev/input/event1: 0000 0000 00000000
[    5471.737723] /dev/input/event1: 0003 0036 00002943
[    5471.737723] /dev/input/event1: 0000 0000 00000000
[    5471.752852] /dev/input/event1: 0003 0036 00002910
[    5471.752852] /dev/input/event1: 0000 0000 00000000
[    5471.772981] /dev/input/event1: 0003 0036 000028cc
[    5471.772981] /dev/input/event1: 0000 0000 00000000
[    5471.780497] /dev/input/event1: 0003 0036 00002899
[    5471.780497] /dev/input/event1: 0000 0000 00000000
[    5471.787033] /dev/input/event1: 0003 0036 00002866
[    5471.787033] /dev/input/event1: 0000 0000 00000000
[    5471.795555] /dev/input/event1: 0003 0036 000027cc
[    5471.795555] /dev/input/event1: 0000 0000 00000000
[    5471.813483] /dev/input/event1: 0003 0036 00002799
[    5471.813483] /dev/input/event1: 0000 0000 00000000
[    5471.825247] /dev/input/event1: 0003 0036 00002766
[    5471.825247] /dev/input/event1: 0000 0000 00000000
[    5471.846043] /dev/input/event1: 0003 0036 00002721
[    5471.846043] /dev/input/event1: 0000 0000 00000000
[    5471.860599] /dev/input/event1: 0003 0036 000026ee
[    5471.860599] /dev/input/event1: 0000 0000 00000000
[    5471.868351] /dev/input/event1: 0003 0035 00003c16
[    5471.868351] /dev/input/event1: 0003 0036 000026bb
[    5471.868351] /dev/input/event1: 0000 0000 00000000
[    5471.878395] /dev/input/event1: 0003 0035 00003c71
[    5471.878395] /dev/input/event1: 0003 0036 00002621
[    5471.878395] /dev/input/event1: 0000 0000 00000000
[    5471.882874] /dev/input/event1: 0003 0035 00003d27
[    5471.882874] /dev/input/event1: 0003 0036 000025aa
[    5471.882874] /dev/input/event1: 0000 0000 00000000
[    5471.891350] /dev/input/event1: 0003 0035 00003d82
[    5471.891350] /dev/input/event1: 0003 0036 00002510
[    5471.891350] /dev/input/event1: 0000 0000 00000000
[    5471.897766] /dev/input/event1: 0003 0035 00003e38
[    5471.897766] /dev/input/event1: 0003 0036 000024aa
[    5471.897766] /dev/input/event1: 0000 0000 00000000
[    5471.906726] /dev/input/event1: 0003 0036 00002477
[    5471.906726] /dev/input/event1: 0000 0000 00000000
[    5471.912107] /dev/input/event1: 0003 0035 00003eb1
[    5471.912107] /dev/input/event1: 0003 0036 00002443
[    5471.912107] /dev/input/event1: 0000 0000 00000000
[    5471.924337] /dev/input/event1: 0003 0035 00003f0c
[    5471.924337] /dev/input/event1: 0000 0000 00000000
[    5471.926281] /dev/input/event1: 0003 0036 000023ff
[    5471.926281] /dev/input/event1: 0000 0000 00000000
[    5471.941378] /dev/input/event1: 0003 0036 000023cc
[    5471.941378] /dev/input/event1: 0000 0000 00000000
[    5471.956000] /dev/input/event1: 0003 0036 00002399
[    5471.956000] /dev/input/event1: 0000 0000 00000000
[    5471.981219] /dev/input/event1: 0003 0036 00002366
[    5471.981219] /dev/input/event1: 0000 0000 00000000
[    5472.007028] /dev/input/event1: 0003 0035 00003f67
[    5472.007028] /dev/input/event1: 0003 0036 00002332
[    5472.007028] /dev/input/event1: 0000 0000 00000000
[    5472.015284] /dev/input/event1: 0003 0035 00003fc2
[    5472.015284] /dev/input/event1: 0003 0036 00002299
[    5472.015284] /dev/input/event1: 0000 0000 00000000
[    5472.022393] /dev/input/event1: 0003 0036 00002221
[    5472.022393] /dev/input/event1: 0000 0000 00000000
[    5472.029543] /dev/input/event1: 0003 0035 0000401d
[    5472.029543] /dev/input/event1: 0003 0036 000021ee
[    5472.029543] /dev/input/event1: 0000 0000 00000000
[    5472.038061] /dev/input/event1: 0003 0036 000021bb
[    5472.038061] /dev/input/event1: 0000 0000 00000000
[    5472.052465] /dev/input/event1: 0003 0036 00002188
[    5472.052465] /dev/input/event1: 0000 0000 00000000
[    5472.066751] /dev/input/event1: 0003 0036 00002155
[    5472.066751] /dev/input/event1: 0000 0000 00000000
[    5472.082115] /dev/input/event1: 0003 0036 00002121
[    5472.082115] /dev/input/event1: 0000 0000 00000000
[    5472.096922] /dev/input/event1: 0003 0036 000020ee
[    5472.096922] /dev/input/event1: 0000 0000 00000000
[    5472.102456] /dev/input/event1: 0003 0035 00004078
[    5472.102456] /dev/input/event1: 0003 0036 00002077
[    5472.102456] /dev/input/event1: 0000 0000 00000000
[    5472.114456] /dev/input/event1: 0003 0036 00002010
[    5472.114456] /dev/input/event1: 0000 0000 00000000
[    5472.117521] /dev/input/event1: 0003 0035 000040d3
[    5472.117521] /dev/input/event1: 0003 0036 00001f77
[    5472.117521] /dev/input/event1: 0000 0000 00000000
[    5472.126963] /dev/input/event1: 0003 0035 0000412e
[    5472.126963] /dev/input/event1: 0003 0036 00001eff
[    5472.126963] /dev/input/event1: 0000 0000 00000000
[    5472.131589] /dev/input/event1: 0003 0035 000041a8
[    5472.131589] /dev/input/event1: 0003 0036 00001e99
[    5472.131589] /dev/input/event1: 0000 0000 00000000
[    5472.139185] /dev/input/event1: 0003 0036 00001e66
[    5472.139185] /dev/input/event1: 0000 0000 00000000
[    5472.145876] /dev/input/event1: 0003 0036 00001e32
[    5472.145876] /dev/input/event1: 0000 0000 00000000
[    5472.155697] /dev/input/event1: 0003 0036 00001dff
[    5472.155697] /dev/input/event1: 0000 0000 00000000
[    5472.168754] /dev/input/event1: 0003 0036 00001dcc
[    5472.168754] /dev/input/event1: 0000 0000 00000000
[    5472.175397] /dev/input/event1: 0003 0036 00001d99
[    5472.175397] /dev/input/event1: 0000 0000 00000000
[    5472.197374] /dev/input/event1: 0003 0036 00001d55
[    5472.197374] /dev/input/event1: 0000 0000 00000000
[    5472.214428] /dev/input/event1: 0003 0036 00001d21
[    5472.214428] /dev/input/event1: 0000 0000 00000000
[    5472.221524] /dev/input/event1: 0003 0036 00001cee
[    5472.221524] /dev/input/event1: 0000 0000 00000000
[    5472.226757] /dev/input/event1: 0003 0035 00004203
[    5472.226757] /dev/input/event1: 0003 0036 00001cbb
[    5472.226757] /dev/input/event1: 0000 0000 00000000
[    5472.236438] /dev/input/event1: 0003 0036 00001c55
[    5472.236438] /dev/input/event1: 0000 0000 00000000
[    5472.250209] /dev/input/event1: 0003 0036 00001c21
[    5472.250209] /dev/input/event1: 0000 0000 00000000
[    5472.265428] /dev/input/event1: 0003 0036 00001bee
[    5472.265428] /dev/input/event1: 0000 0000 00000000
[    5472.280366] /dev/input/event1: 0003 0036 00001baa
[    5472.280366] /dev/input/event1: 0000 0000 00000000
[    5472.286525] /dev/input/event1: 0003 0036 00001b77
[    5472.286525] /dev/input/event1: 0000 0000 00000000
[    5472.293864] /dev/input/event1: 0003 0036 00001b10
[    5472.293864] /dev/input/event1: 0000 0000 00000000
[    5472.307164] /dev/input/event1: 0003 0036 00001add
[    5472.307164] /dev/input/event1: 0000 0000 00000000
[    5472.323587] /dev/input/event1: 0003 0036 00001aaa
[    5472.323587] /dev/input/event1: 0000 0000 00000000
[    5472.333703] /dev/input/event1: 0003 0036 00001a77
[    5472.333703] /dev/input/event1: 0000 0000 00000000
[    5472.344217] /dev/input/event1: 0003 0036 00001a44
[    5472.344217] /dev/input/event1: 0000 0000 00000000
[    5472.366226] /dev/input/event1: 0003 0036 000019cc
[    5472.366226] /dev/input/event1: 0000 0000 00000000
[    5472.373561] /dev/input/event1: 0003 0035 0000425e
[    5472.373561] /dev/input/event1: 0003 0036 00001966
[    5472.373561] /dev/input/event1: 0000 0000 00000000
[    5472.380586] /dev/input/event1: 0003 0035 000042b9
[    5472.380586] /dev/input/event1: 0003 0036 000018cc
[    5472.380586] /dev/input/event1: 0000 0000 00000000
[    5472.389182] /dev/input/event1: 0003 0036 00001888
[    5472.389182] /dev/input/event1: 0000 0000 00000000
[    5472.395046] /dev/input/event1: 0003 0036 00001855
[    5472.395046] /dev/input/event1: 0000 0000 00000000
[    5472.403076] /dev/input/event1: 0003 0036 000017ee
[    5472.403076] /dev/input/event1: 0000 0000 00000000
[    5472.410121] /dev/input/event1: 0003 0035 00004314
[    5472.410121] /dev/input/event1: 0003 0036 00001755
[    5472.410121] /dev/input/event1: 0000 0000 00000000
[    5472.417000] /dev/input/event1: 0003 0036 00001721
[    5472.417000] /dev/input/event1: 0000 0000 00000000
[    5472.425120] /dev/input/event1: 0003 0036 000016dd
[    5472.425120] /dev/input/event1: 0000 0000 00000000
[    5472.439595] /dev/input/event1: 0003 0036 000016aa
[    5472.439595] /dev/input/event1: 0000 0000 00000000
[    5472.461145] /dev/input/event1: 0003 0036 00001677
[    5472.461145] /dev/input/event1: 0000 0000 00000000
[    5472.497314] /dev/input/event1: 0003 0036 00001644
[    5472.497314] /dev/input/event1: 0000 0000 00000000
[    5472.504559] /dev/input/event1: 0003 0036 00001610
[    5472.504559] /dev/input/event1: 0000 0000 00000000
[    5472.513114] /dev/input/event1: 0003 0035 0000436f
[    5472.513114] /dev/input/event1: 0003 0036 000015dd
[    5472.513114] /dev/input/event1: 0000 0000 00000000
[    5472.526997] /dev/input/event1: 0003 0036 000015aa
[    5472.526997] /dev/input/event1: 0000 0000 00000000
[    5472.534105] /dev/input/event1: 0003 0036 00001577
[    5472.534105] /dev/input/event1: 0000 0000 00000000
[    5472.551443] /dev/input/event1: 0003 0036 00001533
[    5472.551443] /dev/input/event1: 0000 0000 00000000
[    5472.555880] /dev/input/event1: 0003 0036 000014cc
[    5472.555880] /dev/input/event1: 0000 0000 00000000
[    5472.566172] /dev/input/event1: 0003 0035 000043ca
[    5472.566172] /dev/input/event1: 0003 0036 00001466
[    5472.566172] /dev/input/event1: 0000 0000 00000000
[    5472.579989] /dev/input/event1: 0003 0036 00001433
[    5472.579989] /dev/input/event1: 0000 0000 00000000
[    5472.601469] /dev/input/event1: 0003 0036 000013ff
[    5472.601469] /dev/input/event1: 0000 0000 00000000
[    5472.630844] /dev/input/event1: 0003 0036 000013cc
[    5472.630844] /dev/input/event1: 0000 0000 00000000
[    5472.639325] /dev/input/event1: 0003 0036 00001388
[    5472.639325] /dev/input/event1: 0000 0000 00000000
[    5472.663575] /dev/input/event1: 0003 0036 00001355
[    5472.663575] /dev/input/event1: 0000 0000 00000000
[    5472.676019] /dev/input/event1: 0003 0036 00001321
[    5472.676019] /dev/input/event1: 0000 0000 00000000
[    5472.689513] /dev/input/event1: 0003 0036 000012ee
[    5472.689513] /dev/input/event1: 0000 0000 00000000
[    5472.849450] /dev/input/event1: 0003 003a 00000000
[    5472.849450] /dev/input/event1: 0003 0039 ffffffff
[    5472.849450] /dev/input/event1: 0000 0000 00000000
[    5474.827053] /dev/input/event1: 0003 0039 00000000
[    5474.827053] /dev/input/event1: 0003 0030 0000012c
[    5474.827053] /dev/input/event1: 0003 003a 00000081
[    5474.827053] /dev/input/event1: 0003 0035 0000291f
[    5474.827053] /dev/input/event1: 0003 0036 00006bee
[    5474.827053] /dev/input/event1: 0000 0000 00000000
[    5475.142352] /dev/input/event1: 0003 0036 00006bba
[    5475.142352] /dev/input/event1: 0000 0000 00000000
[    5475.151505] /dev/input/event1: 0003 0035 000028c4
[    5475.151505] /dev/input/event1: 0003 0036 00006b54
[    5475.151505] /dev/input/event1: 0000 0000 00000000
[    5475.155534] /dev/input/event1: 0003 0035 00002869
[    5475.155534] /dev/input/event1: 0003 0036 00006a76
[    5475.155534] /dev/input/event1: 0000 0000 00000000
[    5475.162590] /dev/input/event1: 0003 0036 000069dd
[    5475.162590] /dev/input/event1: 0000 0000 00000000
[    5475.170484] /dev/input/event1: 0003 0036 00006976
[    5475.170484] /dev/input/event1: 0000 0000 00000000
[    5475.177146] /dev/input/event1: 0003 0036 000068cb
[    5475.177146] /dev/input/event1: 0000 0000 00000000
[    5475.185513] /dev/input/event1: 0003 0036 00006865
[    5475.185513] /dev/input/event1: 0000 0000 00000000
[    5475.192297] /dev/input/event1: 0003 0036 000067ff
[    5475.192297] /dev/input/event1: 0000 0000 00000000
[    5475.204645] /dev/input/event1: 0003 0036 00006765
[    5475.204645] /dev/input/event1: 0000 0000 00000000
[    5475.207044] /dev/input/event1: 0003 0036 000066ee
[    5475.207044] /dev/input/event1: 0000 0000 00000000
[    5475.215876] /dev/input/event1: 0003 0036 00006687
[    5475.215876] /dev/input/event1: 0000 0000 00000000
[    5475.221307] /dev/input/event1: 0003 0036 000065a9
[    5475.221307] /dev/input/event1: 0000 0000 00000000
[    5475.230223] /dev/input/event1: 0003 0036 00006510
[    5475.230223] /dev/input/event1: 0000 0000 00000000
[    5475.236587] /dev/input/event1: 0003 0036 00006443
[    5475.236587] /dev/input/event1: 0000 0000 00000000
[    5475.242781] /dev/input/event1: 0003 0036 00006398
[    5475.242781] /dev/input/event1: 0000 0000 00000000
[    5475.250673] /dev/input/event1: 0003 0036 00006332
[    5475.250673] /dev/input/event1: 0000 0000 00000000
[    5475.257555] /dev/input/event1: 0003 0036 00006254
[    5475.257555] /dev/input/event1: 0000 0000 00000000
[    5475.268280] /dev/input/event1: 0003 0036 000061ba
[    5475.268280] /dev/input/event1: 0000 0000 00000000
[    5475.273433] /dev/input/event1: 0003 0036 000060ee
[    5475.273433] /dev/input/event1: 0000 0000 00000000
[    5475.281747] /dev/input/event1: 0003 0036 00006076
[    5475.281747] /dev/input/event1: 0000 0000 00000000
[    5475.286930] /dev/input/event1: 0003 0035 000028c4
[    5475.286930] /dev/input/event1: 0003 0036 00006010
[    5475.286930] /dev/input/event1: 0000 0000 00000000
[    5475.296518] /dev/input/event1: 0003 0035 0000291f
[    5475.296518] /dev/input/event1: 0003 0036 00005f76
[    5475.296518] /dev/input/event1: 0000 0000 00000000
[    5475.303131] /dev/input/event1: 0003 0036 00005f43
[    5475.303131] /dev/input/event1: 0000 0000 00000000
[    5475.309277] /dev/input/event1: 0003 0036 00005eff
[    5475.309277] /dev/input/event1: 0000 0000 00000000
[    5475.324289] /dev/input/event1: 0003 0036 00005ecc
[    5475.324289] /dev/input/event1: 0000 0000 00000000
[    5475.332250] /dev/input/event1: 0003 0036 00005e98
[    5475.332250] /dev/input/event1: 0000 0000 00000000
[    5475.337992] /dev/input/event1: 0003 0035 0000297a
[    5475.337992] /dev/input/event1: 0003 0036 00005dff
[    5475.337992] /dev/input/event1: 0000 0000 00000000
[    5475.345066] /dev/input/event1: 0003 0035 00002a30
[    5475.345066] /dev/input/event1: 0003 0036 00005cee
[    5475.345066] /dev/input/event1: 0000 0000 00000000
[    5475.354227] /dev/input/event1: 0003 0035 00002b05
[    5475.354227] /dev/input/event1: 0003 0036 00005b76
[    5475.354227] /dev/input/event1: 0000 0000 00000000
[    5475.361949] /dev/input/event1: 0003 0035 00002bbb
[    5475.361949] /dev/input/event1: 0003 0036 00005aa9
[    5475.361949] /dev/input/event1: 0000 0000 00000000
[    5475.368680] /dev/input/event1: 0003 0035 00002ccc
[    5475.368680] /dev/input/event1: 0003 0036 00005998
[    5475.368680] /dev/input/event1: 0000 0000 00000000
[    5475.376496] /dev/input/event1: 0003 0035 00002d27
[    5475.376496] /dev/input/event1: 0003 0036 000058ff
[    5475.376496] /dev/input/event1: 0000 0000 00000000
[    5475.382990] /dev/input/event1: 0003 0035 00002dfb
[    5475.382990] /dev/input/event1: 0003 0036 00005821
[    5475.382990] /dev/input/event1: 0000 0000 00000000
[    5475.392505] /dev/input/event1: 0003 0035 00002e56
[    5475.392505] /dev/input/event1: 0003 0036 000057bb
[    5475.392505] /dev/input/event1: 0000 0000 00000000
[    5475.399079] /dev/input/event1: 0003 0035 00002f67
[    5475.399079] /dev/input/event1: 0003 0036 00005754
[    5475.399079] /dev/input/event1: 0000 0000 00000000
[    5475.406027] /dev/input/event1: 0003 0036 000056dd
[    5475.406027] /dev/input/event1: 0000 0000 00000000
[    5475.411520] /dev/input/event1: 0003 0035 00002fc2
[    5475.411520] /dev/input/event1: 0003 0036 00005676
[    5475.411520] /dev/input/event1: 0000 0000 00000000
[    5475.418259] /dev/input/event1: 0003 0035 0000301d
[    5475.418259] /dev/input/event1: 0000 0000 00000000
[    5475.426711] /dev/input/event1: 0003 0036 00005643
[    5475.426711] /dev/input/event1: 0000 0000 00000000
[    5475.434113] /dev/input/event1: 0003 0036 00005610
[    5475.434113] /dev/input/event1: 0000 0000 00000000
[    5475.448107] /dev/input/event1: 0003 0036 000055dd
[    5475.448107] /dev/input/event1: 0000 0000 00000000
[    5475.456626] /dev/input/event1: 0003 0035 00003097
[    5475.456626] /dev/input/event1: 0003 0036 000055a9
[    5475.456626] /dev/input/event1: 0000 0000 00000000
[    5475.462706] /dev/input/event1: 0003 0035 000030f2
[    5475.462706] /dev/input/event1: 0003 0036 00005532
[    5475.462706] /dev/input/event1: 0000 0000 00000000
[    5475.473238] /dev/input/event1: 0003 0036 000054cc
[    5475.473238] /dev/input/event1: 0000 0000 00000000
[    5475.478405] /dev/input/event1: 0003 0035 0000314d
[    5475.478405] /dev/input/event1: 0003 0036 00005465
[    5475.478405] /dev/input/event1: 0000 0000 00000000
[    5475.486196] /dev/input/event1: 0003 0036 00005432
[    5475.486196] /dev/input/event1: 0000 0000 00000000
[    5475.491632] /dev/input/event1: 0003 0036 000053ff
[    5475.491632] /dev/input/event1: 0000 0000 00000000
[    5475.501253] /dev/input/event1: 0003 0036 000053cc
[    5475.501253] /dev/input/event1: 0000 0000 00000000
[    5475.515882] /dev/input/event1: 0003 0036 00005387
[    5475.515882] /dev/input/event1: 0000 0000 00000000
[    5475.521232] /dev/input/event1: 0003 0036 00005354
[    5475.521232] /dev/input/event1: 0000 0000 00000000
[    5475.535373] /dev/input/event1: 0003 0036 00005321
[    5475.535373] /dev/input/event1: 0000 0000 00000000
[    5475.545128] /dev/input/event1: 0003 0035 000031a8
[    5475.545128] /dev/input/event1: 0003 0036 000052bb
[    5475.545128] /dev/input/event1: 0000 0000 00000000
[    5475.552079] /dev/input/event1: 0003 0035 00003203
[    5475.552079] /dev/input/event1: 0003 0036 00005221
[    5475.552079] /dev/input/event1: 0000 0000 00000000
[    5475.557525] /dev/input/event1: 0003 0035 0000325e
[    5475.557525] /dev/input/event1: 0003 0036 000051aa
[    5475.557525] /dev/input/event1: 0000 0000 00000000
[    5475.566017] /dev/input/event1: 0003 0035 000032b9
[    5475.566017] /dev/input/event1: 0003 0036 00005110
[    5475.566017] /dev/input/event1: 0000 0000 00000000
[    5475.572911] /dev/input/event1: 0003 0036 000050aa
[    5475.572911] /dev/input/event1: 0000 0000 00000000
[    5475.581125] /dev/input/event1: 0003 0035 00003332
[    5475.581125] /dev/input/event1: 0003 0036 00005076
[    5475.581125] /dev/input/event1: 0000 0000 00000000
[    5475.586492] /dev/input/event1: 0003 0036 00004fff
[    5475.586492] /dev/input/event1: 0000 0000 00000000
[    5475.601822] /dev/input/event1: 0003 0036 00004f98
[    5475.601822] /dev/input/event1: 0000 0000 00000000
[    5475.616060] /dev/input/event1: 0003 0036 00004f65
[    5475.616060] /dev/input/event1: 0000 0000 00000000
[    5475.631690] /dev/input/event1: 0003 0035 0000338d
[    5475.631690] /dev/input/event1: 0003 0036 00004f32
[    5475.631690] /dev/input/event1: 0000 0000 00000000
[    5475.640406] /dev/input/event1: 0003 0036 00004ecc
[    5475.640406] /dev/input/event1: 0000 0000 00000000
[    5475.645578] /dev/input/event1: 0003 0035 000033e8
[    5475.645578] /dev/input/event1: 0003 0036 00004e21
[    5475.645578] /dev/input/event1: 0000 0000 00000000
[    5475.654367] /dev/input/event1: 0003 0035 0000349e
[    5475.654367] /dev/input/event1: 0003 0036 00004dbb
[    5475.654367] /dev/input/event1: 0000 0000 00000000
[    5475.661339] /dev/input/event1: 0003 0036 00004d21
[    5475.661339] /dev/input/event1: 0000 0000 00000000
[    5475.669735] /dev/input/event1: 0003 0035 000034f9
[    5475.669735] /dev/input/event1: 0003 0036 00004c10
[    5475.669735] /dev/input/event1: 0000 0000 00000000
[    5475.675365] /dev/input/event1: 0003 0035 00003554
[    5475.675365] /dev/input/event1: 0003 0036 00004b65
[    5475.675365] /dev/input/event1: 0000 0000 00000000
[    5475.682219] /dev/input/event1: 0003 0035 000035af
[    5475.682219] /dev/input/event1: 0003 0036 00004acc
[    5475.682219] /dev/input/event1: 0000 0000 00000000
[    5475.692350] /dev/input/event1: 0003 0036 00004a65
[    5475.692350] /dev/input/event1: 0000 0000 00000000
[    5475.696206] /dev/input/event1: 0003 0036 000049ff
[    5475.696206] /dev/input/event1: 0000 0000 00000000
[    5475.704497] /dev/input/event1: 0003 0035 00003629
[    5475.704497] /dev/input/event1: 0003 0036 00004954
[    5475.704497] /dev/input/event1: 0000 0000 00000000
[    5475.714685] /dev/input/event1: 0003 0036 00004921
[    5475.714685] /dev/input/event1: 0000 0000 00000000
[    5475.719383] /dev/input/event1: 0003 0036 000048bb
[    5475.719383] /dev/input/event1: 0000 0000 00000000
[    5475.726318] /dev/input/event1: 0003 0036 00004887
[    5475.726318] /dev/input/event1: 0000 0000 00000000
[    5475.733283] /dev/input/event1: 0003 0036 00004810
[    5475.733283] /dev/input/event1: 0000 0000 00000000
[    5475.742521] /dev/input/event1: 0003 0036 000047dd
[    5475.742521] /dev/input/event1: 0000 0000 00000000
[    5475.748673] /dev/input/event1: 0003 0036 00004776
[    5475.748673] /dev/input/event1: 0000 0000 00000000
[    5475.757362] /dev/input/event1: 0003 0035 00003684
[    5475.757362] /dev/input/event1: 0003 0036 00004743
[    5475.757362] /dev/input/event1: 0000 0000 00000000
[    5475.762568] /dev/input/event1: 0003 0036 00004710
[    5475.762568] /dev/input/event1: 0000 0000 00000000
[    5475.770790] /dev/input/event1: 0003 0035 000036df
[    5475.770790] /dev/input/event1: 0003 0036 00004665
[    5475.770790] /dev/input/event1: 0000 0000 00000000
[    5475.777857] /dev/input/event1: 0003 0036 00004632
[    5475.777857] /dev/input/event1: 0000 0000 00000000
[    5475.786228] /dev/input/event1: 0003 0035 0000373a
[    5475.786228] /dev/input/event1: 0003 0036 000045ff
[    5475.786228] /dev/input/event1: 0000 0000 00000000
[    5475.791897] /dev/input/event1: 0003 0035 00003795
[    5475.791897] /dev/input/event1: 0003 0036 00004599
[    5475.791897] /dev/input/event1: 0000 0000 00000000
[    5475.799558] /dev/input/event1: 0003 0035 000037f0
[    5475.799558] /dev/input/event1: 0003 0036 000044ff
[    5475.799558] /dev/input/event1: 0000 0000 00000000
[    5475.807942] /dev/input/event1: 0003 0036 00004421
[    5475.807942] /dev/input/event1: 0000 0000 00000000
[    5475.814997] /dev/input/event1: 0003 0035 0000384b
[    5475.814997] /dev/input/event1: 0003 0036 00004310
[    5475.814997] /dev/input/event1: 0000 0000 00000000
[    5475.821038] /dev/input/event1: 0003 0035 000038a6
[    5475.821038] /dev/input/event1: 0003 0036 00004210
[    5475.821038] /dev/input/event1: 0000 0000 00000000
[    5475.828235] /dev/input/event1: 0003 0035 0000397a
[    5475.828235] /dev/input/event1: 0003 0036 00004132
[    5475.828235] /dev/input/event1: 0000 0000 00000000
[    5475.836570] /dev/input/event1: 0003 0035 00003a30
[    5475.836570] /dev/input/event1: 0003 0036 00004099
[    5475.836570] /dev/input/event1: 0000 0000 00000000
[    5475.845381] /dev/input/event1: 0003 0035 00003a8b
[    5475.845381] /dev/input/event1: 0003 0036 00003fff
[    5475.845381] /dev/input/event1: 0000 0000 00000000
[    5475.851163] /dev/input/event1: 0003 0035 00003b41
[    5475.851163] /dev/input/event1: 0003 0036 00003f54
[    5475.851163] /dev/input/event1: 0000 0000 00000000
[    5475.859978] /dev/input/event1: 0003 0036 00003f21
[    5475.859978] /dev/input/event1: 0000 0000 00000000
[    5475.865299] /dev/input/event1: 0003 0035 00003bbb
[    5475.865299] /dev/input/event1: 0003 0036 00003ebb
[    5475.865299] /dev/input/event1: 0000 0000 00000000
[    5475.873515] /dev/input/event1: 0003 0035 00003c16
[    5475.873515] /dev/input/event1: 0003 0036 00003e88
[    5475.873515] /dev/input/event1: 0000 0000 00000000
[    5475.881123] /dev/input/event1: 0003 0035 00003c71
[    5475.881123] /dev/input/event1: 0003 0036 00003ddd
[    5475.881123] /dev/input/event1: 0000 0000 00000000
[    5475.886763] /dev/input/event1: 0003 0036 00003d76
[    5475.886763] /dev/input/event1: 0000 0000 00000000
[    5475.895333] /dev/input/event1: 0003 0035 00003ccc
[    5475.895333] /dev/input/event1: 0003 0036 00003d10
[    5475.895333] /dev/input/event1: 0000 0000 00000000
[    5475.903138] /dev/input/event1: 0003 0035 00003ddd
[    5475.903138] /dev/input/event1: 0003 0036 00003bff
[    5475.903138] /dev/input/event1: 0000 0000 00000000
[    5475.911227] /dev/input/event1: 0003 0035 00003e38
[    5475.911227] /dev/input/event1: 0003 0036 00003b65
[    5475.911227] /dev/input/event1: 0000 0000 00000000
[    5475.918317] /dev/input/event1: 0003 0035 00003f0c
[    5475.918317] /dev/input/event1: 0003 0036 00003a88
[    5475.918317] /dev/input/event1: 0000 0000 00000000
[    5475.925097] /dev/input/event1: 0003 0035 00003f67
[    5475.925097] /dev/input/event1: 0003 0036 000039bb
[    5475.925097] /dev/input/event1: 0000 0000 00000000
[    5475.931266] /dev/input/event1: 0003 0035 0000401d
[    5475.931266] /dev/input/event1: 0003 0036 000038dd
[    5475.931266] /dev/input/event1: 0000 0000 00000000
[    5475.938787] /dev/input/event1: 0003 0036 00003877
[    5475.938787] /dev/input/event1: 0000 0000 00000000
[    5475.946806] /dev/input/event1: 0003 0035 000040d3
[    5475.946806] /dev/input/event1: 0003 0036 000037dd
[    5475.946806] /dev/input/event1: 0000 0000 00000000
[    5475.956451] /dev/input/event1: 0003 0035 0000412e
[    5475.956451] /dev/input/event1: 0003 0036 00003799
[    5475.956451] /dev/input/event1: 0000 0000 00000000
[    5475.960203] /dev/input/event1: 0003 0036 00003732
[    5475.960203] /dev/input/event1: 0000 0000 00000000
[    5475.967629] /dev/input/event1: 0003 0035 000041a8
[    5475.967629] /dev/input/event1: 0003 0036 000036ff
[    5475.967629] /dev/input/event1: 0000 0000 00000000
[    5475.975671] /dev/input/event1: 0003 0035 00004203
[    5475.975671] /dev/input/event1: 0003 0036 00003699
[    5475.975671] /dev/input/event1: 0000 0000 00000000
[    5475.983146] /dev/input/event1: 0003 0036 00003665
[    5475.983146] /dev/input/event1: 0000 0000 00000000
[    5475.990996] /dev/input/event1: 0003 0036 000035ee
[    5475.990996] /dev/input/event1: 0000 0000 00000000
[    5475.998740] /dev/input/event1: 0003 0035 0000425e
[    5475.998740] /dev/input/event1: 0003 0036 00003588
[    5475.998740] /dev/input/event1: 0000 0000 00000000
[    5476.004123] /dev/input/event1: 0003 0035 000042b9
[    5476.004123] /dev/input/event1: 0003 0036 00003554
[    5476.004123] /dev/input/event1: 0000 0000 00000000
[    5476.011752] /dev/input/event1: 0003 0036 00003521
[    5476.011752] /dev/input/event1: 0000 0000 00000000
[    5476.021161] /dev/input/event1: 0003 0036 000034bb
[    5476.021161] /dev/input/event1: 0000 0000 00000000
[    5476.025997] /dev/input/event1: 0003 0035 0000436f
[    5476.025997] /dev/input/event1: 0003 0036 00003443
[    5476.025997] /dev/input/event1: 0000 0000 00000000
[    5476.034932] /dev/input/event1: 0003 0035 000043ca
[    5476.034932] /dev/input/event1: 0003 0036 000033dd
[    5476.034932] /dev/input/event1: 0000 0000 00000000
[    5476.041268] /dev/input/event1: 0003 0036 00003377
[    5476.041268] /dev/input/event1: 0000 0000 00000000
[    5476.049848] /dev/input/event1: 0003 0035 00004443
[    5476.049848] /dev/input/event1: 0003 0036 000032cc
[    5476.049848] /dev/input/event1: 0000 0000 00000000
[    5476.056174] /dev/input/event1: 0003 0036 00003266
[    5476.056174] /dev/input/event1: 0000 0000 00000000
[    5476.062668] /dev/input/event1: 0003 0035 0000449e
[    5476.062668] /dev/input/event1: 0003 0036 00003232
[    5476.062668] /dev/input/event1: 0000 0000 00000000
[    5476.071970] /dev/input/event1: 0003 0036 000031ff
[    5476.071970] /dev/input/event1: 0000 0000 00000000
[    5476.076970] /dev/input/event1: 0003 0036 00003199
[    5476.076970] /dev/input/event1: 0000 0000 00000000
[    5476.084459] /dev/input/event1: 0003 0035 000044f9
[    5476.084459] /dev/input/event1: 0003 0036 000030ee
[    5476.084459] /dev/input/event1: 0000 0000 00000000
[    5476.093890] /dev/input/event1: 0003 0036 000030bb
[    5476.093890] /dev/input/event1: 0000 0000 00000000
[    5476.101475] /dev/input/event1: 0003 0036 00003088
[    5476.101475] /dev/input/event1: 0000 0000 00000000
[    5476.109915] /dev/input/event1: 0003 0036 00003021
[    5476.109915] /dev/input/event1: 0000 0000 00000000
[    5476.114196] /dev/input/event1: 0003 0035 00004554
[    5476.114196] /dev/input/event1: 0003 0036 00002fbb
[    5476.114196] /dev/input/event1: 0000 0000 00000000
[    5476.125048] /dev/input/event1: 0003 0036 00002f77
[    5476.125048] /dev/input/event1: 0000 0000 00000000
[    5476.129012] /dev/input/event1: 0003 0036 00002f43
[    5476.129012] /dev/input/event1: 0000 0000 00000000
[    5476.143251] /dev/input/event1: 0003 0036 00002f10
[    5476.143251] /dev/input/event1: 0000 0000 00000000
[    5476.159297] /dev/input/event1: 0003 0036 00002eaa
[    5476.159297] /dev/input/event1: 0000 0000 00000000
[    5476.172496] /dev/input/event1: 0003 0036 00002e77
[    5476.172496] /dev/input/event1: 0000 0000 00000000
[    5476.187814] /dev/input/event1: 0003 0036 00002e43
[    5476.187814] /dev/input/event1: 0000 0000 00000000
[    5476.216266] /dev/input/event1: 0003 0036 00002e10
[    5476.216266] /dev/input/event1: 0000 0000 00000000
[    5476.225491] /dev/input/event1: 0003 0036 00002dcc
[    5476.225491] /dev/input/event1: 0000 0000 00000000
[    5476.245573] /dev/input/event1: 0003 0036 00002d99
[    5476.245573] /dev/input/event1: 0000 0000 00000000
[    5476.254706] /dev/input/event1: 0003 0036 00002d66
[    5476.254706] /dev/input/event1: 0000 0000 00000000
[    5476.290421] /dev/input/event1: 0003 0036 00002d32
[    5476.290421] /dev/input/event1: 0000 0000 00000000
[    5476.298647] /dev/input/event1: 0003 0036 00002cff
[    5476.298647] /dev/input/event1: 0000 0000 00000000
[    5476.312280] /dev/input/event1: 0003 0036 00002ccc
[    5476.312280] /dev/input/event1: 0000 0000 00000000
[    5476.327452] /dev/input/event1: 0003 0036 00002c99
[    5476.327452] /dev/input/event1: 0000 0000 00000000
[    5476.333387] /dev/input/event1: 0003 0036 00002c66
[    5476.333387] /dev/input/event1: 0000 0000 00000000
[    5476.343291] /dev/input/event1: 0003 0036 00002c21
[    5476.343291] /dev/input/event1: 0000 0000 00000000
[    5476.356265] /dev/input/event1: 0003 0036 00002bee
[    5476.356265] /dev/input/event1: 0000 0000 00000000
[    5476.372685] /dev/input/event1: 0003 0036 00002bbb
[    5476.372685] /dev/input/event1: 0000 0000 00000000
[    5476.384269] /dev/input/event1: 0003 0036 00002b88
[    5476.384269] /dev/input/event1: 0000 0000 00000000
[    5476.393697] /dev/input/event1: 0003 0036 00002b54
[    5476.393697] /dev/input/event1: 0000 0000 00000000
[    5476.400534] /dev/input/event1: 0003 0035 0000460a
[    5476.400534] /dev/input/event1: 0003 0036 00002aee
[    5476.400534] /dev/input/event1: 0000 0000 00000000
[    5476.409067] /dev/input/event1: 0003 0036 00002abb
[    5476.409067] /dev/input/event1: 0000 0000 00000000
[    5476.415254] /dev/input/event1: 0003 0036 00002a77
[    5476.415254] /dev/input/event1: 0000 0000 00000000
[    5476.421708] /dev/input/event1: 0003 0036 00002a43
[    5476.421708] /dev/input/event1: 0000 0000 00000000
[    5476.429441] /dev/input/event1: 0003 0036 00002a10
[    5476.429441] /dev/input/event1: 0000 0000 00000000
[    5476.437049] /dev/input/event1: 0003 0036 000029dd
[    5476.437049] /dev/input/event1: 0000 0000 00000000
[    5476.445060] /dev/input/event1: 0003 0036 000029aa
[    5476.445060] /dev/input/event1: 0000 0000 00000000
[    5476.458609] /dev/input/event1: 0003 0036 00002943
[    5476.458609] /dev/input/event1: 0000 0000 00000000
[    5476.472616] /dev/input/event1: 0003 0036 00002910
[    5476.472616] /dev/input/event1: 0000 0000 00000000
[    5476.487409] /dev/input/event1: 0003 0036 000028cc
[    5476.487409] /dev/input/event1: 0000 0000 00000000
[    5476.493999] /dev/input/event1: 0003 0036 00002899
[    5476.493999] /dev/input/event1: 0000 0000 00000000
[    5476.503944] /dev/input/event1: 0003 0036 00002866
[    5476.503944] /dev/input/event1: 0000 0000 00000000
[    5476.517073] /dev/input/event1: 0003 0035 00004665
[    5476.517073] /dev/input/event1: 0003 0036 00002832
[    5476.517073] /dev/input/event1: 0000 0000 00000000
[    5476.533158] /dev/input/event1: 0003 0036 000027ff
[    5476.533158] /dev/input/event1: 0000 0000 00000000
[    5476.540033] /dev/input/event1: 0003 0036 000027cc
[    5476.540033] /dev/input/event1: 0000 0000 00000000
[    5476.563003] /dev/input/event1: 0003 0036 00002799
[    5476.563003] /dev/input/event1: 0000 0000 00000000
[    5476.576498] /dev/input/event1: 0003 0036 00002766
[    5476.576498] /dev/input/event1: 0000 0000 00000000
[    5476.597826] /dev/input/event1: 0003 0035 000046c0
[    5476.597826] /dev/input/event1: 0000 0000 00000000
[    5476.611242] /dev/input/event1: 0003 0036 00002721
[    5476.611242] /dev/input/event1: 0000 0000 00000000
[    5476.640753] /dev/input/event1: 0003 0036 000026ee
[    5476.640753] /dev/input/event1: 0000 0000 00000000
[    5476.680299] /dev/input/event1: 0003 0036 000026bb
[    5476.680299] /dev/input/event1: 0000 0000 00000000
[    5476.750492] /dev/input/event1: 0003 0036 00002688
[    5476.750492] /dev/input/event1: 0000 0000 00000000
[    5476.780637] /dev/input/event1: 0003 0036 00002655
[    5476.780637] /dev/input/event1: 0000 0000 00000000
[    5476.794249] /dev/input/event1: 0003 0036 00002621
[    5476.794249] /dev/input/event1: 0000 0000 00000000
[    5476.809891] /dev/input/event1: 0003 0036 000025ee
[    5476.809891] /dev/input/event1: 0000 0000 00000000
[    5477.109007] /dev/input/event1: 0003 003a 00000000
[    5477.109007] /dev/input/event1: 0003 0039 ffffffff
[    5477.109007] /dev/input/event1: 0000 0000 00000000
[    5479.921568] /dev/input/event1: 0003 0039 00000000
[    5479.921568] /dev/input/event1: 0003 0030 0000012d
[    5479.921568] /dev/input/event1: 0003 003a 00000081
[    5479.921568] /dev/input/event1: 0003 0035 000038a6
[    5479.921568] /dev/input/event1: 0003 0036 000064a9
[    5479.921568] /dev/input/event1: 0000 0000 00000000
[    5480.022200] /dev/input/event1: 0003 003a 00000000
[    5480.022200] /dev/input/event1: 0003 0039 ffffffff
[    5480.022200] /dev/input/event1: 0000 0000 00000000
[    5485.280458] /dev/input/event1: 0003 0039 00000000
[    5485.280458] /dev/input/event1: 0003 0030 0000012e
[    5485.280458] /dev/input/event1: 0003 003a 00000081
[    5485.280458] /dev/input/event1: 0003 0035 00006fff
[    5485.280458] /dev/input/event1: 0003 0036 00006f43
[    5485.280458] /dev/input/event1: 0000 0000 00000000
[    5485.396085] /dev/input/event1: 0003 003a 00000000
[    5485.396085] /dev/input/event1: 0003 0039 ffffffff
[    5485.396085] /dev/input/event1: 0000 0000 00000000
[    5490.632146] /dev/input/event1: 0003 0039 00000000
[    5490.632146] /dev/input/event1: 0003 0030 0000012f
[    5490.632146] /dev/input/event1: 0003 003a 00000081
[    5490.632146] /dev/input/event1: 0003 0035 00001333
[    5490.632146] /dev/input/event1: 0003 0036 00004f98
[    5490.632146] /dev/input/event1: 0000 0000 00000000
[    5490.740952] /dev/input/event1: 0003 003a 00000000
[    5490.740952] /dev/input/event1: 0003 0039 ffffffff
[    5490.740952] /dev/input/event1: 0000 0000 00000000
[    5492.769802] /dev/input/event1: 0003 0039 00000000
[    5492.769802] /dev/input/event1: 0003 0030 00000130
[    5492.769802] /dev/input/event1: 0003 003a 00000081
[    5492.769802] /dev/input/event1: 0003 0035 00000b7e
[    5492.769802] /dev/input/event1: 0003 0036 00005c21
[    5492.769802] /dev/input/event1: 0000 0000 00000000
[    5492.877658] /dev/input/event1: 0003 003a 00000000
[    5492.877658] /dev/input/event1: 0003 0039 ffffffff
[    5492.877658] /dev/input/event1: 0000 0000 00000000
[    5495.162688] /dev/input/event1: 0003 0039 00000000
[    5495.162688] /dev/input/event1: 0003 0030 00000131
[    5495.162688] /dev/input/event1: 0003 003a 00000081
[    5495.162688] /dev/input/event1: 0003 0035 0000729a
[    5495.162688] /dev/input/event1: 0003 0036 00005b10
[    5495.162688] /dev/input/event1: 0000 0000 00000000
[    5495.274320] /dev/input/event1: 0003 003a 00000000
[    5495.274320] /dev/input/event1: 0003 0039 ffffffff
[    5495.274320] /dev/input/event1: 0000 0000 00000000
[    5497.483822] /dev/input/event1: 0003 0039 00000000
[    5497.483822] /dev/input/event1: 0003 0030 00000132
[    5497.483822] /dev/input/event1: 0003 003a 00000081
[    5497.483822] /dev/input/event1: 0003 0035 000065ec
[    5497.483822] /dev/input/event1: 0003 0036 00006687
[    5497.483822] /dev/input/event1: 0000 0000 00000000
[    5497.577642] /dev/input/event1: 0003 003a 00000000
[    5497.577642] /dev/input/event1: 0003 0039 ffffffff
[    5497.577642] /dev/input/event1: 0000 0000 00000000
[    5499.907320] /dev/input/event1: 0003 0039 00000000
[    5499.907320] /dev/input/event1: 0003 0030 00000133
[    5499.907320] /dev/input/event1: 0003 003a 00000081
[    5499.907320] /dev/input/event1: 0003 0035 00000b05
[    5499.907320] /dev/input/event1: 0003 0036 00005b10
[    5499.907320] /dev/input/event1: 0000 0000 00000000
[    5500.008880] /dev/input/event1: 0003 003a 00000000
[    5500.008880] /dev/input/event1: 0003 0039 ffffffff
[    5500.008880] /dev/input/event1: 0000 0000 00000000
[    5501.985884] /dev/input/event1: 0003 0039 00000000
[    5501.985884] /dev/input/event1: 0003 0030 00000134
[    5501.985884] /dev/input/event1: 0003 003a 00000081
[    5501.985884] /dev/input/event1: 0003 0035 00002da0
[    5501.985884] /dev/input/event1: 0003 0036 00005076
[    5501.985884] /dev/input/event1: 0000 0000 00000000
[    5502.096567] /dev/input/event1: 0003 003a 00000000
[    5502.096567] /dev/input/event1: 0003 0039 ffffffff
[    5502.096567] /dev/input/event1: 0000 0000 00000000
[    5503.779544] /dev/input/event1: 0003 0039 00000000
[    5503.779544] /dev/input/event1: 0003 0030 00000135
[    5503.779544] /dev/input/event1: 0003 003a 00000081
[    5503.779544] /dev/input/event1: 0003 0035 000039d5
[    5503.779544] /dev/input/event1: 0003 0036 000050aa
[    5503.779544] /dev/input/event1: 0000 0000 00000000
[    5503.872852] /dev/input/event1: 0003 003a 00000000
[    5503.872852] /dev/input/event1: 0003 0039 ffffffff
[    5503.872852] /dev/input/event1: 0000 0000 00000000
[    5505.762791] /dev/input/event1: 0003 0039 00000000
[    5505.762791] /dev/input/event1: 0003 0030 00000136
[    5505.762791] /dev/input/event1: 0003 003a 00000081
[    5505.762791] /dev/input/event1: 0003 0035 0000291f
[    5505.762791] /dev/input/event1: 0003 0036 00001e32
[    5505.762791] /dev/input/event1: 0000 0000 00000000
[    5505.850331] /dev/input/event1: 0003 003a 00000000
[    5505.850331] /dev/input/event1: 0003 0039 ffffffff
[    5505.850331] /dev/input/event1: 0000 0000 00000000
[    5509.093449] /dev/input/event1: 0003 0039 00000000
[    5509.093449] /dev/input/event1: 0003 0030 00000137
[    5509.093449] /dev/input/event1: 0003 003a 00000081
[    5509.093449] /dev/input/event1: 0003 0035 000012d8
[    5509.093449] /dev/input/event1: 0003 0036 00004e54
[    5509.093449] /dev/input/event1: 0000 0000 00000000
[    5509.223482] /dev/input/event1: 0003 003a 00000000
[    5509.223482] /dev/input/event1: 0003 0039 ffffffff
[    5509.223482] /dev/input/event1: 0000 0000 00000000
[    5510.802769] /dev/input/event1: 0003 0039 00000000
[    5510.802769] /dev/input/event1: 0003 0030 00000138
[    5510.802769] /dev/input/event1: 0003 003a 00000081
[    5510.802769] /dev/input/event1: 0003 0035 00002443
[    5510.802769] /dev/input/event1: 0003 0036 00005854
[    5510.802769] /dev/input/event1: 0000 0000 00000000
[    5510.907515] /dev/input/event1: 0003 003a 00000000
[    5510.907515] /dev/input/event1: 0003 0039 ffffffff
[    5510.907515] /dev/input/event1: 0000 0000 00000000
[    5513.156373] /dev/input/event1: 0003 0039 00000000
[    5513.156373] /dev/input/event1: 0003 0030 00000139
[    5513.156373] /dev/input/event1: 0003 003a 00000081
[    5513.156373] /dev/input/event1: 0003 0035 0000227c
[    5513.156373] /dev/input/event1: 0003 0036 000070ee
[    5513.156373] /dev/input/event1: 0000 0000 00000000
[    5513.272160] /dev/input/event1: 0003 003a 00000000
[    5513.272160] /dev/input/event1: 0003 0039 ffffffff
[    5513.272160] /dev/input/event1: 0000 0000 00000000
[    5514.977838] /dev/input/event1: 0003 0039 00000000
[    5514.977838] /dev/input/event1: 0003 0030 0000013a
[    5514.977838] /dev/input/event1: 0003 003a 00000081
[    5514.977838] /dev/input/event1: 0003 0035 00000c90
[    5514.977838] /dev/input/event1: 0003 0036 000071cb
[    5514.977838] /dev/input/event1: 0000 0000 00000000
[    5515.087076] /dev/input/event1: 0003 003a 00000000
[    5515.087076] /dev/input/event1: 0003 0039 ffffffff
[    5515.087076] /dev/input/event1: 0000 0000 00000000
[    5516.127626] /dev/input/event1: 0003 0039 00000000
[    5516.127626] /dev/input/event1: 0003 0030 0000013b
[    5516.127626] /dev/input/event1: 0003 003a 00000081
[    5516.127626] /dev/input/event1: 0000 0000 00000000
[    5516.250940] /dev/input/event1: 0003 003a 00000000
[    5516.250940] /dev/input/event1: 0003 0039 ffffffff
[    5516.250940] /dev/input/event1: 0000 0000 00000000
[    5519.026162] /dev/input/event1: 0003 0039 00000000
[    5519.026162] /dev/input/event1: 0003 0030 0000013c
[    5519.026162] /dev/input/event1: 0003 003a 00000081
[    5519.026162] /dev/input/event1: 0003 0035 000073ab
[    5519.026162] /dev/input/event1: 0003 0036 00001cee
[    5519.026162] /dev/input/event1: 0000 0000 00000000
[    5519.156862] /dev/input/event1: 0003 003a 00000000
[    5519.156862] /dev/input/event1: 0003 0039 ffffffff
[    5519.156862] /dev/input/event1: 0000 0000 00000000
[    5526.521241] /dev/input/event1: 0003 0039 00000000
[    5526.521241] /dev/input/event1: 0003 0030 0000013d
[    5526.521241] /dev/input/event1: 0003 003a 00000081
[    5526.521241] /dev/input/event1: 0003 0035 000075ec
[    5526.521241] /dev/input/event1: 0003 0036 000025ee
[    5526.521241] /dev/input/event1: 0000 0000 00000000
[    5526.644405] /dev/input/event1: 0003 003a 00000000
[    5526.644405] /dev/input/event1: 0003 0039 ffffffff
[    5526.644405] /dev/input/event1: 0000 0000 00000000
[    5534.581279] /dev/input/event1: 0003 0039 00000000
[    5534.581279] /dev/input/event1: 0003 0030 0000013e
[    5534.581279] /dev/input/event1: 0003 003a 00000081
[    5534.581279] /dev/input/event1: 0003 0035 00004d82
[    5534.581279] /dev/input/event1: 0003 0036 00003088
[    5534.581279] /dev/input/event1: 0000 0000 00000000
[    5534.681839] /dev/input/event1: 0003 003a 00000000
[    5534.681839] /dev/input/event1: 0003 0039 ffffffff
[    5534.681839] /dev/input/event1: 0000 0000 00000000
[    5539.155609] /dev/input/event1: 0003 0039 00000000
[    5539.155609] /dev/input/event1: 0003 0030 0000013f
[    5539.155609] /dev/input/event1: 0003 003a 00000081
[    5539.155609] /dev/input/event1: 0003 0035 000036df
[    5539.155609] /dev/input/event1: 0003 0036 00003988
[    5539.155609] /dev/input/event1: 0000 0000 00000000
[    5539.278830] /dev/input/event1: 0003 003a 00000000
[    5539.278830] /dev/input/event1: 0003 0039 ffffffff
[    5539.278830] /dev/input/event1: 0000 0000 00000000
[    5544.037966] /dev/input/event1: 0003 0039 00000000
[    5544.037966] /dev/input/event1: 0003 0030 00000140
[    5544.037966] /dev/input/event1: 0003 003a 00000081
[    5544.037966] /dev/input/event1: 0003 0035 00001407
[    5544.037966] /dev/input/event1: 0003 0036 00004e87
[    5544.037966] /dev/input/event1: 0000 0000 00000000
[    5544.164613] /dev/input/event1: 0003 003a 00000000
[    5544.164613] /dev/input/event1: 0003 0039 ffffffff
[    5544.164613] /dev/input/event1: 0000 0000 00000000
[    5546.002587] /dev/input/event1: 0003 0039 00000000
[    5546.002587] /dev/input/event1: 0003 0030 00000141
[    5546.002587] /dev/input/event1: 0003 003a 00000081
[    5546.002587] /dev/input/event1: 0003 0035 00001fe1
[    5546.002587] /dev/input/event1: 0003 0036 00004fcc
[    5546.002587] /dev/input/event1: 0000 0000 00000000
[    5546.110147] /dev/input/event1: 0003 003a 00000000
[    5546.110147] /dev/input/event1: 0003 0039 ffffffff
[    5546.110147] /dev/input/event1: 0000 0000 00000000
[    5547.621437] /dev/input/event1: 0003 0039 00000000
[    5547.621437] /dev/input/event1: 0003 0030 00000142
[    5547.621437] /dev/input/event1: 0003 003a 00000081
[    5547.621437] /dev/input/event1: 0000 0000 00000000
[    5547.738451] /dev/input/event1: 0003 003a 00000000
[    5547.738451] /dev/input/event1: 0003 0039 ffffffff
[    5547.738451] /dev/input/event1: 0000 0000 00000000
[    5549.374807] /dev/input/event1: 0003 0039 00000000
[    5549.374807] /dev/input/event1: 0003 0030 00000143
[    5549.374807] /dev/input/event1: 0003 003a 00000081
[    5549.374807] /dev/input/event1: 0003 0035 00006665
[    5549.374807] /dev/input/event1: 0003 0036 00005add
[    5549.374807] /dev/input/event1: 0000 0000 00000000
[    5549.472731] /dev/input/event1: 0003 003a 00000000
[    5549.472731] /dev/input/event1: 0003 0039 ffffffff
[    5549.472731] /dev/input/event1: 0000 0000 00000000
[    5550.948752] /dev/input/event1: 0003 0039 00000000
[    5550.948752] /dev/input/event1: 0003 0030 00000144
[    5550.948752] /dev/input/event1: 0003 003a 00000081
[    5550.948752] /dev/input/event1: 0003 0035 00007350
[    5550.948752] /dev/input/event1: 0003 0036 00005aa9
[    5550.948752] /dev/input/event1: 0000 0000 00000000
[    5551.048006] /dev/input/event1: 0003 003a 00000000
[    5551.048006] /dev/input/event1: 0003 0039 ffffffff
[    5551.048006] /dev/input/event1: 0000 0000 00000000
[    5553.024655] /dev/input/event1: 0003 0039 00000000
[    5553.024655] /dev/input/event1: 0003 0030 00000145
[    5553.024655] /dev/input/event1: 0003 003a 00000081
[    5553.024655] /dev/input/event1: 0003 0035 000045af
[    5553.024655] /dev/input/event1: 0003 0036 00005076
[    5553.024655] /dev/input/event1: 0000 0000 00000000
[    5553.118200] /dev/input/event1: 0003 003a 00000000
[    5553.118200] /dev/input/event1: 0003 0039 ffffffff
[    5553.118200] /dev/input/event1: 0000 0000 00000000
[    5554.358487] /dev/input/event1: 0003 0039 00000000
[    5554.358487] /dev/input/event1: 0003 0030 00000146
[    5554.358487] /dev/input/event1: 0003 003a 00000081
[    5554.358487] /dev/input/event1: 0003 0035 0000484b
[    5554.358487] /dev/input/event1: 0003 0036 00007198
[    5554.358487] /dev/input/event1: 0000 0000 00000000
[    5554.457020] /dev/input/event1: 0003 003a 00000000
[    5554.457020] /dev/input/event1: 0003 0039 ffffffff
[    5554.457020] /dev/input/event1: 0000 0000 00000000
[    5556.210297] /dev/input/event1: 0003 0039 00000000
[    5556.210297] /dev/input/event1: 0003 0030 00000147
[    5556.210297] /dev/input/event1: 0003 003a 00000081
[    5556.210297] /dev/input/event1: 0003 0035 0000401d
[    5556.210297] /dev/input/event1: 0003 0036 00005ba9
[    5556.210297] /dev/input/event1: 0000 0000 00000000
[    5556.319641] /dev/input/event1: 0003 003a 00000000
[    5556.319641] /dev/input/event1: 0003 0039 ffffffff
[    5556.319641] /dev/input/event1: 0000 0000 00000000
[    5557.544709] /dev/input/event1: 0003 0039 00000000
[    5557.544709] /dev/input/event1: 0003 0030 00000148
[    5557.544709] /dev/input/event1: 0003 003a 00000081
[    5557.544709] /dev/input/event1: 0003 0035 00002ccc
[    5557.544709] /dev/input/event1: 0003 0036 00005076
[    5557.544709] /dev/input/event1: 0000 0000 00000000
[    5557.643906] /dev/input/event1: 0003 003a 00000000
[    5557.643906] /dev/input/event1: 0003 0039 ffffffff
[    5557.643906] /dev/input/event1: 0000 0000 00000000
[    5558.808774] /dev/input/event1: 0003 0039 00000000
[    5558.808774] /dev/input/event1: 0003 0030 00000149
[    5558.808774] /dev/input/event1: 0003 003a 00000081
[    5558.808774] /dev/input/event1: 0003 0035 00006d63
[    5558.808774] /dev/input/event1: 0000 0000 00000000
[    5558.900927] /dev/input/event1: 0003 003a 00000000
[    5558.900927] /dev/input/event1: 0003 0039 ffffffff
[    5558.900927] /dev/input/event1: 0000 0000 00000000
[    5560.155905] /dev/input/event1: 0003 0039 00000000
[    5560.155905] /dev/input/event1: 0003 0030 0000014a
[    5560.155905] /dev/input/event1: 0003 003a 00000081
[    5560.155905] /dev/input/event1: 0003 0035 0000314d
[    5560.155905] /dev/input/event1: 0003 0036 000066ba
[    5560.155905] /dev/input/event1: 0000 0000 00000000
[    5560.250693] /dev/input/event1: 0003 003a 00000000
[    5560.250693] /dev/input/event1: 0003 0039 ffffffff
[    5560.250693] /dev/input/event1: 0000 0000 00000000
[    5561.598767] /dev/input/event1: 0003 0039 00000000
[    5561.598767] /dev/input/event1: 0003 0030 0000014b
[    5561.598767] /dev/input/event1: 0003 003a 00000081
[    5561.598767] /dev/input/event1: 0003 0035 00001f0d
[    5561.598767] /dev/input/event1: 0003 0036 00004f65
[    5561.598767] /dev/input/event1: 0000 0000 00000000
[    5561.685440] /dev/input/event1: 0003 003a 00000000
[    5561.685440] /dev/input/event1: 0003 0039 ffffffff
[    5561.685440] /dev/input/event1: 0000 0000 00000000
[    5563.738621] /dev/input/event1: 0003 0039 00000000
[    5563.738621] /dev/input/event1: 0003 0030 0000014c
[    5563.738621] /dev/input/event1: 0003 003a 00000081
[    5563.738621] /dev/input/event1: 0003 0035 00002b60
[    5563.738621] /dev/input/event1: 0003 0036 00005032
[    5563.738621] /dev/input/event1: 0000 0000 00000000
[    5563.852906] /dev/input/event1: 0003 003a 00000000
[    5563.852906] /dev/input/event1: 0003 0039 ffffffff
[    5563.852906] /dev/input/event1: 0000 0000 00000000
[    5565.140436] /dev/input/event1: 0003 0039 00000000
[    5565.140436] /dev/input/event1: 0003 0030 0000014d
[    5565.140436] /dev/input/event1: 0003 003a 00000081
[    5565.140436] /dev/input/event1: 0003 0035 00005e93
[    5565.140436] /dev/input/event1: 0003 0036 00004fff
[    5565.140436] /dev/input/event1: 0000 0000 00000000
[    5565.241727] /dev/input/event1: 0003 003a 00000000
[    5565.241727] /dev/input/event1: 0003 0039 ffffffff
[    5565.241727] /dev/input/event1: 0000 0000 00000000
[    5566.566803] /dev/input/event1: 0003 0039 00000000
[    5566.566803] /dev/input/event1: 0003 0030 0000014e
[    5566.566803] /dev/input/event1: 0003 003a 00000081
[    5566.566803] /dev/input/event1: 0003 0035 00001fe1
[    5566.566803] /dev/input/event1: 0000 0000 00000000
[    5566.661286] /dev/input/event1: 0003 003a 00000000
[    5566.661286] /dev/input/event1: 0003 0039 ffffffff
[    5566.661286] /dev/input/event1: 0000 0000 00000000
[    5567.838530] /dev/input/event1: 0003 0039 00000000
[    5567.838530] /dev/input/event1: 0003 0030 0000014f
[    5567.838530] /dev/input/event1: 0003 003a 00000081
[    5567.838530] /dev/input/event1: 0003 0035 000019f4
[    5567.838530] /dev/input/event1: 0003 0036 00005b76
[    5567.838530] /dev/input/event1: 0000 0000 00000000
[    5567.946175] /dev/input/event1: 0003 003a 00000000
[    5567.946175] /dev/input/event1: 0003 0039 ffffffff
[    5567.946175] /dev/input/event1: 0000 0000 00000000
[    5569.544286] /dev/input/event1: 0003 0039 00000000
[    5569.544286] /dev/input/event1: 0003 0030 00000150
[    5569.544286] /dev/input/event1: 0003 003a 00000081
[    5569.544286] /dev/input/event1: 0003 0035 00006665
[    5569.544286] /dev/input/event1: 0003 0036 00007298
[    5569.544286] /dev/input/event1: 0000 0000 00000000
[    5569.662947] /dev/input/event1: 0003 003a 00000000
[    5569.662947] /dev/input/event1: 0003 0039 ffffffff
[    55