add device 1: /dev/input/event0
  name:     "Power Button"
add device 2: /dev/input/event1
  name:     "qwerty2"
[    4812.430318] /dev/input/event1: 0003 0039 00000000
[    4812.430318] /dev/input/event1: 0003 0030 000000b3
[    4812.430318] /dev/input/event1: 0003 003a 00000081
[    4812.430318] /dev/input/event1: 0003 0035 00005eee
[    4812.430318] /dev/input/event1: 0003 0036 000072cb
[    4812.430318] /dev/input/event1: 0000 0000 00000000
[    4812.648790] /dev/input/event1: 0003 003a 00000000
[    4812.648790] /dev/input/event1: 0003 0039 ffffffff
[    4812.648790] /dev/input/event1: 0000 0000 00000000
[    4815.611237] /dev/input/event1: 0003 0039 00000000
[    4815.611237] /dev/input/event1: 0003 0030 000000b4
[    4815.611237] /dev/input/event1: 0003 003a 00000081
[    4815.611237] /dev/input/event1: 0000 0000 00000000
[    4815.839865] /dev/input/event1: 0003 003a 00000000
[    4815.839865] /dev/input/event1: 0003 0039 ffffffff
[    4815.839865] /dev/input/event1: 0000 0000 00000000
[    4819.156658] /dev/input/event1: 0003 0039 00000000
[    4819.156658] /dev/input/event1: 0003 0030 000000b5
[    4819.156658] /dev/input/event1: 0003 003a 00000081
[    4819.156658] /dev/input/event1: 0000 0000 00000000
[    4819.376681] /dev/input/event1: 0003 003a 00000000
[    4819.376681] /dev/input/event1: 0003 0039 ffffffff
[    4819.376681] /dev/input/event1: 0000 0000 00000000
[    4823.038876] /dev/input/event1: 0003 0039 00000000
[    4823.038876] /dev/input/event1: 0003 0030 000000b6
[    4823.038876] /dev/input/event1: 0003 003a 00000081
[    4823.038876] /dev/input/event1: 0003 0035 00006eee
[    4823.038876] /dev/input/event1: 0003 0036 00002910
[    4823.038876] /dev/input/event1: 0000 0000 00000000
[    4823.263912] /dev/input/event1: 0003 003a 00000000
[    4823.263912] /dev/input/event1: 0003 0039 ffffffff
[    4823.263912] /dev/input/event1: 0000 0000 00000000
[    4826.194732] /dev/input/event1: 0003 0039 00000000
[    4826.194732] /dev/input/event1: 0003 0030 000000b7
[    4826.194732] /dev/input/event1: 0003 003a 00000081
[    4826.194732] /dev/input/event1: 0003 0035 00005ddd
[    4826.194732] /dev/input/event1: 0003 0036 00007376
[    4826.194732] /dev/input/event1: 0000 0000 00000000
[    4826.421312] /dev/input/event1: 0003 003a 00000000
[    4826.421312] /dev/input/event1: 0003 0039 ffffffff
[    4826.421312] /dev/input/event1: 0000 0000 00000000
[    4829.343366] /dev/input/event1: 0003 0039 00000000
[    4829.343366] /dev/input/event1: 0003 0030 000000b8
[    4829.343366] /dev/input/event1: 0003 003a 00000081
[    4829.343366] /dev/input/event1: 0000 0000 00000000
[    4829.569744] /dev/input/event1: 0003 003a 00000000
[    4829.569744] /dev/input/event1: 0003 0039 ffffffff
[    4829.569744] /dev/input/event1: 0000 0000 00000000
[    4833.159489] /dev/input/event1: 0003 0039 00000000
[    4833.159489] /dev/input/event1: 0003 0030 000000b9
[    4833.159489] /dev/input/event1: 0003 003a 00000081
[    4833.159489] /dev/input/event1: 0003 0035 00005bf7
[    4833.159489] /dev/input/event1: 0003 0036 00004854
[    4833.159489] /dev/input/event1: 0000 0000 00000000
[    4833.372677] /dev/input/event1: 0003 003a 00000000
[    4833.372677] /dev/input/event1: 0003 0039 ffffffff
[    4833.372677] /dev/input/event1: 0000 0000 00000000
[    4841.221245] /dev/input/event1: 0003 0039 00000000
[    4841.221245] /dev/input/event1: 0003 0030 000000ba
[    4841.221245] /dev/input/event1: 0003 003a 00000081
[    4841.221245] /dev/input/event1: 0003 0035 00000888
[    4841.221245] /dev/input/event1: 0003 0036 00000955
[    4841.221245] /dev/input/event1: 0000 0000 00000000
[    4841.441326] /dev/input/event1: 0003 003a 00000000
[    4841.441326] /dev/input/event1: 0003 0039 ffffffff
[    4841.441326] /dev/input/event1: 0000 0000 00000000
[    4845.915472] /dev/input/event1: 0003 0039 00000000
[    4845.915472] /dev/input/event1: 0003 0030 000000bb
[    4845.915472] /dev/input/event1: 0003 003a 00000081
[    4845.915472] /dev/input/event1: 0003 0035 00001dfb
[    4845.915472] /dev/input/event1: 0003 0036 00005110
[    48