add device 1: /dev/input/event0
  name:     "Power Button"
add device 2: /dev/input/event1
  name:     "qwerty2"
[   16637.837290] /dev/input/event1: 0003 0039 00000000
[   16637.837290] /dev/input/event1: 0003 0030 000000e7
[   16637.837290] /dev/input/event1: 0003 003a 00000081
[   16637.837290] /dev/input/event1: 0003 0035 00003eb1
[   16637.837290] /dev/input/event1: 0003 0036 00002221
[   16637.837290] /dev/input/event1: 0000 0000 00000000
[   16637.965657] /dev/input/event1: 0003 003a 00000000
[   16637.965657] /dev/input/event1: 0003 0039 ffffffff
[   16637.965657] /dev/input/event1: 0000 0000 00000000
[   16640.951374] /dev/input/event1: 0003 0039 00000000
[   16640.951374] /dev/input/event1: 0003 0030 000000e8
[   16640.951374] /dev/input/event1: 0003 003a 00000081
[   16640.951374] /dev/input/event1: 0003 0035 00003c71
[   16640.951374] /dev/input/event1: 0003 0036 00002abb
[   16640.951374] /dev/input/event1: 0000 0000 00000000
[   16641.087972] /dev/input/event1: 0003 003a 00000000
[   16641.087972] /dev/input/event1: 0003 0039 ffffffff
[   16641.087972] /dev/input/event1: 0000 0000 00000000
[   16644.747447] /dev/input/event1: 0003 0039 00000000
[   16644.747447] /dev/input/event1: 0003 0030 000000e9
[   16644.747447] /dev/input/event1: 0003 003a 00000081
[   16644.747447] /dev/input/event1: 0003 0035 0000501d
[   16644.747447] /dev/input/event1: 0003 0036 00001d55
[   16644.747447] /dev/input/event1: 0000 0000 00000000
[   16644.869753] /dev/input/event1: 0003 003a 00000000
[   16644.869753] /dev/input/event1: 0003 0039 ffffffff
[   16644.869753] /dev/input/event1: 0000 0000 00000000
[   16648.513371] /dev/input/event1: 0003 0039 00000000
[   16648.513371] /dev/input/event1: 0003 0030 000000ea
[   16648.513371] /dev/input/event1: 0003 003a 00000081
[   16648.513371] /dev/input/event1: 0003 0035 0000595c
[   16648.513371] /dev/input/event1: 0003 0036 00003810
[   16648.513371] /dev/input/event1: 0000 0000 00000000
[   16648.636065] /dev/input/event1: 0003 003a 00000000
[   16648.636065] /dev/input/event1: 0003 0039 ffffffff
[   16648.636065] /dev/input/event1: 0000 0000 00000000
[   16651.218831] /dev/input/event1: 0003 0039 00000000
[   16651.218831] /dev/input/event1: 0003 0030 000000eb
[   16651.218831] /dev/input/event1: 0003 003a 00000081
[   16651.218831] /dev/input/event1: 0003 0035 00002795
[   16651.218831] /dev/input/event1: 0003 0036 00006398
[   16651.218831] /dev/input/event1: 0000 0000 00000000
[   16651.341750] /dev/input/event1: 0003 003a 00000000
[   16651.341750] /dev/input/event1: 0003 0039 ffffffff
[   16651.341750] /dev/input/event1: 0000 0000 00000000
[   16653.488501] /dev/input/event1: 0003 0039 00000000
[   16653.488501] /dev/input/event1: 0003 0030 000000ec
[   16653.488501] /dev/input/event1: 0003 003a 00000081
[   16653.488501] /dev/input/event1: 0003 0035 00003ddd
[   16653.488501] /dev/input/event1: 0003 0036 00002bee
[   16653.488501] /dev/input/event1: 0000 0000 00000000
[   16653.611401] /dev/input/event1: 0003 003a 00000000
[   16653.611401] /dev/input/event1: 0003 0039 ffffffff
[   16653.611401] /dev/input/event1: 0000 0000 00000000
[   16655.944598] /dev/input/event1: 0003 0039 00000000
[   16655.944598] /dev/input/event1: 0003 0030 000000ed
[   16655.944598] /dev/input/event1: 0003 003a 00000081
[   16655.944598] /dev/input/event1: 0003 0035 00004bf7
[   16655.944598] /dev/input/event1: 0003 0036 00005b76
[   16655.944598] /dev/input/event1: 0000 0000 00000000
[   16656.046133] /dev/input/event1: 0003 003a 00000000
[   16656.046133] /dev/input/event1: 0003 0039 ffffffff
[   16656.046133] /dev/input/event1: 0000 0000 00000000
[   16657.828764] /dev/input/event1: 0003 0039 00000000
[   16657.828764] /dev/input/event1: 0003 0030 000000ee
[   16657.828764] /dev/input/event1: 0003 003a 00000081
[   16657.828764] /dev/input/event1: 0003 0035 00005fa4
[   16657.828764] /dev/input/event1: 0003 0036 00004f65
[   16657.828764] /dev/input/event1: 0000 0000 00000000
[   16657.943551] /dev/input/event1: 0003 003a 00000000
[   16657.943551] /dev/input/event1: 0003 0039 ffffffff
[   166