add device 1: /dev/input/event0
  name:     "Power Button"
add device 2: /dev/input/event1
  name:     "qwerty2"
[   16354.656128] /dev/input/event1: 0003 0039 00000000
[   16354.656128] /dev/input/event1: 0003 0030 000000cc
[   16354.656128] /dev/input/event1: 0003 003a 00000081
[   16354.656128] /dev/input/event1: 0003 0035 000042b9
[   16354.656128] /dev/input/event1: 0003 0036 000009bb
[   16354.656128] /dev/input/event1: 0000 0000 00000000
[   16354.771690] /dev/input/event1: 0003 003a 00000000
[   16354.771690] /dev/input/event1: 0003 0039 ffffffff
[   16354.771690] /dev/input/event1: 0000 0000 00000000
[   16360.048361] /dev/input/event1: 0003 0039 00000000
[   16360.048361] /dev/input/event1: 0003 0030 000000cd
[   16360.048361] /dev/input/event1: 0003 003a 00000081
[   16360.048361] /dev/input/event1: 0003 0035 0000401d
[   16360.048361] /dev/input/event1: 0003 0036 00005fa9
[   16360.048361] /dev/input/event1: 0000 0000 00000000
[   16360.185538] /dev/input/event1: 0003 003a 00000000
[   16360.185538] /dev/input/event1: 0003 0039 ffffffff
[   16360.185538] /dev/input/event1: 0000 0000 00000000
[   16362.590107] /dev/input/event1: 0003 0039 00000000
[   16362.590107] /dev/input/event1: 0003 0030 000000ce
[   16362.590107] /dev/input/event1: 0003 003a 00000081
[   16362.590107] /dev/input/event1: 0003 0035 000040d3
[   16362.590107] /dev/input/event1: 0003 0036 00003988
[   16362.590107] /dev/input/event1: 0000 0000 00000000
[   16362.721243] /dev/input/event1: 0003 003a 00000000
[   16362.721243] /dev/input/event1: 0003 0039 ffffffff
[   16362.721243] /dev/input/event1: 0000 0000 00000000
[   16365.487690] /dev/input/event1: 0003 0039 00000000
[   16365.487690] /dev/input/event1: 0003 0030 000000cf
[   16365.487690] /dev/input/event1: 0003 003a 00000081
[   16365.487690] /dev/input/event1: 0003 0035 00001221
[   16365.487690] /dev/input/event1: 0003 0036 00004fff
[   16365.487690] /dev/input/event1: 0000 0000 00000000
[   16365.603327] /dev/input/event1: 0003 003a 00000000
[   16365.603327] /dev/input/event1: 0003 0039 ffffffff
[   16365.603327] /dev/input/event1: 0000 0000 00000000
[   16366.985182] /dev/input/event1: 0003 0039 00000000
[   16366.985182] /dev/input/event1: 0003 0030 000000d0
[   16366.985182] /dev/input/event1: 0003 003a 00000081
[   16366.985182] /dev/input/event1: 0003 0035 00005480
[   16366.985182] /dev/input/event1: 0003 0036 00005b43
[   16366.985182] /dev/input/event1: 0000 0000 00000000
[   16367.092769] /dev/input/event1: 0003 003a 00000000
[   16367.092769] /dev/input/event1: 0003 0039 ffffffff
[   16367.092769] /dev/input/event1: 0000 0000 00000000
[   16368.417194] /dev/input/event1: 0003 0039 00000000
[   16368.417194] /dev/input/event1: 0003 0030 000000d1
[   16368.417194] /dev/input/event1: 0003 003a 00000081
[   16368.417194] /dev/input/event1: 0003 0035 00003684
[   16368.417194] /dev/input/event1: 0003 0036 00005b76
[   16368.417194] /dev/input/event1: 0000 0000 00000000
[   16368.563281] /dev/input/event1: 0003 003a 00000000
[   16368.563281] /dev/input/event1: 0003 0039 ffffffff
[   16368.563281] /dev/input/event1: 0000 0000 00000000
[   16370.656353] /dev/input/event1: 0003 0039 00000000
[   16370.656353] /dev/input/event1: 0003 0030 000000d2
[   16370.656353] /dev/input/event1: 0003 003a 00000081
[   16370.656353] /dev/input/event1: 0003 0035 0000729a
[   16370.656353] /dev/input/event1: 0003 0036 00007198
[   16370.656353] /dev/input/event1: 0000 0000 00000000
[   16370.779076] /dev/input/event1: 0003 003a 00000000
[   16370.779076] /dev/input/event1: 0003 0039 ffffffff
[   16370.779076] /dev/input/event1: 0000 0000 00000000
[   16372.012007] /dev/input/event1: 0003 0039 00000000
[   16372.012007] /dev/input/event1: 0003 0030 000000d3
[   16372.012007] /dev/input/event1: 0003 003a 00000081
[   16372.012007] /dev/input/event1: 0003 0035 0000536f
[   16372.012007] /dev/input/event1: 0003 0036 00005c21
[   16372.012007] /dev/input/event1: 0000 0000 00000000
[   16372.127177] /dev/input/event1: 0003 003a 00000000
[   16372.127177] /dev/input/event1: 0003 0039 ffffffff
[   16372.127177] /dev/input/event1: 0000 0000 00000000
[   16373.648941] /dev/input/event1: 0003 0039 00000000
[   16373.648941] /dev/input/event1: 0003 0030 000000d4
[   16373.648941] /dev/input/event1: 0003 003a 00000081
[   16373.648941] /dev/input/event1: 0003 0035 000032b9
[   16373.648941] /dev/input/event1: 0003 0036 00007298
[   16373.648941] /dev/input/event1: 0000 0000 00000000
[   16373.771541] /dev/input/event1: 0003 003a 00000000
[   16373.771541] /dev/input/event1: 0003 0039 ffffffff
[   16373.771541] /dev/input/event1: 0000 0000 00000000
[   16375.724944] /dev/input/event1: 0003 0039 00000000
[   16375.724944] /dev/input/event1: 0003 0030 000000d5
[   16375.724944] /dev/input/event1: 0003 003a 00000081
[   16375.724944] /dev/input/event1: 0003 0035 0000729a
[   16375.724944] /dev/input/event1: 0003 0036 00007165
[   16375.724944] /dev/input/event1: 0000 0000 00000000
[   16375.847642] /dev/input/event1: 0003 003a 00000000
[   16375.847642] /dev/input/event1: 0003 0039 ffffffff
[   16375.847642] /dev/input/event1: 0000 0000 00000000
[   16378.865363] /dev/input/event1: 0003 0039 00000000
[   16378.865363] /dev/input/event1: 0003 0030 000000d6
[   16378.865363] /dev/input/event1: 0003 003a 00000081
[   16378.865363] /dev/input/event1: 0003 0035 00003f67
[   16378.865363] /dev/input/event1: 0003 0036 00004632
[   16378.865363] /dev/input/event1: 0000 0000 00000000
[   16378.985788] /dev/input/event1: 0003 003a 00000000
[   16378.985788] /dev/input/event1: 0003 0039 ffffffff
[   16378.985788] /dev/input/event1: 0000 0000 00000000
[   16402.136794] /dev/input/event1: 0003 0039 00000000
[   16402.136794] /dev/input/event1: 0003 0030 000000d7
[   16402.136794] /dev/input/event1: 0003 003a 00000081
[   16402.136794] /dev/input/event1: 0003 0035 00001a4f
[   16402.136794] /dev/input/event1: 0003 0036 00007b65
[   16402.136794] /dev/input/event1: 0000 0000 00000000
[   16402.235116] /dev/input/event1: 0003 003a 00000000
[   16402.235116] /dev/input/event1: 0003 0039 ffffffff
[   16402.235116] /dev/input/event1: 0000 0000 00000000
[   16404.530352] /dev/input/event1: 0003 0039 00000000
[   16404.530352] /dev/input/event1: 0003 0030 000000d8
[   16404.530352] /dev/input/event1: 0003 003a 00000081
[   16404.530352] /dev/input/event1: 0003 0035 0000180e
[   16404.530352] /dev/input/event1: 0003 0036 00000e22
[   16404.530352] /dev/input/event1: 0000 0000 00000000
[   16404.646341] /dev/input/event1: 0003 003a 00000000
[   16404.646341] /dev/input/event1: 0003 0039 ffffffff
[   16404.646341] /dev/input/event1: 0000 0000 00000000
[   16406.213038] /dev/input/event1: 0003 0039 00000000
[   16406.213038] /dev/input/event1: 0003 0030 000000d9
[   16406.213038] /dev/input/event1: 0003 003a 00000081
[   16406.213038] /dev/input/event1: 0003 0035 000056c0
[   16406.213038] /dev/input/event1: 0003 0036 00001a44
[   16406.213038] /dev/input/event1: 0000 0000 00000000
[   16406.343507] /dev/input/event1: 0003 003a 00000000
[   16406.343507] /dev/input/event1: 0003 0039 ffffffff
[   16406.343507] /dev/input/event1: 0000 0000 00000000
[   16407.646900] /dev/input/event1: 0003 0039 00000000
[   16407.646900] /dev/input/event1: 0003 0030 000000da
[   16407.646900] /dev/input/event1: 0003 003a 00000081
[   16407.646900] /dev/input/event1: 0003 0035 00006591
[   16407.646900] /dev/input/event1: 0003 0036 00001aaa
[   16407.646900] /dev/input/event1: 0000 0000 00000000
[   16407.785700] /dev/input/event1: 0003 003a 00000000
[   16407.785700] /dev/input/event1: 0003 0039 ffffffff
[   16407.785700] /dev/input/event1: 0000 0000 00000000
[   16409.770061] /dev/input/event1: 0003 0039 00000000
[   16409.770061] /dev/input/event1: 0003 0030 000000db
[   16409.770061] /dev/input/event1: 0003 003a 00000081
[   16409.770061] /dev/input/event1: 0003 0035 0000291f
[   16409.770061] /dev/input/event1: 0003 0036 000019cc
[   16409.770061] /dev/input/event1: 0000 0000 00000000
[   16409.894125] /dev/input/event1: 0003 003a 00000000
[   16409.894125] /dev/input/event1: 0003 0039 ffffffff
[   16409.894125] /dev/input/event1: 0000 0000 00000000
[   16412.00315