add device 1: /dev/input/event0
  name:     "Power Button"
add device 2: /dev/input/event1
  name:     "qwerty2"
[     447.203997] /dev/input/event1: 0003 0039 00000000
[     447.203997] /dev/input/event1: 0003 0030 00000017
[     447.203997] /dev/input/event1: 0003 003a 00000081
[     447.203997] /dev/input/event1: 0003 0035 00001cea
[     447.203997] /dev/input/event1: 0003 0036 00001b10
[     447.203997] /dev/input/event1: 0000 0000 00000000
[     447.325330] /dev/input/event1: 0003 003a 00000000
[     447.325330] /dev/input/event1: 0003 0039 ffffffff
[     447.325330] /dev/input/event1: 0000 0000 00000000
[     450.530850] /dev/input/event1: 0003 0039 00000000
[     450.530850] /dev/input/event1: 0003 0030 00000018
[     450.530850] /dev/input/event1: 0003 003a 00000081
[     450.530850] /dev/input/event1: 0003 0035 00001629
[     450.530850] /dev/input/event1: 0003 0036 00001788
[     450.530850] /dev/input/event1: 0000 0000 00000000
[     450.677362] /dev/input/event1: 0003 003a 00000000
[     450.677362] /dev/input/event1: 0003 0039 ffffffff
[     450.677362] /dev/input/event1: 0000 0000 00000000
[     453.988187] /dev/input/event1: 0003 0039 00000000
[     453.988187] /dev/input/event1: 0003 0030 00000019
[     453.988187] /dev/input/event1: 0003 003a 00000081
[     453.988187] /dev/input/event1: 0003 0035 0000401d
[     453.988187] /dev/input/event1: 0003 0036 00002ccc
[     453.988187] /dev/input/event1: 0000 0000 00000000
[     454.135480] /dev/input/event1: 0003 003a 00000000
[     454.135480] /dev/input/event1: 0003 0039 ffffffff
[     454.135480] /dev/input/event1: 0000 0000 00000000
[     457.200382] /dev/input/event1: 0003 0039 00000000
[     457.200382] /dev/input/event1: 0003 0030 0000001a
[     457.200382] /dev/input/event1: 0003 003a 00000081
[     457.200382] /dev/input/event1: 0003 0035 000012d8
[     457.200382] /dev/input/event1: 0003 0036 00004f65
[     457.200382] /dev/input/event1: 0000 0000 00000000
[     457.323221] /dev/input/event1: 0003 003a 00000000
[     457.323221] /dev/input/event1: 0003 0039 ffffffff
[     457.323221] /dev/input/event1: 0000 0000 00000000
[     459.006562] /dev/input/event1: 0003 0039 00000000
[     459.006562] /dev/input/event1: 0003 0030 0000001b
[     459.006562] /dev/input/event1: 0003 003a 00000081
[     459.006562] /dev/input/event1: 0003 0035 00001eb2
[     459.006562] /dev/input/event1: 0003 0036 00004f32
[     459.006562] /dev/input/event1: 0000 0000 00000000
[     459.122854] /dev/input/event1: 0003 003a 00000000
[     459.122854] /dev/input/event1: 0003 0039 ffffffff
[     459.122854] /dev/input/event1: 0000 0000 00000000
[     460.588370] /dev/input/event1: 0003 0039 00000000
[     460.588370] /dev/input/event1: 0003 0030 0000001c
[     460.588370] /dev/input/event1: 0003 003a 00000081
[     460.588370] /dev/input/event1: 0003 0035 000072f5
[     460.588370] /dev/input/event1: 0003 0036 000059ff
[     460.588370] /dev/input/event1: 0000 0000 00000000
[     460.674228] /dev/input/event1: 0003 003a 00000000
[     460.674228] /dev/input/event1: 0003 0039 ffffffff
[     460.674228] /dev/input/event1: 0000 0000 00000000
[     461.976765] /dev/input/event1: 0003 0039 00000000
[     461.976765] /dev/input/event1: 0003 0030 0000001d
[     461.976765] /dev/input/event1: 0003 003a 00000081
[     461.976765] /dev/input/event1: 0003 0035 00003443
[     461.976765] /dev/input/event1: 0003 0036 00006621
[     461.976765] /dev/input/event1: 0000 0000 00000000
[     462.099250] /dev/input/event1: 0003 003a 00000000
[     462.099250] /dev/input/event1: 0003 0039 ffffffff
[     462.099250] /dev/input/event1: 0000 0000 00000000
[     463.604287] /dev/input/event1: 0003 0039 00000000
[     463.604287] /dev/input/event1: 0003 0030 0000001e
[     463.604287] /dev/input/event1: 0003 003a 00000081
[     463.604287] /dev/input/event1: 0003 0035 00006c52
[     463.604287] /dev/input/event1: 0003 0036 000050aa
[     463.604287] /dev/input/event1: 0000 0000 00000000
[     463.711804] /dev/input/event1: 0003 003a 00000000
[     463.711804] /dev/input/event1: 0003 0039 ffffffff
[     463.711804] /dev/input/event1: 0000 0000 00000000
[     464.884014] /dev/input/event1: 0003 0039 00000000
[     464.884014] /dev/input/event1: 0003 0030 0000001f
[     464.884014] /dev/input/event1: 0003 003a 00000081
[     464.884014] /dev/input/event1: 0003 0035 00006425
[     464.884014] /dev/input/event1: 0003 0036 00006687
[     464.884014] /dev/input/event1: 0000 0000 00000000
[     465.024209] /dev/input/event1: 0003 003a 00000000
[     465.024209] /dev/input/event1: 0003 0039 ffffffff
[     465.024209] /dev/input/event1: 0000 0000 00000000
[     466.342591] /dev/input/event1: 0003 0039 00000000
[     466.342591] /dev/input/event1: 0003 0030 00000020
[     466.342591] /dev/input/event1: 0003 003a 00000081
[     466.342591] /dev/input/event1: 0003 0035 0000214d
[     466.342591] /dev/input/event1: 0003 0036 00005076
[     466.342591] /dev/input/event1: 0000 0000 00000000
[     466.511317] /dev/input/event1: 0003 003a 00000000
[     466.511317] /dev/input/event1: 0003 0039 ffffffff
[     466.511317] /dev/input/event1: 0000 0000 00000000
[     467.636756] /dev/input/event1: 0003 0039 00000000
[     467.636756] /dev/input/event1: 0003 0030 00000021
[     467.636756] /dev/input/event1: 0003 003a 00000081
[     467.636756] /dev/input/event1: 0003 0035 0000401d
[     467.636756] /dev/input/event1: 0003 0036 00007054
[     467.636756] /dev/input/event1: 0000 0000 00000000
[     467.668075] /dev/input/event1: 0003 0036 00007021
[     467.668075] /dev/input/event1: 0000 0000 00000000
[     467.751774] /dev/input/event1: 0003 003a 00000000
[     467.751774] /dev/input/event1: 0003 0039 ffffffff
[     467.751774] /dev/input/event1: 0000 0000 00000000
[     469.140469] /dev/input/event1: 0003 0039 00000000
[     469.140469] /dev/input/event1: 0003 0030 00000022
[     469.140469] /dev/input/event1: 0003 003a 00000081
[     469.140469] /dev/input/event1: 0003 0035 00003a8b
[     469.140469] /dev/input/event1: 0003 0036 000050aa
[     469.140469] /dev/input/event1: 0000 0000 00000000
[     469.287459] /dev/input/event1: 0003 003a 00000000
[     469.287459] /dev/input/event1: 0003 0039 ffffffff
[     469.287459] /dev/input/event1: 0000 0000 00000000
[     470.985908] /dev/input/event1: 0003 0039 00000000
[     470.985908] /dev/input/event1: 0003 0030 00000023
[     470.985908] /dev/input/event1: 0003 003a 00000081
[     470.985908] /dev/input/event1: 0003 0035 00006d63
[     470.985908] /dev/input/event1: 0000 0000 00000000
[     471.096800] /dev/input/event1: 0003 003a 00000000
[     471.096800] /dev/input/event1: 0003 0039 ffffffff
[     471.096800] /dev/input/event1: 0000 0000 00000000
[     473.042979] /dev/input/event1: 0003 0039 00000000
[     473.042979] /dev/input/event1: 0003 0030 00000024
[     473.042979] /dev/input/event1: 0003 003a 00000081
[     473.042979] /dev/input/event1: 0003 0035 00007536
[     473.042979] /dev/input/event1: 0003 0036 000071cb
[     473.042979] /dev/input/event1: 0000 0000 00000000
[     473.149503] /dev/input/event1: 0003 0035 000074db
[     473.149503] /dev/input/event1: 0000 0000 00000000
[     473.179815] /dev/input/event1: 0003 003a 00000000
[     473.179815] /dev/input/event1: 0003 0039 ffffffff
[     473.179815] /dev/input/event1: 0000 0000 00000000
[     478.044800] /dev/input/event1: 0003 0039 00000000
[     478.044800] /dev/input/event1: 0003 0030 00000025
[     478.044800] /dev/input/event1: 0003 003a 00000081
[     478.044800] /dev/input/event1: 0003 0035 00004078
[     478.044800] /dev/input/event1: 0003 0036 000027cc
[     478.044800] /dev/input/event1: 0000 0000 00000000
[     478.189244] /dev/input/event1: 0003 003a 00000000
[     478.189244] /dev/input/event1: 0003 0039 ffffffff
[     478.189244] /dev/input/event1: 0000 0000 00000000
[     484.162799] /dev/input/event1: 0003 0039 00000000
[     484.162799] /dev/input/event1: 0003 0030 00000026
[     484.162799] /dev/input/event1: 0003 003a 00000081
[     484.162799] /dev/input/event1: 0003 0035 0000412e
[     484.162799] /dev/input/event1: 0003 0036 000029dd
[     484.162799] /dev/input/event1: 0000 0000 00000000
[     484.276979] /dev/input/event1: 0003 003a 00000000
[     484.276979] /dev/input/event1: 0003 0039 ffffffff
[     484.276979] /dev/input/event1: 0000 0000 00000000