add device 1: /dev/input/event0
  name:     "Power Button"
add device 2: /dev/input/event1
  name:     "qwerty2"
[    7859.026772] /dev/input/event1: 0003 0039 00000000
[    7859.026772] /dev/input/event1: 0003 0030 00000168
[    7859.026772] /dev/input/event1: 0003 003a 00000081
[    7859.026772] /dev/input/event1: 0003 0035 000020f2
[    7859.026772] /dev/input/event1: 0003 0036 00002255
[    7859.026772] /dev/input/event1: 0000 0000 00000000
[    7859.115025] /dev/input/event1: 0003 003a 00000000
[    7859.115025] /dev/input/event1: 0003 0039 ffffffff
[    7859.115025] /dev/input/event1: 0000 0000 00000000
[    7863.938840] /dev/input/event1: 0003 0039 00000000
[    7863.938840] /dev/input/event1: 0003 0030 00000169
[    7863.938840] /dev/input/event1: 0003 003a 00000081
[    7863.938840] /dev/input/event1: 0003 0035 000042b9
[    7863.938840] /dev/input/event1: 0003 0036 00001177
[    7863.938840] /dev/input/event1: 0000 0000 00000000
[    7864.054658] /dev/input/event1: 0003 003a 00000000
[    7864.054658] /dev/input/event1: 0003 0039 ffffffff
[    7864.054658] /dev/input/event1: 0000 0000 00000000
[    7867.032932] /dev/input/event1: 0003 0039 00000000
[    7867.032932] /dev/input/event1: 0003 0030 0000016a
[    7867.032932] /dev/input/event1: 0003 003a 00000081
[    7867.032932] /dev/input/event1: 0003 0035 00006bd9
[    7867.032932] /dev/input/event1: 0003 0036 00001255
[    7867.032932] /dev/input/event1: 0000 0000 00000000
[    7867.139031] /dev/input/event1: 0003 003a 00000000
[    7867.139031] /dev/input/event1: 0003 0039 ffffffff
[    7867.139031] /dev/input/event1: 0000 0000 00000000
[    7869.033049] /dev/input/event1: 0003 0039 00000000
[    7869.033049] /dev/input/event1: 0003 0030 0000016b
[    7869.033049] /dev/input/event1: 0003 003a 00000081
[    7869.033049] /dev/input/event1: 0003 0035 00004078
[    7869.033049] /dev/input/event1: 0003 0036 00006154
[    7869.033049] /dev/input/event1: 0000 0000 00000000
[    7869.192863] /dev/input/event1: 0003 0035 0000401d
[    7869.192863] /dev/input/event1: 0003 0036 00006043
[    7869.192863] /dev/input/event1: 0000 0000 00000000
[    7869.201125] /dev/input/event1: 0003 0036 00005ecc
[    7869.201125] /dev/input/event1: 0000 0000 00000000
[    7869.208736] /dev/input/event1: 0003 0036 00005dcc
[    7869.208736] /dev/input/event1: 0000 0000 00000000
[    7869.216640] /dev/input/event1: 0003 0036 00005c54
[    7869.216640] /dev/input/event1: 0000 0000 00000000
[    7869.224738] /dev/input/event1: 0003 0036 00005b43
[    7869.224738] /dev/input/event1: 0000 0000 00000000
[    7869.233000] /dev/input/event1: 0003 0036 000059ff
[    7869.233000] /dev/input/event1: 0000 0000 00000000
[    7869.241013] /dev/input/event1: 0003 0036 000058ff
[    7869.241013] /dev/input/event1: 0000 0000 00000000
[    7869.251493] /dev/input/event1: 0003 0036 00005821
[    7869.251493] /dev/input/event1: 0000 0000 00000000
[    7869.255662] /dev/input/event1: 0003 0036 000056dd
[    7869.255662] /dev/input/event1: 0000 0000 00000000
[    7869.263986] /dev/input/event1: 0003 0036 000055dd
[    7869.263986] /dev/input/event1: 0000 0000 00000000
[    7869.271046] /dev/input/event1: 0003 0036 00005498
[    7869.271046] /dev/input/event1: 0000 0000 00000000
[    7869.278783] /dev/input/event1: 0003 0036 00005387
[    7869.278783] /dev/input/event1: 0000 0000 00000000
[    7869.288438] /dev/input/event1: 0003 0036 000052bb
[    7869.288438] /dev/input/event1: 0000 0000 00000000
[    7869.294433] /dev/input/event1: 0003 0036 00005176
[    7869.294433] /dev/input/event1: 0000 0000 00000000
[    7869.303944] /dev/input/event1: 0003 0036 00005032
[    7869.303944] /dev/input/event1: 0000 0000 00000000
[    7869.311386] /dev/input/event1: 0003 0036 00004ecc
[    7869.311386] /dev/input/event1: 0000 0000 00000000
[    7869.317362] /dev/input/event1: 0003 0036 00004d54
[    7869.317362] /dev/input/event1: 0000 0000 00000000
[    7869.325293] /dev/input/event1: 0003 0036 00004c10
[    7869.325293] /dev/input/event1: 0000 0000 00000000
[    7869.334438] /dev/input/event1: 0003 0036 00004a32
[    7869.334438] /dev/input/event1: 0000 0000 00000000
[    7869.341469] /dev/input/event1: 0003 0036 00004921
[    7869.341469] /dev/input/event1: 0000 0000 00000000
[    7869.348757] /dev/input/event1: 0003 0035 00003fc2
[    7869.348757] /dev/input/event1: 0003 0036 000047dd
[    7869.348757] /dev/input/event1: 0000 0000 00000000
[    7869.357388] /dev/input/event1: 0003 0036 000046dd
[    7869.357388] /dev/input/event1: 0000 0000 00000000
[    7869.365125] /dev/input/event1: 0003 0036 00004599
[    7869.365125] /dev/input/event1: 0000 0000 00000000
[    7869.372310] /dev/input/event1: 0003 0036 00004487
[    7869.372310] /dev/input/event1: 0000 0000 00000000
[    7869.378784] /dev/input/event1: 0003 0036 00004388
[    7869.378784] /dev/input/event1: 0000 0000 00000000
[    7869.388738] /dev/input/event1: 0003 0035 00003f67
[    7869.388738] /dev/input/event1: 0003 0036 00004243
[    7869.388738] /dev/input/event1: 0000 0000 00000000
[    7869.395077] /dev/input/event1: 0003 0036 00004132
[    7869.395077] /dev/input/event1: 0000 0000 00000000
[    7869.403809] /dev/input/event1: 0003 0035 00003f0c
[    7869.403809] /dev/input/event1: 0003 0036 00004032
[    7869.403809] /dev/input/event1: 0000 0000 00000000
[    7869.412339] /dev/input/event1: 0003 0036 00003f21
[    7869.412339] /dev/input/event1: 0000 0000 00000000
[    7869.419764] /dev/input/event1: 0003 0036 00003e43
[    7869.419764] /dev/input/event1: 0000 0000 00000000
[    7869.427090] /dev/input/event1: 0003 0036 00003d10
[    7869.427090] /dev/input/event1: 0000 0000 00000000
[    7869.434160] /dev/input/event1: 0003 0036 00003bff
[    7869.434160] /dev/input/event1: 0000 0000 00000000
[    7869.441311] /dev/input/event1: 0003 0036 00003b32
[    7869.441311] /dev/input/event1: 0000 0000 00000000
[    7869.448928] /dev/input/event1: 0003 0036 000039ee
[    7869.448928] /dev/input/event1: 0000 0000 00000000
[    7869.456787] /dev/input/event1: 0003 0036 00003910
[    7869.456787] /dev/input/event1: 0000 0000 00000000
[    7869.464736] /dev/input/event1: 0003 0036 00003843
[    7869.464736] /dev/input/event1: 0000 0000 00000000
[    7869.472403] /dev/input/event1: 0003 0036 00003765
[    7869.472403] /dev/input/event1: 0000 0000 00000000
[    7869.481249] /dev/input/event1: 0003 0036 000036cc
[    7869.481249] /dev/input/event1: 0000 0000 00000000
[    7869.490082] /dev/input/event1: 0003 0036 000035ee
[    7869.490082] /dev/input/event1: 0000 0000 00000000
[    7869.495362] /dev/input/event1: 0003 0036 000034ee
[    7869.495362] /dev/input/event1: 0000 0000 00000000
[    7869.503348] /dev/input/event1: 0003 0036 00003343
[    7869.503348] /dev/input/event1: 0000 0000 00000000
[    7869.510581] /dev/input/event1: 0003 0036 00003199
[    7869.510581] /dev/input/event1: 0000 0000 00000000
[    7869.519815] /dev/input/event1: 0003 0035 00003f67
[    7869.519815] /dev/input/event1: 0003 0036 00003088
[    7869.519815] /dev/input/event1: 0000 0000 00000000
[    7869.526582] /dev/input/event1: 0003 0036 00002fee
[    7869.526582] /dev/input/event1: 0000 0000 00000000
[    7869.534503] /dev/input/event1: 0003 0035 00003fc2
[    7869.534503] /dev/input/event1: 0003 0036 00002edd
[    7869.534503] /dev/input/event1: 0000 0000 00000000
[    7869.542897] /dev/input/event1: 0003 0036 00002e43
[    7869.542897] /dev/input/event1: 0000 0000 00000000
[    7869.552028] /dev/input/event1: 0003 0035 0000401d
[    7869.552028] /dev/input/event1: 0003 0036 00002d99
[    7869.552028] /dev/input/event1: 0000 0000 00000000
[    7869.556911] /dev/input/event1: 0003 0035 00004078
[    7869.556911] /dev/input/event1: 0003 0036 00002c99
[    7869.556911] /dev/input/event1: 0000 0000 00000000
[    7869.564660] /dev/input/event1: 0003 0035 000040d3
[    7869.564660] /dev/input/event1: 0003 0036 00002b54
[    7869.564660] /dev/input/event1: 0000 0000 00000000
[    7869.572830] /dev/input/event1: 0003 0036 00002abb
[    7869.572830] /dev/input/event1: 0000 0000 00000000
[    7869.580820] /dev/input/event1: 0003 0036 00002a43
[    7869.580820] /dev/input/event1: 0000 0000 00000000
[    7869.59183