add device 1: /dev/input/event0
  name:     "Power Button"
add device 2: /dev/input/event1
  name:     "qwerty2"
[    4848.049636] /dev/input/event1: 0003 0039 00000000
[    4848.049636] /dev/input/event1: 0003 0030 0000002a
[    4848.049636] /dev/input/event1: 0003 003a 00000081
[    4848.049636] /dev/input/event1: 0003 0035 0000238d
[    4848.049636] /dev/input/event1: 0003 0036 00007310
[    4848.049636] /dev/input/event1: 0000 0000 00000000
[    4848.164198] /dev/input/event1: 0003 003a 00000000
[    4848.164198] /dev/input/event1: 0003 0039 ffffffff
[    4848.164198] /dev/input/event1: 0000 0000 00000000
[    4855.226603] /dev/input/event1: 0003 0039 00000000
[    4855.226603] /dev/input/event1: 0003 0030 0000002b
[    4855.226603] /dev/input/event1: 0003 003a 00000081
[    4855.226603] /dev/input/event1: 0003 0035 0000512e
[    4855.226603] /dev/input/event1: 0003 0036 00005a76
[    4855.226603] /dev/input/event1: 0000 0000 00000000
[    4855.664412] /dev/input/event1: 0003 0036 00005a43
[    4855.664412] /dev/input/event1: 0000 0000 00000000
[    4855.670953] /dev/input/event1: 0003 0036 000059ff
[    4855.670953] /dev/input/event1: 0000 0000 00000000
[    4855.677596] /dev/input/event1: 0003 0036 000059cc
[    4855.677596] /dev/input/event1: 0000 0000 00000000
[    4855.685092] /dev/input/event1: 0003 0036 00005998
[    4855.685092] /dev/input/event1: 0000 0000 00000000
[    4855.692206] /dev/input/event1: 0003 0036 00005965
[    4855.692206] /dev/input/event1: 0000 0000 00000000
[    4855.700279] /dev/input/event1: 0003 0036 00005932
[    4855.700279] /dev/input/event1: 0000 0000 00000000
[    4855.714249] /dev/input/event1: 0003 0036 000058ff
[    4855.714249] /dev/input/event1: 0000 0000 00000000
[    4855.721982] /dev/input/event1: 0003 0036 000058cc
[    4855.721982] /dev/input/event1: 0000 0000 00000000
[    4855.736424] /dev/input/event1: 0003 0036 00005887
[    4855.736424] /dev/input/event1: 0000 0000 00000000
[    4855.756215] /dev/input/event1: 0003 0036 00005854
[    4855.756215] /dev/input/event1: 0000 0000 00000000
[    4855.765503] /dev/input/event1: 0003 0036 000057ee
[    4855.765503] /dev/input/event1: 0000 0000 00000000
[    4855.774986] /dev/input/event1: 0003 0035 00005189
[    4855.774986] /dev/input/event1: 0000 0000 00000000
[    4855.782168] /dev/input/event1: 0003 0036 000057bb
[    4855.782168] /dev/input/event1: 0000 0000 00000000
[    4855.796551] /dev/input/event1: 0003 0036 00005787
[    4855.796551] /dev/input/event1: 0000 0000 00000000
[    4855.809807] /dev/input/event1: 0003 0036 00005754
[    4855.809807] /dev/input/event1: 0000 0000 00000000
[    4855.819039] /dev/input/event1: 0003 0036 00005721
[    4855.819039] /dev/input/event1: 0000 0000 00000000
[    4855.831712] /dev/input/event1: 0003 0036 000056dd
[    4855.831712] /dev/input/event1: 0000 0000 00000000
[    4855.838595] /dev/input/event1: 0003 0036 000056a9
[    4855.838595] /dev/input/event1: 0000 0000 00000000
[    4855.847605] /dev/input/event1: 0003 0036 00005676
[    4855.847605] /dev/input/event1: 0000 0000 00000000
[    4855.862673] /dev/input/event1: 0003 0036 00005643
[    4855.862673] /dev/input/event1: 0000 0000 00000000
[    4855.877303] /dev/input/event1: 0003 0035 000051e4
[    4855.877303] /dev/input/event1: 0003 0036 00005610
[    4855.877303] /dev/input/event1: 0000 0000 00000000
[    4855.882715] /dev/input/event1: 0003 0036 000055dd
[    4855.882715] /dev/input/event1: 0000 0000 00000000
[    4855.890006] /dev/input/event1: 0003 0036 000055a9
[    4855.890006] /dev/input/event1: 0000 0000 00000000
[    4855.897889] /dev/input/event1: 0003 0036 00005576
[    4855.897889] /dev/input/event1: 0000 0000 00000000
[    4855.914124] /dev/input/event1: 0003 0036 00005532
[    4855.914124] /dev/input/event1: 0000 0000 00000000
[    4855.919826] /dev/input/event1: 0003 0035 0000523f
[    4855.919826] /dev/input/event1: 0003 0036 000054ff
[    4855.919826] /dev/input/event1: 0000 0000 00000000
[    4855.926799] /dev/input/event1: 0003 0036 000054cc
[    4855.926799] /dev/input/event1: 0000 0000 00000000
[    4855.944758] /dev/input/event1: 0003 0036 00005498
[    4855.944758] /dev/input/event1: 0000 0000 00000000
[    4855.948498] /dev/input/event1: 0003 0035 000052b9
[    4855.948498] /dev/input/event1: 0003 0036 00005432
[    4855.948498] /dev/input/event1: 0000 0000 00000000
[    4855.963482] /dev/input/event1: 0003 0036 000053ff
[    4855.963482] /dev/input/event1: 0000 0000 00000000
[    4855.976859] /dev/input/event1: 0003 0035 00005314
[    4855.976859] /dev/input/event1: 0003 0036 000053cc
[    4855.976859] /dev/input/event1: 0000 0000 00000000
[    4855.978043] /dev/input/event1: 0003 0036 00005387
[    4855.978043] /dev/input/event1: 0000 0000 00000000
[    4855.988211] /dev/input/event1: 0003 0036 00005354
[    4855.988211] /dev/input/event1: 0000 0000 00000000
[    4855.992708] /dev/input/event1: 0003 0036 00005321
[    4855.992708] /dev/input/event1: 0000 0000 00000000
[    4856.000257] /dev/input/event1: 0003 0036 000052ee
[    4856.000257] /dev/input/event1: 0000 0000 00000000
[    4856.017282] /dev/input/event1: 0003 0036 000052bb
[    4856.017282] /dev/input/event1: 0000 0000 00000000
[    4856.022181] /dev/input/event1: 0003 0036 00005287
[    4856.022181] /dev/input/event1: 0000 0000 00000000
[    4856.038942] /dev/input/event1: 0003 0036 00005254
[    4856.038942] /dev/input/event1: 0000 0000 00000000
[    4856.051707] /dev/input/event1: 0003 0036 00005221
[    4856.051707] /dev/input/event1: 0000 0000 00000000
[    4856.075345] /dev/input/event1: 0003 0036 000051dd
[    4856.075345] /dev/input/event1: 0000 0000 00000000
[    4856.080975] /dev/input/event1: 0003 0036 000051aa
[    4856.080975] /dev/input/event1: 0000 0000 00000000
[    4856.089380] /dev/input/event1: 0003 0035 0000536f
[    4856.089380] /dev/input/event1: 0003 0036 00005176
[    4856.089380] /dev/input/event1: 0000 0000 00000000
[    4856.102728] /dev/input/event1: 0003 0036 00005143
[    4856.102728] /dev/input/event1: 0000 0000 00000000
[    4856.117541] /dev/input/event1: 0003 0035 000053ca
[    4856.117541] /dev/input/event1: 0003 0036 00005110
[    4856.117541] /dev/input/event1: 0000 0000 00000000
[    4856.124617] /dev/input/event1: 0003 0036 000050dd
[    4856.124617] /dev/input/event1: 0000 0000 00000000
[    4856.154046] /dev/input/event1: 0003 0036 000050aa
[    4856.154046] /dev/input/event1: 0000 0000 00000000
[    4856.161980] /dev/input/event1: 0003 0036 00005076
[    4856.161980] /dev/input/event1: 0000 0000 00000000
[    4856.171816] /dev/input/event1: 0003 0036 00005032
[    4856.171816] /dev/input/event1: 0000 0000 00000000
[    4856.175984] /dev/input/event1: 0003 0035 00005425
[    4856.175984] /dev/input/event1: 0003 0036 00004fff
[    4856.175984] /dev/input/event1: 0000 0000 00000000
[    4856.186528] /dev/input/event1: 0003 0035 00005480
[    4856.186528] /dev/input/event1: 0003 0036 00004fcc
[    4856.186528] /dev/input/event1: 0000 0000 00000000
[    4856.190624] /dev/input/event1: 0003 0036 00004f98
[    4856.190624] /dev/input/event1: 0000 0000 00000000
[    4856.198990] /dev/input/event1: 0003 0036 00004eff
[    4856.198990] /dev/input/event1: 0000 0000 00000000
[    4856.208023] /dev/input/event1: 0003 0035 000054db
[    4856.208023] /dev/input/event1: 0003 0036 00004e87
[    4856.208023] /dev/input/event1: 0000 0000 00000000
[    4856.213198] /dev/input/event1: 0003 0035 00005554
[    4856.213198] /dev/input/event1: 0003 0036 00004e21
[    4856.213198] /dev/input/event1: 0000 0000 00000000
[    4856.219968] /dev/input/event1: 0003 0036 00004d87
[    4856.219968] /dev/input/event1: 0000 0000 00000000
[    4856.227229] /dev/input/event1: 0003 0036 00004d21
[    4856.227229] /dev/input/event1: 0000 0000 00000000
[    4856.235824] /dev/input/event1: 0003 0036 00004caa
[    4856.235824] /dev/input/event1: 0000 0000 00000000
[    4856.245155] /dev/input/event1: 0003 0035 000055af
[    4856.245155] /dev/input/event1: 0003 0036 00004c10
[    4856.245155] /dev/input/event1: 0000 0000 00000000
[    4856.249836] /dev/input/event1: 0003 0036 00004b65
[    4856.249836] /dev/input/event1: 0000 0000 00000000
[    4856.256116] /dev/input/event1: 0003 0036 00004b32
[    4856.256116] /dev/input/event1: 0000 0000 00000000
[    4856.264864] /dev/input/event1: 0003 0035 0000560a
[    4856.264864] /dev/input/event1: 0003 0036 00004aff
[    4856.264864] /dev/input/event1: 0000 0000 00000000
[    4856.274020] /dev/input/event1: 0003 0036 00004a99
[    4856.274020] /dev/input/event1: 0000 0000 00000000
[    4856.278254] /dev/input/event1: 0003 0036 00004a32
[    4856.278254] /dev/input/event1: 0000 0000 00000000
[    4856.287677] /dev/input/event1: 0003 0036 000049ff
[    4856.287677] /dev/input/event1: 0000 0000 00000000
[    4856.293391] /dev/input/event1: 0003 0035 00005665
[    4856.293391] /dev/input/event1: 0003 0036 000049bb
[    4856.293391] /dev/input/event1: 0000 0000 00000000
[    4856.300631] /dev/input/event1: 0003 0036 00004954
[    4856.300631] /dev/input/event1: 0000 0000 00000000
[    4856.308057] /dev/input/event1: 0003 0036 000048bb
[    4856.308057] /dev/input/event1: 0000 0000 00000000
[    4856.316024] /dev/input/event1: 0003 0036 00004854
[    4856.316024] /dev/input/event1: 0000 0000 00000000
[    4856.323367] /dev/input/event1: 0003 0036 000047dd
[    4856.323367] /dev/input/event1: 0000 0000 00000000
[    4856.331925] /dev/input/event1: 0003 0036 00004743
[    4856.331925] /dev/input/event1: 0000 0000 00000000
[    4856.337402] /dev/input/event1: 0003 0036 000046aa
[    4856.337402] /dev/input/event1: 0000 0000 00000000
[    4856.345001] /dev/input/event1: 0003 0036 000045ff
[    4856.345001] /dev/input/event1: 0000 0000 00000000
[    4856.353604] /dev/input/event1: 0003 0035 000056c0
[    4856.353604] /dev/input/event1: 0003 0036 00004565
[    4856.353604] /dev/input/event1: 0000 0000 00000000
[    4856.360565] /dev/input/event1: 0003 0036 000044ff
[    4856.360565] /dev/input/event1: 0000 0000 00000000
[    4856.366399] /dev/input/event1: 0003 0036 00004454
[    4856.366399] /dev/input/event1: 0000 0000 00000000
[    4856.376047] /dev/input/event1: 0003 0036 000043ee
[    4856.376047] /dev/input/event1: 0000 0000 00000000
[    4856.383755] /dev/input/event1: 0003 0036 00004388
[    4856.383755] /dev/input/event1: 0000 0000 00000000
[    4856.389296] /dev/input/event1: 0003 0036 000042dd
[    4856.389296] /dev/input/event1: 0000 0000 00000000
[    4856.396413] /dev/input/event1: 0003 0035 0000571b
[    4856.396413] /dev/input/event1: 0003 0036 000042aa
[    4856.396413] /dev/input/event1: 0000 0000 00000000
[    4856.402840] /dev/input/event1: 0003 0036 00004276
[    4856.402840] /dev/input/event1: 0000 0000 00000000
[    4856.413903] /dev/input/event1: 0003 0036 00004243
[    4856.413903] /dev/input/event1: 0000 0000 00000000
[    4856.417405] /dev/input/event1: 0003 0036 000041dd
[    4856.417405] /dev/input/event1: 0000 0000 00000000
[    4856.425700] /dev/input/event1: 0003 0036 00004165
[    4856.425700] /dev/input/event1: 0000 0000 00000000
[    4856.432315] /dev/input/event1: 0003 0036 00004132
[    4856.432315] /dev/input/event1: 0000 0000 00000000
[    4856.441336] /dev/input/event1: 0003 0036 000040ff
[    4856.441336] /dev/input/event1: 0000 0000 00000000
[    4856.447689] /dev/input/event1: 0003 0036 00004099
[    4856.447689] /dev/input/event1: 0000 0000 00000000
[    4856.455089] /dev/input/event1: 0003 0035 00005776
[    4856.455089] /dev/input/event1: 0003 0036 00004032
[    4856.455089] /dev/input/event1: 0000 0000 00000000
[    4856.464592] /dev/input/event1: 0003 0036 00003fff
[    4856.464592] /dev/input/event1: 0000 0000 00000000
[    4856.472299] /dev/input/event1: 0003 0036 00003f88
[    4856.472299] /dev/input/event1: 0000 0000 00000000
[    4856.476366] /dev/input/event1: 0003 0036 00003f21
[    4856.476366] /dev/input/event1: 0000 0000 00000000
[    4856.485574] /dev/input/event1: 0003 0036 00003ebb
[    4856.485574] /dev/input/event1: 0000 0000 00000000
[    4856.495666] /dev/input/event1: 0003 0036 00003e88
[    4856.495666] /dev/input/event1: 0000 0000 00000000
[    4856.498243] /dev/input/event1: 0003 0036 00003e43
[    4856.498243] /dev/input/event1: 0000 0000 00000000
[    4856.505597] /dev/input/event1: 0003 0036 00003ddd
[    4856.505597] /dev/input/event1: 0000 0000 00000000
[    4856.512670] /dev/input/event1: 0003 0036 00003daa
[    4856.512670] /dev/input/event1: 0000 0000 00000000
[    4856.519987] /dev/input/event1: 0003 0036 00003d43
[    4856.519987] /dev/input/event1: 0000 0000 00000000
[    4856.528529] /dev/input/event1: 0003 0035 000057d1
[    4856.528529] /dev/input/event1: 0003 0036 00003d10
[    4856.528529] /dev/input/event1: 0000 0000 00000000
[    4856.534970] /dev/input/event1: 0003 0036 00003c99
[    4856.534970] /dev/input/event1: 0000 0000 00000000
[    4856.545006] /dev/input/event1: 0003 0035 0000584b
[    4856.545006] /dev/input/event1: 0003 0036 00003c65
[    4856.545006] /dev/input/event1: 0000 0000 00000000
[    4856.549207] /dev/input/event1: 0003 0035 000058a6
[    4856.549207] /dev/input/event1: 0003 0036 00003bff
[    4856.549207] /dev/input/event1: 0000 0000 00000000
[    4856.557253] /dev/input/event1: 0003 0035 00005901
[    4856.557253] /dev/input/event1: 0003 0036 00003b99
[    4856.557253] /dev/input/event1: 0000 0000 00000000
[    4856.564884] /dev/input/event1: 0003 0036 00003b65
[    4856.564884] /dev/input/event1: 0000 0000 00000000
[    4856.571317] /dev/input/event1: 0003 0036 00003b32
[    4856.571317] /dev/input/event1: 0000 0000 00000000
[    4856.579067] /dev/input/event1: 0003 0036 00003aee
[    4856.579067] /dev/input/event1: 0000 0000 00000000
[    4856.594608] /dev/input/event1: 0003 0036 00003a88
[    4856.594608] /dev/input/event1: 0000 0000 00000000
[    4856.600967] /dev/input/event1: 0003 0036 00003a54
[    4856.600967] /dev/input/event1: 0000 0000 00000000
[    4856.616382] /dev/input/event1: 0003 0036 000039ee
[    4856.616382] /dev/input/event1: 0000 0000 00000000
[    4856.622410] /dev/input/event1: 0003 0036 000039bb
[    4856.622410] /dev/input/event1: 0000 0000 00000000
[    4856.630765] /dev/input/event1: 0003 0035 0000595c
[    4856.630765] /dev/input/event1: 0003 0036 00003988
[    4856.630765] /dev/input/event1: 0000 0000 00000000
[    4856.639909] /dev/input/event1: 0003 0036 00003910
[    4856.639909] /dev/input/event1: 0000 0000 00000000
[    4856.647554] /dev/input/event1: 0003 0035 000059b7
[    4856.647554] /dev/input/event1: 0003 0036 000038aa
[    4856.647554] /dev/input/event1: 0000 0000 00000000
[    4856.654166] /dev/input/event1: 0003 0036 00003877
[    4856.654166] /dev/input/event1: 0000 0000 00000000
[    4856.659336] /dev/input/event1: 0003 0036 00003843
[    4856.659336] /dev/input/event1: 0000 0000 00000000
[    4856.673976] /dev/input/event1: 0003 0036 00003810
[    4856.673976] /dev/input/event1: 0000 0000 00000000
[    4856.682382] /dev/input/event1: 0003 0036 000037dd
[    4856.682382] /dev/input/event1: 0000 0000 00000000
[    4856.689050] /dev/input/event1: 0003 0036 00003799
[    4856.689050] /dev/input/event1: 0000 0000 00000000
[    4856.719348] /dev/input/event1: 0003 0036 00003765
[    4856.719348] /dev/input/event1: 0000 0000 00000000
[    4856.725039] /dev/input/event1: 0003 0036 000036ff
[    4856.725039] /dev/input/event1: 0000 0000 00000000
[    4856.736827] /dev/input/event1: 0003 0035 00005a12
[    4856.736827] /dev/input/event1: 0003 0036 00003632
[    4856.736827] /dev/input/event1: 0000 0000 00000000
[    4856.741336] /dev/input/event1: 0003 0035 00005a6d
[    4856.741336] /dev/input/event1: 0003 0036 000035bb
[    4856.741336] /dev/input/event1: 0000 0000 00000000
[    4856.749122] /dev/input/event1: 0003 0036 00003588
[    4856.749122] /dev/input/event1: 0000 0000 00000000
[    4856.754491] /dev/input/event1: 0003 0036 00003521
[    4856.754491] /dev/input/event1: 0000 0000 00000000
[    4856.770145] /dev/input/event1: 0003 0036 000034ee
[    4856.770145] /dev/input/event1: 0000 0000 00000000
[    4856.777851] /dev/input/event1: 0003 0036 000034bb
[    4856.777851] /dev/input/event1: 0000 0000 00000000
[    4856.783909] /dev/input/event1: 0003 0036 00003488
[    4856.783909] /dev/input/event1: 0000 0000 00000000
[    4856.806981] /dev/input/event1: 0003 0036 00003443
[    4856.806981] /dev/input/event1: 0000 0000 00000000
[    4856.816042] /dev/input/event1: 0003 0035 00005b41
[    4856.816042] /dev/input/event1: 0003 0036 000033aa
[    4856.816042] /dev/input/event1: 0000 0000 00000000
[    4856.822780] /dev/input/event1: 0003 0036 00003310
[    4856.822780] /dev/input/event1: 0000 0000 00000000
[    4856.827886] /dev/input/event1: 0003 0036 000032cc
[    4856.827886] /dev/input/event1: 0000 0000 00000000
[    4856.837997] /dev/input/event1: 0003 0036 00003299
[    4856.837997] /dev/input/event1: 0000 0000 00000000
[    4856.843023] /dev/input/event1: 0003 0036 000031ff
[    4856.843023] /dev/input/event1: 0000 0000 00000000
[    4856.852849] /dev/input/event1: 0003 0036 000031cc
[    4856.852849] /dev/input/event1: 0000 0000 00000000
[    4856.857081] /dev/input/event1: 0003 0036 00003199
[    4856.857081] /dev/input/event1: 0000 0000 00000000
[    4856.873087] /dev/input/event1: 0003 0036 00003166
[    4856.873087] /dev/input/event1: 0000 0000 00000000
[    4856.879295] /dev/input/event1: 0003 0036 00003121
[    4856.879295] /dev/input/event1: 0000 0000 00000000
[    4856.911330] /dev/input/event1: 0003 0036 000030ee
[    4856.911330] /dev/input/event1: 0000 0000 00000000
[    4856.915424] /dev/input/event1: 0003 0036 000030bb
[    4856.915424] /dev/input/event1: 0000 0000 00000000
[    4856.924020] /dev/input/event1: 0003 0036 00003054
[    4856.924020] /dev/input/event1: 0000 0000 00000000
[    4856.934322] /dev/input/event1: 0003 0036 00002fee
[    4856.934322] /dev/input/event1: 0000 0000 00000000
[    4856.937797] /dev/input/event1: 0003 0036 00002f77
[    4856.937797] /dev/input/event1: 0000 0000 00000000
[    4856.946264] /dev/input/event1: 0003 0036 00002edd
[    4856.946264] /dev/input/event1: 0000 0000 00000000
[    4856.954801] /dev/input/event1: 0003 0036 00002e77
[    4856.954801] /dev/input/event1: 0000 0000 00000000
[    4856.961737] /dev/input/event1: 0003 0036 00002e43
[    4856.961737] /dev/input/event1: 0000 0000 00000000
[    4856.968571] /dev/input/event1: 0003 0036 00002dcc
[    4856.968571] /dev/input/event1: 0000 0000 00000000
[    4856.974255] /dev/input/event1: 0003 0036 00002d99
[    4856.974255] /dev/input/event1: 0000 0000 00000000
[    4856.983845] /dev/input/event1: 0003 0036 00002d32
[    4856.983845] /dev/input/event1: 0000 0000 00000000
[    4856.990393] /dev/input/event1: 0003 0036 00002ccc
[    4856.990393] /dev/input/event1: 0000 0000 00000000
[    4856.997205] /dev/input/event1: 0003 0035 00005ac8
[    4856.997205] /dev/input/event1: 0003 0036 00002c66
[    4856.997205] /dev/input/event1: 0000 0000 00000000
[    4857.004021] /dev/input/event1: 0003 0036 00002bee
[    4857.004021] /dev/input/event1: 0000 0000 00000000
[    4857.011830] /dev/input/event1: 0003 0035 00005a6d
[    4857.011830] /dev/input/event1: 0003 0036 00002b88
[    4857.011830] /dev/input/event1: 0000 0000 00000000
[    4857.019198] /dev/input/event1: 0003 0036 00002b21
[    4857.019198] /dev/input/event1: 0000 0000 00000000
[    4857.026131] /dev/input/event1: 0003 0036 00002a77
[    4857.026131] /dev/input/event1: 0000 0000 00000000
[    4857.035685] /dev/input/event1: 0003 0036 00002a10
[    4857.035685] /dev/input/event1: 0000 0000 00000000
[    4857.043141] /dev/input/event1: 0003 0036 000029aa
[    4857.043141] /dev/input/event1: 0000 0000 00000000
[    4857.050024] /dev/input/event1: 0003 0035 00005a12
[    4857.050024] /dev/input/event1: 0003 0036 000028cc
[    4857.050024] /dev/input/event1: 0000 0000 00000000
[    4857.056003] /dev/input/event1: 0003 0036 00002832
[    4857.056003] /dev/input/event1: 0000 0000 00000000
[    4857.064453] /dev/input/event1: 0003 0035 000059b7
[    4857.064453] /dev/input/event1: 0003 0036 00002799
[    4857.064453] /dev/input/event1: 0000 0000 00000000
[    4857.069583] /dev/input/event1: 0003 0036 00002721
[    4857.069583] /dev/input/event1: 0000 0000 00000000
[    4857.077846] /dev/input/event1: 0003 0035 0000595c
[    4857.077846] /dev/input/event1: 0003 0036 000026bb
[    4857.077846] /dev/input/event1: 0000 0000 00000000
[    4857.084500] /dev/input/event1: 0003 0036 00002621
[    4857.084500] /dev/input/event1: 0000 0000 00000000
[    4857.093540] /dev/input/event1: 0003 0036 00002577
[    4857.093540] /dev/input/event1: 0000 0000 00000000
[    4857.100484] /dev/input/event1: 0003 0036 00002543
[    4857.100484] /dev/input/event1: 0000 0000 00000000
[    4857.106943] /dev/input/event1: 0003 0036 000024aa
[    4857.106943] /dev/input/event1: 0000 0000 00000000
[    4857.115594] /dev/input/event1: 0003 0036 00002443
[    4857.115594] /dev/input/event1: 0000 0000 00000000
[    4857.121477] /dev/input/event1: 0003 0036 000023ff
[    4857.121477] /dev/input/event1: 0000 0000 00000000
[    4857.131516] /dev/input/event1: 0003 0036 00002399
[    4857.131516] /dev/input/event1: 0000 0000 00000000
[    4857.135779] /dev/input/event1: 0003 0036 00002332
[    4857.135779] /dev/input/event1: 0000 0000 00000000
[    4857.147284] /dev/input/event1: 0003 0036 000022ff
[    4857.147284] /dev/input/event1: 0000 0000 00000000
[    4857.149978] /dev/input/event1: 0003 0035 00005901
[    4857.149978] /dev/input/event1: 0003 0036 000022cc
[    4857.149978] /dev/input/event1: 0000 0000 00000000
[    4857.159782] /dev/input/event1: 0003 0036 00002255
[    4857.159782] /dev/input/event1: 0000 0000 00000000
[    4857.164897] /dev/input/event1: 0003 0036 00002221
[    4857.164897] /dev/input/event1: 0000 0000 00000000
[    4857.173163] /dev/input/event1: 0003 0036 000021bb
[    4857.173163] /dev/input/event1: 0000 0000 00000000
[    4857.179225] /dev/input/event1: 0003 0036 00002188
[    4857.179225] /dev/input/event1: 0000 0000 00000000
[    4857.188307] /dev/input/event1: 0003 0036 00002121
[    4857.188307] /dev/input/event1: 0000 0000 00000000
[    4857.194832] /dev/input/event1: 0003 0036 000020aa
[    4857.194832] /dev/input/event1: 0000 0000 00000000
[    4857.202045] /dev/input/event1: 0003 0036 00002010
[    4857.202045] /dev/input/event1: 0000 0000 00000000
[    4857.208840] /dev/input/event1: 0003 0036 00001f77
[    4857.208840] /dev/input/event1: 0000 0000 00000000
[    4857.216366] /dev/input/event1: 0003 0035 000058a6
[    4857.216366] /dev/input/event1: 0003 0036 00001e99
[    4857.216366] /dev/input/event1: 0000 0000 00000000
[    4857.226109] /dev/input/event1: 0003 0036 00001dff
[    4857.226109] /dev/input/event1: 0000 0000 00000000
[    4857.231667] /dev/input/event1: 0003 0036 00001d99
[    4857.231667] /dev/input/event1: 0000 0000 00000000
[    4857.241885] /dev/input/event1: 0003 0036 00001d21
[    4857.241885] /dev/input/event1: 0000 0000 00000000
[    4857.245500] /dev/input/event1: 0003 0036 00001cee
[    4857.245500] /dev/input/event1: 0000 0000 00000000
[    4857.260804] /dev/input/event1: 0003 0036 00001cbb
[    4857.260804] /dev/input/event1: 0000 0000 00000000
[    4857.274857] /dev/input/event1: 0003 0036 00001c88
[    4857.274857] /dev/input/event1: 0000 0000 00000000
[    4857.282173] /dev/input/event1: 0003 0035 0000584b
[    4857.282173] /dev/input/event1: 0003 0036 00001c55
[    4857.282173] /dev/input/event1: 0000 0000 00000000
[    4857.306631] /dev/input/event1: 0003 0036 00001c21
[    4857.306631] /dev/input/event1: 0000 0000 00000000
[    4857.319619] /dev/input/event1: 0003 0036 00001bee
[    4857.319619] /dev/input/event1: 0000 0000 00000000
[    4857.326134] /dev/input/event1: 0003 0036 00001baa
[    4857.326134] /dev/input/event1: 0000 0000 00000000
[    4857.335931] /dev/input/event1: 0003 0036 00001b44
[    4857.335931] /dev/input/event1: 0000 0000 00000000
[    4857.342528] /dev/input/event1: 0003 0036 00001add
[    4857.342528] /dev/input/event1: 0000 0000 00000000
[    4857.348130] /dev/input/event1: 0003 0036 00001a44
[    4857.348130] /dev/input/event1: 0000 0000 00000000
[    4857.356649] /dev/input/event1: 0003 0036 000019ff
[    4857.356649] /dev/input/event1: 0000 0000 00000000
[    4857.362881] /dev/input/event1: 0003 0036 00001999
[    4857.362881] /dev/input/event1: 0000 0000 00000000
[    4857.370175] /dev/input/event1: 0003 0036 00001966
[    4857.370175] /dev/input/event1: 0000 0000 00000000
[    4857.377449] /dev/input/event1: 0003 0036 000018ff
[    4857.377449] /dev/input/event1: 0000 0000 00000000
[    4857.384930] /dev/input/event1: 0003 0036 00001888
[    4857.384930] /dev/input/event1: 0000 0000 00000000
[    4857.392582] /dev/input/event1: 0003 0036 00001855
[    4857.392582] /dev/input/event1: 0000 0000 00000000
[    4857.399694] /dev/input/event1: 0003 0036 00001821
[    4857.399694] /dev/input/event1: 0000 0000 00000000
[    4857.408591] /dev/input/event1: 0003 0036 000017bb
[    4857.408591] /dev/input/event1: 0000 0000 00000000
[    4857.414335] /dev/input/event1: 0003 0036 00001755
[    4857.414335] /dev/input/event1: 0000 0000 00000000
[    4857.424346] /dev/input/event1: 0003 0036 00001721
[    4857.424346] /dev/input/event1: 0000 0000 00000000
[    4857.429697] /dev/input/event1: 0003 0036 000016dd
[    4857.429697] /dev/input/event1: 0000 0000 00000000
[    4857.436364] /dev/input/event1: 0003 0036 00001677
[    4857.436364] /dev/input/event1: 0000 0000 00000000
[    4857.444240] /dev/input/event1: 0003 0036 00001610
[    4857.444240] /dev/input/event1: 0000 0000 00000000
[    4857.450886] /dev/input/event1: 0003 0036 000015aa
[    4857.450886] /dev/input/event1: 0000 0000 00000000
[    4857.460619] /dev/input/event1: 0003 0036 00001577
[    4857.460619] /dev/input/event1: 0000 0000 00000000
[    4857.465055] /dev/input/event1: 0003 0036 00001533
[    4857.465055] /dev/input/event1: 0000 0000 00000000
[    4857.475878] /dev/input/event1: 0003 0036 00001499
[    4857.475878] /dev/input/event1: 0000 0000 00000000
[    4857.490647] /dev/input/event1: 0003 0036 00001466
[    4857.490647] /dev/input/event1: 0000 0000 00000000
[    4857.504348] /dev/input/event1: 0003 0036 00001433
[    4857.504348] /dev/input/event1: 0000 0000 00000000
[    4857.511101] /dev/input/event1: 0003 0036 000013ff
[    4857.511101] /dev/input/event1: 0000 0000 00000000
[    4857.517140] /dev/input/event1: 0003 0036 000013cc
[    4857.517140] /dev/input/event1: 0000 0000 00000000
[    4857.533618] /dev/input/event1: 0003 0036 00001388
[    4857.533618] /dev/input/event1: 0000 0000 00000000
[    4857.538664] /dev/input/event1: 0003 0036 00001355
[    4857.538664] /dev/input/event1: 0000 0000 00000000
[    4857.546035] /dev/input/event1: 0003 0036 00001321
[    4857.546035] /dev/input/event1: 0000 0000 00000000
[    4857.562164] /dev/input/event1: 0003 0036 000012ee
[    4857.562164] /dev/input/event1: 0000 0000 00000000
[    4857.575916] /dev/input/event1: 0003 0036 000012bb
[    4857.575916] /dev/input/event1: 0000 0000 00000000
[    4857.591242] /dev/input/event1: 0003 0036 00001288
[    4857.591242] /dev/input/event1: 0000 0000 00000000
[    4857.598462] /dev/input/event1: 0003 0036 00001255
[    4857.598462] /dev/input/event1: 0000 0000 00000000
[    4857.604620] /dev/input/event1: 0003 0036 00001221
[    4857.604620] /dev/input/event1: 0000 0000 00000000
[    4857.613188] /dev/input/event1: 0003 0036 000011aa
[    4857.613188] /dev/input/event1: 0000 0000 00000000
[    4857.621297] /dev/input/event1: 0003 0036 00001177
[    4857.621297] /dev/input/event1: 0000 0000 00000000
[    4857.627907] /dev/input/event1: 0003 0036 00001144
[    4857.627907] /dev/input/event1: 0000 0000 00000000
[    4857.634074] /dev/input/event1: 0003 0036 000010dd
[    4857.634074] /dev/input/event1: 0000 0000 00000000
[    4857.642565] /dev/input/event1: 0003 0036 00001077
[    4857.642565] /dev/input/event1: 0000 0000 00000000
[    4857.656585] /dev/input/event1: 0003 0036 00001033
[    4857.656585] /dev/input/event1: 0000 0000 00000000
[    4857.673742] /dev/input/event1: 0003 0036 00000fff
[    4857.673742] /dev/input/event1: 0000 0000 00000000
[    4857.677695] /dev/input/event1: 0003 0036 00000fcc
[    4857.677695] /dev/input/event1: 0000 0000 00000000
[    4857.685127] /dev/input/event1: 0003 0036 00000f99
[    4857.685127] /dev/input/event1: 0000 0000 00000000
[    4857.701975] /dev/input/event1: 0003 0036 00000f66
[    4857.701975] /dev/input/event1: 0000 0000 00000000
[    4857.723523] /dev/input/event1: 0003 0036 00000f33
[    4857.723523] /dev/input/event1: 0000 0000 00000000
[    4857.730687] /dev/input/event1: 0003 0036 00000eff
[    4857.730687] /dev/input/event1: 0000 0000 00000000
[    4857.738731] /dev/input/event1: 0003 0036 00000ecc
[    4857.738731] /dev/input/event1: 0000 0000 00000000
[    4857.751254] /dev/input/event1: 0003 0036 00000e55
[    4857.751254] /dev/input/event1: 0000 0000 00000000
[    4857.765264] /dev/input/event1: 0003 0036 00000e22
[    4857.765264] /dev/input/event1: 0000 0000 00000000
[    4857.804769] /dev/input/event1: 0003 0036 00000dee
[    4857.804769] /dev/input/event1: 0000 0000 00000000
[    4857.818059] /dev/input/event1: 0003 0036 00000d88
[    4857.818059] /dev/input/event1: 0000 0000 00000000
[    4857.832229] /dev/input/event1: 0003 0036 00000d55
[    4857.832229] /dev/input/event1: 0000 0000 00000000
[    4857.839029] /dev/input/event1: 0003 0036 00000d22
[    4857.839029] /dev/input/event1: 0000 0000 00000000
[    4857.847927] /dev/input/event1: 0003 0036 00000cdd
[    4857.847927] /dev/input/event1: 0000 0000 00000000
[    4857.861996] /dev/input/event1: 0003 0036 00000caa
[    4857.861996] /dev/input/event1: 0000 0000 00000000
[    4857.947578] /dev/input/event1: 0003 0036 00000c77
[    4857.947578] /dev/input/event1: 0000 0000 00000000
[    4858.117741] /dev/input/event1: 0003 003a 00000000
[    4858.117741] /dev/input/event1: 0003 0039 ffffffff
[    4858.117741] /dev/input/event1: 0000 0000 00000000
[    4859.429798] /dev/input/event1: 0003 0039 00000000
[    4859.429798] /dev/input/event1: 0003 0030 0000002c
[    4859.429798] /dev/input/event1: 0003 003a 00000081
[    4859.429798] /dev/input/event1: 0003 0035 0000473a
[    4859.429798] /dev/input/event1: 0003 0036 00006154
[    4859.429798] /dev/input/event1: 0000 0000 00000000
[    4859.679378] /dev/input/event1: 0003 0036 00006121
[    4859.679378] /dev/input/event1: 0000 0000 00000000
[    4859.684941] /dev/input/event1: 0003 0036 000060a9
[    4859.684941] /dev/input/event1: 0000 0000 00000000
[    4859.693309] /dev/input/event1: 0003 0035 00004795
[    4859.693309] /dev/input/event1: 0003 0036 00006043
[    4859.693309] /dev/input/event1: 0000 0000 00000000
[    4859.700324] /dev/input/event1: 0003 0035 000047f0
[    4859.700324] /dev/input/event1: 0003 0036 00005fa9
[    4859.700324] /dev/input/event1: 0000 0000 00000000
[    4859.708295] /dev/input/event1: 0003 0035 0000484b
[    4859.708295] /dev/input/event1: 0003 0036 00005eff
[    4859.708295] /dev/input/event1: 0000 0000 00000000
[    4859.714389] /dev/input/event1: 0003 0036 00005e98
[    4859.714389] /dev/input/event1: 0000 0000 00000000
[    4859.726214] /dev/input/event1: 0003 0035 000048a6
[    4859.726214] /dev/input/event1: 0003 0036 00005dff
[    4859.726214] /dev/input/event1: 0000 0000 00000000
[    4859.728901] /dev/input/event1: 0003 0035 00004901
[    4859.728901] /dev/input/event1: 0003 0036 00005dcc
[    4859.728901] /dev/input/event1: 0000 0000 00000000
[    4859.738046] /dev/input/event1: 0003 0035 0000495c
[    4859.738046] /dev/input/event1: 0003 0036 00005d54
[    4859.738046] /dev/input/event1: 0000 0000 00000000
[    4859.744188] /dev/input/event1: 0003 0035 000049b7
[    4859.744188] /dev/input/event1: 0003 0036 00005cbb
[    4859.744188] /dev/input/event1: 0000 0000 00000000
[    4859.754246] /dev/input/event1: 0003 0036 00005c54
[    4859.754246] /dev/input/event1: 0000 0000 00000000
[    4859.761172] /dev/input/event1: 0003 0035 00004a30
[    4859.761172] /dev/input/event1: 0003 0036 00005bee
[    4859.761172] /dev/input/event1: 0000 0000 00000000
[    4859.768045] /dev/input/event1: 0003 0036 00005b76
[    4859.768045] /dev/input/event1: 0000 0000 00000000
[    4859.773732] /dev/input/event1: 0003 0035 00004a8b
[    4859.773732] /dev/input/event1: 0003 0036 00005aa9
[    4859.773732] /dev/input/event1: 0000 0000 00000000
[    4859.782633] /dev/input/event1: 0003 0036 000059ff
[    4859.782633] /dev/input/event1: 0000 0000 00000000
[    4859.789174] /dev/input/event1: 0003 0035 00004ae6
[    4859.789174] /dev/input/event1: 0003 0036 000058ff
[    4859.789174] /dev/input/event1: 0000 0000 00000000
[    4859.795256] /dev/input/event1: 0003 0036 00005854
[    4859.795256] /dev/input/event1: 0000 0000 00000000
[    4859.802864] /dev/input/event1: 0003 0035 00004b41
[    4859.802864] /dev/input/event1: 0003 0036 00005787
[    4859.802864] /dev/input/event1: 0000 0000 00000000
[    4859.811122] /dev/input/event1: 0003 0036 00005721
[    4859.811122] /dev/input/event1: 0000 0000 00000000
[    4859.819080] /dev/input/event1: 0003 0036 000056a9
[    4859.819080] /dev/input/event1: 0000 0000 00000000
[    4859.824128] /dev/input/event1: 0003 0036 00005643
[    4859.824128] /dev/input/event1: 0000 0000 00000000
[    4859.831708] /dev/input/event1: 0003 0035 00004b9c
[    4859.831708] /dev/input/event1: 0003 0036 000055dd
[    4859.831708] /dev/input/event1: 0000 0000 00000000
[    4859.839475] /dev/input/event1: 0003 0036 000055a9
[    4859.839475] /dev/input/event1: 0000 0000 00000000
[    4859.847793] /dev/input/event1: 0003 0036 00005576
[    4859.847793] /dev/input/event1: 0000 0000 00000000
[    4859.855343] /dev/input/event1: 0003 0036 00005532
[    4859.855343] /dev/input/event1: 0000 0000 00000000
[    4859.862040] /dev/input/event1: 0003 0036 000054cc
[    4859.862040] /dev/input/event1: 0000 0000 00000000
[    4859.868472] /dev/input/event1: 0003 0036 00005498
[    4859.868472] /dev/input/event1: 0000 0000 00000000
[    4859.876349] /dev/input/event1: 0003 0036 00005465
[    4859.876349] /dev/input/event1: 0000 0000 00000000
[    4859.882782] /dev/input/event1: 0003 0036 00005432
[    4859.882782] /dev/input/event1: 0000 0000 00000000
[    4859.892685] /dev/input/event1: 0003 0036 000053ff
[    4859.892685] /dev/input/event1: 0000 0000 00000000
[    4859.897430] /dev/input/event1: 0003 0036 00005387
[    4859.897430] /dev/input/event1: 0000 0000 00000000
[    4859.905006] /dev/input/event1: 0003 0036 00005321
[    4859.905006] /dev/input/event1: 0000 0000 00000000
[    4859.915296] /dev/input/event1: 0003 0036 00005287
[    4859.915296] /dev/input/event1: 0000 0000 00000000
[    4859.921364] /dev/input/event1: 0003 0036 000051dd
[    4859.921364] /dev/input/event1: 0000 0000 00000000
[    4859.926855] /dev/input/event1: 0003 0036 00005176
[    4859.926855] /dev/input/event1: 0000 0000 00000000
[    4859.934267] /dev/input/event1: 0003 0036 00005110
[    4859.934267] /dev/input/event1: 0000 0000 00000000
[    4859.942026] /dev/input/event1: 0003 0036 00005076
[    4859.942026] /dev/input/event1: 0000 0000 00000000
[    4859.949754] /dev/input/event1: 0003 0035 00004c52
[    4859.949754] /dev/input/event1: 0003 0036 00004fff
[    4859.949754] /dev/input/event1: 0000 0000 00000000
[    4859.958509] /dev/input/event1: 0003 0036 00004fcc
[    4859.958509] /dev/input/event1: 0000 0000 00000000
[    4859.963965] /dev/input/event1: 0003 0036 00004f65
[    4859.963965] /dev/input/event1: 0000 0000 00000000
[    4859.972207] /dev/input/event1: 0003 0036 00004eff
[    4859.972207] /dev/input/event1: 0000 0000 00000000
[    4859.981334] /dev/input/event1: 0003 0036 00004ecc
[    4859.981334] /dev/input/event1: 0000 0000 00000000
[    4859.987973] /dev/input/event1: 0003 0036 00004e87
[    4859.987973] /dev/input/event1: 0000 0000 00000000
[    4859.994176] /dev/input/event1: 0003 0036 00004e21
[    4859.994176] /dev/input/event1: 0000 0000 00000000
[    4860.002785] /dev/input/event1: 0003 0036 00004dee
[    4860.002785] /dev/input/event1: 0000 0000 00000000
[    4860.007910] /dev/input/event1: 0003 0036 00004d87
[    4860.007910] /dev/input/event1: 0000 0000 00000000
[    4860.016217] /dev/input/event1: 0003 0036 00004d54
[    4860.016217] /dev/input/event1: 0000 0000 00000000
[    4860.022834] /dev/input/event1: 0003 0036 00004cdd
[    4860.022834] /dev/input/event1: 0000 0000 00000000
[    4860.036743] /dev/input/event1: 0003 0036 00004caa
[    4860.036743] /dev/input/event1: 0000 0000 00000000
[    4860.044785] /dev/input/event1: 0003 0036 00004c43
[    4860.044785] /dev/input/event1: 0000 0000 00000000
[    4860.055849] /dev/input/event1: 0003 0036 00004c10
[    4860.055849] /dev/input/event1: 0000 0000 00000000
[    4860.058743] /dev/input/event1: 0003 0036 00004bdd
[    4860.058743] /dev/input/event1: 0000 0000 00000000
[    4860.067761] /dev/input/event1: 0003 0036 00004baa
[    4860.067761] /dev/input/event1: 0000 0000 00000000
[    4860.075696] /dev/input/event1: 0003 0036 00004b32
[    4860.075696] /dev/input/event1: 0000 0000 00000000
[    4860.081582] /dev/input/event1: 0003 0036 00004a99
[    4860.081582] /dev/input/event1: 0000 0000 00000000
[    4860.090950] /dev/input/event1: 0003 0036 00004a32
[    4860.090950] /dev/input/event1: 0000 0000 00000000
[    4860.095676] /dev/input/event1: 0003 0036 000049bb
[    4860.095676] /dev/input/event1: 0000 0000 00000000
[    4860.103869] /dev/input/event1: 0003 0036 000048ee
[    4860.103869] /dev/input/event1: 0000 0000 00000000
[    4860.112424] /dev/input/event1: 0003 0036 00004887
[    4860.112424] /dev/input/event1: 0000 0000 00000000
[    4860.117362] /dev/input/event1: 0003 0036 000047dd
[    4860.117362] /dev/input/event1: 0000 0000 00000000
[    4860.124512] /dev/input/event1: 0003 0036 000047aa
[    4860.124512] /dev/input/event1: 0000 0000 00000000
[    4860.133649] /dev/input/event1: 0003 0036 00004743
[    4860.133649] /dev/input/event1: 0000 0000 00000000
[    4860.140675] /dev/input/event1: 0003 0036 00004710
[    4860.140675] /dev/input/event1: 0000 0000 00000000
[    4860.146373] /dev/input/event1: 0003 0036 000046dd
[    4860.146373] /dev/input/event1: 0000 0000 00000000
[    4860.156415] /dev/input/event1: 0003 0036 00004665
[    4860.156415] /dev/input/event1: 0000 0000 00000000
[    4860.162650] /dev/input/event1: 0003 0036 00004632
[    4860.162650] /dev/input/event1: 0000 0000 00000000
[    4860.168471] /dev/input/event1: 0003 0036 000045ff
[    4860.168471] /dev/input/event1: 0000 0000 00000000
[    4860.176881] /dev/input/event1: 0003 0036 000045cc
[    4860.176881] /dev/input/event1: 0000 0000 00000000
[    4860.184098] /dev/input/event1: 0003 0036 00004565
[    4860.184098] /dev/input/event1: 0000 0000 00000000
[    4860.193234] /dev/input/event1: 0003 0036 000044ff
[    4860.193234] /dev/input/event1: 0000 0000 00000000
[    4860.197898] /dev/input/event1: 0003 0036 000044bb
[    4860.197898] /dev/input/event1: 0000 0000 00000000
[    4860.205999] /dev/input/event1: 0003 0036 00004487
[    4860.205999] /dev/input/event1: 0000 0000 00000000
[    4860.212398] /dev/input/event1: 0003 0036 00004421
[    4860.212398] /dev/input/event1: 0000 0000 00000000
[    4860.220153] /dev/input/event1: 0003 0036 000043ee
[    4860.220153] /dev/input/event1: 0000 0000 00000000
[    4860.227512] /dev/input/event1: 0003 0036 00004354
[    4860.227512] /dev/input/event1: 0000 0000 00000000
[    4860.234450] /dev/input/event1: 0003 0036 000042dd
[    4860.234450] /dev/input/event1: 0000 0000 00000000
[    4860.244416] /dev/input/event1: 0003 0036 00004276
[    4860.244416] /dev/input/event1: 0000 0000 00000000
[    4860.249585] /dev/input/event1: 0003 0036 000041dd
[    4860.249585] /dev/input/event1: 0000 0000 00000000
[    4860.258552] /dev/input/event1: 0003 0036 00004132
[    4860.258552] /dev/input/event1: 0000 0000 00000000
[    4860.264340] /dev/input/event1: 0003 0036 00004065
[    4860.264340] /dev/input/event1: 0000 0000 00000000
[    4860.273461] /dev/input/event1: 0003 0035 00004ccc
[    4860.273461] /dev/input/event1: 0003 0036 00003fbb
[    4860.273461] /dev/input/event1: 0000 0000 00000000
[    4860.278555] /dev/input/event1: 0003 0036 00003f54
[    4860.278555] /dev/input/event1: 0000 0000 00000000
[    4860.288284] /dev/input/event1: 0003 0036 00003ebb
[    4860.288284] /dev/input/event1: 0000 0000 00000000
[    4860.293490] /dev/input/event1: 0003 0036 00003e43
[    4860.293490] /dev/input/event1: 0000 0000 00000000
[    4860.301127] /dev/input/event1: 0003 0036 00003daa
[    4860.301127] /dev/input/event1: 0000 0000 00000000
[    4860.307667] /dev/input/event1: 0003 0036 00003d43
[    4860.307667] /dev/input/event1: 0000 0000 00000000
[    4860.315577] /dev/input/event1: 0003 0036 00003cdd
[    4860.315577] /dev/input/event1: 0000 0000 00000000
[    4860.322592] /dev/input/event1: 0003 0036 00003c99
[    4860.322592] /dev/input/event1: 0000 0000 00000000
[    4860.332323] /dev/input/event1: 0003 0036 00003c65
[    4860.332323] /dev/input/event1: 0000 0000 00000000
[    4860.337354] /dev/input/event1: 0003 0036 00003bcc
[    4860.337354] /dev/input/event1: 0000 0000 00000000
[    4860.346461] /dev/input/event1: 0003 0036 00003b65
[    4860.346461] /dev/input/event1: 0000 0000 00000000
[    4860.352681] /dev/input/event1: 0003 0036 00003aee
[    4860.352681] /dev/input/event1: 0000 0000 00000000
[    4860.360135] /dev/input/event1: 0003 0036 00003a54
[    4860.360135] /dev/input/event1: 0000 0000 00000000
[    4860.366484] /dev/input/event1: 0003 0036 000039ee
[    4860.366484] /dev/input/event1: 0000 0000 00000000
[    4860.374808] /dev/input/event1: 0003 0036 00003943
[    4860.374808] /dev/input/event1: 0000 0000 00000000
[    4860.382761] /dev/input/event1: 0003 0035 00004d27
[    4860.382761] /dev/input/event1: 0003 0036 00003877
[    4860.382761] /dev/input/event1: 0000 0000 00000000
[    4860.389012] /dev/input/event1: 0003 0036 000037dd
[    4860.389012] /dev/input/event1: 0000 0000 00000000
[    4860.395963] /dev/input/event1: 0003 0036 00003732
[    4860.395963] /dev/input/event1: 0000 0000 00000000
[    4860.403025] /dev/input/event1: 0003 0036 00003699
[    4860.403025] /dev/input/event1: 0000 0000 00000000
[    4860.411283] /dev/input/event1: 0003 0036 00003665
[    4860.411283] /dev/input/event1: 0000 0000 00000000
[    4860.418373] /dev/input/event1: 0003 0036 00003632
[    4860.418373] /dev/input/event1: 0000 0000 00000000
[    4860.424980] /dev/input/event1: 0003 0036 000035bb
[    4860.424980] /dev/input/event1: 0000 0000 00000000
[    4860.434569] /dev/input/event1: 0003 0036 00003588
[    4860.434569] /dev/input/event1: 0000 0000 00000000
[    4860.440168] /dev/input/event1: 0003 0036 00003554
[    4860.440168] /dev/input/event1: 0000 0000 00000000
[    4860.446864] /dev/input/event1: 0003 0036 00003521
[    4860.446864] /dev/input/event1: 0000 0000 00000000
[    4860.454601] /dev/input/event1: 0003 0036 000034bb
[    4860.454601] /dev/input/event1: 0000 0000 00000000
[    4860.461954] /dev/input/event1: 0003 0036 00003443
[    4860.461954] /dev/input/event1: 0000 0000 00000000
[    4860.469785] /dev/input/event1: 0003 0036 00003410
[    4860.469785] /dev/input/event1: 0000 0000 00000000
[    4860.476411] /dev/input/event1: 0003 0035 00004d82
[    4860.476411] /dev/input/event1: 0003 0036 000033dd
[    4860.476411] /dev/input/event1: 0000 0000 00000000
[    4860.484748] /dev/input/event1: 0003 0036 00003377
[    4860.484748] /dev/input/event1: 0000 0000 00000000
[    4860.491808] /dev/input/event1: 0003 0036 000032cc
[    4860.491808] /dev/input/event1: 0000 0000 00000000
[    4860.498962] /dev/input/event1: 0003 0035 00004ddd
[    4860.498962] /dev/input/event1: 0003 0036 000031ff
[    4860.498962] /dev/input/event1: 0000 0000 00000000
[    4860.507820] /dev/input/event1: 0003 0036 00003199
[    4860.507820] /dev/input/event1: 0000 0000 00000000
[    4860.512883] /dev/input/event1: 0003 0036 000030ee
[    4860.512883] /dev/input/event1: 0000 0000 00000000
[    4860.520943] /dev/input/event1: 0003 0036 000030bb
[    4860.520943] /dev/input/event1: 0000 0000 00000000
[    4860.536324] /dev/input/event1: 0003 0036 00003088
[    4860.536324] /dev/input/event1: 0000 0000 00000000
[    4860.542446] /dev/input/event1: 0003 0036 00003054
[    4860.542446] /dev/input/event1: 0000 0000 00000000
[    4860.578622] /dev/input/event1: 0003 0036 00003021
[    4860.578622] /dev/input/event1: 0000 0000 00000000
[    4860.586635] /dev/input/event1: 0003 0036 00002fee
[    4860.586635] /dev/input/event1: 0000 0000 00000000
[    4860.594071] /dev/input/event1: 0003 0036 00002f77
[    4860.594071] /dev/input/event1: 0000 0000 00000000
[    4860.604497] /dev/input/event1: 0003 0035 00004e38
[    4860.604497] /dev/input/event1: 0003 0036 00002f10
[    4860.604497] /dev/input/event1: 0000 0000 00000000
[    4860.608233] /dev/input/event1: 0003 0036 00002eaa
[    4860.608233] /dev/input/event1: 0000 0000 00000000
[    4860.615343] /dev/input/event1: 0003 0036 00002e43
[    4860.615343] /dev/input/event1: 0000 0000 00000000
[    4860.623085] /dev/input/event1: 0003 0036 00002e10
[    4860.623085] /dev/input/event1: 0000 0000 00000000
[    4860.633276] /dev/input/event1: 0003 0036 00002dcc
[    4860.633276] /dev/input/event1: 0000 0000 00000000
[    4860.637476] /dev/input/event1: 0003 0036 00002d99
[    4860.637476] /dev/input/event1: 0000 0000 00000000
[    4860.644876] /dev/input/event1: 0003 0036 00002d32
[    4860.644876] /dev/input/event1: 0000 0000 00000000
[    4860.660924] /dev/input/event1: 0003 0036 00002cff
[    4860.660924] /dev/input/event1: 0000 0000 00000000
[    4860.675665] /dev/input/event1: 0003 0036 00002ccc
[    4860.675665] /dev/input/event1: 0000 0000 00000000
[    4860.681873] /dev/input/event1: 0003 0036 00002c99
[    4860.681873] /dev/input/event1: 0000 0000 00000000
[    4860.689597] /dev/input/event1: 0003 0036 00002c66
[    4860.689597] /dev/input/event1: 0000 0000 00000000
[    4860.696001] /dev/input/event1: 0003 0036 00002bbb
[    4860.696001] /dev/input/event1: 0000 0000 00000000
[    4860.704526] /dev/input/event1: 0003 0036 00002b54
[    4860.704526] /dev/input/event1: 0000 0000 00000000
[    4860.714461] /dev/input/event1: 0003 0035 00004e93
[    4860.714461] /dev/input/event1: 0003 0036 00002aee
[    4860.714461] /dev/input/event1: 0000 0000 00000000
[    4860.720416] /dev/input/event1: 0003 0036 00002a43
[    4860.720416] /dev/input/event1: 0000 0000 00000000
[    4860.725225] /dev/input/event1: 0003 0036 000029dd
[    4860.725225] /dev/input/event1: 0000 0000 00000000
[    4860.733267] /dev/input/event1: 0003 0036 000029aa
[    4860.733267] /dev/input/event1: 0000 0000 00000000
[    4860.742052] /dev/input/event1: 0003 0036 00002943
[    4860.742052] /dev/input/event1: 0000 0000 00000000
[    4860.748148] /dev/input/event1: 0003 0036 000028cc
[    4860.748148] /dev/input/event1: 0000 0000 00000000
[    4860.755537] /dev/input/event1: 0003 0036 00002899
[    4860.755537] /dev/input/event1: 0000 0000 00000000
[    4860.762636] /dev/input/event1: 0003 0036 00002866
[    4860.762636] /dev/input/event1: 0000 0000 00000000
[    4860.770543] /dev/input/event1: 0003 0036 000027ff
[    4860.770543] /dev/input/event1: 0000 0000 00000000
[    4860.776448] /dev/input/event1: 0003 0036 000027cc
[    4860.776448] /dev/input/event1: 0000 0000 00000000
[    4860.784659] /dev/input/event1: 0003 0036 00002766
[    4860.784659] /dev/input/event1: 0000 0000 00000000
[    4860.794192] /dev/input/event1: 0003 0036 00002721
[    4860.794192] /dev/input/event1: 0000 0000 00000000
[    4860.806236] /dev/input/event1: 0003 0036 000026ee
[    4860.806236] /dev/input/event1: 0000 0000 00000000
[    4860.820592] /dev/input/event1: 0003 0036 000026bb
[    4860.820592] /dev/input/event1: 0000 0000 00000000
[    4860.836926] /dev/input/event1: 0003 0036 00002688
[    4860.836926] /dev/input/event1: 0000 0000 00000000
[    4860.881186] /dev/input/event1: 0003 0036 00002655
[    4860.881186] /dev/input/event1: 0000 0000 00000000
[    4860.886596] /dev/input/event1: 0003 0036 00002621
[    4860.886596] /dev/input/event1: 0000 0000 00000000
[    4860.901399] /dev/input/event1: 0003 0036 000025ee
[    4860.901399] /dev/input/event1: 0000 0000 00000000
[    4860.909539] /dev/input/event1: 0003 0035 00004eee
[    4860.909539] /dev/input/event1: 0003 0036 000025aa
[    4860.909539] /dev/input/event1: 0000 0000 00000000
[    4860.915895] /dev/input/event1: 0003 0035 00004f49
[    4860.915895] /dev/input/event1: 0003 0036 00002543
[    4860.915895] /dev/input/event1: 0000 0000 00000000
[    4860.923348] /dev/input/event1: 0003 0036 000024dd
[    4860.923348] /dev/input/event1: 0000 0000 00000000
[    4860.937810] /dev/input/event1: 0003 0035 00004fc2
[    4860.937810] /dev/input/event1: 0003 0036 00002477
[    4860.937810] /dev/input/event1: 0000 0000 00000000
[    4860.952572] /dev/input/event1: 0003 0036 00002443
[    4860.952572] /dev/input/event1: 0000 0000 00000000
[    4860.959482] /dev/input/event1: 0003 0036 000023cc
[    4860.959482] /dev/input/event1: 0000 0000 00000000
[    4860.967539] /dev/input/event1: 0003 0036 00002366
[    4860.967539] /dev/input/event1: 0000 0000 00000000
[    4860.976371] /dev/input/event1: 0003 0036 00002332
[    4860.976371] /dev/input/event1: 0000 0000 00000000
[    4860.981587] /dev/input/event1: 0003 0036 000022ff
[    4860.981587] /dev/input/event1: 0000 0000 00000000
[    4860.990710] /dev/input/event1: 0003 0036 00002299
[    4860.990710] /dev/input/event1: 0000 0000 00000000
[    4860.998062] /dev/input/event1: 0003 0036 00002255
[    4860.998062] /dev/input/event1: 0000 0000 00000000
[    4861.008401] /dev/input/event1: 0003 0036 000021ee
[    4861.008401] /dev/input/event1: 0000 0000 00000000
[    4861.011373] /dev/input/event1: 0003 0036 000021bb
[    4861.011373] /dev/input/event1: 0000 0000 00000000
[    4861.018151] /dev/input/event1: 0003 0036 00002155
[    4861.018151] /dev/input/event1: 0000 0000 00000000
[    4861.033430] /dev/input/event1: 0003 0036 00002121
[    4861.033430] /dev/input/event1: 0000 0000 00000000
[    4861.047745] /dev/input/event1: 0003 0036 000020aa
[    4861.047745] /dev/input/event1: 0000 0000 00000000
[    4861.062735] /dev/input/event1: 0003 0036 00002077
[    4861.062735] /dev/input/event1: 0000 0000 00000000
[    4861.077545] /dev/input/event1: 0003 0036 00002044
[    4861.077545] /dev/input/event1: 0000 0000 00000000
[    4861.084376] /dev/input/event1: 0003 0036 00002010
[    4861.084376] /dev/input/event1: 0000 0000 00000000
[    4861.092070] /dev/input/event1: 0003 0036 00001fdd
[    4861.092070] /dev/input/event1: 0000 0000 00000000
[    4861.107539] /dev/input/event1: 0003 0035 0000501d
[    4861.107539] /dev/input/event1: 0003 0036 00001f77
[    4861.107539] /dev/input/event1: 0000 0000 00000000
[    4861.116006] /dev/input/event1: 0003 0036 00001f44
[    4861.116006] /dev/input/event1: 0000 0000 00000000
[    4861.129692] /dev/input/event1: 0003 0036 00001eff
[    4861.129692] /dev/input/event1: 0000 0000 00000000
[    4861.150810] /dev/input/event1: 0003 0036 00001ecc
[    4861.150810] /dev/input/event1: 0000 0000 00000000
[    4861.202708] /dev/input/event1: 0003 0036 00001e99
[    4861.202708] /dev/input/event1: 0000 0000 00000000
[    4861.217424] /dev/input/event1: 0003 0036 00001e66
[    4861.217424] /dev/input/event1: 0000 0000 00000000
[    4861.224306] /dev/input/event1: 0003 0036 00001e32
[    4861.224306] /dev/input/event1: 0000 0000 00000000
[    4861.231641] /dev/input/event1: 0003 0036 00001dff
[    4861.231641] /dev/input/event1: 0000 0000 00000000
[    4861.252815] /dev/input/event1: 0003 0035 00005078
[    4861.252815] /dev/input/event1: 0003 0036 00001dcc
[    4861.252815] /dev/input/event1: 0000 0000 00000000
[    4861.261954] /dev/input/event1: 0003 0035 000050d3
[    4861.261954] /dev/input/event1: 0000 0000 00000000
[    4861.269720] /dev/input/event1: 0003 0036 00001d99
[    4861.269720] /dev/input/event1: 0000 0000 00000000
[    4861.274715] /dev/input/event1: 0003 0036 00001d55
[    4861.274715] /dev/input/event1: 0000 0000 00000000
[    4861.283711] /dev/input/event1: 0003 0036 00001d21
[    4861.283711] /dev/input/event1: 0000 0000 00000000
[    4861.289114] /dev/input/event1: 0003 0036 00001cee
[    4861.289114] /dev/input/event1: 0000 0000 00000000
[    4861.296617] /dev/input/event1: 0003 0036 00001cbb
[    4861.296617] /dev/input/event1: 0000 0000 00000000
[    4861.313796] /dev/input/event1: 0003 0035 0000512e
[    4861.313796] /dev/input/event1: 0003 0036 00001c88
[    4861.313796] /dev/input/event1: 0000 0000 00000000
[    4861.318299] /dev/input/event1: 0003 0036 00001c21
[    4861.318299] /dev/input/event1: 0000 0000 00000000
[    4861.333165] /dev/input/event1: 0003 0036 00001bee
[    4861.333165] /dev/input/event1: 0000 0000 00000000
[    4861.342174] /dev/input/event1: 0003 0036 00001baa
[    4861.342174] /dev/input/event1: 0000 0000 00000000
[    4861.348156] /dev/input/event1: 0003 0036 00001b77
[    4861.348156] /dev/input/event1: 0000 0000 00000000
[    4861.421602] /dev/input/event1: 0003 0036 00001b44
[    4861.421602] /dev/input/event1: 0000 0000 00000000
[    4861.455429] /dev/input/event1: 0003 0036 00001b10
[    4861.455429] /dev/input/event1: 0000 0000 00000000
[    4861.467921] /dev/input/event1: 0003 0035 00005189
[    4861.467921] /dev/input/event1: 0003 0036 00001aaa
[    4861.467921] /dev/input/event1: 0000 0000 00000000
[    4861.473894] /dev/input/event1: 0003 0036 00001a77
[    4861.473894] /dev/input/event1: 0000 0000 00000000
[    4861.486898] /dev/input/event1: 0003 0036 00001a44
[    4861.486898] /dev/input/event1: 0000 0000 00000000
[    4861.494964] /dev/input/event1: 0003 0036 000019ff
[    4861.494964] /dev/input/event1: 0000 0000 00000000
[    4861.509316] /dev/input/event1: 0003 0036 000019cc
[    4861.509316] /dev/input/event1: 0000 0000 00000000
[    4861.524611] /dev/input/event1: 0003 0036 00001999
[    4861.524611] /dev/input/event1: 0000 0000 00000000
[    4861.531245] /dev/input/event1: 0003 0036 00001966
[    4861.531245] /dev/input/event1: 0000 0000 00000000
[    4861.538805] /dev/input/event1: 0003 0036 00001933
[    4861.538805] /dev/input/event1: 0000 0000 00000000
[    4861.576357] /dev/input/event1: 0003 0035 000051e4
[    4861.576357] /dev/input/event1: 0003 0036 000018ff
[    4861.576357] /dev/input/event1: 0000 0000 00000000
[    4861.591000] /dev/input/event1: 0003 0036 000018cc
[    4861.591000] /dev/input/event1: 0000 0000 00000000
[    4861.596891] /dev/input/event1: 0003 0036 00001888
[    4861.596891] /dev/input/event1: 0000 0000 00000000
[    4861.647972] /dev/input/event1: 0003 0036 00001855
[    4861.647972] /dev/input/event1: 0000 0000 00000000
[    4861.677405] /dev/input/event1: 0003 0036 00001821
[    4861.677405] /dev/input/event1: 0000 0000 00000000
[    4861.684839] /dev/input/event1: 0003 0035 0000523f
[    4861.684839] /dev/input/event1: 0000 0000 00000000
[    4861.692587] /dev/input/event1: 0003 0036 000017ee
[    4861.692587] /dev/input/event1: 0000 0000 00000000
[    4861.701732] /dev/input/event1: 0003 0036 000017bb
[    4861.701732] /dev/input/event1: 0000 0000 00000000
[    4861.736914] /dev/input/event1: 0003 0036 00001788
[    4861.736914] /dev/input/event1: 0000 0000 00000000
[    4861.753882] /dev/input/event1: 0003 0036 00001755
[    4861.753882] /dev/input/event1: 0000 0000 00000000
[    4861.765376] /dev/input/event1: 0003 0036 000016dd
[    4861.765376] /dev/input/event1: 0000 0000 00000000
[    4861.773362] /dev/input/event1: 0003 0035 000052b9
[    4861.773362] /dev/input/event1: 0000 0000 00000000
[    4861.784266] /dev/input/event1: 0003 0036 000016aa
[    4861.784266] /dev/input/event1: 0000 0000 00000000
[    4861.795319] /dev/input/event1: 0003 0036 00001677
[    4861.795319] /dev/input/event1: 0000 0000 00000000
[    4861.809156] /dev/input/event1: 0003 0036 00001644
[    4861.809156] /dev/input/event1: 0000 0000 00000000
[    4861.826317] /dev/input/event1: 0003 0035 00005314
[    4861.826317] /dev/input/event1: 0000 0000 00000000
[    4861.833435] /dev/input/event1: 0003 0036 00001610
[    4861.833435] /dev/input/event1: 0000 0000 00000000
[    4861.846401] /dev/input/event1: 0003 0035 000053ca
[    4861.846401] /dev/input/event1: 0003 0036 000015aa
[    4861.846401] /dev/input/event1: 0000 0000 00000000
[    4861.854489] /dev/input/event1: 0003 0036 00001533
[    4861.854489] /dev/input/event1: 0000 0000 00000000
[    4861.863072] /dev/input/event1: 0003 0035 00005425
[    4861.863072] /dev/input/event1: 0003 0036 000014ff
[    4861.863072] /dev/input/event1: 0000 0000 00000000
[    4861.867551] /dev/input/event1: 0003 0036 000014cc
[    4861.867551] /dev/input/event1: 0000 0000 00000000
[    4861.875085] /dev/input/event1: 0003 0036 00001499
[    4861.875085] /dev/input/event1: 0000 0000 00000000
[    4861.884548] /dev/input/event1: 0003 0036 00001466
[    4861.884548] /dev/input/event1: 0000 0000 00000000
[    4861.892567] /dev/input/event1: 0003 0036 00001433
[    4861.892567] /dev/input/event1: 0000 0000 00000000
[    4861.897447] /dev/input/event1: 0003 0036 000013ff
[    4861.897447] /dev/input/event1: 0000 0000 00000000
[    4861.914379] /dev/input/event1: 0003 0036 000013cc
[    4861.914379] /dev/input/event1: 0000 0000 00000000
[    4861.920387] /dev/input/event1: 0003 0035 00005480
[    4861.920387] /dev/input/event1: 0003 0036 00001388
[    4861.920387] /dev/input/event1: 0000 0000 00000000
[    4861.926421] /dev/input/event1: 0003 0035 000054db
[    4861.926421] /dev/input/event1: 0003 0036 00001321
[    4861.926421] /dev/input/event1: 0000 0000 00000000
[    4861.935160] /dev/input/event1: 0003 0036 000012ee
[    4861.935160] /dev/input/event1: 0000 0000 00000000
[    4861.941838] /dev/input/event1: 0003 0035 00005554
[    4861.941838] /dev/input/event1: 0003 0036 000012bb
[    4861.941838] /dev/input/event1: 0000 0000 00000000
[    4861.948632] /dev/input/event1: 0003 0036 00001288
[    4861.948632] /dev/input/event1: 0000 0000 00000000
[    4861.956324] /dev/input/event1: 0003 0035 000055af
[    4861.956324] /dev/input/event1: 0000 0000 00000000
[    4861.964255] /dev/input/event1: 0003 0036 00001255
[    4861.964255] /dev/input/event1: 0000 0000 00000000
[    4861.972687] /dev/input/event1: 0003 0036 00001221
[    4861.972687] /dev/input/event1: 0000 0000 00000000
[    4861.986628] /dev/input/event1: 0003 0036 000011dd
[    4861.986628] /dev/input/event1: 0000 0000 00000000
[    4861.992461] /dev/input/event1: 0003 0036 000011aa
[    4861.992461] /dev/input/event1: 0000 0000 00000000
[    4862.007607] /dev/input/event1: 0003 0035 0000560a
[    4862.007607] /dev/input/event1: 0003 0036 00001177
[    4862.007607] /dev/input/event1: 0000 0000 00000000
[    4862.014355] /dev/input/event1: 0003 0035 00005665
[    4862.014355] /dev/input/event1: 0003 0036 00001144
[    4862.014355] /dev/input/event1: 0000 0000 00000000
[    4862.024374] /dev/input/event1: 0003 0035 000056c0
[    4862.024374] /dev/input/event1: 0000 0000 00000000
[    4862.029265] /dev/input/event1: 0003 0036 00001110
[    4862.029265] /dev/input/event1: 0000 0000 00000000
[    4862.039215] /dev/input/event1: 0003 0035 0000571b
[    4862.039215] /dev/input/event1: 0000 0000 00000000
[    4862.059530] /dev/input/event1: 0003 0036 000010dd
[    4862.059530] /dev/input/event1: 0000 0000 00000000
[    4862.109407] /dev/input/event1: 0003 0036 00001077
[    4862.109407] /dev/input/event1: 0000 0000 00000000
[    4862.132562] /dev/input/event1: 0003 0035 00005776
[    4862.132562] /dev/input/event1: 0003 0036 00001033
[    4862.132562] /dev/input/event1: 0000 0000 00000000
[    4862.146385] /dev/input/event1: 0003 0036 00000fff
[    4862.146385] /dev/input/event1: 0000 0000 00000000
[    4862.154612] /dev/input/event1: 0003 0036 00000fcc
[    4862.154612] /dev/input/event1: 0000 0000 00000000
[    4862.278066] /dev/input/event1: 0003 003a 00000000
[    4862.278066] /dev/input/event1: 0003 0039 ffffffff
[    4862.278066] /dev/input/event1: 0000 0000 00000000
[    4863.379070] /dev/input/event1: 0003 0039 00000000
[    4863.379070] /dev/input/event1: 0003 0030 0000002d
[    4863.379070] /dev/input/event1: 0003 003a 00000081
[    4863.379070] /dev/input/event1: 0003 0035 00004fc2
[    4863.379070] /dev/input/event1: 0003 0036 00006332
[    4863.379070] /dev/input/event1: 0000 0000 00000000
[    4863.582716] /dev/input/event1: 0003 0035 0000501d
[    4863.582716] /dev/input/event1: 0003 0036 000062ff
[    4863.582716] /dev/input/event1: 0000 0000 00000000
[    4863.589491] /dev/input/event1: 0003 0035 00005078
[    4863.589491] /dev/input/event1: 0003 0036 00006298
[    4863.589491] /dev/input/event1: 0000 0000 00000000
[    4863.597894] /dev/input/event1: 0003 0035 000050d3
[    4863.597894] /dev/input/event1: 0003 0036 000061ee
[    4863.597894] /dev/input/event1: 0000 0000 00000000
[    4863.604171] /dev/input/event1: 0003 0036 00006154
[    4863.604171] /dev/input/event1: 0000 0000 00000000
[    4863.611834] /dev/input/event1: 0003 0035 0000512e
[    4863.611834] /dev/input/event1: 0003 0036 000060ee
[    4863.611834] /dev/input/event1: 0000 0000 00000000
[    4863.620336] /dev/input/event1: 0003 0035 00005189
[    4863.620336] /dev/input/event1: 0003 0036 00006043
[    4863.620336] /dev/input/event1: 0000 0000 00000000
[    4863.625781] /dev/input/event1: 0003 0036 00005fdd
[    4863.625781] /dev/input/event1: 0000 0000 00000000
[    4863.633858] /dev/input/event1: 0003 0036 00005f76
[    4863.633858] /dev/input/event1: 0000 0000 00000000
[    4863.644604] /dev/input/event1: 0003 0036 00005f43
[    4863.644604] /dev/input/event1: 0000 0000 00000000
[    4863.647681] /dev/input/event1: 0003 0036 00005e98
[    4863.647681] /dev/input/event1: 0000 0000 00000000
[    4863.655054] /dev/input/event1: 0003 0036 00005e65
[    4863.655054] /dev/input/event1: 0000 0000 00000000
[    4863.662934] /dev/input/event1: 0003 0036 00005e32
[    4863.662934] /dev/input/event1: 0000 0000 00000000
[    4863.670705] /dev/input/event1: 0003 0036 00005dff
[    4863.670705] /dev/input/event1: 0000 0000 00000000
[    4863.677239] /dev/input/event1: 0003 0036 00005d54
[    4863.677239] /dev/input/event1: 0000 0000 00000000
[    4863.685066] /dev/input/event1: 0003 0036 00005cbb
[    4863.685066] /dev/input/event1: 0000 0000 00000000
[    4863.694171] /dev/input/event1: 0003 0036 00005c54
[    4863.694171] /dev/input/event1: 0000 0000 00000000
[    4863.699870] /dev/input/event1: 0003 0036 00005ba9
[    4863.699870] /dev/input/event1: 0000 0000 00000000
[    4863.706753] /dev/input/event1: 0003 0035 000051e4
[    4863.706753] /dev/input/event1: 0003 0036 00005b10
[    4863.706753] /dev/input/event1: 0000 0000 00000000
[    4863.714485] /dev/input/event1: 0003 0036 00005a43
[    4863.714485] /dev/input/event1: 0000 0000 00000000
[    4863.722004] /dev/input/event1: 0003 0035 000052b9
[    4863.722004] /dev/input/event1: 0003 0036 00005998
[    4863.722004] /dev/input/event1: 0000 0000 00000000
[    4863.731444] /dev/input/event1: 0003 0035 00005314
[    4863.731444] /dev/input/event1: 0003 0036 000058ff
[    4863.731444] /dev/input/event1: 0000 0000 00000000
[    4863.735735] /dev/input/event1: 0003 0036 00005821
[    4863.735735] /dev/input/event1: 0000 0000 00000000
[    4863.743612] /dev/input/event1: 0003 0036 00005787
[    4863.743612] /dev/input/event1: 0000 0000 00000000
[    4863.752034] /dev/input/event1: 0003 0036 00005754
[    4863.752034] /dev/input/event1: 0000 0000 00000000
[    4863.758280] /dev/input/event1: 0003 0036 000056dd
[    4863.758280] /dev/input/event1: 0000 0000 00000000
[    4863.765388] /dev/input/event1: 0003 0036 000056a9
[    4863.765388] /dev/input/event1: 0000 0000 00000000
[    4863.772526] /dev/input/event1: 0003 0036 00005643
[    4863.772526] /dev/input/event1: 0000 0000 00000000
[    4863.779919] /dev/input/event1: 0003 0036 00005610
[    4863.779919] /dev/input/event1: 0000 0000 00000000
[    4863.786902] /dev/input/event1: 0003 0036 00005576
[    4863.786902] /dev/input/event1: 0000 0000 00000000
[    4863.794964] /dev/input/event1: 0003 0036 000054ff
[    4863.794964] /dev/input/event1: 0000 0000 00000000
[    4863.802509] /dev/input/event1: 0003 0036 00005498
[    4863.802509] /dev/input/event1: 0000 0000 00000000
[    4863.809972] /dev/input/event1: 0003 0035 0000536f
[    4863.809972] /dev/input/event1: 0003 0036 000053cc
[    4863.809972] /dev/input/event1: 0000 0000 00000000
[    4863.816437] /dev/input/event1: 0003 0036 00005354
[    4863.816437] /dev/input/event1: 0000 0000 00000000
[    4863.823822] /dev/input/event1: 0003 0036 000052ee
[    4863.823822] /dev/input/event1: 0000 0000 00000000
[    4863.833025] /dev/input/event1: 0003 0036 00005254
[    4863.833025] /dev/input/event1: 0000 0000 00000000
[    4863.838712] /dev/input/event1: 0003 0036 000051aa
[    4863.838712] /dev/input/event1: 0000 0000 00000000
[    4863.845836] /dev/input/event1: 0003 0036 00005143
[    4863.845836] /dev/input/event1: 0000 0000 00000000
[    4863.853827] /dev/input/event1: 0003 0036 000050aa
[    4863.853827] /dev/input/event1: 0000 0000 00000000
[    4863.863630] /dev/input/event1: 0003 0036 00005032
[    4863.863630] /dev/input/event1: 0000 0000 00000000
[    4863.867707] /dev/input/event1: 0003 0036 00004f98
[    4863.867707] /dev/input/event1: 0000 0000 00000000
[    4863.877796] /dev/input/event1: 0003 0035 000053ca
[    4863.877796] /dev/input/event1: 0003 0036 00004ecc
[    4863.877796] /dev/input/event1: 0000 0000 00000000
[    4863.882327] /dev/input/event1: 0003 0035 00005425
[    4863.882327] /dev/input/event1: 0003 0036 00004e21
[    4863.882327] /dev/input/event1: 0000 0000 00000000
[    4863.889802] /dev/input/event1: 0003 0036 00004d54
[    4863.889802] /dev/input/event1: 0000 0000 00000000
[    4863.898891] /dev/input/event1: 0003 0035 00005480
[    4863.898891] /dev/input/event1: 0003 0036 00004c76
[    4863.898891] /dev/input/event1: 0000 0000 00000000
[    4863.904375] /dev/input/event1: 0003 0036 00004baa
[    4863.904375] /dev/input/event1: 0000 0000 00000000
[    4863.913154] /dev/input/event1: 0003 0036 00004b32
[    4863.913154] /dev/input/event1: 0000 0000 00000000
[    4863.921486] /dev/input/event1: 0003 0036 00004acc
[    4863.921486] /dev/input/event1: 0000 0000 00000000
[    4863.928464] /dev/input/event1: 0003 0036 00004a32
[    4863.928464] /dev/input/event1: 0000 0000 00000000
[    4863.933963] /dev/input/event1: 0003 0036 000049bb
[    4863.933963] /dev/input/event1: 0000 0000 00000000
[    4863.943040] /dev/input/event1: 0003 0036 00004954
[    4863.943040] /dev/input/event1: 0000 0000 00000000
[    4863.950736] /dev/input/event1: 0003 0036 000048bb
[    4863.950736] /dev/input/event1: 0000 0000 00000000
[    4863.958589] /dev/input/event1: 0003 0036 00004854
[    4863.958589] /dev/input/event1: 0000 0000 00000000
[    4863.962787] /dev/input/event1: 0003 0036 000047aa
[    4863.962787] /dev/input/event1: 0000 0000 00000000
[    4863.972270] /dev/input/event1: 0003 0035 000054db
[    4863.972270] /dev/input/event1: 0003 0036 000046dd
[    4863.972270] /dev/input/event1: 0000 0000 00000000
[    4863.977472] /dev/input/event1: 0003 0036 00004632
[    4863.977472] /dev/input/event1: 0000 0000 00000000
[    4863.987723] /dev/input/event1: 0003 0036 000045cc
[    4863.987723] /dev/input/event1: 0000 0000 00000000
[    4863.993651] /dev/input/event1: 0003 0036 000044ff
[    4863.993651] /dev/input/event1: 0000 0000 00000000
[    4863.999692] /dev/input/event1: 0003 0036 00004487
[    4863.999692] /dev/input/event1: 0000 0000 00000000
[    4864.006966] /dev/input/event1: 0003 0036 000043ee
[    4864.006966] /dev/input/event1: 0000 0000 00000000
[    4864.017228] /dev/input/event1: 0003 0036 00004388
[    4864.017228] /dev/input/event1: 0000 0000 00000000
[    4864.022318] /dev/input/event1: 0003 0036 00004310
[    4864.022318] /dev/input/event1: 0000 0000 00000000
[    4864.031095] /dev/input/event1: 0003 0036 00004276
[    4864.031095] /dev/input/event1: 0000 0000 00000000
[    4864.036054] /dev/input/event1: 0003 0036 000041dd
[    4864.036054] /dev/input/event1: 0000 0000 00000000
[    4864.045096] /dev/input/event1: 0003 0036 00004132
[    4864.045096] /dev/input/event1: 0000 0000 00000000
[    4864.051403] /dev/input/event1: 0003 0035 000055af
[    4864.051403] /dev/input/event1: 0003 0036 00004065
[    4864.051403] /dev/input/event1: 0000 0000 00000000
[    4864.057979] /dev/input/event1: 0003 0036 00003fbb
[    4864.057979] /dev/input/event1: 0000 0000 00000000
[    4864.065381] /dev/input/event1: 0003 0036 00003eee
[    4864.065381] /dev/input/event1: 0000 0000 00000000
[    4864.074285] /dev/input/event1: 0003 0036 00003e43
[    4864.074285] /dev/input/event1: 0000 0000 00000000
[    4864.080496] /dev/input/event1: 0003 0036 00003e10
[    4864.080496] /dev/input/event1: 0000 0000 00000000
[    4864.090429] /dev/input/event1: 0003 0036 00003daa
[    4864.090429] /dev/input/event1: 0000 0000 00000000
[    4864.094571] /dev/input/event1: 0003 0036 00003d76
[    4864.094571] /dev/input/event1: 0000 0000 00000000
[    4864.103362] /dev/input/event1: 0003 0036 00003d10
[    4864.103362] /dev/input/event1: 0000 0000 00000000
[    4864.109731] /dev/input/event1: 0003 0036 00003cdd
[    4864.109731] /dev/input/event1: 0000 0000 00000000
[    4864.125344] /dev/input/event1: 0003 0036 00003c99
[    4864.125344] /dev/input/event1: 0000 0000 00000000
[    4864.132591] /dev/input/event1: 0003 0036 00003c32
[    4864.132591] /dev/input/event1: 0000 0000 00000000
[    4864.139308] /dev/input/event1: 0003 0036 00003bff
[    4864.139308] /dev/input/event1: 0000 0000 00000000
[    4864.145887] /dev/input/event1: 0003 0036 00003bcc
[    4864.145887] /dev/input/event1: 0000 0000 00000000
[    4864.153402] /dev/input/event1: 0003 0036 00003b32
[    4864.153402] /dev/input/event1: 0000 0000 00000000
[    4864.163294] /dev/input/event1: 0003 0036 00003a88
[    4864.163294] /dev/input/event1: 0000 0000 00000000
[    4864.168189] /dev/input/event1: 0003 0036 00003a21
[    4864.168189] /dev/input/event1: 0000 0000 00000000
[    4864.175447] /dev/input/event1: 0003 0036 000039bb
[    4864.175447] /dev/input/event1: 0000 0000 00000000
[    4864.184138] /dev/input/event1: 0003 0036 00003943
[    4864.184138] /dev/input/event1: 0000 0000 00000000
[    4864.190395] /dev/input/event1: 0003 0036 00003910
[    4864.190395] /dev/input/event1: 0000 0000 00000000
[    4864.197484] /dev/input/event1: 0003 0036 000038dd
[    4864.197484] /dev/input/event1: 0000 0000 00000000
[    4864.205924] /dev/input/event1: 0003 0036 00003877
[    4864.205924] /dev/input/event1: 0000 0000 00000000
[    4864.212566] /dev/input/event1: 0003 0036 00003810
[    4864.212566] /dev/input/event1: 0000 0000 00000000
[    4864.219946] /dev/input/event1: 0003 0036 00003799
[    4864.219946] /dev/input/event1: 0000 0000 00000000
[    4864.227939] /dev/input/event1: 0003 0035 0000560a
[    4864.227939] /dev/input/event1: 0003 0036 00003732
[    4864.227939] /dev/input/event1: 0000 0000 00000000
[    4864.233909] /dev/input/event1: 0003 0036 000036cc
[    4864.233909] /dev/input/event1: 0000 0000 00000000
[    4864.244388] /dev/input/event1: 0003 0036 00003632
[    4864.244388] /dev/input/event1: 0000 0000 00000000
[    4864.248711] /dev/input/event1: 0003 0036 000035ee
[    4864.248711] /dev/input/event1: 0000 0000 00000000
[    4864.255972] /dev/input/event1: 0003 0036 000035bb
[    4864.255972] /dev/input/event1: 0000 0000 00000000
[    4864.265100] /dev/input/event1: 0003 0036 00003588
[    4864.265100] /dev/input/event1: 0000 0000 00000000
[    4864.271478] /dev/input/event1: 0003 0036 00003554
[    4864.271478] /dev/input/event1: 0000 0000 00000000
[    4864.279977] /dev/input/event1: 0003 0036 00003521
[    4864.279977] /dev/input/event1: 0000 0000 00000000
[    4864.286967] /dev/input/event1: 0003 0036 000034ee
[    4864.286967] /dev/input/event1: 0000 0000 00000000
[    4864.292870] /dev/input/event1: 0003 0036 00003488
[    4864.292870] /dev/input/event1: 0000 0000 00000000
[    4864.301826] /dev/input/event1: 0003 0036 00003443
[    4864.301826] /dev/input/event1: 0000 0000 00000000
[    4864.309922] /dev/input/event1: 0003 0036 00003410
[    4864.309922] /dev/input/event1: 0000 0000 00000000
[    4864.316912] /dev/input/event1: 0003 0035 00005665
[    4864.316912] /dev/input/event1: 0003 0036 00003377
[    4864.316912] /dev/input/event1: 0000 0000 00000000
[    4864.321947] /dev/input/event1: 0003 0036 00003310
[    4864.321947] /dev/input/event1: 0000 0000 00000000
[    4864.329997] /dev/input/event1: 0003 0036 00003266
[    4864.329997] /dev/input/event1: 0000 0000 00000000
[    4864.337795] /dev/input/event1: 0003 0036 000031cc
[    4864.337795] /dev/input/event1: 0000 0000 00000000
[    4864.345615] /dev/input/event1: 0003 0036 00003166
[    4864.345615] /dev/input/event1: 0000 0000 00000000
[    4864.352017] /dev/input/event1: 0003 0036 000030ee
[    4864.352017] /dev/input/event1: 0000 0000 00000000
[    4864.359677] /dev/input/event1: 0003 0036 00003088
[    4864.359677] /dev/input/event1: 0000 0000 00000000
[    4864.365797] /dev/input/event1: 0003 0036 00003054
[    4864.365797] /dev/input/event1: 0000 0000 00000000
[    4864.375273] /dev/input/event1: 0003 0036 00002fee
[    4864.375273] /dev/input/event1: 0000 0000 00000000
[    4864.382126] /dev/input/event1: 0003 0036 00002f77
[    4864.382126] /dev/input/event1: 0000 0000 00000000
[    4864.387808] /dev/input/event1: 0003 0036 00002f10
[    4864.387808] /dev/input/ev