add device 1: /dev/input/event0
  name:     "Power Button"
add device 2: /dev/input/event1
  name:     "qwerty2"
[    7629.090312] /dev/input/event1: 0003 0039 00000000
[    7629.090312] /dev/input/event1: 0003 0030 0000015a
[    7629.090312] /dev/input/event1: 0003 003a 00000081
[    7629.090312] /dev/input/event1: 0003 0035 00001e56
[    7629.090312] /dev/input/event1: 0003 0036 00000955
[    7629.090312] /dev/input/event1: 0000 0000 00000000
[    7629.198676] /dev/input/event1: 0003 003a 00000000
[    7629.198676] /dev/input/event1: 0003 0039 ffffffff
[    7629.198676] /dev/input/event1: 0000 0000 00000000
[    7633.969000] /dev/input/event1: 0003 0039 00000000
[    7633.969000] /dev/input/event1: 0003 0030 0000015b
[    7633.969000] /dev/input/event1: 0003 003a 00000081
[    7633.969000] /dev/input/event1: 0003 0035 0000793d
[    7633.969000] /dev/input/event1: 0003 0036 000008bb
[    7633.969000] /dev/input/event1: 0000 0000 00000000
[    7634.060759] /dev/input/event1: 0003 003a 00000000
[    7634.060759] /dev/input/event1: 0003 0039 ffffffff
[    7634.060759] /dev/input/event1: 0000 0000 00000000
[    7637.839556] /dev/input/event1: 0003 0039 00000000
[    7637.839556] /dev/input/event1: 0003 0030 0000015c
[    7637.839556] /dev/input/event1: 0003 003a 00000081
[    7637.839556] /dev/input/event1: 0003 0035 000050d3
[    7637.839556] /dev/input/event1: 0003 0036 00001a44
[    7637.839556] /dev/input/event1: 0000 0000 00000000
[    7637.937007] /dev/input/event1: 0003 003a 00000000
[    7637.937007] /dev/input/event1: 0003 0039 ffffffff
[    7637.937007] /dev/input/event1: 0000 0000 00000000
[    7642.156499] /dev/input/event1: 0003 0039 00000000
[    7642.156499] /dev/input/event1: 0003 0030 0000015d
[    7642.156499] /dev/input/event1: 0003 003a 00000081
[    7642.156499] /dev/input/event1: 0003 0035 00005b41
[    7642.156499] /dev/input/event1: 0003 0036 00004810
[    7642.156499] /dev/input/event1: 0000 0000 00000000
[    7642.264060] /dev/input/event1: 0003 003a 00000000
[    7642.264060] /dev/input/event1: 0003 0039 ffffffff
[    7642.264060] /dev/input/event1: 0000 0000 00000000
[    7644.118044] /dev/input/event1: 0003 0039 00000000
[    7644.118044] /dev/input/event1: 0003 0030 0000015e
[    7644.118044] /dev/input/event1: 0003 003a 00000081
[    7644.118044] /dev/input/event1: 0003 0035 000042b9
[    7644.118044] /dev/input/event1: 0003 0036 00005aa9
[    7644.118044] /dev/input/event1: 0000 0000 00000000
[    7644.248274] /dev/input/event1: 0003 0036 000059ff
[    7644.248274] /dev/input/event1: 0000 0000 00000000
[    7644.256813] /dev/input/event1: 0003 0036 00005965
[    7644.256813] /dev/input/event1: 0000 0000 00000000
[    7644.264530] /dev/input/event1: 0003 0036 000058cc
[    7644.264530] /dev/input/event1: 0000 0000 00000000
[    7644.270456] /dev/input/event1: 0003 0036 00005854
[    7644.270456] /dev/input/event1: 0000 0000 00000000
[    7644.282039] /dev/input/event1: 0003 0036 000057bb
[    7644.282039] /dev/input/event1: 0000 0000 00000000
[    7644.286382] /dev/input/event1: 0003 0036 00005721
[    7644.286382] /dev/input/event1: 0000 0000 00000000
[    7644.295875] /dev/input/event1: 0003 0036 00005676
[    7644.295875] /dev/input/event1: 0000 0000 00000000
[    7644.302750] /dev/input/event1: 0003 0036 000055dd
[    7644.302750] /dev/input/event1: 0000 0000 00000000
[    7644.312055] /dev/input/event1: 0003 0035 0000425e
[    7644.312055] /dev/input/event1: 0003 0036 00005532
[    7644.312055] /dev/input/event1: 0000 0000 00000000
[    7644.319731] /dev/input/event1: 0003 0036 000054cc
[    7644.319731] /dev/input/event1: 0000 0000 00000000
[    7644.327294] /dev/input/event1: 0003 0035 00004203
[    7644.327294] /dev/input/event1: 0003 0036 00005432
[    7644.327294] /dev/input/event1: 0000 0000 00000000
[    7644.333177] /dev/input/event1: 0003 0036 000053cc
[    7644.333177] /dev/input/event1: 0000 0000 00000000
[    7644.340297] /dev/input/event1: 0003 0036 00005354
[    7644.340297] /dev/input/event1: 0000 0000 00000000
[    7644.348291] /dev/input/event1: 0003 0036 00005321
[    7644.348291] /dev/input/event1: 0000 0000 00000000
[    7644.356545] /dev/input/event1: 0003 0036 000052ee
[    7644.356545] /dev/input/event1: 0000 0000 00000000
[    7644.364534] /dev/input/event1: 0003 0036 00005287
[    7644.364534] /dev/input/event1: 0000 0000 00000000
[    7644.372673] /dev/input/event1: 0003 0036 00005221
[    7644.372673] /dev/input/event1: 0000 0000 00000000
[    7644.380654] /dev/input/event1: 0003 0036 000051aa
[    7644.380654] /dev/input/event1: 0000 0000 00000000
[    7644.389161] /dev/input/event1: 0003 0036 00005143
[    7644.389161] /dev/input/event1: 0000 0000 00000000
[    7644.396339] /dev/input/event1: 0003 0035 000041a8
[    7644.396339] /dev/input/event1: 0003 0036 000050aa
[    7644.396339] /dev/input/event1: 0000 0000 00000000
[    7644.402427] /dev/input/event1: 0003 0036 00005032
[    7644.402427] /dev/input/event1: 0000 0000 00000000
[    7644.411231] /dev/input/event1: 0003 0036 00004fcc
[    7644.411231] /dev/input/event1: 0000 0000 00000000
[    7644.418399] /dev/input/event1: 0003 0036 00004f32
[    7644.418399] /dev/input/event1: 0000 0000 00000000
[    7644.426334] /dev/input/event1: 0003 0036 00004eff
[    7644.426334] /dev/input/event1: 0000 0000 00000000
[    7644.434435] /dev/input/event1: 0003 0036 00004e87
[    7644.434435] /dev/input/event1: 0000 0000 00000000
[    7644.442423] /dev/input/event1: 0003 0036 00004e21
[    7644.442423] /dev/input/event1: 0000 0000 00000000
[    7644.450527] /dev/input/event1: 0003 0036 00004d87
[    7644.450527] /dev/input/event1: 0000 0000 00000000
[    7644.456406] /dev/input/event1: 0003 0036 00004d21
[    7644.456406] /dev/input/event1: 0000 0000 00000000
[    7644.464256] /dev/input/event1: 0003 0036 00004caa
[    7644.464256] /dev/input/event1: 0000 0000 00000000
[    7644.472668] /dev/input/event1: 0003 0036 00004c10
[    7644.472668] /dev/input/event1: 0000 0000 00000000
[    7644.483380] /dev/input/event1: 0003 0036 00004b65
[    7644.483380] /dev/input/event1: 0000 0000 00000000
[    7644.490911] /dev/input/event1: 0003 0036 00004aff
[    7644.490911] /dev/input/event1: 0000 0000 00000000
[    7644.497202] /dev/input/event1: 0003 0036 00004a99
[    7644.497202] /dev/input/event1: 0000 0000 00000000
[    7644.504162] /dev/input/event1: 0003 0036 000049ff
[    7644.504162] /dev/input/event1: 0000 0000 00000000
[    7644.513375] /dev/input/event1: 0003 0036 00004954
[    7644.513375] /dev/input/event1: 0000 0000 00000000
[    7644.520100] /dev/input/event1: 0003 0036 000048bb
[    7644.520100] /dev/input/event1: 0000 0000 00000000
[    7644.527835] /dev/input/event1: 0003 0036 00004810
[    7644.527835] /dev/input/event1: 0000 0000 00000000
[    7644.534449] /dev/input/event1: 0003 0036 00004776
[    7644.534449] /dev/input/event1: 0000 0000 00000000
[    7644.543732] /dev/input/event1: 0003 0036 000046dd
[    7644.543732] /dev/input/event1: 0000 0000 00000000
[    7644.552720] /dev/input/event1: 0003 0035 00004203
[    7644.552720] /dev/input/event1: 0003 0036 00004632
[    7644.552720] /dev/input/event1: 0000 0000 00000000
[    7644.561387] /dev/input/event1: 0003 0036 00004599
[    7644.561387] /dev/input/event1: 0000 0000 00000000
[    7644.566544] /dev/input/event1: 0003 0036 000044ff
[    7644.566544] /dev/input/event1: 0000 0000 00000000
[    7644.573838] /dev/input/event1: 0003 0036 00004421
[    7644.573838] /dev/input/event1: 0000 0000 00000000
[    7644.580672] /dev/input/event1: 0003 0036 00004354
[    7644.580672] /dev/input/event1: 0000 0000 00000000
[    7644.590152] /dev/input/event1: 0003 0036 000042aa
[    7644.590152] /dev/input/event1: 0000 0000 00000000
[    7644.596474] /dev/input/event1: 0003 0036 00004210
[    7644.596474] /dev/input/event1: 0000 0000 00000000
[    7644.604238] /dev/input/event1: 0003 0036 000041aa
[    7644.604238] /dev/input/event1: 0000 0000 00000000
[    7644.614182] /dev/input/event1: 0003 0036 00004132
[    7644.614182] /dev/input/event1: 0000 0000 00000000
[    7644.621377] /dev/input/event1: 0003 0036 000040cc
[    7644.621377] /dev/input/event1: 0000 0000 00000000
[    7644.628920] /dev/input/event1: 0003 0035 0000425e
[    7644.628920] /dev/input/event1: 0003 0036 00004032
[    7644.628920] /dev/input/event1: 0000 0000 00000000
[    7644.634273] /dev/input/event1: 0003 0035 000042b9
[    7644.634273] /dev/input/event1: 0003 0036 00003f88
[    7644.634273] /dev/input/event1: 0000 0000 00000000
[    7644.644504] /dev/input/event1: 0003 0036 00003f21
[    7644.644504] /dev/input/event1: 0000 0000 00000000
[    7644.650983] /dev/input/event1: 0003 0036 00003ebb
[    7644.650983] /dev/input/event1: 0000 0000 00000000
[    7644.661797] /dev/input/event1: 0003 0036 00003e10
[    7644.661797] /dev/input/event1: 0000 0000 00000000
[    7644.666398] /dev/input/event1: 0003 0035 00004314
[    7644.666398] /dev/input/event1: 0003 0036 00003daa
[    7644.666398] /dev/input/event1: 0000 0000 00000000
[    7644.677344] /dev/input/event1: 0003 0036 00003d43
[    7644.677344] /dev/input/event1: 0000 0000 00000000
[    7644.682307] /dev/input/event1: 0003 0035 0000436f
[    7644.682307] /dev/input/event1: 0003 0036 00003cdd
[    7644.682307] /dev/input/event1: 0000 0000 00000000
[    7644.691403] /dev/input/event1: 0003 0036 00003c99
[    7644.691403] /dev/input/event1: 0000 0000 00000000
[    7644.696745] /dev/input/event1: 0003 0036 00003c32
[    7644.696745] /dev/input/event1: 0000 0000 00000000
[    7644.704403] /dev/input/event1: 0003 0036 00003bcc
[    7644.704403] /dev/input/event1: 0000 0000 00000000
[    7644.712557] /dev/input/event1: 0003 0036 00003b65
[    7644.712557] /dev/input/event1: 0000 0000 00000000
[    7644.720923] /dev/input/event1: 0003 0035 000043ca
[    7644.720923] /dev/input/event1: 0003 0036 00003a88
[    7644.720923] /dev/input/event1: 0000 0000 00000000
[    7644.728882] /dev/input/event1: 0003 0036 00003a21
[    7644.728882] /dev/input/event1: 0000 0000 00000000
[    7644.736713] /dev/input/event1: 0003 0036 00003988
[    7644.736713] /dev/input/event1: 0000 0000 00000000
[    7644.744696] /dev/input/event1: 0003 0036 000038dd
[    7644.744696] /dev/input/event1: 0000 0000 00000000
[    7644.752185] /dev/input/event1: 0003 0036 00003843
[    7644.752185] /dev/input/event1: 0000 0000 00000000
[    7644.761060] /dev/input/event1: 0003 0035 00004443
[    7644.761060] /dev/input/event1: 0003 0036 00003799
[    7644.761060] /dev/input/event1: 0000 0000 00000000
[    7644.768625] /dev/input/event1: 0003 0036 00003732
[    7644.768625] /dev/input/event1: 0000 0000 00000000
[    7644.775443] /dev/input/event1: 0003 0036 00003699
[    7644.775443] /dev/input/event1: 0000 0000 00000000
[    7644.782315] /dev/input/event1: 0003 0036 000035ee
[    7644.782315] /dev/input/event1: 0000 0000 00000000
[    7644.790147] /dev/input/event1: 0003 0036 00003554
[    7644.790147] /dev/input/event1: 0000 0000 00000000
[    7644.799673] /dev/input/event1: 0003 0036 000034bb
[    7644.799673] /dev/input/event1: 0000 0000 00000000
[    7644.807150] /dev/input/event1: 0003 0035 0000449e
[    7644.807150] /dev/input/event1: 0003 0036 000033dd
[    7644.807150] /dev/input/event1: 0000 0000 00000000
[    7644.814235] /dev/input/event1: 0003 0036 00003343
[    7644.814235] /dev/input/event1: 0000 0000 00000000
[    7644.822328] /dev/input/event1: 0003 0035 000044f9
[    7644.822328] /dev/input/event1: 0003 0036 00003266
[    7644.822328] /dev/input/event1: 0000 0000 00000000
[    7644.829256] /dev/input/event1: 0003 0036 000031cc
[    7644.829256] /dev/input/event1: 0000 0000 00000000
[    7644.836884] /dev/input/event1: 0003 0036 00003121
[    7644.836884] /dev/input/event1: 0000 0000 00000000
[    7644.845456] /dev/input/event1: 0003 0036 00003088
[    7644.845456] /dev/input/event1: 0000 0000 00000000
[    7644.852310] /dev/input/event1: 0003 0035 00004554
[    7644.852310] /dev/input/event1: 0003 0036 00003021
[    7644.852310] /dev/input/event1: 0000 0000 00000000
[    7644.860977] /dev/input/event1: 0003 0036 00002f77
[    7644.860977] /dev/input/event1: 0000 0000 00000000
[    7644.870419] /dev/input/event1: 0003 0036 00002edd
[    7644.870419] /dev/input/event1: 0000 0000 00000000
[    7644.878325] /dev/