add device 1: /dev/input/event0
  name:     "Power Button"
add device 2: /dev/input/event1
  name:     "qwerty2"
[    4624.638232] /dev/input/event1: 0003 0039 00000000
[    4624.638232] /dev/input/event1: 0003 0030 00000014
[    4624.638232] /dev/input/event1: 0003 003a 00000081
[    4624.638232] /dev/input/event1: 0003 0035 00002bbb
[    4624.638232] /dev/input/event1: 0003 0036 00003443
[    4624.638232] /dev/input/event1: 0000 0000 00000000
[    4624.719525] /dev/input/event1: 0003 003a 00000000
[    4624.719525] /dev/input/event1: 0003 0039 ffffffff
[    4624.719525] /dev/input/event1: 0000 0000 00000000
[    4628.246069] /dev/input/event1: 0003 0039 00000000
[    4628.246069] /dev/input/event1: 0003 0030 00000015
[    4628.246069] /dev/input/event1: 0003 003a 00000081
[    4628.246069] /dev/input/event1: 0003 0035 00003fc2
[    4628.246069] /dev/input/event1: 0003 0036 00002543
[    4628.246069] /dev/input/event1: 0000 0000 00000000
[    4628.391277] /dev/input/event1: 0003 003a 00000000
[    4628.391277] /dev/input/event1: 0003 0039 ffffffff
[    4628.391277] /dev/input/event1: 0000 0000 00000000
[    4631.469558] /dev/input/event1: 0003 0039 00000000
[    4631.469558] /dev/input/event1: 0003 0030 00000016
[    4631.469558] /dev/input/event1: 0003 003a 00000081
[    4631.469558] /dev/input/event1: 0003 0035 0000793d
[    4631.469558] /dev/input/event1: 0003 0036 000009bb
[    4631.469558] /dev/input/event1: 0000 0000 00000000
[    4631.602288] /dev/input/event1: 0003 003a 00000000
[    4631.602288] /dev/input/event1: 0003 0039 ffffffff
[    4631.602288] /dev/input/event1: 0000 0000 00000000
[    4634.473427] /dev/input/event1: 0003 0039 00000000
[    4634.473427] /dev/input/event1: 0003 0030 00000017
[    4634.473427] /dev/input/event1: 0003 003a 00000081
[    4634.473427] /dev/input/event1: 0003 0035 000031a8
[    4634.473427] /dev/input/event1: 0003 0036 000065ee
[    4634.473427] /dev/input/event1: 0000 0000 00000000
[    4634.555005] /dev/input/event1: 0003 003a 00000000
[    4634.555005] /dev/input/event1: 0003 0039 ffffffff
[    4634.555005] /dev/input/event1: 0000 0000 00000000
[    4636.173245] /dev/input/event1: 0003 0039 00000000
[    4636.173245] /dev/input/event1: 0003 0030 00000018
[    4636.173245] /dev/input/event1: 0003 003a 00000081
[    4636.173245] /dev/input/event1: 0003 0035 00004c52
[    4636.173245] /dev/input/event1: 0003 0036 00005b76
[    4636.173245] /dev/input/event1: 0000 0000 00000000
[    4636.239597] /dev/input/event1: 0003 003a 00000000
[    4636.239597] /dev/input/event1: 0003 0039 ffffffff
[    4636.239597] /dev/input/event1: 0000 0000 00000000
[    4637.410783] /dev/input/event1: 0003 0039 00000000
[    4637.410783] /dev/input/event1: 0003 0030 00000019
[    4637.410783] /dev/input/event1: 0003 003a 00000081
[    4637.410783] /dev/input/event1: 0003 0035 000053ca
[    4637.410783] /dev/input/event1: 0003 0036 00005076
[    4637.410783] /dev/input/event1: 0000 0000 00000000
[    4637.483852] /dev/input/event1: 0003 003a 00000000
[    4637.483852] /dev/input/event1: 0003 0039 ffffffff
[    4637.483852] /dev/input/event1: 0000 0000 00000000
[    4638.889909] /dev/input/event1: 0003 0039 00000000
[    4638.889909] /dev/input/event1: 0003 0030 0000001a
[    4638.889909] /dev/input/event1: 0003 003a 00000081
[    4638.889909] /dev/input/event1: 0003 0035 00003332
[    4638.889909] /dev/input/event1: 0003 0036 000065ee
[    4638.889909] /dev/input/event1: 0000 0000 00000000
[    4638.955599] /dev/input/event1: 0003 003a 00000000
[    4638.955599] /dev/input/event1: 0003 0039 ffffffff
[    4638.955599] /dev/input/event1: 0000 0000 00000000
[    4640.267823] /dev/input/event1: 0003 0039 00000000
[    4640.267823] /dev/input/event1: 0003 0030 0000001b
[    4640.267823] /dev/input/event1: 0003 003a 00000081
[    4640.267823] /dev/input/event1: 0003 0035 0000671b
[    4640.267823] /dev/input/event1: 0003 0036 00005b10
[    4640.267823] /dev/input/event1: 0000 0000 00000000
[    4640.326927] /dev/input/event1: 0003 003a 00000000
[    4640.326927] /dev/input/event1: 0003 0039 ffffffff
[    4640.326927] /dev/input/event1: 0000 0000 00000000