add device 1: /dev/input/event0
  name:     "Power Button"
add device 2: /dev/input/event1
  name:     "qwerty2"
[   22014.796273] /dev/input/event1: 0003 0039 00000000
[   22014.796273] /dev/input/event1: 0003 0030 000002ed
[   22014.796273] /dev/input/event1: 0003 003a 00000081
[   22014.796273] /dev/input/event1: 0003 0035 00007887
[   22014.796273] /dev/input/event1: 0003 0036 00000955
[   22014.796273] /dev/input/event1: 0000 0000 00000000
[   22014.898939] /dev/input/event1: 0003 003a 00000000
[   22014.898939] /dev/input/event1: 0003 0039 ffffffff
[   22014.898939] /dev/input/event1: 0000 0000 00000000
[   22017.295819] /dev/input/event1: 0003 0039 00000000
[   22017.295819] /dev/input/event1: 0003 0030 000002ee
[   22017.295819] /dev/input/event1: 0003 003a 00000081
[   22017.295819] /dev/input/event1: 0003 0035 00005480
[   22017.295819] /dev/input/event1: 0003 0036 000011aa
[   22017.295819] /dev/input/event1: 0000 0000 00000000
[   22017.426440] /dev/input/event1: 0003 003a 00000000
[   22017.426440] /dev/input/event1: 0003 0039 ffffffff
[   22017.426440] /dev/input/event1: 0000 0000 00000000
[   22019.862398] /dev/input/event1: 0003 0039 00000000
[   22019.862398] /dev/input/event1: 0003 0030 000002ef
[   22019.862398] /dev/input/event1: 0003 003a 00000081
[   22019.862398] /dev/input/event1: 0003 0035 000012d8
[   22019.862398] /dev/input/event1: 0003 0036 00002077
[   22019.862398] /dev/input/event1: 0000 0000 00000000
[   22019.968748] /dev/input/event1: 0003 003a 00000000
[   22019.968748] /dev/input/event1: 0003 0039 ffffffff
[   22019.968748] /dev/input/event1: 0000 0000 00000000
[   22022.044556] /dev/input/event1: 0003 0039 00000000
[   22022.044556] /dev/input/event1: 0003 0030 000002f0
[   22022.044556] /dev/input/event1: 0003 003a 00000081
[   22022.044556] /dev/input/event1: 0003 0035 00000fe1
[   22022.044556] /dev/input/event1: 0003 0036 00004f98
[   22022.044556] /dev/input/event1: 0000 0000 00000000
[   22022.162818] /dev/input/event1: 0003 003a 00000000
[   22022.162818] /dev/input/event1: 0003 0039 ffffffff
[   22022.162818] /dev/input/event1: 0000 0000 00000000
[   22023.280425] /dev/input/event1: 0003 0039 00000000
[   22023.280425] /dev/input/event1: 0003 0030 000002f1
[   22023.280425] /dev/input/event1: 0003 003a 00000081
[   22023.280425] /dev/input/event1: 0003 0035 000033e8
[   22023.280425] /dev/input/event1: 0003 0036 00005032
[   22023.280425] /dev/input/event1: 0000 0000 00000000
[   22023.388684] /dev/input/event1: 0003 003a 00000000
[   22023.388684] /dev/input/event1: 0003 0039 ffffffff
[   22023.388684] /dev/input/event1: 0000 0000 00000000
[   22024.745672] /dev/input/event1: 0003 0039 00000000
[   22024.745672] /dev/input/event1: 0003 0030 000002f2
[   22024.745672] /dev/input/event1: 0003 003a 00000081
[   22024.745672] /dev/input/event1: 0003 0035 000053ca
[   22024.745672] /dev/input/event1: 0003 0036 00005076
[   22024.745672] /dev/input/event1: 0000 0000 00000000
[   22024.868685] /dev/input/event1: 0003 003a 00000000
[   22024.868685] /dev/input/event1: 0003 0039 ffffffff
[   22024.868685] /dev/input/event1: 0000 0000 00000000
[   22026.288248] /dev/input/event1: 0003 0039 00000000
[   22026.288248] /dev/input/event1: 0003 0030 000002f3
[   22026.288248] /dev/input/event1: 0003 003a 00000081
[   22026.288248] /dev/input/event1: 0003 0035 00001097
[   22026.288248] /dev/input/event1: 0003 0036 00005b10
[   22026.288248] /dev/input/event1: 0000 0000 00000000
[   22026.419109] /dev/input/event1: 0003 003a 00000000
[   22026.419109] /dev/input/event1: 0003 0039 ffffffff
[   22026.419109] /dev/input/event1: 0000 0000 00000000
[   22028.419687] /dev/input/event1: 0003 0039 00000000
[   22028.419687] /dev/input/event1: 0003 0030 000002f4
[   22028.419687] /dev/input/event1: 0003 003a 00000081
[   22028.419687] /dev/input/event1: 0003 0035 000072f5
[   22028.419687] /dev/input/event1: 0003 0036 000070ee
[   22028.419687] /dev/input/event1: 0000 0000 00000000
[   22028.543184] /dev/input/event1: 0003 003a 00000000
[   22028.543184] /dev/input/event1: 0003 0039 ffffffff
[   22028.543184] /dev/input/event1: 0000 0000 00000000
[   22029.931573] /dev/input/event1: 0003 0039 00000000
[   22029.931573] /dev/input/event1: 0003 0030 000002f5
[   22029.931573] /dev/input/event1: 0003 003a 00000081
[   22029.931573] /dev/input/event1: 0003 0035 0000103c
[   22029.931573] /dev/input/event1: 0003 0036 00005032
[   22029.931573] /dev/input/event1: 0000 0000 00000000
[   22030.054682] /dev/input/event1: 0003 003a 00000000
[   22030.054682] /dev/input/event1: 0003 0039 ffffffff
[   22030.054682] /dev/input/event1: 0000 0000 00000000
[   22031.233718] /dev/input/event1: 0003 0039 00000000
[   22031.233718] /dev/input/event1: 0003 0030 000002f6
[   22031.233718] /dev/input/event1: 0003 003a 00000081
[   22031.233718] /dev/input/event1: 0003 0035 00003332
[   22031.233718] /dev/input/event1: 0003 0036 00004fff
[   22031.233718] /dev/input/event1: 0000 0000 00000000
[   22031.341182] /dev/input/event1: 0003 003a 00000000
[   22031.341182] /dev/input/event1: 0003 0039 ffffffff
[   22031.341182] /dev/input/event1: 0000 0000 00000000
[   22032.498261] /dev/input/event1: 0003 0039 00000000
[   22032.498261] /dev/input/event1: 0003 0030 000002f7
[   22032.498261] /dev/input/event1: 0003 003a 00000081
[   22032.498261] /dev/input/event1: 0003 0035 000055af
[   22032.498261] /dev/input/event1: 0003 0036 00004f98
[   22032.498261] /dev/input/event1: 0000 0000 00000000
[   22032.618570] /dev/input/event1: 0003 003a 00000000
[   22032.618570] /dev/input/event1: 0003 0039 ffffffff
[   22032.618570] /dev/input/event1: 0000 0000 00000000
[   22033.706069] /dev/input/event1: 0003 0039 00000000
[   22033.706069] /dev/input/event1: 0003 0030 000002f8
[   22033.706069] /dev/input/event1: 0003 003a 00000081
[   22033.706069] /dev/input/event1: 0003 0035 00001221
[   22033.706069] /dev/input/event1: 0003 0036 00005aa9
[   22033.706069] /dev/input/event1: 0000 0000 00000000
[   22033.813002] /dev/input/event1: 0003 003a 00000000
[   22033.813002] /dev/input/event1: 0003 0039 ffffffff
[   22033.813002] /dev/input/event1: 0000 0000 00000000
[   22035.814042] /dev/input/event1: 0003 0039 00000000
[   22035.814042] /dev/input/event1: 0003 0030 000002f9
[   22035.814042] /dev/input/event1: 0003 003a 00000081
[   22035.814042] /dev/input/event1: 0003 0035 00000fe1
[   22035.814042] /dev/input/event1: 0003 0036 000034bb
[   22035.814042] /dev/input/event1: 0000 0000 00000000
[   22035.917595] /dev/input/event1: 0003 003a 00000000
[   22035.917595] /dev/input/event1: 0003 0039 ffffffff
[   22035.917595] /dev/input/event1: 0000 0000 00000000
[   22058.452488] /dev/input/event1: 0003 0039 00000000
[   22058.452488] /dev/input/event1: 0003 0030 000002fa
[   22058.452488] /dev/input/event1: 0003 003a 00000081
[   22058.452488] /dev/input/event1: 0003 0035 0000782c
[   22058.452488] /dev/input/event1: 0003 0036 00000855
[   22058.452488] /dev/input/event1: 0000 0000 00000000
[   22058.566532] /dev/input/event1: 0003 003a 00000000
[   22058.566532] /dev/input/event1: 0003 0039 ffffffff
[   22058.566532] /dev/input/event1: 0000 0000 00000000
[   22059.761972] /dev/input/event1: 0003 0039 00000000
[   22059.761972] /dev/input/event1: 0003 0030 000002fb
[   22059.761972] /dev/input/event1: 0003 003a 00000081
[   22059.761972] /dev/input/event1: 0003 0035 000057d1
[   22059.761972] /dev/input/event1: 0003 0036 00003877
[   22059.761972] /dev/input/event1: 0000 0000 00000000
[   22059.896575] /dev/input/event1: 0003 003a 00000000
[   22059.896575] /dev/input/event1: 0003 0039 ffffffff
[   22059.896575] /dev/input/event1: 0000 0000 00000000
[   22061.085862] /dev/input/event1: 0003 0039 00000000
[   22061.085862] /dev/input/event1: 0003 0030 000002fc
[   22061.085862] /dev/input/event1: 0003 003a 00000081
[   22061.085862] /dev/input/event1: 0003 0035 0000793d
[   22061.085862] /dev/input/event1: 0003 0036 000008ee
[   22061.085862] /dev/input/event1: 0000 0000 00000000
[   22061.203743] /dev/input/event1: 0003 003a 00000000
[   22061.203743] /dev/input/event1: 0003 0039 ffffffff
[   22061.203743] /dev/input/event1: 0000 0000 00000000
[   22062.50626