add device 1: /dev/input/event0
  name:     "Power Button"
add device 2: /dev/input/event1
  name:     "qwerty2"
[   21410.599252] /dev/input/event1: 0003 0039 00000000
[   21410.599252] /dev/input/event1: 0003 0030 000002b3
[   21410.599252] /dev/input/event1: 0003 003a 00000081
[   21410.599252] /dev/input/event1: 0003 0035 00007887
[   21410.599252] /dev/input/event1: 0003 0036 000008bb
[   21410.599252] /dev/input/event1: 0000 0000 00000000
[   21410.708367] /dev/input/event1: 0003 003a 00000000
[   21410.708367] /dev/input/event1: 0003 0039 ffffffff
[   21410.708367] /dev/input/event1: 0000 0000 00000000
[   21414.027627] /dev/input/event1: 0003 0039 00000000
[   21414.027627] /dev/input/event1: 0003 0030 000002b4
[   21414.027627] /dev/input/event1: 0003 003a 00000081
[   21414.027627] /dev/input/event1: 0003 0035 0000501d
[   21414.027627] /dev/input/event1: 0003 0036 000008ee
[   21414.027627] /dev/input/event1: 0000 0000 00000000
[   21414.142197] /dev/input/event1: 0003 003a 00000000
[   21414.142197] /dev/input/event1: 0003 0039 ffffffff
[   21414.142197] /dev/input/event1: 0000 0000 00000000
[   21417.291846] /dev/input/event1: 0003 0039 00000000
[   21417.291846] /dev/input/event1: 0003 0030 000002b5
[   21417.291846] /dev/input/event1: 0003 003a 00000081
[   21417.291846] /dev/input/event1: 0003 0035 00004c52
[   21417.291846] /dev/input/event1: 0003 0036 00005b43
[   21417.291846] /dev/input/event1: 0000 0000 00000000
[   21417.397826] /dev/input/event1: 0003 003a 00000000
[   21417.397826] /dev/input/event1: 0003 0039 ffffffff
[   21417.397826] /dev/input/event1: 0000 0000 00000000
[   21418.879663] /dev/input/event1: 0003 0039 00000000
[   21418.879663] /dev/input/event1: 0003 0030 000002b6
[   21418.879663] /dev/input/event1: 0003 003a 00000081
[   21418.879663] /dev/input/event1: 0003 0035 00003097
[   21418.879663] /dev/input/event1: 0003 0036 00002943
[   21418.879663] /dev/input/event1: 0000 0000 00000000
[   21419.027040] /dev/input/event1: 0003 003a 00000000
[   21419.027040] /dev/input/event1: 0003 0039 ffffffff
[   21419.027040] /dev/input/event1: 0000 0000 00000000
[   21420.723189] /dev/input/event1: 0003 0039 00000000
[   21420.723189] /dev/input/event1: 0003 0030 000002b7
[   21420.723189] /dev/input/event1: 0003 003a 00000081
[   21420.723189] /dev/input/event1: 0003 0035 00004d27
[   21420.723189] /dev/input/event1: 0003 0036 00005add
[   21420.723189] /dev/input/event1: 0000 0000 00000000
[   21420.842393] /dev/input/event1: 0003 003a 00000000
[   21420.842393] /dev/input/event1: 0003 0039 ffffffff
[   21420.842393] /dev/input/event1: 0000 0000 00000000
[   21422.383091] /dev/input/event1: 0003 0039 00000000
[   21422.383091] /dev/input/event1: 0003 0030 000002b8
[   21422.383091] /dev/input/event1: 0003 003a 00000081
[   21422.383091] /dev/input/event1: 0003 0035 00000d46
[   21422.383091] /dev/input/event1: 0003 0036 00004032
[   21422.383091] /dev/input/event1: 0000 0000 00000000
[   21422.489917] /dev/input/event1: 0003 003a 00000000
[   21422.489917] /dev/input/event1: 0003 0039 ffffffff
[   21422.489917] /dev/input/event1: 0000 0000 00000000
[   21425.234917] /dev/input/event1: 0003 0039 00000000
[   21425.234917] /dev/input/event1: 0003 0030 000002b9
[   21425.234917] /dev/input/event1: 0003 003a 00000081
[   21425.234917] /dev/input/event1: 0003 0035 000005ec
[   21425.234917] /dev/input/event1: 0003 0036 000019ff
[   21425.234917] /dev/input/event1: 0000 0000 00000000
[   21425.336152] /dev/input/event1: 0003 003a 00000000
[   21425.336152] /dev/input/event1: 0003 0039 ffffffff
[   21425.336152] /dev/input/event1: 0000 0000 00000000
[   21427.553886] /dev/input/event1: 0003 0039 00000000
[   21427.553886] /dev/input/event1: 0003 0030 000002ba
[   21427.553886] /dev/input/event1: 0003 003a 00000081
[   21427.553886] /dev/input/event1: 0003 0035 00001110
[   21427.553886] /dev/input/event1: 0003 0036 00003732
[   21427.553886] /dev/input/event1: 0000 0000 00000000
[   21427.662233] /dev/input/event1: 0003 003a 00000000
[   21427.662233] /dev/input/event1: 0003 0039 ffffffff
[   21427.662233] /dev/input/event1: 0000 0000 00000000
[   21430.593310] /dev/input/event1: 0003 0039 00000000
[   21430.593310] /dev/input/event1: 0003 0030 000002bb
[   21430.593310] /dev/input/event1: 0003 003a 00000081
[   21430.593310] /dev/input/event1: 0003 0035 0000782c
[   21430.593310] /dev/input/event1: 0003 0036 00000922
[   21430.593310] /dev/input/event1: 0000 0000 00000000
[   21430.685630] /dev/input/event1: 0003 003a 00000000
[   21430.685630] /dev/input/event1: 0003 0039 ffffffff
[   21430.685630] /dev/input/event1: 0000 0000 00000000
[   21433.035345] /dev/input/event1: 0003 0039 00000000
[   21433.035345] /dev/input/event1: 0003 0030 000002bc
[   21433.035345] /dev/input/event1: 0003 003a 00000081
[   21433.035345] /dev/input/event1: 0003 0035 00005a12
[   21433.035345] /dev/input/event1: 0003 0036 000021bb
[   21433.035345] /dev/input/event1: 0000 0000 00000000
[   21433.144885] /dev/input/event1: 0003 003a 00000000
[   21433.144885] /dev/input/event1: 0003 0039 ffffffff
[   21433.144885] /dev/input/event1: 0000 0000 00000000
[   21435.801060] /dev/input/event1: 0003 0039 00000000
[   21435.801060] /dev/input/event1: 0003 0030 000002bd
[   21435.801060] /dev/input/event1: 0003 003a 00000081
[   21435.801060] /dev/input/event1: 0003 0035 00001221
[   21435.801060] /dev/input/event1: 0003 0036 00003d76
[   21435.801060] /dev/input/event1: 0000 0000 00000000
[   21435.932274] /dev/input/event1: 0003 003a 00000000
[   21435.932274] /dev/input/event1: 0003 0039 ffffffff
[   21435.932274] /dev/input/event1: 0000 0000 00000000
[   21437.950211] /dev/input/event1: 0003 0039 00000000
[   21437.950211] /dev/input/event1: 0003 0030 000002be
[   21437.950211] /dev/input/event1: 0003 003a 00000081
[   21437.950211] /dev/input/event1: 0003 0035 00006a12
[   21437.950211] /dev/input/event1: 0003 0036 00004632
[   21437.950211] /dev/input/event1: 0000 0000 00000000
[   21438.056079] /dev/input/event1: 0003 003a 00000000
[   21438.056079] /dev/input/event1: 0003 0039 ffffffff
[   21438.056079] /dev/input/event1: 0000 0000 00000000
[   21455.113380] /dev/input/event1: 0003 0039 00000000
[   21455.113380] /dev/input/event1: 0003 0030 000002bf
[   21455.113380] /dev/input/event1: 0003 003a 00000081
[   21455.113380] /dev/input/event1: 0003 0035 000077d1
[   21455.113380] /dev/input/event1: 0003 0036 00000888
[   21455.113380] /dev/input/event1: 0000 0000 00000000
[   21455.244205] /dev/input/event1: 0003 003a 00000000
[   21455.244205] /dev/input/event1: 0003 0039 ffffffff
[   21455.244205] /dev/input/event1: 0000 0000 00000000
[   21457.253482] /dev/input/event1: 0003 0039 00000000
[   21457.253482] /dev/input/event1: 0003 0030 000002c0
[   21457.253482] /dev/input/event1: 0003 003a 00000081
[   21457.253482] /dev/input/event1: 0003 0035 00006ac8
[   21457.253482] /dev/input/event1: 0003 0036 000033dd
[   21457.253482] /dev/input/event1: 0000 0000 00000000
[   21457.376536] /dev/input/event1: 0003 003a 00000000
[   21457.376536] /dev/input/event1: 0003 0039 ffffffff
[   21457.376536] /dev/input/event1: 0000 0000 00000000
[   21458.501825] /dev/input/event1: 0003 0039 00000000
[   21458.501825] /dev/input/event1: 0003 0030 000002c1
[   21458.501825] /dev/input/event1: 0003 003a 00000081
[   21458.501825] /dev/input/event1: 0003 0035 00007887
[   21458.501825] /dev/input/event1: 0003 0036 00000a33
[   21458.501825] /dev/input/event1: 0000 0000 00000000
[   21458.616358] /dev/input/event1: 0003 003a 00000000
[   21458.616358] /dev/input/event1: 0003 0039 ffffffff
[   21458.616358] /dev/input/event1: 0000 0000 00000000
[   21460.277890] /dev/input/event1: 0003 0039 00000000
[   21460.277890] /dev/input/event1: 0003 0030 000002c2
[   21460.277890] /dev/input/event1: 0003 003a 00000081
[   21460.277890] /dev/input/event1: 0003 0035 00006350
[   21460.277890] /dev/input/event1: 0003 0036 000036cc
[   21460.277890] /dev/input/event1: 0000 0000 00000000
[   21460.392726] /dev/input/event1: 0003 003a 00000000
[   21460.392726] /dev/input/event1: 0003 0039 ffffffff
[   21460.392726] /dev/input/event1: 0000 0000 00000000
[   21461.63350