add device 1: /dev/input/event0
  name:     "Power Button"
add device 2: /dev/input/event1
  name:     "qwerty2"
[   21116.036464] /dev/input/event1: 0003 0039 00000000
[   21116.036464] /dev/input/event1: 0003 0030 00000292
[   21116.036464] /dev/input/event1: 0003 003a 00000081
[   21116.036464] /dev/input/event1: 0003 0035 000078e2
[   21116.036464] /dev/input/event1: 0003 0036 00000888
[   21116.036464] /dev/input/event1: 0000 0000 00000000
[   21116.176290] /dev/input/event1: 0003 003a 00000000
[   21116.176290] /dev/input/event1: 0003 0039 ffffffff
[   21116.176290] /dev/input/event1: 0000 0000 00000000
[   21118.208210] /dev/input/event1: 0003 0039 00000000
[   21118.208210] /dev/input/event1: 0003 0030 00000293
[   21118.208210] /dev/input/event1: 0003 003a 00000081
[   21118.208210] /dev/input/event1: 0003 0035 000055af
[   21118.208210] /dev/input/event1: 0003 0036 000008ee
[   21118.208210] /dev/input/event1: 0000 0000 00000000
[   21118.319893] /dev/input/event1: 0003 003a 00000000
[   21118.319893] /dev/input/event1: 0003 0039 ffffffff
[   21118.319893] /dev/input/event1: 0000 0000 00000000
[   21122.444898] /dev/input/event1: 0003 0039 00000000
[   21122.444898] /dev/input/event1: 0003 0030 00000294
[   21122.444898] /dev/input/event1: 0003 003a 00000081
[   21122.444898] /dev/input/event1: 0003 0035 00003a30
[   21122.444898] /dev/input/event1: 0003 0036 00005110
[   21122.444898] /dev/input/event1: 0000 0000 00000000
[   21122.575855] /dev/input/event1: 0003 003a 00000000
[   21122.575855] /dev/input/event1: 0003 0039 ffffffff
[   21122.575855] /dev/input/event1: 0000 0000 00000000
[   21124.019507] /dev/input/event1: 0003 0039 00000000
[   21124.019507] /dev/input/event1: 0003 0030 00000295
[   21124.019507] /dev/input/event1: 0003 003a 00000081
[   21124.019507] /dev/input/event1: 0003 0035 00006bd9
[   21124.019507] /dev/input/event1: 0003 0036 00004fff
[   21124.019507] /dev/input/event1: 0000 0000 00000000
[   21124.105060] /dev/input/event1: 0003 003a 00000000
[   21124.105060] /dev/input/event1: 0003 0039 ffffffff
[   21124.105060] /dev/input/event1: 0000 0000 00000000
[   21125.415430] /dev/input/event1: 0003 0039 00000000
[   21125.415430] /dev/input/event1: 0003 0030 00000296
[   21125.415430] /dev/input/event1: 0003 003a 00000081
[   21125.415430] /dev/input/event1: 0003 0035 000066c0
[   21125.415430] /dev/input/event1: 0003 0036 00005b10
[   21125.415430] /dev/input/event1: 0000 0000 00000000
[   21125.514585] /dev/input/event1: 0003 003a 00000000
[   21125.514585] /dev/input/event1: 0003 0039 ffffffff
[   21125.514585] /dev/input/event1: 0000 0000 00000000
[   21126.927826] /dev/input/event1: 0003 0039 00000000
[   21126.927826] /dev/input/event1: 0003 0030 00000297
[   21126.927826] /dev/input/event1: 0003 003a 00000081
[   21126.927826] /dev/input/event1: 0003 0035 0000203c
[   21126.927826] /dev/input/event1: 0003 0036 00005076
[   21126.927826] /dev/input/event1: 0000 0000 00000000
[   21127.050109] /dev/input/event1: 0003 003a 00000000
[   21127.050109] /dev/input/event1: 0003 0039 ffffffff
[   21127.050109] /dev/input/event1: 0000 0000 00000000
[   21128.075362] /dev/input/event1: 0003 0039 00000000
[   21128.075362] /dev/input/event1: 0003 0030 00000298
[   21128.075362] /dev/input/event1: 0003 003a 00000081
[   21128.075362] /dev/input/event1: 0003 0035 00005901
[   21128.075362] /dev/input/event1: 0003 0036 00006621
[   21128.075362] /dev/input/event1: 0000 0000 00000000
[   21128.190696] /dev/input/event1: 0003 003a 00000000
[   21128.190696] /dev/input/event1: 0003 0039 ffffffff
[   21128.190696] /dev/input/event1: 0000 0000 00000000
[   21129.398485] /dev/input/event1: 0003 0039 00000000
[   21129.398485] /dev/input/event1: 0003 0030 00000299
[   21129.398485] /dev/input/event1: 0003 003a 00000081
[   21129.398485] /dev/input/event1: 0003 0035 00001b05
[   21129.398485] /dev/input/event1: 0003 0036 00002899
[   21129.398485] /dev/input/event1: 0000 0000 00000000
[   21129.530086] /dev/input/event1: 0003 003a 00000000
[   21129.530086] /dev/input/event1: 0003 0039 ffffffff
[   21129.530086] /dev/input/event1: 0000 0000 00000000
[   21131.516065] /dev/input/event1: 0003 0039 00000000
[   21131.516065] /dev/input/event1: 0003 0030 0000029a
[   21131.516065] /dev/input/event1: 0003 003a 00000081
[   21131.516065] /dev/input/event1: 0003 0035 00005901
[   21131.516065] /dev/input/event1: 0003 0036 00006621
[   21131.516065] /dev/input/event1: 0000 0000 00000000
[   21131.625584] /dev/input/event1: 0003 003a 00000000
[   21131.625584] /dev/input/event1: 0003 0039 ffffffff
[   21131.625584] /dev/input/event1: 0000 0000 00000000
[   21133.159447] /dev/input/event1: 0003 0039 00000000
[   21133.159447] /dev/input/event1: 0003 0030 0000029b
[   21133.159447] /dev/input/event1: 0003 003a 00000081
[   21133.159447] /dev/input/event1: 0003 0035 0000536f
[   21133.159447] /dev/input/event1: 0003 0036 00005110
[   21133.159447] /dev/input/event1: 0000 0000 00000000
[   21133.273697] /dev/input/event1: 0003 003a 00000000
[   21133.273697] /dev/input/event1: 0003 0039 ffffffff
[   21133.273697] /dev/input/event1: 0000 0000 00000000
[   21134.531719] /dev/input/event1: 0003 0039 00000000
[   21134.531719] /dev/input/event1: 0003 0030 0000029c
[   21134.531719] /dev/input/event1: 0003 003a 00000081
[   21134.531719] /dev/input/event1: 0003 0035 00006591
[   21134.531719] /dev/input/event1: 0003 0036 00006654
[   21134.531719] /dev/input/event1: 0000 0000 00000000
[   21134.637472] /dev/input/event1: 0003 003a 00000000
[   21134.637472] /dev/input/event1: 0003 0039 ffffffff
[   21134.637472] /dev/input/event1: 0000 0000 00000000
[   21136.321458] /dev/input/event1: 0003 0039 00000000
[   21136.321458] /dev/input/event1: 0003 0030 0000029d
[   21136.321458] /dev/input/event1: 0003 003a 00000081
[   21136.321458] /dev/input/event1: 0003 0035 000006fe
[   21136.321458] /dev/input/event1: 0003 0036 00003266
[   21136.321458] /dev/input/event1: 0000 0000 00000000
[   21136.429868] /dev/input/event1: 0003 003a 00000000
[   21136.429868] /dev/input/event1: 0003 0039 ffffffff
[   21136.429868] /dev/input/event1: 0000 0000 00000000
[   21138.670874] /dev/input/event1: 0003 0039 00000000
[   21138.670874] /dev/input/event1: 0003 0030 0000029e
[   21138.670874] /dev/input/event1: 0003 003a 00000081
[   21138.670874] /dev/input/event1: 0003 0035 00000573
[   21138.670874] /dev/input/event1: 0003 0036 00002ccc
[   21138.670874] /dev/input/event1: 0000 0000 00000000
[   21138.794791] /dev/input/event1: 0003 003a 00000000
[   21138.794791] /dev/input/event1: 0003 0039 ffffffff
[   21138.794791] /dev/input/event1: 0000 0000 00000000
[   21140.741372] /dev/input/event1: 0003 0039 00000000
[   21140.741372] /dev/input/event1: 0003 0030 0000029f
[   21140.741372] /dev/input/event1: 0003 003a 00000081
[   21140.741372] /dev/input/event1: 0003 0035 00001518
[   21140.741372] /dev/input/event1: 0003 0036 00003fbb
[   21140.741372] /dev/input/event1: 0000 0000 00000000
[   21140.839864] /dev/input/event1: 0003 003a 00000000
[   21140.839864] /dev/input/event1: 0003 0039 ffffffff
[   21140.839864] /dev/input/event1: 0000 0000 00000000
[   21143.864846] /dev/input/event1: 0003 0039 00000000
[   21143.864846] /dev/input/event1: 0003 0030 000002a0
[   21143.864846] /dev/input/event1: 0003 003a 00000081
[   21143.864846] /dev/input/event1: 0003 0035 00000648
[   21143.864846] /dev/input/event1: 0003 0036 00001add
[   21143.864846] /dev/input/event1: 0000 0000 00000000
[   21143.963758] /dev/input/event1: 0003 003a 00000000
[   21143.963758] /dev/input/event1: 0003 0039 ffffffff
[   21143.963758] /dev/input/event1: 0000 0000 00000000
[   21148.438793] /dev/input/event1: 0003 0039 00000000
[   21148.438793] /dev/input/event1: 0003 0030 000002a1
[   21148.438793] /dev/input/event1: 0003 003a 00000081
[   21148.438793] /dev/input/event1: 0003 0035 00001407
[   21148.438793] /dev/input/event1: 0003 0036 00003054
[   21148.438793] /dev/input/event1: 0000 0000 00000000
[   21148.569884] /dev/input/event1: 0003 003a 00000000
[   21148.569884] /dev/input/event1: 0003 0039 ffffffff
[   21148.569884] /dev/input/event1: 0000 0000 00000000
[   21151.87344