add device 1: /dev/input/event0
  name:     "Power Button"
add device 2: /dev/input/event1
  name:     "qwerty2"
[   21639.180992] /dev/input/event1: 0003 0039 00000000
[   21639.180992] /dev/input/event1: 0003 0030 000002d0
[   21639.180992] /dev/input/event1: 0003 003a 00000081
[   21639.180992] /dev/input/event1: 0003 0035 00007887
[   21639.180992] /dev/input/event1: 0003 0036 00000855
[   21639.180992] /dev/input/event1: 0000 0000 00000000
[   21639.288546] /dev/input/event1: 0003 003a 00000000
[   21639.288546] /dev/input/event1: 0003 0039 ffffffff
[   21639.288546] /dev/input/event1: 0000 0000 00000000
[   21641.333219] /dev/input/event1: 0003 0039 00000000
[   21641.333219] /dev/input/event1: 0003 0030 000002d1
[   21641.333219] /dev/input/event1: 0003 003a 00000081
[   21641.333219] /dev/input/event1: 0003 0035 00005554
[   21641.333219] /dev/input/event1: 0003 0036 000008bb
[   21641.333219] /dev/input/event1: 0000 0000 00000000
[   21641.406644] /dev/input/event1: 0003 003a 00000000
[   21641.406644] /dev/input/event1: 0003 0039 ffffffff
[   21641.406644] /dev/input/event1: 0000 0000 00000000
[   21645.033743] /dev/input/event1: 0003 0039 00000000
[   21645.033743] /dev/input/event1: 0003 0030 000002d2
[   21645.033743] /dev/input/event1: 0003 003a 00000081
[   21645.033743] /dev/input/event1: 0003 0035 00004b9c
[   21645.033743] /dev/input/event1: 0003 0036 00005ba9
[   21645.033743] /dev/input/event1: 0000 0000 00000000
[   21645.134236] /dev/input/event1: 0003 003a 00000000
[   21645.134236] /dev/input/event1: 0003 0039 ffffffff
[   21645.134236] /dev/input/event1: 0000 0000 00000000
[   21646.445849] /dev/input/event1: 0003 0039 00000000
[   21646.445849] /dev/input/event1: 0003 0030 000002d3
[   21646.445849] /dev/input/event1: 0003 003a 00000081
[   21646.445849] /dev/input/event1: 0003 0035 00001573
[   21646.445849] /dev/input/event1: 0003 0036 00002899
[   21646.445849] /dev/input/event1: 0000 0000 00000000
[   21646.575946] /dev/input/event1: 0003 003a 00000000
[   21646.575946] /dev/input/event1: 0003 0039 ffffffff
[   21646.575946] /dev/input/event1: 0000 0000 00000000
[   21648.267883] /dev/input/event1: 0003 0039 00000000
[   21648.267883] /dev/input/event1: 0003 0030 000002d4
[   21648.267883] /dev/input/event1: 0003 003a 00000081
[   21648.267883] /dev/input/event1: 0003 0035 00004d27
[   21648.267883] /dev/input/event1: 0003 0036 00005b76
[   21648.267883] /dev/input/event1: 0000 0000 00000000
[   21648.366422] /dev/input/event1: 0003 003a 00000000
[   21648.366422] /dev/input/event1: 0003 0039 ffffffff
[   21648.366422] /dev/input/event1: 0000 0000 00000000
[   21650.429514] /dev/input/event1: 0003 0039 00000000
[   21650.429514] /dev/input/event1: 0003 0030 000002d5
[   21650.429514] /dev/input/event1: 0003 003a 00000081
[   21650.429514] /dev/input/event1: 0003 0035 00000d46
[   21650.429514] /dev/input/event1: 0003 0036 00004065
[   21650.429514] /dev/input/event1: 0000 0000 00000000
[   21650.552036] /dev/input/event1: 0003 003a 00000000
[   21650.552036] /dev/input/event1: 0003 0039 ffffffff
[   21650.552036] /dev/input/event1: 0000 0000 00000000
[   21652.367722] /dev/input/event1: 0003 0039 00000000
[   21652.367722] /dev/input/event1: 0003 0030 000002d6
[   21652.367722] /dev/input/event1: 0003 003a 00000081
[   21652.367722] /dev/input/event1: 0003 0035 000005ec
[   21652.367722] /dev/input/event1: 0003 0036 00001a44
[   21652.367722] /dev/input/event1: 0000 0000 00000000
[   21652.468415] /dev/input/event1: 0003 003a 00000000
[   21652.468415] /dev/input/event1: 0003 0039 ffffffff
[   21652.468415] /dev/input/event1: 0000 0000 00000000
[   21654.701784] /dev/input/event1: 0003 0039 00000000
[   21654.701784] /dev/input/event1: 0003 0030 000002d7
[   21654.701784] /dev/input/event1: 0003 003a 00000081
[   21654.701784] /dev/input/event1: 0003 0035 0000103c
[   21654.701784] /dev/input/event1: 0003 0036 000035ee
[   21654.701784] /dev/input/event1: 0000 0000 00000000
[   21654.800615] /dev/input/event1: 0003 003a 00000000
[   21654.800615] /dev/input/event1: 0003 0039 ffffffff
[   21654.800615] /dev/input/event1: 0000 0000 00000000
[   21657.818270] /dev/input/event1: 0003 0039 00000000
[   21657.818270] /dev/input/event1: 0003 0030 000002d8
[   21657.818270] /dev/input/event1: 0003 003a 00000081
[   21657.818270] /dev/input/event1: 0003 0035 000006a3
[   21657.818270] /dev/input/event1: 0003 0036 00001355
[   21657.818270] /dev/input/event1: 0000 0000 00000000
[   21657.932333] /dev/input/event1: 0003 003a 00000000
[   21657.932333] /dev/input/event1: 0003 0039 ffffffff
[   21657.932333] /dev/input/event1: 0000 0000 00000000
[   21661.383527] /dev/input/event1: 0003 0039 00000000
[   21661.383527] /dev/input/event1: 0003 0030 000002d9
[   21661.383527] /dev/input/event1: 0003 003a 00000081
[   21661.383527] /dev/input/event1: 0003 0035 00003684
[   21661.383527] /dev/input/event1: 0003 0036 000051aa
[   21661.383527] /dev/input/event1: 0000 0000 00000000
[   21661.506148] /dev/input/event1: 0003 003a 00000000
[   21661.506148] /dev/input/event1: 0003 0039 ffffffff
[   21661.506148] /dev/input/event1: 0000 0000 00000000
[   21663.173581] /dev/input/event1: 0003 0039 00000000
[   21663.173581] /dev/input/event1: 0003 0030 000002da
[   21663.173581] /dev/input/event1: 0003 003a 00000081
[   21663.173581] /dev/input/event1: 0003 0035 00000648
[   21663.173581] /dev/input/event1: 0003 0036 00001388
[   21663.173581] /dev/input/event1: 0000 0000 00000000
[   21663.306479] /dev/input/event1: 0003 003a 00000000
[   21663.306479] /dev/input/event1: 0003 0039 ffffffff
[   21663.306479] /dev/input/event1: 0000 0000 00000000
[   21665.328200] /dev/input/event1: 0003 0039 00000000
[   21665.328200] /dev/input/event1: 0003 0030 000002db
[   21665.328200] /dev/input/event1: 0003 003a 00000081
[   21665.328200] /dev/input/event1: 0003 0035 00003203
[   21665.328200] /dev/input/event1: 0003 0036 00004dbb
[   21665.328200] /dev/input/event1: 0000 0000 00000000
[   21665.453810] /dev/input/event1: 0003 003a 00000000
[   21665.453810] /dev/input/event1: 0003 0039 ffffffff
[   21665.453810] /dev/input/event1: 0000 0000 00000000
[   21688.147863] /dev/input/event1: 0003 0039 00000000
[   21688.147863] /dev/input/event1: 0003 0030 000002dc
[   21688.147863] /dev/input/event1: 0003 003a 00000081
[   21688.147863] /dev/input/event1: 0003 0035 00007a6d
[   21688.147863] /dev/input/event1: 0003 0036 000009ff
[   21688.147863] /dev/input/event1: 0000 0000 00000000
[   21688.262387] /dev/input/event1: 0003 003a 00000000
[   21688.262387] /dev/input/event1: 0003 0039 ffffffff
[   21688.262387] /dev/input/event1: 0000 0000 00000000
[   21689.775882] /dev/input/event1: 0003 0039 00000000
[   21689.775882] /dev/input/event1: 0003 0030 000002dd
[   21689.775882] /dev/input/event1: 0003 003a 00000081
[   21689.775882] /dev/input/event1: 0003 0035 00005d63
[   21689.775882] /dev/input/event1: 0003 0036 00003a21
[   21689.775882] /dev/input/event1: 0000 0000 00000000
[   21689.884921] /dev/input/event1: 0003 003a 00000000
[   21689.884921] /dev/input/event1: 0003 0039 ffffffff
[   21689.884921] /dev/input/event1: 0000 0000 00000000
[   21691.126042] /dev/input/event1: 0003 0039 00000000
[   21691.126042] /dev/input/event1: 0003 0030 000002de
[   21691.126042] /dev/input/event1: 0003 003a 00000081
[   21691.126042] /dev/input/event1: 0003 0035 000077d1
[   21691.126042] /dev/input/event1: 0003 0036 00000a66
[   21691.126042] /dev/input/event1: 0000 0000 00000000
[   21691.224317] /dev/input/event1: 0003 003a 00000000
[   21691.224317] /dev/input/event1: 0003 0039 ffffffff
[   21691.224317] /dev/input/event1: 0000 0000 00000000
[   21692.783379] /dev/input/event1: 0003 0039 00000000
[   21692.783379] /dev/input/event1: 0003 0030 000002df
[   21692.783379] /dev/input/event1: 0003 003a 00000081
[   21692.783379] /dev/input/event1: 0003 0035 00005b9c
[   21692.783379] /dev/input/event1: 0003 0036 00003843
[   21692.783379] /dev/input/event1: 0000 0000 00000000
[   21692.922190] /dev/input/event1: 0003 003a 00000000
[   21692.922190] /dev/input/event1: 0003 0039 ffffffff
[   21692.922190] /dev/input/event1: 0000 0000 00000000
[   21693.89201