add device 1: /dev/input/event0
  name:     "Power Button"
add device 2: /dev/input/event1
  name:     "qwerty2"
[   11058.729956] /dev/input/event1: 0003 0039 00000000
[   11058.729956] /dev/input/event1: 0003 0030 0000052a
[   11058.729956] /dev/input/event1: 0003 003a 00000081
[   11058.729956] /dev/input/event1: 0003 0035 00003d27
[   11058.729956] /dev/input/event1: 0003 0036 00003e32
[   11058.729956] /dev/input/event1: 0000 0000 00000000
[   11058.923519] /dev/input/event1: 0003 003a 00000000
[   11058.923519] /dev/input/event1: 0003 0039 ffffffff
[   11058.923519] /dev/input/event1: 0000 0000 00000000
[   11061.028415] /dev/input/event1: 0003 0039 00000000
[   11061.028415] /dev/input/event1: 0003 0030 0000052b
[   11061.028415] /dev/input/event1: 0003 003a 00000081
[   11061.028415] /dev/input/event1: 0003 0035 00003d82
[   11061.028415] /dev/input/event1: 0003 0036 00004821
[   11061.028415] /dev/input/event1: 0000 0000 00000000
[   11061.211539] /dev/input/event1: 0003 003a 00000000
[   11061.211539] /dev/input/event1: 0003 0039 ffffffff
[   11061.211539] /dev/input/event1: 0000 0000 00000000
[   11062.484235] /dev/input/event1: 0003 0039 00000000
[   11062.484235] /dev/input/event1: 0003 0030 0000052c
[   11062.484235] /dev/input/event1: 0003 003a 00000081
[   11062.484235] /dev/input/event1: 0003 0035 00003dfb
[   11062.484235] /dev/input/event1: 0003 0036 00004fbb
[   11062.484235] /dev/input/event1: 0000 0000 00000000
[   11062.667720] /dev/input/event1: 0003 003a 00000000
[   11062.667720] /dev/input/event1: 0003 0039 ffffffff
[   11062.667720] /dev/input/event1: 0000 0000 00000000
[   11065.020969] /dev/input/event1: 0003 0039 00000000
[   11065.020969] /dev/input/event1: 0003 0030 0000052d
[   11065.020969] /dev/input/event1: 0003 003a 00000081
[   11065.020969] /dev/input/event1: 0003 0035 00005684
[   11065.020969] /dev/input/event1: 0003 0036 000058dd
[   11065.020969] /dev/input/event1: 0000 0000 00000000
[   11065.204088] /dev/input/event1: 0003 003a 00000000
[   11065.204088] /dev/input/event1: 0003 0039 ffffffff
[   11065.204088] /dev/input/event1: 0000 0000 00000000
[   11071.213862] /dev/input/event1: 0003 0039 00000000
[   11071.213862] /dev/input/event1: 0003 0030 0000052e
[   11071.213862] /dev/input/event1: 0003 003a 00000081
[   11071.213862] /dev/input/event1: 0003 0035 0000771b
[   11071.213862] /dev/input/event1: 0003 0036 000011cc
[   11071.213862] /dev/input/event1: 0000 0000 00000000
[   11071.405182] /dev/input/event1: 0003 003a 00000000
[   11071.405182] /dev/input/event1: 0003 0039 ffffffff
[   11071.405182] /dev/input/event1: 0000 0000 00000000
[   11074.422266] /dev/input/event1: 0003 0039 00000000
[   11074.422266] /dev/input/event1: 0003 0030 0000052f
[   11074.422266] /dev/input/event1: 0003 003a 00000081
[   11074.422266] /dev/input/event1: 0003 0035 00001e93
[   11074.422266] /dev/input/event1: 0003 0036 000020bb
[   11074.422266] /dev/input/event1: 0000 0000 00000000
[   11074.581380] /dev/input/event1: 0003 003a 00000000
[   11074.581380] /dev/input/event1: 0003 0039 ffffffff
[   11074.581380] /dev/input/event1: 0000 0000 00000000
[   11075.558318] /dev/input/event1: 0003 0039 00000000
[   11075.558318] /dev/input/event1: 0003 0030 00000530
[   11075.558318] /dev/input/event1: 0003 003a 00000081
[   11075.558318] /dev/input/event1: 0003 0035 00003536
[   11075.558318] /dev/input/event1: 0003 0036 00005b32
[   11075.558318] /dev/input/event1: 0000 0000 00000000
[   11075.637437] /dev/input/event1: 0003 003a 00000000
[   11075.637437] /dev/input/event1: 0003 0039 ffffffff
[   11075.637437] /dev/input/event1: 0000 0000 00000000
[   11076.638577] /dev/input/event1: 0003 0039 00000000
[   11076.638577] /dev/input/event1: 0003 0030 00000531
[   11076.638577] /dev/input/event1: 0003 003a 00000081
[   11076.638577] /dev/input/event1: 0003 0035 000031e5
[   11076.638577] /dev/input/event1: 0003 0036 00006dff
[   11076.638577] /dev/input/event1: 0000 0000 00000000
[   11076.725478] /dev/input/event1: 0003 003a 00000000
[   11076.725478] /dev/input/event1: 0003 0039 ffffffff
[   11076.725478] /dev/input/event1: 0000 0000 00000000
[   11077.029745] /dev/input/event1: 0003 0039 00000000
[   11077.029745] /dev/input/event1: 0003 0030 00000532
[   11077.029745] /dev/input/event1: 0003 003a 00000081
[   11077.029745] /dev/input/event1: 0000 0000 00000000
[   11077.149573] /dev/input/event1: 0003 003a 00000000
[   11077.149573] /dev/input/event1: 0003 0039 ffffffff
[   11077.149573] /dev/input/event1: 0000 0000 00000000
[   11077.381873] /dev/input/event1: 0003 0039 00000000
[   11077.381873] /dev/input/event1: 0003 0030 00000533
[   11077.381873] /dev/input/event1: 0003 003a 00000081
[   11077.381873] /dev/input/event1: 0000 0000 00000000
[   11077.501620] /dev/input/event1: 0003 003a 00000000
[   11077.501620] /dev/input/event1: 0003 0039 ffffffff
[   11077.501620] /dev/input/event1: 0000 0000 00000000
[   11078.037961] /dev/input/event1: 0003 0039 00000000
[   11078.037961] /dev/input/event1: 0003 0030 00000534
[   11078.037961] /dev/input/event1: 0003 003a 00000081
[   11078.037961] /dev/input/event1: 0000 0000 00000000
[   11078.133846] /dev/input/event1: 0003 003a 00000000
[   11078.133846] /dev/input/event1: 0003 0039 ffffffff
[   11078.133846] /dev/input/event1: 0000 0000 00000000
[   11078.421859] /dev/input/event1: 0003 0039 00000000
[   11078.421859] /dev/input/event1: 0003 0030 00000535
[   11078.421859] /dev/input/event1: 0003 003a 00000081
[   11078.421859] /dev/input/event1: 0000 0000 00000000
[   11078.541624] /dev/input/event1: 0003 003a 00000000
[   11078.541624] /dev/input/event1: 0003 0039 ffffffff
[   11078.541624] /dev/input/event1: 0000 0000 00000000
[   11078.814151] /dev/input/event1: 0003 0039 00000000
[   11078.814151] /dev/input/event1: 0003 0030 00000536
[   11078.814151] /dev/input/event1: 0003 003a 00000081
[   11078.814151] /dev/input/event1: 0000 0000 00000000
[   11078.917636] /dev/input/event1: 0003 003a 00000000
[   11078.917636] /dev/input/event1: 0003 0039 ffffffff
[   11078.917636] /dev/input/event1: 0000 0000 00000000
[   11079.918498] /dev/input/event1: 0003 0039 00000000
[   11079.918498] /dev/input/event1: 0003 0030 00000537
[   11079.918498] /dev/input/event1: 0003 003a 00000081
[   11079.918498] /dev/input/event1: 0000 0000 00000000
[   11080.030047] /dev/input/event1: 0003 003a 00000000
[   11080.030047] /dev/input/event1: 0003 0039 ffffffff
[   11080.030047] /dev/input/event1: 0000 0000 00000000
[   11080.374203] /dev/input/event1: 0003 0039 00000000
[   11080.374203] /dev/input/event1: 0003 0030 00000538
[   11080.374203] /dev/input/event1: 0003 003a 00000081
[   11080.374203] /dev/input/event1: 0000 0000 00000000
[   11080.486053] /dev/input/event1: 0003 003a 00000000
[   11080.486053] /dev/input/event1: 0003 0039 ffffffff
[   11080.486053] /dev/input/event1: 0000 0000 00000000
[   11080.902473] /dev/input/event1: 0003 0039 00000000
[   11080.902473] /dev/input/event1: 0003 0030 00000539
[   11080.902473] /dev/input/event1: 0003 003a 00000081
[   11080.902473] /dev/input/event1: 0000 0000 00000000
[   11081.022050] /dev/input/event1: 0003 003a 00000000
[   11081.022050] /dev/input/event1: 0003 0039 ffffffff
[   11081.022050] /dev/input/event1: 0000 0000 00000000
[   11084.671370] /dev/input/event1: 0003 0039 00000000
[   11084.671370] /dev/input/event1: 0003 0030 0000053a
[   11084.671370] /dev/input/event1: 0003 003a 00000081
[   11084.671370] /dev/input/event1: 0003 0035 00006536
[   11084.671370] /dev/input/event1: 0003 0036 00002010
[   11084.671370] /dev/input/event1: 0000 0000 00000000
[   11084.854577] /dev/input/event1: 0003 003a 00000000
[   11084.854577] /dev/input/event1: 0003 0039 ffffffff
[   11084.854577] /dev/input/event1: 0000 0000 00000000
[   11089.967670] /dev/input/event1: 0003 0039 00000000
[   11089.967670] /dev/input/event1: 0003 0030 0000053b
[   11089.967670] /dev/input/event1: 0003 003a 00000081
[   11089.967670] /dev/input/event1: 0003 0035 00007647
[   11089.967670] /dev/input/event1: 0003 0036 00000888
[   11089.967670] /dev/input/event1: 0000 0000 00000000
[   11090.183446] /dev/input/event1: 0003 003a 00000000
[   11090.183446] /dev/input/event1: 0003 0039 ffffffff
[   11090.183446] /dev/input/event1: 0000 0000 00000000