add device 1: /dev/input/event0
  name:     "Power Button"
add device 2: /dev/input/event1
  name:     "qwerty2"
[   11433.040484] /dev/input/event1: 0003 0039 00000000
[   11433.040484] /dev/input/event1: 0003 0030 000005aa
[   11433.040484] /dev/input/event1: 0003 003a 00000081
[   11433.040484] /dev/input/event1: 0003 0035 00003dfb
[   11433.040484] /dev/input/event1: 0003 0036 00003ecc
[   11433.040484] /dev/input/event1: 0000 0000 00000000
[   11433.193245] /dev/input/event1: 0003 003a 00000000
[   11433.193245] /dev/input/event1: 0003 0039 ffffffff
[   11433.193245] /dev/input/event1: 0000 0000 00000000
[   11434.649881] /dev/input/event1: 0003 0039 00000000
[   11434.649881] /dev/input/event1: 0003 0030 000005ab
[   11434.649881] /dev/input/event1: 0003 003a 00000081
[   11434.649881] /dev/input/event1: 0003 0035 00003e56
[   11434.649881] /dev/input/event1: 0003 0036 000047ee
[   11434.649881] /dev/input/event1: 0000 0000 00000000
[   11434.745630] /dev/input/event1: 0003 003a 00000000
[   11434.745630] /dev/input/event1: 0003 0039 ffffffff
[   11434.745630] /dev/input/event1: 0000 0000 00000000
[   11437.474596] /dev/input/event1: 0003 0039 00000000
[   11437.474596] /dev/input/event1: 0003 0030 000005ac
[   11437.474596] /dev/input/event1: 0003 003a 00000081
[   11437.474596] /dev/input/event1: 0003 0035 00003dbf
[   11437.474596] /dev/input/event1: 0003 0036 000050ee
[   11437.474596] /dev/input/event1: 0000 0000 00000000
[   11437.665861] /dev/input/event1: 0003 003a 00000000
[   11437.665861] /dev/input/event1: 0003 0039 ffffffff
[   11437.665861] /dev/input/event1: 0000 0000 00000000
[   11440.242944] /dev/input/event1: 0003 0039 00000000
[   11440.242944] /dev/input/event1: 0003 0030 000005ad
[   11440.242944] /dev/input/event1: 0003 003a 00000081
[   11440.242944] /dev/input/event1: 0003 0035 00005536
[   11440.242944] /dev/input/event1: 0003 0036 000058ff
[   11440.242944] /dev/input/event1: 0000 0000 00000000
[   11440.418147] /dev/input/event1: 0003 003a 00000000
[   11440.418147] /dev/input/event1: 0003 0039 ffffffff
[   11440.418147] /dev/input/event1: 0000 0000 00000000
[   11444.171236] /dev/input/event1: 0003 0039 00000000
[   11444.171236] /dev/input/event1: 0003 0030 000005ae
[   11444.171236] /dev/input/event1: 0003 003a 00000081
[   11444.171236] /dev/input/event1: 0003 0035 000076de
[   11444.171236] /dev/input/event1: 0003 0036 00000833
[   11444.171236] /dev/input/event1: 0000 0000 00000000
[   11444.291032] /dev/input/event1: 0003 003a 00000000
[   11444.291032] /dev/input/event1: 0003 0039 ffffffff
[   11444.291032] /dev/input/event1: 0000 0000 00000000
[   11446.883531] /dev/input/event1: 0003 0039 00000000
[   11446.883531] /dev/input/event1: 0003 0030 000005af
[   11446.883531] /dev/input/event1: 0003 003a 00000081
[   11446.883531] /dev/input/event1: 0003 0035 00005e56
[   11446.883531] /dev/input/event1: 0003 0036 00001066
[   11446.883531] /dev/input/event1: 0000 0000 00000000
[   11447.058900] /dev/input/event1: 0003 003a 00000000
[   11447.058900] /dev/input/event1: 0003 0039 ffffffff
[   11447.058900] /dev/input/event1: 0000 0000 00000000
[   11451.380709] /dev/input/event1: 0003 0039 00000000
[   11451.380709] /dev/input/event1: 0003 0030 000005b0
[   11451.380709] /dev/input/event1: 0003 003a 00000081
[   11451.380709] /dev/input/event1: 0003 0035 00001999
[   11451.380709] /dev/input/event1: 0003 0036 00003eee
[   11451.380709] /dev/input/event1: 0000 0000 00000000
[   11451.571439] /dev/input/event1: 0003 003a 00000000
[   11451.571439] /dev/input/event1: 0003 0039 ffffffff
[   11451.571439] /dev/input/event1: 0000 0000 00000000
[   11456.597086] /dev/input/event1: 0003 0039 00000000
[   11456.597086] /dev/input/event1: 0003 0030 000005b1
[   11456.597086] /dev/input/event1: 0003 003a 00000081
[   11456.597086] /dev/input/event1: 0003 0035 00005901
[   11456.597086] /dev/input/event1: 0003 0036 00005a98
[   11456.597086] /dev/input/event1: 0000 0000 00000000
[   11456.788109] /dev/input/event1: 0003 003a 00000000
[   11456.788109] /dev/input/event1: 0003 0039 ffffffff
[   11456.788109] /dev/input/event1: 0000 0000 00000000
[   47833.698827] /dev/input/event1: 0003 0039 00000000
[   47833.698827] /dev/input/event1: 0003 0030 0000028c
[   47833.698827] /dev/input/event1: 0003 003a 00000081
[   47833.698827] /dev/input/event1: 0003 0035 000034f9
[   47833.698827] /dev/input/event1: 0003 0036 00004baa
[   47833.698827] /dev/input/event1: 0000 0000 00000000
[   47833.809963] /dev/input/event1: 0003 003a 00000000
[   47833.809963] /dev/input/event1: 0003 0039 ffffffff
[   47833.809963] /dev/input/event1: 0000 0000 00000000