add device 1: /dev/input/event0
  name:     "Power Button"
add device 2: /dev/input/event1
  name:     "qwerty2"
[   11371.183264] /dev/input/event1: 0003 0039 00000000
[   11371.183264] /dev/input/event1: 0003 0030 00000599
[   11371.183264] /dev/input/event1: 0003 003a 00000081
[   11371.183264] /dev/input/event1: 0003 0035 00003d27
[   11371.183264] /dev/input/event1: 0003 0036 00003e54
[   11371.183264] /dev/input/event1: 0000 0000 00000000
[   11371.329707] /dev/input/event1: 0003 003a 00000000
[   11371.329707] /dev/input/event1: 0003 0039 ffffffff
[   11371.329707] /dev/input/event1: 0000 0000 00000000
[   11372.746564] /dev/input/event1: 0003 0039 00000000
[   11372.746564] /dev/input/event1: 0003 0030 0000059a
[   11372.746564] /dev/input/event1: 0003 003a 00000081
[   11372.746564] /dev/input/event1: 0003 0035 00003d82
[   11372.746564] /dev/input/event1: 0003 0036 00004776
[   11372.746564] /dev/input/event1: 0000 0000 00000000
[   11372.809727] /dev/input/event1: 0003 003a 00000000
[   11372.809727] /dev/input/event1: 0003 0039 ffffffff
[   11372.809727] /dev/input/event1: 0000 0000 00000000
[   11374.602702] /dev/input/event1: 0003 0039 00000000
[   11374.602702] /dev/input/event1: 0003 0030 0000059b
[   11374.602702] /dev/input/event1: 0003 003a 00000081
[   11374.602702] /dev/input/event1: 0003 0035 00003cad
[   11374.602702] /dev/input/event1: 0003 0036 00004fdd
[   11374.602702] /dev/input/event1: 0000 0000 00000000
[   11374.730172] /dev/input/event1: 0003 003a 00000000
[   11374.730172] /dev/input/event1: 0003 0039 ffffffff
[   11374.730172] /dev/input/event1: 0000 0000 00000000
[   11377.611413] /dev/input/event1: 0003 0039 00000000
[   11377.611413] /dev/input/event1: 0003 0030 0000059c
[   11377.611413] /dev/input/event1: 0003 003a 00000081
[   11377.611413] /dev/input/event1: 0003 0035 000055af
[   11377.611413] /dev/input/event1: 0003 0036 000058bb
[   11377.611413] /dev/input/event1: 0000 0000 00000000
[   11377.778658] /dev/input/event1: 0003 003a 00000000
[   11377.778658] /dev/input/event1: 0003 0039 ffffffff
[   11377.778658] /dev/input/event1: 0000 0000 00000000
[   11381.420769] /dev/input/event1: 0003 0039 00000000
[   11381.420769] /dev/input/event1: 0003 0030 0000059d
[   11381.420769] /dev/input/event1: 0003 003a 00000081
[   11381.420769] /dev/input/event1: 0003 0035 000077ef
[   11381.420769] /dev/input/event1: 0003 0036 000006ee
[   11381.420769] /dev/input/event1: 0000 0000 00000000
[   11381.442582] /dev/input/event1: 0003 0035 0000782c
[   11381.442582] /dev/input/event1: 0000 0000 00000000
[   11381.587130] /dev/input/event1: 0003 003a 00000000
[   11381.587130] /dev/input/event1: 0003 0039 ffffffff
[   11381.587130] /dev/input/event1: 0000 0000 00000000
[   11384.340145] /dev/input/event1: 0003 0039 00000000
[   11384.340145] /dev/input/event1: 0003 0030 0000059e
[   11384.340145] /dev/input/event1: 0003 003a 00000081
[   11384.340145] /dev/input/event1: 0003 0035 00005c52
[   11384.340145] /dev/input/event1: 0003 0036 000018cc
[   11384.340145] /dev/input/event1: 0000 0000 00000000
[   11384.547306] /dev/input/event1: 0003 003a 00000000
[   11384.547306] /dev/input/event1: 0003 0039 ffffffff
[   11384.547306] /dev/input/event1: 0000 0000 00000000
[   11387.988686] /dev/input/event1: 0003 0039 00000000
[   11387.988686] /dev/input/event1: 0003 0030 0000059f
[   11387.988686] /dev/input/event1: 0003 003a 00000081
[   11387.988686] /dev/input/event1: 0003 0035 000041e4
[   11387.988686] /dev/input/event1: 0003 0036 00000fcc
[   11387.988686] /dev/input/event1: 0000 0000 00000000
[   11388.195872] /dev/input/event1: 0003 003a 00000000
[   11388.195872] /dev/input/event1: 0003 0039 ffffffff
[   11388.195872] /dev/input/event1: 0000 0000 00000000
[   11396.005579] /dev/input/event1: 0003 0039 00000000
[   11396.005579] /dev/input/event1: 0003 0030 000005a0
[   11396.005579] /dev/input/event1: 0003 003a 00000081
[   11396.005579] /dev/input/event1: 0003 0035 0000349e
[   11396.005579] /dev/input/event1: 0003 0036 00003f43
[   11396.005579] /dev/input/event1: 0000 0000 00000000
[   11396.005579] /dev/input/event1: 0003 003a 00000000
[   11388.195872] /dev/input/event1: 0003 0039 ffffffff
[   11388.195872] /dev/input/event1: 0000 0000 00000000