add device 1: /dev/input/event0
  name:     "Power Button"
add device 2: /dev/input/event1
  name:     "qwerty2"
[   11281.429436] /dev/input/event1: 0003 0039 00000000
[   11281.429436] /dev/input/event1: 0003 0030 00000588
[   11281.429436] /dev/input/event1: 0003 003a 00000081
[   11281.429436] /dev/input/event1: 0003 0035 00003b7e
[   11281.429436] /dev/input/event1: 0003 0036 00003e54
[   11281.429436] /dev/input/event1: 0000 0000 00000000
[   11281.622583] /dev/input/event1: 0003 003a 00000000
[   11281.622583] /dev/input/event1: 0003 0039 ffffffff
[   11281.622583] /dev/input/event1: 0000 0000 00000000
[   11283.103456] /dev/input/event1: 0003 0039 00000000
[   11283.103456] /dev/input/event1: 0003 0030 00000589
[   11283.103456] /dev/input/event1: 0003 003a 00000081
[   11283.103456] /dev/input/event1: 0003 0035 00003bd9
[   11283.103456] /dev/input/event1: 0003 0036 000047aa
[   11283.103456] /dev/input/event1: 0000 0000 00000000
[   11283.246817] /dev/input/event1: 0003 003a 00000000
[   11283.246817] /dev/input/event1: 0003 0039 ffffffff
[   11283.246817] /dev/input/event1: 0000 0000 00000000
[   11284.743682] /dev/input/event1: 0003 0039 00000000
[   11284.743682] /dev/input/event1: 0003 0030 0000058a
[   11284.743682] /dev/input/event1: 0003 003a 00000081
[   11284.743682] /dev/input/event1: 0003 0035 00003b7e
[   11284.743682] /dev/input/event1: 0003 0036 00004fbb
[   11284.743682] /dev/input/event1: 0000 0000 00000000
[   11284.895010] /dev/input/event1: 0003 003a 00000000
[   11284.895010] /dev/input/event1: 0003 0039 ffffffff
[   11284.895010] /dev/input/event1: 0000 0000 00000000
[   11288.040475] /dev/input/event1: 0003 0039 00000000
[   11288.040475] /dev/input/event1: 0003 0030 0000058b
[   11288.040475] /dev/input/event1: 0003 003a 00000081
[   11288.040475] /dev/input/event1: 0003 0035 00005647
[   11288.040475] /dev/input/event1: 0003 0036 00005887
[   11288.040475] /dev/input/event1: 0000 0000 00000000
[   11288.255676] /dev/input/event1: 0003 003a 00000000
[   11288.255676] /dev/input/event1: 0003 0039 ffffffff
[   11288.255676] /dev/input/event1: 0000 0000 00000000
[   11291.240459] /dev/input/event1: 0003 0039 00000000
[   11291.240459] /dev/input/event1: 0003 0030 0000058c
[   11291.240459] /dev/input/event1: 0003 003a 00000081
[   11291.240459] /dev/input/event1: 0003 0035 00007647
[   11291.240459] /dev/input/event1: 0003 0036 00000744
[   11291.240459] /dev/input/event1: 0000 0000 00000000
[   11291.359775] /dev/input/event1: 0003 003a 00000000
[   11291.359775] /dev/input/event1: 0003 0039 ffffffff
[   11291.359775] /dev/input/event1: 0000 0000 00000000
[   11294.377173] /dev/input/event1: 0003 0039 00000000
[   11294.377173] /dev/input/event1: 0003 0030 0000058d
[   11294.377173] /dev/input/event1: 0003 003a 00000081
[   11294.377173] /dev/input/event1: 0003 0035 00005c16
[   11294.377173] /dev/input/event1: 0003 0036 000018aa
[   11294.377173] /dev/input/event1: 0000 0000 00000000
[   11294.600277] /dev/input/event1: 0003 003a 00000000
[   11294.600277] /dev/input/event1: 0003 0039 ffffffff
[   11294.600277] /dev/input/event1: 0000 0000 00000000
[   11299.874001] /dev/input/event1: 0003 0039 00000000
[   11299.874001] /dev/input/event1: 0003 0030 0000058e
[   11299.874001] /dev/input/event1: 0003 003a 00000081
[   11299.874001] /dev/input/event1: 0003 0035 0000414d
[   11299.874001] /dev/input/event1: 0000 0000 00000000
[   11300.080840] /dev/input/event1: 0003 003a 00000000
[   11300.080840] /dev/input/event1: 0003 0039 ffffffff
[   11300.080840] /dev/input/event1: 0000 0000 00000000
[   47116.379242] /dev/input/event1: 0003 0039 00000000
[   47116.379242] /dev/input/event1: 0003 0030 0000027b
[   47116.379242] /dev/input/event1: 0003 003a 00000081
[   47116.379242] /dev/input/event1: 0003 0035 0000238d
[   47116.379242] /dev/input/event1: 0003 0036 00001366
[   47116.379242] /dev/input/event1: 0000 0000 00000000
[   47116.491692] /dev/input/event1: 0003 003a 00000000
[   47116.491692] /dev/input/event1: 0003 0039 ffffffff
[   47116.491692] /dev/input/event1: 0000 0000 00000000
[   47121.183206] /dev/input/event1: 0003 0039 00000000
[   47121.183206] /dev/input/event1: 0003 0030 0000027c
[   47121.183206] /dev/input/event1: 0003 003a 00000081
[   47121.183206] /dev/input/event1: 0003 0035 00006480
[   47121.183206] /dev/input/event1: 0003 0036 00003c43
[   47121.183206] /dev/input/event1: 0000 0000 00000000
[   47121.261359] /dev/input/event1: 0003 003a 00000000
[   47121.261359] /dev/input/event1: 0003 0039 ffffffff
[   47121.261359] /dev/input/event1: 0000 0000 00000000