add device 1: /dev/input/event0
  name:     "Power Button"
add device 2: /dev/input/event1
  name:     "qwerty2"
[   11152.373730] /dev/input/event1: 0003 0039 00000000
[   11152.373730] /dev/input/event1: 0003 0030 00000545
[   11152.373730] /dev/input/event1: 0003 003a 00000081
[   11152.373730] /dev/input/event1: 0003 0035 00003cad
[   11152.373730] /dev/input/event1: 0003 0036 00003e32
[   11152.373730] /dev/input/event1: 0000 0000 00000000
[   11152.566792] /dev/input/event1: 0003 003a 00000000
[   11152.566792] /dev/input/event1: 0003 0039 ffffffff
[   11152.566792] /dev/input/event1: 0000 0000 00000000
[   11153.743530] /dev/input/event1: 0003 0039 00000000
[   11153.743530] /dev/input/event1: 0003 0030 00000546
[   11153.743530] /dev/input/event1: 0003 003a 00000081
[   11153.743530] /dev/input/event1: 0003 0035 00003dfb
[   11153.743530] /dev/input/event1: 0003 0036 00004776
[   11153.743530] /dev/input/event1: 0000 0000 00000000
[   11153.926787] /dev/input/event1: 0003 003a 00000000
[   11153.926787] /dev/input/event1: 0003 0039 ffffffff
[   11153.926787] /dev/input/event1: 0000 0000 00000000
[   11155.456114] /dev/input/event1: 0003 0039 00000000
[   11155.456114] /dev/input/event1: 0003 0030 00000547
[   11155.456114] /dev/input/event1: 0003 003a 00000081
[   11155.456114] /dev/input/event1: 0003 0035 00003e56
[   11155.456114] /dev/input/event1: 0003 0036 00004fbb
[   11155.456114] /dev/input/event1: 0000 0000 00000000
[   11155.663310] /dev/input/event1: 0003 003a 00000000
[   11155.663310] /dev/input/event1: 0003 0039 ffffffff
[   11155.663310] /dev/input/event1: 0000 0000 00000000
[   11158.391942] /dev/input/event1: 0003 0039 00000000
[   11158.391942] /dev/input/event1: 0003 0030 00000548
[   11158.391942] /dev/input/event1: 0003 003a 00000081
[   11158.391942] /dev/input/event1: 0003 0035 00005573
[   11158.391942] /dev/input/event1: 0003 0036 00005932
[   11158.391942] /dev/input/event1: 0000 0000 00000000
[   11158.631681] /dev/input/event1: 0003 003a 00000000
[   11158.631681] /dev/input/event1: 0003 0039 ffffffff
[   11158.631681] /dev/input/event1: 0000 0000 00000000
[   11163.720881] /dev/input/event1: 0003 0039 00000000
[   11163.720881] /dev/input/event1: 0003 0030 00000549
[   11163.720881] /dev/input/event1: 0003 003a 00000081
[   11163.720881] /dev/input/event1: 0003 0035 0000771b
[   11163.720881] /dev/input/event1: 0003 0036 00003eee
[   11163.720881] /dev/input/event1: 0000 0000 00000000
[   11163.912425] /dev/input/event1: 0003 003a 00000000
[   11163.912425] /dev/input/event1: 0003 0039 ffffffff
[   11163.912425] /dev/input/event1: 0000 0000 00000000
[   11167.097481] /dev/input/event1: 0003 0039 00000000
[   11167.097481] /dev/input/event1: 0003 0030 0000054a
[   11167.097481] /dev/input/event1: 0003 003a 00000081
[   11167.097481] /dev/input/event1: 0003 0035 00000759
[   11167.097481] /dev/input/event1: 0003 0036 000064ff
[   11167.097481] /dev/input/event1: 0000 0000 00000000
[   11167.200483] /dev/input/event1: 0003 003a 00000000
[   11167.200483] /dev/input/event1: 0003 0039 ffffffff
[   11167.200483] /dev/input/event1: 0000 0000 00000000
[   11168.017493] /dev/input/event1: 0003 0039 00000000
[   11168.017493] /dev/input/event1: 0003 0030 0000054b
[   11168.017493] /dev/input/event1: 0003 003a 00000081
[   11168.017493] /dev/input/event1: 0003 0035 00001a6d
[   11168.017493] /dev/input/event1: 0003 0036 00005abb
[   11168.017493] /dev/input/event1: 0000 0000 00000000
[   11168.080705] /dev/input/event1: 0003 003a 00000000
[   11168.080705] /dev/input/event1: 0003 0039 ffffffff
[   11168.080705] /dev/input/event1: 0000 0000 00000000
[   11169.306016] /dev/input/event1: 0003 0039 00000000
[   11169.306016] /dev/input/event1: 0003 0030 0000054c
[   11169.306016] /dev/input/event1: 0003 003a 00000081
[   11169.306016] /dev/input/event1: 0003 0035 00006461
[   11169.306016] /dev/input/event1: 0003 0036 00006521
[   11169.306016] /dev/input/event1: 0000 0000 00000000
[   11169.392679] /dev/input/event1: 0003 0036 00006543
[   11169.392679] /dev/input/event1: 0000 0000 00000000
[   11169.392984] /dev/input/event1: 0003 003a 00000000
[   11169.392984] /dev/input/event1: 0003 0039 ffffffff
[   11169.392984] /dev/input/event1: 0000 0000 00000000
[   11170.233864] /dev/input/event1: 0003 0039 00000000
[   11170.233864] /dev/input/event1: 0003 0030 0000054d
[   11170.233864] /dev/input/event1: 0003 003a 00000081
[   11170.233864] /dev/input/event1: 0003 0035 00000cae
[   11170.233864] /dev/input/event1: 0003 0036 000059ee
[   11170.233864] /dev/input/event1: 0000 0000 00000000
[   11170.296924] /dev/input/event1: 0003 003a 00000000
[   11170.296924] /dev/input/event1: 0003 0039 ffffffff
[   11170.296924] /dev/input/event1: 0000 0000 00000000
[   11171.314291] /dev/input/event1: 0003 0039 00000000
[   11171.314291] /dev/input/event1: 0003 0030 0000054e
[   11171.314291] /dev/input/event1: 0003 003a 00000081
[   11171.314291] /dev/input/event1: 0003 0035 00007110
[   11171.314291] /dev/input/event1: 0003 0036 00005add
[   11171.314291] /dev/input/event1: 0000 0000 00000000
[   11171.417106] /dev/input/event1: 0003 003a 00000000
[   11171.417106] /dev/input/event1: 0003 0039 ffffffff
[   11171.417106] /dev/input/event1: 0000 0000 00000000
[   11171.713387] /dev/input/event1: 0003 0039 00000000
[   11171.713387] /dev/input/event1: 0003 0030 0000054f
[   11171.713387] /dev/input/event1: 0003 003a 00000081
[   11171.713387] /dev/input/event1: 0000 0000 00000000
[   11171.817160] /dev/input/event1: 0003 003a 00000000
[   11171.817160] /dev/input/event1: 0003 0039 ffffffff
[   11171.817160] /dev/input/event1: 0000 0000 00000000
[   11173.210418] /dev/input/event1: 0003 0039 00000000
[   11173.210418] /dev/input/event1: 0003 0030 00000550
[   11173.210418] /dev/input/event1: 0003 003a 00000081
[   11173.210418] /dev/input/event1: 0003 0035 00004a6d
[   11173.210418] /dev/input/event1: 0003 0036 00006f87
[   11173.210418] /dev/input/event1: 0000 0000 00000000
[   11173.321294] /dev/input/event1: 0003 003a 00000000
[   11173.321294] /dev/input/event1: 0003 0039 ffffffff
[   11173.321294] /dev/input/event1: 0000 0000 00000000
[   11174.474377] /dev/input/event1: 0003 0039 00000000
[   11174.474377] /dev/input/event1: 0003 0030 00000551
[   11174.474377] /dev/input/event1: 0003 003a 00000081
[   11174.474377] /dev/input/event1: 0003 0035 000057f0
[   11174.474377] /dev/input/event1: 0003 0036 000065ba
[   11174.474377] /dev/input/event1: 0000 0000 00000000
[   11174.593456] /dev/input/event1: 0003 003a 00000000
[   11174.593456] /dev/input/event1: 0003 0039 ffffffff
[   11174.593456] /dev/input/event1: 0000 0000 00000000
[   11175.626380] /dev/input/event1: 0003 0039 00000000
[   11175.626380] /dev/input/event1: 0003 0030 00000552
[   11175.626380] /dev/input/event1: 0003 003a 00000081
[   11175.626380] /dev/input/event1: 0003 0036 00005abb
[   11175.626380] /dev/input/event1: 0000 0000 00000000
[   11175.697954] /dev/input/event1: 0003 003a 00000000
[   11175.697954] /dev/input/event1: 0003 0039 ffffffff
[   11175.697954] /dev/input/event1: 0000 0000 00000000
[   11177.802674] /dev/input/event1: 0003 0039 00000000
[   11177.802674] /dev/input/event1: 0003 0030 00000553
[   11177.802674] /dev/input/event1: 0003 003a 00000081
[   11177.802674] /dev/input/event1: 0003 0035 00003fff
[   11177.802674] /dev/input/event1: 0003 0036 00007043
[   11177.802674] /dev/input/event1: 0000 0000 00000000
[   11177.953932] /dev/input/event1: 0003 003a 00000000
[   11177.953932] /dev/input/event1: 0003 0039 ffffffff
[   11177.953932] /dev/input/event1: 0000 0000 00000000
[   11178.947240] /dev/input/event1: 0003 0039 00000000
[   11178.947240] /dev/input/event1: 0003 0030 00000554
[   11178.947240] /dev/input/event1: 0003 003a 00000081
[   11178.947240] /dev/input/event1: 0003 0035 00006b7e
[   11178.947240] /dev/input/event1: 0003 0036 00005143
[   11178.947240] /dev/input/event1: 0000 0000 00000000
[   11179.042156] /dev/input/event1: 0003 003a 00000000
[   11179.042156] /dev/input/event1: 0003 0039 ffffffff
[   11179.042156] /dev/input/event1: 0000 0000 00000000
[   11180.186773] /dev/input/event1: 0003 0039 00000000
[   11180.186773] /dev/input/event1: 0003 0030 00000555
[   11180.186773] /dev/input/event1: 0003 003a 00000081
[   11180.186773] /dev/input/event1: 0003 0035 0000338d
[   11180.186773] /dev/input/event1: 0003 0036 00005bcc
[   11180.186773] /dev/input/event1: 0000 0000 00000000
[   11180.306116] /dev/input/event1: 0003 003a 00000000
[   11180.306116] /dev/input/event1: 0003 0039 ffffffff
[   11180.306116] /dev/input/event1: 0000 0000 00000000
[   11180.875177] /dev/input/event1: 0003 0039 00000000
[   11180.875177] /dev/input/event1: 0003 0030 00000556
[   11180.875177] /dev/input/event1: 0003 003a 00000081
[   11180.875177] /dev/input/event1: 0003 0035 00003332
[   11180.875177] /dev/input/event1: 0003 0036 00005b32
[   11180.875177] /dev/input/event1: 0000 0000 00000000
[   11180.986304] /dev/input/event1: 0003 003a 00000000
[   11180.986304] /dev/input/event1: 0003 0039 ffffffff
[   11180.986304] /dev/input/event1: 0000 0000 00000000
[   11182.059282] /dev/input/event1: 0003 0039 00000000
[   11182.059282] /dev/input/event1: 0003 0030 00000557
[   11182.059282] /dev/input/event1: 0003 003a 00000081
[   11182.059282] /dev/input/event1: 0003 0035 00005fa4
[   11182.059282] /dev/input/event1: 0003 0036 00004e21
[   11182.059282] /dev/input/event1: 0000 0000 00000000
[   11182.162399] /dev/input/event1: 0003 003a 00000000
[   11182.162399] /dev/input/event1: 0003 0039 ffffffff
[   11182.162399] /dev/input/event1: 0000 0000 00000000
[   11183.539578] /dev/input/event1: 0003 0039 00000000
[   11183.539578] /dev/input/event1: 0003 0030 00000558
[   11183.539578] /dev/input/event1: 0003 003a 00000081
[   11183.539578] /dev/input/event1: 0003 0035 0000325e
[   11183.539578] /dev/input/event1: 0003 0036 00006598
[   11183.539578] /dev/input/event1: 0000 0000 00000000
[   11183.610512] /dev/input/event1: 0003 003a 00000000
[   11183.610512] /dev/input/event1: 0003 0039 ffffffff
[   11183.610512] /dev/input/event1: 0000 0000 00000000
[   11185.364024] /dev/input/event1: 0003 0039 00000000
[   11185.364024] /dev/input/event1: 0003 0030 00000559
[   11185.364024] /dev/input/event1: 0003 003a 00000081
[   11185.364024] /dev/input/event1: 0003 0035 0000203c
[   11185.364024] /dev/input/event1: 0003 0036 00004f87
[   11185.364024] /dev/input/event1: 0000 0000 00000000
[   11185.498986] /dev/input/event1: 0003 003a 00000000
[   11185.498986] /dev/input/event1: 0003 0039 ffffffff
[   11185.498986] /dev/input/event1: 0000 0000 00000000
[   11187.243942] /dev/input/event1: 0003 0039 00000000
[   11187.243942] /dev/input/event1: 0003 0030 0000055a
[   11187.243942] /dev/input/event1: 0003 003a 00000081
[   11187.243942] /dev/input/event1: 0003 0035 00003f2b
[   11187.243942] /dev/input/event1: 0003 0036 00006fff
[   11187.243942] /dev/input/event1: 0000 0000 00000000
[   11187.355064] /dev/input/event1: 0003 003a 00000000
[   11187.355064] /dev/input/event1: 0003 0039 ffffffff
[   11187.355064] /dev/input/event1: 0000 0000 00000000
[   11188.348389] /dev/input/event1: 0003 0039 00000000
[   11188.348389] /dev/input/event1: 0003 0030 0000055b
[   11188.348389] /dev/input/event1: 0003 003a 00000081
[   11188.348389] /dev/input/event1: 0003 0035 00004b05
[   11188.348389] /dev/input/event1: 0003 0036 00006687
[   11188.348389] /dev/input/event1: 0000 0000 00000000
[   11188.459179] /dev/input/event1: 0003 003a 00000000
[   11188.459179] /dev/input/event1: 0003 0039 ffffffff
[   11188.459179] /dev/input/event1: 0000 0000 00000000
[   11189.148471] /dev/input/event1: 0003 0039 00000000
[   11189.148471] /dev/input/event1: 0003 0030 0000055c
[   11189.148471] /dev/input/event1: 0003 003a 00000081
[   11189.148471] /dev/input/event1: 0003 0035 000052f5
[   11189.148471] /dev/input/event1: 0003 0036 00004f65
[   11189.148471] /dev/input/event1: 0000 0000 00000000
[   11189.219237] /dev/input/event1: 0003 003a 00000000
[   11189.219237] /dev/input/event1: 0003 0039 ffffffff
[   11189.219237] /dev/input/event1: 0000 0000 00000000
[   11189.980070] /dev/input/event1: 0003 0039 00000000
[   11189.980070] /dev/input/event1: 0003 0030 0000055d
[   11189.980070] /dev/input/event1: 0003 003a 00000081
[   11189.980070] /dev/input/event1: 0003 0035 00005fff
[   11189.980070] /dev/input/event1: 0003 0036 00005076
[   11189.980070] /dev/input/event1: 0000 0000 00000000
[   11190.099421] /dev/input/event1: 0003 003a 00000000
[   11190.099421] /dev/input/event1: 0003 0039 ffffffff
[   11190.099421] /dev/input/event1: 0000 0000 00000000
[   11191.404853] /dev/input/event1: 0003 0039 00000000
[   11191.404853] /dev/input/event1: 0003 0030 0000055e
[   11191.404853] /dev/input/event1: 0003 003a 00000081
[   11191.404853] /dev/input/event1: 0003 0035 00007332
[   11191.404853] /dev/input/event1: 0003 0036 00005b87
[   11191.404853] /dev/input/event1: 0000 0000 00000000
[   11191.523731] /dev/input/event1: 0003 003a 00000000
[   11191.523731] /dev/input/event1: 0003 0039 ffffffff
[   11191.523731] /dev/input/event1: 0000 0000 00000000
[   11192.644511] /dev/input/event1: 0003 0039 00000000
[   11192.644511] /dev/input/event1: 0003 0030 0000055f
[   11192.644511] /dev/input/event1: 0003 003a 00000081
[   11192.644511] /dev/input/event1: 0003 0035 00002684
[   11192.644511] /dev/input/event1: 0003 0036 00005c21
[   11192.644511] /dev/input/event1: 0000 0000 00000000
[   11192.755891] /dev/input/event1: 0003 003a 00000000
[   11192.755891] /dev/input/event1: 0003 0039 ffffffff
[   11192.755891] /dev/input/event1: 0000 0000 00000000
[   11194.156592] /dev/input/event1: 0003 0039 00000000
[   11194.156592] /dev/input/event1: 0003 0030 00000560
[   11194.156592] /dev/input/event1: 0003 003a 00000081
[   11194.156592] /dev/input/event1: 0003 0035 00005f2a
[   11194.156592] /dev/input/event1: 0003 0036 00004f43
[   11194.156592] /dev/input/event1: 0000 0000 00000000
[   11194.299942] /dev/input/event1: 0003 003a 00000000
[   11194.299942] /dev/input/event1: 0003 0039 ffffffff
[   11194.299942] /dev/input/event1: 0000 0000 00000000
[   11195.484964] /dev/input/event1: 0003 0039 00000000
[   11195.484964] /dev/input/event1: 0003 0030 00000561
[   11195.484964] /dev/input/event1: 0003 003a 00000081
[   11195.484964] /dev/input/event1: 0003 0035 000059d5
[   11195.484964] /dev/input/event1: 0003 0036 00006598
[   11195.484964] /dev/input/event1: 0000 0000 00000000
[   11195.627964] /dev/input/event1: 0003 003a 00000000
[   11195.627964] /dev/input/event1: 0003 0039 ffffffff
[   11195.627964] /dev/input/event1: 0000 0000 00000000
[   11197.333561] /dev/input/event1: 0003 0039 00000000
[   11197.333561] /dev/input/event1: 0003 0030 00000562
[   11197.333561] /dev/input/event1: 0003 003a 00000081
[   11197.333561] /dev/input/event1: 0003 0035 00003fff
[   11197.333561] /dev/input/event1: 0003 0036 00005c98
[   11197.333561] /dev/input/event1: 0000 0000 00000000
[   11197.516494] /dev/input/event1: 0003 003a 00000000
[   11197.516494] /dev/input/event1: 0003 0039 ffffffff
[   11197.516494] /dev/input/event1: 0000 0000 00000000
[   11199.589315] /dev/input/event1: 0003 0039 00000000
[   11199.589315] /dev/input/event1: 0003 0030 00000563
[   11199.589315] /dev/input/event1: 0003 003a 00000081
[   11199.589315] /dev/input/event1: 0003 0035 000041e4
[   11199.589315] /dev/input/event1: 0003 0036 000070ee
[   11199.589315] /dev/input/event1: 0000 0000 00000000
[   11199.756757] /dev/input/event1: 0003 003a 00000000
[   11199.756757] /dev/input/event1: 0003 0039 ffffffff
[   11199.756757] /dev/input/event1: 0000 0000 00000000
[   11200.885323] /dev/input/event1: 0003 0039 00000000
[   11200.885323] /dev/input/event1: 0003 0030 00000564
[   11200.885323] /dev/input/event1: 0003 003a 00000081
[   11200.885323] /dev/input/event1: 0003 0035 0000325e
[   11200.885323] /dev/input/event1: 0003 0036 000066a9
[   11200.885323] /dev/input/event1: 0000 0000 00000000
[   11201.004676] /dev/input/event1: 0003 003a 00000000
[   11201.004676] /dev/input/event1: 0003 0039 ffffffff
[   11201.004676] /dev/input/event1: 0000 0000 00000000
[   11202.157739] /dev/input/event1: 0003 0039 00000000
[   11202.157739] /dev/input/event1: 0003 0030 00000565
[   11202.157739] /dev/input/event1: 0003 003a 00000081
[   11202.157739] /dev/input/event1: 0003 0035 00006d26
[   11202.157739] /dev/input/event1: 0003 0036 00005121
[   11202.157739] /dev/input/event1: 0000 0000 00000000
[   11202.276867] /dev/input/event1: 0003 003a 00000000
[   11202.276867] /dev/input/event1: 0003 0039 ffffffff
[   11202.276867] /dev/input/event1: 0000 0000 00000000
[   11203.510190] /dev/input/event1: 0003 0039 00000000
[   11203.510190] /dev/input/event1: 0003 0030 00000566
[   11203.510190] /dev/input/event1: 0003 003a 00000081
[   11203.510190] /dev/input/event1: 0003 0035 00007406
[   11203.510190] /dev/input/event1: 0003 0036 00005c21
[   11203.510190] /dev/input/event1: 0000 0000 00000000
[   11203.653315] /dev/input/event1: 0003 003a 00000000
[   11203.653315] /dev/input/event1: 0003 0039 ffffffff
[   11203.653315] /dev/input/event1: 0000 0000 00000000
[   11204.966027] /dev/input/event1: 0003 0039 00000000
[   11204.966027] /dev/input/event1: 0003 0030 00000567
[   11204.966027] /dev/input/event1: 0003 003a 00000081
[   11204.966027] /dev/input/event1: 0000 0000 00000000
[   11205.061166] /dev/input/event1: 0003 003a 00000000
[   11205.061166] /dev/input/event1: 0003 0039 ffffffff
[   11205.061166] /dev/input/event1: 0000 0000 00000000
[   11206.078445] /dev/input/event1: 0003 0039 00000000
[   11206.078445] /dev/input/event1: 0003 0030 00000568
[   11206.078445] /dev/input/event1: 0003 003a 00000081
[   11206.078445] /dev/input/event1: 0003 0035 00000c53
[   11206.078445] /dev/input/event1: 0003 0036 00005b54
[   11206.078445] /dev/input/event1: 0000 0000 00000000
[   11206.173327] /dev/input/event1: 0003 003a 00000000
[   11206.173327] /dev/input/event1: 0003 0039 ffffffff
[   11206.173327] /dev/input/event1: 0000 0000 00000000
[   11207.182596] /dev/input/event1: 0003 0039 00000000
[   11207.182596] /dev/input/event1: 0003 0030 00000569
[   11207.182596] /dev/input/event1: 0003 003a 00000081
[   11207.182596] /dev/input/event1: 0003 0035 00007887
[   11207.182596] /dev/input/event1: 0003 0036 00004fff
[   11207.182596] /dev/input/event1: 0000 0000 00000000
[   11207.285473] /dev/input/event1: 0003 003a 00000000
[   11207.285473] /dev/input/event1: 0003 0039 ffffffff
[   11207.285473] /dev/input/event1: 0000 0000 00000000
[   11208.246687] /dev/input/event1: 0003 0039 00000000
[   11208.246687] /dev/input/event1: 0003 0030 0000056a
[   11208.246687] /dev/input/event1: 0003 003a 00000081
[   11208.246687] /dev/input/event1: 0003 0035 0000195c
[   11208.246687] /dev/input/event1: 0003 0036 00005ba9
[   11208.246687] /dev/input/event1: 0000 0000 00000000
[   11208.365444] /dev/input/event1: 0003 0035 00001901
[   11208.365444] /dev/input/event1: 0000 0000 00000000
[   11208.365750] /dev/input/event1: 0003 003a 00000000
[   11208.365750] /dev/input/event1: 0003 0039 ffffffff
[   11208.365750] /dev/input/event1: 0000 0000 00000000
[   11209.687033] /dev/input/event1: 0003 0039 00000000
[   11209.687033] /dev/input/event1: 0003 0030 0000056b
[   11209.687033] /dev/input/event1: 0003 003a 00000081
[   11209.687033] /dev/input/event1: 0003 0035 0000203c
[   11209.687033] /dev/input/event1: 0003 0036 000050cc
[   11209.687033] /dev/input/event1: 0000 0000 00000000
[   11209.845928] /dev/input/event1: 0003 003a 00000000
[   11209.845928] /dev/input/event1: 0003 0039 ffffffff
[   11209.845928] /dev/input/event1: 0000 0000 00000000
[   11212.575350] /dev/input/event1: 0003 0039 00000000
[   11212.575350] /dev/input/event1: 0003 0030 0000056c
[   11212.575350] /dev/input/event1: 0003 003a 00000081
[   11212.575350] /dev/input/event1: 0003 0035 000023ca
[   11212.575350] /dev/input/event1: 0003 0036 00002044
[   11212.575350] /dev/input/event1: 0000 0000 00000000
[   11212.734422] /dev/input/event1: 0003 003a 00000000
[   11212.734422] /dev/input/event1: 0003 0039 ffffffff
[   11212.734422] /dev/input/event1: 0000 0000 00000000
[   11213.790802] /dev/input/event1: 0003 0039 00000000
[   11213.790802] /dev/input/event1: 0003 0030 0000056d
[   11213.790802] /dev/input/event1: 0003 003a 00000081
[   11213.790802] /dev/input/event1: 0003 0035 00003407
[   11213.790802] /dev/input/event1: 0003 0036 00004e21
[   11213.790802] /dev/input/event1: 0000 0000 00000000
[   11213.862214] /dev/input/event1: 0003 003a 00000000
[   11213.862214] /dev/input/event1: 0003 0039 ffffffff
[   11213.862214] /dev/input/event1: 0000 0000 00000000
[   11214.847180] /dev/input/event1: 0003 0039 00000000
[   11214.847180] /dev/input/event1: 0003 0030 0000056e
[   11214.847180] /dev/input/event1: 0003 003a 00000081
[   11214.847180] /dev/input/event1: 0003 0035 0000325e
[   11214.847180] /dev/input/event1: 0003 0036 000070ba
[   11214.847180] /dev/input/event1: 0000 0000 00000000
[   11214.910391] /dev/input/event1: 0003 003a 00000000
[   11214.910391] /dev/input/event1: 0003 0039 ffffffff
[   11214.910391] /dev/input/event1: 0000 0000 00000000
[   11215.254744] /dev/input/event1: 0003 0039 00000000
[   11215.254744] /dev/input/event1: 0003 0030 0000056f
[   11215.254744] /dev/input/event1: 0003 003a 00000081
[   11215.254744] /dev/input/event1: 0000 0000 00000000
[   11215.318660] /dev/input/event1: 0003 003a 00000000
[   11215.318660] /dev/input/event1: 0003 0039 ffffffff
[   11215.318660] /dev/input/event1: 0000 0000 00000000
[   11215.951085] /dev/input/event1: 0003 0039 00000000
[   11215.951085] /dev/input/event1: 0003 0030 00000570
[   11215.951085] /dev/input/event1: 0003 003a 00000081
[   11215.951085] /dev/input/event1: 0000 0000 00000000
[   11216.046623] /dev/input/event1: 0003 003a 00000000
[   11216.046623] /dev/input/event1: 0003 0039 ffffffff
[   11216.046623] /dev/input/event1: 0000 0000 00000000
[   11216.358976] /dev/input/event1: 0003 0039 00000000
[   11216.358976] /dev/input/event1: 0003 0030 00000571
[   11216.358976] /dev/input/event1: 0003 003a 00000081
[   11216.358976] /dev/input/event1: 0000 0000 00000000
[   11216.454584] /dev/input/event1: 0003 003a 00000000
[   11216.454584] /dev/input/event1: 0003 0039 ffffffff
[   11216.454584] /dev/input/event1: 0000 0000 00000000
[   11217.495187] /dev/input/event1: 0003 0039 00000000
[   11217.495187] /dev/input/event1: 0003 0030 00000572
[   11217.495187] /dev/input/event1: 0003 003a 00000081
[   11217.495187] /dev/input/event1: 0000 0000 00000000
[   11217.630933] /dev/input/event1: 0003 003a 00000000
[   11217.630933] /dev/input/event1: 0003 0039 ffffffff
[   11217.630933] /dev/input/event1: 0000 0000 00000000
[   11218.143587] /dev/input/event1: 0003 0039 00000000
[   11218.143587] /dev/input/event1: 0003 0030 00000573
[   11218.143587] /dev/input/event1: 0003 003a 00000081
[   11218.143587] /dev/input/event1: 0000 0000 00000000
[   11218.287240] /dev/input/event1: 0003 003a 00000000
[   11218.287240] /dev/input/event1: 0003 0039 ffffffff
[   11218.287240] /dev/input/event1: 0000 0000 00000000
[   11218.719474] /dev/input/event1: 0003 0039 00000000
[   11218.719474] /dev/input/event1: 0003 0030 00000574
[   11218.719474] /dev/input/event1: 0003 003a 00000081
[   11218.719474] /dev/input/event1: 0000 0000 00000000
[   11218.799070] /dev/input/event1: 0003 003a 00000000
[   11218.799070] /dev/input/event1: 0003 0039 ffffffff
[   11218.799070] /dev/input/event1: 0000 0000 00000000
[   11227.440703] /dev/input/event1: 0003 0039 00000000
[   11227.440703] /dev/input/event1: 0003 0030 00000575
[   11227.440703] /dev/input/event1: 0003 003a 00000081
[   11227.440703] /dev/input/event1: 0003 0035 00002dbf
[   11227.440703] /dev/input/event1: 0003 0036 00002fee
[   11227.440703] /dev/input/event1: 0000 0000 00000000
[   11227.623991] /dev/input/event1: 0003 003a 00000000
[   11227.623991] /dev/input/event1: 0003 0039 ffffffff
[   11227.623991] /dev/input/event1: 0000 0000 00000000
[   11229.144941] /dev/input/event1: 0003 0039 00000000
[   11229.144941] /dev/input/event1: 0003 0030 00000576
[   11229.144941] /dev/input/event1: 0003 003a 00000081
[   11229.144941] /dev/input/event1: 0003 0035 00001462
[   11229.144941] /dev/input/event1: 0003 0036 00002943
[   11229.144941] /dev/input/event1: 0000 0000 00000000
[   11229.272266] /dev/input/event1: 0003 003a 00000000
[   11229.272266] /dev/input/event1: 0003 0039 ffffffff
[   11229.272266] /dev/input/event1: 0000 0000 00000000
[   45561.004963] /dev/input/event1: 0003 0039 00000000
[   45561.004963] /dev/input/event1: 0003 0030 0000025d
[   45561.004963] /dev/input/event1: 0003 003a 00000081
[   45561.004963] /dev/input/event1: 0003 0035 00001591
[   45561.004963] /dev/input/event1: 0003 0036 000029ff
[   45561.004963] /dev/input/event1: 0000 0000 00000000
[   45561.117197] /dev/input/event1: 0003 003a 00000000
[   45561.117197] /dev/input/event1: 0003 0039 ffffffff
[   45561.117197] /dev/input/event1: 0000 0000 00000000
[   45562.602229] /dev/input/event1: 0003 0039 00000000
[   45562.602229] /dev/input/event1: 0003 0030 0000025e
[   45562.602229] /dev/input/event1: 0003 003a 00000081
[   45562.602229] /dev/input/event1: 0000 0000 00000000
[   45562.715265] /dev/input/event1: 0003 003a 00000000
[   45562.715265] /dev/input/event1: 0003 0039 ffffffff
[   45562.715265] /dev/input/event1: 0000 0000 00000000
[   45564.953314] /dev/input/event1: 0003 0039 00000000
[   45564.953314] /dev/input/event1: 0003 0030 0000025f
[   45564.953314] /dev/input/event1: 0003 003a 00000081
[   45564.953314] /dev/input/event1: 0000 0000 00000000
[   45565.064972] /dev/input/event1: 0003 003a 00000000
[   45565.064972] /dev/input/event1: 0003 0039 ffffffff
[   45565.064972] /dev/input/event1: 0000 0000 00000000
[   45567.213789] /dev/input/event1: 0003 0039 00000000
[   45567.213789] /dev/input/event1: 0003 0030 00000260
[   45567.213789] /dev/input/event1: 0003 003a 00000081
[   45567.213789] /dev/input/event1: 0000 0000 00000000
[   45567.303780] /dev/input/event1: 0003 003a 00000000
[   45567.303780] /dev/input/event1: 0003 0039 ffffffff
[   45567.303780] /dev/input/event1: 0000 0000 00000000
[   45569.373638] /dev/input/event1: 0003 0039 00000000
[   45569.373638] /dev/input/event1: 0003 0030 00000261
[   45569.373638] /dev/input/event1: 0003 003a 00000081
[   45569.373638] /dev/input/event1: 0000 0000 00000000
[   45569.463400] /dev/input/event1: 0003 003a 00000000
[   45569.463400] /dev/input/event1: 0003 0039 ffffffff
[   45569.463400] /dev/input/event1: 0000 0000 00000000
[   45572.109203] /dev/input/event1: 0003 0039 00000000
[   45572.109203] /dev/input/event1: 0003 0030 00000262
[   45572.109203] /dev/input/event1: 0003 003a 00000081
[   45572.109203] /dev/input/event1: 0003 0035 00001555
[   45572.109203] /dev/input/event1: 0003 0036 00002acc
[   45572.109203] /dev/input/event1: 0000 0000 00000000
[   45572.210309] /dev/input/event1: 0003 003a 00000000
[   45572.210309] /dev/input/event1: 0003 0039 ffffffff
[   45572.210309] /dev/input/event1: 0000 0000 00000000
[   45575.990323] /dev/input/event1: 0003 0039 00000000
[   45575.990323] /dev/input/event1: 0003 0030 00000263
[   45575.990323] /dev/input/event1: 0003 003a 00000081
[   45575.990323] /dev/input/event1: 0003 0035 000023ca
[   45575.990323] /dev/input/event1: 0003 0036 000046cc
[   45575.990323] /dev/input/event1: 0000 0000 00000000
[   45576.113471] /dev/input/event1: 0003 003a 00000000
[   45576.113471] /dev/input/event1: 0003 0039 ffffffff
[   45576.113471] /dev/input/event1: 0000 0000 00000000
[   45583.977316] /dev/input/event1: 0003 0039 00000000
[   45583.977316] /dev/input/event1: 0003 0030 00000264
[   45583.977316] /dev/input/event1: 0003 003a 00000081
[   45583.977316] /dev/input/event1: 0003 0035 00005eb1
[   45583.977316] /dev/input/event1: 0003 0036 000063a9
[   45583.977316] /dev/input/event1: 0000 0000 00000000
[   45584.078428] /dev/input/event1: 0003 003a 00000000
[   45584.078428] /dev/input/event1: 0003 0039 ffffffff
[   45584.078428] /dev/input/event1: 0000 0000 00000000
[   45589.352972] /dev/input/event1: 0003 0039 00000000
[   45589.352972] /dev/input/event1: 0003 0030 00000265
[   45589.352972] /dev/input/event1: 0003 003a 00000081
[   45589.352972] /dev/input/event1: 0003 0035 0000771b
[   45589.352972] /dev/input/event1: 0003 0036 000008ff
[   45589.352972] /dev/input/event1: 0000 0000 00000000
[   45589.560413] /dev/input/event1: 0003 003a 00000000
[   45589.560413] /dev/input/event1: 0003 0039 ffffffff
[   45589.560413] /dev/input/event1: 0000 0000 00000000