add device 1: /dev/input/event0
  name:     "Power Button"
add device 2: /dev/input/event1
  name:     "qwerty2"
[    9039.177427] /dev/input/event1: 0003 0039 00000000
[    9039.177427] /dev/input/event1: 0003 0030 000003c8
[    9039.177427] /dev/input/event1: 0003 003a 00000081
[    9039.177427] /dev/input/event1: 0003 0035 00002888
[    9039.177427] /dev/input/event1: 0003 0036 000033ee
[    9039.177427] /dev/input/event1: 0000 0000 00000000
[    9039.355346] /dev/input/event1: 0003 003a 00000000
[    9039.355346] /dev/input/event1: 0003 0039 ffffffff
[    9039.355346] /dev/input/event1: 0000 0000 00000000
[    9042.148245] /dev/input/event1: 0003 0039 00000000
[    9042.148245] /dev/input/event1: 0003 0030 000003c9
[    9042.148245] /dev/input/event1: 0003 003a 00000081
[    9042.148245] /dev/input/event1: 0003 0035 00002d82
[    9042.148245] /dev/input/event1: 0003 0036 000035ee
[    9042.148245] /dev/input/event1: 0000 0000 00000000
[    9042.315328] /dev/input/event1: 0003 003a 00000000
[    9042.315328] /dev/input/event1: 0003 0039 ffffffff
[    9042.315328] /dev/input/event1: 0000 0000 00000000
[    9046.508820] /dev/input/event1: 0003 0039 00000000
[    9046.508820] /dev/input/event1: 0003 0030 000003ca
[    9046.508820] /dev/input/event1: 0003 003a 00000081
[    9046.508820] /dev/input/event1: 0003 0035 0000295c
[    9046.508820] /dev/input/event1: 0003 0036 00001c32
[    9046.508820] /dev/input/event1: 0000 0000 00000000
[    9046.636020] /dev/input/event1: 0003 003a 00000000
[    9046.636020] /dev/input/event1: 0003 0039 ffffffff
[    9046.636020] /dev/input/event1: 0000 0000 00000000
[    9050.333844] /dev/input/event1: 0003 0039 00000000
[    9050.333844] /dev/input/event1: 0003 0030 000003cb
[    9050.333844] /dev/input/event1: 0003 003a 00000081
[    9050.333844] /dev/input/event1: 0003 0035 00002f2b
[    9050.333844] /dev/input/event1: 0003 0036 000028ee
[    9050.333844] /dev/input/event1: 0000 0000 00000000
[    9050.476478] /dev/input/event1: 0003 003a 00000000
[    9050.476478] /dev/input/event1: 0003 0039 ffffffff
[    9050.476478] /dev/input/event1: 0000 0000 00000000
[    9053.765890] /dev/input/event1: 0003 0039 00000000
[    9053.765890] /dev/input/event1: 0003 0030 000003cc
[    9053.765890] /dev/input/event1: 0003 003a 00000081
[    9053.765890] /dev/input/event1: 0003 0035 00000888
[    9053.765890] /dev/input/event1: 0003 0036 000008cc
[    9053.765890] /dev/input/event1: 0000 0000 00000000
[    9053.884751] /dev/input/event1: 0003 003a 00000000
[    9053.884751] /dev/input/event1: 0003 0039 ffffffff
[    9053.884751] /dev/input/event1: 0000 0000 00000000
[    9057.166086] /dev/input/event1: 0003 0039 00000000
[    9057.166086] /dev/input/event1: 0003 0030 000003cd
[    9057.166086] /dev/input/event1: 0003 003a 00000081
[    9057.166086] /dev/input/event1: 0003 0035 0000771b
[    9057.166086] /dev/input/event1: 0003 0036 000008ee
[    9057.166086] /dev/input/event1: 0000 0000 00000000
[    9057.277337] /dev/input/event1: 0003 003a 00000000
[    9057.277337] /dev/input/event1: 0003 0039 ffffffff
[    9057.277337] /dev/input/event1: 0000 0000 00000000
[    9059.405935] /dev/input/event1: 0003 0039 00000000
[    9059.405935] /dev/input/event1: 0003 0030 000003ce
[    9059.405935] /dev/input/event1: 0003 003a 00000081
[    9059.405935] /dev/input/event1: 0003 0035 0000060b
[    9059.405935] /dev/input/event1: 0003 0036 00007221
[    9059.405935] /dev/input/event1: 0000 0000 00000000
[    9059.525726] /dev/input/event1: 0003 003a 00000000
[    9059.525726] /dev/input/event1: 0003 0039 ffffffff
[    9059.525726] /dev/input/event1: 0000 0000 00000000
[    9060.358169] /dev/input/event1: 0003 0039 00000000
[    9060.358169] /dev/input/event1: 0003 0030 000003cf
[    9060.358169] /dev/input/event1: 0003 003a 00000081
[    9060.358169] /dev/input/event1: 0003 0035 0000071c
[    9060.358169] /dev/input/event1: 0003 0036 00005032
[    9060.358169] /dev/input/event1: 0000 0000 00000000
[    9060.461705] /dev/input/event1: 0003 003a 00000000
[    9060.461705] /dev/input/event1: 0003 0039 ffffffff
[    9060.461705] /dev/input/event1: 0000 0000 00000000
[    9061.262304] /dev/input/event1: 0003 0039 00000000
[    9061.262304] /dev/input/event1: 0003 0030 000003d0
[    9061.262304] /dev/input/event1: 0003 003a 00000081
[    9061.262304] /dev/input/event1: 0003 0035 00006fa4
[    9061.262304] /dev/input/event1: 0003 0036 000052aa
[    9061.262304] /dev/input/event1: 0000 0000 00000000
[    9061.397793] /dev/input/event1: 0003 003a 00000000
[    9061.397793] /dev/input/event1: 0003 0039 ffffffff
[    9061.397793] /dev/input/event1: 0000 0000 00000000
[    9062.119462] /dev/input/event1: 0003 0039 00000000
[    9062.119462] /dev/input/event1: 0003 0030 000003d1
[    9062.119462] /dev/input/event1: 0003 003a 00000081
[    9062.119462] /dev/input/event1: 0003 0035 000077b3
[    9062.119462] /dev/input/event1: 0003 0036 000050cc
[    9062.119462] /dev/input/event1: 0000 0000 00000000
[    9062.246014] /dev/input/event1: 0003 003a 00000000
[    9062.246014] /dev/input/event1: 0003 0039 ffffffff
[    9062.246014] /dev/input/event1: 0000 0000 00000000
[    9062.870728] /dev/input/event1: 0003 0039 00000000
[    9062.870728] /dev/input/event1: 0003 0030 000003d2
[    9062.870728] /dev/input/event1: 0003 003a 00000081
[    9062.870728] /dev/input/event1: 0003 0035 000061e4
[    9062.870728] /dev/input/event1: 0003 0036 00005032
[    9062.870728] /dev/input/event1: 0000 0000 00000000
[    9063.006132] /dev/input/event1: 0003 003a 00000000
[    9063.006132] /dev/input/event1: 0003 0039 ffffffff
[    9063.006132] /dev/input/event1: 0000 0000 00000000
[    9065.927709] /dev/input/event1: 0003 0039 00000000
[    9065.927709] /dev/input/event1: 0003 0030 000003d3
[    9065.927709] /dev/input/event1: 0003 003a 00000081
[    9065.927709] /dev/input/event1: 0003 0035 0000714c
[    9065.927709] /dev/input/event1: 0003 0036 00007021
[    9065.927709] /dev/input/event1: 0000 0000 00000000
[    9066.094414] /dev/input/event1: 0003 003a 00000000
[    9066.094414] /dev/input/event1: 0003 0039 ffffffff
[    9066.094414] /dev/input/event1: 0000 0000 00000000
[    9068.863827] /dev/input/event1: 0003 0039 00000000
[    9068.863827] /dev/input/event1: 0003 0030 000003d4
[    9068.863827] /dev/input/event1: 0003 003a 00000081
[    9068.863827] /dev/input/event1: 0003 0035 00003888
[    9068.863827] /dev/input/event1: 0003 0036 00001421
[    9068.863827] /dev/input/event1: 0000 0000 00000000
[    9069.006725] /dev/input/event1: 0003 003a 00000000
[    9069.006725] /dev/input/event1: 0003 0039 ffffffff
[    9069.006725] /dev/input/event1: 0000 0000 00000000
[    9073.048176] /dev/input/event1: 0003 0039 00000000
[    9073.048176] /dev/input/event1: 0003 0030 000003d5
[    9073.048176] /dev/input/event1: 0003 003a 00000081
[    9073.048176] /dev/input/event1: 0003 0035 00003c16
[    9073.048176] /dev/input/event1: 0003 0036 00002ddd
[    9073.048176] /dev/input/event1: 0000 0000 00000000
[    9073.223188] /dev/input/event1: 0003 003a 00000000
[    9073.223188] /dev/input/event1: 0003 0039 ffffffff
[    9073.223188] /dev/input/event1: 0000 0000 00000000
[    9076.504637] /dev/input/event1: 0003 0039 00000000
[    9076.504637] /dev/input/event1: 0003 0030 000003d6
[    9076.504637] /dev/input/event1: 0003 003a 00000081
[    9076.504637] /dev/input/event1: 0003 0035 00000999
[    9076.504637] /dev/input/event1: 0003 0036 00000a33
[    9076.504637] /dev/input/event1: 0000 0000 00000000
[    9076.599692] /dev/input/event1: 0003 003a 00000000
[    9076.599692] /dev/input/event1: 0003 0039 ffffffff
[    9076.599692] /dev/input/event1: 0000 0000 00000000
[    9077.936605] /dev/input/event1: 0003 0039 00000000
[    9077.936605] /dev/input/event1: 0003 0030 000003d7
[    9077.936605] /dev/input/event1: 0003 003a 00000081
[    9077.936605] /dev/input/event1: 0000 0000 00000000
[    9078.031755] /dev/input/event1: 0003 003a 00000000
[    9078.031755] /dev/input/event1: 0003 0039 ffffffff
[    9078.031755] /dev/input/event1: 0000 0000 00000000
[    9078.856372] /dev/input/event1: 0003 0039 00000000
[    9078.856372] /dev/input/event1: 0003 0030 000003d8
[    9078.85637