add device 1: /dev/input/event0
  name:     "Power Button"
add device 2: /dev/input/event1
  name:     "qwerty2"
[    8702.014125] /dev/input/event1: 0003 0039 00000000
[    8702.014125] /dev/input/event1: 0003 0030 00000388
[    8702.014125] /dev/input/event1: 0003 003a 00000081
[    8702.014125] /dev/input/event1: 0003 0035 00002f2b
[    8702.014125] /dev/input/event1: 0003 0036 00003288
[    8702.014125] /dev/input/event1: 0000 0000 00000000
[    8702.185629] /dev/input/event1: 0003 003a 00000000
[    8702.185629] /dev/input/event1: 0003 0039 ffffffff
[    8702.185629] /dev/input/event1: 0000 0000 00000000
[    8705.482631] /dev/input/event1: 0003 0039 00000000
[    8705.482631] /dev/input/event1: 0003 0030 00000389
[    8705.482631] /dev/input/event1: 0003 003a 00000081
[    8705.482631] /dev/input/event1: 0003 0035 0000382d
[    8705.482631] /dev/input/event1: 0003 0036 000025ff
[    8705.482631] /dev/input/event1: 0000 0000 00000000
[    8705.713993] /dev/input/event1: 0003 003a 00000000
[    8705.713993] /dev/input/event1: 0003 0039 ffffffff
[    8705.713993] /dev/input/event1: 0000 0000 00000000
[    8710.707915] /dev/input/event1: 0003 0039 00000000
[    8710.707915] /dev/input/event1: 0003 0030 0000038a
[    8710.707915] /dev/input/event1: 0003 003a 00000081
[    8710.707915] /dev/input/event1: 0003 0035 00007647
[    8710.707915] /dev/input/event1: 0003 0036 00000888
[    8710.707915] /dev/input/event1: 0000 0000 00000000
[    8710.866774] /dev/input/event1: 0003 003a 00000000
[    8710.866774] /dev/input/event1: 0003 0039 ffffffff
[    8710.866774] /dev/input/event1: 0000 0000 00000000
[    8715.548423] /dev/input/event1: 0003 0039 00000000
[    8715.548423] /dev/input/event1: 0003 0030 0000038b
[    8715.548423] /dev/input/event1: 0003 003a 00000081
[    8715.548423] /dev/input/event1: 0003 0035 0000060b
[    8715.548423] /dev/input/event1: 0003 0036 00006810
[    8715.548423] /dev/input/event1: 0000 0000 00000000
[    8715.691341] /dev/input/event1: 0003 003a 00000000
[    8715.691341] /dev/input/event1: 0003 0039 ffffffff
[    8715.691341] /dev/input/event1: 0000 0000 00000000
[    8716.556621] /dev/input/event1: 0003 0039 00000000
[    8716.556621] /dev/input/event1: 0003 0030 0000038c
[    8716.556621] /dev/input/event1: 0003 003a 00000081
[    8716.556621] /dev/input/event1: 0003 0035 000026df
[    8716.556621] /dev/input/event1: 0003 0036 00005b54
[    8716.556621] /dev/input/event1: 0000 0000 00000000
[    8716.659432] /dev/input/event1: 0003 003a 00000000
[    8716.659432] /dev/input/event1: 0003 0039 ffffffff
[    8716.659432] /dev/input/event1: 0000 0000 00000000
[    8717.676261] /dev/input/event1: 0003 0039 00000000
[    8717.676261] /dev/input/event1: 0003 0030 0000038d
[    8717.676261] /dev/input/event1: 0003 003a 00000081
[    8717.676261] /dev/input/event1: 0003 0035 00000c53
[    8717.676261] /dev/input/event1: 0003 0036 00005c76
[    8717.676261] /dev/input/event1: 0000 0000 00000000
[    8717.803704] /dev/input/event1: 0003 003a 00000000
[    8717.803704] /dev/input/event1: 0003 0039 ffffffff
[    8717.803704] /dev/input/event1: 0000 0000 00000000
[    8718.548596] /dev/input/event1: 0003 0039 00000000
[    8718.548596] /dev/input/event1: 0003 0030 0000038e
[    8718.548596] /dev/input/event1: 0003 003a 00000081
[    8718.548596] /dev/input/event1: 0003 0035 000032b9
[    8718.548596] /dev/input/event1: 0003 0036 00004ecc
[    8718.548596] /dev/input/event1: 0000 0000 00000000
[    8718.675835] /dev/input/event1: 0003 003a 00000000
[    8718.675835] /dev/input/event1: 0003 0039 ffffffff
[    8718.675835] /dev/input/event1: 0000 0000 00000000
[    8720.004935] /dev/input/event1: 0003 0039 00000000
[    8720.004935] /dev/input/event1: 0003 0030 0000038f
[    8720.004935] /dev/input/event1: 0003 003a 00000081
[    8720.004935] /dev/input/event1: 0003 0035 000062f5
[    8720.004935] /dev/input/event1: 0003 0036 00005a43
[    8720.004935] /dev/input/event1: 0000 0000 00000000
[    8720.163979] /dev/input/event1: 0003 003a 00000000
[    8720.163979] /dev/input/event1: 0003 0039 ffffffff
[    8720.163979] /dev/input/event1: 0000 0000 00000000
[    8721.677175] /dev/input/event1: 0003 0039 00000000
[    8721.677175] /dev/input/event1: 0003 0030 00000390
[    8721.677175] /dev/input/event1: 0003 003a 00000081
[    8721.677175] /dev/input/event1: 0003 0035 000057f0
[    8721.677175] /dev/input/event1: 0003 0036 00006410
[    8721.677175] /dev/input/event1: 0000 0000 00000000
[    8721.796248] /dev/input/event1: 0003 003a 00000000
[    8721.796248] /dev/input/event1: 0003 0039 ffffffff
[    8721.796248] /dev/input/event1: 0000 0000 00000000
[    8723.053319] /dev/input/event1: 0003 0039 00000000
[    8723.053319] /dev/input/event1: 0003 0030 00000391
[    8723.053319] /dev/input/event1: 0003 003a 00000081
[    8723.053319] /dev/input/event1: 0003 0035 00001fa4
[    8723.053319] /dev/input/event1: 0003 0036 00004fff
[    8723.053319] /dev/input/event1: 0000 0000 00000000
[    8723.196323] /dev/input/event1: 0003 003a 00000000
[    8723.196323] /dev/input/event1: 0003 0039 ffffffff
[    8723.196323] /dev/input/event1: 0000 0000 00000000
[    8724.589371] /dev/input/event1: 0003 0039 00000000
[    8724.589371] /dev/input/event1: 0003 0030 00000392
[    8724.589371] /dev/input/event1: 0003 003a 00000081
[    8724.589371] /dev/input/event1: 0003 0035 00003b05
[    8724.589371] /dev/input/event1: 0000 0000 00000000
[    8724.716366] /dev/input/event1: 0003 003a 00000000
[    8724.716366] /dev/input/event1: 0003 0039 ffffffff
[    8724.716366] /dev/input/event1: 0000 0000 00000000
[    8725.829224] /dev/input/event1: 0003 0039 00000000
[    8725.829224] /dev/input/event1: 0003 0030 00000393
[    8725.829224] /dev/input/event1: 0003 003a 00000081
[    8725.829224] /dev/input/event1: 0003 0035 00003647
[    8725.829224] /dev/input/event1: 0003 0036 00006eba
[    8725.829224] /dev/input/event1: 0000 0000 00000000
[    8725.940489] /dev/input/event1: 0003 003a 00000000
[    8725.940489] /dev/input/event1: 0003 0039 ffffffff
[    8725.940489] /dev/input/event1: 0000 0000 00000000
[    8727.101842] /dev/input/event1: 0003 0039 00000000
[    8727.101842] /dev/input/event1: 0003 0030 00000394
[    8727.101842] /dev/input/event1: 0003 003a 00000081
[    8727.101842] /dev/input/event1: 0003 0035 00000a31
[    8727.101842] /dev/input/event1: 0003 0036 00006798
[    8727.101842] /dev/input/event1: 0000 0000 00000000
[    8727.212767] /dev/input/event1: 0003 003a 00000000
[    8727.212767] /dev/input/event1: 0003 0039 ffffffff
[    8727.212767] /dev/input/event1: 0000 0000 00000000
[    8729.230396] /dev/input/event1: 0003 0039 00000000
[    8729.230396] /dev/input/event1: 0003 0030 00000395
[    8729.230396] /dev/input/event1: 0003 003a 00000081
[    8729.230396] /dev/input/event1: 0003 0035 0000260b
[    8729.230396] /dev/input/event1: 0003 0036 00005c21
[    8729.230396] /dev/input/event1: 0000 0000 00000000
[    8729.333099] /dev/input/event1: 0003 003a 00000000
[    8729.333099] /dev/input/event1: 0003 0039 ffffffff
[    8729.333099] /dev/input/event1: 0000 0000 00000000
[    8730.510128] /dev/input/event1: 0003 0039 00000000
[    8730.510128] /dev/input/event1: 0003 0030 00000396
[    8730.510128] /dev/input/event1: 0003 003a 00000081
[    8730.510128] /dev/input/event1: 0003 0035 00005ecf
[    8730.510128] /dev/input/event1: 0003 0036 000050cc
[    8730.510128] /dev/input/event1: 0000 0000 00000000
[    8730.597134] /dev/input/event1: 0003 003a 00000000
[    8730.597134] /dev/input/event1: 0003 0039 ffffffff
[    8730.597134] /dev/input/event1: 0000 0000 00000000
[    8731.806206] /dev/input/event1: 0003 0039 00000000
[    8731.806206] /dev/input/event1: 0003 0030 00000397
[    8731.806206] /dev/input/event1: 0003 003a 00000081
[    8731.806206] /dev/input/event1: 0003 0035 00000c16
[    8731.806206] /dev/input/event1: 0003 0036 00005b32
[    8731.806206] /dev/input/event1: 0000 0000 00000000
[    8731.893316] /dev/input/event1: 0003 003a 00000000
[    8731.893316] /dev/input/event1: 0003 0039 ffffffff
[    8731.893316] /dev/input/event1: 0000 0000 00000000
[    8732.694798] /dev/input/event1: 0003 0039 00000000
[    8732.694798] /dev/input/event1: 0003 0030 00000398
[    8732.694798] /dev/input/event1: 0003 003a 00000081
[    8732.694798] /dev/input/event1: 0003 0035 00002dfb
[    8732.694798] /dev/input/event1: 0003 0036 000050cc
[    8732.694798] /dev/input/event1: 0000 0000 00000000
[    8732.773322] /dev/input/event1: 0003 003a 00000000
[    8732.773322] /dev/input/event1: 0003 0039 ffffffff
[    8732.773322] /dev/input/event1: 0000 0000 00000000
[    8734.262583] /dev/input/event1: 0003 0039 00000000
[    8734.262583] /dev/input/event1: 0003 0030 00000399
[    8734.262583] /dev/input/event1: 0003 003a 00000081
[    8734.262583] /dev/input/event1: 0003 0035 00005fff
[    8734.262583] /dev/input/event1: 0003 0036 00004f43
[    8734.262583] /dev/input/event1: 0000 0000 00000000
[    8734.333275] /dev/input/event1: 0003 0036 00004f87
[    8734.333275] /dev/input/event1: 0000 0000 00000000
[    8734.341345] /dev/input/event1: 0003 0035 0000603b
[    8734.341345] /dev/input/event1: 0003 0036 00004fbb
[    8734.341345] /dev/input/event1: 0000 0000 00000000
[    8734.349370] /dev/input/event1: 0003 0035 00006078
[    8734.349370] /dev/input/event1: 0003 0036 00004fdd
[    8734.349370] /dev/input/event1: 0000 0000 00000000
[    8734.349726] /dev/input/event1: 0003 003a 00000000
[    8734.349726] /dev/input/event1: 0003 0039 ffffffff
[    8734.349726] /dev/input/event1: 0000 0000 00000000
[    8735.470558] /dev/input/event1: 0003 0039 00000000
[    8735.470558] /dev/input/event1: 0003 0030 0000039a
[    8735.470558] /dev/input/event1: 0003 003a 00000081
[    8735.470558] /dev/input/event1: 0003 0035 00002110
[    8735.470558] /dev/input/event1: 0003 0036 00004fff
[    8735.470558] /dev/input/event1: 0000 0000 00000000
[    8735.613560] /dev/input/event1: 0003 0035 000020b5
[    8735.613560] /dev/input/event1: 0000 0000 00000000
[    8735.621656] /dev/input/event1: 0003 0035 00002079
[    8735.621656] /dev/input/event1: 0003 0036 00005032
[    8735.621656] /dev/input/event1: 0000 0000 00000000
[    8735.621999] /dev/input/event1: 0003 003a 00000000
[    8735.621999] /dev/input/event1: 0003 0039 ffffffff
[    8735.621999] /dev/input/event1: 0000 0000 00000000
[    8737.102810] /dev/input/event1: 0003 0039 00000000
[    8737.102810] /dev/input/event1: 0003 0030 0000039b
[    8737.102810] /dev/input/event1: 0003 003a 00000081
[    8737.102810] /dev/input/event1: 0003 0035 000018c5
[    8737.102810] /dev/input/event1: 0003 0036 00005abb
[    8737.102810] /dev/input/event1: 0000 0000 00000000
[    8737.197941] /dev/input/event1: 0003 003a 00000000
[    8737.197941] /dev/input/event1: 0003 0039 ffffffff
[    8737.197941] /dev/input/event1: 0000 0000 00000000
[    8741.623732] /dev/input/event1: 0003 0039 00000000
[    8741.623732] /dev/input/event1: 0003 0030 0000039c
[    8741.623732] /dev/input/event1: 0003 003a 00000081
[    8741.623732] /dev/input/event1: 0003 0035 00007406
[    8741.623732] /dev/input/event1: 0003 0036 00007043
[    8741.623732] /dev/input/event1: 0000 0000 00000000
[    8741.766443] /dev/input/event1: 0003 003a 00000000
[    8741.766443] /dev/input/event1: 0003 0039 ffffffff
[    8741.766443] /dev/input/event1: 0000 0000 00000000
[    8749.168698] /dev/input/event1: 0003 0039 00000000
[    8749.168698] /dev/input/event1: 0003 0030 0000039d
[    8749.168698] /dev/input/event1: 0003 003a 00000081
[    8749.168698] /dev/input/event1: 0003 0035 00002110
[    8749.168698] /dev/input/event1: 0003 0036 00001999
[    8749.168698] /dev/input/event1: 0000 0000 00000000
[    8749.311522] /dev/input/event1: 0003 003a 00000000
[    8749.311522] /dev/input/event1: 0003 0039 ffffffff
[    8749.311522] /dev/input/event1: 0000 0000 00000000
[    8754.001163] /dev/input/event1: 0003 0039 00000000
[    8754.001163] /dev/input/event1: 0003 0030 0000039e
[    8754.001163] /dev/input/event1: 0003 003a 00000081
[    8754.001163] /dev/input/event1: 0003 0035 0000314d
[    8754.001163] /dev/input/event1: 0003 0036 00002a32
[    8754.001163] /dev/input/event1: 0000 0000 00000000
[    8754.120000] /dev/input/event1: 0003 003a 00000000
[    8754.120000] /dev/