add device 1: /dev/input/event0
  name:     "Power Button"
add device 2: /dev/input/event1
  name:     "qwerty2"
[    8928.836460] /dev/input/event1: 0003 0039 00000000
[    8928.836460] /dev/input/event1: 0003 0030 000003b3
[    8928.836460] /dev/input/event1: 0003 003a 00000081
[    8928.836460] /dev/input/event1: 0003 0035 00002fa4
[    8928.836460] /dev/input/event1: 0003 0036 00003465
[    8928.836460] /dev/input/event1: 0000 0000 00000000
[    8928.973517] /dev/input/event1: 0003 003a 00000000
[    8928.973517] /dev/input/event1: 0003 0039 ffffffff
[    8928.973517] /dev/input/event1: 0000 0000 00000000
[    8934.543145] /dev/input/event1: 0003 0039 00000000
[    8934.543145] /dev/input/event1: 0003 0030 000003b4
[    8934.543145] /dev/input/event1: 0003 003a 00000081
[    8934.543145] /dev/input/event1: 0003 0035 00003fff
[    8934.543145] /dev/input/event1: 0003 0036 00002caa
[    8934.543145] /dev/input/event1: 0000 0000 00000000
[    8934.686246] /dev/input/event1: 0003 003a 00000000
[    8934.686246] /dev/input/event1: 0003 0039 ffffffff
[    8934.686246] /dev/input/event1: 0000 0000 00000000
[    8940.183815] /dev/input/event1: 0003 0039 00000000
[    8940.183815] /dev/input/event1: 0003 0030 000003b5
[    8940.183815] /dev/input/event1: 0003 003a 00000081
[    8940.183815] /dev/input/event1: 0003 0035 0000038e
[    8940.183815] /dev/input/event1: 0003 0036 000071dc
[    8940.183815] /dev/input/event1: 0000 0000 00000000
[    8940.303063] /dev/input/event1: 0003 003a 00000000
[    8940.303063] /dev/input/event1: 0003 0039 ffffffff
[    8940.303063] /dev/input/event1: 0000 0000 00000000
[    8941.319509] /dev/input/event1: 0003 0039 00000000
[    8941.319509] /dev/input/event1: 0003 0030 000003b6
[    8941.319509] /dev/input/event1: 0003 003a 00000081
[    8941.319509] /dev/input/event1: 0003 0035 00000407
[    8941.319509] /dev/input/event1: 0003 0036 00004fff
[    8941.319509] /dev/input/event1: 0000 0000 00000000
[    8941.398996] /dev/input/event1: 0003 003a 00000000
[    8941.398996] /dev/input/event1: 0003 0039 ffffffff
[    8941.398996] /dev/input/event1: 0000 0000 00000000
[    8943.616521] /dev/input/event1: 0003 0039 00000000
[    8943.616521] /dev/input/event1: 0003 0030 000003b7
[    8943.616521] /dev/input/event1: 0003 003a 00000081
[    8943.616521] /dev/input/event1: 0003 0035 00006c52
[    8943.616521] /dev/input/event1: 0000 0000 00000000
[    8943.719244] /dev/input/event1: 0003 003a 00000000
[    8943.719244] /dev/input/event1: 0003 0039 ffffffff
[    8943.719244] /dev/input/event1: 0000 0000 00000000
[    8947.104215] /dev/input/event1: 0003 0039 00000000
[    8947.104215] /dev/input/event1: 0003 0030 000003b8
[    8947.104215] /dev/input/event1: 0003 003a 00000081
[    8947.104215] /dev/input/event1: 0003 0035 00007900
[    8947.104215] /dev/input/event1: 0003 0036 00005076
[    8947.104215] /dev/input/event1: 0000 0000 00000000
[    8947.207736] /dev/input/event1: 0003 003a 00000000
[    8947.207736] /dev/input/event1: 0003 0039 ffffffff
[    8947.207736] /dev/input/event1: 0000 0000 00000000
[    8949.376840] /dev/input/event1: 0003 0039 00000000
[    8949.376840] /dev/input/event1: 0003 0030 000003b9
[    8949.376840] /dev/input/event1: 0003 003a 00000081
[    8949.376840] /dev/input/event1: 0003 0035 0000603b
[    8949.376840] /dev/input/event1: 0003 0036 000050ee
[    8949.376840] /dev/input/event1: 0000 0000 00000000
[    8949.472012] /dev/input/event1: 0003 003a 00000000
[    8949.472012] /dev/input/event1: 0003 0039 ffffffff
[    8949.472012] /dev/input/event1: 0000 0000 00000000
[    8952.689639] /dev/input/event1: 0003 0039 00000000
[    8952.689639] /dev/input/event1: 0003 0030 000003ba
[    8952.689639] /dev/input/event1: 0003 003a 00000081
[    8952.689639] /dev/input/event1: 0003 0035 000075af
[    8952.689639] /dev/input/event1: 0003 0036 000070ba
[    8952.689639] /dev/input/event1: 0000 0000 00000000
[    8952.816675] /dev/input/event1: 0003 003a 00000000
[    8952.816675] /dev/input/event1: 0003 0039 ffffffff
[    8952.816675] /dev/input/event1: 0000 0000 00000000
[    89