add device 1: /dev/input/event0
  name:     "Power Button"
add device 2: /dev/input/event1
  name:     "qwerty2"
[    9231.697592] /dev/input/event1: 0003 0039 00000000
[    9231.697592] /dev/input/event1: 0003 0030 000003ec
[    9231.697592] /dev/input/event1: 0003 003a 00000081
[    9231.697592] /dev/input/event1: 0003 0035 00001bd9
[    9231.697592] /dev/input/event1: 0003 0036 000033ee
[    9231.697592] /dev/input/event1: 0000 0000 00000000
[    9231.874674] /dev/input/event1: 0003 003a 00000000
[    9231.874674] /dev/input/event1: 0003 0039 ffffffff
[    9231.874674] /dev/input/event1: 0000 0000 00000000
[    9236.140283] /dev/input/event1: 0003 0039 00000000
[    9236.140283] /dev/input/event1: 0003 0030 000003ed
[    9236.140283] /dev/input/event1: 0003 003a 00000081
[    9236.140283] /dev/input/event1: 0003 0035 00002f67
[    9236.140283] /dev/input/event1: 0003 0036 00003665
[    9236.140283] /dev/input/event1: 0000 0000 00000000
[    9236.307292] /dev/input/event1: 0003 003a 00000000
[    9236.307292] /dev/input/event1: 0003 0039 ffffffff
[    9236.307292] /dev/input/event1: 0000 0000 00000000
[    9241.132882] /dev/input/event1: 0003 0039 00000000
[    9241.132882] /dev/input/event1: 0003 0030 000003ee
[    9241.132882] /dev/input/event1: 0003 003a 00000081
[    9241.132882] /dev/input/event1: 0003 0035 00007647
[    9241.132882] /dev/input/event1: 0003 0036 00000944
[    9241.132882] /dev/input/event1: 0000 0000 00000000
[    9241.291760] /dev/input/event1: 0003 003a 00000000
[    9241.291760] /dev/input/event1: 0003 0039 ffffffff
[    9241.291760] /dev/input/event1: 0000 0000 00000000
[    9242.892778] /dev/input/event1: 0003 0039 00000000
[    9242.892778] /dev/input/event1: 0003 0030 000003ef
[    9242.892778] /dev/input/event1: 0003 003a 00000081
[    9242.892778] /dev/input/event1: 0003 0035 000008c5
[    9242.892778] /dev/input/event1: 0003 0036 00006576
[    9242.892778] /dev/input/event1: 0000 0000 00000000
[    9243.012001] /dev/input/event1: 0003 003a 00000000
[    9243.012001] /dev/input/event1: 0003 0039 ffffffff
[    9243.012001] /dev/input/event1: 0000 0000 00000000
[    9243.829378] /dev/input/event1: 0003 0039 00000000
[    9243.829378] /dev/input/event1: 0003 0030 000003f0
[    9243.829378] /dev/input/event1: 0003 003a 00000081
[    9243.829378] /dev/input/event1: 0003 0035 0000725d
[    9243.829378] /dev/input/event1: 0003 0036 00005a65
[    9243.829378] /dev/input/event1: 0000 0000 00000000
[    9243.940172] /dev/input/event1: 0003 003a 00000000
[    9243.940172] /dev/input/event1: 0003 0039 ffffffff
[    9243.940172] /dev/input/event1: 0000 0000 00000000
[    9244.613311] /dev/input/event1: 0003 0039 00000000
[    9244.613311] /dev/input/event1: 0003 0030 000003f1
[    9244.613311] /dev/input/event1: 0003 003a 00000081
[    9244.613311] /dev/input/event1: 0003 0035 00006078
[    9244.613311] /dev/input/event1: 0003 0036 00004eee
[    9244.613311] /dev/input/event1: 0000 0000 00000000
[    9244.732428] /dev/input/event1: 0003 003a 00000000
[    9244.732428] /dev/input/event1: 0003 0039 ffffffff
[    9244.732428] /dev/input/event1: 0000 0000 00000000
[    9245.565333] /dev/input/event1: 0003 0039 00000000
[    9245.565333] /dev/input/event1: 0003 0030 000003f2
[    9245.565333] /dev/input/event1: 0003 003a 00000081
[    9245.565333] /dev/input/event1: 0003 0035 00005887
[    9245.565333] /dev/input/event1: 0003 0036 000063dd
[    9245.565333] /dev/input/event1: 0000 0000 00000000
[    9245.676665] /dev/input/event1: 0003 003a 00000000
[    9245.676665] /dev/input/event1: 0003 0039 ffffffff
[    9245.676665] /dev/input/event1: 0000 0000 00000000
[    9246.653772] /dev/input/event1: 0003 0039 00000000
[    9246.653772] /dev/input/event1: 0003 0030 000003f3
[    9246.653772] /dev/input/event1: 0003 003a 00000081
[    9246.653772] /dev/input/event1: 0003 0035 0000525e
[    9246.653772] /dev/input/event1: 0003 0036 00004f87
[    9246.653772] /dev/input/event1: 0000 0000 00000000
[    9246.748462] /dev/input/event1: 0003 003a 00000000
[    9246.748462] /dev/input/event1: 0003 0039 ffffffff
[    9246.748462] /dev/input/event1: 0000 0000 00000000
[    9247.661598] /dev/input/event1: 0003 0039 00000000
[    9247.661598] /dev/input/event1: 0003 0030 000003f4
[    9247.661598] /dev/input/event1: 0003 003a 00000081
[    9247.661598] /dev/input/event1: 0003 0035 000027f0
[    9247.661598] /dev/input/event1: 0003 0036 000065ba
[    9247.661598] /dev/input/event1: 0000 0000 00000000
[    9247.740531] /dev/input/event1: 0003 003a 00000000
[    9247.740531] /dev/input/event1: 0003 0039 ffffffff
[    9247.740531] /dev/input/event1: 0000 0000 00000000
[    9249.030054] /dev/input/event1: 0003 0039 00000000
[    9249.030054] /dev/input/event1: 0003 0030 000003f5
[    9249.030054] /dev/input/event1: 0003 003a 00000081
[    9249.030054] /dev/input/event1: 0003 0035 000032b9
[    9249.030054] /dev/input/event1: 0003 0036 000071ff
[    9249.030054] /dev/input/event1: 0000 0000 00000000
[    9249.132977] /dev/input/event1: 0003 003a 00000000
[    9249.132977] /dev/input/event1: 0003 0039 ffffffff
[    9249.132977] /dev/input/event1: 0000 0000 00000000
[    9250.822788] /dev/input/event1: 0003 0039 00000000
[    9250.822788] /dev/input/event1: 0003 0030 000003f6
[    9250.822788] /dev/input/event1: 0003 003a 00000081
[    9250.822788] /dev/input/event1: 0003 0035 00000901
[    9250.822788] /dev/input/event1: 0003 0036 00006865
[    9250.822788] /dev/input/event1: 0000 0000 00000000
[    9250.933004] /dev/input/event1: 0003 003a 00000000
[    9250.933004] /dev/input/event1: 0003 0039 ffffffff
[    9250.933004] /dev/input/event1: 0000 0000 00000000
[    9252.597895] /dev/input/event1: 0003 0039 00000000
[    9252.597895] /dev/input/event1: 0003 0030 000003f7
[    9252.597895] /dev/input/event1: 0003 003a 00000081
[    9252.597895] /dev/input/event1: 0003 0035 00006ecf
[    9252.597895] /dev/input/event1: 0003 0036 000050aa
[    9252.597895] /dev/input/event1: 0000 0000 00000000
[    9252.717532] /dev/input/event1: 0003 003a 00000000
[    9252.717532] /dev/input/event1: 0003 0039 ffffffff
[    9252.717532] /dev/input/event1: 0000 0000 00000000
[    9253.333855] /dev/input/event1: 0003 0039 00000000
[    9253.333855] /dev/input/event1: 0003 0030 000003f8
[    9253.333855] /dev/input/event1: 0003 003a 00000081
[    9253.333855] /dev/input/event1: 0003 0035 000054db
[    9253.333855] /dev/input/event1: 0003 0036 000050cc
[    9253.333855] /dev/input/event1: 0000 0000 00000000
[    9253.469035] /dev/input/event1: 0003 0035 0000549e
[    9253.469035] /dev/input/event1: 0000 0000 00000000
[    9253.477047] /dev/input/event1: 0003 0035 00005406
[    9253.477047] /dev/input/event1: 0000 0000 00000000
[    9253.477355] /dev/input/event1: 0003 003a 00000000
[    9253.477355] /dev/input/event1: 0003 0039 ffffffff
[    9253.477355] /dev/input/event1: 0000 0000 00000000
[    9254.198729] /dev/input/event1: 0003 0039 00000000
[    9254.198729] /dev/input/event1: 0003 0030 000003f9
[    9254.198729] /dev/input/event1: 0003 003a 00000081
[    9254.198729] /dev/input/event1: 0003 0035 00003a6d
[    9254.198729] /dev/input/event1: 0003 0036 000050ee
[    9254.198729] /dev/input/event1: 0000 0000 00000000
[    9254.325570] /dev/input/event1: 0003 003a 00000000
[    9254.325570] /dev/input/event1: 0003 0039 ffffffff
[    9254.325570] /dev/input/event1: 0000 0000 00000000
[    9255.406386] /dev/input/event1: 0003 0039 00000000
[    9255.406386] /dev/input/event1: 0003 0030 000003fa
[    9255.406386] /dev/input/event1: 0003 003a 00000081
[    9255.406386] /dev/input/event1: 0003 0035 00007461
[    9255.406386] /dev/input/event1: 0003 0036 00005b10
[    9255.406386] /dev/input/event1: 0000 0000 00000000
[    9255.517770] /dev/input/event1: 0003 003a 00000000
[    9255.517770] /dev/input/event1: 0003 0039 ffffffff
[    9255.517770] /dev/input/event1: 0000 0000 00000000
[    9256.327176] /dev/input/event1: 0003 0039 00000000
[    9256.327176] /dev/input/event1: 0003 0030 000003fb
[    9256.327176] /dev/input/event1: 0003 003a 00000081
[    9256.327176] /dev/input/event1: 0003 0035 00000fff
[    9256.327176] /dev/input/event1: 0003 0036 000059a9
[    9256.327176] /dev/input/event1: 0000 0000 00000000
[    9256.397705] /dev/input/event1: 0003 003a 00000000
[    9256.397705] /dev/input/event1: 0003 0039 ffffffff
[    9256.397705] /dev/input/event1: 0000 0000 00000000
[    9256.910904] /dev/input/event1: 0003 0039 00000000
[    9256.910904] /dev/input/event1: 0003 0030 000003fc
[    9256.910904] /dev/input/event1: 0003 003a 00000081
[    9256.910904] /dev/input/event1: 0003 0035 0000125e
[    9256.910904] /dev/input/event1: 0003 0036 00005165
[    9256.910904] /dev/input/event1: 0000 0000 00000000
[    9257.005782] /dev/input/event1: 0003 003a 00000000
[    9257.005782] /dev/input/event1: 0003 0039 ffffffff
[    9257.005782] /dev/input/event1: 0000 0000 00000000
[    9258.358674] /dev/input/event1: 0003 0039 00000000
[    9258.358674] /dev/input/event1: 0003 0030 000003fd
[    9258.358674] /dev/input/event1: 0003 003a 00000081
[    9258.358674] /dev/input/event1: 0003 0035 000015b0
[    9258.358674] /dev/input/event1: 0003 0036 000059ee
[    9258.358674] /dev/input/event1: 0000 0000 00000000
[    9258.389697] /dev/input/event1: 0003 0035 00001536
[    9258.389697] /dev/input/event1: 0000 0000 00000000
[    9258.405630] /dev/input/event1: 0003 0035 000014db
[    9258.405630] /dev/input/event1: 0000 0000 00000000
[    9258.478084] /dev/input/event1: 0003 003a 00000000
[    9258.478084] /dev/input/event1: 0003 0039 ffffffff
[    9258.478084] /dev/input/event1: 0000 0000 00000000
[    9263.479684] /dev/input/event1: 0003 0039 00000000
[    9263.479684] /dev/input/event1: 0003 0030 000003fe
[    9263.479684] /dev/input/event1: 0003 003a 00000081
[    9263.479684] /dev/input/event1: 0003 0035 00007683
[    9263.479684] /dev/input/event1: 0003 0036 000071a9
[    9263.479684] /dev/input/event1: 0000 0000 00000000
[    9263.590729] /dev/input/event1: 0003 003a 00000000
[    9263.590729] /dev/input/event1: 0003 0039 ffffffff
[    9263.590729] /dev/input/event1: 0000 0000 00000000
[    9268.008042] /dev/input/event1: 0003 0039 00000000
[    9268.008042] /dev/input/event1: 0003 0030 000003ff
[    9268.008042] /dev/input/event1: 0003 003a 00000081
[    9268.008042] /dev/input/event1: 0003 0035 0000338d
[    9268.008042] /dev/input/event1: 0003 0036 00001177
[    9268.008042] /dev/input/event1: 0000 0000 00000000
[    9268.263196] /dev/input/event1: 0003 003a 00000000
[    9268.263196] /dev/input/event1: 0003 0039 ffffffff
[    9268.263196] /dev/input/event1: 0000 0000 00000000
[    9271.832569] /dev/input/event1: 0003 0039 00000000
[    9271.832569] /dev/input/event1: 0003 0030 00000400
[    9271.832569] /dev/input/event1: 0003 003a 00000081
[    9271.832569] /dev/input/event1: 0003 0035 000048c4
[    9271.832569] /dev/input/event1: 0003 0036 00002899
[    9271.832569] /dev/input/event1: 0000 0000 00000000
[    9271.991513] /dev/input/event1: 0003 003a 00000000
[    9271.991513] /dev/input/event1: 0003 0039 ffffffff
[    9271.991513] /dev/input/event1: 0000 0000 00000000
[    9275.736822] /dev/input/event1: 0003 0039 00000000
[    9275.736822] /dev/input/event1: 0003 0030 00000401
[    9275.736822] /dev/input/event1: 0003 003a 00000081
[    9275.736822] /dev/input/event1: 0000 0000 00000000
[    9275.896014] /dev/input/event1: 0003 003a 00000000
[    9275.896014] /dev/input/event1: 0003 0039 ffffffff
[    9275.896014] /dev/input/event1: 0000 0000 00000000
[    9279.777669] /dev/input/event1: 0003 0039 00000000
[    9279.777669] /dev/input/event1: 0003 0030 00000402
[    9279.777669] /dev/input/event1: 0003 003a 00000081
[    9279.777669] /dev/input/event1: 0003 0035 00003fa4
[    9279.777669] /dev/input/event1: 0003 0036 00000a88
[    9279.777669] /dev/input/event1: 0000 0000 00000000
[    9279.856636] /dev/input/event1: 0003 003a 00000000
[    9279.856636] /dev/input/event1: 0003 0039 ffffffff
[    9279.856636] /dev/input/event1: 0000 0000 00000000
[    9282.769933] /dev/input/event1: 0003 0039 00000000
[    9282.769933] /dev/input/event1: 0003 0030 00000403
[    9282.769933] /dev/input/event1: 0003 003a 00000081
[    9282.769933] /dev/input/event1: 0003 0035 00000888
[    9282.769933] /dev/input/event1: 0003 0036 000066cb
[    9282.769933] /dev/input/event1: 0000 0000 00000000
[    9282.905213] /dev/input/event1: 0003 003a 00000000
[    9282.905213] /dev/input/event1: 0003 0039 ffffffff
[    9282.905213] /dev/input/event1: 0000 0000 00000000
[    9284.505948] /dev/input/event1: 0003 0039 00000000
[    9284.505948] /dev/input/event1: 0003 0030 00000404
[    9284.505948] /dev/input/event1: 0003 003a 00000081
[    9284.505948] /dev/input/event1: 0003 0035 00005cad
[    9284.505948] /dev/input/event1: 0003 0036 000052aa
[    9284.505948] /dev/input/event1: 0000 0000 00000000
[    9284.617321] /dev/input/event1: 0003 003a 00000000
[    9284.617321] /dev/input/event1: 0003 0039 ffffffff
[    9284.617321] /dev/input/event1: 0000 0000 00000000
[    9285.618510] /dev/input/event1: 0003 0039 00000000
[    9285.618510] /dev/input/event1: 0003 0030 00000405
[    9285.618510] /dev/input/event1: 0003 003a 00000081
[    9285.618510] /dev/input/event1: 0003 0035 0000649e
[    9285.618510] /dev/input/event1: 0003 0036 00006832
[    9285.618510] /dev/input/event1: 0000 0000 00000000
[    9285.729367] /dev/input/event1: 0003 003a 00000000
[    9285.729367] /dev/input/event1: 0003 0039 ffffffff
[    9285.729367] /dev/input/event1: 0000 0000 00000000
[    9286.626490] /dev/input/event1: 0003 0039 00000000
[    9286.626490] /dev/input/event1: 0003 0030 00000406
[    9286.626490] /dev/input/event1: 0003 003a 00000081
[    9286.626490] /dev/input/event1: 0003 0035 00007536
[    9286.626490] /dev/input/event1: 0003 0036 000052aa
[    9286.626490] /dev/input/event1: 0000 0000 00000000
[    9286.745376] /dev/input/event1: 0003 003a 00000000
[    9286.745376] /dev/input/event1: 0003 0039 ffffffff
[    9286.745376] /dev/input/event1: 0000 0000 00000000
[    9287.042062] /dev/input/event1: 0003 0039 00000000
[    9287.042062] /dev/input/event1: 0003 0030 00000407
[    9287.042062] /dev/input/event1: 0003 003a 00000081
[    9287.042062] /dev/input/event1: 0003 0035 00006b41
[    9287.042062] /dev/input/event1: 0003 0036 00005143
[    9287.042062] /dev/input/event1: 0000 0000 00000000
[    9287.129443] /dev/input/event1: 0003 003a 00000000
[    9287.129443] /dev/input/event1: 0003 0039 ffffffff
[    9287.129443] /dev/input/event1: 0000 0000 00000000
[    9288.282895] /dev/input/event1: 0003 0039 00000000
[    9288.282895] /dev/input/event1: 0003 0030 00000408
[    9288.282895] /dev/input/event1: 0003 003a 00000081
[    9288.282895] /dev/input/event1: 0003 0035 00002bd9
[    9288.282895] /dev/input/event1: 0003 0036 00005076
[    9288.282895] /dev/input/event1: 0000 0000 00000000
[    9288.377824] /dev/input/event1: 0003 003a 00000000
[    9288.377824] /dev/input/event1: 0003 0039 ffffffff
[    9288.377824] /dev/input/event1: 0000 0000 00000000
[    9288.786159] /dev/input/event1: 0003 0039 00000000
[    9288.786159] /dev/input/event1: 0003 0030 00000409
[    9288.786159] /dev/input/event1: 0003 003a 00000081
[    9288.786159] /dev/input/event1: 0003 0035 000038c4
[    9288.786159] /dev/input/event1: 0003 0036 00004fff
[    9288.786159] /dev/input/event1: 0000 0000 00000000
[    9288.849764] /dev/input/event1: 0003 003a 00000000
[    9288.849764] /dev/input/event1: 0003 0039 ffffffff
[    9288.849764] /dev/input/event1: 0000 0000 00000000
[    9289.786916] /dev/input/event1: 0003 0039 00000000
[    9289.786916] /dev/input/event1: 0003 0030 0000040a
[    9289.786916] /dev/input/event1: 0003 003a 00000081
[    9289.786916] /dev/input/event1: 0003 0035 00000a31
[    9289.786916] /dev/input/event1: 0003 0036 00005b87
[    9289.786916] /dev/input/event1: 0000 0000 00000000
[    9289.881744] /dev/input/event1: 0003 003a 00000000
[    9289.881744] /dev/input/event1: 0003 0039 ffffffff
[    9289.881744] /dev/input/event1: 0000 0000 00000000
[    9291.091446] /dev/input/event1: 0003 0039 00000000
[    9291.091446] /dev/input/event1: 0003 0030 0000040b
[    9291.091446] /dev/input/event1: 0003 003a 00000081
[    9291.091446] /dev/input/event1: 0003 0035 00005aa9
[    9291.091446] /dev/input/event1: 0003 0036 000065ba
[    9291.091446] /dev/input/event1: 0000 0000 00000000
[    9291.153685] /dev/input/event1: 0003 0035 00005a6d
[    9291.153685] /dev/input/event1: 0003 0036 00006576
[    9291.153685] /dev/input/event1: 0000 0000 00000000
[    9291.161550] /dev/input/event1: 0003 0035 00005a30
[    9291.161550] /dev/input/event1: 0000 0000 00000000
[    9291.169635] /dev/input/event1: 0003 0035 00005998
[    9291.169635] /dev/input/event1: 0000 0000 00000000
[    9291.177631] /dev/input/event1: 0003 0035 000058c4
[    9291.177631] /dev/input/event1: 0003 0036 00006543
[    9291.177631] /dev/input/event1: 0000 0000 00000000
[    9291.185628] /dev/input/event1: 0003 0035 0000582c
[    9291.185628] /dev/input/event1: 0003 0036 00006521
[    9291.185628] /dev/input/event1: 0000 0000 00000000
[    9291.193640] /dev/input/event1: 0003 0035 000057b3
[    9291.193640] /dev/input/event1: 0000 0000 00000000
[    9291.193915] /dev/input/event1: 0003 003a 00000000
[    9291.193915] /dev/input/event1: 0003 0039 ffffffff
[    9291.193915] /dev/input/event1: 0000 0000 00000000
[    9291.691051] /dev/input/event1: 0003 0039 00000000
[    9291.691051] /dev/input/event1: 0003 0030 0000040c
[    9291.691051] /dev/input/event1: 0003 003a 00000081
[    9291.691051] /dev/input/event1: 0003 0035 000035af
[    9291.691051] /dev/input/event1: 0003 0036 00004ecc
[    9291.691051] /dev/input/event1: 0000 0000 00000000
[    9291.770183] /dev/input/event1: 0003 003a 00000000
[    9291.770183] /dev/input/event1: 0003 0039 ffffffff
[    9291.770183] /dev/input/event1: 0000 0000 00000000
[    9292.426979] /dev/input/event1: 0003 0039 00000000
[    9292.426979] /dev/input/event1: 0003 0030 0000040d
[    9292.426979] /dev/input/event1: 0003 003a 00000081
[    9292.426979] /dev/input/event1: 0003 0035 000044db
[    9292.426979] /dev/input/event1: 0003 0036 00006d54
[    9292.426979] /dev/input/event1: 0000 0000 00000000
[    9292.522065] /dev/input/event1: 0003 003a 00000000
[    9292.522065] /dev/input/event1: 0003 0039 ffffffff
[    9292.522065] /dev/input/event1: 0000 0000 00000000
[    9293.346923] /dev/input/event1: 0003 0039 00000000
[    9293.346923] /dev/input/event1: 0003 0030 0000040e
[    9293.346923] /dev/input/event1: 0003 003a 00000081
[    9293.346923] /dev/input/event1: 0003 0035 00000b05
[    9293.346923] /dev/input/event1: 0003 0036 000066cb
[    9293.346923] /dev/input/event1: 0000 0000 00000000
[    9293.466471] /dev/input/event1: 0003 003a 00000000
[    9293.466471] /dev/input/event1: 0003 0039 ffffffff
[    9293.466471] /dev/input/event1: 0000 0000 00000000
[    9295.051061] /dev/input/event1: 0003 0039 00000000
[    9295.051061] /dev/input/event1: 0003 0030 0000040f
[    9295.051061] /dev/input/event1: 0003 003a 00000081
[    9295.051061] /dev/input/event1: 0003 0035 0000625e
[    9295.051061] /dev/input/event1: 0000 0000 00000000
[    9295.154408] /dev/input/event1: 0003 003a 00000000
[    9295.154408] /dev/input/event1: 0003 0039 ffffffff
[    9295.154408] /dev/input/event1: 0000 0000 00000000
[    9295.811626] /dev/input/event1: 0003 0039 00000000
[    9295.811626] /dev/input/event1: 0003 0030 00000410
[    9295.811626] /dev/input/event1: 0003 003a 00000081
[    9295.811626] /dev/input/event1: 0003 0035 00001dfb
[    9295.811626] /dev/input/event1: 0003 0036 00004e76
[    9295.811626] /dev/input/event1: 0000 0000 00000000
[    9295.906591] /dev/input/event1: 0003 003a 00000000
[    9295.906591] /dev/input/event1: 0003 0039 ffffffff
[    9295.906591] /dev/input/event1: 0000 0000 00000000
[    9296.475375] /dev/input/event1: 0003 0039 00000000
[    9296.475375] /dev/input/event1: 0003 0030 00000411
[    9296.475375] /dev/input/event1: 0003 003a 00000081
[    9296.475375] /dev/input/event1: 0003 0035 000017f0
[    9296.475375] /dev/input/event1: 0003 0036 00005a65
[    9296.475375] /dev/input/event1: 0000 0000 00000000
[    9296.562722] /dev/input/event1: 0003 003a 00000000
[    9296.562722] /dev/input/event1: 0003 0039 ffffffff
[    9296.562722] /dev/input/event1: 0000 0000 00000000
[    9296.754648] /dev/input/event1: 0003 0039 00000000
[    9296.754648] /dev/input/event1: 0003 0030 00000412
[    9296.754648] /dev/input/event1: 0003 003a 00000081
[    9296.754648] /dev/input/event1: 0000 0000 00000000
[    9296.858705] /dev/input/event1: 0003 003a 00000000
[    9296.858705] /dev/input/event1: 0003 0039 ffffffff
[    9296.858705] /dev/input/event1: 0000 0000 00000000
[    9297.435561] /dev/input/event1: 0003 0039 00000000
[    9297.435561] /dev/input/event1: 0003 0030 00000413
[    9297.435561] /dev/input/event1: 0003 003a 00000081
[    9297.435561] /dev/input/event1: 0003 0035 00000ed0
[    9297.435561] /dev/input/event1: 0003 0036 00005b10
[    9297.435561] /dev/input/event1: 0000 0000 00000000
[    9297.554657] /dev/input/event1: 0003 003a 00000000
[    9297.554657] /dev/input/event1: 0003 0039 ffffffff
[    9297.554657] /dev/input/event1: 0000 0000 00000000
[    9298.396176] /dev/input/event1: 0003 0039 00000000
[    9298.396176] /dev/input/event1: 0003 0030 00000414
[    9298.396176] /dev/input/event1: 0003 003a 00000081
[    9298.396176] /dev/input/event1: 0003 0035 00003fa4
[    9298.396176] /dev/input/event1: 0003 0036 00005b54
[    9298.396176] /dev/input/event1: 0000 0000 00000000
[    9298.482949] /dev/input/event1: 0003 003a 00000000
[    9298.482949] /dev/input/event1: 0003 0039 ffffffff
[    9298.482949] /dev/input/event1: 0000 0000 00000000
[    9298.955720] /dev/input/event1: 0003 0039 00000000
[    9298.955720] /dev/input/event1: 0003 0030 00000415
[    9298.955720] /dev/input/event1: 0003 003a 00000081
[    9298.955720] /dev/input/event1: 0003 0035 00001f68
[    9298.955720] /dev/input/event1: 0003 0036 00005121
[    9298.955720] /dev/input/event1: 0000 0000 00000000
[    9299.050868] /dev/input/event1: 0003 003a 00000000
[    9299.050868] /dev/input/event1: 0003 0039 ffffffff
[    9299.050868] /dev/input/event1: 0000 0000 00000000
[    9300.084002] /dev/input/event1: 0003 0039 00000000
[    9300.084002] /dev/input/event1: 0003 0030 00000416
[    9300.084002] /dev/input/event1: 0003 003a 00000081
[    9300.084002] /dev/input/event1: 0003 0035 0000760a
[    9300.084002] /dev/input/event1: 0003 0036 000071ff
[    9300.084002] /dev/input/event1: 0000 0000 00000000
[    9300.219321] /dev/input/event1: 0003 003a 00000000
[    9300.219321] /dev/input/event1: 0003 0039 ffffffff
[    9300.219321] /dev/input/event1: 0000 0000 00000000
[    9303.116733] /dev/input/event1: 0003 0039 00000000
[    9303.116733] /dev/input/event1: 0003 0030 00000417
[    9303.116733] /dev/input/event1: 0003 003a 00000081
[    9303.116733] /dev/input/event1: 0003 0035 000037b3
[    9303.116733] /dev/input/event1: 0003 0036 000019ff
[    9303.116733] /dev/input/event1: 0000 0000 00000000
[    9303.283496] /dev/input/event1: 0003 003a 00000000
[    9303.283496] /dev/input/event1: 0003 0039 ffffffff
[    9303.283496] /dev/input/event1: 0000 0000 00000000
[    9305.580448] /dev/input/event1: 0003 0039 00000000
[    9305.580448] /dev/input/event1: 0003 0030 00000418
[    9305.580448] /dev/input/event1: 0003 003a 00000081
[    9305.580448] /dev/input/event1: 0003 0035 000026df
[    9305.580448] /dev/input/event1: 0003 0036 00002044
[    9305.580448] /dev/input/event1: 0000 0000 00000000
[    9305.683684] /dev/input/event1: 0003 003a 00000000
[    9305.683684] /dev/input/event1: 0003 0039 ffffffff
[    9305.683684] /dev/input/event1: 0000 0000 00000000
[    9308.637031] /dev/input/event1: 0003 0039 00000000
[    9308.637031] /dev/input/event1: 0003 0030 00000419
[    9308.637031] /dev/input/event1: 0003 003a 00000081
[    9308.637031] /dev/input/event1: 0003 0035 000019d6
[    9308.637031] /dev/input/event1: 0003 0036 000054aa
[    9308.637031] /dev/input/event1: 0000 0000 00000000
[    9308.796086] /dev/input/event1: 0003 003a 00000000
[    9308.796086] /dev/input/event1: 0003 0039 ffffffff
[    9308.796086] /dev/input/event1: 0000 0000 00000000
[    9311.308911] /dev/input/event1: 0003 0039 00000000
[    9311.308911] /dev/input/event1: 0003 0030 0000041a
[    9311.308911] /dev/input/event1: 0003 003a 00000081
[    9311.308911] /dev/input/event1: 0003 0035 00000759
[    9311.308911] /dev/input/event1: 0003 0036 