add device 1: /dev/input/event0
  name:     "Power Button"
add device 2: /dev/input/event1
  name:     "qwerty2"
[   10695.336062] /dev/input/event1: 0003 0039 00000000
[   10695.336062] /dev/input/event1: 0003 0030 00000117
[   10695.336062] /dev/input/event1: 0003 003a 00000081
[   10695.336062] /dev/input/event1: 0003 0035 0000216b
[   10695.336062] /dev/input/event1: 0003 0036 000073a9
[   10695.336062] /dev/input/event1: 0000 0000 00000000
[   10695.458880] /dev/input/event1: 0003 003a 00000000
[   10695.458880] /dev/input/event1: 0003 0039 ffffffff
[   10695.458880] /dev/input/event1: 0000 0000 00000000
[   10699.937729] /dev/input/event1: 0003 0039 00000000
[   10699.937729] /dev/input/event1: 0003 0030 00000118
[   10699.937729] /dev/input/event1: 0003 003a 00000081
[   10699.937729] /dev/input/event1: 0003 0035 00003332
[   10699.937729] /dev/input/event1: 0003 0036 00005887
[   10699.937729] /dev/input/event1: 0000 0000 00000000
[   10700.420881] /dev/input/event1: 0003 0036 00005865
[   10700.420881] /dev/input/event1: 0000 0000 00000000
[   10700.432237] /dev/input/event1: 0003 0036 00005843
[   10700.432237] /dev/input/event1: 0000 0000 00000000
[   10700.441706] /dev/input/event1: 0003 0035 0000338d
[   10700.441706] /dev/input/event1: 0003 0036 000057ff
[   10700.441706] /dev/input/event1: 0000 0000 00000000
[   10700.453112] /dev/input/event1: 0003 0036 000057a9
[   10700.453112] /dev/input/event1: 0000 0000 00000000
[   10700.464407] /dev/input/event1: 0003 0035 000033ca
[   10700.464407] /dev/input/event1: 0003 0036 00005765
[   10700.464407] /dev/input/event1: 0000 0000 00000000
[   10700.475480] /dev/input/event1: 0003 0036 00005743
[   10700.475480] /dev/input/event1: 0000 0000 00000000
[   10700.486723] /dev/input/event1: 0003 0035 00003407
[   10700.486723] /dev/input/event1: 0003 0036 000056ff
[   10700.486723] /dev/input/event1: 0000 0000 00000000
[   10700.497920] /dev/input/event1: 0003 0036 000056a9
[   10700.497920] /dev/input/event1: 0000 0000 00000000
[   10700.509159] /dev/input/event1: 0003 0036 00005687
[   10700.509159] /dev/input/event1: 0000 0000 00000000
[   10700.520468] /dev/input/event1: 0003 0036 00005665
[   10700.520468] /dev/input/event1: 0000 0000 00000000
[   10700.531611] /dev/input/event1: 0003 0035 00003443
[   10700.531611] /dev/input/event1: 0003 0036 00005621
[   10700.531611] /dev/input/event1: 0000 0000 00000000
[   10700.542870] /dev/input/event1: 0003 0036 000055cc
[   10700.542870] /dev/input/event1: 0000 0000 00000000
[   10700.554188] /dev/input/event1: 0003 0035 00003480
[   10700.554188] /dev/input/event1: 0003 0036 00005565
[   10700.554188] /dev/input/event1: 0000 0000 00000000
[   10700.565355] /dev/input/event1: 0003 0035 000034bd
[   10700.565355] /dev/input/event1: 0003 0036 000054ff
[   10700.565355] /dev/input/event1: 0000 0000 00000000
[   10700.576873] /dev/input/event1: 0003 0035 00003554
[   10700.576873] /dev/input/event1: 0003 0036 00005443
[   10700.576873] /dev/input/event1: 0000 0000 00000000
[   10700.588175] /dev/input/event1: 0003 0035 000035ce
[   10700.588175] /dev/input/event1: 0003 0036 00005387
[   10700.588175] /dev/input/event1: 0000 0000 00000000
[   10700.599325] /dev/input/event1: 0003 0035 0000360a
[   10700.599325] /dev/input/event1: 0003 0036 000052ff
[   10700.599325] /dev/input/event1: 0000 0000 00000000
[   10700.610579] /dev/input/event1: 0003 0035 00003684
[   10700.610579] /dev/input/event1: 0003 0036 00005243
[   10700.610579] /dev/input/event1: 0000 0000 00000000
[   10700.622439] /dev/input/event1: 0003 0035 000036c0
[   10700.622439] /dev/input/event1: 0003 0036 00005165
[   10700.622439] /dev/input/event1: 0000 0000 00000000
[   10700.633881] /dev/input/event1: 0003 0035 0000371c
[   10700.633881] /dev/input/event1: 0003 0036 000050cc
[   10700.633881] /dev/input/event1: 0000 0000 00000000
[   10700.644112] /dev/input/event1: 0003 0035 00003795
[   10700.644112] /dev/input/event1: 0003 0036 00004fff
[   10700.644112] /dev/input/event1: 0000 0000 00000000
[   10700.656387] /dev/input/event1: 0003 0035 000037d2
[   10700.656387] /dev/input/event1: 0003 0036 00004eff
[   10700.656387] /dev/input/event1: 0000 0000 00000000
[   10700.667399] /dev/input/event1: 0003 0035 0000380e
[   10700.667399] /dev/input/event1: 0003 0036 00004e43
[   10700.667399] /dev/input/event1: 0000 0000 00000000
[   10700.678159] /dev/input/event1: 0003 0035 0000384b
[   10700.678159] /dev/input/event1: 0003 0036 00004daa
[   10700.678159] /dev/input/event1: 0000 0000 00000000
[   10700.689117] /dev/input/event1: 0003 0035 000038e3
[   10700.689117] /dev/input/event1: 0003 0036 00004c87
[   10700.689117] /dev/input/event1: 0000 0000 00000000
[   10700.700671] /dev/input/event1: 0003 0035 0000391f
[   10700.700671] /dev/input/event1: 0003 0036 00004b65
[   10700.700671] /dev/input/event1: 0000 0000 00000000
[   10700.711758] /dev/input/event1: 0003 0035 00003999
[   10700.711758] /dev/input/event1: 0003 0036 00004a21
[   10700.711758] /dev/input/event1: 0000 0000 00000000
[   10700.722936] /dev/input/event1: 0003 0035 000039d5
[   10700.722936] /dev/input/event1: 0003 0036 00004921
[   10700.722936] /dev/input/event1: 0000 0000 00000000
[   10700.735205] /dev/input/event1: 0003 0035 00003a4f
[   10700.735205] /dev/input/event1: 0003 0036 000047aa
[   10700.735205] /dev/input/event1: 0000 0000 00000000
[   10700.745429] /dev/input/event1: 0003 0035 00003ae6
[   10700.745429] /dev/input/event1: 0003 0036 00004643
[   10700.745429] /dev/input/event1: 0000 0000 00000000
[   10700.756690] /dev/input/event1: 0003 0035 00003b23
[   10700.756690] /dev/input/event1: 0003 0036 00004543
[   10700.756690] /dev/input/event1: 0000 0000 00000000
[   10700.767836] /dev/input/event1: 0003 0035 00003b9c
[   10700.767836] /dev/input/event1: 0003 0036 000043aa
[   10700.767836] /dev/input/event1: 0000 0000 00000000
[   10700.779489] /dev/input/event1: 0003 0035 00003c16
[   10700.779489] /dev/input/event1: 0003 0036 00004221
[   10700.779489] /dev/input/event1: 0000 0000 00000000
[   10700.790551] /dev/input/event1: 0003 0036 000040aa
[   10700.790551] /dev/input/event1: 0000 0000 00000000
[   10700.802444] /dev/input/event1: 0003 0035 00003c71
[   10700.802444] /dev/input/event1: 0003 0036 00003f88
[   10700.802444] /dev/input/event1: 0000 0000 00000000
[   10700.813066] /dev/input/event1: 0003 0035 00003cad
[   10700.813066] /dev/input/event1: 0003 0036 00003dcc
[   10700.813066] /dev/input/event1: 0000 0000 00000000
[   10700.824140] /dev/input/event1: 0003 0035 00003cea
[   10700.824140] /dev/input/event1: 0003 0036 00003c65
[   10700.824140] /dev/input/event1: 0000 0000 00000000
[   10700.835361] /dev/input/event1: 0003 0035 00003d27
[   10700.835361] /dev/input/event1: 0003 0036 00003b65
[   10700.835361] /dev/input/event1: 0000 0000 00000000
[   10700.846763] /dev/input/event1: 0003 0035 00003da0
[   10700.846763] /dev/input/event1: 0003 0036 000039ff
[   10700.846763] /dev/input/event1: 0000 0000 00000000
[   10700.858256] /dev/input/event1: 0003 0035 00003ddd
[   10700.858256] /dev/input/event1: 0003 0036 000038cc
[   10700.858256] /dev/input/event1: 0000 0000 00000000
[   10700.869186] /dev/input/event1: 0003 0035 00003e38
[   10700.869186] /dev/input/event1: 0003 0036 00003788
[   10700.869186] /dev/input/event1: 0000 0000 00000000
[   10700.880586] /dev/input/event1: 0003 0035 00003e75
[   10700.880586] /dev/input/event1: 0003 0036 000036aa
[   10700.880586] /dev/input/event1: 0000 0000 00000000
[   10700.891888] /dev/input/event1: 0003 0035 00003eb1
[   10700.891888] /dev/input/event1: 0003 0036 00003565
[   10700.891888] /dev/input/event1: 0000 0000 00000000
[   10700.902984] /dev/input/event1: 0003 0035 00003eee
[   10700.902984] /dev/input/event1: 0003 0036 00003443
[   10700.902984] /dev/input/event1: 0000 0000 00000000
[   10700.914262] /dev/input/event1: 0003 0035 00003f2b
[   10700.914262] /dev/input/event1: 0003 0036 00003321
[   10700.914262] /dev/input/event1: 0000 0000 00000000
[   10700.925604] /dev/input/event1: 0003 0035 00003f67
[   10700.925604] /dev/input/event1: 0003 0036 00003243
[   10700.925604] /dev/input/event1: 0000 0000 00000000
[   10700.936768] /dev/input/event1: 0003 0035 00003fa4
[   10700.936768] /dev/input/event1: 0003 0036 000030ff
[   10700.936768] /dev/input/event1: 0000 0000 00000000
[   10700.948039] /dev/input/event1: 0003 0035 0000403c
[   10700.948039] /dev/input/event1: 0003 0036 00002fcc
[   10700.948039] /dev/input/event1: 0000 0000 00000000
[   10700.959232] /dev/input/event1: 0003 0035 00004078
[   10700.959232] /dev/input/event1: 0003 0036 00002eff
[   10700.959232] /dev/input/event1: 0000 0000 00000000
[   10700.970988] /dev/input/event1: 0003 0035 000040f2
[   10700.970988] /dev/input/event1: 0003 0036 00002dcc
[   10700.970988] /dev/input/event1: 0000 0000 00000000
[   10700.981778] /dev/input/event1: 0003 0035 0000412e
[   10700.981778] /dev/input/event1: 0003 0036 00002caa
[   10700.981778] /dev/input/event1: 0000 0000 00000000
[   10700.993102] /dev/input/event1: 0003 0035 0000416b
[   10700.993102] /dev/input/event1: 0003 0036 00002b88
[   10700.993102] /dev/input/event1: 0000 0000 00000000
[   10701.004410] /dev/input/event1: 0003 0035 000041c6
[   10701.004410] /dev/input/event1: 0003 0036 00002aaa
[   10701.004410] /dev/input/event1: 0000 0000 00000000
[   10701.015749] /dev/input/event1: 0003 0035 0000423f
[   10701.015749] /dev/input/event1: 0003 0036 000029aa
[   10701.015749] /dev/input/event1: 0000 0000 00000000
[   10701.026892] /dev/input/event1: 0003 0035 0000427c
[   10701.026892] /dev/input/event1: 0003 0036 00002888
[   10701.026892] /dev/input/event1: 0000 0000 00000000
[   10701.038701] /dev/input/event1: 0003 0036 00002788
[   10701.038701] /dev/input/event1: 0000 0000 00000000
[   10701.049416] /dev/input/event1: 0003 0035 000042b9
[   10701.049416] /dev/input/event1: 0003 0036 000026ff
[   10701.049416] /dev/input/event1: 0000 0000 00000000
[   10701.060706] /dev/input/event1: 0003 0035 000042f5
[   10701.060706] /dev/input/event1: 0003 0036 00002621
[   10701.060706] /dev/input/event1: 0000 0000 00000000
[   10701.071975] /dev/input/event1: 0003 0036 00002543
[   10701.071975] /dev/input/event1: 0000 0000 00000000
[   10701.083774] /dev/input/event1: 0003 0036 000024aa
[   10701.083774] /dev/input/event1: 0000 0000 00000000
[   10701.094113] /dev/input/event1: 0003 0035 00004332
[   10701.094113] /dev/input/event1: 0003 0036 000023cc
[   10701.094113] /dev/input/event1: 0000 0000 00000000
[   10701.105858] /dev/input/event1: 0003 0036 000022ff
[   10701.105858] /dev/input/event1: 0000 0000 00000000
[   10701.117294] /dev/input/event1: 0003 0036 00002221
[   10701.117294] /dev/input/event1: 0000 0000 00000000
[   10701.127842] /dev/input/event1: 0003 0035 0000438d
[   10701.127842] /dev/input/event1: 0003 0036 00002188
[   10701.127842] /dev/input/event1: 0000 0000 00000000
[   10701.139403] /dev/input/event1: 0003 0036 000020aa
[   10701.139403] /dev/input/event1: 0000 0000 00000000
[   10701.150692] /dev/input/event1: 0003 0036 00001fff
[   10701.150692] /dev/input/event1: 0000 0000 00000000
[   10701.161526] /dev/input/event1: 0003 0036 00001eff
[   10701.161526] /dev/input/event1: 0000 0000 00000000
[   10701.172858] /dev/input/event1: 0003 0036 00001e44
[   10701.172858] /dev/input/event1: 0000 0000 00000000
[   10701.184176] /dev/input/event1: 0003 0036 00001d44
[   10701.184176] /dev/input/event1: 0000 0000 00000000
[   10701.195433] /dev/input/event1: 0003 0036 00001c88
[   10701.195433] /dev/input/event1: 0000 0000 00000000
[   10701.206616] /dev/input/event1: 0003 0036 00001bff
[   10701.206616] /dev/input/event1: 0000 0000 00000000
[   10701.218070] /dev/input/event1: 0003 0036 00001b21
[   10701.218070] /dev/input/event1: 0000 0000 00000000
[   10701.229160] /dev/input/event1: 0003 0036 00001a44
[   10701.229160] /dev/input/event1: 0000 0000 00000000
[   10701.240600] /dev/input/event1: 0003 0036 00001966
[   10701.240600] /dev/input/event1: 0000 0000 00000000
[   10701.252161] /dev/input/event1: 0003 0036 000018aa
[   10701.252161] /dev/input/event1: 0000 0000 00000000
[   10701.263346] /dev/input/event1: 0003 0036 000017ff
[   10701.263346] /dev/input/event1: 0000 0000 00000000
[   10701.274528] /dev/input/event1: 0003 0036 00001744
[   10701.274528] /dev/input/event1: 0000 0000 00000000
[   10701.285447] /dev/input/event1: 0003 0036 00001688
[   10701.285447] /dev/input/event1: 0000 0000 00000000
[   10701.296731] /dev/input/event1: 0003 0036 000015ff
[   10701.296731] /dev/input/event1: 0000 0000 00000000
[   10701.307857] /dev/input/event1: 0003 0036 00001566
[   10701.307857] /dev/input/event1: 0000 0000 00000000
[   10701.319453] /dev/input/event1: 0003 0036 000014aa
[   10701.319453] /dev/input/event1: 0000 0000 00000000
[   10701.330484] /dev/input/event1: 0003 0036 00001421
[   10701.330484] /dev/input/event1: 0000 0000 00000000
[   10701.341679] /dev/input/event1: 0003 0036 00001388
[   10701.341679] /dev/input/event1: 0000 0000 00000000
[   10701.352798] /dev/input/event1: 0003 0036 000012cc
[   10701.352798] /dev/input/event1: 0000 0000 00000000
[   10701.364153] /dev/input/event1: 0003 0036 00001221
[   10701.364153] /dev/input/event1: 0000 0000 00000000
[   10701.375279] /dev/input/event1: 0003 0036 000011aa
[   10701.375279] /dev/input/event1: 0000 0000 00000000
[   10701.386812] /dev/input/event1: 0003 0036 000010ff
[   10701.386812] /dev/input/event1: 0000 0000 00000000
[   10701.397849] /dev/input/event1: 0003 0036 00001066
[   10701.397849] /dev/input/event1: 0000 0000 00000000
[   10701.409015] /dev/input/event1: 0003 0036 00000fff
[   10701.409015] /dev/input/event1: 0000 0000 00000000
[   10701.420542] /dev/input/event1: 0003 0036 00000f66
[   10701.420542] /dev/input/event1: 0000 0000 00000000
[   10701.431596] /dev/input/event1: 0003 0036 00000ecc
[   10701.431596] /dev/input/event1: 0000 0000 00000000
[   10701.442925] /dev/input/event1: 0003 0036 00000e66
[   10701.442925] /dev/input/event1: 0000 0000 00000000
[   10701.454429] /dev/input/event1: 0003 0036 00000e22
[   10701.454429] /dev/input/event1: 0000 0000 00000000
[   10701.465451] /dev/input/event1: 0003 0036 00000daa
[   10701.465451] /dev/input/event1: 0000 0000 00000000
[   10701.476524] /dev/input/event1: 0003 0036 00000d66
[   10701.476524] /dev/input/event1: 0000 0000 00000000
[   10701.487847] /dev/input/event1: 0003 0036 00000cff
[   10701.487847] /dev/input/event1: 0000 0000 00000000
[   10701.499191] /dev/input/event1: 0003 0036 00000caa
[   10701.499191] /dev/input/event1: 0000 0000 00000000
[   10701.510434] /dev/input/event1: 0003 0036 00000c88
[   10701.510434] /dev/input/event1: 0000 0000 00000000
[   10701.522357] /dev/input/event1: 0003 0036 00000c44
[   10701.522357] /dev/input/event1: 0000 0000 00000000
[   10701.533695] /dev/input/event1: 0003 0036 00000c22
[   10701.533695] /dev/input/event1: 0000 0000 00000000
[   10701.544001] /dev/input/event1: 0003 0036 00000bff
[   10701.544001] /dev/input/event1: 0000 0000 00000000
[   10701.556234] /dev/input/event1: 0003 0036 00000bcc
[   10701.556234] /dev/input/event1: 0000 0000 00000000
[   10701.567298] /dev/input/event1: 0003 0036 00000b88
[   10701.567298] /dev/input/event1: 0000 0000 00000000
[   10701.589359] /dev/input/event1: 0003 0036 00000b66
[   10701.589359] /dev/input/event1: 0000 0000 00000000
[   10701.600637] /dev/input/event1: 0003 0036 00000b44
[   10701.600637] /dev/input/event1: 0000 0000 00000000
[   10701.611568] /dev/input/event1: 0003 0036 00000aff
[   10701.611568] /dev/input/event1: 0000 0000 00000000
[   10701.634184] /dev/input/event1: 0003 0036 00000acc
[   10701.634184] /dev/input/event1: 0000 0000 00000000
[   10701.645805] /dev/input/event1: 0003 0036 00000aaa
[   10701.645805] /dev/input/event1: 0000 0000 00000000
[   10701.951721] /dev/input/event1: 0003 003a 00000000
[   10701.951721] /dev/input/event1: 0003 0039 ffffffff
[   10701.951721] /dev/input/event1: 0000 0000 00000000
[   10704.290898] /dev/input/event1: 0003 0039 00000000
[   10704.290898] /dev/input/event1: 0003 0030 00000119
[   10704.290898] /dev/input/event1: 0003 003a 00000081
[   10704.290898] /dev/input/event1: 0003 0035 0000284b
[   10704.290898] /dev/input/event1: 0003 0036 00006843
[   10704.290898] /dev/input/event1: 0000 0000 00000000
[   10704.695506] /dev/input/event1: 0003 0035 00002888
[   10704.695506] /dev/input/event1: 0000 0000 00000000
[   10704.705475] /dev/input/event1: 0003 0036 000067ff
[   10704.705475] /dev/input/event1: 0000 0000 00000000
[   10704.716743] /dev/input/event1: 0003 0036 000067cb
[   10704.716743] /dev/input/event1: 0000 0000 00000000
[   10704.727985] /dev/input/event1: 0003 0035 000028e3
[   10704.727985] /dev/input/event1: 0003 0036 00006787
[   10704.727985] /dev/input/event1: 0000 0000 00000000
[   10704.739439] /dev/input/event1: 0003 0035 0000291f
[   10704.739439] /dev/input/event1: 0003 0036 000066ff
[   10704.739439] /dev/input/event1: 0000 0000 00000000
[   10704.750711] /dev/input/event1: 0003 0035 0000295c
[   10704.750711] /dev/input/event1: 0003 0036 00006665
[   10704.750711] /dev/input/event1: 0000 0000 00000000
[   10704.761710] /dev/input/event1: 0003 0035 000029d5
[   10704.761710] /dev/input/event1: 0003 0036 00006587
[   10704.761710] /dev/input/event1: 0000 0000 00000000
[   10704.772790] /dev/input/event1: 0003 0035 00002a12
[   10704.772790] /dev/input/event1: 0003 0036 000064ff
[   10704.772790] /dev/input/event1: 0000 0000 00000000
[   10704.784479] /dev/input/event1: 0003 0035 00002aaa
[   10704.784479] /dev/input/event1: 0003 0036 00006421
[   10704.784479] /dev/input/event1: 0000 0000 00000000
[   10704.795369] /dev/input/event1: 0003 0035 00002b23
[   10704.795369] /dev/input/event1: 0003 0036 00006343
[   10704.795369] /dev/input/event1: 0000 0000 00000000
[   10704.806768] /dev/input/event1: 0003 0035 00002b60
[   10704.806768] /dev/input/event1: 0003 0036 00006265
[   10704.806768] /dev/input/event1: 0000 0000 00000000
[   10704.818131] /dev/input/event1: 0003 0035 00002b9d
[   10704.818131] /dev/input/event1: 0003 0036 000061a9
[   10704.818131] /dev/input/event1: 0000 0000 00000000
[   10704.829094] /dev/input/event1: 0003 0035 00002bd9
[   10704.829094] /dev/input/event1: 0003 0036 000060cc
[   10704.829094] /dev/input/event1: 0000 0000 00000000
[   10704.840558] /dev/input/event1: 0003 0035 00002c71
[   10704.840558] /dev/input/event1: 0003 0036 00005fff
[   10704.840558] /dev/input/event1: 0000 0000 00000000
[   10704.851706] /dev/input/event1: 0003 0035 00002cae
[   10704.851706] /dev/input/event1: 0003 0036 00005f65
[   10704.851706] /dev/input/event1: 0000 0000 00000000
[   10704.862871] /dev/input/event1: 0003 0035 00002cea
[   10704.862871] /dev/input/event1: 0003 0036 00005ea9
[   10704.862871] /dev/input/event1: 0000 0000 00000000
[   10704.874074] /dev/input/event1: 0003 0036 00005dff
[   10704.874074] /dev/input/event1: 0000 0000 00000000
[   10704.885385] /dev/input/event1: 0003 0035 00002d27
[   10704.885385] /dev/input/event1: 0003 0036 00005d65
[   10704.885385] /dev/input/event1: 0000 0000 00000000
[   10704.896629] /dev/input/event1: 0003 0036 00005ccc
[   10704.896629] /dev/input/event1: 0000 0000 00000000
[   10704.908036] /dev/input/event1: 0003 0035 00002d64
[   10704.908036] /dev/input/event1: 0003 0036 00005c43
[   10704.908036] /dev/input/event1: 0000 0000 00000000
[   10704.919425] /dev/input/event1: 0003 0036 00005ba9
[   10704.919425] /dev/input/event1: 0000 0000 00000000
[   10704.930449] /dev/input/event1: 0003 0036 00005aff
[   10704.930449] /dev/input/event1: 0000 0000 00000000
[   10704.941614] /dev/input/event1: 0003 0035 00002da0
[   10704.941614] /dev/input/event1: 0003 0036 00005a65
[   10704.941614] /dev/input/event1: 0000 0000 00000000
[   10704.953460] /dev/input/event1: 0003 0036 000059cc
[   10704.953460] /dev/input/event1: 0000 0000 00000000
[   10704.964513] /dev/input/event1: 0003 0036 00005921
[   10704.964513] /dev/input/event1: 0000 0000 00000000
[   10704.975820] /dev/input/event1: 0003 0036 00005887
[   10704.975820] /dev/input/event1: 0000 0000 00000000
[   10704.986585] /dev/input/event1: 0003 0035 00002ddd
[   10704.986585] /dev/input/event1: 0003 0036 000057a9
[   10704.986585] /dev/input/event1: 0000 0000 00000000
[   10704.997892] /dev/input/event1: 0003 0035 00002e38
[   10704.997892] /dev/input/event1: 0003 0036 000056a9
[   10704.997892] /dev/input/event1: 0000 0000 00000000
[   10705.009324] /dev/input/event1: 0003 0035 00002eb1
[   10705.009324] /dev/input/event1: 0003 0036 00005587
[   10705.009324] /dev/input/event1: 0000 0000 00000000
[   10705.020832] /dev/input/event1: 0003 0035 00002eee
[   10705.020832] /dev/input/event1: 0003 0036 000054cc
[   10705.020832] /dev/input/event1: 0000 0000 00000000
[   10705.031696] /dev/input/event1: 0003 0035 00002f2b
[   10705.031696] /dev/input/event1: 0003 0036 00005365
[   10705.031696] /dev/input/event1: 0000 0000 00000000
[   10705.042829] /dev/input/event1: 0003 0035 00002fa4
[   10705.042829] /dev/input/event1: 0003 0036 000051ff
[   10705.042829] /dev/input/event1: 0000 0000 00000000
[   10705.054163] /dev/input/event1: 0003 0035 0000303c
[   10705.054163] /dev/input/event1: 0003 0036 00005087
[   10705.054163] /dev/input/event1: 0000 0000 00000000
[   10705.065386] /dev/input/event1: 0003 0035 00003078
[   10705.065386] /dev/input/event1: 0003 0036 00004f87
[   10705.065386] /dev/input/event1: 0000 0000 00000000
[   10705.076590] /dev/input/event1: 0003 0035 000030f2
[   10705.076590] /dev/input/event1: 0003 0036 00004e21
[   10705.076590] /dev/input/event1: 0000 0000 00000000
[   10705.088291] /dev/input/event1: 0003 0035 0000312f
[   10705.088291] /dev/input/event1: 0003 0036 00004ccc
[   10705.088291] /dev/input/event1: 0000 0000 00000000
[   10705.099262] /dev/input/event1: 0003 0035 000031c6
[   10705.099262] /dev/input/event1: 0003 0036 00004b43
[   10705.099262] /dev/input/event1: 0000 0000 00000000
[   10705.110659] /dev/input/event1: 0003 0035 00003203
[   10705.110659] /dev/input/event1: 0003 0036 00004a65
[   10705.110659] /dev/input/event1: 0000 0000 00000000
[   10705.122176] /dev/input/event1: 0003 0035 00003240
[   10705.122176] /dev/input/event1: 0003 0036 00004921
[   10705.122176] /dev/input/event1: 0000 0000 00000000
[   10705.134020] /dev/input/event1: 0003 0035 000032b9
[   10705.134020] /dev/input/event1: 0003 0036 000047aa
[   10705.134020] /dev/input/event1: 0000 0000 00000000
[   10705.144037] /dev/input/event1: 0003 0035 000032f6
[   10705.144037] /dev/input/event1: 0003 0036 000046aa
[   10705.144037] /dev/input/event1: 0000 0000 00000000
[   10705.156531] /dev/input/event1: 0003 0035 00003332
[   10705.156531] /dev/input/event1: 0003 0036 00004587
[   10705.156531] /dev/input/event1: 0000 0000 00000000
[   10705.167566] /dev/input/event1: 0003 0035 0000338d
[   10705.167566] /dev/input/event1: 0003 0036 00004487
[   10705.167566] /dev/input/event1: 0000 0000 00000000
[   10705.177848] /dev/input/event1: 0003 0036 000043cc
[   10705.177848] /dev/input/event1: 0000 0000 00000000
[   10705.189337] /dev/input/event1: 0003 0035 000033ca
[   10705.189337] /dev/input/event1: 0003 0036 000042cc
[   10705.189337] /dev/input/event1: 0000 0000 00000000
[   10705.200956] /dev/input/event1: 0003 0035 00003407
[   10705.200956] /dev/input/event1: 0003 0036 000041cc
[   10705.200956] /dev/input/event1: 0000 0000 00000000
[   10705.211523] /dev/input/event1: 0003 0036 000040ff
[   10705.211523] /dev/input/event1: 0000 0000 00000000
[   10705.224232] /dev/input/event1: 0003 0035 00003443
[   10705.224232] /dev/input/event1: 0003 0036 00004021
[   10705.224232] /dev/input/event1: 0000 0000 00000000
[   10705.234317] /dev/input/event1: 0003 0035 00003480
[   10705.234317] /dev/input/event1: 0003 0036 00003f88
[   10705.234317] /dev/input/event1: 0000 0000 00000000
[   10705.245259] /dev/input/event1: 0003 0036 00003ecc
[   10705.245259] /dev/input/event1: 0000 0000 00000000
[   10705.256605] /dev/input/event1: 0003 0036 00003e21
[   10705.256605] /dev/input/event1: 0000 0000 00000000
[   10705.268033] /dev/input/event1: 0003 0035 000034bd
[   10705.268033] /dev/input/event1: 0003 0036 00003daa
[   10705.268033] /dev/input/event1: 0000 0000 00000000
[   10705.279076] /dev/input/event1: 0003 0036 00003d43
[   10705.279076] /dev/input/event1: 0000 0000 00000000
[   10705.290588] /dev/input/event1: 0003 0036 00003c88
[   10705.290588] /dev/input/event1: 0000 0000 00000000
[   10705.301562] /dev/input/event1: 0003 0036 00003c43
[   10705.301562] /dev/input/event1: 0000 0000 00000000
[   10705.312715] /dev/input/event1: 0003 0036 00003bcc
[   10705.312715] /dev/input/event1: 0000 0000 00000000
[   10705.324269] /dev/input/event1: 0003 0035 000034f9
[   10705.324269] /dev/input/event1: 0003 0036 00003b65
[   10705.324269] /dev/input/event1: 0000 0000 00000000
[   10705.335527] /dev/input/event1: 0003 0036 00003aff
[   10705.335527] /dev/input/event1: 0000 0000 00000000
[   10705.346536] /dev/input/event1: 0003 0036 00003a88
[   10705.346536] /dev/input/event1: 0000 0000 00000000
[   10705.358147] /dev/input/event1: 0003 0036 00003a43
[   10705.358147] /dev/input/event1: 0000 0000 00000000
[   10705.369048] /dev/input/event1: 0003 0036 000039cc
[   10705.369048] /dev/input/event1: 0000 0000 00000000
[   10705.380419] /dev/input/event1: 0003 0036 00003965
[   10705.380419] /dev/input/event1: 0000 0000 00000000
[   10705.391618] /dev/input/event1: 0003 0036 000038ff
[   10705.391618] /dev/input/event1: 0000 0000 00000000
[   10705.402957] /dev/input/event1: 0003 0036 00003865
[   10705.402957] /dev/input/event1: 0000 0000 00000000
[   10705.414070] /dev/input/event1: 0003 0036 000037aa
[   10705.414070] /dev/input/event1: 0000 0000 00000000
[   10705.425358] /dev/input/event1: 0003 0036 00003721
[   10705.425358] /dev/input/event1: 0000 0000 00000000
[   10705.436933] /dev/input/event1: 0003 0035 00003554
[   10705.436933] /dev/input/event1: 0003 0036 00003643
[   10705.436933] /dev/input/event1: 0000 0000 00000000
[   10705.447949] /dev/input/event1: 0003 0035 00003591
[   10705.447949] /dev/input/event1: 0003 0036 00003521
[   10705.447949] /dev/input/event1: 0000 0000 00000000
[   10705.459194] /dev/input/event1: 0003 0036 000033ff
[   10705.459194] /dev/input/event1: 0000 0000 00000000
[   10705.470375] /dev/input/event1: 0003 0036 00003321
[   10705.470375] /dev/input/event1: 0000 0000 00000000
[   10705.481734] /dev/input/event1: 0003 0035 0000360a
[   10705.481734] /dev/input/event1: 0003 0036 000031cc
[   10705.481734] /dev/input/event1: 0000 0000 00000000
[   10705.493046] /dev/input/event1: 0003 0035 00003647
[   10705.493046] /dev/input/event1: 0003 0036 00003088
[   10705.493046] /dev/input/event1: 0000 0000 00000000
[   10705.504288] /dev/input/event1: 0003 0035 00003684
[   10705.504288] /dev/input/event1: 0003 0036 00002f43
[   10705.504288] /dev/input/event1: 0000 0000 00000000
[   10705.515448] /dev/input/event1: 0003 0035 000036c0
[   10705.515448] /dev/input/event1: 0003 0036 00002e21
[   10705.515448] /dev/input/event1: 0000 0000 00000000
[   10705.526518] /dev/input/event1: 0003 0035 00003758
[   10705.526518] /dev/input/event1: 0003 0036 00002c88
[   10705.526518] /dev/input/event1: 0000 0000 00000000
[   10705.538181] /dev/input/event1: 0003 0035 00003795
[   10705.538181] /dev/input/event1: 0003 0036 00002aff
[   10705.538181] /dev/input/event1: 0000 0000 00000000
[   10705.549323] /dev/input/event1: 0003 0035 000037d2
[   10705.549323] /dev/input/event1: 0003 0036 000029aa
[   10705.549323] /dev/input/event1: 0000 0000 00000000
[   10705.560472] /dev/input/event1: 0003 0035 0000384b
[   10705.560472] /dev/input/event1: 0003 0036 00002821
[   10705.560472] /dev/input/event1: 0000 0000 00000000
[   10705.573133] /dev/input/event1: 0003 0035 000038e3
[   10705.573133] /dev/input/event1: 0003 0036 00002643
[   10705.573133] /dev/input/event1: 0000 0000 00000000
[   10705.583717] /dev/input/event1: 0003 0035 0000395c
[   10705.583717] /dev/input/event1: 0003 0036 00002488
[   10705.583717] /dev/input/event1: 0000 0000 00000000
[   10705.594008] /dev/input/event1: 0003 0035 00003999
[   10705.594008] /dev/input/event1: 0003 0036 00002366
[   10705.594008] /dev/input/event1: 0000 0000 00000000
[   10705.605666] /dev/input/event1: 0003 0035 00003a12
[   10705.605666] /dev/input/event1: 0003 0036 00002188
[   10705.605666] /dev/input/event1: 0000 0000 00000000
[   10705.617393] /dev/input/event1: 0003 0035 00003a4f
[   10705.617393] /dev/input/event1: 0003 0036 00001fff
[   10705.617393] /dev/input/event1: 0000 0000 00000000
[   10705.627846] /dev/input/event1: 0003 0035 00003aaa
[   10705.627846] /dev/input/event1: 0003 0036 00001eaa
[   10705.627846] /dev/input/event1: 0000 0000 00000000
[   10705.639128] /dev/input/event1: 0003 0035 00003ae6
[   10705.639128] /dev/input/event1: 0003 0036 00001cff
[   10705.639128] /dev/input/event1: 0000 0000 00000000
[   10705.650742] /dev/input/event1: 0003 0035 00003b60
[   10705.650742] /dev/input/event1: 0003 0036 00001b44
[   10705.650742] /dev/input/event1: 0000 0000 00000000
[   10705.661579] /dev/input/event1: 0003 0035 00003b9c
[   10705.661579] /dev/input/event1: 0003 0036 00001988
[   10705.661579] /dev/input/event1: 0000 0000 00000000
[   10705.673013] /dev/input/event1: 0003 0035 00003bd9
[   10705.673013] /dev/input/event1: 0003 0036 00001844
[   10705.673013] /dev/input/event1: 0000 0000 00000000
[   10705.684336] /dev/input/event1: 0003 0035 00003c16
[   10705.684336] /dev/input/event1: 0003 0036 000016aa
[   10705.684336] /dev/input/event1: 0000 0000 00000000
[   10705.695216] /dev/input/event1: 0003 0036 00001521
[   10705.695216] /dev/input/event1: 0000 0000 00000000
[   10705.706568] /dev/input/event1: 0003 0035 00003c71
[   10705.706568] /dev/input/event1: 0003 0036 000013aa
[   10705.706568] /dev/input/event1: 0000 0000 00000000
[   10705.717936] /dev/input/event1: 0003 0036 000012cc
[   10705.717936] /dev/input/event1: 0000 0000 00000000
[   10705.728955] /dev/input/event1: 0003 0035 00003cad
[   10705.728955] /dev/input/event1: 0003 0036 00001188
[   10705.728955] /dev/input/event1: 0000 0000 00000000
[   10705.740619] /dev/input/event1: 0003 0036 00001044
[   10705.740619] /dev/input/event1: 0000 0000 00000000
[   10705.751694] /dev/input/event1: 0003 0036 00000f66
[   10705.751694] /dev/input/event1: 0000 0000 00000000
[   10705.762769] /dev/input/event1: 0003 0035 00003cea
[   10705.762769] /dev/input/event1: 0003 0036 00000e44
[   10705.762769] /dev/input/event1: 0000 0000 00000000
[   10705.773981] /dev/input/event1: 0003 0036 00000d44
[   10705.773981] /dev/input/event1: 0000 0000 00000000
[   10705.785211] /dev/input/event1: 0003 0036 00000c88
[   10705.785211] /dev/input/event1: 0000 0000 00000000
[   10705.796562] /dev/input/event1: 0003 0036 00000bff
[   10705.796562] /dev/input/event1: 0000 0000 00000000
[   10705.807665] /dev/input/event1: 0003 0036 00000b66
[   10705.807665] /dev/input/event1: 0000 0000 00000000
[   10705.819283] /dev/input/event1: 0003 0036 00000aff
[   10705.819283] /dev/input/event1: 0000 0000 00000000
[   10705.830426] /dev/input/event1: 0003 0036 00000aaa
[   10705.830426] /dev/input/event1: 0000 0000 00000000
[   10705.841470] /dev/input/event1: 0003 0036 00000a66
[   10705.841470] /dev/input/event1: 0000 0000 00000000
[   10705.853446] /dev/input/event1: 0003 0036 00000a44
[   10705.853446] /dev/input/event1: 0000 0000 00000000
[   10705.863918] /dev/input/event1: 0003 0036 00000a22
[   10705.863918] /dev/input/event1: 0000 0000 00000000
[   10706.336961] /dev/input/event1: 0003 003a 00000000
[   10706.336961] /dev/input/event1: 0003 0039 ffffffff
[   10706.336961] /dev/input/event1: 0000 0000 00000000
[   10711.210189] /dev/input/event1: 0003 0039 00000000
[   10711.210189] /dev/input/event1: 0003 0030 0000011a
[   10711.210189] /dev/input/event1: 0003 003a 00000081
[   10711.210189] /dev/input/event1: 0003 0035 00007406
[   10711.210189] /dev/input/event1: 0003 0036 000055a9
[   10711.210189] /dev/input/event1: 0000 0000 00000000
[   10711.365798] /dev/input/event1: 0003 003a 00000000
[   10711.365798] /dev/input/event1: 0003 0039 ffffffff
[   10711.365798] /dev/input/event1: 0000 0000 00000000