add device 1: /dev/input/event0
  name:     "Power Button"
add device 2: /dev/input/event1
  name:     "qwerty2"
[   42924.815209] /dev/input/event1: 0003 0039 00000000
[   42924.815209] /dev/input/event1: 0003 0030 000002b6
[   42924.815209] /dev/input/event1: 0003 003a 00000081
[   42924.815209] /dev/input/event1: 0003 0035 00002591
[   42924.815209] /dev/input/event1: 0003 0036 00001aaa
[   42924.815209] /dev/input/event1: 0000 0000 00000000
[   42924.949704] /dev/input/event1: 0003 003a 00000000
[   42924.949704] /dev/input/event1: 0003 0039 ffffffff
[   42924.949704] /dev/input/event1: 0000 0000 00000000
[   42927.254079] /dev/input/event1: 0003 0039 00000000
[   42927.254079] /dev/input/event1: 0003 0030 000002b7
[   42927.254079] /dev/input/event1: 0003 003a 00000081
[   42927.254079] /dev/input/event1: 0003 0035 00001591
[   42927.254079] /dev/input/event1: 0003 0036 000017aa
[   42927.254079] /dev/input/event1: 0000 0000 00000000
[   42927.377442] /dev/input/event1: 0003 003a 00000000
[   42927.377442] /dev/input/event1: 0003 0039 ffffffff
[   42927.377442] /dev/input/event1: 0000 0000 00000000
[   42931.193015] /dev/input/event1: 0003 0039 00000000
[   42931.193015] /dev/input/event1: 0003 0030 000002b8
[   42931.193015] /dev/input/event1: 0003 003a 00000081
[   42931.193015] /dev/input/event1: 0003 0035 0000471b
[   42931.193015] /dev/input/event1: 0003 0036 00002e21
[   42931.193015] /dev/input/event1: 0000 0000 00000000
[   42931.337831] /dev/input/event1: 0003 003a 00000000
[   42931.337831] /dev/input/event1: 0003 0039 ffffffff
[   42931.337831] /dev/input/event1: 0000 0000 00000000
[   42934.781668] /dev/input/event1: 0003 0039 00000000
[   42934.781668] /dev/input/event1: 0003 0030 000002b9
[   42934.781668] /dev/input/event1: 0003 003a 00000081
[   42934.781668] /dev/input/event1: 0003 0035 00001240
[   42934.781668] /dev/input/event1: 0003 0036 00005165
[   42934.781668] /dev/input/event1: 0000 0000 00000000
[   42934.904097] /dev/input/event1: 0003 003a 00000000
[   42934.904097] /dev/input/event1: 0003 0039 ffffffff
[   42934.904097] /dev/input/event1: 0000 0000 00000000
[   42936.602806] /dev/input/event1: 0003 0039 00000000
[   42936.602806] /dev/input/event1: 0003 0030 000002ba
[   42936.602806] /dev/input/event1: 0003 003a 00000081
[   42936.602806] /dev/input/event1: 0003 0035 00002203
[   42936.602806] /dev/input/event1: 0003 0036 000050aa
[   42936.602806] /dev/input/event1: 0000 0000 00000000
[   42936.692269] /dev/input/event1: 0003 003a 00000000
[   42936.692269] /dev/input/event1: 0003 0039 ffffffff
[   42936.692269] /dev/input/event1: 0000 0000 00000000
[   42938.337651] /dev/input/event1: 0003 0039 00000000
[   42938.337651] /dev/input/event1: 0003 0030 000002bb
[   42938.337651] /dev/input/event1: 0003 003a 00000081
[   42938.337651] /dev/input/event1: 0003 0035 00007480
[   42938.337651] /dev/input/event1: 0003 0036 00005a65
[   42938.337651] /dev/input/event1: 0000 0000 00000000
[   42938.424655] /dev/input/event1: 0003 003a 00000000
[   42938.424655] /dev/input/event1: 0003 0039 ffffffff
[   42938.424655] /dev/input/event1: 0000 0000 00000000
[   42939.653075] /dev/input/event1: 0003 0039 00000000
[   42939.653075] /dev/input/event1: 0003 0030 000002bc
[   42939.653075] /dev/input/event1: 0003 003a 00000081
[   42939.653075] /dev/input/event1: 0003 0035 000034f9
[   42939.653075] /dev/input/event1: 0003 0036 00006565
[   42939.653075] /dev/input/event1: 0000 0000 00000000
[   42939.752516] /dev/input/event1: 0003 003a 00000000
[   42939.752516] /dev/input/event1: 0003 0039 ffffffff
[   42939.752516] /dev/input/event1: 0000 0000 00000000
[   42941.025899] /dev/input/event1: 0003 0039 00000000
[   42941.025899] /dev/input/event1: 0003 0030 000002bd
[   42941.025899] /dev/input/event1: 0003 003a 00000081
[   42941.025899] /dev/input/event1: 0003 0035 00006e38
[   42941.025899] /dev/input/event1: 0003 0036 00005143
[   42941.025899] /dev/input/event1: 0000 0000 00000000
[   42941.127011] /dev/input/event1: 0003 003a 00000000
[   42941.127011] /dev/input/event1: 0003 0039 ffffffff
[   42941.127011] /dev/input/event1: 0000 0000 00000000
[   42942.420680] /dev/input/event1: 0003 0039 00000000
[   42942.420680] /dev/input/event1: 0003 0030 000002be
[   42942.420680] /dev/input/event1: 0003 003a 00000081
[   42942.420680] /dev/input/event1: 0003 0035 000064bc
[   42942.420680] /dev/input/event1: 0003 0036 00006521
[   42942.420680] /dev/input/event1: 0000 0000 00000000
[   42942.509132] /dev/input/event1: 0003 003a 00000000
[   42942.509132] /dev/input/event1: 0003 0039 ffffffff
[   42942.509132] /dev/input/event1: 0000 0000 00000000
[   42944.434718] /dev/input/event1: 0003 0039 00000000
[   42944.434718] /dev/input/event1: 0003 0030 000002bf
[   42944.434718] /dev/input/event1: 0003 003a 00000081
[   42944.434718] /dev/input/event1: 0003 0035 00002240
[   42944.434718] /dev/input/event1: 0003 0036 00005143
[   42944.434718] /dev/input/event1: 0000 0000 00000000
[   42944.545737] /dev/input/event1: 0003 003a 00000000
[   42944.545737] /dev/input/event1: 0003 0039 ffffffff
[   42944.545737] /dev/input/event1: 0000 0000 00000000
[   42945.602436] /dev/input/event1: 0003 0039 00000000
[   42945.602436] /dev/input/event1: 0003 0030 000002c0
[   42945.602436] /dev/input/event1: 0003 003a 00000081
[   42945.602436] /dev/input/event1: 0003 0035 00003ae6
[   42945.602436] /dev/input/event1: 0003 0036 00007021
[   42945.602436] /dev/input/event1: 0000 0000 00000000
[   42945.682949] /dev/input/event1: 0003 0035 00003aaa
[   42945.682949] /dev/input/event1: 0000 0000 00000000
[   42945.693453] /dev/input/event1: 0003 003a 00000000
[   42945.693453] /dev/input/event1: 0003 0039 ffffffff
[   42945.693453] /dev/input/event1: 0000 0000 00000000
[   42946.616409] /dev/input/event1: 0003 0039 00000000
[   42946.616409] /dev/input/event1: 0003 0030 000002c1
[   42946.616409] /dev/input/event1: 0003 003a 00000081
[   42946.616409] /dev/input/event1: 0003 0036 00005021
[   42946.616409] /dev/input/event1: 0000 0000 00000000
[   42946.693253] /dev/input/event1: 0003 003a 00000000
[   42946.693253] /dev/input/event1: 0003 0039 ffffffff
[   42946.693253] /dev/input/event1: 0000 0000 00000000
[   42948.022801] /dev/input/event1: 0003 0039 00000000
[   42948.022801] /dev/input/event1: 0003 0030 000002c2
[   42948.022801] /dev/input/event1: 0003 003a 00000081
[   42948.022801] /dev/input/event1: 0003 0035 00006e38
[   42948.022801] /dev/input/event1: 0003 0036 00005165
[   42948.022801] /dev/input/event1: 0000 0000 00000000
[   42948.135249] /dev/input/event1: 0003 003a 00000000
[   42948.135249] /dev/input/event1: 0003 0039 ffffffff
[   42948.135249] /dev/input/event1: 0000 0000 00000000
[   42952.028281] /dev/input/event1: 0003 0039 00000000
[   42952.028281] /dev/input/event1: 0003 0030 000002c3
[   42952.028281] /dev/input/event1: 0003 003a 00000081
[   42952.028281] /dev/input/event1: 0003 0035 0000760a
[   42952.028281] /dev/input/event1: 0003 0036 00007165
[   42952.028281] /dev/input/event1: 0000 0000 00000000
[   42952.117757] /dev/input/event1: 0003 003a 00000000
[   42952.117757] /dev/input/event1: 0003 0039 ffffffff
[   42952.117757] /dev/input/event1: 0000 0000 00000000
[   42960.296903] /dev/input/event1: 0003 0039 00000000
[   42960.296903] /dev/input/event1: 0003 0030 000002c4
[   42960.296903] /dev/input/event1: 0003 003a 00000081
[   42960.296903] /dev/input/event1: 0003 0035 00003eee
[   42960.296903] /dev/input/event1: 0003 0036 00002521
[   42960.296903] /dev/input/event1: 0000 0000 00000000
[   42960.441859] /dev/input/event1: 0003 003a 00000000
[   42960.441859] /dev/input/event1: 0003 0039 ffffffff
[   42960.441859] /dev/input/event1: 0000 0000 00000000
[   42965.796523] /dev/input/event1: 0003 0039 00000000
[   42965.796523] /dev/input/event1: 0003 0030 000002c5
[   42965.796523] /dev/input/event1: 0003 003a 00000081
[   42965.796523] /dev/input/event1: 0003 0035 0000403c
[   42965.796523] /dev/input/event1: 0003 0036 00002943
[   42965.796523] /dev/input/event1: 0000 0000 00000000
[   42965.976035] /dev/input/event1: 0003 003a 00000000
[   42965.976035] /dev/input/event1: 0003 0039 ffffffff
[   42965.976035] /dev/input/event1: 0000 0000 00000000