add device 1: /dev/input/event0
  name:     "Power Button"
add device 2: /dev/input/event1
  name:     "qwerty2"
[    9124.723972] /dev/input/event1: 0003 0039 00000000
[    9124.723972] /dev/input/event1: 0003 0030 000000de
[    9124.723972] /dev/input/event1: 0003 003a 00000081
[    9124.723972] /dev/input/event1: 0003 0035 00002a12
[    9124.723972] /dev/input/event1: 0003 0036 000033ff
[    9124.723972] /dev/input/event1: 0000 0000 00000000
[    9124.835447] /dev/input/event1: 0003 003a 00000000
[    9124.835447] /dev/input/event1: 0003 0039 ffffffff
[    9124.835447] /dev/input/event1: 0000 0000 00000000
[    9128.459901] /dev/input/event1: 0003 0039 00000000
[    9128.459901] /dev/input/event1: 0003 0030 000000df
[    9128.459901] /dev/input/event1: 0003 003a 00000081
[    9128.459901] /dev/input/event1: 0003 0035 0000438d
[    9128.459901] /dev/input/event1: 0003 0036 00002521
[    9128.459901] /dev/input/event1: 0000 0000 00000000
[    9128.592719] /dev/input/event1: 0003 003a 00000000
[    9128.592719] /dev/input/event1: 0003 0039 ffffffff
[    9128.592719] /dev/input/event1: 0000 0000 00000000
[    9132.554383] /dev/input/event1: 0003 0039 00000000
[    9132.554383] /dev/input/event1: 0003 0030 000000e0
[    9132.554383] /dev/input/event1: 0003 003a 00000081
[    9132.554383] /dev/input/event1: 0003 0035 0000771b
[    9132.554383] /dev/input/event1: 0003 0036 00000866
[    9132.554383] /dev/input/event1: 0000 0000 00000000
[    9132.666241] /dev/input/event1: 0003 003a 00000000
[    9132.666241] /dev/input/event1: 0003 0039 ffffffff
[    9132.666241] /dev/input/event1: 0000 0000 00000000
[    9135.659613] /dev/input/event1: 0003 0039 00000000
[    9135.659613] /dev/input/event1: 0003 0030 000000e1
[    9135.659613] /dev/input/event1: 0003 003a 00000081
[    9135.659613] /dev/input/event1: 0003 0035 00003240
[    9135.659613] /dev/input/event1: 0003 0036 000066ff
[    9135.659613] /dev/input/event1: 0000 0000 00000000
[    9135.748362] /dev/input/event1: 0003 003a 00000000
[    9135.748362] /dev/input/event1: 0003 0039 ffffffff
[    9135.748362] /dev/input/event1: 0000 0000 00000000
[    9136.807126] /dev/input/event1: 0003 0039 00000000
[    9136.807126] /dev/input/event1: 0003 0030 000000e2
[    9136.807126] /dev/input/event1: 0003 003a 00000081
[    9136.807126] /dev/input/event1: 0003 0035 00004da0
[    9136.807126] /dev/input/event1: 0003 0036 00005b65
[    9136.807126] /dev/input/event1: 0000 0000 00000000
[    9136.884234] /dev/input/event1: 0003 003a 00000000
[    9136.884234] /dev/input/event1: 0003 0039 ffffffff
[    9136.884234] /dev/input/event1: 0000 0000 00000000
[    9137.527713] /dev/input/event1: 0003 0039 00000000
[    9137.527713] /dev/input/event1: 0003 0030 000000e3
[    9137.527713] /dev/input/event1: 0003 003a 00000081
[    9137.527713] /dev/input/event1: 0003 0035 00005480
[    9137.527713] /dev/input/event1: 0003 0036 00005121
[    9137.527713] /dev/input/event1: 0000 0000 00000000
[    9137.604077] /dev/input/event1: 0003 003a 00000000
[    9137.604077] /dev/input/event1: 0003 0039 ffffffff
[    9137.604077] /dev/input/event1: 0000 0000 00000000
[    9138.438342] /dev/input/event1: 0003 0039 00000000
[    9138.438342] /dev/input/event1: 0003 0030 000000e4
[    9138.438342] /dev/input/event1: 0003 003a 00000081
[    9138.438342] /dev/input/event1: 0003 0035 000032f6
[    9138.438342] /dev/input/event1: 0003 0036 00006787
[    9138.438342] /dev/input/event1: 0000 0000 00000000
[    9138.516080] /dev/input/event1: 0003 003a 00000000
[    9138.516080] /dev/input/event1: 0003 0039 ffffffff
[    9138.516080] /dev/input/event1: 0000 0000 00000000
[    9139.361293] /dev/input/event1: 0003 0039 00000000
[    9139.361293] /dev/input/event1: 0003 0030 000000e5
[    9139.361293] /dev/input/event1: 0003 003a 00000081
[    9139.361293] /dev/input/event1: 0003 0035 0000671b
[    9139.361293] /dev/input/event1: 0003 0036 00005b87
[    9139.361293] /dev/input/event1: 0000 0000 00000000
[    9139.426689] /dev/input/event1: 0003 003a 00000000
[    9139.426689] /dev/input/event1: 0003 0039 ffffffff
[    9139.426689] /dev/input/event1: 0000 0000 00000000
[    9140.069999] /dev/input/event1: 0003 0039 00000000
[    9140.069999] /dev/input/event1: 0003 0030 000000e6
[    9140.069999] /dev/input/event1: 0003 003a 00000081
[    9140.069999] /dev/input/event1: 0003 0035 00007332
[    9140.069999] /dev/input/event1: 0003 0036 00005bcc
[    9140.069999] /dev/input/event1: 0000 0000 00000000
[    9140.146814] /dev/input/event1: 0003 003a 00000000
[    9140.146814] /dev/input/event1: 0003 0039 ffffffff
[    9140.146814] /dev/input/event1: 0000 0000 00000000
[    9140.992090] /dev/input/event1: 0003 0039 00000000
[    9140.992090] /dev/input/event1: 0003 0030 000000e7
[    9140.992090] /dev/input/event1: 0003 003a 00000081
[    9140.992090] /dev/input/event1: 0003 0035 00001eee
[    9140.992090] /dev/input/event1: 0003 0036 00005087
[    9140.992090] /dev/input/event1: 0000 0000 00000000
[    9141.080746] /dev/input/event1: 0003 003a 00000000
[    9141.080746] /dev/input/event1: 0003 0039 ffffffff
[    9141.080746] /dev/input/event1: 0000 0000 00000000
[    9142.488470] /dev/input/event1: 0003 0039 00000000
[    9142.488470] /dev/input/event1: 0003 0030 000000e8
[    9142.488470] /dev/input/event1: 0003 003a 00000081
[    9142.488470] /dev/input/event1: 0003 0035 00007794
[    9142.488470] /dev/input/event1: 0003 0036 000071ff
[    9142.488470] /dev/input/event1: 0000 0000 00000000
[    9142.601115] /dev/input/event1: 0003 003a 00000000
[    9142.601115] /dev/input/event1: 0003 0039 ffffffff
[    9142.601115] /dev/input/event1: 0000 0000 00000000
[    9145.750993] /dev/input/event1: 0003 0039 00000000
[    9145.750993] /dev/input/event1: 0003 0030 000000e9
[    9145.750993] /dev/input/event1: 0003 003a 00000081
[    9145.750993] /dev/input/event1: 0003 0035 00003999
[    9145.750993] /dev/input/event1: 0003 0036 000016aa
[    9145.750993] /dev/input/event1: 0000 0000 00000000
[    9145.852145] /dev/input/event1: 0003 003a 00000000
[    9145.852145] /dev/input/event1: 0003 0039 ffffffff
[    9145.852145] /dev/input/event1: 0000 0000 00000000
[    9149.756586] /dev/input/event1: 0003 0039 00000000
[    9149.756586] /dev/input/event1: 0003 0030 000000ea
[    9149.756586] /dev/input/event1: 0003 003a 00000081
[    9149.756586] /dev/input/event1: 0003 0035 000041c6
[    9149.756586] /dev/input/event1: 0003 0036 00002966
[    9149.756586] /dev/input/event1: 0000 0000 00000000
[    9149.868567] /dev/input/event1: 0003 003a 00000000
[    9149.868567] /dev/input/event1: 0003 0039 ffffffff
[    9149.868567] /dev/input/event1: 0000 0000 00000000