add device 1: /dev/input/event0
  name:     "Power Button"
add device 2: /dev/input/event1
  name:     "qwerty2"
[  245625.469832] /dev/input/event1: 0003 0039 00000000
[  245625.469832] /dev/input/event1: 0003 0030 000002e3
[  245625.469832] /dev/input/event1: 0003 003a 00000081
[  245625.469832] /dev/input/event1: 0003 0035 0000793d
[  245625.469832] /dev/input/event1: 0003 0036 00000855
[  245625.469832] /dev/input/event1: 0000 0000 00000000
[  245625.570565] /dev/input/event1: 0003 003a 00000000
[  245625.570565] /dev/input/event1: 0003 0039 ffffffff
[  245625.570565] /dev/input/event1: 0000 0000 00000000
[  245626.851990] /dev/input/event1: 0003 0039 00000000
[  245626.851990] /dev/input/event1: 0003 0030 000002e4
[  245626.851990] /dev/input/event1: 0003 003a 00000081
[  245626.851990] /dev/input/event1: 0003 0035 000069f3
[  245626.851990] /dev/input/event1: 0003 0036 00000922
[  245626.851990] /dev/input/event1: 0000 0000 00000000
[  245626.945982] /dev/input/event1: 0003 003a 00000000
[  245626.945982] /dev/input/event1: 0003 0039 ffffffff
[  245626.945982] /dev/input/event1: 0000 0000 00000000
[  245629.552201] /dev/input/event1: 0003 0039 00000000
[  245629.552201] /dev/input/event1: 0003 0030 000002e5
[  245629.552201] /dev/input/event1: 0003 003a 00000081
[  245629.552201] /dev/input/event1: 0003 0035 000024fa
[  245629.552201] /dev/input/event1: 0003 0036 000014dd
[  245629.552201] /dev/input/event1: 0000 0000 00000000
[  245629.646034] /dev/input/event1: 0003 003a 00000000
[  245629.646034] /dev/input/event1: 0003 0039 ffffffff
[  245629.646034] /dev/input/event1: 0000 0000 00000000
[  245631.281850] /dev/input/event1: 0003 0039 00000000
[  245631.281850] /dev/input/event1: 0003 0030 000002e6
[  245631.281850] /dev/input/event1: 0003 003a 00000081
[  245631.281850] /dev/input/event1: 0003 0035 0000227c
[  245631.281850] /dev/input/event1: 0003 0036 000016bb
[  245631.281850] /dev/input/event1: 0000 0000 00000000
[  245631.375944] /dev/input/event1: 0003 003a 00000000
[  245631.375944] /dev/input/event1: 0003 0039 ffffffff
[  245631.375944] /dev/input/event1: 0000 0000 00000000
[  245632.476486] /dev/input/event1: 0003 0039 00000000
[  245632.476486] /dev/input/event1: 0003 0030 000002e7
[  245632.476486] /dev/input/event1: 0003 003a 00000081
[  245632.476486] /dev/input/event1: 0003 0035 00000ae7
[  245632.476486] /dev/input/event1: 0003 0036 00001d32
[  245632.476486] /dev/input/event1: 0000 0000 00000000
[  245632.554099] /dev/input/event1: 0003 003a 00000000
[  245632.554099] /dev/input/event1: 0003 0039 ffffffff
[  245632.554099] /dev/input/event1: 0000 0000 00000000
[  245634.094374] /dev/input/event1: 0003 0039 00000000
[  245634.094374] /dev/input/event1: 0003 0030 000002e8
[  245634.094374] /dev/input/event1: 0003 003a 00000081
[  245634.094374] /dev/input/event1: 0003 0035 00003999
[  245634.094374] /dev/input/event1: 0003 0036 00005165
[  245634.094374] /dev/input/event1: 0000 0000 00000000
[  245634.173573] /dev/input/event1: 0003 003a 00000000
[  245634.173573] /dev/input/event1: 0003 0039 ffffffff
[  245634.173573] /dev/input/event1: 0000 0000 00000000
[  245635.008230] /dev/input/event1: 0003 0039 00000000
[  245635.008230] /dev/input/event1: 0003 0030 000002e9
[  245635.008230] /dev/input/event1: 0003 003a 00000081
[  245635.008230] /dev/input/event1: 0003 0035 00001d64
[  245635.008230] /dev/input/event1: 0003 0036 000050ee
[  245635.008230] /dev/input/event1: 0000 0000 00000000
[  245635.086316] /dev/input/event1: 0003 003a 00000000
[  245635.086316] /dev/input/event1: 0003 0039 ffffffff
[  245635.086316] /dev/input/event1: 0000 0000 00000000
[  245635.600428] /dev/input/event1: 0003 0039 00000000
[  245635.600428] /dev/input/event1: 0003 0030 000002ea
[  245635.600428] /dev/input/event1: 0003 003a 00000081
[  245635.600428] /dev/input/event1: 0003 0035 00001aaa
[  245635.600428] /dev/input/event1: 0003 0036 00005bff
[  245635.600428] /dev/input/event1: 0000 0000 00000000
[  245635.694120] /dev/input/event1: 0003 003a 00000000
[  245635.694120] /dev/input/event1: 0003 0039 ffffffff
[  245635.694120] /dev/input/event1: 0000 0000 00000000
[  245636.561945] /dev/input/event1: 0003 0039 00000000
[  245636.561945] /dev/input/event1: 0003 0030 000002eb
[  245636.561945] /dev/input/event1: 0003 003a 00000081
[  245636.561945] /dev/input/event1: 0003 0035 0000393e
[  245636.561945] /dev/input/event1: 0003 0036 00005021
[  245636.561945] /dev/input/event1: 0000 0000 00000000
[  245636.624577] /dev/input/event1: 0003 003a 00000000
[  245636.624577] /dev/input/event1: 0003 0039 ffffffff
[  245636.624577] /dev/input/event1: 0000 0000 00000000
[  245637.650489] /dev/input/event1: 0003 0039 00000000
[  245637.650489] /dev/input/event1: 0003 0030 000002ec
[  245637.650489] /dev/input/event1: 0003 003a 00000081
[  245637.650489] /dev/input/event1: 0003 0035 00000f86
[  245637.650489] /dev/input/event1: 0003 0036 00003f88
[  245637.650489] /dev/input/event1: 0000 0000 00000000
[  245637.728073] /dev/input/event1: 0003 003a 00000000
[  245637.728073] /dev/input/event1: 0003 0039 ffffffff
[  245637.728073] /dev/input/event1: 0000 0000 00000000
[  245640.856309] /dev/input/event1: 0003 0039 00000000
[  245640.856309] /dev/input/event1: 0003 0030 000002ed
[  245640.856309] /dev/input/event1: 0003 003a 00000081
[  245640.856309] /dev/input/event1: 0003 0035 000012d8
[  245640.856309] /dev/input/event1: 0003 0036 00002f99
[  245640.856309] /dev/input/event1: 0000 0000 00000000
[  245640.950039] /dev/input/event1: 0003 003a 00000000
[  245640.950039] /dev/input/event1: 0003 0039 ffffffff
[  245640.950039] /dev/input/event1: 0000 0000 00000000
[  245642.362368] /dev/input/event1: 0003 0039 00000000
[  245642.362368] /dev/input/event1: 0003 0030 000002ee
[  245642.362368] /dev/input/event1: 0003 003a 00000081
[  245642.362368] /dev/input/event1: 0003 0035 00000d27
[  245642.362368] /dev/input/event1: 0003 0036 000019aa
[  245642.362368] /dev/input/event1: 0000 0000 00000000
[  245642.471915] /dev/input/event1: 0003 003a 00000000
[  245642.471915] /dev/input/event1: 0003 0039 ffffffff
[  245642.471915] /dev/input/event1: 0000 0000 00000000
[  245644.139218] /dev/input/event1: 0003 0039 00000000
[  245644.139218] /dev/input/event1: 0003 0030 000002ef
[  245644.139218] /dev/input/event1: 0003 003a 00000081
[  245644.139218] /dev/input/event1: 0003 0035 0000086a
[  245644.139218] /dev/input/event1: 0003 0036 00001acc
[  245644.139218] /dev/input/event1: 0000 0000 00000000
[  245644.250853] /dev/input/event1: 0003 003a 00000000
[  245644.250853] /dev/input/event1: 0003 0039 ffffffff
[  245644.250853] /dev/input/event1: 0000 0000 00000000
[  245648.515830] /dev/input/event1: 0003 0039 00000000
[  245648.515830] /dev/input/event1: 0003 0030 000002f0
[  245648.515830] /dev/input/event1: 0003 003a 00000081
[  245648.515830] /dev/input/event1: 0003 0035 00000f0d
[  245648.515830] /dev/input/event1: 0003 0036 00003732
[  245648.515830] /dev/input/event1: 0000 0000 00000000
[  245648.593924] /dev/input/event1: 0003 003a 00000000
[  245648.593924] /dev/input/event1: 0003 0039 ffffffff
[  245648.593924] /dev/input/event1: 0000 0000 00000000
[  245650.719813] /dev/input/event1: 0003 0039 00000000
[  245650.719813] /dev/input/event1: 0003 0030 000002f1
[  245650.719813] /dev/input/event1: 0003 003a 00000081
[  245650.719813] /dev/input/event1: 0003 0035 000079d5
[  245650.719813] /dev/input/event1: 0003 0036 000009ee
[  245650.719813] /dev/input/event1: 0000 0000 00000000
[  245650.814096] /dev/input/event1: 0003 003a 00000000
[  245650.814096] /dev/input/event1: 0003 0039 ffffffff
[  245650.814096] /dev/input/event1: 0000 0000 00000000
[  245652.908311] /dev/input/event1: 0003 0039 00000000
[  245652.908311] /dev/input/event1: 0003 0030 000002f2
[  245652.908311] /dev/input/event1: 0003 003a 00000081
[  245652.908311] /dev/input/event1: 0003 0035 00005d63
[  245652.908311] /dev/input/event1: 0003 0036 000008dd
[  245652.908311] /dev/input/event1: 0000 0000 00000000
[  245653.034585] /dev/input/event1: 0003 003a 00000000
[  245653.034585] /dev/input/event1: 0003 0039 ffffffff
[  245653.034585] /dev/input/event1: 0000 0000 00000000
[  245655.172887] /dev/input/event1: 0003 0039 00000000
[  245655.172887] /dev/input/event1: 0003 0030 000002f3
[  245655.172887] /dev/input/event1: 0003 003a 00000081
[  245655.172887] /dev/input/event1: 0003 0035 00001758
[  245655.172887] /dev/input/event1: 0003 0036 00001521
[  245655.172887] /dev/input/event1: 0000 0000 00000000
[  245655.285493] /dev/input/event1: 0003 003a 00000000
[  245655.285493] /dev/input/event1: 0003 0039 ffffffff
[  245655.285493] /dev/input/event1: 0000 0000 00000000
[  245656.560200] /dev/input/event1: 0003 0039 00000000
[  245656.560200] /dev/input/event1: 0003 0030 000002f4
[  245656.560200] /dev/input/event1: 0003 003a 00000081
[  245656.560200] /dev/input/event1: 0003 0035 00001444
[  245656.560200] /dev/input/event1: 0003 0036 00001e32
[  245656.560200] /dev/input/event1: 0000 0000 00000000
[  245656.637990] /dev/input/event1: 0003 003a 00000000
[  245656.637990] /dev/input/event1: 0003 0039 ffffffff
[  245656.637990] /dev/input/event1: 0000 0000 00000000
[  245657.608529] /dev/input/event1: 0003 0039 00000000
[  245657.608529] /dev/input/event1: 0003 0030 000002f5
[  245657.608529] /dev/input/event1: 0003 003a 00000081
[  245657.608529] /dev/input/event1: 0000 0000 00000000
[  245657.720115] /dev/input/event1: 0003 003a 00000000
[  245657.720115] /dev/input/event1: 0003 0039 ffffffff
[  245657.720115] /dev/input/event1: 0000 0000 00000000
[  245659.630378] /dev/input/event1: 0003 0039 00000000
[  245659.630378] /dev/input/event1: 0003 0030 000002f6
[  245659.630378] /dev/input/event1: 0003 003a 00000081
[  245659.630378] /dev/input/event1: 0003 0035 00003480
[  245659.630378] /dev/input/event1: 0003 0036 00005176
[  245659.630378] /dev/input/event1: 0000 0000 00000000
[  245659.692090] /dev/input/event1: 0003 003a 00000000
[  245659.692090] /dev/input/event1: 0003 0039 ffffffff
[  245659.692090] /dev/input/event1: 0000 0000 00000000
[  245660.158319] /dev/input/event1: 0003 0039 00000000
[  245660.158319] /dev/input/event1: 0003 0030 000002f7
[  245660.158319] /dev/input/event1: 0003 003a 00000081
[  245660.158319] /dev/input/event1: 0003 0035 00001fa4
[  245660.158319] /dev/input/event1: 0003 0036 000050aa
[  245660.158319] /dev/input/event1: 0000 0000 00000000
[  245660.236309] /dev/input/event1: 0003 003a 00000000
[  245660.236309] /dev/input/event1: 0003 0039 ffffffff
[  245660.236309] /dev/input/event1: 0000 0000 00000000
[  245660.879969] /dev/input/event1: 0003 0039 00000000
[  245660.879969] /dev/input/event1: 0003 0030 000002f8
[  245660.879969] /dev/input/event1: 0003 003a 00000081
[  245660.879969] /dev/input/event1: 0003 0035 00001c16
[  245660.879969] /dev/input/event1: 0003 0036 00005921
[  245660.879969] /dev/input/event1: 0000 0000 00000000
[  245660.958463] /dev/input/event1: 0003 003a 00000000
[  245660.958463] /dev/input/event1: 0003 0039 ffffffff
[  245660.958463] /dev/input/event1: 0000 0000 00000000
[  245661.791949] /dev/input/event1: 0003 0039 00000000
[  245661.791949] /dev/input/event1: 0003 0030 000002f9
[  245661.791949] /dev/input/event1: 0003 003a 00000081
[  245661.791949] /dev/input/event1: 0003 0035 00003ac8
[  245661.791949] /dev/input/event1: 0003 0036 00004fee
[  245661.791949] /dev/input/event1: 0000 0000 00000000
[  245661.886869] /dev/input/event1: 0003 003a 00000000
[  245661.886869] /dev/input/event1: 0003 0039 ffffffff
[  245661.886869] /dev/input/event1: 0000 0000 00000000
[  245662.466317] /dev/input/event1: 0003 0039 00000000
[  245662.466317] /dev/input/event1: 0003 0030 000002fa
[  245662.466317] /dev/input/event1: 0003 003a 00000081
[  245662.466317] /dev/input/event1: 0003 0035 00001758
[  245662.466317] /dev/input/event1: 0003 0036 00004e76
[  245662.466317] /dev/input/event1: 0000 0000 00000000
[  245663.295921] /dev/input/event1: 0003 003a 00000000
[  245663.295921] /dev/input/event1: 0003 0039 ffffffff
[  245663.295921] /dev/input/event1: 0000 0000 00000000
[  245666.273051] /dev/input/event1: 0003 0039 00000000
[  245666.273051] /dev/input/event1: 0003 0030 000002fb
[  245666.273051] /dev/input/event1: 0003 003a 00000081
[  245666.273051] /dev/input/event1: 0003 0035 000011c6
[  245666.273051] /dev/input/event1: 0003 0036 000040ee
[  245666.273051] /dev/input/event1: 0000 0000 00000000
[  245666.350491] /dev/input/event1: 0003 003a 00000000
[  245666.350491] /dev/input/event1: 0003 0039 ffffffff
[  245666.350491] /dev/input/event1: 0000 0000 00000000
[  245669.900739] /dev/input/event1: 0003 0039 00000000
[  245669.900739] /dev/input/event1: 0003 0030 000002fc
[  245669.900739] /dev/input/event1: 0003 003a 00000081
[  245669.900739] /dev/input/event1: 0003 0035 000006fe
[  245669.900739] /dev/input/event1: 0003 0036 00001510
[  245669.900739] /dev/input/event1: 0000 0000 00000000
[  245669.977911] /dev/input/event1: 0003 003a 00000000
[  245669.977911] /dev/input/event1: 0003 0039 ffffffff
[  245669.977911] /dev/input/event1: 0000 0000 00000000
[  245671.150264] /dev/input/event1: 0003 0039 00000000
[  245671.150264] /dev/input/event1: 0003 0030 000002fd
[  245671.150264] /dev/input/event1: 0003 003a 00000081
[  245671.150264] /dev/input/event1: 0003 0035 000010b5
[  245671.150264] /dev/input/event1: 0003 0036 00003088
[  245671.150264] /dev/input/event1: 0000 0000 00000000
[  245671.243982] /dev/input/event1: 0003 003a 00000000
[  245671.243982] /dev/input/event1: 0003 0039 ffffffff
[  245671.243982] /dev/input/event1: 0000 0000 00000000
[  245672.375058] /dev/input/event1: 0003 0039 00000000
[  245672.375058] /dev/input/event1: 0003 0030 000002fe
[  245672.375058] /dev/input/event1: 0003 003a 00000081
[  245672.375058] /dev/input/event1: 0003 0035 0000112f
[  245672.375058] /dev/input/event1: 0003 0036 00002aaa
[  245672.375058] /dev/input/event1: 0000 0000 00000000
[  245672.469957] /dev/input/event1: 0003 003a 00000000
[  245672.469957] /dev/input/event1: 0003 0039 ffffffff
[  245672.469957] /dev/input/event1: 0000 0000 00000000
[  245673.386124] /dev/input/event1: 0003 0039 00000000
[  245673.386124] /dev/input/event1: 0003 0030 000002ff
[  245673.386124] /dev/input/event1: 0003 003a 00000081
[  245673.386124] /dev/input/event1: 0003 0035 000010f2
[  245673.386124] /dev/input/event1: 0003 0036 000037ee
[  245673.386124] /dev/input/event1: 0000 0000 00000000
[  245673.448043] /dev/input/event1: 0003 003a 00000000
[  245673.448043] /dev/input/event1: 0003 0039 ffffffff
[  245673.448043] /dev/input/event1: 0000 0000 00000000
[  245675.507314] /dev/input/event1: 0003 0039 00000000
[  245675.507314] /dev/input/event1: 0003 0030 00000300
[  245675.507314] /dev/input/event1: 0003 003a 00000081
[  245675.507314] /dev/input/event1: 0003 0035 00006ccb
[  245675.507314] /dev/input/event1: 0003 0036 00004188
[  245675.507314] /dev/input/event1: 0000 0000 00000000
[  245675.587886] /dev/input/event1: 0003 003a 00000000
[  245675.587886] /dev/input/event1: 0003 0039 ffffffff
[  245675.587886] /dev/input/event1: 0000 0000 00000000
[  245676.630109] /dev/input/event1: 0003 0039 00000000
[  245676.630109] /dev/input/event1: 0003 0030 00000301
[  245676.630109] /dev/input/event1: 0003 003a 00000081
[  245676.630109] /dev/input/event1: 0003 0035 00001cae
[  245676.630109] /dev/input/event1: 0003 0036 00002b21
[  245676.630109] /dev/input/event1: 0000 0000 00000000
[  245676.723889] /dev/input/event1: 0003 003a 00000000
[  245676.723889] /dev/input/event1: 0003 0039 ffffffff
[  245676.723889] /dev/input/event1: 0000 0000 00000000
[  245677.880010] /dev/input/event1: 0003 0039 00000000
[  245677.880010] /dev/input/event1: 0003 0030 00000302
[  245677.880010] /dev/input/event1: 0003 003a 00000081
[  245677.880010] /dev/input/event1: 0003 0035 000020b5
[  245677.880010] /dev/input/event1: 0003 0036 00004f87
[  245677.880010] /dev/input/event1: 0000 0000 00000000
[  245677.941861] /dev/input/event1: 0003 003a 00000000
[  245677.941861] /dev/input/event1: 0003 0039 ffffffff
[  245677.941861] /dev/input/event1: 0000 0000 00000000
[  245678.618014] /dev/input/event1: 0003 0039 00000000
[  245678.618014] /dev/input/event1: 0003 0030 00000303
[  245678.618014] /dev/input/event1: 0003 003a 00000081
[  245678.618014] /dev/input/event1: 0003 0035 00002b23
[  245678.618014] /dev/input/event1: 0003 0036 00005054
[  245678.618014] /dev/input/event1: 0000 0000 00000000
[  245678.681624] /dev/input/event1: 0003 003a 00000000
[  245678.681624] /dev/input/event1: 0003 0039 ffffffff
[  245678.681624] /dev/input/event1: 0000 0000 00000000
[  245679.513842] /dev/input/event1: 0003 0039 00000000
[  245679.513842] /dev/input/event1: 0003 0030 00000304
[  245679.513842] /dev/input/event1: 0003 003a 00000081
[  245679.513842] /dev/input/event1: 0003 0035 00003b23
[  245679.513842] /dev/input/event1: 0003 0036 00005065
[  245679.513842] /dev/input/event1: 0000 0000 00000000
[  245679.592019] /dev/input/event1: 0003 003a 00000000
[  245679.592019] /dev/input/event1: 0003 0039 ffffffff
[  245679.592019] /dev/input/event1: 0000 0000 00000000
[  245681.366161] /dev/input/event1: 0003 0039 00000000
[  245681.366161] /dev/input/event1: 0003 0030 00000305
[  245681.366161] /dev/input/event1: 0003 003a 00000081
[  245681.366161] /dev/input/event1: 0003 0035 00001203
[  245681.366161] /dev/input/event1: 0003 0036 00003788
[  245681.366161] /dev/input/event1: 0000 0000 00000000
[  245681.509338] /dev/input/event1: 0003 003a 00000000
[  245681.509338] /dev/input/event1: 0003 0039 ffffffff
[  245681.509338] /dev/input/event1: 0000 0000 00000000
[  245684.065183] /dev/input/event1: 0003 0039 00000000
[  245684.065183] /dev/input/event1: 0003 0030 00000306
[  245684.065183] /dev/input/event1: 0003 003a 00000081
[  245684.065183] /dev/input/event1: 0003 0035 000069b7
[  245684.065183] /dev/input/event1: 0003 0036 00004376
[  245684.065183] /dev/input/event1: 0000 0000 00000000
[  245684.159843] /dev/input/event1: 0003 003a 00000000
[  245684.159843] /dev/input/event1: 0003 0039 ffffffff
[  245684.159843] /dev/input/event1: 0000 0000 00000000
[  245685.211554] /dev/input/event1: 0003 0039 00000000
[  245685.211554] /dev/input/event1: 0003 0030 00000307
[  245685.211554] /dev/input/event1: 0003 003a 00000081
[  245685.211554] /dev/input/event1: 0003 0035 000018e3
[  245685.211554] /dev/input/event1: 0003 0036 00001bee
[  245685.211554] /dev/input/event1: 0000 0000 00000000
[  245685.322112] /dev/input/event1: 0003 003a 00000000
[  245685.322112] /dev/input/event1: 0003 0039 ffffffff
[  245685.322112] /dev/input/event1: 0000 0000 00000000
[  245687.414584] /dev/input/event1: 0003 0039 00000000
[  245687.414584] /dev/input/event1: 0003 0030 00000308
[  245687.414584] /dev/input/event1: 0003 003a 00000081
[  245687.414584] /dev/input/event1: 0003 0035 00001221
[  245687.414584] /dev/input/event1: 0003 0036 00003621
[  245687.414584] /dev/input/event1: 0000 0000 00000000
[  245687.523910] /dev/input/event1: 0003 003a 00000000
[  245687.523910] /dev/input/event1: 0003 0039 ffffffff
[  245687.523910] /dev/input/event1: 0000 0000 00000000
[  245693.160378] /dev/input/event1: 0003 0039 00000000
[  245693.160378] /dev/input/event1: 0003 0030 00000309
[  245693.160378] /dev/input/event1: 0003 003a 00000081
[  245693.160378] /dev/input/event1: 0003 0035 00005f49
[  245693.160378] /dev/input/event1: 0003 0036 00001d55
[  245693.160378] /dev/input/event1: 0000 0000 00000000
[  245693.237978] /dev/input/event1: 0003 003a 00000000
[  245693.237978] /dev/input/event1: 0003 0039 ffffffff
[  245693.237978] /dev/input/event1: 0000 0000 00000000
[  245694.433598] /dev/input/event1: 0003 0039 00000000
[  245694.433598] /dev/input/event1: 0003 0030 0000030a
[  245694.433598] /dev/input/event1: 0003 003a 00000081
[  245694.433598] /dev/input/event1: 0003 0035 000037d2
[  245694.433598] /dev/input/event1: 0003 0036 00005032
[  245694.433598] /dev/input/event1: 0000 0000 00000000
[  245694.561146] /dev/input/event1: 0003 003a 00000000
[  245694.561146] /dev/input/event1: 0003 0039 ffffffff
[  245694.561146] /dev/input/event1: 0000 0000 00000000
[   19375.162204] /dev/input/event1: 0003 0039 00000000
[   19375.162204] /dev/input/event1: 0003 0030 00000155
[   19375.162204] /dev/input/event1: 0003 003a 00000081
[   19375.162204] /dev/input/event1: 0003 0035 0000795b
[   19375.162204] /dev/input/event1: 0003 0036 00000966
[   19375.162204] /dev/input/event1: 0000 0000 00000000
[   19375.252099] /dev/input/event1: 0003 003a 00000000
[   19375.252099] /dev/input/event1: 0003 0039 ffffffff
[   19375.252099] /dev/input/event1: 0000 0000 00000000
[   19377.241375] /dev/input/event1: 0003 0039 00000000
[   19377.241375] /dev/input/event1: 0003 0030 00000156
[   19377.241375] /dev/input/event1: 0003 003a 00000081
[   19377.241375] /dev/input/event1: 0003 0035 000055ce
[   19377.241375] /dev/input/event1: 0003 0036 000022cc
[   19377.241375] /dev/input/event1: 0000 0000 00000000
[   19377.331055] /dev/input/event1: 0003 003a 00000000
[   19377.331055] /dev/input/event1: 0003 0039 ffffffff
[   19377.331055] /dev/input/event1: 0000 0000 00000000
[   19379.795957] /dev/input/event1: 0003 0039 00000000
[   19379.795957] /dev/input/event1: 0003 0030 00000157
[   19379.795957] /dev/input/event1: 0003 003a 00000081
[   19379.795957] /dev/input/event1: 0003 0035 00001647
[   19379.795957] /dev/input/event1: 0003 0036 000039ff
[   19379.795957] /dev/input/event1: 0000 0000 00000000
[   19379.875193] /dev/input/event1: 0003 003a 00000000
[   19379.875193] /dev/input/event1: 0003 0039 ffffffff
[   19379.875193] /dev/input/event1: 0000 0000 00000000
[   19381.112242] /dev/input/event1: 0003 0039 00000000
[   19381.112242] /dev/input/event1: 0003 0030 00000158
[   19381.112242] /dev/input/event1: 0003 003a 00000081
[   19381.112242] /dev/input/event1: 0003 0035 0000680e
[   19381.112242] /dev/input/event1: 0003 0036 00004acc
[   19381.112242] /dev/input/event1: 0000 0000 00000000
[   19381.213184] /dev/input/event1: 0003 003a 00000000
[   19381.213184] /dev/input/event1: 0003 0039 ffffffff
[   19381.213184] /dev/input/event1: 0000 0000 00000000
[   19382.642024] /dev/input/event1: 0003 0039 00000000
[   19382.642024] /dev/input/event1: 0003 0030 00000159
[   19382.642024] /dev/input/event1: 0003 003a 00000081
[   19382.642024] /dev/input/event1: 0003 0035 000079d5
[   19382.642024] /dev/input/event1: 0003 0036 00000922
[   19382.642024] /dev/input/event1: 0000 0000 00000000
[   19382.732272] /dev/input/event1: 0003 003a 00000000
[   19382.732272] /dev/input/event1: 0003 0039 ffffffff
[   19382.732272] /dev/input/event1: 0000 0000 00000000
[   19384.317169] /dev/input/event1: 0003 0039 00000000
[   19384.317169] /dev/input/event1: 0003 0030 0000015a
[   19384.317169] /dev/input/event1: 0003 003a 00000081
[   19384.317169] /dev/input/event1: 0003 0035 00005684
[   19384.317169] /dev/input/event1: 0003 0036 00002388
[   19384.317169] /dev/input/event1: 0000 0000 00000000
[   19384.408080] /dev/input/event1: 0003 003a 00000000
[   19384.408080] /dev/input/event1: 0003 0039 ffffffff
[   19384.408080] /dev/input/event1: 0000 0000 00000000
[   19385.983312] /dev/input/event1: 0003 0039 00000000
[   19385.983312] /dev/input/event1: 0003 0030 0000015b
[   19385.983312] /dev/input/event1: 0003 003a 00000081
[   19385.983312] /dev/input/event1: 0003 0035 000013ca
[   19385.983312] /dev/input/event1: 0003 0036 00003dcc
[   19385.983312] /dev/input/event1: 0000 0000 00000000
[   19386.062113] /dev/input/event1: 0003 0036 00003dff
[   19386.062113] /dev/input/event1: 0000 0000 00000000
[   19386.072230] /dev/input/event1: 0003 003a 00000000
[   19386.072230] /dev/input/event1: 0003 0039 ffffffff
[   19386.072230] /dev/input/event1: 0000 0000 00000000
[   19387.389363] /dev/input/event1: 0003 0039 00000000
[   19387.389363] /dev/input/event1: 0003 0030 0000015c
[   19387.389363] /dev/input/event1: 0003 003a 00000081
[   19387.389363] /dev/input/event1: 0003 0035 00006887
[   19387.389363] /dev/input/event1: 0003 0036 00004621
[   19387.389363] /dev/input/event1: 0000 0000 00000000
[   19387.468056] /dev/input/event1: 0003 003a 00000000
[   19387.468056] /dev/input/event1: 0003 0039 ffffffff
[   19387.468056] /dev/input/event1: 0000 0000 00000000