add device 1: /dev/input/event0
  name:     "Power Button"
add device 2: /dev/input/event1
  name:     "qwerty2"
[   16689.862485] /dev/input/event1: 0003 0039 00000000
[   16689.862485] /dev/input/event1: 0003 0030 000000d6
[   16689.862485] /dev/input/event1: 0003 003a 00000081
[   16689.862485] /dev/input/event1: 0003 0035 000078e2
[   16689.862485] /dev/input/event1: 0003 0036 00000944
[   16689.862485] /dev/input/event1: 0000 0000 00000000
[   16689.952561] /dev/input/event1: 0003 003a 00000000
[   16689.952561] /dev/input/event1: 0003 0039 ffffffff
[   16689.952561] /dev/input/event1: 0000 0000 00000000
[   16691.920148] /dev/input/event1: 0003 0039 00000000
[   16691.920148] /dev/input/event1: 0003 0030 000000d7
[   16691.920148] /dev/input/event1: 0003 003a 00000081
[   16691.920148] /dev/input/event1: 0003 0035 00005b23
[   16691.920148] /dev/input/event1: 0003 0036 000009ff
[   16691.920148] /dev/input/event1: 0000 0000 00000000
[   16691.997834] /dev/input/event1: 0003 003a 00000000
[   16691.997834] /dev/input/event1: 0003 0039 ffffffff
[   16691.997834] /dev/input/event1: 0000 0000 00000000
[   16694.225921] /dev/input/event1: 0003 0039 00000000
[   16694.225921] /dev/input/event1: 0003 0030 000000d8
[   16694.225921] /dev/input/event1: 0003 003a 00000081
[   16694.225921] /dev/input/event1: 0003 0035 00003a12
[   16694.225921] /dev/input/event1: 0003 0036 00005121
[   16694.225921] /dev/input/event1: 0000 0000 00000000
[   16694.292972] /dev/input/event1: 0003 003a 00000000
[   16694.292972] /dev/input/event1: 0003 0039 ffffffff
[   16694.292972] /dev/input/event1: 0000 0000 00000000
[   16695.295360] /dev/input/event1: 0003 0039 00000000
[   16695.295360] /dev/input/event1: 0003 0030 000000d9
[   16695.295360] /dev/input/event1: 0003 003a 00000081
[   16695.295360] /dev/input/event1: 0003 0035 00006c70
[   16695.295360] /dev/input/event1: 0003 0036 00005065
[   16695.295360] /dev/input/event1: 0000 0000 00000000
[   16695.372741] /dev/input/event1: 0003 003a 00000000
[   16695.372741] /dev/input/event1: 0003 0039 ffffffff
[   16695.372741] /dev/input/event1: 0000 0000 00000000
[   16696.476883] /dev/input/event1: 0003 0039 00000000
[   16696.476883] /dev/input/event1: 0003 0030 000000da
[   16696.476883] /dev/input/event1: 0003 003a 00000081
[   16696.476883] /dev/input/event1: 0003 0035 000065cd
[   16696.476883] /dev/input/event1: 0003 0036 00005bff
[   16696.476883] /dev/input/event1: 0000 0000 00000000
[   16696.542968] /dev/input/event1: 0003 003a 00000000
[   16696.542968] /dev/input/event1: 0003 0039 ffffffff
[   16696.542968] /dev/input/event1: 0000 0000 00000000
[   16697.636285] /dev/input/event1: 0003 0039 00000000
[   16697.636285] /dev/input/event1: 0003 0030 000000db
[   16697.636285] /dev/input/event1: 0003 003a 00000081
[   16697.636285] /dev/input/event1: 0003 0035 00001eb2
[   16697.636285] /dev/input/event1: 0003 0036 00005143
[   16697.636285] /dev/input/event1: 0000 0000 00000000
[   16697.712598] /dev/input/event1: 0003 003a 00000000
[   16697.712598] /dev/input/event1: 0003 0039 ffffffff
[   16697.712598] /dev/input/event1: 0000 0000 00000000
[   16698.783591] /dev/input/event1: 0003 0039 00000000
[   16698.783591] /dev/input/event1: 0003 0030 000000dc
[   16698.783591] /dev/input/event1: 0003 003a 00000081
[   16698.783591] /dev/input/event1: 0003 0035 00005ae6
[   16698.783591] /dev/input/event1: 0003 0036 00006787
[   16698.783591] /dev/input/event1: 0000 0000 00000000
[   16698.859984] /dev/input/event1: 0003 003a 00000000
[   16698.859984] /dev/input/event1: 0003 0039 ffffffff
[   16698.859984] /dev/input/event1: 0000 0000 00000000
[   16699.964011] /dev/input/event1: 0003 0039 00000000
[   16699.964011] /dev/input/event1: 0003 0030 000000dd
[   16699.964011] /dev/input/event1: 0003 003a 00000081
[   16699.964011] /dev/input/event1: 0003 0035 00003591
[   16699.964011] /dev/input/event1: 0003 0036 00002988
[   16699.964011] /dev/input/event1: 0000 0000 00000000
[   16700.043044] /dev/input/event1: 0003 003a 00000000
[   16700.043044] /dev/input/event1: 0003 0039 ffffffff
[   16700.043044] /dev/input/event1: 0000 0000 00000000
[   16702.382774] /dev/input/event1: 0003 0039 00000000
[   16702.382774] /dev/input/event1: 0003 0030 000000de
[   16702.382774] /dev/input/event1: 0003 003a 00000081
[   16702.382774] /dev/input/event1: 0003 0035 000013ca
[   16702.382774] /dev/input/event1: 0003 0036 00004faa
[   16702.382774] /dev/input/event1: 0000 0000 00000000
[   16702.459652] /dev/input/event1: 0003 003a 00000000
[   16702.459652] /dev/input/event1: 0003 0039 ffffffff
[   16702.459652] /dev/input/event1: 0000 0000 00000000
[   16703.506502] /dev/input/event1: 0003 0039 00000000
[   16703.506502] /dev/input/event1: 0003 0030 000000df
[   16703.506502] /dev/input/event1: 0003 003a 00000081
[   16703.506502] /dev/input/event1: 0003 0035 0000212f
[   16703.506502] /dev/input/event1: 0003 0036 000051cc
[   16703.506502] /dev/input/event1: 0000 0000 00000000
[   16703.574142] /dev/input/event1: 0003 003a 00000000
[   16703.574142] /dev/input/event1: 0003 0039 ffffffff
[   16703.574142] /dev/input/event1: 0000 0000 00000000
[   16704.351720] /dev/input/event1: 0003 0039 00000000
[   16704.351720] /dev/input/event1: 0003 0030 000000e0
[   16704.351720] /dev/input/event1: 0003 003a 00000081
[   16704.351720] /dev/input/event1: 0003 0035 00002d64
[   16704.351720] /dev/input/event1: 0003 0036 00005143
[   16704.351720] /dev/input/event1: 0000 0000 00000000
[   16704.439692] /dev/input/event1: 0003 003a 00000000
[   16704.439692] /dev/input/event1: 0003 0039 ffffffff
[   16704.439692] /dev/input/event1: 0000 0000 00000000
[   16705.486381] /dev/input/event1: 0003 0039 00000000
[   16705.486381] /dev/input/event1: 0003 0030 000000e1
[   16705.486381] /dev/input/event1: 0003 003a 00000081
[   16705.486381] /dev/input/event1: 0003 0035 00000eb2
[   16705.486381] /dev/input/event1: 0003 0036 00003188
[   16705.486381] /dev/input/event1: 0000 0000 00000000
[   16705.566368] /dev/input/event1: 0003 003a 00000000
[   16705.566368] /dev/input/event1: 0003 0039 ffffffff
[   16705.566368] /dev/input/event1: 0000 0000 00000000
[   16706.690790] /dev/input/event1: 0003 0039 00000000
[   16706.690790] /dev/input/event1: 0003 0030 000000e2
[   16706.690790] /dev/input/event1: 0003 003a 00000081
[   16706.690790] /dev/input/event1: 0003 0035 00000684
[   16706.690790] /dev/input/event1: 0003 0036 00002daa
[   16706.690790] /dev/input/event1: 0000 0000 00000000
[   16706.781461] /dev/input/event1: 0003 003a 00000000
[   16706.781461] /dev/input/event1: 0003 0039 ffffffff
[   16706.781461] /dev/input/event1: 0000 0000 00000000
[   16708.041294] /dev/input/event1: 0003 0039 00000000
[   16708.041294] /dev/input/event1: 0003 0030 000000e3
[   16708.041294] /dev/input/event1: 0003 003a 00000081
[   16708.041294] /dev/input/event1: 0003 0035 00001079
[   16708.041294] /dev/input/event1: 0003 0036 00004121
[   16708.041294] /dev/input/event1: 0000 0000 00000000
[   16708.130674] /dev/input/event1: 0003 003a 00000000
[   16708.130674] /dev/input/event1: 0003 0039 ffffffff
[   16708.130674] /dev/input/event1: 0000 0000 00000000
[   16709.537579] /dev/input/event1: 0003 0039 00000000
[   16709.537579] /dev/input/event1: 0003 0030 000000e4
[   16709.537579] /dev/input/event1: 0003 003a 00000081
[   16709.537579] /dev/input/event1: 0003 0035 00001591
[   16709.537579] /dev/input/event1: 0003 0036 00001b21
[   16709.537579] /dev/input/event1: 0000 0000 00000000
[   16709.592314] /dev/input/event1: 0003 003a 00000000
[   16709.592314] /dev/input/event1: 0003 0039 ffffffff
[   16709.592314] /dev/input/event1: 0000 0000 00000000
[   16710.999637] /dev/input/event1: 0003 0039 00000000
[   16710.999637] /dev/input/event1: 0003 0030 000000e5
[   16710.999637] /dev/input/event1: 0003 003a 00000081
[   16710.999637] /dev/input/event1: 0003 0035 000014fa
[   16710.999637] /dev/input/event1: 0003 0036 000030ff
[   16710.999637] /dev/input/event1: 0000 0000 00000000
[   16711.078081] /dev/input/event1: 0003 003a 00000000
[   16711.078081] /dev/input/event1: 0003 0039 ffffffff
[   16711.078081] /dev/input/event1: 0000 0000 00000000
[   16712.124281] /dev/input/event1: 0003 0039 00000000
[   16712.124281] /dev/input/event1: 0003 0030 000000e6
[   16712.124281] /dev/input/event1: 0003 003a 00000081
[   16712.124281] /dev/input/event1: 0003 0035 00001407
[   16712.124281] /dev/input/event1: 0003 0036 000029aa
[   16712.124281] /dev/input/event1: 0000 0000 00000000
[   16712.213782] /dev/input/event1: 0003 003a 00000000
[   16712.213782] /dev/input/event1: 0003 0039 ffffffff
[   16712.213782] /dev/input/event1: 0000 0000 00000000
[   16713.249355] /dev/input/event1: 0003 0039 00000000
[   16713.249355] /dev/input/event1: 0003 0030 000000e7
[   16713.249355] /dev/input/event1: 0003 003a 00000081
[   16713.249355] /dev/input/event1: 0003 0035 0000112f
[   16713.249355] /dev/input/event1: 0003 0036 000037cc
[   16713.249355] /dev/input/event1: 0000 0000 00000000
[   16713.338824] /dev/input/event1: 0003 003a 00000000
[   16713.338824] /dev/input/event1: 0003 0039 ffffffff
[   16713.338824] /dev/input/event1: 0000 0000 00000000
[   16716.173714] /dev/input/event1: 0003 0039 00000000
[   16716.173714] /dev/input/event1: 0003 0030 000000e8
[   16716.173714] /dev/input/event1: 0003 003a 00000081
[   16716.173714] /dev/input/event1: 0003 0035 000079d5
[   16716.173714] /dev/input/event1: 0003 0036 000009cc
[   16716.173714] /dev/input/event1: 0000 0000 00000000
[   16716.251480] /dev/input/event1: 0003 003a 00000000
[   16716.251480] /dev/input/event1: 0003 0039 ffffffff
[   16716.251480] /dev/input/event1: 0000 0000 00000000
[   16717.602335] /dev/input/event1: 0003 0039 00000000
[   16717.602335] /dev/input/event1: 0003 0030 000000e9
[   16717.602335] /dev/input/event1: 0003 003a 00000081
[   16717.602335] /dev/input/event1: 0003 0035 00005998
[   16717.602335] /dev/input/event1: 0003 0036 00000a22
[   16717.602335] /dev/input/event1: 0000 0000 00000000
[   16717.703807] /dev/input/event1: 0003 003a 00000000
[   16717.703807] /dev/input/event1: 0003 0039 ffffffff
[   16717.703807] /dev/input/event1: 0000 0000 00000000
[   16720.055006] /dev/input/event1: 0003 0039 00000000
[   16720.055006] /dev/input/event1: 0003 0030 000000ea
[   16720.055006] /dev/input/event1: 0003 003a 00000081
[   16720.055006] /dev/input/event1: 0003 0035 00003aaa
[   16720.055006] /dev/input/event1: 0003 0036 00005165
[   16720.055006] /dev/input/event1: 0000 0000 00000000
[   16720.132502] /dev/input/event1: 0003 003a 00000000
[   16720.132502] /dev/input/event1: 0003 0039 ffffffff
[   16720.132502] /dev/input/event1: 0000 0000 00000000
[   16720.932203] /dev/input/event1: 0003 0039 00000000
[   16720.932203] /dev/input/event1: 0003 0030 000000eb
[   16720.932203] /dev/input/event1: 0003 003a 00000081
[   16720.932203] /dev/input/event1: 0003 0035 00006ddd
[   16720.932203] /dev/input/event1: 0003 0036 00005143
[   16720.932203] /dev/input/event1: 0000 0000 00000000
[   16721.042692] /dev/input/event1: 0003 003a 00000000
[   16721.042692] /dev/input/event1: 0003 0039 ffffffff
[   16721.042692] /dev/input/event1: 0000 0000 00000000
[   16721.617545] /dev/input/event1: 0003 0039 00000000
[   16721.617545] /dev/input/event1: 0003 0030 000000ec
[   16721.617545] /dev/input/event1: 0003 003a 00000081
[   16721.617545] /dev/input/event1: 0003 0035 00006683
[   16721.617545] /dev/input/event1: 0003 0036 00005ba9
[   16721.617545] /dev/input/event1: 0000 0000 00000000
[   16721.684707] /dev/input/event1: 0003 003a 00000000
[   16721.684707] /dev/input/event1: 0003 0039 ffffffff
[   16721.684707] /dev/input/event1: 0000 0000 00000000
[   16722.777495] /dev/input/event1: 0003 0039 00000000
[   16722.777495] /dev/input/event1: 0003 0030 000000ed
[   16722.777495] /dev/input/event1: 0003 003a 00000081
[   16722.777495] /dev/input/event1: 0003 0035 000020f2
[   16722.777495] /dev/input/event1: 0003 0036 000051aa
[   16722.777495] /dev/input/event1: 0000 0000 00000000
[   16722.866174] /dev/input/event1: 0003 003a 00000000
[   16722.866174] /dev/input/event1: 0003 0039 ffffffff
[   16722.866174] /dev/input/event1: 0000 0000 00000000
[   16724.059252] /dev/input/event1: 0003 0039 00000000
[   16724.059252] /dev/input/event1: 0003 0030 000000ee
[   16724.059252] /dev/input/event1: 0003 003a 00000081
[   16724.059252] /dev/input/event1: 0003 0035 0000595c
[   16724.059252] /dev/input/event1: 0003 0036 00006765
[   16724.059252] /dev/input/event1: 0000 0000 00000000
[   16724.137325] /dev/input/event1: 0003 003a 00000000
[   16724.137325] /dev/input/event1: 0003 0039 ffffffff
[   16724.137325] /dev/input/event1: 0000 0000 00000000
[   16724.949218] /dev/input/event1: 0003 0039 00000000
[   16724.949218] /dev/input/event1: 0003 0030 000000ef
[   16724.949218] /dev/input/event1: 0003 003a 00000081
[   16724.949218] /dev/input/event1: 0003 0035 00000ae7
[   16724.949218] /dev/input/event1: 0003 0036 00007143
[   16724.949218] /dev/input/event1: 0000 0000 00000000
[   16725.026196] /dev/input/event1: 0003 003a 00000000
[   16725.026196] /dev/input/event1: 0003 0039 ffffffff
[   16725.026196] /dev/input/event1: 0000 0000 00000000
[   16726.029546] /dev/input/event1: 0003 0039 00000000
[   16726.029546] /dev/input/event1: 0003 0030 000000f0
[   16726.029546] /dev/input/event1: 0003 003a 00000081
[   16726.029546] /dev/input/event1: 0003 0035 00001480
[   16726.029546] /dev/input/event1: 0003 0036 00005187
[   16726.029546] /dev/input/event1: 0000 0000 00000000
[   16726.106169] /dev/input/event1: 0003 003a 00000000
[   16726.106169] /dev/input/event1: 0003 0039 ffffffff
[   16726.106169] /dev/input/event1: 0000 0000 00000000
[   16728.075915] /dev/input/event1: 0003 0039 00000000
[   16728.075915] /dev/input/event1: 0003 0030 000000f1
[   16728.075915] /dev/input/event1: 0003 003a 00000081
[   16728.075915] /dev/input/event1: 0003 0035 00003684
[   16728.075915] /dev/input/event1: 0003 0036 00002988
[   16728.075915] /dev/input/event1: 0000 0000 00000000
[   16728.153862] /dev/input/event1: 0003 003a 00000000
[   16728.153862] /dev/input/event1: 0003 0039 ffffffff
[   16728.153862] /dev/input/event1: 0000 0000 00000000
[   16730.404473] /dev/input/event1: 0003 0039 00000000
[   16730.404473] /dev/input/event1: 0003 0030 000000f2
[   16730.404473] /dev/input/event1: 0003 003a 00000081
[   16730.404473] /dev/input/event1: 0003 0035 00003999
[   16730.404473] /dev/input/event1: 0003 0036 000050cc
[   16730.404473] /dev/input/event1: 0000 0000 00000000
[   16730.458917] /dev/input/event1: 0003 003a 00000000
[   16730.458917] /dev/input/event1: 0003 0039 ffffffff
[   16730.458917] /dev/input/event1: 0000 0000 00000000
[   16731.360947] /dev/input/event1: 0003 0039 00000000
[   16731.360947] /dev/input/event1: 0003 0030 000000f3
[   16731.360947] /dev/input/event1: 0003 003a 00000081
[   16731.360947] /dev/input/event1: 0003 0035 0000216b
[   16731.360947] /dev/input/event1: 0000 0000 00000000
[   16731.426713] /dev/input/event1: 0003 003a 00000000
[   16731.426713] /dev/input/event1: 0003 0039 ffffffff
[   16731.426713] /dev/input/event1: 0000 0000 00000000
[   16732.339254] /dev/input/event1: 0003 0039 00000000
[   16732.339254] /dev/input/event1: 0003 0030 000000f4
[   16732.339254] /dev/input/event1: 0003 003a 00000081
[   16732.339254] /dev/input/event1: 0003 0035 00001aaa
[   16732.339254] /dev/input/event1: 0003 0036 00005b21
[   16732.339254] /dev/input/event1: 0000 0000 00000000
[   16732.427851] /dev/input/event1: 0003 003a 00000000
[   16732.427851] /dev/input/event1: 0003 0039 ffffffff
[   16732.427851] /dev/input/event1: 0000 0000 00000000
[   16734.015766] /dev/input/event1: 0003 0039 00000000
[   16734.015766] /dev/input/event1: 0003 0030 000000f5
[   16734.015766] /dev/input/event1: 0003 003a 00000081
[   16734.015766] /dev/input/event1: 0003 0035 00003aaa
[   16734.015766] /dev/input/event1: 0003 0036 00005065
[   16734.015766] /dev/input/event1: 0000 0000 00000000
[   16734.081354] /dev/input/event1: 0003 003a 00000000
[   16734.081354] /dev/input/event1: 0003 0039 ffffffff
[   16734.081354] /dev/input/event1: 0000 0000 00000000
[   16735.634391] /dev/input/event1: 0003 0039 00000000
[   16735.634391] /dev/input/event1: 0003 0030 000000f6
[   16735.634391] /dev/input/event1: 0003 003a 00000081
[   16735.634391] /dev/input/event1: 0003 0035 00001240
[   16735.634391] /dev/input/event1: 0003 0036 00003221
[   16735.634391] /dev/input/event1: 0000 0000 00000000
[   16735.725850] /dev/input/event1: 0003 003a 00000000
[   16735.725850] /dev/input/event1: 0003 0039 ffffffff
[   16735.725850] /dev/input/event1: 0000 0000 00000000
[   16737.142977] /dev/input/event1: 0003 0039 00000000
[   16737.142977] /dev/input/event1: 0003 0030 000000f7
[   16737.142977] /dev/input/event1: 0003 003a 00000081
[   16737.142977] /dev/input/event1: 0003 0035 000005ce
[   16737.142977] /dev/input/event1: 0003 0036 00002488
[   16737.142977] /dev/input/event1: 0000 0000 00000000
[   16737.210177] /dev/input/event1: 0003 003a 00000000
[   16737.210177] /dev/input/event1: 0003 0039 ffffffff
[   16737.210177] /dev/input/event1: 0000 0000 00000000
[   16739.617039] /dev/input/event1: 0003 0039 00000000
[   16739.617039] /dev/input/event1: 0003 0030 000000f8
[   16739.617039] /dev/input/event1: 0003 003a 00000081
[   16739.617039] /dev/input/event1: 0003 0035 00007591
[   16739.617039] /dev/input/event1: 0003 0036 00001444
[   16739.617039] /dev/input/event1: 0000 0000 00000000
[   16739.696177] /dev/input/event1: 0003 003a 00000000
[   16739.696177] /dev/input/event1: 0003 0039 ffffffff
[   16739.696177] /dev/input/event1: 0000 0000 00000000
[   16741.024395] /dev/input/event1: 0003 0039 00000000
[   16741.024395] /dev/input/event1: 0003 0030 000000f9
[   16741.024395] /dev/input/event1: 0003 003a 00000081
[   16741.024395] /dev/input/event1: 0003 0035 0000212f
[   16741.024395] /dev/input/event1: 0003 0036 00001f44
[   16741.024395] /dev/input/event1: 0000 0000 00000000
[   16741.102702] /dev/input/event1: 0003 003a 00000000
[   16741.102702] /dev/input/event1: 0003 0039 ffffffff
[   16741.102702] /dev/input/event1: 0000 0000 00000000
[   16742.373489] /dev/input/event1: 0003 0039 00000000
[   16742.373489] /dev/input/event1: 0003 0030 000000fa
[   16742.373489] /dev/input/event1: 0003 003a 00000081
[   16742.373489] /dev/input/event1: 0003 0035 00001bd9
[   16742.373489] /dev/input/event1: 0003 0036 00003a21
[   16742.373489] /dev/input/event1: 0000 0000 00000000
[   16742.452290] /dev/input/event1: 0003 003a 00000000
[   16742.452290] /dev/input/event1: 0003 0039 ffffffff
[   16742.452290] /dev/input/event1: 0000 0000 00000000
[   16743.442930] /dev/input/event1: 0003 0039 00000000
[   16743.442930] /dev/input/event1: 0003 0030 000000fb
[   16743.442930] /dev/input/event1: 0003 003a 00000081
[   16743.442930] /dev/input/event1: 0003 0035 000012f6
[   16743.442930] /dev/input/event1: 0003 0036 00003488
[   16743.442930] /dev/input/event1: 0000 0000 00000000
[   16743.521717] /dev/input/event1: 0003 003a 00000000
[   16743.521717] /dev/input/event1: 0003 0039 ffffffff
[   16743.521717] /dev/input/event1: 0000 0000 00000000
[   16744.679634] /dev/input/event1: 0003 0039 00000000
[   16744.679634] /dev/input/event1: 0003 0030 000000fc
[   16744.679634] /dev/input/event1: 0003 003a 00000081
[   16744.679634] /dev/input/event1: 0003 0035 0000112f
[   16744.679634] /dev/input/event1: 0003 0036 00004043
[   16744.679634] /dev/input/event1: 0000 0000 00000000
[   16744.757745] /dev/input/event1: 0003 003a 00000000
[   16744.757745] /dev/input/event1: 0003 0039 ffffffff
[   16744.757745] /dev/input/event1: 0000 0000 00000000
[   16746.861244] /dev/input/event1: 0003 0039 00000000
[   16746.861244] /dev/input/event1: 0003 0030 000000fd
[   16746.861244] /dev/input/event1: 0003 003a 00000081
[   16746.861244] /dev/input/event1: 0003 0035 000006c1
[   16746.861244] /dev/input/event1: 0003 0036 00001b66
[   16746.861244] /dev/input/event1: 0000 0000 00000000
[   16746.928153] /dev/input/event1: 0003 003a 00000000
[   16746.928153] /dev/input/event1: 0003 0039 ffffffff
[   16746.928153] /dev/input/event1: 0000 0000 00000000
[   16747.796174] /dev/input/event1: 0003 0039 00000000
[   16747.796174] /dev/input/event1: 0003 0030 000000fe
[   16747.796174] /dev/input/event1: 0003 003a 00000081
[   16747.796174] /dev/input/event1: 0003 0035 00000759
[   16747.796174] /dev/input/event1: 0003 0036 00002044
[   16747.796174] /dev/input/event1: 0000 0000 00000000
[   16747.862336] /dev/input/event1: 0003 003a 00000000
[   16747.862336] /dev/input/event1: 0003 0039 ffffffff
[   16747.862336] /dev/input/event1: 0000 0000 00000000
[   16750.540316] /dev/input/event1: 0003 0039 00000000
[   16750.540316] /dev/input/event1: 0003 0030 000000ff
[   16750.540316] /dev/input/event1: 0003 003a 00000081
[   16750.540316] /dev/input/event1: 0003 0035 000007d2
[   16750.540316] /dev/input/event1: 0003 0036 00001b21
[   16750.540316] /dev/input/event1: 0000 0000 00000000
[   16750.619446] /dev/input/event1: 0003 003a 00000000
[   16750.619446] /dev/input/event1: 0003 0039 ffffffff
[   16750.619446] /dev/input/event1: 0000 0000 00000000
[   16752.227597] /dev/input/event1: 0003 0039 00000000
[   16752.227597] /dev/input/event1: 0003 0030 00000100
[   16752.227597] /dev/input/event1: 0003 003a 00000081
[   16752.227597] /dev/input/event1: 0003 0035 000012b9
[   16752.227597] /dev/input/event1: 0003 0036 000037aa
[   16752.227597] /dev/input/event1: 0000 0000 00000000
[   16752.306169] /dev/input/event1: 0003 003a 00000000
[   16752.306169] /dev/input/event1: 0003 0039 ffffffff
[   16752.306169] /dev/input/event1: 0000 0000 00000000
[   16761.027416] /dev/input/event1: 0003 0039 00000000
[   16761.027416] /dev/input/event1: 0003 0030 00000101
[   16761.027416] /dev/input/event1: 0003 003a 00000081
[   16761.027416] /dev/input/event1: 0003 0035 00007a12
[   16761.027416] /dev/input/event1: 0003 0036 00000922
[   16761.027416] /dev/input/event1: 0000 0000 00000000
[   16761.091625] /dev/input/event1: 0003 003a 00000000
[   16761.091625] /dev/input/event1: 0003 0039 ffffffff
[   16761.091625] /dev/input/event1: 0000 0000 00000000
[   16762.712350] /dev/input/event1: 0003 0039 00000000
[   16762.712350] /dev/input/event1: 0003 0030 00000102
[   16762.712350] /dev/input/event1: 0003 003a 00000081
[   16762.712350] /dev/input/event1: 0003 0035 00005bd9
[   16762.712350] /dev/input/event1: 0003 0036 00001221
[   16762.712350] /dev/input/event1: 0000 0000 00000000
[   16762.801463] /dev/input/event1: 0003 003a 00000000
[   16762.801463] /dev/input/event1: 0003 0039 ffffffff
[   16762.801463] /dev/input/event1: 0000 0000 00000000
[   16764.748540] /dev/input/event1: 0003 0039 00000000
[   16764.748540] /dev/input/event1: 0003 0030 00000103
[   16764.748540] /dev/input/event1: 0003 003a 00000081
[   16764.748540] /dev/input/event1: 0003 0035 000036c0
[   16764.748540] /dev/input/event1: 0003 0036 00001766
[   16764.748540] /dev/input/event1: 0000 0000 00000000
[   16764.815207] /dev/input/event1: 0003 003a 00000000
[   16764.815207] /dev/input/event1: 0003 0039 ffffffff
[   16764.815207] /dev/input/event1: 0000 0000 00000000
[   16765.682951] /dev/input/event1: 0003 0039 00000000
[   16765.682951] /dev/input/event1: 0003 0030 00000104
[   16765.682951] /dev/input/event1: 0003 003a 00000081
[   16765.682951] /dev/input/event1: 0003 0035 00003332
[   16765.682951] /dev/input/event1: 0003 0036 00002166
[   16765.682951] /dev/input/event1: 0000 0000 00000000
[   16765.748044] /dev/input/event1: 0003 003a 00000000
[   16765.748044] /dev/input/event1: 0003 0039 ffffffff
[   16765.748044] /dev/input/event1: 0000 0000 00000000
[   16767.167068] /dev/input/event1: 0003 0039 00000000
[   16767.167068] /dev/input/event1: 0003 0030 00000105
[   16767.167068] /dev/input/event1: 0003 003a 00000081
[   16767.167068] /dev/input/event1: 0003 0035 0000138e
[   16767.167068] /dev/input/event1: 0003 0036 00005065
[   16767.167068] /dev/input/event1: 0000 0000 00000000
[   16767.244127] /dev/input/event1: 0003 003a 00000000
[   16767.244127] /dev/input/event1: 0003 0039 ffffffff
[   16767.244127] /dev/input/event1: 0000 0000 00000000
[   16768.100331] /dev/input/event1: 0003 0039 00000000
[   16768.100331] /dev/input/event1: 0003 0030 00000106
[   16768.100331] /dev/input/event1: 0003 003a 00000081
[   16768.100331] /dev/input/event1: 0003 0035 00003078
[   16768.100331] /dev/input/event1: 0003 0036 00004faa
[   16768.100331] /dev/input/event1: 0000 0000 00000000
[   16768.179322] /dev/input/event1: 0003 003a 00000000
[   16768.179322] /dev/input/event1: 0003 0039 ffffffff
[   16768.179322] /dev/input/event1: 0000 0000 00000000
[   16769.079381] /dev/input/event1: 0003 0039 00000000
[   16769.079381] /dev/input/event1: 0003 0030 00000107
[   16769.079381] /dev/input/event1: 0003 003a 00000081
[   16769.079381] /dev/input/event1: 0003 0035 00005591
[   16769.079381] /dev/input/event1: 0003 0036 00005021
[   16769.079381] /dev/input/event1: 0000 0000 00000000
[   16769.135376] /dev/input/event1: 0003 003a 00000000
[   16769.135376] /dev/input/event1: 0003 0039 ffffffff
[   16769.135376] /dev/input/event1: 0000 0000 00000000
[   16769.911970] /dev/input/event1: 0003 0039 00000000
[   16769.911970] /dev/input/event1: 0003 0030 00000108
[   16769.911970] /dev/input/event1: 0003 003a 00000081
[   16769.911970] /dev/input/event1: 0003 0035 000033ca
[   16769.911970] /dev/input/event1: 0003 0036 00002d21
[   16769.911970] /dev/input/event1: 0000 0000 00000000
[   16769.979620] /dev/input/event1: 0003 003a 00000000
[   16769.979620] /dev/input/event1: 0003 0039 ffffffff
[   16769.979620] /dev/input/event1: 0000 0000 00000000
[   16771.352405] /dev/input/event1: 0003 0039 00000000
[   16771.352405] /dev/input/event1: 0003 0030 00000109
[   16771.352405] /dev/input/event1: 0003 003a 00000081
[   16771.352405] /dev/input/event1: 0003 0035 00001555
[   16771.352405] /dev/input/event1: 0003 0036 000050cc
[   16771.352405] /dev/input/event1: 0000 0000 00000000
[   16771.429432] /dev/input/event1: 0003 003a 00000000
[   16771.429432] /dev/input/event1: 0003 0039 ffffffff
[   16771.429432] /dev/input/event1: 0000 0000 00000000
[   16772.365893] /dev/input/event1: 0003 0039 00000000
[   16772.365893] /dev/input/event1: 0003 0030 0000010a
[   16772.365893] /dev/input/event1: 0003 003a 00000081
[   16772.365893] /dev/input/event1: 0003 0035 00003480
[   16772.365893] /dev/input/event1: 0003 0036 00005165
[   16772.365893] /dev/input/event1: 0000 0000 00000000
[   16772.453229] /dev/input/event1: 0003 003a 00000000
[   16772.453229] /dev/input/event1: 0003 0039 ffffffff
[   16772.453229] /dev/input/event1: 0000 0000 00000000
[   16773.725472] /dev/input/event1: 0003 0039 00000000
[   16773.725472] /dev/input/event1: 0003 0030 0000010b
[   16773.725472] /dev/input/event1: 0003 003a 00000081
[   16773.725472] /dev/input/event1: 0003 0035 00005406
[   16773.725472] /dev/input/event1: 0003 0036 00005043
[   16773.725472] /dev/input/event1: 0000 0000 00000000
[   16773.802600] /dev/input/event1: 0003 003a 00000000
[   16773.802600] /dev/input/event1: 0003 0039 ffffffff
[   16773.802600] /dev/input/event1: 0000 0000 00000000
[   16774.839648] /dev/input/event1: 0003 0039 00000000
[   16774.839648] /dev/input/event1: 0003 0030 0000010c
[   16774.839648] /dev/input/event1: 0003 003a 00000081
[   16774.839648] /dev/input/event1: 0003 0035 00000fff
[   16774.839648] /dev/input/event1: 0003 0036 00003521
[   16774.839648] /dev/input/event1: 0000 0000 00000000
[   16774.916155] /dev/input/event1: 0003 003a 00000000
[   16774.916155] /dev/input/event1: 0003 0039 ffffffff
[   16774.916155] /dev/input/event1: 0000 0000 00000000
[   16776.795598] /dev/input/event1: 0003 0039 00000000
[   16776.795598] /dev/input/event1: 0003 0030 0000010d
[   16776.795598] /dev/input/event1: 0003 003a 00000081
[   16776.795598] /dev/input/event1: 0003 0035 00003f67
[   16776.795598] /dev/input/event1: 0003 0036 00001388
[   16776.795598] /dev/input/event1: 0000 0000 00000000
[   16777.966236] /dev/input/event1: 0003 003a 00000000
[   16777.966236] /dev/input/event1: 0003 0039 ffffffff
[   16777.966236] /dev/input/event1: 0000 0000 00000000
[   16779.045982] /dev/input/event1: 0003 0039 00000000
[   16779.045982] /dev/input/event1: 0003 0030 0000010e
[   16779.045982] /dev/input/event1: 0003 003a 00000081
[   16779.045982] /dev/input/event1: 0003 0035 0000695c
[   16779.045982] /dev/input/event1: 0003 0036 00004787
[   16779.045982] /dev/input/event1: 0000 0000 00000000
[   16779.123264] /dev/input/event1: 0003 003a 00000000
[   16779.123264] /dev/input/event1: 0003 0039 ffffffff
[   16779.123264] /dev/input/event1: 0000 0000 00000000
[   16780.485916] /dev/input/event1: 0003 0039 00000000
[   16780.485916] /dev/input/event1: 0003 0030 0000010f
[   16780.485916] /dev/input/event1: 0003 003a 00000081
[   16780.485916] /dev/input/event1: 0003 0035 000078e2
[   16780.485916] /dev/input/event1: 0003 0036 00000a88
[   16780.485916] /dev/input/event1: 0000 0000 00000000
[   16780.563665] /dev/input/event1: 0003 003a 00000000
[   16780.563665] /dev/input/event1: 0003 0039 ffffffff
[   16780.563665] /dev/input/event1: 0000 0000 00000000
[   16782.263241] /dev/input/event1: 0003 0039 00000000
[   16782.263241] /dev/input/event1: 0003 0030 00000110
[   16782.263241] /dev/input/event1: 0003 003a 00000081
[   16782.263241] /dev/input/event1: 0003 0035 00005bd9
[   16782.263241] /dev/input/event1: 0003 0036 00001166
[   16782.263241] /dev/input/event1: 0000 0000 00000000
[   16782.340660] /dev/input/event1: 0003 003a 00000000
[   16782.340660] /dev/input/event1: 0003 0039 ffffffff
[   16782.340660] /dev/input/event1: 0000 0000 00000000
[   16785.132049] /dev/input/event1: 0003 0039 00000000
[   16785.132049] /dev/input/event1: 0003 0030 00000111
[   16785.132049] /dev/input/event1: 0003 003a 00000081
[   16785.132049] /dev/input/event1: 0003 0035 00003078
[   16785.132049] /dev/input/event1: 0003 0036 00001666
[   16785.132049] /dev/input/event1: 0000 0000 00000000
[   16785.232596] /dev/input/event1: 0003 003a 00000000
[   16785.232596] /dev/input/event1: 0003 0039 ffffffff
[   16785.232596] /dev/input/event1: 0000 0000 00000000
[   16786.751918] /dev/input/event1: 0003 0039 00000000
[   16786.751918] /dev/input/event1: 0003 0030 00000112
[   16786.751918] /dev/input/event1: 0003 003a 00000081
[   16786.751918] /dev/input/event1: 0003 0035 00001480
[   16786.751918] /dev/input/event1: 0003 0036 00005165
[   16786.751918] /dev/input/event1: 0000 0000 00000000
[   16786.818051] /dev/input/event1: 0003 003a 00000000
[   16786.818051] /dev/input/event1: 0003 0039 ffffffff
[   16786.818051] /dev/input/event1: 0000 0000 00000000
[   16787.708639] /dev/input/event1: 0003 0039 00000000
[   16787.708639] /dev/input/event1: 0003 0030 00000113
[   16787.708639] /dev/input/event1: 0003 003a 00000081
[   16787.708639] /dev/input/event1: 0003 0035 0000360a
[   16787.708639] /dev/input/event1: 0003 0036 00005121
[   16787.708639] /dev/input/event1: 0000 0000 00000000
[   16787.798380] /dev/input/event1: 0003 003a 00000000
[   16787.798380] /dev/input/event1: 0003 0039 ffffffff
[   16787.798380] /dev/input/event1: 0000 0000 00000000
[   16788.676269] /dev/input/event1: 0003 0039 00000000
[   16788.676269] /dev/input/event1: 0003 0030 00000114
[   16788.676269] /dev/input/event1: 0003 003a 00000081
[   16788.676269] /dev/input/event1: 0003 0035 00005480
[   16788.676269] /dev/input/event1: 0003 0036 000050aa
[   16788.676269] /dev/input/event1: 0000 0000 00000000
[   16788.730114] /dev/input/event1: 0003 003a 00000000
[   16788.730114] /dev/input/event1: 0003 0039 ffffffff
[   16788.730114] /dev/input/event1: 0000 0000 00000000
[   16789.879366] /dev/input/event1: 0003 0039 00000000
[   16789.879366] /dev/input/event1: 0003 0030 00000115
[   16789.879366] /dev/input/event1: 0003 003a 00000081
[   16789.879366] /dev/input/event1: 0003 0035 00001d27
[   16789.879366] /dev/input/event1: 0003 0036 000021cc
[   16789.879366] /dev/input/event1: 0000 0000 00000000
[   16789.958335] /dev/input/event1: 0003 003a 00000000
[   16789.958335] /dev/input/event1: 0003 0039 ffffffff
[   16789.958335] /dev/input/event1: 0000 0000 00000000
[   16791.319863] /dev/input/event1: 0003 0039 00000000
[   16791.319863] /dev/input/event1: 0003 0030 00000116
[   16791.319863] /dev/input/event1: 0003 003a 00000081
[   16791.319863] /dev/input/event1: 0003 0035 000053ca
[   16791.319863] /dev/input/event1: 0003 0036 000051cc
[   16791.319863] /dev/input/event1: 0000 0000 00000000
[   16791.384985] /dev/input/event1: 0003 003a 00000000
[   16791.384985] /dev/input/event1: 0003 0039 ffffffff
[   16791.384985] /dev/input/event1: 0000 0000 00000000
[   16792.297957] /dev/input/event1: 0003 0039 00000000
[   16792.297957] /dev/input/event1: 0003 0030 00000117
[   16792.297957] /dev/input/event1: 0003 003a 00000081
[   16792.297957] /dev/input/event1: 0003 0035 00003332
[   16792.297957] /dev/input/event1: 0003 0036 000051ff
[   16792.297957] /dev/input/event1: 0000 0000 00000000
[   16792.363723] /dev/input/event1: 0003 003a 00000000
[   16792.363723] /dev/input/event1: 0003 0039 ffffffff
[   16792.363723] /dev/input/event1: 0000 0000 00000000
[   16793.861822] /dev/input/event1: 0003 0039 00000000
[   16793.861822] /dev/input/event1: 0003 0030 00000118
[   16793.861822] /dev/input/event1: 0003 003a 00000081
[   16793.861822] /dev/input/event1: 0003 0035 0000103c
[   16793.861822] /dev/input/event1: 0003 0036 00005165
[   16793.861822] /dev/input/event1: 0000 0000 00000000
[   16793.960954] /dev/input/event1: 0003 003a 00000000
[   16793.960954] /dev/input/event1: 0003 0039 ffffffff
[   16793.960954] /dev/input/event1: 0000 0000 00000000
[   16794.885305] /dev/input/event1: 0003 0039 00000000
[   16794.885305] /dev/input/event1: 0003 0030 00000119
[   16794.885305] /dev/input/event1: 0003 003a 00000081
[   16794.885305] /dev/input/event1: 0003 0035 0000327c
[   16794.885305] /dev/input/event1: 0003 0036 00002d21
[   16794.885305] /dev/input/event1: 0000 0000 00000000
[   16794.951069] /dev/input/event1: 0003 003a 00000000
[   16794.951069] /dev/input/event1: 0003 0039 ffffffff
[   16794.951069] /dev/input/event1: 0000 0000 00000000
[   16795.875012] /dev/input/event1: 0003 0039 00000000
[   16795.875012] /dev/input/event1: 0003 0030 0000011a
[   16795.875012] /dev/input/event1: 0003 003a 00000081
[   16795.875012] /dev/input/event1: 0003 0035 000053ca
[   16795.875012] /dev/input/event1: 0003 0036 00005143
[   16795.875012] /dev/input/event1: 0000 0000 00000000
[   16795.954038] /dev/input/event1: 0003 003a 00000000
[   16795.954038] /dev/input/event1: 0003 0039 ffffffff
[   16795.954038] /dev/input/event1: 0000 0000 00000000
[   16796.741563] /dev/input/event1: 0003 0039 00000000
[   16796.741563] /dev/input/event1: 0003 0030 0000011b
[   16796.741563] /dev/input/event1: 0003 003a 00000081
[   16796.741563] /dev/input/event1: 0003 0035 000031c6
[   16796.741563] /dev/input/event1: 0003 0036 00005065
[   16796.741563] /dev/input/event1: 0000 0000 00000000
[   16796.842397] /dev/input/event1: 0003 003a 00000000
[   16796.842397] /dev/input/event1: 0003 0039 ffffffff
[   16796.842397] /dev/input/event1: 0000 0000 00000000
[   16797.697130] /dev/input/event1: 0003 0039 00000000
[   16797.697130] /dev/input/event1: 0003 0030 0000011c
[   16797.697130] /dev/input/event1: 0003 003a 00000081
[   16797.697130] /dev/input/event1: 0003 0035 0000112f
[   16797.697130] /dev/input/event1: 0003 0036 00005043
[   16797.697130] /dev/input/event1: 0000 0000 00000000
[   16797.787776] /dev/input/event1: 0003 003a 00000000
[   16797.787776] /dev/input/event1: 0003 0039 ffffffff
[   16797.787776] /dev/input/event1: 0000 0000 00000000
[   16798.810935] /dev/input/event1: 0003 0039 00000000
[   16798.810935] /dev/input/event1: 0003 0030 0000011d
[   16798.810935] /dev/input/event1: 0003 003a 00000081
[   16798.810935] /dev/input/event1: 0003 0035 000011c6
[   16798.810935] /dev/input/event1: 0003 0036 00003688
[   16798.810935] /dev/input/event1: 0000 0000 00000000
[   16798.899603] /dev/input/event1: 0003 003a 00000000
[   16798.899603] /dev/input/event1: 0003 0039 ffffffff
[   16798.899603] /dev/input/event1: 0000 0000 00000000
[   16801.364094] /dev/input/event1: 0003 0039 00000000
[   16801.364094] /dev/input/event1: 0003 0030 0000011e
[   16801.364094] /dev/input/event1: 0003 003a 00000081
[   16801.364094] /dev/input/event1: 0003 0035 00003203
[   16801.364094] /dev/input/event1: 0003 0036 00001788
[   16801.364094] /dev/input/event1: 0000 0000 00000000
[   16801.454456] /dev/input/event1: 0003 003a 00000000
[   16801.454456] /dev/input/event1: 0003 0039 ffffffff
[   16801.454456] /dev/input/event1: 0000 0000 00000000
[   16814.301801] /dev/input/event1: 0003 0039 00000000
[   16814.301801] /dev/input/event1: 0003 0030 0000011f
[   16814.301801] /dev/input/event1: 0003 003a 00000081
[   16814.301801] /dev/input/event1: 0003 0035 000079d5
[   16814.301801] /dev/input/event1: 0003 0036 00000a22
[   16814.301801] /dev/input/event1: 0000 0000 00000000
[   16814.413671] /dev/input/event1: 0003 003a 00000000
[   16814.413671] /dev/input/event1: 0003 0039 ffffffff
[   16814.413671] /dev/input/event1: 0000 0000 00000000
[   16817.973912] /dev/input/event1: 0003 0039 00000000
[   16817.973912] /dev/input/event1: 0003 0030 00000120
[   16817.973912] /dev/input/event1: 0003 003a 00000081
[   16817.973912] /dev/input/event1: 0003 0035 00005d27
[   16817.973912] /dev/input/event1: 0003 0036 00002366
[   16817.973912] /dev/input/event1: 0000 0000 00000000
[   16818.059011] /dev/input/event1: 0003 003a 00000000
[   16818.059011] /dev/input/event1: 0003 0039 ffffffff
[   16818.059011] /dev/input/event1: 0000 0000 00000000
[   16819.981042] /dev/input/event1: 0003 0039 00000000
[   16819.981042] /dev/input/event1: 0003 0030 00000121
[   16819.981042] /dev/input/event1: 0003 003a 00000081
[   16819.981042] /dev/input/event1: 0003 0035 000013ca
[   16819.981042] /dev/input/event1: 0003 0036 00003d65
[   16819.981042] /dev/input/event1: 0000 0000 00000000
[   16820.082760] /dev/input/event1: 0003 003a 00000000
[   16820.082760] /dev/input/event1: 0003 0039 ffffffff
[   16820.082760] /dev/input/event1: 0000 0000 00000000
[   16821.264698] /dev/input/event1: 0003 0039 00000000
[   16821.264698] /dev/input/event1: 0003 0030 00000122
[   16821.264698] /dev/input/event1: 0003 003a 00000081
[   16821.264698] /dev/input/event1: 0003 0035 00006bd9
[   16821.264698] /dev/input/event1: 0003 0036 000047aa
[   16821.264698] /dev/input/event1: 0000 0000 00000000
[   16821.364809] /dev/input/event1: 0003 003a 00000000
[   16821.364809] /dev/input/event1: 0003 0039 ffffffff
[   16821.364809] /dev/input/event1: 0000 0000 00000000
[   16822.592301] /dev/input/event1: 0003 0039 00000000
[   16822.592301] /dev/input/event1: 0003 0030 00000123
[   16822.592301] /dev/input/event1: 0003 003a 00000081
[   16822.592301] /dev/input/event1: 0003 0035 00007998
[   16822.592301] /dev/input/event1: 0003 0036 00000944
[   16822.592301] /dev/input/event1: 0000 0000 00000000
[   16822.681839] /dev/input/event1: 0003 003a 00000000
[   16822.681839] /dev/input/event1: 0003 0039 ffffffff
[   16822.681839] /dev/input/event1: 0000 0000 00000000
[   16824.009727] /dev/input/event1: 0003 0039 00000000
[   16824.009727] /dev/input/event1: 0003 0030 00000124
[   16824.009727] /dev/input/event1: 0003 003a 00000081
[   16824.009727] /dev/input/event1: 0003 0035 0000538d
[   16824.009727] /dev/input/event1: 0003 0036 00002b21
[   16824.009727] /dev/input/event1: 0000 0000 00000000
[   16824.098899] /dev/input/event1: 0003 003a 00000000
[   16824.098899] /dev/input/event1: 0003 0039 ffffffff
[   16824.098899] /dev/input/event1: 0000 0000 00000000
[   16825.618194] /dev/input/event1: 0003 0039 00000000
[   16825.618194] /dev/input/event1: 0003 0030 00000125
[   16825.618194] /dev/input/event1: 0003 003a 00000081
[   16825.618194] /dev/input/event1: 0003 0035 00006c15
[   16825.618194] /dev/input/event1: 0003 0036 00004787
[   16825.618194] /dev/input/event1: 0000 0000 00000000
[   16825.708591] /dev/input/event1: 0003 003a 00000000
[   16825.708591] /dev/input/event1: 0003 0039 ffffffff
[   16825.708591] /dev/input/event1: 0000 0000 00000000