add device 1: /dev/input/event0
  name:     "Power Button"
add device 2: /dev/input/event1
  name:     "qwerty2"
[    7549.139067] /dev/input/event1: 0003 0039 00000000
[    7549.139067] /dev/input/event1: 0003 0030 00000041
[    7549.139067] /dev/input/event1: 0003 003a 00000081
[    7549.139067] /dev/input/event1: 0003 0035 000059b7
[    7549.139067] /dev/input/event1: 0003 0036 00005887
[    7549.139067] /dev/input/event1: 0000 0000 00000000
[    7549.278194] /dev/input/event1: 0003 003a 00000000
[    7549.278194] /dev/input/event1: 0003 0039 ffffffff
[    7549.278194] /dev/input/event1: 0000 0000 00000000
[    7552.980496] /dev/input/event1: 0003 0039 00000000
[    7552.980496] /dev/input/event1: 0003 0030 00000042
[    7552.980496] /dev/input/event1: 0003 003a 00000081
[    7552.980496] /dev/input/event1: 0003 0035 000075ec
[    7552.980496] /dev/input/event1: 0003 0036 000011aa
[    7552.980496] /dev/input/event1: 0000 0000 00000000
[    7553.103742] /dev/input/event1: 0003 003a 00000000
[    7553.103742] /dev/input/event1: 0003 0039 ffffffff
[    7553.103742] /dev/input/event1: 0000 0000 00000000
[    7556.734184] /dev/input/event1: 0003 0039 00000000
[    7556.734184] /dev/input/event1: 0003 0030 00000043
[    7556.734184] /dev/input/event1: 0003 003a 00000081
[    7556.734184] /dev/input/event1: 0003 0035 00004b41
[    7556.734184] /dev/input/event1: 0003 0036 00006687
[    7556.734184] /dev/input/event1: 0000 0000 00000000
[    7556.856990] /dev/input/event1: 0003 003a 00000000
[    7556.856990] /dev/input/event1: 0003 0039 ffffffff
[    7556.856990] /dev/input/event1: 0000 0000 00000000
[    7558.801572] /dev/input/event1: 0003 0039 00000000
[    7558.801572] /dev/input/event1: 0003 0030 00000044
[    7558.801572] /dev/input/event1: 0003 003a 00000081
[    7558.801572] /dev/input/event1: 0003 0035 00005fa4
[    7558.801572] /dev/input/event1: 0003 0036 00004fff
[    7558.801572] /dev/input/event1: 0000 0000 00000000
[    7558.917098] /dev/input/event1: 0003 003a 00000000
[    7558.917098] /dev/input/event1: 0003 0039 ffffffff
[    7558.917098] /dev/input/event1: 0000 0000 00000000
[    7560.185140] /dev/input/event1: 0003 0039 00000000
[    7560.185140] /dev/input/event1: 0003 0030 00000045
[    7560.185140] /dev/input/event1: 0003 003a 00000081
[    7560.185140] /dev/input/event1: 0003 0035 000072f5
[    7560.185140] /dev/input/event1: 0003 0036 00005b76
[    7560.185140] /dev/input/event1: 0000 0000 00000000
[    7560.308477] /dev/input/event1: 0003 003a 00000000
[    7560.308477] /dev/input/event1: 0003 0039 ffffffff
[    7560.308477] /dev/input/event1: 0000 0000 00000000
[    7561.401795] /dev/input/event1: 0003 0039 00000000
[    7561.401795] /dev/input/event1: 0003 0030 00000046
[    7561.401795] /dev/input/event1: 0003 003a 00000081
[    7561.401795] /dev/input/event1: 0000 0000 00000000
[    7561.554905] /dev/input/event1: 0003 003a 00000000
[    7561.554905] /dev/input/event1: 0003 0039 ffffffff
[    7561.554905] /dev/input/event1: 0000 0000 00000000
[    7563.716617] /dev/input/event1: 0003 0039 00000000
[    7563.716617] /dev/input/event1: 0003 0030 00000047
[    7563.716617] /dev/input/event1: 0003 003a 00000081
[    7563.716617] /dev/input/event1: 0003 0035 00001999
[    7563.716617] /dev/input/event1: 0003 0036 00002121
[    7563.716617] /dev/input/event1: 0000 0000 00000000
[    7563.832399] /dev/input/event1: 0003 003a 00000000
[    7563.832399] /dev/input/event1: 0003 0039 ffffffff
[    7563.832399] /dev/input/event1: 0000 0000 00000000
[    7566.310084] /dev/input/event1: 0003 0039 00000000
[    7566.310084] /dev/input/event1: 0003 0030 00000048
[    7566.310084] /dev/input/event1: 0003 003a 00000081
[    7566.310084] /dev/input/event1: 0003 0035 0000127d
[    7566.310084] /dev/input/event1: 0003 0036 00004f98
[    7566.310084] /dev/input/event1: 0000 0000 00000000
[    7566.447576] /dev/input/event1: 0003 003a 00000000
[    7566.447576] /dev/input/event1: 0003 0039 ffffffff
[    7566.447576] /dev/input/event1: 0000 0000 00000000
[    7567.650862] /dev/input/event1: 0003 0039 00000000
[    7567.650862] /dev/input/event1: 0003 0030 00000049
[    7567.650862] /dev/input/event1: 0003 003a 00000081
[    7567.650862] /dev/input/event1: 0003 0035 000031a8
[    7567.650862] /dev/input/event1: 0003 0036 00007198
[    7567.650862] /dev/input/event1: 0000 0000 00000000
[    7567.774439] /dev/input/event1: 0003 003a 00000000
[    7567.774439] /dev/input/event1: 0003 0039 ffffffff
[    7567.774439] /dev/input/event1: 0000 0000 00000000
[    7568.427513] /dev/input/event1: 0003 0039 00000000
[    7568.427513] /dev/input/event1: 0003 0030 0000004a
[    7568.427513] /dev/input/event1: 0003 003a 00000081
[    7568.427513] /dev/input/event1: 0000 0000 00000000
[    7568.543271] /dev/input/event1: 0003 003a 00000000
[    7568.543271] /dev/input/event1: 0003 0039 ffffffff
[    7568.543271] /dev/input/event1: 0000 0000 00000000
[    7569.064550] /dev/input/event1: 0003 0039 00000000
[    7569.064550] /dev/input/event1: 0003 0030 0000004b
[    7569.064550] /dev/input/event1: 0003 003a 00000081
[    7569.064550] /dev/input/event1: 0000 0000 00000000
[    7569.159190] /dev/input/event1: 0003 003a 00000000
[    7569.159190] /dev/input/event1: 0003 0039 ffffffff
[    7569.159190] /dev/input/event1: 0000 0000 00000000
[    7570.002367] /dev/input/event1: 0003 0039 00000000
[    7570.002367] /dev/input/event1: 0003 0030 0000004c
[    7570.002367] /dev/input/event1: 0003 003a 00000081
[    7570.002367] /dev/input/event1: 0000 0000 00000000
[    7570.074687] /dev/input/event1: 0003 003a 00000000
[    7570.074687] /dev/input/event1: 0003 0039 ffffffff
[    7570.074687] /dev/input/event1: 0000 0000 00000000
[    7573.028395] /dev/input/event1: 0003 0039 00000000
[    7573.028395] /dev/input/event1: 0003 0030 0000004d
[    7573.028395] /dev/input/event1: 0003 003a 00000081
[    7573.028395] /dev/input/event1: 0003 0035 0000297a
[    7573.028395] /dev/input/event1: 0003 0036 00003e43
[    7573.028395] /dev/input/event1: 0000 0000 00000000
[    7573.151622] /dev/input/event1: 0003 003a 00000000
[    7573.151622] /dev/input/event1: 0003 0039 ffffffff
[    7573.151622] /dev/input/event1: 0000 0000 00000000
[    7575.884649] /dev/input/event1: 0003 0039 00000000
[    7575.884649] /dev/input/event1: 0003 0030 0000004e
[    7575.884649] /dev/input/event1: 0003 003a 00000081
[    7575.884649] /dev/input/event1: 0003 0035 00004d27
[    7575.884649] /dev/input/event1: 0003 0036 00006621
[    7575.884649] /dev/input/event1: 0000 0000 00000000
[    7576.024423] /dev/input/event1: 0003 003a 00000000
[    7576.024423] /dev/input/event1: 0003 0039 ffffffff
[    7576.024423] /dev/input/event1: 0000 0000 00000000
[    7576.910279] /dev/input/event1: 0003 0039 00000000
[    7576.910279] /dev/input/event1: 0003 0030 0000004f
[    7576.910279] /dev/input/event1: 0003 003a 00000081
[    7576.910279] /dev/input/event1: 0003 0035 00005fa4
[    7576.910279] /dev/input/event1: 0003 0036 000050dd
[    7576.910279] /dev/input/event1: 0000 0000 00000000
[    7577.013496] /dev/input/event1: 0003 003a 00000000
[    7577.013496] /dev/input/event1: 0003 0039 ffffffff
[    7577.013496] /dev/input/event1: 0000 0000 00000000
[    7578.367962] /dev/input/event1: 0003 0039 00000000
[    7578.367962] /dev/input/event1: 0003 0030 00000050
[    7578.367962] /dev/input/event1: 0003 003a 00000081
[    7578.367962] /dev/input/event1: 0003 0035 000073ab
[    7578.367962] /dev/input/event1: 0003 0036 00005add
[    7578.367962] /dev/input/event1: 0000 0000 00000000
[    7578.481061] /dev/input/event1: 0003 003a 00000000
[    7578.481061] /dev/input/event1: 0003 0039 ffffffff
[    7578.481061] /dev/input/event1: 0000 0000 00000000
[    7579.275264] /dev/input/event1: 0003 0039 00000000
[    7579.275264] /dev/input/event1: 0003 0030 00000051
[    7579.275264] /dev/input/event1: 0003 003a 00000081
[    7579.275264] /dev/input/event1: 0000 0000 00000000
[    7579.385563] /dev/input/event1: 0003 003a 00000000
[    7579.385563] /dev/input/event1: 0003 0039 ffffffff
[    7579.385563] /dev/input/event1: 0000 0000 00000000
[    7583.094987] /dev/input/event1: 0003 0039 00000000
[    7583.09498