add device 1: /dev/input/event0
  name:     "Power Button"
add device 2: /dev/input/event1
  name:     "qwerty2"
[    8521.697702] /dev/input/event1: 0003 0039 00000000
[    8521.697702] /dev/input/event1: 0003 0030 000001a9
[    8521.697702] /dev/input/event1: 0003 003a 00000081
[    8521.697702] /dev/input/event1: 0003 0035 000054db
[    8521.697702] /dev/input/event1: 0003 0036 000058ff
[    8521.697702] /dev/input/event1: 0000 0000 00000000
[    8521.800831] /dev/input/event1: 0003 003a 00000000
[    8521.800831] /dev/input/event1: 0003 0039 ffffffff
[    8521.800831] /dev/input/event1: 0000 0000 00000000
[    8524.933106] /dev/input/event1: 0003 0039 00000000
[    8524.933106] /dev/input/event1: 0003 0030 000001aa
[    8524.933106] /dev/input/event1: 0003 003a 00000081
[    8524.933106] /dev/input/event1: 0003 0035 0000782c
[    8524.933106] /dev/input/event1: 0003 0036 000007dd
[    8524.933106] /dev/input/event1: 0000 0000 00000000
[    8525.087761] /dev/input/event1: 0003 003a 00000000
[    8525.087761] /dev/input/event1: 0003 0039 ffffffff
[    8525.087761] /dev/input/event1: 0000 0000 00000000
[    8528.338978] /dev/input/event1: 0003 0039 00000000
[    8528.338978] /dev/input/event1: 0003 0030 000001ab
[    8528.338978] /dev/input/event1: 0003 003a 00000081
[    8528.338978] /dev/input/event1: 0003 0035 0000584b
[    8528.338978] /dev/input/event1: 0003 0036 00001077
[    8528.338978] /dev/input/event1: 0000 0000 00000000
[    8528.484922] /dev/input/event1: 0003 003a 00000000
[    8528.484922] /dev/input/event1: 0003 0039 ffffffff
[    8528.484922] /dev/input/event1: 0000 0000 00000000
[    8530.973332] /dev/input/event1: 0003 0039 00000000
[    8530.973332] /dev/input/event1: 0003 0030 000001ac
[    8530.973332] /dev/input/event1: 0003 003a 00000081
[    8530.973332] /dev/input/event1: 0003 0035 00002aaa
[    8530.973332] /dev/input/event1: 0003 0036 000033aa
[    8530.973332] /dev/input/event1: 0000 0000 00000000
[    8531.111601] /dev/input/event1: 0003 003a 00000000
[    8531.111601] /dev/input/event1: 0003 0039 ffffffff
[    8531.111601] /dev/input/event1: 0000 0000 00000000
[    8533.275089] /dev/input/event1: 0003 0039 00000000
[    8533.275089] /dev/input/event1: 0003 0030 000001ad
[    8533.275089] /dev/input/event1: 0003 003a 00000081
[    8533.275089] /dev/input/event1: 0003 0035 00002869
[    8533.275089] /dev/input/event1: 0003 0036 000044ff
[    8533.275089] /dev/input/event1: 0000 0000 00000000
[    8533.397925] /dev/input/event1: 0003 003a 00000000
[    8533.397925] /dev/input/event1: 0003 0039 ffffffff
[    8533.397925] /dev/input/event1: 0000 0000 00000000
[    8535.631136] /dev/input/event1: 0003 0039 00000000
[    8535.631136] /dev/input/event1: 0003 0030 000001ae
[    8535.631136] /dev/input/event1: 0003 003a 00000081
[    8535.631136] /dev/input/event1: 0003 0035 000019f4
[    8535.631136] /dev/input/event1: 0003 0036 00003f88
[    8535.631136] /dev/input/event1: 0000 0000 00000000
[    8535.769867] /dev/input/event1: 0003 003a 00000000
[    8535.769867] /dev/input/event1: 0003 0039 ffffffff
[    8535.769867] /dev/input/event1: 0000 0000 00000000
[    8538.029570] /dev/input/event1: 0003 0039 00000000
[    8538.029570] /dev/input/event1: 0003 0030 000001af
[    8538.029570] /dev/input/event1: 0003 003a 00000081
[    8538.029570] /dev/input/event1: 0003 0035 00005665
[    8538.029570] /dev/input/event1: 0003 0036 000058ff
[    8538.029570] /dev/input/event1: 0000 0000 00000000
[    8538.149827] /dev/input/event1: 0003 003a 00000000
[    8538.149827] /dev/input/event1: 0003 0039 ffffffff
[    8538.149827] /dev/input/event1: 0000 0000 00000000
[    8540.267392] /dev/input/event1: 0003 0039 00000000
[    8540.267392] /dev/input/event1: 0003 0030 000001b0
[    8540.267392] /dev/input/event1: 0003 003a 00000081
[    8540.267392] /dev/input/event1: 0003 0035 000043ca
[    8540.267392] /dev/input/event1: 0003 0036 000056dd
[    8540.267392] /dev/input/event1: 0000 0000 00000000
[    8540.389542] /dev/input/event1: 0003 0036 00005676
[    8540.389542] /dev/input/event1: 0000 0000 00000000
[    8540.397539] /dev/input/event1: 0003 0036 00005610
[    8540.397539] /dev/input/event1: 0000 0000 00000000
[    8540.406085] /dev/input/event1: 0003 0036 00005576
[    8540.406085] /dev/input/event1: 0000 0000 00000000
[    8540.413330] /dev/input/event1: 0003 0036 000054cc
[    8540.413330] /dev/input/event1: 0000 0000 00000000
[    8540.421711] /dev/input/event1: 0003 0036 00005432
[    8540.421711] /dev/input/event1: 0000 0000 00000000
[    8540.429753] /dev/input/event1: 0003 0036 00005387
[    8540.429753] /dev/input/event1: 0000 0000 00000000
[    8540.437312] /dev/input/event1: 0003 0036 000052ee
[    8540.437312] /dev/input/event1: 0000 0000 00000000
[    8540.445892] /dev/input/event1: 0003 0035 00004443
[    8540.445892] /dev/input/event1: 0003 0036 00005254
[    8540.445892] /dev/input/event1: 0000 0000 00000000
[    8540.453353] /dev/input/event1: 0003 0036 000051dd
[    8540.453353] /dev/input/event1: 0000 0000 00000000
[    8540.459780] /dev/input/event1: 0003 0036 00005143
[    8540.459780] /dev/input/event1: 0000 0000 00000000
[    8540.468316] /dev/input/event1: 0003 0036 000050dd
[    8540.468316] /dev/input/event1: 0000 0000 00000000
[    8540.475306] /dev/input/event1: 0003 0036 00005076
[    8540.475306] /dev/input/event1: 0000 0000 00000000
[    8540.483352] /dev/input/event1: 0003 0036 00005032
[    8540.483352] /dev/input/event1: 0000 0000 00000000
[    8540.492452] /dev/input/event1: 0003 0036 00004f98
[    8540.492452] /dev/input/event1: 0000 0000 00000000
[    8540.499715] /dev/input/event1: 0003 0036 00004f65
[    8540.499715] /dev/input/event1: 0000 0000 00000000
[    8540.507401] /dev/input/event1: 0003 0036 00004f32
[    8540.507401] /dev/input/event1: 0000 0000 00000000
[    8540.516788] /dev/input/event1: 0003 0036 00004ecc
[    8540.516788] /dev/input/event1: 0000 0000 00000000
[    8540.521431] /dev/input/event1: 0003 0036 00004e54
[    8540.521431] /dev/input/event1: 0000 0000 00000000
[    8540.538484] /dev/input/event1: 0003 0036 00004e21
[    8540.538484] /dev/input/event1: 0000 0000 00000000
[    8540.554304] /dev/input/event1: 0003 0036 00004dee
[    8540.554304] /dev/input/event1: 0000 0000 00000000
[    8540.561709] /dev/input/event1: 0003 0036 00004dbb
[    8540.561709] /dev/input/event1: 0000 0000 00000000
[    8540.569711] /dev/input/event1: 0003 0036 00004d54
[    8540.569711] /dev/input/event1: 0000 0000 00000000
[    8540.575901] /dev/input/event1: 0003 0036 00004cdd
[    8540.575901] /dev/input/event1: 0000 0000 00000000
[    8540.583229] /dev/input/event1: 0003 0035 000043ca
[    8540.583229] /dev/input/event1: 0003 0036 00004c76
[    8540.583229] /dev/input/event1: 0000 0000 00000000
[    8540.592816] /dev/input/event1: 0003 0035 0000436f
[    8540.592816] /dev/input/event1: 0003 0036 00004bdd
[    8540.592816] /dev/input/event1: 0000 0000 00000000
[    8540.601250] /dev/input/event1: 0003 0036 00004b65
[    8540.601250] /dev/input/event1: 0000 0000 00000000
[    8540.607245] /dev/input/event1: 0003 0036 00004acc
[    8540.607245] /dev/input/event1: 0000 0000 00000000
[    8540.615504] /dev/input/event1: 0003 0035 00004314
[    8540.615504] /dev/input/event1: 0003 0036 00004a65
[    8540.615504] /dev/input/event1: 0000 0000 00000000
[    8540.623200] /dev/input/event1: 0003 0036 00004a32
[    8540.623200] /dev/input/event1: 0000 0000 00000000
[    8540.631460] /dev/input/event1: 0003 0035 000042b9
[    8540.631460] /dev/input/event1: 0003 0036 000049bb
[    8540.631460] /dev/input/event1: 0000 0000 00000000
[    8540.637550] /dev/input/event1: 0003 0036 00004921
[    8540.637550] /dev/input/event1: 0000 0000 00000000
[    8540.645365] /dev/input/event1: 0003 0035 0000425e
[    8540.645365] /dev/input/event1: 0003 0036 000048bb
[    8540.645365] /dev/input/event1: 0000 0000 00000000
[    8540.654955] /dev/input/event1: 0003 0036 00004810
[    8540.654955] /dev/input/event1: 0000 0000 00000000
[    8540.663228] /dev/input/event1: 0003 0036 00004776
[    8540.663228] /dev/input/event1: 0000 0000 00000000
[    8540.669757] /dev/input/event1: 0003 0036 000046dd
[    8540.669757] /dev/input/event1: 0000 0000 00000000
[    8540.677465] /dev/input/event1: 0003 0035 00004203
[    8540.677465] /dev/input/event1: 0003 0036 00004665
[    8540.677465] /dev/input/event1: 0000 0000 00000000
[    8540.685310] /dev/input/event1: 0003 0036 000045cc
[    8540.685310] /dev/input/event1: 0000 0000 00000000
[    8540.696239] /dev/input/event1: 0003 0036 00004532
[    8540.696239] /dev/input/event1: 0000 0000 00000000
[    8540.699499] /dev/input/event1: 0003 0036 00004487
[    8540.699499] /dev/input/event1: 0000 0000 00000000
[    8540.708288] /dev/input/event1: 0003 0036 000043ee
[    8540.708288] /dev/input/event1: 0000 0000 00000000
[    8540.715484] /dev/input/event1: 0003 0036 000043bb
[    8540.715484] /dev/input/event1: 0000 0000 00000000
[    8540.723379] /dev/input/event1: 0003 0036 00004354
[    8540.723379] /dev/input/event1: 0000 0000 00000000
[    8540.732420] /dev/input/event1: 0003 0036 000042aa
[    8540.732420] /dev/input/event1: 0000 0000 00000000
[    8540.739368] /dev/input/event1: 0003 0036 00004243
[    8540.739368] /dev/input/event1: 0000 0000 00000000
[    8540.747773] /dev/input/event1: 0003 0036 000041dd
[    8540.747773] /dev/input/event1: 0000 0000 00000000
[    8540.755198] /dev/input/event1: 0003 0036 00004165
[    8540.755198] /dev/input/event1: 0000 0000 00000000
[    8540.761915] /dev/input/event1: 0003 0036 000040ff
[    8540.761915] /dev/input/event1: 0000 0000 00000000
[    8540.772252] /dev/input/event1: 0003 0035 0000425e
[    8540.772252] /dev/input/event1: 0003 0036 00004099
[    8540.772252] /dev/input/event1: 0000 0000 00000000
[    8540.777982] /dev/input/event1: 0003 0035 000042b9
[    8540.777982] /dev/input/event1: 0003 0036 00003fff
[    8540.777982] /dev/input/event1: 0000 0000 00000000
[    8540.787790] /dev/input/event1: 0003 0036 00003f88
[    8540.787790] /dev/input/event1: 0000 0000 00000000
[    8540.794057] /dev/input/event1: 0003 0035 00004314
[    8540.794057] /dev/input/event1: 0003 0036 00003f54
[    8540.794057] /dev/input/event1: 0000 0000 00000000
[    8540.802914] /dev/input/event1: 0003 0036 00003eee
[    8540.802914] /dev/input/event1: 0000 0000 00000000
[    8540.809678] /dev/input/event1: 0003 0036 00003e88
[    8540.809678] /dev/input/event1: 0000 0000 00000000
[    8540.817625] /dev/input/event1: 0003 0035 0000436f
[    8540.817625] /dev/input/event1: 0003 0036 00003ddd
[    8540.817625] /dev/input/event1: 0000 0000 00000000
[    8540.825121] /dev/input/event1: 0003 0035 000043ca
[    8540.825121] /dev/input/event1: 0003 0036 00003d76
[    8540.825121] /dev/input/event1: 0000 0000 00000000
[    8540.831481] /dev/input/event1: 0003 0036 00003d10
[    8540.831481] /dev/input/event1: 0000 0000 00000000
[    8540.841449] /dev/input/event1: 0003 0036 00003c99
[    8540.841449] /dev/input/event1: 0000 0000 00000000
[    8540.847299] /dev/input/event1: 0003 0036 00003c65
[    8540.847299] /dev/input/event1: 0000 0000 00000000
[    8540.855271] /dev/input/event1: 0003 0036 00003bff
[    8540.855271] /dev/input/event1: 0000 0000 00000000
[    8540.863411] /dev/input/event1: 0003 0036 00003b99
[    8540.863411] /dev/input/event1: 0000 0000 00000000
[    8540.872680] /dev/input/event1: 0003 0036 00003b32
[    8540.872680] /dev/input/event1: 0000 0000 00000000
[    8540.880440] /dev/input/event1: 0003 0035 00004443
[    8540.880440] /dev/input/event1: 0003 0036 00003abb
[    8540.880440] /dev/input/event1: 0000 0000 00000000
[    8540.887084] /dev/input/event1: 0003 0036 00003a54
[    8540.887084] /dev/input/event1: 0000 0000 00000000
[    8540.893813] /dev/input/event1: 0003 0036 000039ee
[    8540.893813] /dev/input/event1: 0000 0000 00000000
[    8540.901894] /dev/input/event1: 0003 0036 00003943
[    8540.901894] /dev/input/event1: 0000 0000 00000000
[    8540.909689] /dev/input/event1: 0003 0036 00003910
[    8540.909689] /dev/input/event1: 0000 0000 00000000
[    8540.918630] /dev/input/event1: 0003 0036 000038aa
[    8540.918630] /dev/input/event1: 0000 0000 00000000
[    8540.925348] /dev/input/event1: 0003 0035 0000449e
[    8540.925348] /dev/