add device 1: /dev/input/event0
  name:     "Power Button"
add device 2: /dev/input/event1
  name:     "qwerty2"
[    8234.961362] /dev/input/event1: 0003 0039 00000000
[    8234.961362] /dev/input/event1: 0003 0030 0000018b
[    8234.961362] /dev/input/event1: 0003 003a 00000081
[    8234.961362] /dev/input/event1: 0003 0035 000058a6
[    8234.961362] /dev/input/event1: 0003 0036 00005887
[    8234.961362] /dev/input/event1: 0000 0000 00000000
[    8235.072838] /dev/input/event1: 0003 003a 00000000
[    8235.072838] /dev/input/event1: 0003 0039 ffffffff
[    8235.072838] /dev/input/event1: 0000 0000 00000000
[    8238.506156] /dev/input/event1: 0003 0039 00000000
[    8238.506156] /dev/input/event1: 0003 0030 0000018c
[    8238.506156] /dev/input/event1: 0003 003a 00000081
[    8238.506156] /dev/input/event1: 0003 0035 000076a2
[    8238.506156] /dev/input/event1: 0003 0036 00000777
[    8238.506156] /dev/input/event1: 0000 0000 00000000
[    8238.638800] /dev/input/event1: 0003 003a 00000000
[    8238.638800] /dev/input/event1: 0003 0039 ffffffff
[    8238.638800] /dev/input/event1: 0000 0000 00000000
[    8240.781009] /dev/input/event1: 0003 0039 00000000
[    8240.781009] /dev/input/event1: 0003 0030 0000018d
[    8240.781009] /dev/input/event1: 0003 003a 00000081
[    8240.781009] /dev/input/event1: 0003 0035 00005b9c
[    8240.781009] /dev/input/event1: 0003 0036 000018ff
[    8240.781009] /dev/input/event1: 0000 0000 00000000
[    8240.909478] /dev/input/event1: 0003 003a 00000000
[    8240.909478] /dev/input/event1: 0003 0039 ffffffff
[    8240.909478] /dev/input/event1: 0000 0000 00000000
[    8243.654769] /dev/input/event1: 0003 0039 00000000
[    8243.654769] /dev/input/event1: 0003 0030 0000018e
[    8243.654769] /dev/input/event1: 0003 003a 00000081
[    8243.654769] /dev/input/event1: 0003 0035 0000249f
[    8243.654769] /dev/input/event1: 0003 0036 00001999
[    8243.654769] /dev/input/event1: 0000 0000 00000000
[    8243.777798] /dev/input/event1: 0003 003a 00000000
[    8243.777798] /dev/input/event1: 0003 0039 ffffffff
[    8243.777798] /dev/input/event1: 0000 0000 00000000
[    8246.105150] /dev/input/event1: 0003 0039 00000000
[    8246.105150] /dev/input/event1: 0003 0030 0000018f
[    8246.105150] /dev/input/event1: 0003 003a 00000081
[    8246.105150] /dev/input/event1: 0003 0035 00002aaa
[    8246.105150] /dev/input/event1: 0003 0036 00001033
[    8246.105150] /dev/input/event1: 0000 0000 00000000
[    8246.222197] /dev/input/event1: 0003 003a 00000000
[    8246.222197] /dev/input/event1: 0003 0039 ffffffff
[    8246.222197] /dev/input/event1: 0000 0000 00000000
[    8248.576680] /dev/input/event1: 0003 0039 00000000
[    8248.576680] /dev/input/event1: 0003 0030 00000190
[    8248.576680] /dev/input/event1: 0003 003a 00000081
[    8248.576680] /dev/input/event1: 0003 0035 00006d08
[    8248.576680] /dev/input/event1: 0003 0036 00003abb
[    8248.576680] /dev/input/event1: 0000 0000 00000000
[    8248.732219] /dev/input/event1: 0003 003a 00000000
[    8248.732219] /dev/input/event1: 0003 0039 ffffffff
[    8248.732219] /dev/input/event1: 0000 0000 00000000
[    8251.462998] /dev/input/event1: 0003 0039 00000000
[    8251.462998] /dev/input/event1: 0003 0030 00000191
[    8251.462998] /dev/input/event1: 0003 003a 00000081
[    8251.462998] /dev/input/event1: 0003 0035 00001221
[    8251.462998] /dev/input/event1: 0003 0036 00000777
[    8251.462998] /dev/input/event1: 0000 0000 00000000
[    8251.591672] /dev/input/event1: 0003 003a 00000000
[    8251.591672] /dev/input/event1: 0003 0039 ffffffff
[    8251.591672] /dev/input/event1: 0000 0000 00000000
[    8252.934304] /dev/input/event1: 0003 0039 00000000
[    8252.934304] /dev/input/event1: 0003 0030 00000192
[    8252.934304] /dev/input/event1: 0003 003a 00000081
[    8252.934304] /dev/input/event1: 0000 0000 00000000
[    8253.059068] /dev/input/event1: 0003 003a 00000000
[    8253.059068] /dev/input/event1: 0003 0039 ffffffff
[    8253.059068] /dev/input/event1: 0000 0000 00000000
[    8254.943878] /dev/input/event1: 0003 0039 00000000
[    8254.943878] /dev/input/event1: 0003 0030 00000193
[    8254.943878] /dev/input/event1: 0003 003a 00000081
[    8254.943878] /dev/input/event1: 0003 0035 00003b41
[    8254.943878] /dev/input/event1: 0003 0036 000068cb
[    8254.943878] /dev/input/event1: 0000 0000 00000000
[    8255.042204] /dev/input/event1: 0003 0036 00006898
[    8255.042204] /dev/input/event1: 0000 0000 00000000
[    8255.057625] /dev/input/event1: 0003 0036 00006865
[    8255.057625] /dev/input/event1: 0000 0000 00000000
[    8255.065185] /dev/input/event1: 0003 0036 000067cb
[    8255.065185] /dev/input/event1: 0000 0000 00000000
[    8255.073147] /dev/input/event1: 0003 0035 00003bbb
[    8255.073147] /dev/input/event1: 0003 0036 00006721
[    8255.073147] /dev/input/event1: 0000 0000 00000000
[    8255.081822] /dev/input/event1: 0003 0035 00003c16
[    8255.081822] /dev/input/event1: 0003 0036 00006687
[    8255.081822] /dev/input/event1: 0000 0000 00000000
[    8255.091188] /dev/input/event1: 0003 0036 00006576
[    8255.091188] /dev/input/event1: 0000 0000 00000000
[    8255.095572] /dev/input/event1: 0003 0035 00003c71
[    8255.095572] /dev/input/event1: 0003 0036 00006443
[    8255.095572] /dev/input/event1: 0000 0000 00000000
[    8255.104323] /dev/input/event1: 0003 0035 00003ccc
[    8255.104323] /dev/input/event1: 0003 0036 000062ff
[    8255.104323] /dev/input/event1: 0000 0000 00000000
[    8255.111651] /dev/input/event1: 0003 0036 00006221
[    8255.111651] /dev/input/event1: 0000 0000 00000000
[    8255.119709] /dev/input/event1: 0003 0035 00003d27
[    8255.119709] /dev/input/event1: 0003 0036 00006154
[    8255.119709] /dev/input/event1: 0000 0000 00000000
[    8255.129442] /dev/input/event1: 0003 0035 00003d82
[    8255.129442] /dev/input/event1: 0003 0036 00006043
[    8255.129442] /dev/input/event1: 0000 0000 00000000
[    8255.135240] /dev/input/event1: 0003 0035 00003ddd
[    8255.135240] /dev/input/event1: 0003 0036 00005f76
[    8255.135240] /dev/input/event1: 0000 0000 00000000
[    8255.143119] /dev/input/event1: 0003 0036 00005e98
[    8255.143119] /dev/input/event1: 0000 0000 00000000
[    8255.152220] /dev/input/event1: 0003 0036 00005dcc
[    8255.152220] /dev/input/event1: 0000 0000 00000000
[    8255.157380] /dev/input/event1: 0003 0035 00003e38
[    8255.157380] /dev/input/event1: 0003 0036 00005c87
[    8255.157380] /dev/input/event1: 0000 0000 00000000
[    8255.165560] /dev/input/event1: 0003 0036 00005ba9
[    8255.165560] /dev/input/event1: 0000 0000 00000000
[    8255.175622] /dev/input/event1: 0003 0035 00003eb1
[    8255.175622] /dev/input/event1: 0003 0036 00005b10
[    8255.175622] /dev/input/event1: 0000 0000 00000000
[    8255.181270] /dev/input/event1: 0003 0036 00005a43
[    8255.181270] /dev/input/event1: 0000 0000 00000000
[    8255.190716] /dev/input/event1: 0003 0036 00005998
[    8255.190716] /dev/input/event1: 0000 0000 00000000
[    8255.197133] /dev/input/event1: 0003 0036 000058ff
[    8255.197133] /dev/input/event1: 0000 0000 00000000
[    8255.205155] /dev/input/event1: 0003 0036 00005854
[    8255.205155] /dev/input/event1: 0000 0000 00000000
[    8255.212971] /dev/input/event1: 0003 0036 000057bb
[    8255.212971] /dev/input/event1: 0000 0000 00000000
[    8255.219542] /dev/input/event1: 0003 0036 00005721
[    8255.219542] /dev/input/event1: 0000 0000 00000000
[    8255.227042] /dev/input/event1: 0003 0036 00005676
[    8255.227042] /dev/input/event1: 0000 0000 00000000
[    8255.235042] /dev/input/event1: 0003 0036 000055dd
[    8255.235042] /dev/input/event1: 0000 0000 00000000
[    8255.243866] /dev/input/event1: 0003 0036 00005576
[    8255.243866] /dev/input/event1: 0000 0000 00000000
[    8255.252254] /dev/input/event1: 0003 0036 000054cc
[    8255.252254] /dev/input/event1: 0000 0000 00000000
[    8255.260103] /dev/input/event1: 0003 0036 00005432
[    8255.260103] /dev/input/event1: 0000 0000 00000000
[    8255.266969] /dev/input/event1: 0003 0036 00005354
[    8255.266969] /dev/input/event1: 0000 0000 00000000
[    8255.274903] /dev/input/event1: 0003 0036 000052bb
[    8255.274903] /dev/input/event1: 0000 0000 00000000
[    8255.283812] /dev/input/event1: 0003 0035 00003e38
[    8255.283812] /dev/input/event1: 0003 0036 00005221
[    8255.283812] /dev/input/event1: 0000 0000 00000000
[    8255.292200] /dev/input/event1: 0003 0035 00003ddd
[    8255.292200] /dev/input/event1: 0003 0036 00005143
[    8255.292200] /dev/input/event1: 0000 0000 00000000
[    8255.296913] /dev/input/event1: 0003 0036 000050aa
[    8255.296913] /dev/input/event1: 0000 0000 00000000
[    8255.305202] /dev/input/event1: 0003 0036 00004f98
[    8255.305202] /dev/input/event1: 0000 0000 00000000
[    8255.313241] /dev/input/event1: 0003 0035 00003d82
[    8255.313241] /dev/input/event1: 0003 0036 00004ecc
[    8255.313241] /dev/input/event1: 0000 0000 00000000
[    8255.321193] /dev/input/event1: 0003 0036 00004e21
[    8255.321193] /dev/input/event1: 0000 0000 00000000
[    8255.329209] /dev/input/event1: 0003 0036 00004d87
[    8255.329209] /dev/input/event1: 0000 0000 00000000
[    8255.339078] /dev/input/event1: 0003 0035 00003d27
[    8255.339078] /dev/input/event1: 0003 0036 00004cdd
[    8255.339078] /dev/input/event1: 0000 0000 00000000
[    8255.345233] /dev/input/event1: 0003 0035 00003ccc
[    8255.345233] /dev/input/event1: 0003 0036 00004c10
[    8255.345233] /dev/input/event1: 0000 0000 00000000
[    8255.352780] /dev/input/event1: 0003 0035 00003c71
[    8255.352780] /dev/input/event1: 0003 0036 00004b65
[    8255.352780] /dev/input/event1: 0000 0000 00000000
[    8255.361641] /dev/input/event1: 0003 0036 00004a99
[    8255.361641] /dev/input/event1: 0000 0000 00000000
[    8255.367313] /dev/input/event1: 0003 0036 000049ff
[    8255.367313] /dev/input/event1: 0000 0000 00000000
[    8255.377153] /dev/input/event1: 0003 0035 00003c16
[    8255.377153] /dev/input/event1: 0003 0036 00004954
[    8255.377153] /dev/input/event1: 0000 0000 00000000
[    8255.383169] /dev/input/event1: 0003 0035 00003bbb
[    8255.383169] /dev/input/event1: 0003 0036 000048bb
[    8255.383169] /dev/input/event1: 0000 0000 00000000
[    8255.391743] /dev/input/event1: 0003 0035 00003b41
[    8255.391743] /dev/input/event1: 0003 0036 00004810
[    8255.391743] /dev/input/event1: 0000 0000 00000000
[    8255.399370] /dev/input/event1: 0003 0036 00004776
[    8255.399370] /dev/input/event1: 0000 0000 00000000
[    8255.406933] /dev/input/event1: 0003 0036 000046aa
[    8255.406933] /dev/input/event1: 0000 0000 00000000
[    8255.413059] /dev/input/event1: 0003 0036 000045ff
[    8255.413059] /dev/input/event1: 0000 0000 00000000
[    8255.423831] /dev/input/event1: 0003 0036 00004599
[    8255.423831] /dev/input/event1: 0000 0000 00000000
[    8255.429359] /dev/input/event1: 0003 0036 000044ff
[    8255.429359] /dev/input/event1: 0000 0000 00000000
[    8255.436939] /dev/input/event1: 0003 0036 00004487
[    8255.436939] /dev/input/event1: 0000 0000 00000000
[    8255.446005] /dev/input/event1: 0003 0036 00004421
[    8255.446005] /dev/input/event1: 0000 0000 00000000
[    8255.453856] /dev/input/event1: 0003 0036 000043bb
[    8255.453856] /dev/input/event1: 0000 0000 00000000
[    8255.461160] /dev/input/event1: 0003 0036 00004354
[    8255.461160] /dev/input/event1: 0000 0000 00000000
[    8255.469958] /dev/input/event1: 0003 0036 000042aa
[    8255.469958] /dev/input/event1: 0000 0000 00000000
[    8255.474956] /dev/input/event1: 0003 0035 00003ae6
[    8255.474956] /dev/input/event1: 0003 0036 000041dd
[    8255.474956] /dev/input/event1: 0000 0000 00000000
[    8255.484908] /dev/input/event1: 0003 0036 00004132
[    8255.484908] /dev/input/event1: 0000 0000 00000000
[    8255.491413] /dev/input/event1: 0003 0036 00004032
[    8255.491413] /dev/input/event1: 0000 0000 00000000
[    8255.501732] /dev/input/event1: 0003 0036 00003f88
[    8255.501732] /dev/input/event1: 0000 0000 00000000
[    8255.507920] /dev/input/event1: 0003 0036 00003ebb
[    8255.507920] /dev/input/event1: 0000 0000 00000000
[    8255.514952] /dev/input/event1: 0003 0036 00003e43
[    8255.514952] /dev/input/event1: 0000 0000 00000000
[    8255.524782] /dev/