add device 1: /dev/input/event0
  name:     "Power Button"
add device 2: /dev/input/event1
  name:     "qwerty2"
[    8939.812274] /dev/input/event1: 0003 0039 00000000
[    8939.812274] /dev/input/event1: 0003 0030 000001ca
[    8939.812274] /dev/input/event1: 0003 003a 00000081
[    8939.812274] /dev/input/event1: 0003 0035 00005554
[    8939.812274] /dev/input/event1: 0003 0036 00005854
[    8939.812274] /dev/input/event1: 0000 0000 00000000
[    8939.925850] /dev/input/event1: 0003 003a 00000000
[    8939.925850] /dev/input/event1: 0003 0039 ffffffff
[    8939.925850] /dev/input/event1: 0000 0000 00000000
[    8942.979799] /dev/input/event1: 0003 0039 00000000
[    8942.979799] /dev/input/event1: 0003 0030 000001cb
[    8942.979799] /dev/input/event1: 0003 003a 00000081
[    8942.979799] /dev/input/event1: 0003 0035 0000273a
[    8942.979799] /dev/input/event1: 0003 0036 00001f77
[    8942.979799] /dev/input/event1: 0000 0000 00000000
[    8943.086076] /dev/input/event1: 0003 003a 00000000
[    8943.086076] /dev/input/event1: 0003 0039 ffffffff
[    8943.086076] /dev/input/event1: 0000 0000 00000000
[    8946.516618] /dev/input/event1: 0003 0039 00000000
[    8946.516618] /dev/input/event1: 0003 0030 000001cc
[    8946.516618] /dev/input/event1: 0003 003a 00000081
[    8946.516618] /dev/input/event1: 0003 0035 00004078
[    8946.516618] /dev/input/event1: 0003 0036 00004310
[    8946.516618] /dev/input/event1: 0000 0000 00000000
[    8946.629818] /dev/input/event1: 0003 003a 00000000
[    8946.629818] /dev/input/event1: 0003 0039 ffffffff
[    8946.629818] /dev/input/event1: 0000 0000 00000000
[    8948.451703] /dev/input/event1: 0003 0039 00000000
[    8948.451703] /dev/input/event1: 0003 0030 000001cd
[    8948.451703] /dev/input/event1: 0003 003a 00000081
[    8948.451703] /dev/input/event1: 0003 0035 00002869
[    8948.451703] /dev/input/event1: 0003 0036 000013cc
[    8948.451703] /dev/input/event1: 0000 0000 00000000
[    8948.598544] /dev/input/event1: 0003 003a 00000000
[    8948.598544] /dev/input/event1: 0003 0039 ffffffff
[    8948.598544] /dev/input/event1: 0000 0000 00000000
[    8950.885853] /dev/input/event1: 0003 0039 00000000
[    8950.885853] /dev/input/event1: 0003 0030 000001ce
[    8950.885853] /dev/input/event1: 0003 003a 00000081
[    8950.885853] /dev/input/event1: 0003 0035 0000782c
[    8950.885853] /dev/input/event1: 0003 0036 00005032
[    8950.885853] /dev/input/event1: 0000 0000 00000000
[    8951.008199] /dev/input/event1: 0003 003a 00000000
[    8951.008199] /dev/input/event1: 0003 0039 ffffffff
[    8951.008199] /dev/input/event1: 0000 0000 00000000
[    8952.701863] /dev/input/event1: 0003 0039 00000000
[    8952.701863] /dev/input/event1: 0003 0030 000001cf
[    8952.701863] /dev/input/event1: 0003 003a 00000081
[    8952.701863] /dev/input/event1: 0003 0035 00000c90
[    8952.701863] /dev/input/event1: 0003 0036 00005add
[    8952.701863] /dev/input/event1: 0000 0000 00000000
[    8952.798399] /dev/input/event1: 0003 003a 00000000
[    8952.798399] /dev/input/event1: 0003 0039 ffffffff
[    8952.798399] /dev/input/event1: 0000 0000 00000000
[    8954.366730] /dev/input/event1: 0003 0039 00000000
[    8954.366730] /dev/input/event1: 0003 0030 000001d0
[    8954.366730] /dev/input/event1: 0003 003a 00000081
[    8954.366730] /dev/input/event1: 0003 0035 0000460a
[    8954.366730] /dev/input/event1: 0003 0036 00005032
[    8954.366730] /dev/input/event1: 0000 0000 00000000
[    8954.475258] /dev/input/event1: 0003 003a 00000000
[    8954.475258] /dev/input/event1: 0003 0039 ffffffff
[    8954.475258] /dev/input/event1: 0000 0000 00000000
[    8955.986172] /dev/input/event1: 0003 0039 00000000
[    8955.986172] /dev/input/event1: 0003 0030 000001d1
[    8955.986172] /dev/input/event1: 0003 003a 00000081
[    8955.986172] /dev/input/event1: 0003 0035 00003332
[    8955.986172] /dev/input/event1: 0003 0036 000066ee
[    8955.986172] /dev/input/event1: 0000 0000 00000000
[    8956.088780] /dev/input/event1: 0003 003a 00000000
[    8956.088780] /dev/input/event1: 0003 0039 ffffffff
[    8956.088780] /dev/input/event1: 0000 0000 00000000
[    8957.559610] /dev/input/event1: 0003 0039 00000000
[    8957.559610] /dev/input/event1: 0003 0030 000001d2
[    8957.559610] /dev/input/event1: 0003 003a 00000081
[    8957.559610] /dev/input/event1: 0003 0035 00004ccc
[    8957.559610] /dev/input/event1: 0003 0036 00005b43
[    8957.559610] /dev/input/event1: 0000 0000 00000000
[    8957.674275] /dev/input/event1: 0003 003a 00000000
[    8957.674275] /dev/input/event1: 0003 0039 ffffffff
[    8957.674275] /dev/input/event1: 0000 0000 00000000
[    8959.211361] /dev/input/event1: 0003 0039 00000000
[    8959.211361] /dev/input/event1: 0003 0030 000001d3
[    8959.211361] /dev/input/event1: 0003 003a 00000081
[    8959.211361] /dev/input/event1: 0003 0035 00002097
[    8959.211361] /dev/input/event1: 0003 0036 00005076
[    8959.211361] /dev/input/event1: 0000 0000 00000000
[    8959.327696] /dev/input/event1: 0003 003a 00000000
[    8959.327696] /dev/input/event1: 0003 0039 ffffffff
[    8959.327696] /dev/input/event1: 0000 0000 00000000
[    8960.852954] /dev/input/event1: 0003 0039 00000000
[    8960.852954] /dev/input/event1: 0003 0030 000001d4
[    8960.852954] /dev/input/event1: 0003 003a 00000081
[    8960.852954] /dev/input/event1: 0003 0035 0000325e
[    8960.852954] /dev/input/event1: 0003 0036 000065ee
[    8960.852954] /dev/input/event1: 0000 0000 00000000
[    8960.954396] /dev/input/event1: 0003 003a 00000000
[    8960.954396] /dev/input/event1: 0003 0039 ffffffff
[    8960.954396] /dev/input/event1: 0000 0000 00000000
[    8962.359513] /dev/input/event1: 0003 0039 00000000
[    8962.359513] /dev/input/event1: 0003 0030 000001d5
[    8962.359513] /dev/input/event1: 0003 003a 00000081
[    8962.359513] /dev/input/event1: 0003 0035 000066c0
[    8962.359513] /dev/input/event1: 0003 0036 00005b43
[    8962.359513] /dev/input/event1: 0000 0000 00000000
[    8962.465164] /dev/input/event1: 0003 003a 00000000
[    8962.465164] /dev/input/event1: 0003 0039 ffffffff
[    8962.465164] /dev/input/event1: 0000 0000 00000000
[    8964.079425] /dev/input/event1: 0003 0039 00000000
[    8964.079425] /dev/input/event1: 0003 0030 000001d6
[    8964.079425] /dev/input/event1: 0003 003a 00000081
[    8964.079425] /dev/input/event1: 0003 0035 0000249f
[    8964.079425] /dev/input/event1: 0003 0036 000021ee
[    8964.079425] /dev/input/event1: 0000 0000 00000000
[    8964.178388] /dev/input/event1: 0003 003a 00000000
[    8964.178388] /dev/input/event1: 0003 0039 ffffffff
[    8964.178388] /dev/input/event1: 0000 0000 00000000
[    8965.341876] /dev/input/event1: 0003 0039 00000000
[    8965.341876] /dev/input/event1: 0003 0030 000001d7
[    8965.341876] /dev/input/event1: 0003 003a 00000081
[    8965.341876] /dev/input/event1: 0003 0035 00001518
[    8965.341876] /dev/input/event1: 0003 0036 00004eff
[    8965.341876] /dev/input/event1: 0000 0000 00000000
[    8965.448895] /dev/input/event1: 0003 003a 00000000
[    8965.448895] /dev/input/event1: 0003 0039 ffffffff
[    8965.448895] /dev/input/event1: 0000 0000 00000000
[    8966.817337] /dev/input/event1: 0003 0039 00000000
[    8966.817337] /dev/input/event1: 0003 0030 000001d8
[    8966.817337] /dev/input/event1: 0003 003a 00000081
[    8966.817337] /dev/input/event1: 0003 0035 000032b9
[    8966.817337] /dev/input/event1: 0003 0036 00006fee
[    8966.817337] /dev/input/event1: 0000 0000 00000000
[    8966.901236] /dev/input/event1: 0003 003a 00000000
[    8966.901236] /dev/input/event1: 0003 0039 ffffffff
[    8966.901236] /dev/input/event1: 0000 0000 00000000
[    8967.596863] /dev/input/event1: 0003 0039 00000000
[    8967.596863] /dev/input/event1: 0003 0030 000001d9
[    8967.596863] /dev/input/event1: 0003 003a 00000081
[    8967.596863] /dev/input/event1: 0000 0000 00000000
[    8967.720320] /dev/input/event1: 0003 003a 00000000
[    8967.720320] /dev/input/event1: 0003 0039 ffffffff
[    8967.720320] /dev/input/event1: 0000 0000 00000000
[    8968.295131] /dev/input/event1: 0003 0039 00000000
[    8968.295131] /dev/input/event1: 0003 0030 000001da
[    8968.29513