add device 1: /dev/input/event0
  name:     "Power Button"
add device 2: /dev/input/event1
  name:     "qwerty2"
[    8943.093678] /dev/input/event1: 0003 0039 00000000
[    8943.093678] /dev/input/event1: 0003 0030 00000083
[    8943.093678] /dev/input/event1: 0003 003a 00000081
[    8943.093678] /dev/input/event1: 0003 0035 00005ac8
[    8943.093678] /dev/input/event1: 0003 0036 000058cc
[    8943.093678] /dev/input/event1: 0000 0000 00000000
[    8943.296126] /dev/input/event1: 0003 003a 00000000
[    8943.296126] /dev/input/event1: 0003 0039 ffffffff
[    8943.296126] /dev/input/event1: 0000 0000 00000000
[    8946.184827] /dev/input/event1: 0003 0039 00000000
[    8946.184827] /dev/input/event1: 0003 0030 00000084
[    8946.184827] /dev/input/event1: 0003 003a 00000081
[    8946.184827] /dev/input/event1: 0003 0035 00006536
[    8946.184827] /dev/input/event1: 0003 0036 000008ee
[    8946.184827] /dev/input/event1: 0000 0000 00000000
[    8946.398998] /dev/input/event1: 0003 003a 00000000
[    8946.398998] /dev/input/event1: 0003 0039 ffffffff
[    8946.398998] /dev/input/event1: 0000 0000 00000000
[    8950.073235] /dev/input/event1: 0003 0039 00000000
[    8950.073235] /dev/input/event1: 0003 0030 00000085
[    8950.073235] /dev/input/event1: 0003 003a 00000081
[    8950.073235] /dev/input/event1: 0003 0035 00006c52
[    8950.073235] /dev/input/event1: 0003 0036 00004fff
[    8950.073235] /dev/input/event1: 0000 0000 00000000
[    8950.285798] /dev/input/event1: 0003 003a 00000000
[    8950.285798] /dev/input/event1: 0003 0039 ffffffff
[    8950.285798] /dev/input/event1: 0000 0000 00000000
[    8951.865350] /dev/input/event1: 0003 0039 00000000
[    8951.865350] /dev/input/event1: 0003 0030 00000086
[    8951.865350] /dev/input/event1: 0003 003a 00000081
[    8951.865350] /dev/input/event1: 0003 0035 00003bbb
[    8951.865350] /dev/input/event1: 0003 0036 000050dd
[    8951.865350] /dev/input/event1: 0000 0000 00000000
[    8952.084273] /dev/input/event1: 0003 003a 00000000
[    8952.084273] /dev/input/event1: 0003 0039 ffffffff
[    8952.084273] /dev/input/event1: 0000 0000 00000000
[    8953.789508] /dev/input/event1: 0003 0039 00000000
[    8953.789508] /dev/input/event1: 0003 0030 00000087
[    8953.789508] /dev/input/event1: 0003 003a 00000081
[    8953.789508] /dev/input/event1: 0003 0035 00004b9c
[    8953.789508] /dev/input/event1: 0003 0036 00005b43
[    8953.789508] /dev/input/event1: 0000 0000 00000000
[    8954.015903] /dev/input/event1: 0003 003a 00000000
[    8954.015903] /dev/input/event1: 0003 0039 ffffffff
[    8954.015903] /dev/input/event1: 0000 0000 00000000
[    8955.444453] /dev/input/event1: 0003 0039 00000000
[    8955.444453] /dev/input/event1: 0003 0030 00000088
[    8955.444453] /dev/input/event1: 0003 003a 00000081
[    8955.444453] /dev/input/event1: 0003 0035 00001f0d
[    8955.444453] /dev/input/event1: 0003 0036 00005076
[    8955.444453] /dev/input/event1: 0000 0000 00000000
[    8955.666225] /dev/input/event1: 0003 003a 00000000
[    8955.666225] /dev/input/event1: 0003 0039 ffffffff
[    8955.666225] /dev/input/event1: 0000 0000 00000000
[    8957.493552] /dev/input/event1: 0003 0039 00000000
[    8957.493552] /dev/input/event1: 0003 0030 00000089
[    8957.493552] /dev/input/event1: 0003 003a 00000081
[    8957.493552] /dev/input/event1: 0003 0035 00002c71
[    8957.493552] /dev/input/event1: 0000 0000 00000000
[    8957.707325] /dev/input/event1: 0003 003a 00000000
[    8957.707325] /dev/input/event1: 0003 0039 ffffffff
[    8957.707325] /dev/input/event1: 0000 0000 00000000
[    8959.903904] /dev/input/event1: 0003 0039 00000000
[    8959.903904] /dev/input/event1: 0003 0030 0000008a
[    8959.903904] /dev/input/event1: 0003 003a 00000081
[    8959.903904] /dev/input/event1: 0003 0035 00007591
[    8959.903904] /dev/input/event1: 0003 0036 000071cb
[    8959.903904] /dev/input/event1: 0000 0000 00000000
[    8960.120053] /dev/input/event1: 0003 003a 00000000
[    8960.120053] /dev/input/event1: 0003 0039 ffffffff
[    8960.120053] /dev/input/event1: 0000 0000 00000000
[    89