add device 1: /dev/input/event0
  name:     "Power Button"
add device 2: /dev/input/event1
  name:     "qwerty2"
[   19065.774937] /dev/input/event1: 0003 0039 00000000
[   19065.774937] /dev/input/event1: 0003 0030 000001bf
[   19065.774937] /dev/input/event1: 0003 003a 00000081
[   19065.774937] /dev/input/event1: 0003 0035 00005b9c
[   19065.774937] /dev/input/event1: 0003 0036 00004810
[   19065.774937] /dev/input/event1: 0000 0000 00000000
[   19065.897642] /dev/input/event1: 0003 003a 00000000
[   19065.897642] /dev/input/event1: 0003 0039 ffffffff
[   19065.897642] /dev/input/event1: 0000 0000 00000000
[   19068.395606] /dev/input/event1: 0003 0039 00000000
[   19068.395606] /dev/input/event1: 0003 0030 000001c0
[   19068.395606] /dev/input/event1: 0003 003a 00000081
[   19068.395606] /dev/input/event1: 0003 0035 000071e4
[   19068.395606] /dev/input/event1: 0003 0036 00006f43
[   19068.395606] /dev/input/event1: 0000 0000 00000000
[   19068.533502] /dev/input/event1: 0003 003a 00000000
[   19068.533502] /dev/input/event1: 0003 0039 ffffffff
[   19068.533502] /dev/input/event1: 0000 0000 00000000
[   19071.201643] /dev/input/event1: 0003 0039 00000000
[   19071.201643] /dev/input/event1: 0003 0030 000001c1
[   19071.201643] /dev/input/event1: 0003 003a 00000081
[   19071.201643] /dev/input/event1: 0003 0035 00004ccc
[   19071.201643] /dev/input/event1: 0003 0036 00005b43
[   19071.201643] /dev/input/event1: 0000 0000 00000000
[   19071.316687] /dev/input/event1: 0003 003a 00000000
[   19071.316687] /dev/input/event1: 0003 0039 ffffffff
[   19071.316687] /dev/input/event1: 0000 0000 00000000
[   19073.285544] /dev/input/event1: 0003 0039 00000000
[   19073.285544] /dev/input/event1: 0003 0030 000001c2
[   19073.285544] /dev/input/event1: 0003 003a 00000081
[   19073.285544] /dev/input/event1: 0003 0035 00001c16
[   19073.285544] /dev/input/event1: 0003 0036 000032cc
[   19073.285544] /dev/input/event1: 0000 0000 00000000
[   19073.410186] /dev/input/event1: 0003 003a 00000000
[   19073.410186] /dev/input/event1: 0003 0039 ffffffff
[   19073.410186] /dev/input/event1: 0000 0000 00000000
[   19074.993736] /dev/input/event1: 0003 0039 00000000
[   19074.993736] /dev/input/event1: 0003 0030 000001c3
[   19074.993736] /dev/input/event1: 0003 003a 00000081
[   19074.993736] /dev/input/event1: 0003 0035 00004d27
[   19074.993736] /dev/input/event1: 0003 0036 00005b10
[   19074.993736] /dev/input/event1: 0000 0000 00000000
[   19075.114688] /dev/input/event1: 0003 003a 00000000
[   19075.114688] /dev/input/event1: 0003 0039 ffffffff
[   19075.114688] /dev/input/event1: 0000 0000 00000000
[   19077.245149] /dev/input/event1: 0003 0039 00000000
[   19077.245149] /dev/input/event1: 0003 0030 000001c4
[   19077.245149] /dev/input/event1: 0003 003a 00000081
[   19077.245149] /dev/input/event1: 0003 0035 0000080f
[   19077.245149] /dev/input/event1: 0003 0036 00000988
[   19077.245149] /dev/input/event1: 0000 0000 00000000
[   19077.361861] /dev/input/event1: 0003 003a 00000000
[   19077.361861] /dev/input/event1: 0003 0039 ffffffff
[   19077.361861] /dev/input/event1: 0000 0000 00000000
[   19081.137676] /dev/input/event1: 0003 0039 00000000
[   19081.137676] /dev/input/event1: 0003 0030 000001c5
[   19081.137676] /dev/input/event1: 0003 003a 00000081
[   19081.137676] /dev/input/event1: 0003 0035 00003ddd
[   19081.137676] /dev/input/event1: 0003 0036 00001788
[   19081.137676] /dev/input/event1: 0000 0000 00000000
[   19081.267915] /dev/input/event1: 0003 003a 00000000
[   19081.267915] /dev/input/event1: 0003 0039 ffffffff
[   19081.267915] /dev/input/event1: 0000 0000 00000000
[   19083.795552] /dev/input/event1: 0003 0039 00000000
[   19083.795552] /dev/input/event1: 0003 0030 000001c6
[   19083.795552] /dev/input/event1: 0003 003a 00000081
[   19083.795552] /dev/input/event1: 0003 0035 00000ceb
[   19083.795552] /dev/input/event1: 0003 0036 00001321
[   19083.795552] /dev/input/event1: 0000 0000 00000000
[   19083.896052] /dev/input/event1: 0003 003a 00000000
[   19083.896052] /dev/input/event1: 0003 0039 ffffffff
[   19083.896052] /dev/input/event1: 0000 0000 00000000
[   19086.407239] /dev/input/event1: 0003 0039 00000000
[   19086.407239] /dev/input/event1: 0003 0030 000001c7
[   19086.407239] /dev/input/event1: 0003 003a 00000081
[   19086.407239] /dev/input/event1: 0003 0035 00000c35
[   19086.407239] /dev/input/event1: 0003 0036 00002044
[   19086.407239] /dev/input/event1: 0000 0000 00000000
[   19086.539651] /dev/input/event1: 0003 003a 00000000
[   19086.539651] /dev/input/event1: 0003 0039 ffffffff
[   19086.539651] /dev/input/event1: 0000 0000 00000000
[   19088.417419] /dev/input/event1: 0003 0039 00000000
[   19088.417419] /dev/input/event1: 0003 0030 000001c8
[   19088.417419] /dev/input/event1: 0003 003a 00000081
[   19088.417419] /dev/input/event1: 0003 0035 00005665
[   19088.417419] /dev/input/event1: 0003 0036 00005b76
[   19088.417419] /dev/input/event1: 0000 0000 00000000
[   19088.545868] /dev/input/event1: 0003 003a 00000000
[   19088.545868] /dev/input/event1: 0003 0039 ffffffff
[   19088.545868] /dev/input/event1: 0000 0000 00000000
[   19090.172508] /dev/input/event1: 0003 0039 00000000
[   19090.172508] /dev/input/event1: 0003 0030 000001c9
[   19090.172508] /dev/input/event1: 0003 003a 00000081
[   19090.172508] /dev/input/event1: 0003 0035 0000103c
[   19090.172508] /dev/input/event1: 0003 0036 00007198
[   19090.172508] /dev/input/event1: 0000 0000 00000000
[   19090.319780] /dev/input/event1: 0003 003a 00000000
[   19090.319780] /dev/input/event1: 0003 0039 ffffffff
[   19090.319780] /dev/input/event1: 0000 0000 00000000
[   19091.607412] /dev/input/event1: 0003 0039 00000000
[   19091.607412] /dev/input/event1: 0003 0030 000001ca
[   19091.607412] /dev/input/event1: 0003 003a 00000081
[   19091.607412] /dev/input/event1: 0003 0035 0000138e
[   19091.607412] /dev/input/event1: 0003 0036 00005add
[   19091.607412] /dev/input/event1: 0000 0000 00000000
[   19091.721807] /dev/input/event1: 0003 003a 00000000
[   19091.721807] /dev/input/event1: 0003 0039 ffffffff
[   19091.721807] /dev/input/event1: 0000 0000 00000000
[   19093.389318] /dev/input/event1: 0003 0039 00000000
[   19093.389318] /dev/input/event1: 0003 0030 000001cb
[   19093.389318] /dev/input/event1: 0003 003a 00000081
[   19093.389318] /dev/input/event1: 0003 0035 000034f9
[   19093.389318] /dev/input/event1: 0003 0036 00001f77
[   19093.389318] /dev/input/event1: 0000 0000 00000000
[   19093.511947] /dev/input/event1: 0003 003a 00000000
[   19093.511947] /dev/input/event1: 0003 0039 ffffffff
[   19093.511947] /dev/input/event1: 0000 0000 00000000
[   19095.102673] /dev/input/event1: 0003 0039 00000000
[   19095.102673] /dev/input/event1: 0003 0030 000001cc
[   19095.102673] /dev/input/event1: 0003 003a 00000081
[   19095.102673] /dev/input/event1: 0003 0035 0000325e
[   19095.102673] /dev/input/event1: 0003 0036 00005076
[   19095.102673] /dev/input/event1: 0000 0000 00000000
[   19095.194315] /dev/input/event1: 0003 003a 00000000
[   19095.194315] /dev/input/event1: 0003 0039 ffffffff
[   19095.194315] /dev/input/event1: 0000 0000 00000000
[   19096.497476] /dev/input/event1: 0003 0039 00000000
[   19096.497476] /dev/input/event1: 0003 0030 000001cd
[   19096.497476] /dev/input/event1: 0003 003a 00000081
[   19096.497476] /dev/input/event1: 0003 0035 0000338d
[   19096.497476] /dev/input/event1: 0003 0036 00005a76
[   19096.497476] /dev/input/event1: 0000 0000 00000000
[   19096.612927] /dev/input/event1: 0003 003a 00000000
[   19096.612927] /dev/input/event1: 0003 0039 ffffffff
[   19096.612927] /dev/input/event1: 0000 0000 00000000
[   19098.712735] /dev/input/event1: 0003 0039 00000000
[   19098.712735] /dev/input/event1: 0003 0030 000001ce
[   19098.712735] /dev/input/event1: 0003 003a 00000081
[   19098.712735] /dev/input/event1: 0003 0035 00003332
[   19098.712735] /dev/input/event1: 0003 0036 00007121
[   19098.712735] /dev/input/event1: 0000 0000 00000000
[   19098.829875] /dev/input/event1: 0003 003a 00000000
[   19098.829875] /dev/input/event1: 0003 0039 ffffffff
[   19098.829875] /dev/input/event1: 0000 0000 00000000
[   19100.510929] /dev/input/event1: 0003 0039 00000000
[   19100.510929] /dev/input/event1: 0003 0030 000001cf
[   19100.510929] /dev/input/event1: 0003 003a 00000081
[   19100.510929] /dev/input/event1: 0003 0035 00005e93
[   19100.510929] /dev/input/event1: 0003 0036 00002077
[   19100.510929] /dev/input/event1: 0000 0000 00000000
[   19100.621568] /dev/input/event1: 0003 003a 00000000
[   19100.621568] /dev/input/event1: 0003 0039 ffffffff
[   19100.621568] /dev/input/event1: 0000 0000 00000000
[   19102.309894] /dev/input/event1: 0003 0039 00000000
[   19102.309894] /dev/input/event1: 0003 0030 000001d0
[   19102.309894] /dev/input/event1: 0003 003a 00000081
[   19102.309894] /dev/input/event1: 0003 0035 00005425
[   19102.309894] /dev/input/event1: 0003 0036 00005b76
[   19102.309894] /dev/input/event1: 0000 0000 00000000
[   19102.432077] /dev/input/event1: 0003 003a 00000000
[   19102.432077] /dev/input/event1: 0003 0039 ffffffff
[   19102.432077] /dev/input/event1: 0000 0000 00000000
[   19103.651112] /dev/input/event1: 0003 0039 00000000
[   19103.651112] /dev/input/event1: 0003 0030 000001d1
[   19103.651112] /dev/input/event1: 0003 003a 00000081
[   19103.651112] /dev/input/event1: 0003 0035 00001097
[   19103.651112] /dev/input/event1: 0003 0036 00007232
[   19103.651112] /dev/input/event1: 0000 0000 00000000
[   19103.811787] /dev/input/event1: 0003 003a 00000000
[   19103.811787] /dev/input/event1: 0003 0039 ffffffff
[   19103.811787] /dev/input/event1: 0000 0000 00000000
[   19104.781030] /dev/input/event1: 0003 0039 00000000
[   19104.781030] /dev/input/event1: 0003 0030 000001d2
[   19104.781030] /dev/input/event1: 0003 003a 00000081
[   19104.781030] /dev/input/event1: 0003 0035 0000116b
[   19104.781030] /dev/input/event1: 0003 0036 00005aa9
[   19104.781030] /dev/input/event1: 0000 0000 00000000
[   19104.890660] /dev/input/event1: 0003 003a 00000000
[   19104.890660] /dev/input/event1: 0003 0039 ffffffff
[   19104.890660] /dev/input/event1: 0000 0000 00000000
[   19107.409388] /dev/input/event1: 0003 0039 00000000
[   19107.409388] /dev/input/event1: 0003 0030 000001d3
[   19107.409388] /dev/input/event1: 0003 003a 00000081
[   19107.409388] /dev/input/event1: 0003 0035 000073ab
[   19107.409388] /dev/input/event1: 0003 0036 00004210
[   19107.409388] /dev/input/event1: 0000 0000 00000000
[   19107.517107] /dev/input/event1: 0003 003a 00000000
[   19107.517107] /dev/input/event1: 0003 0039 ffffffff
[   19107.517107] /dev/input/event1: 0000 0000 00000000
[   19110.392782] /dev/input/event1: 0003 0039 00000000
[   19110.392782] /dev/input/event1: 0003 0030 000001d4
[   19110.392782] /dev/input/event1: 0003 003a 00000081
[   19110.392782] /dev/input/event1: 0003 0035 000006fe
[   19110.392782] /dev/input/event1: 0003 0036 00000955
[   19110.392782] /dev/input/event1: 0000 0000 00000000
[   19110.508329] /dev/input/event1: 0003 003a 00000000
[   19110.508329] /dev/input/event1: 0003 0039 ffffffff
[   19110.508329] /dev/input/event1: 0000 0000 00000000
[   19130.870090] /dev/input/event1: 0003 0039 00000000
[   19130.870090] /dev/input/event1: 0003 0030 000001d5
[   19130.870090] /dev/input/event1: 0003 003a 00000081
[   19130.870090] /dev/input/event1: 0003 0035 00000b7e
[   19130.870090] /dev/input/event1: 0003 0036 00000922
[   19130.870090] /dev/input/event1: 0000 0000 00000000
[   19130.978012] /dev/input/event1: 0003 003a 00000000
[   19130.978012] /dev/input/event1: 0003 0039 ffffffff
[   19130.978012] /dev/input/event1: 0000 0000 00000000
[   19132.397532] /dev/input/event1: 0003 0039 00000000
[   19132.397532] /dev/input/event1: 0003 0030 000001d6
[   19132.397532] /dev/input/event1: 0003 003a 00000081
[   19132.397532] /dev/input/event1: 0003 0035 00000da1
[   19132.397532] /dev/input/event1: 0003 0036 000024aa
[   19132.397532] /dev/input/event1: 0000 0000 00000000
[   19132.503824] /dev/input/event1: 0003 003a 00000000
[   19132.503824] /dev/input/event1: 0003 0039 ffffffff
[   19132.503824] /dev/input/event1: 0000 0000 00000000
[   19135.124978] /dev/input/event1: 0003 0039 00000000
[   19135.124978] /dev/