add device 1: /dev/input/event0
  name:     "Power Button"
add device 2: /dev/input/event1
  name:     "qwerty2"
[   17871.442211] /dev/input/event1: 0003 0039 00000000
[   17871.442211] /dev/input/event1: 0003 0030 00000188
[   17871.442211] /dev/input/event1: 0003 003a 00000081
[   17871.442211] /dev/input/event1: 0003 0035 00005cad
[   17871.442211] /dev/input/event1: 0003 0036 000047dd
[   17871.442211] /dev/input/event1: 0000 0000 00000000
[   17871.464853] /dev/input/event1: 0003 0036 000047aa
[   17871.464853] /dev/input/event1: 0000 0000 00000000
[   17871.557129] /dev/input/event1: 0003 003a 00000000
[   17871.557129] /dev/input/event1: 0003 0039 ffffffff
[   17871.557129] /dev/input/event1: 0000 0000 00000000
[   17874.496186] /dev/input/event1: 0003 0039 00000000
[   17874.496186] /dev/input/event1: 0003 0030 00000189
[   17874.496186] /dev/input/event1: 0003 003a 00000081
[   17874.496186] /dev/input/event1: 0003 0035 00007110
[   17874.496186] /dev/input/event1: 0003 0036 00006ea9
[   17874.496186] /dev/input/event1: 0000 0000 00000000
[   17874.654892] /dev/input/event1: 0003 003a 00000000
[   17874.654892] /dev/input/event1: 0003 0039 ffffffff
[   17874.654892] /dev/input/event1: 0000 0000 00000000
[   17878.098593] /dev/input/event1: 0003 0039 00000000
[   17878.098593] /dev/input/event1: 0003 0030 0000018a
[   17878.098593] /dev/input/event1: 0003 003a 00000081
[   17878.098593] /dev/input/event1: 0003 0035 00004d82
[   17878.098593] /dev/input/event1: 0003 0036 00005b43
[   17878.098593] /dev/input/event1: 0000 0000 00000000
[   17878.212746] /dev/input/event1: 0003 003a 00000000
[   17878.212746] /dev/input/event1: 0003 0039 ffffffff
[   17878.212746] /dev/input/event1: 0000 0000 00000000
[   17880.235870] /dev/input/event1: 0003 0039 00000000
[   17880.235870] /dev/input/event1: 0003 0030 0000018b
[   17880.235870] /dev/input/event1: 0003 003a 00000081
[   17880.235870] /dev/input/event1: 0003 0035 00005fa4
[   17880.235870] /dev/input/event1: 0003 0036 00005032
[   17880.235870] /dev/input/event1: 0000 0000 00000000
[   17880.375368] /dev/input/event1: 0003 003a 00000000
[   17880.375368] /dev/input/event1: 0003 0039 ffffffff
[   17880.375368] /dev/input/event1: 0000 0000 00000000
[   17882.800137] /dev/input/event1: 0003 0039 00000000
[   17882.800137] /dev/input/event1: 0003 0030 0000018c
[   17882.800137] /dev/input/event1: 0003 003a 00000081
[   17882.800137] /dev/input/event1: 0003 0035 00007887
[   17882.800137] /dev/input/event1: 0003 0036 000070ee
[   17882.800137] /dev/input/event1: 0000 0000 00000000
[   17882.939537] /dev/input/event1: 0003 003a 00000000
[   17882.939537] /dev/input/event1: 0003 0039 ffffffff
[   17882.939537] /dev/input/event1: 0000 0000 00000000
[   17885.179901] /dev/input/event1: 0003 0039 00000000
[   17885.179901] /dev/input/event1: 0003 0030 0000018d
[   17885.179901] /dev/input/event1: 0003 003a 00000081
[   17885.179901] /dev/input/event1: 0003 0035 00004ccc
[   17885.179901] /dev/input/event1: 0003 0036 00005aa9
[   17885.179901] /dev/input/event1: 0000 0000 00000000
[   17885.364513] /dev/input/event1: 0003 003a 00000000
[   17885.364513] /dev/input/event1: 0003 0039 ffffffff
[   17885.364513] /dev/input/event1: 0000 0000 00000000
[   17886.899630] /dev/input/event1: 0003 0039 00000000
[   17886.899630] /dev/input/event1: 0003 0030 0000018e
[   17886.899630] /dev/input/event1: 0003 003a 00000081
[   17886.899630] /dev/input/event1: 0003 0035 00005eee
[   17886.899630] /dev/input/event1: 0003 0036 00005076
[   17886.899630] /dev/input/event1: 0000 0000 00000000
[   17887.014507] /dev/input/event1: 0003 003a 00000000
[   17887.014507] /dev/input/event1: 0003 0039 ffffffff
[   17887.014507] /dev/input/event1: 0000 0000 00000000
[   17888.504308] /dev/input/event1: 0003 0039 00000000
[   17888.504308] /dev/input/event1: 0003 0030 0000018f
[   17888.504308] /dev/input/event1: 0003 003a 00000081
[   17888.504308] /dev/input/event1: 0003 0035 00005078
[   17888.504308] /dev/input/event1: 0003 0036 00004065
[   17888.504308] /dev/input/event1: 0000 0000 00000000
[   17888.664400] /dev/input/event1: 0003 0036 00004032
[   17888.664400] /dev/input/event1: 0000 0000 00000000
[   17888.673934] /dev/input/event1: 0003 0036 00003fff
[   17888.673934] /dev/input/event1: 0000 0000 00000000
[   17888.681969] /dev/input/event1: 0003 0036 00003f88
[   17888.681969] /dev/input/event1: 0000 0000 00000000
[   17888.688652] /dev/input/event1: 0003 0036 00003f21
[   17888.688652] /dev/input/event1: 0000 0000 00000000
[   17888.696441] /dev/input/event1: 0003 0036 00003ebb
[   17888.696441] /dev/input/event1: 0000 0000 00000000
[   17888.702330] /dev/input/event1: 0003 0036 00003e88
[   17888.702330] /dev/input/event1: 0000 0000 00000000
[   17888.712128] /dev/input/event1: 0003 0036 00003e43
[   17888.712128] /dev/input/event1: 0000 0000 00000000
[   17888.718239] /dev/input/event1: 0003 0035 0000501d
[   17888.718239] /dev/input/event1: 0003 0036 00003e10
[   17888.718239] /dev/input/event1: 0000 0000 00000000
[   17888.726650] /dev/input/event1: 0003 0036 00003daa
[   17888.726650] /dev/input/event1: 0000 0000 00000000
[   17888.734422] /dev/input/event1: 0003 0036 00003d76
[   17888.734422] /dev/input/event1: 0000 0000 00000000
[   17888.742966] /dev/input/event1: 0003 0036 00003d43
[   17888.742966] /dev/input/event1: 0000 0000 00000000
[   17888.751826] /dev/input/event1: 0003 0035 00004fc2
[   17888.751826] /dev/input/event1: 0003 0036 00003d10
[   17888.751826] /dev/input/event1: 0000 0000 00000000
[   17888.764176] /dev/input/event1: 0003 0036 00003cdd
[   17888.764176] /dev/input/event1: 0000 0000 00000000
[   17888.772843] /dev/input/event1: 0003 0035 00004f49
[   17888.772843] /dev/input/event1: 0003 0036 00003c99
[   17888.772843] /dev/input/event1: 0000 0000 00000000
[   17888.780787] /dev/input/event1: 0003 0036 00003c65
[   17888.780787] /dev/input/event1: 0000 0000 00000000
[   17888.797036] /dev/input/event1: 0003 0036 00003c32
[   17888.797036] /dev/input/event1: 0000 0000 00000000
[   17888.804182] /dev/input/event1: 0003 0036 00003bff
[   17888.804182] /dev/input/event1: 0000 0000 00000000
[   17888.819301] /dev/input/event1: 0003 0036 00003bcc
[   17888.819301] /dev/input/event1: 0000 0000 00000000
[   17888.834131] /dev/input/event1: 0003 0036 00003b99
[   17888.834131] /dev/input/event1: 0000 0000 00000000
[   17888.858743] /dev/input/event1: 0003 0036 00003b65
[   17888.858743] /dev/input/event1: 0000 0000 00000000
[   17888.866365] /dev/input/event1: 0003 0035 00004eee
[   17888.866365] /dev/input/event1: 0003 0036 00003b32
[   17888.866365] /dev/input/event1: 0000 0000 00000000
[   17888.882886] /dev/input/event1: 0003 0036 00003aee
[   17888.882886] /dev/input/event1: 0000 0000 00000000
[   17888.889754] /dev/input/event1: 0003 0036 00003abb
[   17888.889754] /dev/input/event1: 0000 0000 00000000
[   17888.896717] /dev/input/event1: 0003 0036 00003a88
[   17888.896717] /dev/input/event1: 0000 0000 00000000
[   17888.905653] /dev/input/event1: 0003 0036 00003a54
[   17888.905653] /dev/input/event1: 0000 0000 00000000
[   17888.922040] /dev/input/event1: 0003 0036 00003a21
[   17888.922040] /dev/input/event1: 0000 0000 00000000
[   17888.928497] /dev/input/event1: 0003 0036 000039ee
[   17888.928497] /dev/input/event1: 0000 0000 00000000
[   17888.936437] /dev/input/event1: 0003 0036 000039bb
[   17888.936437] /dev/input/event1: 0000 0000 00000000
[   17888.942491] /dev/input/event1: 0003 0036 00003988
[   17888.942491] /dev/input/event1: 0000 0000 00000000
[   17888.961216] /dev/input/event1: 0003 0036 00003910
[   17888.961216] /dev/input/event1: 0000 0000 00000000
[   17888.967442] /dev/input/event1: 0003 0036 000038aa
[   17888.967442] /dev/input/event1: 0000 0000 00000000
[   17888.974560] /dev/input/event1: 0003 0036 00003877
[   17888.974560] /dev/input/event1: 0000 0000 00000000
[   17888.982986] /dev/input/event1: 0003 0036 00003843
[   17888.982986] /dev/input/event1: 0000 0000 00000000
[   17888.992127] /dev/input/event1: 0003 0036 00003810
[   17888.992127] /dev/input/event1: 0000 0000 00000000
[   17889.004204] /dev/input/event1: 0003 0036 000037dd
[   17889.004204] /dev/input/event1: 0000 0000 00000000
[   17889.024727] /dev/input/event1: 0003 0036 00003799
[   17889.024727] /dev/input/event1: 0000 0000 00000000
[   17889.028196] /dev/input/event1: 0003 0035 00004e93
[   17889.028196] /dev/input/event1: 0003 0036 00003765
[   17889.028196] /dev/input/event1: 0000 0000 00000000
[   17889.037691] /dev/input/event1: 0003 0036 00003732
[   17889.037691] /dev/input/event1: 0000 0000 00000000
[   17889.053006] /dev/input/event1: 0003 0035 00004e38
[   17889.053006] /dev/input/event1: 0003 0036 000036cc
[   17889.053006] /dev/input/event1: 0000 0000 00000000
[   17889.070185] /dev/input/event1: 0003 0036 00003699
[   17889.070185] /dev/input/event1: 0000 0000 00000000
[   17889.083394] /dev/input/event1: 0003 0036 00003665
[   17889.083394] /dev/input/event1: 0000 0000 00000000
[   17889.099169] /dev/input/event1: 0003 0036 00003632
[   17889.099169] /dev/input/event1: 0000 0000 00000000
[   17889.106169] /dev/input/event1: 0003 0036 000035ee
[   17889.106169] /dev/input/event1: 0000 0000 00000000
[   17889.123124] /dev/input/event1: 0003 0036 000035bb
[   17889.123124] /dev/input/event1: 0000 0000 00000000
[   17889.136566] /dev/input/event1: 0003 0036 00003554
[   17889.136566] /dev/input/event1: 0000 0000 00000000
[   17889.152451] /dev/input/event1: 0003 0036 00003521
[   17889.152451] /dev/input/event1: 0000 0000 00000000
[   17889.160398] /dev/input/event1: 0003 0036 000034bb
[   17889.160398] /dev/input/event1: 0000 0000 00000000
[   17889.168317] /dev/input/event1: 0003 0036 00003410
[   17889.168317] /dev/input/event1: 0000 0000 00000000
[   17889.177414] /dev/input/event1: 0003 0036 000033aa
[   17889.177414] /dev/input/event1: 0000 0000 00000000
[   17889.184424] /dev/input/event1: 0003 0036 00003343
[   17889.184424] /dev/input/event1: 0000 0000 00000000
[   17889.198419] /dev/input/event1: 0003 0035 00004e93
[   17889.198419] /dev/input/event1: 0003 0036 000032cc
[   17889.198419] /dev/input/event1: 0000 0000 00000000
[   17889.206763] /dev/input/event1: 0003 0036 00003266
[   17889.206763] /dev/input/event1: 0000 0000 00000000
[   17889.214541] /dev/input/event1: 0003 0036 00003232
[   17889.214541] /dev/input/event1: 0000 0000 00000000
[   17889.223351] /dev/input/event1: 0003 0036 000031ff
[   17889.223351] /dev/input/event1: 0000 0000 00000000
[   17889.231918] /dev/input/event1: 0003 0036 000031cc
[   17889.231918] /dev/input/event1: 0000 0000 00000000
[   17889.238237] /dev/input/event1: 0003 0036 00003199
[   17889.238237] /dev/input/event1: 0000 0000 00000000
[   17889.247067] /dev/input/event1: 0003 0036 00003166
[   17889.247067] /dev/input/event1: 0000 0000 00000000
[   17889.261849] /dev/input/event1: 0003 0036 000030ee
[   17889.261849] /dev/input/event1: 0000 0000 00000000
[   17889.268504] /dev/input/event1: 0003 0036 000030bb
[   17889.268504] /dev/input/event1: 0000 0000 00000000
[   17889.277688] /dev/input/event1: 0003 0036 00003054
[   17889.277688] /dev/input/event1: 0000 0000 00000000
[   17889.284308] /dev/input/event1: 0003 0036 00002fee
[   17889.284308] /dev/input/event1: 0000 0000 00000000
[   17889.292127] /dev/input/event1: 0003 0036 00002fbb
[   17889.292127] /dev/input/event1: 0000 0000 00000000
[   17889.302109] /dev/input/event1: 0003 0036 00002f43
[   17889.302109] /dev/input/event1: 0000 0000 00000000
[   17889.308538] /dev/input/event1: 0003 0036 00002edd
[   17889.308538] /dev/input/event1: 0000 0000 00000000
[   17889.314926] /dev/input/event1: 0003 0035 00004eee
[   17889.314926] /dev/input/event1: 0003 0036 00002e77
[   17889.314926] /dev/input/event1: 0000 0000 00000000
[   17889.323051] /dev/input/event1: 0003 0036 00002e10
[   17889.323051] /dev/input/event1: 0000 0000 00000000
[   17889.330882] /dev/input/event1: 0003 0036 00002dcc
[   17889.330882] /dev/input/event1: 0000 0000 00000000
[   17889.340054] /dev/input/event1: 0003 0036 00002d32
[   17889.340054] /dev/input/event1: 0000 0000 00000000
[   17889.347000] /dev/input/event1: 0003 0036 00002ccc
[   17889.347000] /dev/input/event1: 0000 0000 00000000
[   17889.354964] /dev/input/event1: 0003 0036 00002c21
[   17889.354964] /dev/input/event1: 0000 0000 00000000
[   17889.362898] /dev/input/event1: 0003 0036 00002bbb
[   17889.362898] /dev/input/event1: 0000 0000 00000000
[   17889.373138] /dev/input/event1: 0003 0036 00002b54
[   17889.373138] /dev/input/event1: 0000 0000 00000000
[   17889.377072] /dev/input/event1: 0003 0036 00002b21
[   17889.377072] /dev/input/event1: 0000 0000 00000000
[   17889.384850] /dev/input/event1: 0003 0036 00002aee
[   17889.384850] /dev/input/event1: 0000 0000 00000000
[   17889.402040] /dev/input/event1: 0003 0036 00002abb
[   17889.402040] /dev/input/event1: 0000 0000 00000000
[   17889.409833] /dev/input/event1: 0003 0036 00002a77
[   17889.409833] /dev/input/event1: 0000 0000 00000000
[   17889.427399] /dev/input/event1: 0003 0036 00002a10
[   17889.427399] /dev/input/event1: 0000 0000 00000000
[   17889.430896] /dev/input/event1: 0003 0036 000029aa
[   17889.430896] /dev/input/event1: 0000 0000 00000000
[   17889.438524] /dev/input/event1: 0003 0036 00002943
[   17889.438524] /dev/input/event1: 0000 0000 00000000
[   17889.451689] /dev/input/event1: 0003 0035 00004f49
[   17889.451689] /dev/input/event1: 0003 0036 00002899
[   17889.451689] /dev/input/event1: 0000 0000 00000000
[   17889.456193] /dev/input/event1: 0003 0035 00004fc2
[   17889.456193] /dev/input/event1: 0003 0036 00002832
[   17889.456193] /dev/input/event1: 0000 0000 00000000
[   17889.462359] /dev/input/event1: 0003 0036 000027ff
[   17889.462359] /dev/input/event1: 0000 0000 00000000
[   17889.474275] /dev/input/event1: 0003 0036 000027cc
[   17889.474275] /dev/input/event1: 0000 0000 00000000
[   17889.478218] /dev/input/event1: 0003 0036 00002799
[   17889.478218] /dev/input/event1: 0000 0000 00000000
[   17889.492526] /dev/input/event1: 0003 0036 00002766
[   17889.492526] /dev/input/event1: 0000 0000 00000000
[   17889.500556] /dev/input/event1: 0003 0036 00002721
[   17889.500556] /dev/input/event1: 0000 0000 00000000
[   17889.508350] /dev/input/event1: 0003 0036 000026ee
[   17889.508350] /dev/input/event1: 0000 0000 00000000
[   17889.516837] /dev/input/event1: 0003 0036 000026bb
[   17889.516837] /dev/input/event1: 0000 0000 00000000
[   17889.525468] /dev/input/event1: 0003 0035 0000501d
[   17889.525468] /dev/input/event1: 0003 0036 00002688
[   17889.525468] /dev/input/event1: 0000 0000 00000000
[   17889.533303] /dev/input/event1: 0003 0036 00002621
[   17889.533303] /dev/input/event1: 0000 0000 00000000
[   17889.550437] /dev/input/event1: 0003 0036 000025ee
[   17889.550437] /dev/input/event1: 0000 0000 00000000
[   17889.554687] /dev/input/event1: 0003 0036 000025aa
[   17889.554687] /dev/input/event1: 0000 0000 00000000
[   17889.564783] /dev/input/event1: 0003 0036 00002577
[   17889.564783] /dev/input/event1: 0000 0000 00000000
[   17889.572092] /dev/input/event1: 0003 0036 00002543
[   17889.572092] /dev/input/event1: 0000 0000 00000000
[   17889.578518] /dev/input/event1: 0003 0036 00002510
[   17889.578518] /dev/input/event1: 0000 0000 00000000
[   17889.586155] /dev/input/event1: 0003 0036 000024dd
[   17889.586155] /dev/input/event1: 0000 0000 00000000
[   17889.595122] /dev/input/event1: 0003 0036 00002477
[   17889.595122] /dev/input/event1: 0000 0000 00000000
[   17889.602410] /dev/input/event1: 0003 0036 000023cc
[   17889.602410] /dev/input/event1: 0000 0000 00000000
[   17889.612345] /dev/input/event1: 0003 0036 00002366
[   17889.612345] /dev/input/event1: 0000 0000 00000000
[   17889.616248] /dev/input/event1: 0003 0036 000022cc
[   17889.616248] /dev/input/event1: 0000 0000 00000000
[   17889.624157] /dev/input/event1: 0003 0036 00002221
[   17889.624157] /dev/input/event1: 0000 0000 00000000
[   17889.632611] /dev/input/event1: 0003 0036 000021bb
[   17889.632611] /dev/input/event1: 0000 0000 00000000
[   17889.640207] /dev/input/event1: 0003 0036 00002121
[   17889.640207] /dev/input/event1: 0000 0000 00000000
[   17889.651222] /dev/input/event1: 0003 0036 000020aa
[   17889.651222] /dev/input/event1: 0000 0000 00000000
[   17889.657814] /dev/input/event1: 0003 0035 00005078
[   17889.657814] /dev/input/event1: 0003 0036 00002044
[   17889.657814] /dev/input/event1: 0000 0000 00000000
[   17889.664690] /dev/input/event1: 0003 0036 00001fdd
[   17889.664690] /dev/input/event1: 0000 0000 00000000
[   17889.672723] /dev/input/event1: 0003 0035 000050d3
[   17889.672723] /dev/input/event1: 0003 0036 00001f77
[   17889.672723] /dev/input/event1: 0000 0000 00000000
[   17889.679763] /dev/input/event1: 0003 0036 00001ecc
[   17889.679763] /dev/input/event1: 0000 0000 00000000
[   17889.686087] /dev/input/event1: 0003 0036 00001e66
[   17889.686087] /dev/input/event1: 0000 0000 00000000
[   17889.695211] /dev/input/event1: 0003 0035 0000512e
[   17889.695211] /dev/input/event1: 0003 0036 00001e32
[   17889.695211] /dev/input/event1: 0000 0000 00000000
[   17889.702369] /dev/input/event1: 0003 0036 00001dcc
[   17889.702369] /dev/input/event1: 0000 0000 00000000
[   17889.711369] /dev/input/event1: 0003 0035 00005189
[   17889.711369] /dev/input/event1: 0003 0036 00001d55
[   17889.711369] /dev/input/event1: 0000 0000 00000000
[   17889.729316] /dev/input/event1: 0003 0035 000051e4
[   17889.729316] /dev/input/event1: 0003 0036 00001d21
[   17889.729316] /dev/input/event1: 0000 0000 00000000
[   17889.733859] /dev/input/event1: 0003 0036 00001cee
[   17889.733859] /dev/input/event1: 0000 0000 00000000
[   17889.741457] /dev/input/event1: 0003 0036 00001c88
[   17889.741457] /dev/input/event1: 0000 0000 00000000
[   17889.749372] /dev/input/event1: 0003 0035 0000523f
[   17889.749372] /dev/input/event1: 0003 0036 00001c21
[   17889.749372] /dev/input/event1: 0000 0000 00000000
[   17889.756467] /dev/input/event1: 0003 0035 000052b9
[   17889.756467] /dev/input/event1: 0003 0036 00001b77
[   17889.756467] /dev/input/event1: 0000 0000 00000000
[   17889.765123] /dev/input/event1: 0003 0035 00005314
[   17889.765123] /dev/input/event1: 0003 0036 00001b10
[   17889.765123] /dev/input/event1: 0000 0000 00000000
[   17889.772821] /dev/input/event1: 0003 0036 00001aaa
[   17889.772821] /dev/input/event1: 0000 0000 00000000
[   17889.782377] /dev/input/event1: 0003 0035 0000536f
[   17889.782377] /dev/input/event1: 0003 0036 00001a44
[   17889.782377] /dev/input/event1: 0000 0000 00000000
[   17889.789037] /dev/input/event1: 0003 0035 000053ca
[   17889.789037] /dev/input/event1: 0003 0036 000019cc
[   17889.789037] /dev/input/event1: 0000 0000 00000000
[   17889.794733] /dev/input/event1: 0003 0036 00001933
[   17889.794733] /dev/input/event1: 0000 0000 00000000
[   17889.802949] /dev/input/event1: 0003 0036 000018ff
[   17889.802949] /dev/input/event1: 0000 0000 00000000
[   17889.810721] /dev/input/event1: 0003 0036 000018cc
[   17889.810721] /dev/input/event1: 0000 0000 00000000
[   17889.818315] /dev/input/event1: 0003 0035 00005425
[   17889.818315] /dev/input/event1: 0003 0036 00001888
[   17889.818315] /dev/input/event1: 0000 0000 00000000
[   17889.834838] /dev/input/event1: 0003 0036 00001855
[   17889.834838] /dev/input/event1: 0000 0000 00000000
[   17889.852224] /dev/input/event1: 0003 0036 000017ee
[   17889.852224] /dev/input/event1: 0000 0000 00000000
[   17889.858400] /dev/input/event1: 0003 0035 00005480
[   17889.858400] /dev/input/event1: 0000 0000 00000000
[   17889.865768] /dev/input/event1: 0003 0036 000017bb
[   17889.865768] /dev/input/event1: 0000 0000 00000000
[   17889.873216] /dev/input/event1: 0003 0036 00001755
[   17889.873216] /dev/input/event1: 0000 0000 00000000
[   17889.888957] /dev/input/event1: 0003 0036 00001721
[   17889.888957] /dev/input/event1: 0000 0000 00000000
[   17889.905633] /dev/input/event1: 0003 0036 000016aa
[   17889.905633] /dev/input/event1: 0000 0000 00000000
[   17889.919804] /dev/input/event1: 0003 0036 00001677
[   17889.919804] /dev/input/event1: 0000 0000 00000000
[   17889.926202] /dev/input/event1: 0003 0035 000054db
[   17889.926202] /dev/input/event1: 0000 0000 00000000
[   17889.935580] /dev/input/event1: 0003 0036 00001644
[   17889.935580] /dev/input/event1: 0000 0000 00000000
[   17889.950895] /dev/input/event1: 0003 0036 00001610
[   17889.950895] /dev/input/event1: 0000 0000 00000000
[   17889.958709] /dev/input/event1: 0003 0036 000015dd
[   17889.958709] /dev/input/event1: 0000 0000 00000000
[   17889.982474] /dev/input/event1: 0003 0036 000015aa
[   17889.982474] /dev/input/event1: 0000 0000 00000000
[   17890.043724] /dev/input/event1: 0003 0036 00001577
[   17890.043724] /dev/input/event1: 0000 0000 00000000
[   17890.074887] /dev/input/event1: 0003 0036 00001533
[   17890.074887] /dev/input/event1: 0000 0000 00000000
[   17890.102042] /dev/input/event1: 0003 0036 000014ff
[   17890.102042] /dev/input/event1: 0000 0000 00000000
[   17890.104175] /dev/input/event1: 0003 0036 000014cc
[   17890.104175] /dev/input/event1: 0000 0000 00000000
[   17890.137898] /dev/input/event1: 0003 0036 00001499
[   17890.137898] /dev/input/event1: 0000 0000 00000000
[   17890.161863] /dev/input/event1: 0003 0036 00001466
[   17890.161863] /dev/input/event1: 0000 0000 00000000
[   17890.166573] /dev/input/event1: 0003 0035 00005554
[   17890.166573] /dev/input/event1: 0000 0000 00000000
[   17890.174602] /dev/input/event1: 0003 0036 00001433
[   17890.174602] /dev/input/event1: 0000 0000 00000000
[   17890.183540] /dev/input/event1: 0003 0036 000013ff
[   17890.183540] /dev/input/event1: 0000 0000 00000000
[   17890.198457] /dev/input/event1: 0003 0036 000013cc
[   17890.198457] /dev/input/event1: 0000 0000 00000000
[   17890.222443] /dev/input/event1: 0003 0036 00001388
[   17890.222443] /dev/input/event1: 0000 0000 00000000
[   17890.247175] /dev/input/event1: 0003 0036 00001355
[   17890.247175] /dev/input/event1: 0000 0000 00000000
[   17890.252230] /dev/input/event1: 0003 0036 00001321
[   17890.252230] /dev/input/event1: 0000 0000 00000000
[   17890.268448] /dev/input/event1: 0003 0036 000012ee
[   17890.268448] /dev/input/event1: 0000 0000 00000000
[   17890.277303] /dev/input/event1: 0003 0035 000055af
[   17890.277303] /dev/input/event1: 0000 0000 00000000
[   17890.285197] /dev/input/event1: 0003 0036 000012bb
[   17890.285197] /dev/input/event1: 0000 0000 00000000
[   17890.423609] /dev/input/event1: 0003 003a 00000000
[   17890.423609] /dev/input/event1: 0003 0039 ffffffff
[   17890.423609] /dev/input/event1: 0000 0000 00000000
[   17891.263843] /dev/input/event1: 0003 0039 00000000
[   17891.263843] /dev/input/event1: 0003 0030 00000190
[   17891.263843] /dev/input/event1: 0003 003a 00000081
[   17891.263843] /dev/input/event1: 0003 0035 00004d82
[   17891.263843] /dev/input/event1: 0003 0036 00003bff
[   17891.263843] /dev/input/event1: 0000 0000 00000000
[   17891.344876] /dev/input/event1: 0003 0036 00003bcc
[   17891.344876] /dev/input/event1: 0000 0000 00000000
[   17891.353507] /dev/input/event1: 0003 0036 00003b65
[   17891.353507] /dev/input/event1: 0000 0000 00000000
[   17891.361250] /dev/input/event1: 0003 0036 00003abb
[   17891.361250] /dev/input/event1: 0000 0000 00000000
[   17891.369102] /dev/input/event1: 0003 0036 00003a21
[   17891.369102] /dev/input/event1: 0000 0000 00000000
[   17891.376172] /dev/input/event1: 0003 0036 00003988
[   17891.376172] /dev/input/event1: 0000 0000 00000000
[   17891.384218] /dev/input/event1: 0003 0035 00004ddd
[   17891.384218] /dev/input/event1: 0003 0036 000038dd
[   17891.384218] /dev/input/event1: 0000 0000 00000000
[   17891.391659] /dev/input/event1: 0003 0036 00003843
[   17891.391659] /dev/input/event1: 0000 0000 00000000
[   17891.398663] /dev/input/event1: 0003 0036 00003799
[   17891.398663] /dev/input/event1: 0000 0000 00000000
[   17891.406328] /dev/input/event1: 0003 0035 00004e38
[   17891.406328] /dev/input/event1: 0003 0036 000036ff
[   17891.406328] /dev/input/event1: 0000 0000 00000000
[   17891.415677] /dev/input/event1: 0003 0036 00003665
[   17891.415677] /dev/input/event1: 0000 0000 00000000
[   17891.422839] /dev/input/event1: 0003 0036 000035ee
[   17891.422839] /dev/input/event1: 0000 0000 00000000
[   17891.430523] /dev/input/event1: 0003 0035 00004e93
[   17891.430523] /dev/input/event1: 0003 0036 00003588
[   17891.430523] /dev/input/event1: 0000 0000 00000000
[   17891.438312] /dev/input/event1: 0003 0036 00003521
[   17891.438312] /dev/input/event1: 0000 0000 00000000
[   17891.447861] /dev/input/event1: 0003 0036 000034bb
[   17891.447861] /dev/input/event1: 0000 0000 00000000
[   17891.452960] /dev/input/event1: 0003 0036 00003488
[   17891.452960] /dev/input/event1: 0000 0000 00000000
[   17891.460270] /dev/input/event1: 0003 0036 00003443
[   17891.460270] /dev/input/event1: 0000 0000 00000000
[   17891.469289] /dev/input/event1: 0003 0036 000033dd
[   17891.469289] /dev/input/event1: 0000 0000 00000000
[   17891.476367] /dev/input/event1: 0003 0035 00004eee
[   17891.476367] /dev/input/event1: 0003 0036 00003343
[   17891.476367] /dev/input/event1: 0000 0000 00000000
[   17891.484590] /dev/input/event1: 0003 0036 000032cc
[   17891.484590] /dev/input/event1: 0000 0000 00000000
[   17891.492974] /dev/input/event1: 0003 0035 00004f49
[   17891.492974] /dev/input/event1: 0003 0036 00003266
[   17891.492974] /dev/input/event1: 0000 0000 00000000
[   17891.502058] /dev/input/event1: 0003 0035 00004fc2
[   17891.502058] /dev/input/event1: 0003 0036 00003232
[   17891.502058] /dev/input/event1: 0000 0000 00000000
[   17891.508662] /dev/input/event1: 0003 0036 00003199
[   17891.508662] /dev/input/event1: 0000 0000 00000000
[   17891.516225] /dev/input/event1: 0003 0035 0000501d
[   17891.516225] /dev/input/event1: 0003 0036 00003121
[   17891.516225] /dev/input/event1: 0000 0000 00000000
[   17891.522694] /dev/input/event1: 0003 0036 000030ee
[   17891.522694] /dev/input/event1: 0000 0000 00000000
[   17891.530644] /dev/input/event1: 0003 0036 000030bb
[   17891.530644] /dev/input/event1: 0000 0000 00000000
[   17891.539219] /dev/input/event1: 0003 0035 00005078
[   17891.539219] /dev/input/event1: 0003 0036 00003088
[   17891.539219] /dev/input/event1: 0000 0000 00000000
[   17891.546637] /dev/input/event1: 0003 0036 00003054
[   17891.546637] /dev/input/event1: 0000 0000 00000000
[   17891.554381] /dev/input/event1: 0003 0036 00003021
[   17891.554381] /dev/input/event1: 0000 0000 00000000
[   17891.564000] /dev/input/event1: 0003 0036 00002fbb
[   17891.564000] /dev/input/event1: 0000 0000 00000000
[   17891.572623] /dev/input/event1: 0003 0036 00002f77
[   17891.572623] /dev/input/event1: 0000 0000 00000000
[   17891.576876] /dev/input/event1: 0003 0036 00002f43
[   17891.576876] /dev/input/event1: 0000 0000 00000000
[   17891.584704] /dev/input/event1: 0003 0035 000050d3
[   17891.584704] /dev/input/event1: 0003 0036 00002f10
[   17891.584704] /dev/input/event1: 0000 0000 00000000
[   17891.592584] /dev/input/event1: 0003 0035 0000512e
[   17891.592584] /dev/input/event1: 0003 0036 00002edd
[   17891.592584] /dev/input/event1: 0000 0000 00000000
[   17891.600926] /dev/input/event1: 0003 0036 00002eaa
[   17891.600926] /dev/input/event1: 0000 0000 00000000
[   17891.617232] /dev/input/event1: 0003 0036 00002e77
[   17891.617232] /dev/input/event1: 0000 0000 00000000
[   17891.624818] /dev/input/event1: 0003 0035 00005189
[   17891.624818] /dev/input/event1: 0000 0000 00000000
[   17891.632317] /dev/input/event1: 0003 0036 00002e43
[   17891.632317] /dev/input/event1: 0000 0000 00000000
[   17891.639271] /dev/input/event1: 0003 0036 00002e10
[   17891.639271] /dev/input/event1: 0000 0000 00000000
[   17891.648721] /dev/input/event1: 0003 0035 000051e4
[   17891.648721] /dev/input/event1: 0003 0036 00002d66
[   17891.648721] /dev/input/event1: 0000 0000 00000000
[   17891.654189] /dev/input/event1: 0003 0035 0000523f
[   17891.654189] /dev/input/event1: 0003 0036 00002cff
[   17891.654189] /dev/input/event1: 0000 0000 00000000
[   17891.663505] /dev/input/event1: 0003 0035 000052b9
[   17891.663505] /dev/input/event1: 0003 0036 00002ccc
[   17891.663505] /dev/input/event1: 0000 0000 00000000
[   17891.671769] /dev/input/event1: 0003 0036 00002c99
[   17891.671769] /dev/input/event1: 0000 0000 00000000
[   17891.686530] /dev/input/event1: 0003 0035 00005314
[   17891.686530] /dev/input/event1: 0003 0036 00002c66
[   17891.686530] /dev/input/event1: 0000 0000 00000000
[   17891.702232] /dev/input/event1: 0003 0036 00002c21
[   17891.702232] /dev/input/event1: 0000 0000 00000000
[   17891.716969] /dev/input/event1: 0003 0036 00002bee
[   17891.716969] /dev/input/event1: 0000 0000 00000000
[   17891.725809] /dev/input/event1: 0003 0036 00002bbb
[   17891.725809] /dev/input/event1: 0000 0000 00000000
[   17891.740835] /dev/input/event1: 0003 0036 00002b88
[   17891.740835] /dev/input/event1: 0000 0000 00000000
[   17891.751012] /dev/input/event1: 0003 0035 0000536f
[   17891.751012] /dev/input/event1: 0003 0036 00002b54
[   17891.751012] /dev/input/event1: 0000 0000 00000000
[   17891.757017] /dev/input/event1: 0003 0036 00002b21
[   17891.757017] /dev/input/event1: 0000 0000 00000000
[   17891.764389] /dev/input/event1: 0003 0035 000053ca
[   17891.764389] /dev/input/event1: 0003 0036 00002abb
[   17891.764389] /dev/input/event1: 0000 0000 00000000
[   17891.770486] /dev/input/event1: 0003 0036 00002a77
[   17891.770486] /dev/input/event1: 0000 0000 00000000
[   17891.779176] /dev/input/event1: 0003 0036 00002a43
[   17891.779176] /dev/input/event1: 0000 0000 00000000
[   17891.787665] /dev/input/event1: 0003 0036 00002a10
[   17891.787665] /dev/input/event1: 0000 0000 00000000
[   17891.794548] /dev/input/event1: 0003 0036 000029aa
[   17891.794548] /dev/input/event1: 0000 0000 00000000
[   17891.803880] /dev/input/event1: 0003 0035 00005425
[   17891.803880] /dev/input/event1: 0003 0036 00002943
[   17891.803880] /dev/input/event1: 0000 0000 00000000
[   17891.811176] /dev/input/event1: 0003 0036 00002910
[   17891.811176] /dev/input/event1: 0000 0000 00000000
[   17891.819354] /dev/input/event1: 0003 0036 000028cc
[   17891.819354] /dev/input/event1: 0000 0000 00000000
[   17891.826603] /dev/input/event1: 0003 0036 00002866
[   17891.826603] /dev/input/event1: 0000 0000 00000000
[   17891.832256] /dev/input/event1: 0003 0036 000027ff
[   17891.832256] /dev/input/event1: 0000 0000 00000000
[   17891.843348] /dev/input/event1: 0003 0036 000027cc
[   17891.843348] /dev/input/event1: 0000 0000 00000000
[   17891.848630] /dev/input/event1: 0003 0036 00002766
[   17891.848630] /dev/input/event1: 0000 0000 00000000
[   17891.858408] /dev/input/event1: 0003 0036 000026ee
[   17891.858408] /dev/input/event1: 0000 0000 00000000
[   17891.864751] /dev/input/event1: 0003 0036 00002688
[   17891.864751] /dev/input/event1: 0000 0000 00000000
[   17891.874385] /dev/input/event1: 0003 0036 00002621
[   17891.874385] /dev/input/event1: 0000 0000 00000000
[   17891.882907] /dev/input/event1: 0003 0036 000025aa
[   17891.882907] /dev/input/event1: 0000 0000 00000000
[   17891.886514] /dev/input/event1: 0003 0036 00002577
[   17891.886514] /dev/input/event1: 0000 0000 00000000
[   17891.895216] /dev/input/event1: 0003 0036 00002543
[   17891.895216] /dev/input/event1: 0000 0000 00000000
[   17891.911812] /dev/input/event1: 0003 0036 000024dd
[   17891.911812] /dev/input/event1: 0000 0000 00000000
[   17891.927513] /dev/input/event1: 0003 0036 000024aa
[   17891.927513] /dev/input/event1: 0000 0000 00000000
[   17891.942273] /dev/input/event1: 0003 0036 00002443
[   17891.942273] /dev/input/event1: 0000 0000 00000000
[   17891.949289] /dev/input/event1: 0003 0035 00005480
[   17891.949289] /dev/input/event1: 0003 0036 000023cc
[   17891.949289] /dev/input/event1: 0000 0000 00000000
[   17891.956441] /dev/input/event1: 0003 0036 00002399
[   17891.956441] /dev/input/event1: 0000 0000 00000000
[   17891.965696] /dev/input/event1: 0003 0036 00002366
[   17891.965696] /dev/input/event1: 0000 0000 00000000
[   17891.972942] /dev/input/event1: 0003 0035 000054db
[   17891.972942] /dev/input/event1: 0003 0036 000022cc
[   17891.972942] /dev/input/event1: 0000 0000 00000000
[   17891.980478] /dev/input/event1: 0003 0036 00002299
[   17891.980478] /dev/input/event1: 0000 0000 00000000
[   17891.988387] /dev/input/event1: 0003 0035 00005554
[   17891.988387] /dev/input/event1: 0003 0036 00002221
[   17891.988387] /dev/input/event1: 0000 0000 00000000
[   17891.996924] /dev/input/event1: 0003 0036 000021ee
[   17891.996924] /dev/input/event1: 0000 0000 00000000
[   17892.005002] /dev/input/event1: 0003 0036 00002188
[   17892.005002] /dev/input/event1: 0000 0000 00000000
[   17892.019346] /dev/input/event1: 0003 0036 00002155
[   17892.019346] /dev/input/event1: 0000 0000 00000000
[   17892.026097] /dev/input/event1: 0003 0036 00002121
[   17892.026097] /dev/input/event1: 0000 0000 00000000
[   17892.036710] /dev/input/event1: 0003 0036 000020ee
[   17892.036710] /dev/input/event1: 0000 0000 00000000
[   17892.042380] /dev/input/event1: 0003 0035 000055af
[   17892.042380] /dev/input/event1: 0003 0036 00002077
[   17892.042380] /dev/input/event1: 0000 0000 00000000
[   17892.051257] /dev/input/event1: 0003 0036 00002010
[   17892.051257] /dev/input/event1: 0000 0000 00000000
[   17892.059658] /dev/input/event1: 0003 0036 00001fdd
[   17892.059658] /dev/input/event1: 0000 0000 00000000
[   17892.066621] /dev/input/event1: 0003 0036 00001f77
[   17892.066621] /dev/input/event1: 0000 0000 00000000
[   17892.072699] /dev/input/event1: 0003 0036 00001f44
[   17892.072699] /dev/input/event1: 0000 0000 00000000
[   17892.082626] /dev/input/event1: 0003 0036 00001ecc
[   17892.082626] /dev/input/event1: 0000 0000 00000000
[   17892.088616] /dev/input/event1: 0003 0035 0000560a
[   17892.088616] /dev/input/event1: 0000 0000 00000000
[   17892.097889] /dev/input/event1: 0003 0036 00001e99
[   17892.097889] /dev/input/event1: 0000 0000 00000000
[   17892.112972] /dev/input/event1: 0003 0036 00001e66
[   17892.112972] /dev/input/event1: 0000 0000 00000000
[   17892.121105] /dev/input/event1: 0003 0036 00001e32
[   17892.121105] /dev/input/event1: 0000 0000 00000000
[   17892.131684] /dev/input/event1: 0003 0036 00001dff
[   17892.131684] /dev/input/event1: 0000 0000 00000000
[   17892.134069] /dev/input/event1: 0003 0036 00001dcc
[   17892.134069] /dev/input/event1: 0000 0000 00000000
[   17892.143306] /dev/input/event1: 0003 0036 00001d99
[   17892.143306] /dev/input/event1: 0000 0000 00000000
[   17892.151900] /dev/input/event1: 0003 0036 00001d21
[   17892.151900] /dev/input/event1: 0000 0000 00000000
[   17892.166390] /dev/input/event1: 0003 0036 00001cee
[   17892.166390] /dev/input/event1: 0000 0000 00000000
[   17892.183963] /dev/input/event1: 0003 0036 00001cbb
[   17892.183963] /dev/input/event1: 0000 0000 00000000
[   17892.189662] /dev/input/event1: 0003 0036 00001c88
[   17892.189662] /dev/input/event1: 0000 0000 00000000
[   17892.196172] /dev/input/event1: 0003 0036 00001c55
[   17892.196172] /dev/input/event1: 0000 0000 00000000
[   17892.205181] /dev/input/event1: 0003 0036 00001bee
[   17892.205181] /dev/input/event1: 0000 0000 00000000
[   17892.220544] /dev/input/event1: 0003 0036 00001baa
[   17892.220544] /dev/input/event1: 0000 0000 00000000
[   17892.236210] /dev/input/event1: 0003 0036 00001b77
[   17892.236210] /dev/input/event1: 0000 0000 00000000
[   17892.244942] /dev/input/event1: 0003 0036 00001b44
[   17892.244942] /dev/input/event1: 0000 0000 00000000
[   17892.259467] /dev/input/event1: 0003 0036 00001b10
[   17892.259467] /dev/input/event1: 0000 0000 00000000
[   17892.266242] /dev/input/event1: 0003 0036 00001add
[   17892.266242] /dev/input/event1: 0000 0000 00000000
[   17892.274435] /dev/input/event1: 0003 0036 00001aaa
[   17892.274435] /dev/input/event1: 0000 0000 00000000
[   17892.282700] /dev/input/event1: 0003 0036 00001a77
[   17892.282700] /dev/input/event1: 0000 0000 00000000
[   17892.291043] /dev/input/event1: 0003 0036 00001a44
[   17892.291043] /dev/input/event1: 0000 0000 00000000
[   17892.300263] /dev/input/event1: 0003 0035 00005665
[   17892.300263] /dev/input/event1: 0003 0036 000019ff
[   17892.300263] /dev/input/event1: 0000 0000 00000000
[   17892.307795] /dev/input/event1: 0003 0035 000056c0
[   17892.307795] /dev/input/event1: 0003 0036 00001999
[   17892.307795] /dev/input/event1: 0000 0000 00000000
[   17892.313621] /dev/input/event1: 0003 0036 00001966
[   17892.313621] /dev/input/event1: 0000 0000 00000000
[   17892.320946] /dev/input/event1: 0003 0036 00001933
[   17892.320946] /dev/input/event1: 0000 0000 00000000
[   17892.337131] /dev/input/event1: 0003 0036 000018ff
[   17892.337131] /dev/input/event1: 0000 0000 00000000
[   17892.354047] /dev/input/event1: 0003 0036 000018cc
[   17892.354047] /dev/input/event1: 0000 0000 00000000
[   17892.369669] /dev/input/event1: 0003 0036 00001888
[   17892.369669] /dev/input/event1: 0000 0000 00000000
[   17892.375836] /dev/input/event1: 0003 0036 00001855
[   17892.375836] /dev/input/event1: 0000 0000 00000000
[   17892.391282] /dev/input/event1: 0003 0036 00001821
[   17892.391282] /dev/input/event1: 0000 0000 00000000
[   17892.406635] /dev/input/event1: 0003 0036 000017ee
[   17892.406635] /dev/input/event1: 0000 0000 00000000
[   17892.414511] /dev/input/event1: 0003 0036 000017bb
[   17892.414511] /dev/input/event1: 0000 0000 00000000
[   17892.422252] /dev/input/event1: 0003 0035 0000571b
[   17892.422252] /dev/input/event1: 0000 0000 00000000
[   17892.429460] /dev/input/event1: 0003 0036 00001788
[   17892.429460] /dev/input/event1: 0000 0000 00000000
[   17892.436703] /dev/input/event1: 0003 0036 00001755
[   17892.436703] /dev/input/event1: 0000 0000 00000000
[   17892.445997] /dev/input/event1: 0003 0036 00001721
[   17892.445997] /dev/input/event1: 0000 0000 00000000
[   17892.452223] /dev/input/event1: 0003 0036 000016dd
[   17892.452223] /dev/input/event1: 0000 0000 00000000
[   17892.468371] /dev/input/event1: 0003 0036 000016aa
[   17892.468371] /dev/input/event1: 0000 0000 00000000
[   17892.476374] /dev/input/event1: 0003 0036 00001677
[   17892.476374] /dev/input/event1: 0000 0000 00000000
[   17892.485039] /dev/input/event1: 0003 0036 00001644
[   17892.485039] /dev/input/event1: 0000 0000 00000000
[   17892.490707] /dev/input/event1: 0003 0035 00005776
[   17892.490707] /dev/input/event1: 0000 0000 00000000
[   17892.500205] /dev/input/event1: 0003 0035 000057d1
[   17892.500205] /dev/input/event1: 0003 0036 00001610
[   17892.500205] /dev/input/event1: 0000 0000 00000000
[   17892.516059] /dev/input/event1: 0003 0036 000015dd
[   17892.516059] /dev/input/event1: 0000 0000 00000000
[   17892.522534] /dev/input/event1: 0003 0036 000015aa
[   17892.522534] /dev/input/event1: 0000 0000 00000000
[   17892.531414] /dev/input/event1: 0003 0035 0000584b
[   17892.531414] /dev/input/event1: 0003 0036 00001533
[   17892.531414] /dev/input/event1: 0000 0000 00000000
[   17892.539402] /dev/input/event1: 0003 0035 000058a6
[   17892.539402] /dev/input/event1: 0003 0036 000014cc
[   17892.539402] /dev/input/event1: 0000 0000 00000000
[   17892.548584] /dev/input/event1: 0003 0036 00001433
[   17892.548584] /dev/input/event1: 0000 0000 00000000
[   17892.552241] /dev/input/event1: 0003 0035 00005901
[   17892.552241] /dev/input/event1: 0003 0036 000013ff
[   17892.552241] /dev/input/event1: 0000 0000 00000000
[   17892.562204] /dev/input/event1: 0003 0035 0000595c
[   17892.562204] /dev/input/event1: 0003 0036 000013cc
[   17892.562204] /dev/input/event1: 0000 0000 00000000
[   17892.568472] /dev/input/event1: 0003 0035 000059b7
[   17892.568472] /dev/input/event1: 0003 0036 00001321
[   17892.568472] /dev/input/event1: 0000 0000 00000000
[   17892.576141] /dev/input/event1: 0003 0036 000012ee
[   17892.576141] /dev/input/event1: 0000 0000 00000000
[   17892.584204] /dev/input/event1: 0003 0035 00005a12
[   17892.584204] /dev/input/event1: 0003 0036 00001288
[   17892.584204] /dev/input/event1: 0000 0000 00000000
[   17892.593813] /dev/input/event1: 0003 0035 00005a6d
[   17892.593813] /dev/input/event1: 0003 0036 00001221
[   17892.593813] /dev/input/event1: 0000 0000 00000000
[   17892.609206] /dev/input/event1: 0003 0035 00005ac8
[   17892.609206] /dev/input/event1: 0003 0036 000011dd
[   17892.609206] /dev/input/event1: 0000 0000 00000000
[   17892.630618] /dev/input/event1: 0003 0035 00005b41
[   17892.630618] /dev/input/event1: 0000 0000 00000000
[   17892.639312] /dev/input/event1: 0003 0036 000011aa
[   17892.639312] /dev/input/event1: 0000 0000 00000000
[   17892.680219] /dev/input/event1: 0003 003a 00000000
[   17892.680219] /dev/input/event1: 0003 0039 ffffffff
[   17892.680219] /dev/input/event1: 0000 0000 00000000
[   17893.429806] /dev/input/event1: 0003 0039 00000000
[   17893.429806] /dev/input/event1: 0003 0030 00000191
[   17893.429806] /dev/input/event1: 0003 003a 00000081
[   17893.429806] /dev/input/event1: 0003 0035 00004f49
[   17893.429806] /dev/input/event1: 0003 0036 00003a21
[   17893.429806] /dev/input/event1: 0000 0000 00000000
[   17893.498158] /dev/input/event1: 0003 0036 000039bb
[   17893.498158] /dev/input/event1: 0000 0000 00000000
[   17893.508126] /dev/input/event1: 0003 0036 00003910
[   17893.508126] /dev/input/event1: 0000 0000 00000000
[   17893.516888] /dev/input/event1: 0003 0036 00003877
[   17893.516888] /dev/input/event1: 0000 0000 00000000
[   17893.522547] /dev/input/event1: 0003 0036 000037dd
[   17893.522547] /dev/input/event1: 0000 0000 00000000
[   17893.532647] /dev/input/event1: 0003 0036 00003765
[   17893.532647] /dev/input/event1: 0000 0000 00000000
[   17893.537033] /dev/input/event1: 0003 0036 000036cc
[   17893.537033] /dev/input/event1: 0000 0000 00000000
[   17893.545989] /dev/input/event1: 0003 0035 00004fc2
[   17893.545989] /dev/input/event1: 0003 0036 00003632
[   17893.545989] /dev/input/event1: 0000 0000 00000000
[   17893.553909] /dev/input/event1: 0003 0036 000035bb
[   17893.553909] /dev/input/event1: 0000 0000 00000000
[   17893.562881] /dev/input/event1: 0003 0035 0000501d
[   17893.562881] /dev/input/event1: 0003 0036 00003521
[   17893.562881] /dev/input/event1: 0000 0000 00000000
[   17893.568654] /dev/input/event1: 0003 0036 000034bb
[   17893.568654] /dev/input/event1: 0000 0000 00000000
[   17893.577180] /dev/input/event1: 0003 0036 00003443
[   17893.577180] /dev/input/event1: 0000 0000 00000000
[   17893.584355] /dev/input/event1: 0003 0036 000033dd
[   17893.584355] /dev/input/event1: 0000 0000 00000000
[   17893.592029] /dev/input/event1: 0003 0036 00003377
[   17893.592029] /dev/input/event1: 0000 0000 00000000
[   17893.599974] /dev/input/event1: 0003 0036 000032cc
[   17893.599974] /dev/input/event1: 0000 0000 00000000
[   17893.606814] /dev/input/event1: 0003 0036 00003299
[   17893.606814] /dev/input/event1: 0000 0000 00000000
[   17893.615848] /dev/input/event1: 0003 0036 00003266
[   17893.615848] /dev/input/event1: 0000 0000 00000000
[   17893.622328] /dev/input/event1: 0003 0036 000031ff
[   17893.622328] /dev/input/event1: 0000 0000 00000000
[   17893.630781] /dev/input/event1: 0003 0036 00003199
[   17893.630781] /dev/input/event1: 0000 0000 00000000
[   17893.638709] /dev/input/event1: 0003 0036 000030ee
[   17893.638709] /dev/input/event1: 0000 0000 00000000
[   17893.649950] /dev/input/event1: 0003 0036 00003088
[   17893.649950] /dev/input/event1: 0000 0000 00000000
[   17893.653992] /dev/input/event1: 0003 0036 00003021
[   17893.653992] /dev/input/event1: 0000 0000 00000000
[   17893.660927] /dev/input/event1: 0003 0036 00002fbb
[   17893.660927] /dev/input/event1: 0000 0000 00000000
[   17893.671278] /dev/input/event1: 0003 0036 00002f43
[   17893.671278] /dev/input/event1: 0000 0000 00000000
[   17893.676662] /dev/input/event1: 0003 0036 00002edd
[   17893.676662] /dev/input/event1: 0000 0000 00000000
[   17893.684143] /dev/input/event1: 0003 0036 00002e77
[   17893.684143] /dev/input/event1: 0000 0000 00000000
[   17893.692349] /dev/input/event1: 0003 0036 00002e10
[   17893.692349] /dev/input/event1: 0000 0000 00000000
[   17893.700968] /dev/input/event1: 0003 0036 00002d99
[   17893.700968] /dev/input/event1: 0000 0000 00000000
[   17893.709267] /dev/input/event1: 0003 0036 00002d32
[   17893.709267] /dev/input/event1: 0000 0000 00000000
[   17893.716217] /dev/input/event1: 0003 0036 00002ccc
[   17893.716217] /dev/input/event1: 0000 0000 00000000
[   17893.724539] /dev/input/event1: 0003 0036 00002c66
[   17893.724539] /dev/input/event1: 0000 0000 00000000
[   17893.731472] /dev/input/event1: 0003 0036 00002bee
[   17893.731472] /dev/input/event1: 0000 0000 00000000
[   17893.746190] /dev/input/event1: 0003 0036 00002bbb
[   17893.746190] /dev/input/event1: 0000 0000 00000000
[   17893.756269] /dev/input/event1: 0003 0035 00005078
[   17893.756269] /dev/input/event1: 0003 0036 00002b88
[   17893.756269] /dev/input/event1: 0000 0000 00000000
[   17893.764324] /dev/input/event1: 0003 0036 00002b54
[   17893.764324] /dev/input/event1: 0000 0000 00000000
[   17893.778613] /dev/input/event1: 0003 0036 00002b21
[   17893.778613] /dev/input/event1: 0000 0000 00000000
[   17893.786073] /dev/input/event1: 0003 0036 00002abb
[   17893.786073] /dev/input/event1: 0000 0000 00000000
[   17893.793199] /dev/input/event1: 0003 0035 000050d3
[   17893.793199] /dev/input/event1: 0003 0036 00002a10
[   17893.793199] /dev/input/event1: 0000 0000 00000000
[   17893.802115] /dev/input/event1: 0003 0036 000029aa
[   17893.802115] /dev/input/event1: 0000 0000 00000000
[   17893.809535] /dev/input/event1: 0003 0035 0000512e
[   17893.809535] /dev/input/event1: 0003 0036 00002943
[   17893.809535] /dev/input/event1: 0000 0000 00000000
[   17893.816978] /dev/input/event1: 0003 0036 000028cc
[   17893.816978] /dev/input/event1: 0000 0000 00000000
[   17893.826193] /dev/input/event1: 0003 0036 00002899
[   17893.826193] /dev/input/event1: 0000 0000 00000000
[   17893.832617] /dev/input/event1: 0003 0035 00005189
[   17893.832617] /dev/input/event1: 0003 0036 00002832
[   17893.832617] /dev/input/event1: 0000 0000 00000000
[   17893.846374] /dev/input/event1: 0003 0036 000027ff
[   17893.846374] /dev/input/event1: 0000 0000 00000000
[   17893.855730] /dev/input/event1: 0003 0035 000051e4
[   17893.855730] /dev/input/event1: 0003 0036 000027cc
[   17893.855730] /dev/input/event1: 0000 0000 00000000
[   17893.862372] /dev/input/event1: 0003 0036 00002766
[   17893.862372] /dev/input/event1: 0000 0000 00000000
[   17893.871579] /dev/input/event1: 0003 0036 000026bb
[   17893.871579] /dev/input/event1: 0000 0000 00000000
[   17893.878521] /dev/input/event1: 0003 0036 00002688
[   17893.878521] /dev/input/event1: 0000 0000 00000000
[   17893.888254] /dev/input/event1: 0003 0036 00002655
[   17893.888254] /dev/input/event1: 0000 0000 00000000
[   17893.894295] /dev/input/event1: 0003 0036 00002621
[   17893.894295] /dev/input/event1: 0000 0000 00000000
[   17893.903920] /dev/input/event1: 0003 0036 000025aa
[   17893.903920] /dev/input/event1: 0000 0000 00000000
[   17893.908322] /dev/input/event1: 0003 0036 00002577
[   17893.908322] /dev/input/event1: 0000 0000 00000000
[   17893.916338] /dev/input/event1: 0003 0035 0000523f
[   17893.916338] /dev/input/event1: 0003 0036 00002543
[   17893.916338] /dev/input/event1: 0000 0000 00000000
[   17893.924479] /dev/input/event1: 0003 0036 00002510
[   17893.924479] /dev/input/event1: 0000 0000 00000000
[   17893.934600] /dev/input/event1: 0003 0035 000052b9
[   17893.934600] /dev/input/event1: 0003 0036 000024dd
[   17893.934600] /dev/input/event1: 0000 0000 00000000
[   17893.940707] /dev/input/event1: 0003 0036 000024aa
[   17893.940707] /dev/input/event1: 0000 0000 00000000
[   17893.948136] /dev/input/event1: 0003 0036 00002443
[   17893.948136] /dev/input/event1: 0000 0000 00000000
[   17893.964396] /dev/input/event1: 0003 0036 000023cc
[   17893.964396] /dev/input/event1: 0000 0000 00000000
[   17893.978555] /dev/input/event1: 0003 0036 00002399
[   17893.978555] /dev/input/event1: 0000 0000 00000000
[   17893.995365] /dev/input/event1: 0003 0036 00002366
[   17893.995365] /dev/input/event1: 0000 0000 00000000
[   17894.012507] /dev/input/event1: 0003 0036 00002332
[   17894.012507] /dev/input/event1: 0000 0000 00000000
[   17894.024354] /dev/input/event1: 0003 0036 000022ff
[   17894.024354] /dev/input/event1: 0000 0000 00000000
[   17894.056982] /dev/input/event1: 0003 0036 000022cc
[   17894.056982] /dev/input/event1: 0000 0000 00000000
[   17894.072988] /dev/input/event1: 0003 0035 00005314
[   17894.072988] /dev/input/event1: 0003 0036 00002299
[   17894.072988] /dev/input/event1: 0000 0000 00000000
[   17894.094324] /dev/input/event1: 0003 0036 00002255
[   17894.094324] /dev/input/event1: 0000 0000 00000000
[   17894.266519] /dev/input/event1: 0003 003a 00000000
[   17894.266519] /dev/input/event1: 0003 0039 ffffffff
[   17894.266519] /dev/input/event1: 0000 0000 00000000
[   17895.398461] /dev/input/event1: 0003 0039 00000000
[   17895.398461] /dev/input/event1: 0003 0030 00000192
[   17895.398461] /dev/input/event1: 0003 003a 00000081
[   17895.398461] /dev/input/event1: 0003 0035 0000138e
[   17895.398461] /dev/input/event1: 0003 0036 00003ebb
[   17895.398461] /dev/input/event1: 0000 0000 00000000
[   17895.552713] /dev/input/event1: 0003 003a 00000000
[   17895.552713] /dev/input/event1: 0003 0039 ffffffff
[   17895.552713] /dev/input/event1: 0000 0000 00000000
[   17897.608667] /dev/input/event1: 0003 0039 00000000
[   17897.608667] /dev/input/event1: 0003 0030 00000193
[   17897.608667] /dev/input/event1: 0003 003a 00000081
[   17897.608667] /dev/input/event1: 0003 0035 0000695c
[   17897.608667] /dev/input/event1: 0003 0036 000036cc
[   17897.608667] /dev/input/event1: 0000 0000 00000000
[   17897.745297] /dev/input/event1: 0003 003a 00000000
[   17897.745297] /dev/input/event1: 0003 0039 ffffffff
[   17897.745297] /dev/input/event1: 0000 0000 00000000
[   17903.603708] /dev/input/event1: 0003 0039 00000000
[   17903.603708] /dev/input/event1: 0003 0030 00000194
[   17903.603708] /dev/input/event1: 0003 003a 00000081
[   17903.603708] /dev/input/event1: 0003 0035 00001aaa
[   17903.603708] /dev/input/event1: 0003 0036 00005854
[   17903.603708] /dev/input/event1: 0000 0000 00000000
[   17903.726751] /dev/input/event1: 0003 003a 00000000
[   17903.726751] /dev/input/event1: 0003 0039 ffffffff
[   17903.726751] /dev/input/event1: 0000 0000 00000000
[   17907.354166] /dev/input/event1: 0003 0039 00000000
[   17907.354166] /dev/input/event1: 0003 0030 00000195
[   17907.354166] /dev/input/event1: 0003 003a 00000081
[   17907.354166] /dev/input/event1: 0003 0035 00006ac8
[   17907.354166] /dev/input/event1: 0003 0036 00004e54
[   17907.354166] /dev/input/event1: 0000 0000 00000000
[   17907.462735] /dev/input/event1: 0003 003a 00000000
[   17907.462735] /dev/input/event1: 0003 0039 ffffffff
[   17907.462735] /dev/input/event1: 0000 0000 00000000
[   17910.538307] /dev/input/event1: 0003 0039 00000000
[   17910.538307] /dev/input/event1: 0003 0030 00000196
[   17910.538307] /dev/input/event1: 0003 003a 00000081
[   17910.538307] /dev/input/event1: 0003 0035 000007b4
[   17910.538307] /dev/input/event1: 0003 0036 00000888
[   17910.538307] /dev/input/event1: 0000 0000 00000000
[   17910.638813] /dev/input/event1: 0003 003a 00000000
[   17910.638813] /dev/input/event1: 0003 0039 ffffffff
[   17910.638813] /dev/input/event1: 0000 0000 00000000
[   17935.888608] /dev/input/event1: 0003 0039 00000000
[   17935.888608] /dev/input/event1: 0003 0030 00000197
[   17935.888608] /dev/input/event1: 0003 003a 00000081
[   17935.888608] /dev/input/event1: 0003 0035 00000888
[   17935.888608] /dev/input/event1: 0003 0036 000009ff
[   17935.888608] /dev/input/event1: 0000 0000 00000000
[   17936.016647] /dev/input/event1: 0003 003a 00000000
[   17936.016647] /dev/input/event1: 0003 0039 ffffffff
[   17936.016647] /dev/input/event1: 0000 0000 00000000
[   17937.777866] /dev/input/event1: 0003 0039 00000000
[   17937.777866] /dev/input/event1: 0003 0030 00000198
[   17937.777866] /dev/input/event1: 0003 003a 00000081
[   17937.777866] /dev/input/event1: 0003 0035 000016fd
[   17937.777866] /dev/input/event1: 0003 0036 000024dd
[   17937.777866] /dev/input/event1: 0000 0000 00000000
[   17937.868729] /dev/input/event1: 0003 003a 00000000
[   17937.868729] /dev/input/event1: 0003 0039 ffffffff
[   17937.868729] /dev/input/event1: 0000 0000 00000000
[   17940.676649] /dev/input/event1: 0003 0039 00000000
[   17940.676649] /dev/input/event1: 0003 0030 00000199
[   17940.676649] /dev/input/event1: 0003 003a 00000081
[   17940.676649] /dev/input/event1: 0003 0035 000076a2
[   17940.676649] /dev/input/event1: 0003 0036 000027cc
[   17940.676649] /dev/input/event1: 0000 0000 00000000
[   17940.750876] /dev/input/event1: 0003 003a 00000000
[   17940.750876] /dev/input/event1: 0003 0039 