add device 1: /dev/input/event0
  name:     "Power Button"
add device 2: /dev/input/event1
  name:     "qwerty2"
[   19397.586564] /dev/input/event1: 0003 0039 00000000
[   19397.586564] /dev/input/event1: 0003 0030 000001eb
[   19397.586564] /dev/input/event1: 0003 003a 00000081
[   19397.586564] /dev/input/event1: 0003 0035 00005d63
[   19397.586564] /dev/input/event1: 0003 0036 00004810
[   19397.586564] /dev/input/event1: 0000 0000 00000000
[   19397.687981] /dev/input/event1: 0003 003a 00000000
[   19397.687981] /dev/input/event1: 0003 0039 ffffffff
[   19397.687981] /dev/input/event1: 0000 0000 00000000
[   19400.331716] /dev/input/event1: 0003 0039 00000000
[   19400.331716] /dev/input/event1: 0003 0030 000001ec
[   19400.331716] /dev/input/event1: 0003 003a 00000081
[   19400.331716] /dev/input/event1: 0003 0035 000007b4
[   19400.331716] /dev/input/event1: 0003 0036 000008bb
[   19400.331716] /dev/input/event1: 0000 0000 00000000
[   19400.446377] /dev/input/event1: 0003 003a 00000000
[   19400.446377] /dev/input/event1: 0003 0039 ffffffff
[   19400.446377] /dev/input/event1: 0000 0000 00000000
[   19402.348217] /dev/input/event1: 0003 0039 00000000
[   19402.348217] /dev/input/event1: 0003 0030 000001ed
[   19402.348217] /dev/input/event1: 0003 003a 00000081
[   19402.348217] /dev/input/event1: 0003 0035 00000f86
[   19402.348217] /dev/input/event1: 0003 0036 00002477
[   19402.348217] /dev/input/event1: 0000 0000 00000000
[   19402.472329] /dev/input/event1: 0003 003a 00000000
[   19402.472329] /dev/input/event1: 0003 0039 ffffffff
[   19402.472329] /dev/input/event1: 0000 0000 00000000
[   19406.005337] /dev/input/event1: 0003 0039 00000000
[   19406.005337] /dev/input/event1: 0003 0030 000001ee
[   19406.005337] /dev/input/event1: 0003 003a 00000081
[   19406.005337] /dev/input/event1: 0003 0035 0000425e
[   19406.005337] /dev/input/event1: 0003 0036 00003c99
[   19406.005337] /dev/input/event1: 0000 0000 00000000
[   19406.134024] /dev/input/event1: 0003 003a 00000000
[   19406.134024] /dev/input/event1: 0003 0039 ffffffff
[   19406.134024] /dev/input/event1: 0000 0000 00000000
[   19408.957727] /dev/input/event1: 0003 0039 00000000
[   19408.957727] /dev/input/event1: 0003 0030 000001ef
[   19408.957727] /dev/input/event1: 0003 003a 00000081
[   19408.957727] /dev/input/event1: 0003 0035 0000127d
[   19408.957727] /dev/input/event1: 0003 0036 00004dee
[   19408.957727] /dev/input/event1: 0000 0000 00000000
[   19409.080259] /dev/input/event1: 0003 003a 00000000
[   19409.080259] /dev/input/event1: 0003 0039 ffffffff
[   19409.080259] /dev/input/event1: 0000 0000 00000000
[   19411.256996] /dev/input/event1: 0003 0039 00000000
[   19411.256996] /dev/input/event1: 0003 0030 000001f0
[   19411.256996] /dev/input/event1: 0003 003a 00000081
[   19411.256996] /dev/input/event1: 0003 0035 0000338d
[   19411.256996] /dev/input/event1: 0003 0036 000048bb
[   19411.256996] /dev/input/event1: 0000 0000 00000000
[   19411.350644] /dev/input/event1: 0003 003a 00000000
[   19411.350644] /dev/input/event1: 0003 0039 ffffffff
[   19411.350644] /dev/input/event1: 0000 0000 00000000
[   19413.833099] /dev/input/event1: 0003 0039 00000000
[   19413.833099] /dev/input/event1: 0003 0030 000001f1
[   19413.833099] /dev/input/event1: 0003 003a 00000081
[   19413.833099] /dev/input/event1: 0003 0035 0000127d
[   19413.833099] /dev/input/event1: 0003 0036 00004d87
[   19413.833099] /dev/input/event1: 0000 0000 00000000
[   19413.962741] /dev/input/event1: 0003 003a 00000000
[   19413.962741] /dev/input/event1: 0003 0039 ffffffff
[   19413.962741] /dev/input/event1: 0000 0000 00000000
[   19415.785582] /dev/input/event1: 0003 0039 00000000
[   19415.785582] /dev/input/event1: 0003 0030 000001f2
[   19415.785582] /dev/input/event1: 0003 003a 00000081
[   19415.785582] /dev/input/event1: 0003 0035 00003a30
[   19415.785582] /dev/input/event1: 0003 0036 000054cc
[   19415.785582] /dev/input/event1: 0000 0000 00000000
[   19415.884517] /dev/input/event1: 0003 003a 00000000
[   19415.884517] /dev/input/event1: 0003 0039 ffffffff
[   19415.884517] /dev/input/event1: 0000 0000 00000000
[   19418.050300] /dev/input/event1: 0003 0039 00000000
[   19418.050300] /dev/input/event1: 0003 0030 000001f3
[   19418.050300] /dev/input/event1: 0003 003a 00000081
[   19418.050300] /dev/input/event1: 0003 0035 00001333
[   19418.050300] /dev/input/event1: 0003 0036 000049ff
[   19418.050300] /dev/input/event1: 0000 0000 00000000
[   19418.156102] /dev/input/event1: 0003 003a 00000000
[   19418.156102] /dev/input/event1: 0003 0039 ffffffff
[   19418.156102] /dev/input/event1: 0000 0000 00000000
[   19420.519305] /dev/input/event1: 0003 0039 00000000
[   19420.519305] /dev/input/event1: 0003 0030 000001f4
[   19420.519305] /dev/input/event1: 0003 003a 00000081
[   19420.519305] /dev/input/event1: 0003 0035 00001aaa
[   19420.519305] /dev/input/event1: 0003 0036 00007bff
[   19420.519305] /dev/input/event1: 0000 0000 00000000
[   19420.630505] /dev/input/event1: 0003 003a 00000000
[   19420.630505] /dev/input/event1: 0003 0039 ffffffff
[   19420.630505] /dev/input/event1: 0000 0000 00000000
[   19441.825782] /dev/input/event1: 0003 0039 00000000
[   19441.825782] /dev/input/event1: 0003 0030 000001f5
[   19441.825782] /dev/input/event1: 0003 003a 00000081
[   19441.825782] /dev/input/event1: 0003 0035 00000759
[   19441.825782] /dev/input/event1: 0003 0036 000009bb
[   19441.825782] /dev/input/event1: 0000 0000 00000000
[   19441.940834] /dev/input/event1: 0003 003a 00000000
[   19441.940834] /dev/input/event1: 0003 0039 ffffffff
[   19441.940834] /dev/input/event1: 0000 0000 00000000
[   19443.500175] /dev/input/event1: 0003 0039 00000000
[   19443.500175] /dev/input/event1: 0003 0030 000001f6
[   19443.500175] /dev/input/event1: 0003 003a 00000081
[   19443.500175] /dev/input/event1: 0003 0035 00001462
[   19443.500175] /dev/input/event1: 0003 0036 00002477
[   19443.500175] /dev/input/event1: 0000 0000 00000000
[   19443.631364] /dev/input/event1: 0003 003a 00000000
[   19443.631364] /dev/input/event1: 0003 0039 ffffffff
[   19443.631364] /dev/input/event1: 0000 0000 00000000
[   19445.584517] /dev/input/event1: 0003 0039 00000000
[   19445.584517] /dev/input/event1: 0003 0030 000001f7
[   19445.584517] /dev/input/event1: 0003 003a 00000081
[   19445.584517] /dev/input/event1: 0003 0035 00007647
[   19445.584517] /dev/input/event1: 0003 0036 000027cc
[   19445.584517] /dev/input/event1: 0000 0000 00000000
[   19445.676526] /dev/input/event1: 0003 003a 00000000
[   19445.676526] /dev/input/event1: 0003 0039 ffffffff
[   19445.676526] /dev/input/event1: 0000 0000 00000000
[   19446.986689] /dev/input/event1: 0003 0039 00000000
[   19446.986689] /dev/input/event1: 0003 0030 000001f8
[   19446.986689] /dev/input/event1: 0003 003a 00000081
[   19446.986689] /dev/input/event1: 0000 0000 00000000
[   19447.078209] /dev/input/event1: 0003 003a 00000000
[   19447.078209] /dev/input/event1: 0003 0039 ffffffff
[   19447.078209] /dev/input/event1: 0000 0000 00000000
[   19448.388748] /dev/input/event1: 0003 0039 00000000
[   19448.388748] /dev/input/event1: 0003 0030 000001f9
[   19448.388748] /dev/input/event1: 0003 003a 00000081
[   19448.388748] /dev/input/event1: 0000 0000 00000000
[   19448.507007] /dev/input/event1: 0003 003a 00000000
[   19448.507007] /dev/input/event1: 0003 0039 ffffffff
[   19448.507007] /dev/input/event1: 0000 0000 00000000
[   19450.062775] /dev/input/event1: 0003 0039 00000000
[   19450.062775] /dev/input/event1: 0003 0030 000001fa
[   19450.062775] /dev/input/event1: 0003 003a 00000081
[   19450.062775] /dev/input/event1: 0000 0000 00000000
[   19450.164158] /dev/input/event1: 0003 003a 00000000
[   19450.164158] /dev/input/event1: 0003 0039 ffffffff
[   19450.164158] /dev/input/event1: 0000 0000 00000000
[   19451.598748] /dev/input/event1: 0003 0039 00000000
[   19451.598748] /dev/input/event1: 0003 0030 000001fb
[   19451.598748] /dev/input/event1: 0003 003a 00000081
[   19451.598748] /dev/input/event1: 0000 0000 00000000
[   19451.714503] /dev/input/event1: 0003 003a 00000000
[   19451.714503] /dev/input/event1: 0003 0039 ffffffff
[   19451.71450