add device 1: /dev/input/event0
  name:     "Power Button"
add device 2: /dev/input/event1
  name:     "qwerty2"
[   13608.163800] /dev/input/event1: 0003 0039 00000000
[   13608.163800] /dev/input/event1: 0003 0030 000000b1
[   13608.163800] /dev/input/event1: 0003 003a 00000081
[   13608.163800] /dev/input/event1: 0003 0035 000061e4
[   13608.163800] /dev/input/event1: 0003 0036 000018cc
[   13608.163800] /dev/input/event1: 0000 0000 00000000
[   13608.279770] /dev/input/event1: 0003 003a 00000000
[   13608.279770] /dev/input/event1: 0003 0039 ffffffff
[   13608.279770] /dev/input/event1: 0000 0000 00000000
[   13609.341249] /dev/input/event1: 0003 0039 00000000
[   13609.341249] /dev/input/event1: 0003 0030 000000b2
[   13609.341249] /dev/input/event1: 0003 003a 00000081
[   13609.341249] /dev/input/event1: 0000 0000 00000000
[   13609.481316] /dev/input/event1: 0003 003a 00000000
[   13609.481316] /dev/input/event1: 0003 0039 ffffffff
[   13609.481316] /dev/input/event1: 0000 0000 00000000
[   13610.503213] /dev/input/event1: 0003 0039 00000000
[   13610.503213] /dev/input/event1: 0003 0030 000000b3
[   13610.503213] /dev/input/event1: 0003 003a 00000081
[   13610.503213] /dev/input/event1: 0000 0000 00000000
[   13610.620835] /dev/input/event1: 0003 003a 00000000
[   13610.620835] /dev/input/event1: 0003 0039 ffffffff
[   13610.620835] /dev/input/event1: 0000 0000 00000000
[   13612.093107] /dev/input/event1: 0003 0039 00000000
[   13612.093107] /dev/input/event1: 0003 0030 000000b4
[   13612.093107] /dev/input/event1: 0003 003a 00000081
[   13612.093107] /dev/input/event1: 0000 0000 00000000
[   13612.224672] /dev/input/event1: 0003 003a 00000000
[   13612.224672] /dev/input/event1: 0003 0039 ffffffff
[   13612.224672] /dev/input/event1: 0000 0000 00000000
[   13613.861297] /dev/input/event1: 0003 0039 00000000
[   13613.861297] /dev/input/event1: 0003 0030 000000b5
[   13613.861297] /dev/input/event1: 0003 003a 00000081
[   13613.861297] /dev/input/event1: 0000 0000 00000000
[   13613.991597] /dev/input/event1: 0003 003a 00000000
[   13613.991597] /dev/input/event1: 0003 0039 ffffffff
[   13613.991597] /dev/input/event1: 0000 0000 00000000
[   13615.557161] /dev/input/event1: 0003 0039 00000000
[   13615.557161] /dev/input/event1: 0003 0030 000000b6
[   13615.557161] /dev/input/event1: 0003 003a 00000081
[   13615.557161] /dev/input/event1: 0000 0000 00000000
[   13615.689978] /dev/input/event1: 0003 003a 00000000
[   13615.689978] /dev/input/event1: 0003 0039 ffffffff
[   13615.689978] /dev/input/event1: 0000 0000 00000000
[   13617.915863] /dev/input/event1: 0003 0039 00000000
[   13617.915863] /dev/input/event1: 0003 0030 000000b7
[   13617.915863] /dev/input/event1: 0003 003a 00000081
[   13617.915863] /dev/input/event1: 0003 0035 000055af
[   13617.915863] /dev/input/event1: 0003 0036 00001677
[   13617.915863] /dev/input/event1: 0000 0000 00000000
[   13618.048675] /dev/input/event1: 0003 003a 00000000
[   13618.048675] /dev/input/event1: 0003 0039 ffffffff
[   13618.048675] /dev/input/event1: 0000 0000 00000000
[   13619.317469] /dev/input/event1: 0003 0039 00000000
[   13619.317469] /dev/input/event1: 0003 0030 000000b8
[   13619.317469] /dev/input/event1: 0003 003a 00000081
[   13619.317469] /dev/input/event1: 0000 0000 00000000
[   13619.478673] /dev/input/event1: 0003 003a 00000000
[   13619.478673] /dev/input/event1: 0003 0039 ffffffff
[   13619.478673] /dev/input/event1: 0000 0000 00000000
[   13620.977372] /dev/input/event1: 0003 0039 00000000
[   13620.977372] /dev/input/event1: 0003 0030 000000b9
[   13620.977372] /dev/input/event1: 0003 003a 00000081
[   13620.977372] /dev/input/event1: 0000 0000 00000000
[   13621.077719] /dev/input/event1: 0003 003a 00000000
[   13621.077719] /dev/input/event1: 0003 0039 ffffffff
[   13621.077719] /dev/input/event1: 0000 0000 00000000
[   12890.713589] /dev/input/event1: 0003 0039 00000000
[   12890.713589] /dev/input/event1: 0003 0030 0000009e
[   12890.713589] /dev/input/event1: 0003 003a 00000081
[   12890.713589] /dev/input/event1: 0003 0035 0000436f
[   12890.713589] /dev/input/event1: 0003 0036 000021bb
[   12890.713589] /dev/input/event1: 0000 0000 00000000
[   12890.828304] /dev/input/event1: 0003 003a 00000000
[   12890.828304] /dev/input/event1: 0003 0039 ffffffff
[   12890.828304] /dev/input/event1: 0000 0000 00000000