add device 1: /dev/input/event0
  name:     "Power Button"
add device 2: /dev/input/event1
  name:     "qwerty2"
[   12874.064517] /dev/input/event1: 0003 0039 00000000
[   12874.064517] /dev/input/event1: 0003 0030 00000098
[   12874.064517] /dev/input/event1: 0003 003a 00000081
[   12874.064517] /dev/input/event1: 0003 0035 0000425e
[   12874.064517] /dev/input/event1: 0003 0036 000019cc
[   12874.064517] /dev/input/event1: 0000 0000 00000000
[   12874.186117] /dev/input/event1: 0003 003a 00000000
[   12874.186117] /dev/input/event1: 0003 0039 ffffffff
[   12874.186117] /dev/input/event1: 0000 0000 00000000
[   12877.109112] /dev/input/event1: 0003 0039 00000000
[   12877.109112] /dev/input/event1: 0003 0030 00000099
[   12877.109112] /dev/input/event1: 0003 003a 00000081
[   12877.109112] /dev/input/event1: 0003 0035 000040d3
[   12877.109112] /dev/input/event1: 0003 0036 00003daa
[   12877.109112] /dev/input/event1: 0000 0000 00000000
[   12877.263932] /dev/input/event1: 0003 003a 00000000
[   12877.263932] /dev/input/event1: 0003 0039 ffffffff
[   12877.263932] /dev/input/event1: 0000 0000 00000000
[   12879.845373] /dev/input/event1: 0003 0039 00000000
[   12879.845373] /dev/input/event1: 0003 0030 0000009a
[   12879.845373] /dev/input/event1: 0003 003a 00000081
[   12879.845373] /dev/input/event1: 0003 0035 000054db
[   12879.845373] /dev/input/event1: 0003 0036 00005965
[   12879.845373] /dev/input/event1: 0000 0000 00000000
[   12879.984050] /dev/input/event1: 0003 003a 00000000
[   12879.984050] /dev/input/event1: 0003 0039 ffffffff
[   12879.984050] /dev/input/event1: 0000 0000 00000000
[   12882.070883] /dev/input/event1: 0003 0039 00000000
[   12882.070883] /dev/input/event1: 0003 0030 0000009b
[   12882.070883] /dev/input/event1: 0003 003a 00000081
[   12882.070883] /dev/input/event1: 0003 0035 0000314d
[   12882.070883] /dev/input/event1: 0003 0036 000071ff
[   12882.070883] /dev/input/event1: 0000 0000 00000000
[   12882.224225] /dev/input/event1: 0003 003a 00000000
[   12882.224225] /dev/input/event1: 0003 0039 ffffffff
[   12882.224225] /dev/input/event1: 0000 0000 00000000
[   12884.837178] /dev/input/event1: 0003 0039 00000000
[   12884.837178] /dev/input/event1: 0003 0030 0000009c
[   12884.837178] /dev/input/event1: 0003 003a 00000081
[   12884.837178] /dev/input/event1: 0003 0035 0000705a
[   12884.837178] /dev/input/event1: 0003 0036 000070ba
[   12884.837178] /dev/input/event1: 0000 0000 00000000
[   12884.945810] /dev/input/event1: 0003 003a 00000000
[   12884.945810] /dev/input/event1: 0003 0039 ffffffff
[   12884.945810] /dev/input/event1: 0000 0000 00000000
[   12887.775759] /dev/input/event1: 0003 0039 00000000
[   12887.775759] /dev/input/event1: 0003 0030 0000009d
[   12887.775759] /dev/input/event1: 0003 003a 00000081
[   12887.775759] /dev/input/event1: 0003 0035 00003eb1
[   12887.775759] /dev/input/event1: 0003 0036 000048bb
[   12887.775759] /dev/input/event1: 0000 0000 00000000
[   12887.860063] /dev/input/event1: 0003 003a 00000000
[   12887.860063] /dev/input/event1: 0003 0039 ffffffff
[   12887.860063] /dev/input/event1: 0000 0000 00000000
[   12890.713589] /dev/input/event1: 0003 0039 00000000
[   12890.713589] /dev/input/event1: 0003 0030 0000009e
[   12890.713589] /dev/input/event1: 0003 003a 00000081
[   12890.713589] /dev/input/event1: 0003 0035 0000436f
[   12890.713589] /dev/input/event1: 0003 0036 000021bb
[   12890.713589] /dev/input/event1: 0000 0000 00000000
[   12890.828304] /dev/input/event1: 0003 003a 00000000
[   12890.828304] /dev/input/event1: 0003 0039 ffffffff
[   12890.828304] /dev/input/event1: 0000 0000 00000000