add device 1: /dev/input/event0
  name:     "Power Button"
add device 2: /dev/input/event1
  name:     "qwerty2"
[   16981.032425] /dev/input/event1: 0003 0039 00000000
[   16981.032425] /dev/input/event1: 0003 0030 00000101
[   16981.032425] /dev/input/event1: 0003 003a 00000081
[   16981.032425] /dev/input/event1: 0003 0035 00006ac8
[   16981.032425] /dev/input/event1: 0003 0036 000009bb
[   16981.032425] /dev/input/event1: 0000 0000 00000000
[   16981.145317] /dev/input/event1: 0003 003a 00000000
[   16981.145317] /dev/input/event1: 0003 0039 ffffffff
[   16981.145317] /dev/input/event1: 0000 0000 00000000
[   16983.600855] /dev/input/event1: 0003 0039 00000000
[   16983.600855] /dev/input/event1: 0003 0030 00000102
[   16983.600855] /dev/input/event1: 0003 003a 00000081
[   16983.600855] /dev/input/event1: 0003 0035 00004ccc
[   16983.600855] /dev/input/event1: 0003 0036 00006476
[   16983.600855] /dev/input/event1: 0000 0000 00000000
[   16983.769476] /dev/input/event1: 0003 0036 000063ff
[   16983.769476] /dev/input/event1: 0000 0000 00000000
[   16983.777533] /dev/input/event1: 0003 0036 000062ff
[   16983.777533] /dev/input/event1: 0000 0000 00000000
[   16983.785334] /dev/input/event1: 0003 0035 00004c52
[   16983.785334] /dev/input/event1: 0003 0036 000061ba
[   16983.785334] /dev/input/event1: 0000 0000 00000000
[   16983.794472] /dev/input/event1: 0003 0036 000060a9
[   16983.794472] /dev/input/event1: 0000 0000 00000000
[   16983.801635] /dev/input/event1: 0003 0036 00005f43
[   16983.801635] /dev/input/event1: 0000 0000 00000000
[   16983.810054] /dev/input/event1: 0003 0036 00005dff
[   16983.810054] /dev/input/event1: 0000 0000 00000000
[   16983.816024] /dev/input/event1: 0003 0036 00005cee
[   16983.816024] /dev/input/event1: 0000 0000 00000000
[   16983.823911] /dev/input/event1: 0003 0035 00004ccc
[   16983.823911] /dev/input/event1: 0003 0036 00005ba9
[   16983.823911] /dev/input/event1: 0000 0000 00000000
[   16983.831987] /dev/input/event1: 0003 0035 00004d27
[   16983.831987] /dev/input/event1: 0003 0036 00005add
[   16983.831987] /dev/input/event1: 0000 0000 00000000
[   16983.842378] /dev/input/event1: 0003 0036 000059ff
[   16983.842378] /dev/input/event1: 0000 0000 00000000
[   16983.847884] /dev/input/event1: 0003 0036 00005965
[   16983.847884] /dev/input/event1: 0000 0000 00000000
[   16983.856256] /dev/input/event1: 0003 0036 00005887
[   16983.856256] /dev/input/event1: 0000 0000 00000000
[   16983.863843] /dev/input/event1: 0003 0036 000057ee
[   16983.863843] /dev/input/event1: 0000 0000 00000000
[   16983.872818] /dev/input/event1: 0003 0036 00005787
[   16983.872818] /dev/input/event1: 0000 0000 00000000
[   16983.877442] /dev/input/event1: 0003 0035 00004d82
[   16983.877442] /dev/input/event1: 0003 0036 000056dd
[   16983.877442] /dev/input/event1: 0000 0000 00000000
[   16983.885592] /dev/input/event1: 0003 0036 00005643
[   16983.885592] /dev/input/event1: 0000 0000 00000000
[   16983.894354] /dev/input/event1: 0003 0036 000055a9
[   16983.894354] /dev/input/event1: 0000 0000 00000000
[   16983.903461] /dev/input/event1: 0003 0036 000054ff
[   16983.903461] /dev/input/event1: 0000 0000 00000000
[   16983.909696] /dev/input/event1: 0003 0036 00005432
[   16983.909696] /dev/input/event1: 0000 0000 00000000
[   16983.918464] /dev/input/event1: 0003 0035 00004ddd
[   16983.918464] /dev/input/event1: 0003 0036 00005387
[   16983.918464] /dev/input/event1: 0000 0000 00000000
[   16983.927243] /dev/input/event1: 0003 0036 000052ee
[   16983.927243] /dev/input/event1: 0000 0000 00000000
[   16983.933369] /dev/input/event1: 0003 0036 00005221
[   16983.933369] /dev/input/event1: 0000 0000 00000000
[   16983.942814] /dev/input/event1: 0003 0036 00005143
[   16983.942814] /dev/input/event1: 0000 0000 00000000
[   16983.951811] /dev/input/event1: 0003 0035 00004d82
[   16983.951811] /dev/input/event1: 0003 0036 000050aa
[   16983.951811] /dev/input/event1: 0000 0000 00000000
[   16983.956068] /dev/input/event1: 0003 0035 00004d27
[   16983.956068] /dev/input/event1: 0003 0036 00004fff
[   16983.956068] /dev/input/event1: 0000 0000 00000000
[   16983.963890] /dev/input/event1: 0003 0035 00004ccc
[   16983.963890] /dev/input/event1: 0003 0036 00004f98
[   16983.963890] /dev/input/event1: 0000 0000 00000000
[   16983.971816] /dev/input/event1: 0003 0036 00004f32
[   16983.971816] /dev/input/event1: 0000 0000 00000000
[   16983.980687] /dev/input/event1: 0003 0036 00004ecc
[   16983.980687] /dev/input/event1: 0000 0000 00000000
[   16983.987974] /dev/input/event1: 0003 0036 00004e21
[   16983.987974] /dev/input/event1: 0000 0000 00000000
[   16983.995411] /dev/input/event1: 0003 0036 00004d54
[   16983.995411] /dev/input/event1: 0000 0000 00000000
[   16984.002027] /dev/input/event1: 0003 0036 00004caa
[   16984.002027] /dev/input/event1: 0000 0000 00000000
[   16984.011148] /dev/input/event1: 0003 0036 00004c10
[   16984.011148] /dev/input/event1: 0000 0000 00000000
[   16984.017471] /dev/input/event1: 0003 0036 00004b65
[   16984.017471] /dev/input/event1: 0000 0000 00000000
[   16984.027553] /dev/input/event1: 0003 0036 00004acc
[   16984.027553] /dev/input/event1: 0000 0000 00000000
[   16984.033292] /dev/input/event1: 0003 0036 00004a65
[   16984.033292] /dev/input/event1: 0000 0000 00000000
[   16984.042413] /dev/input/event1: 0003 0036 000049ff
[   16984.042413] /dev/input/event1: 0000 0000 00000000
[   16984.050893] /dev/input/event1: 0003 0036 00004954
[   16984.050893] /dev/input/event1: 0000 0000 00000000
[   16984.058760] /dev/input/event1: 0003 0036 000048ee
[   16984.058760] /dev/input/event1: 0000 0000 00000000
[   16984.066172] /dev/input/event1: 0003 0035 00004c52
[   16984.066172] /dev/input/event1: 0003 0036 00004887
[   16984.066172] /dev/input/event1: 0000 0000 00000000
[   16984.072796] /dev/input/event1: 0003 0036 00004810
[   16984.072796] /dev/input/event1: 0000 0000 00000000
[   16984.080717] /dev/input/event1: 0003 0035 00004bf7
[   16984.080717] /dev/input/event1: 0003 0036 00004776
[   16984.080717] /dev/input/event1: 0000 0000 00000000
[   16984.087648] /dev/input/event1: 0003 0036 00004710
[   16984.087648] /dev/input/event1: 0000 0000 00000000
[   16984.097557] /dev/input/event1: 0003 0036 000046dd
[   16984.097557] /dev/input/event1: 0000 0000 00000000
[   16984.103611] /dev/input/event1: 0003 0036 00004665
[   16984.103611] /dev/input/event1: 0000 0000 00000000
[   16984.112104] /dev/input/event1: 0003 0036 000045ff
[   16984.112104] /dev/input/event1: 0000 0000 00000000
[   16984.117703] /dev/input/event1: 0003 0036 00004599
[   16984.117703] /dev/input/event1: 0000 0000 00000000
[   16984.127680] /dev/input/event1: 0003 0036 000044ff
[   16984.127680] /dev/input/event1: 0000 0000 00000000
[   16984.134406] /dev/input/event1: 0003 0036 000044bb
[   16984.134406] /dev/input/event1: 0000 0000 00000000
[   16984.142798] /dev/input/event1: 0003 0036 00004454
[   16984.142798] /dev/input/event1: 0000 0000 00000000
[   16984.151470] /dev/input/event1: 0003 0035 00004c52
[   16984.151470] /dev/input/event1: 0003 0036 000043ee
[   16984.151470] /dev/input/event1: 0000 0000 00000000
[   16984.157468] /dev/input/event1: 0003 0036 00004388
[   16984.157468] /dev/input/event1: 0000 0000 00000000
[   16984.166338] /dev/input/event1: 0003 0035 00004ccc
[   16984.166338] /dev/input/event1: 0003 0036 000042dd
[   16984.166338] /dev/input/event1: 0000 0000 00000000
[   16984.173800] /dev/input/event1: 0003 0036 00004210
[   16984.173800] /dev/input/event1: 0000 0000 00000000
[   16984.182038] /dev/input/event1: 0003 0035 00004d27
[   16984.182038] /dev/input/event1: 0003 0036 00004165
[   16984.182038] /dev/input/event1: 0000 0000 00000000
[   16984.188661] /dev/input/event1: 0003 0035 00004d82
[   16984.188661] /dev/input/event1: 0003 0036 000040cc
[   16984.188661] /dev/input/event1: 0000 0000 00000000
[   16984.195663] /dev/input/event1: 0003 0035 00004ddd
[   16984.195663] /dev/input/event1: 0003 0036 00004032
[   16984.195663] /dev/input/event1: 0000 0000 00000000
[   16984.204453] /dev/input/event1: 0003 0036 00003fbb
[   16984.204453] /dev/input/event1: 0000 0000 00000000
[   16984.214442] /dev/input/event1: 0003 0035 00004e38
[   16984.214442] /dev/input/event1: 0003 0036 00003f54
[   16984.214442] /dev/input/event1: 0000 0000 00000000
[   16984.221221] /dev/input/event1: 0003 0035 00004e93
[   16984.221221] /dev/input/event1: 0003 0036 00003eee
[   16984.221221] /dev/input/event1: 0000 0000 00000000
[   16984.232303] /dev/input/event1: 0003 0035 00004eee
[   16984.232303] /dev/input/event1: 0003 0036 00003e43
[   16984.232303] /dev/input/event1: 0000 0000 00000000
[   16984.235575] /dev/input/event1: 0003 0036 00003ddd
[   16984.235575] /dev/input/event1: 0000 0000 00000000
[   16984.241493] /dev/input/event1: 0003 0036 00003d76
[   16984.241493] /dev/input/event1: 0000 0000 00000000
[   16984.250964] /dev/input/event1: 0003 0036 00003d43
[   16984.250964] /dev/input/event1: 0000 0000 00000000
[   16984.257446] /dev/input/event1: 0003 0035 00004f49
[   16984.257446] /dev/input/event1: 0003 0036 00003cdd
[   16984.257446] /dev/input/event1: 0000 0000 00000000
[   16984.266647] /dev/input/event1: 0003 0035 00004fc2
[   16984.266647] /dev/input/event1: 0000 0000 00000000
[   16984.273343] /dev/input/event1: 0003 0036 00003c99
[   16984.273343] /dev/input/event1: 0000 0000 00000000
[   16984.298085] /dev/input/event1: 0003 0036 00003c65
[   16984.298085] /dev/input/event1: 0000 0000 00000000
[   16984.327432] /dev/input/event1: 0003 0036 00003c32
[   16984.327432] /dev/input/event1: 0000 0000 00000000
[   16984.335457] /dev/input/event1: 0003 0036 00003bff
[   16984.335457] /dev/input/event1: 0000 0000 00000000
[   16984.360536] /dev/input/event1: 0003 0036 00003bcc
[   16984.360536] /dev/input/event1: 0000 0000 00000000
[   16984.606492] /dev/input/event1: 0003 003a 00000000
[   16984.606492] /dev/input/event1: 0003 0039 ffffffff
[   16984.606492] /dev/input/event1: 0000 0000 00000000
[   16987.970668] /dev/input/event1: 0003 0039 00000000
[   16987.970668] /dev/input/event1: 0003 0030 00000103
[   16987.970668] /dev/input/event1: 0003 003a 00000081
[   16987.970668] /dev/input/event1: 0003 0035 0000297a
[   16987.970668] /dev/input/event1: 0003 0036 00006d32
[   16987.970668] /dev/input/event1: 0000 0000 00000000
[   16988.077901] /dev/input/event1: 0003 003a 00000000
[   16988.077901] /dev/input/event1: 0003 0039 ffffffff
[   16988.077901] /dev/input/event1: 0000 0000 00000000
[   16992.303691] /dev/input/event1: 0003 0039 00000000
[   16992.303691] /dev/input/event1: 0003 0030 00000104
[   16992.303691] /dev/input/event1: 0003 003a 00000081
[   16992.303691] /dev/input/event1: 0003 0035 0000373a
[   16992.303691] /dev/input/event1: 0003 0036 00007265
[   16992.303691] /dev/input/event1: 0000 0000 00000000
[   16992.425894] /dev/input/event1: 0003 003a 00000000
[   16992.425894] /dev/input/event1: 0003 0039 ffffffff
[   16992.425894] /dev/input/event1: 0000 0000 00000000