add device 1: /dev/input/event0
  name:     "Power Button"
add device 2: /dev/input/event1
  name:     "qwerty2"
[     995.740970] /dev/input/event1: 0003 0039 00000000
[     995.740970] /dev/input/event1: 0003 0030 00000027
[     995.740970] /dev/input/event1: 0003 003a 00000081
[     995.740970] /dev/input/event1: 0003 0035 00005f67
[     995.740970] /dev/input/event1: 0003 0036 00007321
[     995.740970] /dev/input/event1: 0000 0000 00000000
[     995.830818] /dev/input/event1: 0003 003a 00000000
[     995.830818] /dev/input/event1: 0003 0039 ffffffff
[     995.830818] /dev/input/event1: 0000 0000 00000000
[     998.833828] /dev/input/event1: 0003 0039 00000000
[     998.833828] /dev/input/event1: 0003 0030 00000028
[     998.833828] /dev/input/event1: 0003 003a 00000081
[     998.833828] /dev/input/event1: 0003 0035 00005480
[     998.833828] /dev/input/event1: 0003 0036 000031aa
[     998.833828] /dev/input/event1: 0000 0000 00000000
[     998.911868] /dev/input/event1: 0003 003a 00000000
[     998.911868] /dev/input/event1: 0003 0039 ffffffff
[     998.911868] /dev/input/event1: 0000 0000 00000000
[    1001.298456] /dev/input/event1: 0003 0039 00000000
[    1001.298456] /dev/input/event1: 0003 0030 00000029
[    1001.298456] /dev/input/event1: 0003 003a 00000081
[    1001.298456] /dev/input/event1: 0003 0035 000060b5
[    1001.298456] /dev/input/event1: 0003 0036 00007465
[    1001.298456] /dev/input/event1: 0000 0000 00000000
[    1001.365034] /dev/input/event1: 0003 003a 00000000
[    1001.365034] /dev/input/event1: 0003 0039 ffffffff
[    1001.365034] /dev/input/event1: 0000 0000 00000000
[    1003.141500] /dev/input/event1: 0003 0039 00000000
[    1003.141500] /dev/input/event1: 0003 0030 0000002a
[    1003.141500] /dev/input/event1: 0003 003a 00000081
[    1003.141500] /dev/input/event1: 0003 0035 00004f2a
[    1003.141500] /dev/input/event1: 0003 0036 00002021
[    1003.141500] /dev/input/event1: 0000 0000 00000000
[    1003.208751] /dev/input/event1: 0003 003a 00000000
[    1003.208751] /dev/input/event1: 0003 0039 ffffffff
[    1003.208751] /dev/input/event1: 0000 0000 00000000
[    1005.370103] /dev/input/event1: 0003 0039 00000000
[    1005.370103] /dev/input/event1: 0003 0030 0000002b
[    1005.370103] /dev/input/event1: 0003 003a 00000081
[    1005.370103] /dev/input/event1: 0003 0035 00005f67
[    1005.370103] /dev/input/event1: 0003 0036 000072a9
[    1005.370103] /dev/input/event1: 0000 0000 00000000
[    1005.448304] /dev/input/event1: 0003 003a 00000000
[    1005.448304] /dev/input/event1: 0003 0039 ffffffff
[    1005.448304] /dev/input/event1: 0000 0000 00000000
[    1007.281924] /dev/input/event1: 0003 0039 00000000
[    1007.281924] /dev/input/event1: 0003 0030 0000002c
[    1007.281924] /dev/input/event1: 0003 003a 00000081
[    1007.281924] /dev/input/event1: 0003 0035 000067d1
[    1007.281924] /dev/input/event1: 0003 0036 00002a43
[    1007.281924] /dev/input/event1: 0000 0000 00000000
[    1007.348461] /dev/input/event1: 0003 003a 00000000
[    1007.348461] /dev/input/event1: 0003 0039 ffffffff
[    1007.348461] /dev/input/event1: 0000 0000 00000000
[    1009.734795] /dev/input/event1: 0003 0039 00000000
[    1009.734795] /dev/input/event1: 0003 0030 0000002d
[    1009.734795] /dev/input/event1: 0003 003a 00000081
[    1009.734795] /dev/input/event1: 0003 0035 00005f67
[    1009.734795] /dev/input/event1: 0003 0036 000073cb
[    1009.734795] /dev/input/event1: 0000 0000 00000000
[    1009.836076] /dev/input/event1: 0003 003a 00000000
[    1009.836076] /dev/input/event1: 0003 0039 ffffffff
[    1009.836076] /dev/input/event1: 0000 0000 00000000
[    1010.848318] /dev/input/event1: 0003 0039 00000000
[    1010.848318] /dev/input/event1: 0003 0030 0000002e
[    1010.848318] /dev/input/event1: 0003 003a 00000081
[    1010.848318] /dev/input/event1: 0003 0036 00007321
[    1010.848318] /dev/input/event1: 0000 0000 00000000
[    1010.972854] /dev/input/event1: 0003 003a 00000000
[    1010.972854] /dev/input/event1: 0003 0039 ffffffff
[    1010.972854] /dev/input/event1: 0000 0000 00000000
[    1012.299415] /dev/input/event1: 0003 0039 00000000
[    1012.299415] /dev/input/event1: 0003 0030 0000002f
[    1012.299415] /dev/input/event1: 0003 003a 00000081
[    1012.299415] /dev/input/event1: 0003 0035 00005cad
[    1012.299415] /dev/input/event1: 0003 0036 000048aa
[    1012.299415] /dev/input/event1: 0000 0000 00000000
[    1012.389981] /dev/input/event1: 0003 003a 00000000
[    1012.389981] /dev/input/event1: 0003 0039 ffffffff
[    1012.389981] /dev/input/event1: 0000 0000 00000000
[    1023.314033] /dev/input/event1: 0003 0039 00000000
[    1023.314033] /dev/input/event1: 0003 0030 00000030
[    1023.314033] /dev/input/event1: 0003 003a 00000081
[    1023.314033] /dev/input/event1: 0003 0035 00007998
[    1023.314033] /dev/input/event1: 0003 0036 000047aa
[    1023.314033] /dev/input/event1: 0000 0000 00000000
[    1023.415497] /dev/input/event1: 0003 003a 00000000
[    1023.415497] /dev/input/event1: 0003 0039 ffffffff
[    1023.415497] /dev/input/event1: 0000 0000 00000000
[    1025.597566] /dev/input/event1: 0003 0039 00000000
[    1025.597566] /dev/input/event1: 0003 0030 00000031
[    1025.597566] /dev/input/event1: 0003 003a 00000081
[    1025.597566] /dev/input/event1: 0003 0035 000077d1
[    1025.597566] /dev/input/event1: 0003 0036 000055a9
[    1025.597566] /dev/input/event1: 0000 0000 00000000
[    1025.720578] /dev/input/event1: 0003 003a 00000000
[    1025.720578] /dev/input/event1: 0003 0039 ffffffff
[    1025.720578] /dev/input/event1: 0000 0000 00000000
[    1033.067916] /dev/input/event1: 0003 0039 00000000
[    1033.067916] /dev/input/event1: 0003 0030 00000032
[    1033.067916] /dev/input/event1: 0003 003a 00000081
[    1033.067916] /dev/input/event1: 0003 0035 0000095c
[    1033.067916] /dev/input/event1: 0003 0036 000008cc
[    1033.067916] /dev/input/event1: 0000 0000 00000000
[    1033.189824] /dev/input/event1: 0003 003a 00000000
[    1033.189824] /dev/input/event1: 0003 0039 ffffffff
[    1033.189824] /dev/input/event1: 0000 0000 00000000
[    1036.206035] /dev/input/event1: 0003 0039 00000000
[    1036.206035] /dev/input/event1: 0003 0030 00000033
[    1036.206035] /dev/input/event1: 0003 003a 00000081
[    1036.206035] /dev/input/event1: 0003 0035 00001e38
[    1036.206035] /dev/input/event1: 0003 0036 00002dff
[    1036.206035] /dev/input/event1: 0000 0000 00000000
[    1036.318895] /dev/input/event1: 0003 003a 00000000
[    1036.318895] /dev/input/event1: 0003 0039 ffffffff
[    1036.318895] /dev/input/event1: 0000 0000 00000000
[    1043.564767] /dev/input/event1: 0003 0039 00000000
[    1043.564767] /dev/input/event1: 0003 0030 00000034
[    1043.564767] /dev/input/event1: 0003 003a 00000081
[    1043.564767] /dev/input/event1: 0003 0035 00003da0
[    1043.564767] /dev/input/event1: 0003 0036 000011ff
[    1043.564767] /dev/input/event1: 0000 0000 00000000
[    1043.676521] /dev/input/event1: 0003 003a 00000000
[    1043.676521] /dev/input/event1: 0003 0039 ffffffff
[    1043.676521] /dev/input/event1: 0000 0000 00000000
[    1045.296760] /dev/input/event1: 0003 0039 00000000
[    1045.296760] /dev/input/event1: 0003 0030 00000035
[    1045.296760] /dev/input/event1: 0003 003a 00000081
[    1045.296760] /dev/input/event1: 0003 0035 00006794
[    1045.296760] /dev/input/event1: 0003 0036 00001388
[    1045.296760] /dev/input/event1: 0000 0000 00000000
[    1045.430679] /dev/input/event1: 0003 003a 00000000
[    1045.430679] /dev/input/event1: 0003 0039 ffffffff
[    1045.430679] /dev/input/event1: 0000 0000 00000000
[    1045.464354] /dev/input/event1: 0003 0039 00000000
[    1045.464354] /dev/input/event1: 0003 0030 00000036
[    1045.464354] /dev/input/event1: 0003 003a 00000081
[    1045.464354] /dev/input/event1: 0000 0000 00000000
[    1045.581364] /dev/input/event1: 0003 003a 00000000
[    1045.581364] /dev/input/event1: 0003 0039 ffffffff
[    1045.581364] /dev/input/event1: 0000 0000 00000000