add device 1: /dev/input/event0
  name:     "Power Button"
add device 2: /dev/input/event1
  name:     "qwerty2"
[   72988.154542] /dev/input/event1: 0003 0039 00000000
[   72988.154542] /dev/input/event1: 0003 0030 0000036c
[   72988.154542] /dev/input/event1: 0003 003a 00000081
[   72988.154542] /dev/input/event1: 0003 0035 00005eee
[   72988.154542] /dev/input/event1: 0003 0036 00007365
[   72988.154542] /dev/input/event1: 0000 0000 00000000
[   72988.243423] /dev/input/event1: 0003 003a 00000000
[   72988.243423] /dev/input/event1: 0003 0039 ffffffff
[   72988.243423] /dev/input/event1: 0000 0000 00000000
[   72990.965846] /dev/input/event1: 0003 0039 00000000
[   72990.965846] /dev/input/event1: 0003 0030 0000036d
[   72990.965846] /dev/input/event1: 0003 003a 00000081
[   72990.965846] /dev/input/event1: 0003 0035 00006ddd
[   72990.965846] /dev/input/event1: 0003 0036 000020aa
[   72990.965846] /dev/input/event1: 0000 0000 00000000
[   72991.078783] /dev/input/event1: 0003 003a 00000000
[   72991.078783] /dev/input/event1: 0003 0039 ffffffff
[   72991.078783] /dev/input/event1: 0000 0000 00000000
[   72993.936302] /dev/input/event1: 0003 0039 00000000
[   72993.936302] /dev/input/event1: 0003 0030 0000036e
[   72993.936302] /dev/input/event1: 0003 003a 00000081
[   72993.936302] /dev/input/event1: 0003 0035 00006332
[   72993.936302] /dev/input/event1: 0003 0036 00007443
[   72993.936302] /dev/input/event1: 0000 0000 00000000
[   72994.048385] /dev/input/event1: 0003 003a 00000000
[   72994.048385] /dev/input/event1: 0003 0039 ffffffff
[   72994.048385] /dev/input/event1: 0000 0000 00000000
[   72996.805102] /dev/input/event1: 0003 0039 00000000
[   72996.805102] /dev/input/event1: 0003 0030 0000036f
[   72996.805102] /dev/input/event1: 0003 003a 00000081
[   72996.805102] /dev/input/event1: 0003 0035 00006e74
[   72996.805102] /dev/input/event1: 0003 0036 00003188
[   72996.805102] /dev/input/event1: 0000 0000 00000000
[   72996.906304] /dev/input/event1: 0003 003a 00000000
[   72996.906304] /dev/input/event1: 0003 0039 ffffffff
[   72996.906304] /dev/input/event1: 0000 0000 00000000
[   72999.472089] /dev/input/event1: 0003 0039 00000000
[   72999.472089] /dev/input/event1: 0003 0030 00000370
[   72999.472089] /dev/input/event1: 0003 003a 00000081
[   72999.472089] /dev/input/event1: 0003 0035 000060f1
[   72999.472089] /dev/input/event1: 0003 0036 00007387
[   72999.472089] /dev/input/event1: 0000 0000 00000000
[   72999.571841] /dev/input/event1: 0003 003a 00000000
[   72999.571841] /dev/input/event1: 0003 0039 ffffffff
[   72999.571841] /dev/input/event1: 0000 0000 00000000
[   73001.472040] /dev/input/event1: 0003 0039 00000000
[   73001.472040] /dev/input/event1: 0003 0030 00000371
[   73001.472040] /dev/input/event1: 0003 003a 00000081
[   73001.472040] /dev/input/event1: 0003 0035 00006eb1
[   73001.472040] /dev/input/event1: 0003 0036 00002144
[   73001.472040] /dev/input/event1: 0000 0000 00000000
[   73001.539639] /dev/input/event1: 0003 003a 00000000
[   73001.539639] /dev/input/event1: 0003 0039 ffffffff
[   73001.539639] /dev/input/event1: 0000 0000 00000000
[   73004.612466] /dev/input/event1: 0003 0039 00000000
[   73004.612466] /dev/input/event1: 0003 0030 00000372
[   73004.612466] /dev/input/event1: 0003 003a 00000081
[   73004.612466] /dev/input/event1: 0003 0035 00005d63
[   73004.612466] /dev/input/event1: 0003 0036 00007387
[   73004.612466] /dev/input/event1: 0000 0000 00000000
[   73004.679214] /dev/input/event1: 0003 003a 00000000
[   73004.679214] /dev/input/event1: 0003 0039 ffffffff
[   73004.679214] /dev/input/event1: 0000 0000 00000000
[   73006.197841] /dev/input/event1: 0003 0039 00000000
[   73006.197841] /dev/input/event1: 0003 0030 00000373
[   73006.197841] /dev/input/event1: 0003 003a 00000081
[   73006.197841] /dev/input/event1: 0003 0035 00005da0
[   73006.197841] /dev/input/event1: 0000 0000 00000000
[   73006.300952] /dev/input/event1: 0003 003a 00000000
[   73006.300952] /dev/input/event1: 0003 0039 ffffffff
[   73006.300952] /dev/input/event1: 0000 0000 00000000
[   73008.910610] /dev/input/event1: 0003 0039 00000000
[   73008.910610] /dev/input/event1: 0003 0030 00000374
[   73008.910610] /dev/input/event1: 0003 003a 00000081
[   73008.910610] /dev/input/event1: 0003 0035 00005d63
[   73008.910610] /dev/input/event1: 0003 0036 000047ff
[   73008.910610] /dev/input/event1: 0000 0000 00000000
[   73008.999194] /dev/input/event1: 0003 003a 00000000
[   73008.999194] /dev/input/event1: 0003 0039 ffffffff
[   73008.999194] /dev/input/event1: 0000 0000 00000000
[   73011.014248] /dev/input/event1: 0003 0039 00000000
[   73011.014248] /dev/input/event1: 0003 0030 00000375
[   73011.014248] /dev/input/event1: 0003 003a 00000081
[   73011.014248] /dev/input/event1: 0003 0035 00006c15
[   73011.014248] /dev/input/event1: 0003 0036 00004f43
[   73011.014248] /dev/input/event1: 0000 0000 00000000
[   73011.125403] /dev/input/event1: 0003 003a 00000000
[   73011.125403] /dev/input/event1: 0003 0039 ffffffff
[   73011.125403] /dev/input/event1: 0000 0000 00000000
[   73015.176963] /dev/input/event1: 0003 0039 00000000
[   73015.176963] /dev/input/event1: 0003 0030 00000376
[   73015.176963] /dev/input/event1: 0003 003a 00000081
[   73015.176963] /dev/input/event1: 0003 0035 0000712e
[   73015.176963] /dev/input/event1: 0003 0036 00006f65
[   73015.176963] /dev/input/event1: 0000 0000 00000000
[   73015.278210] /dev/input/event1: 0003 003a 00000000
[   73015.278210] /dev/input/event1: 0003 0039 ffffffff
[   73015.278210] /dev/input/event1: 0000 0000 00000000
[   73018.539851] /dev/input/event1: 0003 0039 00000000
[   73018.539851] /dev/input/event1: 0003 0030 00000377
[   73018.539851] /dev/input/event1: 0003 003a 00000081
[   73018.539851] /dev/input/event1: 0003 0035 00001a12
[   73018.539851] /dev/input/event1: 0003 0036 00005acc
[   73018.539851] /dev/input/event1: 0000 0000 00000000
[   73018.628526] /dev/input/event1: 0003 003a 00000000
[   73018.628526] /dev/input/event1: 0003 0039 ffffffff
[   73018.628526] /dev/input/event1: 0000 0000 00000000
[   73019.857215] /dev/input/event1: 0003 0039 00000000
[   73019.857215] /dev/input/event1: 0003 0030 00000378
[   73019.857215] /dev/input/event1: 0003 003a 00000081
[   73019.857215] /dev/input/event1: 0003 0035 000015ce
[   73019.857215] /dev/input/event1: 0003 0036 000050aa
[   73019.857215] /dev/input/event1: 0000 0000 00000000
[   73019.955651] /dev/input/event1: 0003 003a 00000000
[   73019.955651] /dev/input/event1: 0003 0039 ffffffff
[   73019.955651] /dev/input/event1: 0000 0000 00000000
[   73022.084066] /dev/input/event1: 0003 0039 00000000
[   73022.084066] /dev/input/event1: 0003 0030 00000379
[   73022.084066] /dev/input/event1: 0003 003a 00000081
[   73022.084066] /dev/input/event1: 0003 0035 00005f2a
[   73022.084066] /dev/input/event1: 0003 0036 00004fff
[   73022.084066] /dev/input/event1: 0000 0000 00000000
[   73022.196530] /dev/input/event1: 0003 003a 00000000
[   73022.196530] /dev/input/event1: 0003 0039 ffffffff
[   73022.196530] /dev/input/event1: 0000 0000 00000000
[   73023.636281] /dev/input/event1: 0003 0039 00000000
[   73023.636281] /dev/input/event1: 0003 0030 0000037a
[   73023.636281] /dev/input/event1: 0003 003a 00000081
[   73023.636281] /dev/input/event1: 0003 0035 00001999
[   73023.636281] /dev/input/event1: 0003 0036 00005b43
[   73023.636281] /dev/input/event1: 0000 0000 00000000
[   73023.724512] /dev/input/event1: 0003 003a 00000000
[   73023.724512] /dev/input/event1: 0003 0039 ffffffff
[   73023.724512] /dev/input/event1: 0000 0000 00000000
[   73024.705154] /dev/input/event1: 0003 0039 00000000
[   73024.705154] /dev/input/event1: 0003 0030 0000037b
[   73024.705154] /dev/input/event1: 0003 003a 00000081
[   73024.705154] /dev/input/event1: 0000 0000 00000000
[   73024.817714] /dev/input/event1: 0003 003a 00000000
[   73024.817714] /dev/input/event1: 0003 0039 ffffffff
[   73024.817714] /dev/input/event1: 0000 0000 00000000
[   73029.936820] /dev/input/event1: 0003 0039 00000000
[   73029.936820] /dev/input/event1: 0003 0030 0000037c
[   73029.936820] /dev/input/event1: 0003 003a 00000081
[   73029.936820] /dev/input/event1: 0003 0035 0000760a
[   73029.936820] /dev/input/event1: 0003 0036 00003121
[   73029.936820] /dev/input/event1: 0000 0000 00000000
[   73030.038081] /dev/input/event1: 0003 003a 00000000
[   73030.038081] /dev/input/event1: 0003 0039 ffffffff
[   73030.038081] /dev/input/event1: 0000 0000 00000000
[   73032.083989] /dev/input/event1: 0003 0039 00000000
[   73032.083989] /dev/input/event1: 0003 0030 0000037d
[   73032.083989] /dev/input/event1: 0003 003a 00000081
[   73032.083989] /dev/input/event1: 0003 0035 0000260b
[   73032.083989] /dev/input/event1: 0003 0036 000032cc
[   73032.083989] /dev/input/event1: 0000 0000 00000000
[   73032.162796] /dev/input/event1: 0003 003a 00000000
[   73032.162796] /dev/input/event1: 0003 0039 ffffffff
[   73032.162796] /dev/input/event1: 0000 0000 00000000
[   73034.414239] /dev/input/event1: 0003 0039 00000000
[   73034.414239] /dev/input/event1: 0003 0030 0000037e
[   73034.414239] /dev/input/event1: 0003 003a 00000081
[   73034.414239] /dev/input/event1: 0003 0035 00000b9d
[   73034.414239] /dev/input/event1: 0003 0036 000031cc
[   73034.414239] /dev/input/event1: 0000 0000 00000000
[   73034.548516] /dev/input/event1: 0003 003a 00000000
[   73034.548516] /dev/input/event1: 0003 0039 ffffffff
[   73034.548516] /dev/input/event1: 0000 0000 00000000
[   73040.431615] /dev/input/event1: 0003 0039 00000000
[   73040.431615] /dev/input/event1: 0003 0030 0000037f
[   73040.431615] /dev/input/event1: 0003 003a 00000081
[   73040.431615] /dev/input/event1: 0003 0035 00003b23
[   73040.431615] /dev/input/event1: 0003 0036 000036ff
[   73040.431615] /dev/input/event1: 0000 0000 00000000
[   73040.532983] /dev/input/event1: 0003 003a 00000000
[   73040.532983] /dev/input/event1: 0003 0039 ffffffff
[   73040.532983] /dev/input/event1: 0000 0000 00000000
[   73047.284541] /dev/input/event1: 0003 0039 00000000
[   73047.284541] /dev/input/event1: 0003 0030 00000380
[   73047.284541] /dev/input/event1: 0003 003a 00000081
[   73047.284541] /dev/input/event1: 0003 0035 000034bd
[   73047.284541] /dev/input/event1: 0003 0036 00003e88
[   73047.284541] /dev/input/event1: 0000 0000 00000000
[   73047.395484] /dev/input/event1: 0003 003a 00000000
[   73047.395484] /dev/input/event1: 0003 0039 ffffffff
[   73047.395484] /dev/input/event1: 0000 0000 00000000
[   73050.635798] /dev/input/event1: 0003 0039 00000000
[   73050.635798] /dev/input/event1: 0003 0030 00000381
[   73050.635798] /dev/input/event1: 0003 003a 00000081
[   73050.635798] /dev/input/event1: 0003 0035 000008e3
[   73050.635798] /dev/input/event1: 0003 0036 00006621
[   73050.635798] /dev/input/event1: 0000 0000 00000000
[   73050.737401] /dev/input/event1: 0003 003a 00000000
[   73050.737401] /dev/input/event1: 0003 0039 ffffffff
[   73050.737401] /dev/input/event1: 0000 0000 00000000
[   73052.233641] /dev/input/event1: 0003 0039 00000000
[   73052.233641] /dev/input/event1: 0003 0030 00000382
[   73052.233641] /dev/input/event1: 0003 003a 00000081
[   73052.233641] /dev/input/event1: 0003 0035 0000727c
[   73052.233641] /dev/input/event1: 0003 0036 00005b43
[   73052.233641] /dev/input/event1: 0000 0000 00000000
[   73052.311215] /dev/input/event1: 0003 003a 00000000
[   73052.311215] /dev/input/event1: 0003 0039 ffffffff
[   73052.311215] /dev/input/event1: 0000 0000 00000000
[   73053.640130] /dev/input/event1: 0003 0039 00000000
[   73053.640130] /dev/input/event1: 0003 0030 00000383
[   73053.640130] /dev/input/event1: 0003 003a 00000081
[   73053.640130] /dev/input/event1: 0003 0035 00000da1
[   73053.640130] /dev/input/event1: 0003 0036 00005bcc
[   73053.640130] /dev/input/event1: 0000 0000 00000000
[   73053.705631] /dev/input/event1: 0003 003a 00000000
[   73053.705631] /dev/input/event1: 0003 0039 ffffffff
[   73053.705631] /dev/input/event1: 0000 0000 00000000
[   73054.810474] /dev/input/event1: 0003 0039 00000000
[   73054.810474] /dev/input/event1: 0003 0030 00000384
[   73054.810474] /dev/input/event1: 0003 003a 00000081
[   73054.810474] /dev/input/event1: 0003 0035 000052f5
[   73054.810474] /dev/input/event1: 0003 0036 00005065
[   73054.810474] /dev/input/event1: 0000 0000 00000000
[   73054.898025] /dev/input/event1: 0003 003a 00000000
[   73054.898025] /dev/input/event1: 0003 0039 ffffffff
[   73054.898025] /dev/input/event1: 0000 0000 00000000
[   73056.059384] /dev/input/event1: 0003 0039 00000000
[   73056.059384] /dev/input/event1: 0003 0030 00000385
[   73056.059384] /dev/input/event1: 0003 003a 00000081
[   73056.059384] /dev/input/event1: 0003 0035 00005998
[   73056.059384] /dev/input/event1: 0003 0036 000065cc
[   73056.059384] /dev/input/event1: 0000 0000 00000000
[   73056.124443] /dev/input/event1: 0003 003a 00000000
[   73056.124443] /dev/input/event1: 0003 0039 ffffffff
[   73056.124443] /dev/input/event1: 0000 0000 00000000
[   73057.263042] /dev/input/event1: 0003 0039 00000000
[   73057.263042] /dev/input/event1: 0003 0030 00000386
[   73057.263042] /dev/input/event1: 0003 003a 00000081
[   73057.263042] /dev/input/event1: 0003 0035 00002480
[   73057.263042] /dev/input/event1: 0003 0036 00005ba9
[   73057.263042] /dev/input/event1: 0000 0000 00000000
[   73057.339408] /dev/input/event1: 0003 003a 00000000
[   73057.339408] /dev/input/event1: 0003 0039 ffffffff
[   73057.339408] /dev/input/event1: 0000 0000 00000000
[   73058.420340] /dev/input/event1: 0003 0039 00000000
[   73058.420340] /dev/input/event1: 0003 0030 00000387
[   73058.420340] /dev/input/event1: 0003 003a 00000081
[   73058.420340] /dev/input/event1: 0003 0035 00001fff
[   73058.420340] /dev/input/event1: 0003 0036 000051ff
[   73058.420340] /dev/input/event1: 0000 0000 00000000
[   73058.497853] /dev/input/event1: 0003 003a 00000000
[   73058.497853] /dev/input/event1: 0003 0039 ffffffff
[   73058.497853] /dev/input/event1: 0000 0000 00000000
[   73059.670283] /dev/input/event1: 0003 0039 00000000
[   73059.670283] /dev/input/event1: 0003 0030 00000388
[   73059.670283] /dev/input/event1: 0003 003a 00000081
[   73059.670283] /dev/input/event1: 0003 0035 00002da0
[   73059.670283] /dev/input/event1: 0003 0036 00005165
[   73059.670283] /dev/input/event1: 0000 0000 00000000
[   73059.792973] /dev/input/event1: 0003 003a 00000000
[   73059.792973] /dev/input/event1: 0003 0039 ffffffff
[   73059.792973] /dev/input/event1: 0000 0000 00000000
[   73062.020788] /dev/input/event1: 0003 0039 00000000
[   73062.020788] /dev/input/event1: 0003 0030 00000389
[   73062.020788] /dev/input/event1: 0003 003a 00000081
[   73062.020788] /dev/input/event1: 0003 0035 0000691f
[   73062.020788] /dev/input/event1: 0003 0036 00003988
[   73062.020788] /dev/input/event1: 0000 0000 00000000
[   73062.481791] /dev/input/event1: 0003 0036 00003965
[   73062.481791] /dev/input/event1: 0000 0000 00000000
[   73062.493695] /dev/input/event1: 0003 0036 00003943
[   73062.493695] /dev/input/event1: 0000 0000 00000000
[   73062.503609] /dev/input/event1: 0003 0036 00003921
[   73062.503609] /dev/input/event1: 0000 0000 00000000
[   73062.514893] /dev/input/event1: 0003 0036 000038ff
[   73062.514893] /dev/input/event1: 0000 0000 00000000
[   73062.525426] /dev/input/event1: 0003 0036 000038cc
[   73062.525426] /dev/input/event1: 0000 0000 00000000
[   73062.537753] /dev/input/event1: 0003 0036 000038aa
[   73062.537753] /dev/input/event1: 0000 0000 00000000
[   73062.547780] /dev/input/event1: 0003 0036 00003888
[   73062.547780] /dev/input/event1: 0000 0000 00000000
[   73062.559277] /dev/input/event1: 0003 0036 00003865
[   73062.559277] /dev/input/event1: 0000 0000 00000000
[   73062.570532] /dev/input/event1: 0003 0036 00003821
[   73062.570532] /dev/input/event1: 0000 0000 00000000
[   73062.581507] /dev/input/event1: 0003 0036 000037cc
[   73062.581507] /dev/input/event1: 0000 0000 00000000
[   73062.592631] /dev/input/event1: 0003 0036 00003788
[   73062.592631] /dev/input/event1: 0000 0000 00000000
[   73062.604036] /dev/input/event1: 0003 0036 00003721
[   73062.604036] /dev/input/event1: 0000 0000 00000000
[   73062.615373] /dev/input/event1: 0003 0036 000036aa
[   73062.615373] /dev/input/event1: 0000 0000 00000000
[   73062.626773] /dev/input/event1: 0003 0036 00003643
[   73062.626773] /dev/input/event1: 0000 0000 00000000
[   73062.637663] /dev/input/event1: 0003 0036 000035cc
[   73062.637663] /dev/input/event1: 0000 0000 00000000
[   73062.649797] /dev/input/event1: 0003 0036 00003565
[   73062.649797] /dev/input/event1: 0000 0000 00000000
[   73062.660519] /dev/input/event1: 0003 0036 000034ff
[   73062.660519] /dev/input/event1: 0000 0000 00000000
[   73062.671608] /dev/input/event1: 0003 0036 000034aa
[   73062.671608] /dev/input/event1: 0000 0000 00000000
[   73062.682669] /dev/input/event1: 0003 0036 00003465
[   73062.682669] /dev/input/event1: 0000 0000 00000000
[   73062.694767] /dev/input/event1: 0003 0036 00003421
[   73062.694767] /dev/input/event1: 0000 0000 00000000
[   73062.705152] /dev/input/event1: 0003 0036 000033ff
[   73062.705152] /dev/input/event1: 0000 0000 00000000
[   73062.717957] /dev/input/event1: 0003 0036 000033cc
[   73062.717957] /dev/input/event1: 0000 0000 00000000
[   73062.727619] /dev/input/event1: 0003 0036 000033aa
[   73062.727619] /dev/input/event1: 0000 0000 00000000
[   73062.739196] /dev/input/event1: 0003 0036 00003388
[   73062.739196] /dev/input/event1: 0000 0000 00000000
[   73062.761559] /dev/input/event1: 0003 0036 00003365
[   73062.761559] /dev/input/event1: 0000 0000 00000000
[   73062.784621] /dev/input/event1: 0003 0036 00003343
[   73062.784621] /dev/input/event1: 0000 0000 00000000
[   73062.806443] /dev/input/event1: 0003 0036 00003321
[   73062.806443] /dev/input/event1: 0000 0000 00000000
[   73062.862935] /dev/input/event1: 0003 0036 000032ff
[   73062.862935] /dev/input/event1: 0000 0000 00000000
[   73062.885099] /dev/input/event1: 0003 0036 000032cc
[   73062.885099] /dev/input/event1: 0000 0000 00000000
[   73062.896633] /dev/input/event1: 0003 0036 000032aa
[   73062.896633] /dev/input/event1: 0000 0000 00000000
[   73062.907994] /dev/input/event1: 0003 0036 00003288
[   73062.907994] /dev/input/event1: 0000 0000 00000000
[   73062.919031] /dev/input/event1: 0003 0036 00003221
[   73062.919031] /dev/input/event1: 0000 0000 00000000
[   73062.930769] /dev/input/event1: 0003 0036 000031aa
[   73062.930769] /dev/input/event1: 0000 0000 00000000
[   73062.941434] /dev/input/event1: 0003 0036 00003121
[   73062.941434] /dev/input/event1: 0000 0000 00000000
[   73062.952639] /dev/input/event1: 0003 0036 000030aa
[   73062.952639] /dev/input/event1: 0000 0000 00000000
[   73062.964290] /dev/input/event1: 0003 0036 00002fff
[   73062.964290] /dev/input/event1: 0000 0000 00000000
[   73062.975286] /dev/input/event1: 0003 0035 000068e2
[   73062.975286] /dev/input/event1: 0003 0036 00002eff
[   73062.975286] /dev/input/event1: 0000 0000 00000000
[   73062.986754] /dev/input/event1: 0003 0036 00002e43
[   73062.986754] /dev/input/event1: 0000 0000 00000000
[   73062.997855] /dev/input/event1: 0003 0036 00002d66
[   73062.997855] /dev/input/event1: 0000 0000 00000000
[   73063.009026] /dev/input/event1: 0003 0036 00002c88
[   73063.009026] /dev/input/event1: 0000 0000 00000000
[   73063.020472] /dev/input/event1: 0003 0036 00002bcc
[   73063.020472] /dev/input/event1: 0000 0000 00000000
[   73063.031872] /dev/input/event1: 0003 0036 00002b66
[   73063.031872] /dev/input/event1: 0000 0000 00000000
[   73063.042707] /dev/input/event1: 0003 0036 00002aff
[   73063.042707] /dev/input/event1: 0000 0000 00000000
[   73063.053894] /dev/input/event1: 0003 0036 00002a88
[   73063.053894] /dev/input/event1: 0000 0000 00000000
[   73063.067412] /dev/input/event1: 0003 0036 00002a43
[   73063.067412] /dev/input/event1: 0000 0000 00000000
[   73063.076756] /dev/input/event1: 0003 0035 00006887
[   73063.076756] /dev/input/event1: 0003 0036 00002a21
[   73063.076756] /dev/input/event1: 0000 0000 00000000
[   73063.087696] /dev/input/event1: 0003 0036 000029cc
[   73063.087696] /dev/input/event1: 0000 0000 00000000
[   73063.110100] /dev/input/event1: 0003 0036 000029aa
[   73063.110100] /dev/input/event1: 0000 0000 00000000
[   73063.132892] /dev/input/event1: 0003 0036 00002988
[   73063.132892] /dev/input/event1: 0000 0000 00000000
[   73063.177808] /dev/input/event1: 0003 0036 00002966
[   73063.177808] /dev/input/event1: 0000 0000 00000000
[   73063.200952] /dev/input/event1: 0003 0036 00002943
[   73063.200952] /dev/input/event1: 0000 0000 00000000
[   73063.211630] /dev/input/event1: 0003 0036 000028ff
[   73063.211630] /dev/input/event1: 0000 0000 00000000
[   73063.222565] /dev/input/event1: 0003 0036 000028cc
[   73063.222565] /dev/input/event1: 0000 0000 00000000
[   73063.234816] /dev/input/event1: 0003 0036 00002888
[   73063.234816] /dev/input/event1: 0000 0000 00000000
[   73063.245048] /dev/input/event1: 0003 0036 000027ff
[   73063.245048] /dev/input/event1: 0000 0000 00000000
[   73063.256814] /dev/input/event1: 0003 0035 0000684b
[   73063.256814] /dev/input/event1: 0003 0036 00002766
[   73063.256814] /dev/input/event1: 0000 0000 00000000
[   73063.267802] /dev/input/event1: 0003 0036 000026cc
[   73063.267802] /dev/input/event1: 0000 0000 00000000
[   73063.278918] /dev/input/event1: 0003 0036 00002643
[   73063.278918] /dev/input/event1: 0000 0000 00000000
[   73063.290562] /dev/input/event1: 0003 0036 00002588
[   73063.290562] /dev/input/event1: 0000 0000 00000000
[   73063.301412] /dev/input/event1: 0003 0036 00002543
[   73063.301412] /dev/input/event1: 0000 0000 00000000
[   73063.312615] /dev/input/event1: 0003 0036 000024cc
[   73063.312615] /dev/input/event1: 0000 0000 00000000
[   73063.323764] /dev/input/event1: 0003 0036 00002488
[   73063.323764] /dev/input/event1: 0000 0000 00000000
[   73063.335394] /dev/input/event1: 0003 0036 00002443
[   73063.335394] /dev/input/event1: 0000 0000 00000000
[   73063.357619] /dev/input/event1: 0003 0036 00002421
[   73063.357619] /dev/input/event1: 0000 0000 00000000
[   73063.391351] /dev/input/event1: 0003 0036 000023ff
[   73063.391351] /dev/input/event1: 0000 0000 00000000
[   73063.414023] /dev/input/event1: 0003 0036 000023cc
[   73063.414023] /dev/input/event1: 0000 0000 00000000
[   73063.436386] /dev/input/event1: 0003 0036 000023aa
[   73063.436386] /dev/input/event1: 0000 0000 00000000
[   73063.447992] /dev/input/event1: 0003 0036 00002388
[   73063.447992] /dev/input/event1: 0000 0000 00000000
[   73063.470416] /dev/input/event1: 0003 0035 0000680e
[   73063.470416] /dev/input/event1: 0003 0036 00002366
[   73063.470416] /dev/input/event1: 0000 0000 00000000
[   73063.481469] /dev/input/event1: 0003 0036 00002343
[   73063.481469] /dev/input/event1: 0000 0000 00000000
[   73063.515250] /dev/input/event1: 0003 0036 00002321
[   73063.515250] /dev/input/event1: 0000 0000 00000000
[   73063.537556] /dev/input/event1: 0003 0036 000022ff
[   73063.537556] /dev/input/event1: 0000 0000 00000000
[   73063.549334] /dev/input/event1: 0003 0036 000022aa
[   73063.549334] /dev/input/event1: 0000 0000 00000000
[   73063.560143] /dev/input/event1: 0003 0036 00002243
[   73063.560143] /dev/input/event1: 0000 0000 00000000
[   73063.571430] /dev/input/event1: 0003 0036 000021ff
[   73063.571430] /dev/input/event1: 0000 0000 00000000
[   73063.583075] /dev/input/event1: 0003 0036 000021aa
[   73063.583075] /dev/input/event1: 0000 0000 00000000
[   73063.593954] /dev/input/event1: 0003 0036 00002166
[   73063.593954] /dev/input/event1: 0000 0000 00000000
[   73063.605414] /dev/input/event1: 0003 0036 00002121
[   73063.605414] /dev/input/event1: 0000 0000 00000000
[   73063.617733] /dev/input/event1: 0003 0035 000067d1
[   73063.617733] /dev/input/event1: 0003 0036 000020ff
[   73063.617733] /dev/input/event1: 0000 0000 00000000
[   73063.627522] /dev/input/event1: 0003 0036 000020aa
[   73063.627522] /dev/input/event1: 0000 0000 00000000
[   73064.032905] /dev/input/event1: 0003 003a 00000000
[   73064.032905] /dev/input/event1: 0003 0039 ffffffff
[   73064.032905] /dev/input/event1: 0000 0000 00000000
[   73066.004171] /dev/input/event1: 0003 0039 00000000
[   73066.004171] /dev/input/event1: 0003 0030 0000038a
[   73066.004171] /dev/input/event1: 0003 003a 00000081
[   73066.004171] /dev/input/event1: 0003 0035 0000080f
[   73066.004171] /dev/input/event1: 0003 0036 00003565
[   73066.004171] /dev/input/event1: 0000 0000 00000000
[   73066.115542] /dev/input/event1: 0003 003a 00000000
[   73066.115542] /dev/input/event1: 0003 0039 ffffffff
[   73066.115542] /dev/input/event1: 0000 0000 00000000
[   73067.489426] /dev/input/event1: 0003 0039 00000000
[   73067.489426] /dev/input/event1: 0003 0030 0000038b
[   73067.489426] /dev/input/event1: 0003 003a 00000081
[   73067.489426] /dev/input/event1: 0003 0035 00000920
[   73067.489426] /dev/input/event1: 0003 0036 00003faa
[   73067.489426] /dev/input/event1: 0000 0000 00000000
[   73067.611130] /dev/input/event1: 0003 003a 00000000
[   73067.611130] /dev/input/event1: 0003 0039 ffffffff
[   73067.611130] /dev/input/event1: 0000 0000 00000000
[   73075.969789] /dev/input/event1: 0003 0039 00000000
[   73075.969789] /dev/input/event1: 0003 0030 0000038c
[   73075.969789] /dev/input/event1: 0003 003a 00000081
[   73075.969789] /dev/input/event1: 0003 0035 000075cd
[   73075.969789] /dev/input/event1: 0003 0036 00000944
[   73075.969789] /dev/input/event1: 0000 0000 00000000
[   73076.104764] /dev/input/event1: 0003 003a 00000000
[   73076.104764] /dev/input/event1: 0003 0039 ffffffff
[   73076.104764] /dev/input/event1: 0000 0000 00000000
[   73079.255708] /dev/input/event1: 0003 0039 00000000
[   73079.255708] /dev/input/event1: 0003 0030 0000038d
[   73079.255708] /dev/input/event1: 0003 003a 00000081
[   73079.255708] /dev/input/event1: 0003 0035 000008e3
[   73079.255708] /dev/input/event1: 0003 0036 00000922
[   73079.255708] /dev/input/event1: 0000 0000 00000000
[   73079.380103] /dev/input/event1: 0003 003a 00000000
[   73079.380103] /dev/input/event1: 0003 0039 ffffffff
[   73079.380103] /dev/input/event1: 0000 0000 00000000
[   73083.013871] /dev/input/event1: 0003 0039 00000000
[   73083.013871] /dev/input/event1: 0003 0030 0000038e
[   73083.013871] /dev/input/event1: 0003 003a 00000081
[   73083.013871] /dev/input/event1: 0003 0035 00001ddd
[   73083.013871] /dev/input/event1: 0003 0036 000036aa
[   73083.013871] /dev/input/event1: 0000 0000 00000000
[   73083.124346] /dev/input/event1: 0003 003a 00000000
[   73083.124346] /dev/input/event1: 0003 0039 ffffffff
[   73083.124346] /dev/input/event1: 0000 0000 00000000
[   73086.726151] /dev/input/event1: 0003 0039 00000000
[   73086.726151] /dev/input/event1: 0003 0030 0000038f
[   73086.726151] /dev/input/event1: 0003 003a 00000081
[   73086.726151] /dev/input/event1: 0003 0035 00002c71
[   73086.726151] /dev/input/event1: 0003 0036 00001388
[   73086.726151] /dev/input/event1: 0000 0000 00000000
[   73086.827121] /dev/input/event1: 0003 003a 00000000
[   73086.827121] /dev/input/event1: 0003 0039 ffffffff
[   73086.827121] /dev/input/event1: 0000 0000 00000000
[   73091.394915] /dev/input/event1: 0003 0039 00000000
[   73091.394915] /dev/input/event1: 0003 0030 00000390
[   73091.394915] /dev/input/event1: 0003 003a 00000081
[   73091.394915] /dev/input/event1: 0003 0035 0000495c
[   73091.394915] /dev/input/event1: 0003 0036 00006bff
[   73091.394915] /dev/input/event1: 0000 0000 00000000
[   73091.527870] /dev/input/event1: 0003 003a 00000000
[   73091.527870] /dev/input/event1: 0003 0039 ffffffff
[   73091.527870] /dev/input/event1: 0000 0000 00000000
[   73093.891860] /dev/input/event1: 0003 0039 00000000
[   73093.891860] /dev/input/event1: 0003 0030 00000391
[   73093.891860] /dev/input/event1: 0003 003a 00000081
[   73093.891860] /dev/input/event1: 0003 0035 00002bd9
[   73093.891860] /dev/input/event1: 0003 0036 00004d21
[   73093.891860] /dev/input/event1: 0000 0000 00000000
[   73093.993741] /dev/input/event1: 0003 003a 00000000
[   73093.993741] /dev/input/event1: 0003 0039 ffffffff
[   73093.993741] /dev/input/event1: 0000 0000 00000000