add device 1: /dev/input/event0
  name:     "Power Button"
add device 2: /dev/input/event1
  name:     "qwerty2"
[   74564.957101] /dev/input/event1: 0003 0039 00000000
[   74564.957101] /dev/input/event1: 0003 0030 000003a7
[   74564.957101] /dev/input/event1: 0003 003a 00000081
[   74564.957101] /dev/input/event1: 0003 0035 0000612e
[   74564.957101] /dev/input/event1: 0003 0036 00007343
[   74564.957101] /dev/input/event1: 0000 0000 00000000
[   74565.057779] /dev/input/event1: 0003 003a 00000000
[   74565.057779] /dev/input/event1: 0003 0039 ffffffff
[   74565.057779] /dev/input/event1: 0000 0000 00000000
[   74568.804612] /dev/input/event1: 0003 0039 00000000
[   74568.804612] /dev/input/event1: 0003 0030 000003a8
[   74568.804612] /dev/input/event1: 0003 003a 00000081
[   74568.804612] /dev/input/event1: 0003 0035 00006887
[   74568.804612] /dev/input/event1: 0003 0036 00003243
[   74568.804612] /dev/input/event1: 0000 0000 00000000
[   74568.892951] /dev/input/event1: 0003 003a 00000000
[   74568.892951] /dev/input/event1: 0003 0039 ffffffff
[   74568.892951] /dev/input/event1: 0000 0000 00000000
[   74571.098636] /dev/input/event1: 0003 0039 00000000
[   74571.098636] /dev/input/event1: 0003 0030 000003a9
[   74571.098636] /dev/input/event1: 0003 003a 00000081
[   74571.098636] /dev/input/event1: 0003 0035 00005e74
[   74571.098636] /dev/input/event1: 0003 0036 00007265
[   74571.098636] /dev/input/event1: 0000 0000 00000000
[   74571.188192] /dev/input/event1: 0003 003a 00000000
[   74571.188192] /dev/input/event1: 0003 0039 ffffffff
[   74571.188192] /dev/input/event1: 0000 0000 00000000
[   74575.103613] /dev/input/event1: 0003 0039 00000000
[   74575.103613] /dev/input/event1: 0003 0030 000003aa
[   74575.103613] /dev/input/event1: 0003 003a 00000081
[   74575.103613] /dev/input/event1: 0003 0035 00005684
[   74575.103613] /dev/input/event1: 0003 0036 000020cc
[   74575.103613] /dev/input/event1: 0000 0000 00000000
[   74575.193359] /dev/input/event1: 0003 003a 00000000
[   74575.193359] /dev/input/event1: 0003 0039 ffffffff
[   74575.193359] /dev/input/event1: 0000 0000 00000000
[   74580.222599] /dev/input/event1: 0003 0039 00000000
[   74580.222599] /dev/input/event1: 0003 0030 000003ab
[   74580.222599] /dev/input/event1: 0003 003a 00000081
[   74580.222599] /dev/input/event1: 0003 0035 0000603b
[   74580.222599] /dev/input/event1: 0003 0036 000072a9
[   74580.222599] /dev/input/event1: 0000 0000 00000000
[   74580.334609] /dev/input/event1: 0003 003a 00000000
[   74580.334609] /dev/input/event1: 0003 0039 ffffffff
[   74580.334609] /dev/input/event1: 0000 0000 00000000
[   74581.560620] /dev/input/event1: 0003 0039 00000000
[   74581.560620] /dev/input/event1: 0003 0030 000003ac
[   74581.560620] /dev/input/event1: 0003 003a 00000081
[   74581.560620] /dev/input/event1: 0003 0035 00005647
[   74581.560620] /dev/input/event1: 0003 0036 000029ff
[   74581.560620] /dev/input/event1: 0000 0000 00000000
[   74581.661854] /dev/input/event1: 0003 003a 00000000
[   74581.661854] /dev/input/event1: 0003 0039 ffffffff
[   74581.661854] /dev/input/event1: 0000 0000 00000000
[   74584.712197] /dev/input/event1: 0003 0039 00000000
[   74584.712197] /dev/input/event1: 0003 0030 000003ad
[   74584.712197] /dev/input/event1: 0003 003a 00000081
[   74584.712197] /dev/input/event1: 0003 0035 00005fff
[   74584.712197] /dev/input/event1: 0003 0036 000073ff
[   74584.712197] /dev/input/event1: 0000 0000 00000000
[   74584.811474] /dev/input/event1: 0003 003a 00000000
[   74584.811474] /dev/input/event1: 0003 0039 ffffffff
[   74584.811474] /dev/input/event1: 0000 0000 00000000
[   74587.153056] /dev/input/event1: 0003 0039 00000000
[   74587.153056] /dev/input/event1: 0003 0030 000003ae
[   74587.153056] /dev/input/event1: 0003 003a 00000081
[   74587.153056] /dev/input/event1: 0003 0035 0000603b
[   74587.153056] /dev/input/event1: 0003 0036 00007387
[   74587.153056] /dev/input/event1: 0000 0000 00000000
[   74587.242614] /dev/input/event1: 0003 003a 00000000
[   74587.242614] /dev/input/event1: 0003 0039 ffffffff
[   74587.242614] /dev/input/event1: 0000 0000 00000000
[   74588.649117] /dev/input/event1: 0003 0039 00000000
[   74588.649117] /dev/input/event1: 0003 0030 000003af
[   74588.649117] /dev/input/event1: 0003 003a 00000081
[   74588.649117] /dev/input/event1: 0003 0035 00005f67
[   74588.649117] /dev/input/event1: 0003 0036 000047cc
[   74588.649117] /dev/input/event1: 0000 0000 00000000
[   74588.738118] /dev/input/event1: 0003 003a 00000000
[   74588.738118] /dev/input/event1: 0003 0039 ffffffff
[   74588.738118] /dev/input/event1: 0000 0000 00000000
[   74595.657095] /dev/input/event1: 0003 0039 00000000
[   74595.657095] /dev/input/event1: 0003 0030 000003b0
[   74595.657095] /dev/input/event1: 0003 003a 00000081
[   74595.657095] /dev/input/event1: 0003 0035 00004cad
[   74595.657095] /dev/input/event1: 0003 0036 00005987
[   74595.657095] /dev/input/event1: 0000 0000 00000000
[   74595.769679] /dev/input/event1: 0003 003a 00000000
[   74595.769679] /dev/input/event1: 0003 0039 ffffffff
[   74595.769679] /dev/input/event1: 0000 0000 00000000
[   74603.149205] /dev/input/event1: 0003 0039 00000000
[   74603.149205] /dev/input/event1: 0003 0030 000003b1
[   74603.149205] /dev/input/event1: 0003 003a 00000081
[   74603.149205] /dev/input/event1: 0003 0035 00006bd9
[   74603.149205] /dev/input/event1: 0003 0036 00002266
[   74603.149205] /dev/input/event1: 0000 0000 00000000
[   74603.238432] /dev/input/event1: 0003 003a 00000000
[   74603.238432] /dev/input/event1: 0003 0039 ffffffff
[   74603.238432] /dev/input/event1: 0000 0000 00000000
[   74612.082200] /dev/input/event1: 0003 0039 00000000
[   74612.082200] /dev/input/event1: 0003 0030 000003b2
[   74612.082200] /dev/input/event1: 0003 003a 00000081
[   74612.082200] /dev/input/event1: 0003 0035 0000080f
[   74612.082200] /dev/input/event1: 0003 0036 00005121
[   74612.082200] /dev/input/event1: 0000 0000 00000000
[   74612.147927] /dev/input/event1: 0003 003a 00000000
[   74612.147927] /dev/input/event1: 0003 0039 ffffffff
[   74612.147927] /dev/input/event1: 0000 0000 00000000
[   74613.330331] /dev/input/event1: 0003 0039 00000000
[   74613.330331] /dev/input/event1: 0003 0030 000003b3
[   74613.330331] /dev/input/event1: 0003 003a 00000081
[   74613.330331] /dev/input/event1: 0003 0035 0000527c
[   74613.330331] /dev/input/event1: 0003 0036 000050cc
[   74613.330331] /dev/input/event1: 0000 0000 00000000
[   74613.407821] /dev/input/event1: 0003 003a 00000000
[   74613.407821] /dev/input/event1: 0003 0039 ffffffff
[   74613.407821] /dev/input/event1: 0000 0000 00000000
[   74614.737824] /dev/input/event1: 0003 0039 00000000
[   74614.737824] /dev/input/event1: 0003 0030 000003b4
[   74614.737824] /dev/input/event1: 0003 003a 00000081
[   74614.737824] /dev/input/event1: 0003 0035 00000da1
[   74614.737824] /dev/input/event1: 0003 0036 00005bcc
[   74614.737824] /dev/input/event1: 0000 0000 00000000
[   74614.825481] /dev/input/event1: 0003 003a 00000000
[   74614.825481] /dev/input/event1: 0003 0039 ffffffff
[   74614.825481] /dev/input/event1: 0000 0000 00000000
[   74616.053384] /dev/input/event1: 0003 0039 00000000
[   74616.053384] /dev/input/event1: 0003 0030 000003b5
[   74616.053384] /dev/input/event1: 0003 003a 00000081
[   74616.053384] /dev/input/event1: 0003 0035 00005a4e
[   74616.053384] /dev/input/event1: 0003 0036 00006643
[   74616.053384] /dev/input/event1: 0000 0000 00000000
[   74616.141799] /dev/input/event1: 0003 003a 00000000
[   74616.141799] /dev/input/event1: 0003 0039 ffffffff
[   74616.141799] /dev/input/event1: 0000 0000 00000000
[   74617.605849] /dev/input/event1: 0003 0039 00000000
[   74617.605849] /dev/input/event1: 0003 0030 000003b6
[   74617.605849] /dev/input/event1: 0003 003a 00000081
[   74617.605849] /dev/input/event1: 0003 0035 00003a4f
[   74617.605849] /dev/input/event1: 0003 0036 00005121
[   74617.605849] /dev/input/event1: 0000 0000 00000000
[   74617.671269] /dev/input/event1: 0003 0036 000050ff
[   74617.671269] /dev/input/event1: 0000 0000 00000000
[   74617.716586] /dev/input/event1: 0003 003a 00000000
[   74617.716586] /dev/input/event1: 0003 0039 ffffffff
[   74617.716586] /dev/input/event1: 0000 0000 00000000
[   74619.048853] /dev/input/event1: 0003 0039 00000000
[   74619.048853] /dev/input/event1: 0003 0030 000003b7
[   74619.048853] /dev/input/event1: 0003 003a 00000081
[   74619.048853] /dev/input/event1: 0003 0035 0000538d
[   74619.048853] /dev/input/event1: 0003 0036 00005087
[   74619.048853] /dev/input/event1: 0000 0000 00000000
[   74619.111403] /dev/input/event1: 0003 003a 00000000
[   74619.111403] /dev/input/event1: 0003 0039 ffffffff
[   74619.111403] /dev/input/event1: 0000 0000 00000000
[   74620.148219] /dev/input/event1: 0003 0039 00000000
[   74620.148219] /dev/input/event1: 0003 0030 000003b8
[   74620.148219] /dev/input/event1: 0003 003a 00000081
[   74620.148219] /dev/input/event1: 0003 0035 00006554
[   74620.148219] /dev/input/event1: 0003 0036 00006621
[   74620.148219] /dev/input/event1: 0000 0000 00000000
[   74620.236622] /dev/input/event1: 0003 003a 00000000
[   74620.236622] /dev/input/event1: 0003 0039 ffffffff
[   74620.236622] /dev/input/event1: 0000 0000 00000000
[   74623.253456] /dev/input/event1: 0003 0039 00000000
[   74623.253456] /dev/input/event1: 0003 0030 000003b9
[   74623.253456] /dev/input/event1: 0003 003a 00000081
[   74623.253456] /dev/input/event1: 0003 0035 00003ddd
[   74623.253456] /dev/input/event1: 0003 0036 000071a9
[   74623.253456] /dev/input/event1: 0000 0000 00000000
[   74623.354570] /dev/input/event1: 0003 003a 00000000
[   74623.354570] /dev/input/event1: 0003 0039 ffffffff
[   74623.354570] /dev/input/event1: 0000 0000 00000000
[   74626.471673] /dev/input/event1: 0003 0039 00000000
[   74626.471673] /dev/input/event1: 0003 0030 000003ba
[   74626.471673] /dev/input/event1: 0003 003a 00000081
[   74626.471673] /dev/input/event1: 0003 0035 00000a12
[   74626.471673] /dev/input/event1: 0003 0036 00006643
[   74626.471673] /dev/input/event1: 0000 0000 00000000
[   74626.561341] /dev/input/event1: 0003 003a 00000000
[   74626.561341] /dev/input/event1: 0003 0039 ffffffff
[   74626.561341] /dev/input/event1: 0000 0000 00000000
[   74627.157204] /dev/input/event1: 0003 0039 00000000
[   74627.157204] /dev/input/event1: 0003 0030 000003bb
[   74627.157204] /dev/input/event1: 0003 003a 00000081
[   74627.157204] /dev/input/event1: 0003 0035 000034bd
[   74627.157204] /dev/input/event1: 0003 0036 000066ff
[   74627.157204] /dev/input/event1: 0000 0000 00000000
[   74627.256335] /dev/input/event1: 0003 003a 00000000
[   74627.256335] /dev/input/event1: 0003 0039 ffffffff
[   74627.256335] /dev/input/event1: 0000 0000 00000000
[   74628.325501] /dev/input/event1: 0003 0039 00000000
[   74628.325501] /dev/input/event1: 0003 0030 000003bc
[   74628.325501] /dev/input/event1: 0003 003a 00000081
[   74628.325501] /dev/input/event1: 0003 0035 00006cea
[   74628.325501] /dev/input/event1: 0003 0036 00005165
[   74628.325501] /dev/input/event1: 0000 0000 00000000
[   74628.415515] /dev/input/event1: 0003 003a 00000000
[   74628.415515] /dev/input/event1: 0003 0039 ffffffff
[   74628.415515] /dev/input/event1: 0000 0000 00000000
[   74629.327482] /dev/input/event1: 0003 0039 00000000
[   74629.327482] /dev/input/event1: 0003 0030 000003bd
[   74629.327482] /dev/input/event1: 0003 003a 00000081
[   74629.327482] /dev/input/event1: 0003 0035 00006554
[   74629.327482] /dev/input/event1: 0003 0036 000064cc
[   74629.327482] /dev/input/event1: 0000 0000 00000000
[   74629.427711] /dev/input/event1: 0003 003a 00000000
[   74629.427711] /dev/input/event1: 0003 0039 ffffffff
[   74629.427711] /dev/input/event1: 0000 0000 00000000
[   74630.474233] /dev/input/event1: 0003 0039 00000000
[   74630.474233] /dev/input/event1: 0003 0030 000003be
[   74630.474233] /dev/input/event1: 0003 003a 00000081
[   74630.474233] /dev/input/event1: 0003 0035 00007b23
[   74630.474233] /dev/input/event1: 0003 0036 000050ff
[   74630.474233] /dev/input/event1: 0000 0000 00000000
[   74630.541356] /dev/input/event1: 0003 003a 00000000
[   74630.541356] /dev/input/event1: 0003 0039 ffffffff
[   74630.541356] /dev/input/event1: 0000 0000 00000000
[   74631.713337] /dev/input/event1: 0003 0039 00000000
[   74631.713337] /dev/input/event1: 0003 0030 000003bf
[   74631.713337] /dev/input/event1: 0003 003a 00000081
[   74631.713337] /dev/input/event1: 0003 0035 00005480
[   74631.713337] /dev/input/event1: 0003 0036 000051aa
[   74631.713337] /dev/input/event1: 0000 0000 00000000
[   74631.791663] /dev/input/event1: 0003 003a 00000000
[   74631.791663] /dev/input/event1: 0003 0039 ffffffff
[   74631.791663] /dev/input/event1: 0000 0000 00000000
[   74632.692633] /dev/input/event1: 0003 0039 00000000
[   74632.692633] /dev/input/event1: 0003 0030 000003c0
[   74632.692633] /dev/input/event1: 0003 003a 00000081
[   74632.692633] /dev/input/event1: 0003 0035 000038e3
[   74632.692633] /dev/input/event1: 0003 0036 000050aa
[   74632.692633] /dev/input/event1: 0000 0000 00000000
[   74632.769006] /dev/input/event1: 0003 003a 00000000
[   74632.769006] /dev/input/event1: 0003 0039 ffffffff
[   74632.769006] /dev/input/event1: 0000 0000 00000000
[   74633.513310] /dev/input/event1: 0003 0039 00000000
[   74633.513310] /dev/input/event1: 0003 0030 000003c1
[   74633.513310] /dev/input/event1: 0003 003a 00000081
[   74633.513310] /dev/input/event1: 0003 0035 00001e75
[   74633.513310] /dev/input/event1: 0003 0036 000050cc
[   74633.513310] /dev/input/event1: 0000 0000 00000000
[   74633.601516] /dev/input/event1: 0003 003a 00000000
[   74633.601516] /dev/input/event1: 0003 0039 ffffffff
[   74633.601516] /dev/input/event1: 0000 0000 00000000
[   74634.390674] /dev/input/event1: 0003 0039 00000000
[   74634.390674] /dev/input/event1: 0003 0030 000003c2
[   74634.390674] /dev/input/event1: 0003 003a 00000081
[   74634.390674] /dev/input/event1: 0003 0035 00002ae7
[   74634.390674] /dev/input/event1: 0003 0036 000050aa
[   74634.390674] /dev/input/event1: 0000 0000 00000000
[   74634.479037] /dev/input/event1: 0003 003a 00000000
[   74634.479037] /dev/input/event1: 0003 0039 ffffffff
[   74634.479037] /dev/input/event1: 0000 0000 00000000
[   74642.411976] /dev/input/event1: 0003 0039 00000000
[   74642.411976] /dev/input/event1: 0003 0030 000003c3
[   74642.411976] /dev/input/event1: 0003 003a 00000081
[   74642.411976] /dev/input/event1: 0003 0035 0000295c
[   74642.411976] /dev/input/event1: 0003 0036 00001dcc
[   74642.411976] /dev/input/event1: 0000 0000 00000000
[   74642.535507] /dev/input/event1: 0003 003a 00000000
[   74642.535507] /dev/input/event1: 0003 0039 ffffffff
[   74642.535507] /dev/input/event1: 0000 0000 00000000
[   74644.369147] /dev/input/event1: 0003 0039 00000000
[   74644.369147] /dev/input/event1: 0003 0030 000003c4
[   74644.369147] /dev/input/event1: 0003 003a 00000081
[   74644.369147] /dev/input/event1: 0003 0035 00002758
[   74644.369147] /dev/input/event1: 0003 0036 00005ba9
[   74644.369147] /dev/input/event1: 0000 0000 00000000
[   74644.493018] /dev/input/event1: 0003 003a 00000000
[   74644.493018] /dev/input/event1: 0003 0039 ffffffff
[   74644.493018] /dev/input/event1: 0000 0000 00000000
[   74645.854252] /dev/input/event1: 0003 0039 00000000
[   74645.854252] /dev/input/event1: 0003 0030 000003c5
[   74645.854252] /dev/input/event1: 0003 003a 00000081
[   74645.854252] /dev/input/event1: 0003 0035 00001203
[   74645.854252] /dev/input/event1: 0003 0036 000071ff
[   74645.854252] /dev/input/event1: 0000 0000 00000000
[   74645.954038] /dev/input/event1: 0003 003a 00000000
[   74645.954038] /dev/input/event1: 0003 0039 ffffffff
[   74645.954038] /dev/input/event1: 0000 0000 00000000
[   74646.720433] /dev/input/event1: 0003 0039 00000000
[   74646.720433] /dev/input/event1: 0003 0030 000003c6
[   74646.720433] /dev/input/event1: 0003 003a 00000081
[   74646.720433] /dev/input/event1: 0000 0000 00000000
[   74646.833217] /dev/input/event1: 0003 003a 00000000
[   74646.833217] /dev/input/event1: 0003 0039 ffffffff
[   74646.833217] /dev/input/event1: 0000 0000 00000000
[   74647.530449] /dev/input/event1: 0003 0039 00000000
[   74647.530449] /dev/input/event1: 0003 0030 000003c7
[   74647.530449] /dev/input/event1: 0003 003a 00000081
[   74647.530449] /dev/input/event1: 0000 0000 00000000
[   74647.643491] /dev/input/event1: 0003 003a 00000000
[   74647.643491] /dev/input/event1: 0003 0039 ffffffff
[   74647.643491] /dev/input/event1: 0000 0000 00000000
[   74648.318174] /dev/input/event1: 0003 0039 00000000
[   74648.318174] /dev/input/event1: 0003 0030 000003c8
[   74648.318174] /dev/input/event1: 0003 003a 00000081
[   74648.318174] /dev/input/event1: 0000 0000 00000000
[   74648.441518] /dev/input/event1: 0003 003a 00000000
[   74648.441518] /dev/input/event1: 0003 0039 ffffffff
[   74648.441518] /dev/input/event1: 0000 0000 00000000
[   74649.195514] /dev/input/event1: 0003 0039 00000000
[   74649.195514] /dev/input/event1: 0003 0030 000003c9
[   74649.195514] /dev/input/event1: 0003 003a 00000081
[   74649.195514] /dev/input/event1: 0000 0000 00000000
[   74649.330863] /dev/input/event1: 0003 003a 00000000
[   74649.330863] /dev/input/event1: 0003 0039 ffffffff
[   74649.330863] /dev/input/event1: 0000 0000 00000000
[   74657.047292] /dev/input/event1: 0003 0039 00000000
[   74657.047292] /dev/input/event1: 0003 0030 000003ca
[   74657.047292] /dev/input/event1: 0003 003a 00000081
[   74657.047292] /dev/input/event1: 0003 0035 00007591
[   74657.047292] /dev/input/event1: 0003 0036 00001daa
[   74657.047292] /dev/input/event1: 0000 0000 00000000
[   74657.170677] /dev/input/event1: 0003 003a 00000000
[   74657.170677] /dev/input/event1: 0003 0039 ffffffff
[   74657.170677] /dev/input/event1: 0000 0000 00000000
[   74664.372507] /dev/input/event1: 0003 0039 00000000
[   74664.372507] /dev/input/event1: 0003 0030 000003cb
[   74664.372507] /dev/input/event1: 0003 003a 00000081
[   74664.372507] /dev/input/event1: 0003 0035 00007758
[   74664.372507] /dev/input/event1: 0003 0036 00000944
[   74664.372507] /dev/input/event1: 0000 0000 00000000
[   74664.493868] /dev/input/event1: 0003 003a 00000000
[   74664.493868] /dev/input/event1: 0003 0039 ffffffff
[   74664.493868] /dev/input/event1: 0000 0000 00000000
[   74668.691430] /dev/input/event1: 0003 0039 00000000
[   74668.691430] /dev/input/event1: 0003 0030 000003cc
[   74668.691430] /dev/input/event1: 0003 003a 00000081
[   74668.691430] /dev/input/event1: 0003 0035 0000795b
[   74668.691430] /dev/input/event1: 0003 0036 000019aa
[   74668.691430] /dev/input/event1: 0000 0000 00000000
[   74668.824773] /dev/input/event1: 0003 003a 00000000
[   74668.824773] /dev/input/event1: 0003 0039 ffffffff
[   74668.824773] /dev/input/event1: 0000 0000 00000000