add device 1: /dev/input/event0
  name:     "Power Button"
add device 2: /dev/input/event1
  name:     "qwerty2"
[   71474.596253] /dev/input/event1: 0003 0039 00000000
[   71474.596253] /dev/input/event1: 0003 0030 0000032b
[   71474.596253] /dev/input/event1: 0003 003a 00000081
[   71474.596253] /dev/input/event1: 0003 0035 00005f2a
[   71474.596253] /dev/input/event1: 0003 0036 00007365
[   71474.596253] /dev/input/event1: 0000 0000 00000000
[   71474.685168] /dev/input/event1: 0003 003a 00000000
[   71474.685168] /dev/input/event1: 0003 0039 ffffffff
[   71474.685168] /dev/input/event1: 0000 0000 00000000
[   71478.477255] /dev/input/event1: 0003 0039 00000000
[   71478.477255] /dev/input/event1: 0003 0030 0000032c
[   71478.477255] /dev/input/event1: 0003 003a 00000081
[   71478.477255] /dev/input/event1: 0003 0035 00005795
[   71478.477255] /dev/input/event1: 0003 0036 000039cc
[   71478.477255] /dev/input/event1: 0000 0000 00000000
[   71478.554869] /dev/input/event1: 0003 003a 00000000
[   71478.554869] /dev/input/event1: 0003 0039 ffffffff
[   71478.554869] /dev/input/event1: 0000 0000 00000000
[   71479.781318] /dev/input/event1: 0003 0039 00000000
[   71479.781318] /dev/input/event1: 0003 0030 0000032d
[   71479.781318] /dev/input/event1: 0003 003a 00000081
[   71479.781318] /dev/input/event1: 0003 0035 0000638d
[   71479.781318] /dev/input/event1: 0003 0036 00007387
[   71479.781318] /dev/input/event1: 0000 0000 00000000
[   71479.882320] /dev/input/event1: 0003 003a 00000000
[   71479.882320] /dev/input/event1: 0003 0039 ffffffff
[   71479.882320] /dev/input/event1: 0000 0000 00000000
[   71481.514938] /dev/input/event1: 0003 0039 00000000
[   71481.514938] /dev/input/event1: 0003 0030 0000032e
[   71481.514938] /dev/input/event1: 0003 003a 00000081
[   71481.514938] /dev/input/event1: 0003 0035 00006647
[   71481.514938] /dev/input/event1: 0003 0036 00003288
[   71481.514938] /dev/input/event1: 0000 0000 00000000
[   71481.602657] /dev/input/event1: 0003 003a 00000000
[   71481.602657] /dev/input/event1: 0003 0039 ffffffff
[   71481.602657] /dev/input/event1: 0000 0000 00000000
[   71483.113405] /dev/input/event1: 0003 0039 00000000
[   71483.113405] /dev/input/event1: 0003 0030 0000032f
[   71483.113405] /dev/input/event1: 0003 003a 00000081
[   71483.113405] /dev/input/event1: 0003 0035 00005f67
[   71483.113405] /dev/input/event1: 0003 0036 00007343
[   71483.113405] /dev/input/event1: 0000 0000 00000000
[   71483.189670] /dev/input/event1: 0003 003a 00000000
[   71483.189670] /dev/input/event1: 0003 0039 ffffffff
[   71483.189670] /dev/input/event1: 0000 0000 00000000
[   71484.686655] /dev/input/event1: 0003 0039 00000000
[   71484.686655] /dev/input/event1: 0003 0030 00000330
[   71484.686655] /dev/input/event1: 0003 003a 00000081
[   71484.686655] /dev/input/event1: 0003 0035 000067d1
[   71484.686655] /dev/input/event1: 0003 0036 00001fff
[   71484.686655] /dev/input/event1: 0000 0000 00000000
[   71484.821553] /dev/input/event1: 0003 003a 00000000
[   71484.821553] /dev/input/event1: 0003 0039 ffffffff
[   71484.821553] /dev/input/event1: 0000 0000 00000000
[   71486.261871] /dev/input/event1: 0003 0039 00000000
[   71486.261871] /dev/input/event1: 0003 0030 00000331
[   71486.261871] /dev/input/event1: 0003 003a 00000081
[   71486.261871] /dev/input/event1: 0003 0035 000062f5
[   71486.261871] /dev/input/event1: 0003 0036 000073a9
[   71486.261871] /dev/input/event1: 0000 0000 00000000
[   71486.363743] /dev/input/event1: 0003 003a 00000000
[   71486.363743] /dev/input/event1: 0003 0039 ffffffff
[   71486.363743] /dev/input/event1: 0000 0000 00000000
[   71487.825551] /dev/input/event1: 0003 0039 00000000
[   71487.825551] /dev/input/event1: 0003 0030 00000332
[   71487.825551] /dev/input/event1: 0003 003a 00000081
[   71487.825551] /dev/input/event1: 0003 0035 00005f2a
[   71487.825551] /dev/input/event1: 0003 0036 00007387
[   71487.825551] /dev/input/event1: 0000 0000 00000000
[   71487.937312] /dev/input/event1: 0003 003a 00000000
[   71487.937312] /dev/input/event1: 0003 0039 ffffffff
[   71487.937312] /dev/input/event1: 0000 0000 00000000
[   71489.321675] /dev/input/event1: 0003 0039 00000000
[   71489.321675] /dev/input/event1: 0003 0030 00000333
[   71489.321675] /dev/input/event1: 0003 003a 00000081
[   71489.321675] /dev/input/event1: 0003 0035 00005cad
[   71489.321675] /dev/input/event1: 0003 0036 000048aa
[   71489.321675] /dev/input/event1: 0000 0000 00000000
[   71489.421334] /dev/input/event1: 0003 003a 00000000
[   71489.421334] /dev/input/event1: 0003 0039 ffffffff
[   71489.421334] /dev/input/event1: 0000 0000 00000000
[   71492.527528] /dev/input/event1: 0003 0039 00000000
[   71492.527528] /dev/input/event1: 0003 0030 00000334
[   71492.527528] /dev/input/event1: 0003 003a 00000081
[   71492.527528] /dev/input/event1: 0003 0035 00006998
[   71492.527528] /dev/input/event1: 0003 0036 00004dff
[   71492.527528] /dev/input/event1: 0000 0000 00000000
[   71492.639269] /dev/input/event1: 0003 003a 00000000
[   71492.639269] /dev/input/event1: 0003 0039 ffffffff
[   71492.639269] /dev/input/event1: 0000 0000 00000000
[   71494.642175] /dev/input/event1: 0003 0039 00000000
[   71494.642175] /dev/input/event1: 0003 0030 00000335
[   71494.642175] /dev/input/event1: 0003 003a 00000081
[   71494.642175] /dev/input/event1: 0003 0035 00006fa4
[   71494.642175] /dev/input/event1: 0003 0036 00006f43
[   71494.642175] /dev/input/event1: 0000 0000 00000000
[   71494.742622] /dev/input/event1: 0003 003a 00000000
[   71494.742622] /dev/input/event1: 0003 0039 ffffffff
[   71494.742622] /dev/input/event1: 0000 0000 00000000
[   71498.985401] /dev/input/event1: 0003 0039 00000000
[   71498.985401] /dev/input/event1: 0003 0030 00000336
[   71498.985401] /dev/input/event1: 0003 003a 00000081
[   71498.985401] /dev/input/event1: 0003 0035 000027d2
[   71498.985401] /dev/input/event1: 0003 0036 00005b21
[   71498.985401] /dev/input/event1: 0000 0000 00000000
[   71499.084951] /dev/input/event1: 0003 003a 00000000
[   71499.084951] /dev/input/event1: 0003 0039 ffffffff
[   71499.084951] /dev/input/event1: 0000 0000 00000000
[   71500.246171] /dev/input/event1: 0003 0039 00000000
[   71500.246171] /dev/input/event1: 0003 0030 00000337
[   71500.246171] /dev/input/event1: 0003 003a 00000081
[   71500.246171] /dev/input/event1: 0003 0035 00006eee
[   71500.246171] /dev/input/event1: 0003 0036 000050aa
[   71500.246171] /dev/input/event1: 0000 0000 00000000
[   71500.344683] /dev/input/event1: 0003 003a 00000000
[   71500.344683] /dev/input/event1: 0003 0039 ffffffff
[   71500.344683] /dev/input/event1: 0000 0000 00000000
[   71501.561623] /dev/input/event1: 0003 0039 00000000
[   71501.561623] /dev/input/event1: 0003 0030 00000338
[   71501.561623] /dev/input/event1: 0003 003a 00000081
[   71501.561623] /dev/input/event1: 0003 0035 000041c6
[   71501.561623] /dev/input/event1: 0003 0036 00005b87
[   71501.561623] /dev/input/event1: 0000 0000 00000000
[   71501.638397] /dev/input/event1: 0003 003a 00000000
[   71501.638397] /dev/input/event1: 0003 0039 ffffffff
[   71501.638397] /dev/input/event1: 0000 0000 00000000
[   71502.506884] /dev/input/event1: 0003 0039 00000000
[   71502.506884] /dev/input/event1: 0003 0030 00000339
[   71502.506884] /dev/input/event1: 0003 003a 00000081
[   71502.506884] /dev/input/event1: 0003 0035 000040f2
[   71502.506884] /dev/input/event1: 0003 0036 00005ba9
[   71502.506884] /dev/input/event1: 0000 0000 00000000
[   71502.607739] /dev/input/event1: 0003 003a 00000000
[   71502.607739] /dev/input/event1: 0003 0039 ffffffff
[   71502.607739] /dev/input/event1: 0000 0000 00000000
[   71503.564165] /dev/input/event1: 0003 0039 00000000
[   71503.564165] /dev/input/event1: 0003 0030 0000033a
[   71503.564165] /dev/input/event1: 0003 003a 00000081
[   71503.564165] /dev/input/event1: 0003 0035 000046c0
[   71503.564165] /dev/input/event1: 0003 0036 00005165
[   71503.564165] /dev/input/event1: 0000 0000 00000000
[   71503.652260] /dev/input/event1: 0003 003a 00000000
[   71503.652260] /dev/input/event1: 0003 0039 ffffffff
[   71503.652260] /dev/input/event1: 0000 0000 00000000
[   71505.477174] /dev/input/event1: 0003 0039 00000000
[   71505.477174] /dev/input/event1: 0003 0030 0000033b
[   71505.477174] /dev/input/event1: 0003 003a 00000081
[   71505.477174] /dev/input/event1: 0003 0035 00003888
[   71505.477174] /dev/input/event1: 0003 0036 00006fcb
[   71505.477174] /dev/input/event1: 0000 0000 00000000
[   71505.554728] /dev/input/event1: 0003 003a 00000000
[   71505.554728] /dev/input/event1: 0003 0039 ffffffff
[   71505.554728] /dev/input/event1: 0000 0000 00000000
[   71506.354698] /dev/input/event1: 0003 0039 00000000
[   71506.354698] /dev/input/event1: 0003 0030 0000033c
[   71506.354698] /dev/input/event1: 0003 003a 00000081
[   71506.354698] /dev/input/event1: 0003 0035 00004ae6
[   71506.354698] /dev/input/event1: 0003 0036 00006587
[   71506.354698] /dev/input/event1: 0000 0000 00000000
[   71506.455173] /dev/input/event1: 0003 003a 00000000
[   71506.455173] /dev/input/event1: 0003 0039 ffffffff
[   71506.455173] /dev/input/event1: 0000 0000 00000000
[   71507.344035] /dev/input/event1: 0003 0039 00000000
[   71507.344035] /dev/input/event1: 0003 0030 0000033d
[   71507.344035] /dev/input/event1: 0003 003a 00000081
[   71507.344035] /dev/input/event1: 0003 0035 00000b9d
[   71507.344035] /dev/input/event1: 0003 0036 00005ccc
[   71507.344035] /dev/input/event1: 0000 0000 00000000
[   71507.420954] /dev/input/event1: 0003 003a 00000000
[   71507.420954] /dev/input/event1: 0003 0039 ffffffff
[   71507.420954] /dev/input/event1: 0000 0000 00000000
[   71508.401491] /dev/input/event1: 0003 0039 00000000
[   71508.401491] /dev/input/event1: 0003 0030 0000033e
[   71508.401491] /dev/input/event1: 0003 003a 00000081
[   71508.401491] /dev/input/event1: 0003 0035 0000403c
[   71508.401491] /dev/input/event1: 0003 0036 00005c21
[   71508.401491] /dev/input/event1: 0000 0000 00000000
[   71508.501427] /dev/input/event1: 0003 003a 00000000
[   71508.501427] /dev/input/event1: 0003 0039 ffffffff
[   71508.501427] /dev/input/event1: 0000 0000 00000000
[   71518.774245] /dev/input/event1: 0003 0039 00000000
[   71518.774245] /dev/input/event1: 0003 0030 0000033f
[   71518.774245] /dev/input/event1: 0003 003a 00000081
[   71518.774245] /dev/input/event1: 0003 0035 000074bc
[   71518.774245] /dev/input/event1: 0003 0036 000030ff
[   71518.774245] /dev/input/event1: 0000 0000 00000000
[   71518.897963] /dev/input/event1: 0003 003a 00000000
[   71518.897963] /dev/input/event1: 0003 0039 ffffffff
[   71518.897963] /dev/input/event1: 0000 0000 00000000
[   71521.439785] /dev/input/event1: 0003 0039 00000000
[   71521.439785] /dev/input/event1: 0003 0030 00000340
[   71521.439785] /dev/input/event1: 0003 003a 00000081
[   71521.439785] /dev/input/event1: 0003 0035 00004ae6
[   71521.439785] /dev/input/event1: 0003 0036 00003943
[   71521.439785] /dev/input/event1: 0000 0000 00000000
[   71521.640815] /dev/input/event1: 0003 0036 00003921
[   71521.640815] /dev/input/event1: 0000 0000 00000000
[   71521.673883] /dev/input/event1: 0003 0036 000038ff
[   71521.673883] /dev/input/event1: 0000 0000 00000000
[   71521.685356] /dev/input/event1: 0003 0036 000038cc
[   71521.685356] /dev/input/event1: 0000 0000 00000000
[   71521.707684] /dev/input/event1: 0003 0036 000038aa
[   71521.707684] /dev/input/event1: 0000 0000 00000000
[   71521.718871] /dev/input/event1: 0003 0036 00003888
[   71521.718871] /dev/input/event1: 0000 0000 00000000
[   71521.741739] /dev/input/event1: 0003 0036 00003865
[   71521.741739] /dev/input/event1: 0000 0000 00000000
[   71521.752864] /dev/input/event1: 0003 0036 00003843
[   71521.752864] /dev/input/event1: 0000 0000 00000000
[   71521.764435] /dev/input/event1: 0003 0035 00004aaa
[   71521.764435] /dev/input/event1: 0003 0036 00003821
[   71521.764435] /dev/input/event1: 0000 0000 00000000
[   71521.786543] /dev/input/event1: 0003 0036 000037ff
[   71521.786543] /dev/input/event1: 0000 0000 00000000
[   71521.798259] /dev/input/event1: 0003 0036 000037cc
[   71521.798259] /dev/input/event1: 0000 0000 00000000
[   71521.809659] /dev/input/event1: 0003 0036 000037aa
[   71521.809659] /dev/input/event1: 0000 0000 00000000
[   71521.820677] /dev/input/event1: 0003 0036 00003788
[   71521.820677] /dev/input/event1: 0000 0000 00000000
[   71521.831636] /dev/input/event1: 0003 0036 00003765
[   71521.831636] /dev/input/event1: 0000 0000 00000000
[   71521.843231] /dev/input/event1: 0003 0036 00003743
[   71521.843231] /dev/input/event1: 0000 0000 00000000
[   71521.865232] /dev/input/event1: 0003 0036 000036ff
[   71521.865232] /dev/input/event1: 0000 0000 00000000
[   71521.867134] /dev/input/event1: 0003 0035 00004a4f
[   71521.867134] /dev/input/event1: 0003 0036 000036cc
[   71521.867134] /dev/input/event1: 0000 0000 00000000
[   71521.876497] /dev/input/event1: 0003 0036 00003688
[   71521.876497] /dev/input/event1: 0000 0000 00000000
[   71521.887682] /dev/input/event1: 0003 0036 00003665
[   71521.887682] /dev/input/event1: 0000 0000 00000000
[   71521.899047] /dev/input/event1: 0003 0036 00003643
[   71521.899047] /dev/input/event1: 0000 0000 00000000
[   71521.911200] /dev/input/event1: 0003 0036 000035ff
[   71521.911200] /dev/input/event1: 0000 0000 00000000
[   71521.921381] /dev/input/event1: 0003 0036 000035cc
[   71521.921381] /dev/input/event1: 0000 0000 00000000
[   71521.932685] /dev/input/event1: 0003 0036 000035aa
[   71521.932685] /dev/input/event1: 0000 0000 00000000
[   71521.943870] /dev/input/event1: 0003 0036 00003588
[   71521.943870] /dev/input/event1: 0000 0000 00000000
[   71521.966529] /dev/input/event1: 0003 0036 00003565
[   71521.966529] /dev/input/event1: 0000 0000 00000000
[   71521.988847] /dev/input/event1: 0003 0036 00003543
[   71521.988847] /dev/input/event1: 0000 0000 00000000
[   71522.000796] /dev/input/event1: 0003 0035 00004aaa
[   71522.000796] /dev/input/event1: 0003 0036 00003521
[   71522.000796] /dev/input/event1: 0000 0000 00000000
[   71522.011400] /dev/input/event1: 0003 0036 000034ff
[   71522.011400] /dev/input/event1: 0000 0000 00000000
[   71522.033878] /dev/input/event1: 0003 0036 000034cc
[   71522.033878] /dev/input/event1: 0000 0000 00000000
[   71522.045257] /dev/input/event1: 0003 0036 000034aa
[   71522.045257] /dev/input/event1: 0000 0000 00000000
[   71522.056590] /dev/input/event1: 0003 0036 00003488
[   71522.056590] /dev/input/event1: 0000 0000 00000000
[   71522.067753] /dev/input/event1: 0003 0036 00003443
[   71522.067753] /dev/input/event1: 0000 0000 00000000
[   71522.079470] /dev/input/event1: 0003 0036 00003421
[   71522.079470] /dev/input/event1: 0000 0000 00000000
[   71522.090559] /dev/input/event1: 0003 0036 000033aa
[   71522.090559] /dev/input/event1: 0000 0000 00000000
[   71522.101507] /dev/input/event1: 0003 0036 00003365
[   71522.101507] /dev/input/event1: 0000 0000 00000000
[   71522.113621] /dev/input/event1: 0003 0036 000032ff
[   71522.113621] /dev/input/event1: 0000 0000 00000000
[   71522.123945] /dev/input/event1: 0003 0036 00003266
[   71522.123945] /dev/input/event1: 0000 0000 00000000
[   71522.135582] /dev/input/event1: 0003 0036 000031ff
[   71522.135582] /dev/input/event1: 0000 0000 00000000
[   71522.146896] /dev/input/event1: 0003 0036 00003188
[   71522.146896] /dev/input/event1: 0000 0000 00000000
[   71522.157732] /dev/input/event1: 0003 0036 00003121
[   71522.157732] /dev/input/event1: 0000 0000 00000000
[   71522.169424] /dev/input/event1: 0003 0036 000030cc
[   71522.169424] /dev/input/event1: 0000 0000 00000000
[   71522.180676] /dev/input/event1: 0003 0036 00003088
[   71522.180676] /dev/input/event1: 0000 0000 00000000
[   71522.191349] /dev/input/event1: 0003 0036 00003021
[   71522.191349] /dev/input/event1: 0000 0000 00000000
[   71522.202960] /dev/input/event1: 0003 0035 00004ae6
[   71522.202960] /dev/input/event1: 0003 0036 00002fff
[   71522.202960] /dev/input/event1: 0000 0000 00000000
[   71522.214159] /dev/input/event1: 0003 0036 00002f88
[   71522.214159] /dev/input/event1: 0000 0000 00000000
[   71522.226258] /dev/input/event1: 0003 0036 00002f43
[   71522.226258] /dev/input/event1: 0000 0000 00000000
[   71522.236779] /dev/input/event1: 0003 0036 00002f21
[   71522.236779] /dev/input/event1: 0000 0000 00000000
[   71522.247661] /dev/input/event1: 0003 0036 00002eff
[   71522.247661] /dev/input/event1: 0000 0000 00000000
[   71522.259399] /dev/input/event1: 0003 0036 00002eaa
[   71522.259399] /dev/input/event1: 0000 0000 00000000
[   71522.271099] /dev/input/event1: 0003 0036 00002e88
[   71522.271099] /dev/input/event1: 0000 0000 00000000
[   71522.292904] /dev/input/event1: 0003 0036 00002e66
[   71522.292904] /dev/input/event1: 0000 0000 00000000
[   71522.303931] /dev/input/event1: 0003 0036 00002e43
[   71522.303931] /dev/input/event1: 0000 0000 00000000
[   71522.315212] /dev/input/event1: 0003 0036 00002e21
[   71522.315212] /dev/input/event1: 0000 0000 00000000
[   71522.326344] /dev/input/event1: 0003 0036 00002dff
[   71522.326344] /dev/input/event1: 0000 0000 00000000
[   71522.337630] /dev/input/event1: 0003 0036 00002dcc
[   71522.337630] /dev/input/event1: 0000 0000 00000000
[   71522.349186] /dev/input/event1: 0003 0036 00002daa
[   71522.349186] /dev/input/event1: 0000 0000 00000000
[   71522.360017] /dev/input/event1: 0003 0036 00002d88
[   71522.360017] /dev/input/event1: 0000 0000 00000000
[   71522.371395] /dev/input/event1: 0003 0036 00002d43
[   71522.371395] /dev/input/event1: 0000 0000 00000000
[   71522.382833] /dev/input/event1: 0003 0036 00002d21
[   71522.382833] /dev/input/event1: 0000 0000 00000000
[   71522.393792] /dev/input/event1: 0003 0036 00002cff
[   71522.393792] /dev/input/event1: 0000 0000 00000000
[   71522.405372] /dev/input/event1: 0003 0036 00002caa
[   71522.405372] /dev/input/event1: 0000 0000 00000000
[   71522.416296] /dev/input/event1: 0003 0036 00002c66
[   71522.416296] /dev/input/event1: 0000 0000 00000000
[   71522.427546] /dev/input/event1: 0003 0036 00002c43
[   71522.427546] /dev/input/event1: 0000 0000 00000000
[   71522.438820] /dev/input/event1: 0003 0036 00002bcc
[   71522.438820] /dev/input/event1: 0000 0000 00000000
[   71522.451146] /dev/input/event1: 0003 0036 00002b88
[   71522.451146] /dev/input/event1: 0000 0000 00000000
[   71522.461563] /dev/input/event1: 0003 0036 00002b21
[   71522.461563] /dev/input/event1: 0000 0000 00000000
[   71522.473045] /dev/input/event1: 0003 0036 00002aaa
[   71522.473045] /dev/input/event1: 0000 0000 00000000
[   71522.483808] /dev/input/event1: 0003 0036 00002a21
[   71522.483808] /dev/input/event1: 0000 0000 00000000
[   71522.495133] /dev/input/event1: 0003 0036 000029aa
[   71522.495133] /dev/input/event1: 0000 0000 00000000
[   71522.506323] /dev/input/event1: 0003 0036 00002966
[   71522.506323] /dev/input/event1: 0000 0000 00000000
[   71522.517631] /dev/input/event1: 0003 0036 000028ff
[   71522.517631] /dev/input/event1: 0000 0000 00000000
[   71522.528858] /dev/input/event1: 0003 0035 00004aaa
[   71522.528858] /dev/input/event1: 0003 0036 000028cc
[   71522.528858] /dev/input/event1: 0000 0000 00000000
[   71522.540167] /dev/input/event1: 0003 0036 00002888
[   71522.540167] /dev/input/event1: 0000 0000 00000000
[   71522.551469] /dev/input/event1: 0003 0036 00002866
[   71522.551469] /dev/input/event1: 0000 0000 00000000
[   71522.562802] /dev/input/event1: 0003 0036 00002843
[   71522.562802] /dev/input/event1: 0000 0000 00000000
[   71522.573808] /dev/input/event1: 0003 0036 00002821
[   71522.573808] /dev/input/event1: 0000 0000 00000000
[   71522.585697] /dev/input/event1: 0003 0036 000027ff
[   71522.585697] /dev/input/event1: 0000 0000 00000000
[   71522.596406] /dev/input/event1: 0003 0036 000027cc
[   71522.596406] /dev/input/event1: 0000 0000 00000000
[   71522.618811] /dev/input/event1: 0003 0036 000027aa
[   71522.618811] /dev/input/event1: 0000 0000 00000000
[   71522.664129] /dev/input/event1: 0003 0036 00002788
[   71522.664129] /dev/input/event1: 0000 0000 00000000
[   71522.957177] /dev/input/event1: 0003 003a 00000000
[   71522.957177] /dev/input/event1: 0003 0039 ffffffff
[   71522.957177] /dev/input/event1: 0000 0000 00000000
[   71524.488716] /dev/input/event1: 0003 0039 00000000
[   71524.488716] /dev/input/event1: 0003 0030 00000341
[   71524.488716] /dev/input/event1: 0003 003a 00000081
[   71524.488716] /dev/input/event1: 0003 0035 00002a4f
[   71524.488716] /dev/input/event1: 0003 0036 00002266
[   71524.488716] /dev/input/event1: 0000 0000 00000000
[   71524.588949] /dev/input/event1: 0003 003a 00000000
[   71524.588949] /dev/input/event1: 0003 0039 ffffffff
[   71524.588949] /dev/input/event1: 0000 0000 00000000
[   71526.682229] /dev/input/event1: 0003 0039 00000000
[   71526.682229] /dev/input/event1: 0003 0030 00000342
[   71526.682229] /dev/input/event1: 0003 003a 00000081
[   71526.682229] /dev/input/event1: 0003 0035 00000e75
[   71526.682229] /dev/input/event1: 0003 0036 000031ff
[   71526.682229] /dev/input/event1: 0000 0000 00000000
[   71526.793096] /dev/input/event1: 0003 003a 00000000
[   71526.793096] /dev/input/event1: 0003 0039 ffffffff
[   71526.793096] /dev/input/event1: 0000 0000 00000000
[   71528.122156] /dev/input/event1: 0003 0039 00000000
[   71528.122156] /dev/input/event1: 0003 0030 00000343
[   71528.122156] /dev/input/event1: 0003 003a 00000081
[   71528.122156] /dev/input/event1: 0003 0035 00004eb1
[   71528.122156] /dev/input/event1: 0003 0036 00005ea9
[   71528.122156] /dev/input/event1: 0000 0000 00000000
[   71528.223038] /dev/input/event1: 0003 003a 00000000
[   71528.223038] /dev/input/event1: 0003 0039 ffffffff
[   71528.223038] /dev/input/event1: 0000 0000 00000000
[   71532.917130] /dev/input/event1: 0003 0039 00000000
[   71532.917130] /dev/input/event1: 0003 0030 00000344
[   71532.917130] /dev/input/event1: 0003 003a 00000081
[   71532.917130] /dev/input/event1: 0003 0035 00003f2b
[   71532.917130] /dev/input/event1: 0003 0036 00003ecc
[   71532.917130] /dev/input/event1: 0000 0000 00000000
[   71533.017655] /dev/input/event1: 0003 003a 00000000
[   71533.017655] /dev/input/event1: 0003 0039 ffffffff
[   71533.017655] /dev/input/event1: 0000 0000 00000000
[   71534.652274] /dev/input/event1: 0003 0039 00000000
[   71534.652274] /dev/input/event1: 0003 0030 00000345
[   71534.652274] /dev/input/event1: 0003 003a 00000081
[   71534.652274] /dev/input/event1: 0003 0035 00000648
[   71534.652274] /dev/input/event1: 0003 0036 000065ff
[   71534.652274] /dev/input/event1: 0000 0000 00000000
[   71534.741675] /dev/input/event1: 0003 003a 00000000
[   71534.741675] /dev/input/event1: 0003 0039 ffffffff
[   71534.741675] /dev/input/event1: 0000 0000 00000000
[   71535.552405] /dev/input/event1: 0003 0039 00000000
[   71535.552405] /dev/input/event1: 0003 0030 00000346
[   71535.552405] /dev/input/event1: 0003 003a 00000081
[   71535.552405] /dev/input/event1: 0003 0035 00003407
[   71535.552405] /dev/input/event1: 0003 0036 000065a9
[   71535.552405] /dev/input/event1: 0000 0000 00000000
[   71535.629377] /dev/input/event1: 0003 003a 00000000
[   71535.629377] /dev/input/event1: 0003 0039 ffffffff
[   71535.629377] /dev/input/event1: 0000 0000 00000000
[   71536.532686] /dev/input/event1: 0003 0039 00000000
[   71536.532686] /dev/input/event1: 0003 0030 00000347
[   71536.532686] /dev/input/event1: 0003 003a 00000081
[   71536.532686] /dev/input/event1: 0003 0035 00002bd9
[   71536.532686] /dev/input/event1: 0003 0036 00005221
[   71536.532686] /dev/input/event1: 0000 0000 00000000
[   71536.631854] /dev/input/event1: 0003 003a 00000000
[   71536.631854] /dev/input/event1: 0003 0039 ffffffff
[   71536.631854] /dev/input/event1: 0000 0000 00000000
[   71537.691050] /dev/input/event1: 0003 0039 00000000
[   71537.691050] /dev/input/event1: 0003 0030 00000348
[   71537.691050] /dev/input/event1: 0003 003a 00000081
[   71537.691050] /dev/input/event1: 0003 0035 00004795
[   71537.691050] /dev/input/event1: 0003 0036 00005187
[   71537.691050] /dev/input/event1: 0000 0000 00000000
[   71537.779901] /dev/input/event1: 0003 003a 00000000
[   71537.779901] /dev/input/event1: 0003 0039 ffffffff
[   71537.779901] /dev/input/event1: 0000 0000 00000000
[   71539.087528] /dev/input/event1: 0003 0039 00000000
[   71539.087528] /dev/input/event1: 0003 0030 00000349
[   71539.087528] /dev/input/event1: 0003 003a 00000081
[   71539.087528] /dev/input/event1: 0003 0035 0000784a
[   71539.087528] /dev/input/event1: 0003 0036 000050aa
[   71539.087528] /dev/input/event1: 0000 0000 00000000
[   71539.176587] /dev/input/event1: 0003 003a 00000000
[   71539.176587] /dev/input/event1: 0003 0039 ffffffff
[   71539.176587] /dev/input/event1: 0000 0000 00000000
[   71540.191885] /dev/input/event1: 0003 0039 00000000
[   71540.191885] /dev/input/event1: 0003 0030 0000034a
[   71540.191885] /dev/input/event1: 0003 003a 00000081
[   71540.191885] /dev/input/event1: 0003 0035 00003aaa
[   71540.191885] /dev/input/event1: 0003 0036 000050ff
[   71540.191885] /dev/input/event1: 0000 0000 00000000
[   71540.290907] /dev/input/event1: 0003 003a 00000000
[   71540.290907] /dev/input/event1: 0003 0039 ffffffff
[   71540.290907] /dev/input/event1: 0000 0000 00000000
[   71541.115514] /dev/input/event1: 0003 0039 00000000
[   71541.115514] /dev/input/event1: 0003 0030 0000034b
[   71541.115514] /dev/input/event1: 0003 003a 00000081
[   71541.115514] /dev/input/event1: 0003 0035 00006b23
[   71541.115514] /dev/input/event1: 0003 0036 00005065
[   71541.115514] /dev/input/event1: 0000 0000 00000000
[   71541.214386] /dev/input/event1: 0003 003a 00000000
[   71541.214386] /dev/input/event1: 0003 0039 ffffffff
[   71541.214386] /dev/input/event1: 0000 0000 00000000
[   71542.229445] /dev/input/event1: 0003 0039 00000000
[   71542.229445] /dev/input/event1: 0003 0030 0000034c
[   71542.229445] /dev/input/event1: 0003 003a 00000081
[   71542.229445] /dev/input/event1: 0003 0035 0000412e
[   71542.229445] /dev/input/event1: 0003 0036 000070cb
[   71542.229445] /dev/input/event1: 0000 0000 00000000
[   71542.329824] /dev/input/event1: 0003 003a 00000000
[   71542.329824] /dev/input/event1: 0003 0039 ffffffff
[   71542.329824] /dev/input/event1: 0000 0000 00000000
[   71543.050158] /dev/input/event1: 0003 0039 00000000
[   71543.050158] /dev/input/event1: 0003 0030 0000034d
[   71543.050158] /dev/input/event1: 0003 003a 00000081
[   71543.050158] /dev/input/event1: 0003 0035 00006683
[   71543.050158] /dev/input/event1: 0003 0036 00006665
[   71543.050158] /dev/input/event1: 0000 0000 00000000
[   71543.138753] /dev/input/event1: 0003 003a 00000000
[   71543.138753] /dev/input/event1: 0003 0039 ffffffff
[   71543.138753] /dev/input/event1: 0000 0000 00000000
[   71544.119802] /dev/input/event1: 0003 0039 00000000
[   71544.119802] /dev/input/event1: 0003 0030 0000034e
[   71544.119802] /dev/input/event1: 0003 003a 00000081
[   71544.119802] /dev/input/event1: 0003 0035 00006eb1
[   71544.119802] /dev/input/event1: 0003 0036 00005187
[   71544.119802] /dev/input/event1: 0000 0000 00000000
[   71544.208235] /dev/input/event1: 0003 003a 00000000
[   71544.208235] /dev/input/event1: 0003 0039 ffffffff
[   71544.208235] /dev/input/event1: 0000 0000 00000000
[   71545.595301] /dev/input/event1: 0003 0039 00000000
[   71545.595301] /dev/input/event1: 0003 0030 0000034f
[   71545.595301] /dev/input/event1: 0003 003a 00000081
[   71545.595301] /dev/input/event1: 0003 0035 000056c0
[   71545.595301] /dev/input/event1: 0003 0036 000065a9
[   71545.595301] /dev/input/event1: 0000 0000 00000000
[   71545.660083] /dev/input/event1: 0003 003a 00000000
[   71545.660083] /dev/input/event1: 0003 0039 ffffffff
[   71545.660083] /dev/input/event1: 0000 0000 00000000
[   71546.686977] /dev/input/event1: 0003 0039 00000000
[   71546.686977] /dev/input/event1: 0003 0030 00000350
[   71546.686977] /dev/input/event1: 0003 003a 00000081
[   71546.686977] /dev/input/event1: 0003 0035 000021c6
[   71546.686977] /dev/input/event1: 0003 0036 000051aa
[   71546.686977] /dev/input/event1: 0000 0000 00000000
[   71546.751972] /dev/input/event1: 0003 003a 00000000
[   71546.751972] /dev/input/event1: 0003 0039 ffffffff
[   71546.751972] /dev/input/event1: 0000 0000 00000000
[   71547.846387] /dev/input/event1: 0003 0039 00000000
[   71547.846387] /dev/input/event1: 0003 0030 00000351
[   71547.846387] /dev/input/event1: 0003 003a 00000081
[   71547.846387] /dev/input/event1: 0003 0035 00004554
[   71547.846387] /dev/input/event1: 0003 0036 00005065
[   71547.846387] /dev/input/event1: 0000 0000 00000000
[   71547.945086] /dev/input/event1: 0003 003a 00000000
[   71547.945086] /dev/input/event1: 0003 0039 ffffffff
[   71547.945086] /dev/input/event1: 0000 0000 00000000
[   71556.747374] /dev/input/event1: 0003 0039 00000000
[   71556.747374] /dev/input/event1: 0003 0030 00000352
[   71556.747374] /dev/input/event1: 0003 003a 00000081
[   71556.747374] /dev/input/event1: 0003 0035 00006406
[   71556.747374] /dev/input/event1: 0003 0036 000036ff
[   71556.747374] /dev/input/event1: 0000 0000 00000000
[   71557.287194] /dev/input/event1: 0003 0036 000036cc
[   71557.287194] /dev/input/event1: 0000 0000 00000000
[   71557.297893] /dev/input/event1: 0003 0036 000036aa
[   71557.297893] /dev/input/event1: 0000 0000 00000000
[   71557.307878] /dev/input/event1: 0003 0035 000063ca
[   71557.307878] /dev/input/event1: 0000 0000 00000000
[   71557.319293] /dev/input/event1: 0003 0036 00003688
[   71557.319293] /dev/input/event1: 0000 0000 00000000
[   71557.341718] /dev/input/event1: 0003 0036 00003665
[   71557.341718] /dev/input/event1: 0000 0000 00000000
[   71557.386883] /dev/input/event1: 0003 0036 00003643
[   71557.386883] /dev/input/event1: 0000 0000 00000000
[   71557.420593] /dev/input/event1: 0003 0035 0000638d
[   71557.420593] /dev/input/event1: 0003 0036 00003621
[   71557.420593] /dev/input/event1: 0000 0000 00000000
[   71557.431995] /dev/input/event1: 0003 0036 000035ff
[   71557.431995] /dev/input/event1: 0000 0000 00000000
[   71557.443155] /dev/input/event1: 0003 0036 000035cc
[   71557.443155] /dev/input/event1: 0000 0000 00000000
[   71557.454126] /dev/input/event1: 0003 0036 00003588
[   71557.454126] /dev/input/event1: 0000 0000 00000000
[   71557.465496] /dev/input/event1: 0003 0035 00006332
[   71557.465496] /dev/input/event1: 0003 0036 00003565
[   71557.465496] /dev/input/event1: 0000 0000 00000000
[   71557.476951] /dev/input/event1: 0003 0036 00003543
[   71557.476951] /dev/input/event1: 0000 0000 00000000
[   71557.488129] /dev/input/event1: 0003 0036 000034ff
[   71557.488129] /dev/input/event1: 0000 0000 00000000
[   71557.499681] /dev/input/event1: 0003 0035 000062f5
[   71557.499681] /dev/input/event1: 0003 0036 000034cc
[   71557.499681] /dev/input/event1: 0000 0000 00000000
[   71557.510924] /dev/input/event1: 0003 0036 000034aa
[   71557.510924] /dev/input/event1: 0000 0000 00000000
[   71557.521704] /dev/input/event1: 0003 0036 00003465
[   71557.521704] /dev/input/event1: 0000 0000 00000000
[   71557.544167] /dev/input/event1: 0003 0036 00003421
[   71557.544167] /dev/input/event1: 0000 0000 00000000
[   71557.555388] /dev/input/event1: 0003 0036 000033ff
[   71557.555388] /dev/input/event1: 0000 0000 00000000
[   71557.567201] /dev/input/event1: 0003 0036 000033cc
[   71557.567201] /dev/input/event1: 0000 0000 00000000
[   71557.578040] /dev/input/event1: 0003 0036 000033aa
[   71557.578040] /dev/input/event1: 0000 0000 00000000
[   71557.589225] /dev/input/event1: 0003 0036 00003388
[   71557.589225] /dev/input/event1: 0000 0000 00000000
[   71557.600990] /dev/input/event1: 0003 0036 00003365
[   71557.600990] /dev/input/event1: 0000 0000 00000000
[   71557.611758] /dev/input/event1: 0003 0036 00003343
[   71557.611758] /dev/input/event1: 0000 0000 00000000
[   71557.623138] /dev/input/event1: 0003 0036 000032ff
[   71557.623138] /dev/input/event1: 0000 0000 00000000
[   71557.634382] /dev/input/event1: 0003 0035 00006332
[   71557.634382] /dev/input/event1: 0003 0036 000032cc
[   71557.634382] /dev/input/event1: 0000 0000 00000000
[   71557.656858] /dev/input/event1: 0003 0036 00003288
[   71557.656858] /dev/input/event1: 0000 0000 00000000
[   71557.658316] /dev/input/event1: 0003 0036 00003243
[   71557.658316] /dev/input/event1: 0000 0000 00000000
[   71557.668030] /dev/input/event1: 0003 0036 00003221
[   71557.668030] /dev/input/event1: 0000 0000 00000000
[   71557.679234] /dev/input/event1: 0003 0035 0000638d
[   71557.679234] /dev/input/event1: 0003 0036 000031ff
[   71557.679234] /dev/input/event1: 0000 0000 00000000
[   71557.690847] /dev/input/event1: 0003 0036 000031aa
[   71557.690847] /dev/input/event1: 0000 0000 00000000
[   71557.701827] /dev/input/event1: 0003 0036 00003188
[   71557.701827] /dev/input/event1: 0000 0000 00000000
[   71557.713337] /dev/input/event1: 0003 0035 000063ca
[   71557.713337] /dev/input/event1: 0003 0036 00003166
[   71557.713337] /dev/input/event1: 0000 0000 00000000
[   71557.724314] /dev/input/event1: 0003 0036 00003121
[   71557.724314] /dev/input/event1: 0000 0000 00000000
[   71557.735402] /dev/input/event1: 0003 0036 000030cc
[   71557.735402] /dev/input/event1: 0000 0000 00000000
[   71557.747049] /dev/input/event1: 0003 0036 000030aa
[   71557.747049] /dev/input/event1: 0000 0000 00000000
[   71557.757951] /dev/input/event1: 0003 0035 00006406
[   71557.757951] /dev/input/event1: 0003 0036 00003088
[   71557.757951] /dev/input/event1: 0000 0000 00000000
[   71557.769452] /dev/input/event1: 0003 0036 00003043
[   71557.769452] /dev/input/event1: 0000 0000 00000000
[   71557.792175] /dev/input/event1: 0003 0036 00002fff
[   71557.792175] /dev/input/event1: 0000 0000 00000000
[   71557.802938] /dev/input/event1: 0003 0036 00002fcc
[   71557.802938] /dev/input/event1: 0000 0000 00000000
[   71557.814872] /dev/input/event1: 0003 0036 00002faa
[   71557.814872] /dev/input/event1: 0000 0000 00000000
[   71557.825501] /dev/input/event1: 0003 0036 00002f88
[   71557.825501] /dev/input/event1: 0000 0000 00000000
[   71557.837119] /dev/input/event1: 0003 0036 00002f66
[   71557.837119] /dev/input/event1: 0000 0000 00000000
[   71557.848161] /dev/input/event1: 0003 0036 00002f43
[   71557.848161] /dev/input/event1: 0000 0000 00000000
[   71557.870807] /dev/input/event1: 0003 0036 00002f21
[   71557.870807] /dev/input/event1: 0000 0000 00000000
[   71557.881972] /dev/input/event1: 0003 0036 00002eff
[   71557.881972] /dev/input/event1: 0000 0000 00000000
[   71557.893793] /dev/input/event1: 0003 0035 000063ca
[   71557.893793] /dev/input/event1: 0003 0036 00002ecc
[   71557.893793] /dev/input/event1: 0000 0000 00000000
[   71557.904675] /dev/input/event1: 0003 0036 00002eaa
[   71557.904675] /dev/input/event1: 0000 0000 00000000
[   71557.915622] /dev/input/event1: 0003 0036 00002e88
[   71557.915622] /dev/input/event1: 0000 0000 00000000
[   71557.937995] /dev/input/event1: 0003 0036 00002e66
[   71557.937995] /dev/input/event1: 0000 0000 00000000
[   71557.950239] /dev/input/event1: 0003 0036 00002e43
[   71557.950239] /dev/input/event1: 0000 0000 00000000
[   71557.961695] /dev/input/event1: 0003 0036 00002e21
[   71557.961695] /dev/input/event1: 0000 0000 00000000
[   71557.971688] /dev/input/event1: 0003 0036 00002dff
[   71557.971688] /dev/input/event1: 0000 0000 00000000
[   71557.983182] /dev/input/event1: 0003 0036 00002dcc
[   71557.983182] /dev/input/event1: 0000 0000 00000000
[   71557.994219] /dev/input/event1: 0003 0036 00002daa
[   71557.994219] /dev/input/event1: 0000 0000 00000000
[   71558.005614] /dev/input/event1: 0003 0036 00002d88
[   71558.005614] /dev/input/event1: 0000 0000 00000000
[   71558.027901] /dev/input/event1: 0003 0036 00002d66
[   71558.027901] /dev/input/event1: 0000 0000 00000000
[   71558.039298] /dev/input/event1: 0003 0035 0000638d
[   71558.039298] /dev/input/event1: 0000 0000 00000000
[   71558.050911] /dev/input/event1: 0003 0036 00002d43
[   71558.050911] /dev/input/event1: 0000 0000 00000000
[   71558.061712] /dev/input/event1: 0003 0036 00002d21
[   71558.061712] /dev/input/event1: 0000 0000 00000000
[   71558.084546] /dev/input/event1: 0003 0036 00002cff
[   71558.084546] /dev/input/event1: 0000 0000 00000000
[   71558.106936] /dev/input/event1: 0003 0036 00002ccc
[   71558.106936] /dev/input/event1: 0000 0000 00000000
[   71558.118188] /dev/input/event1: 0003 0036 00002caa
[   71558.118188] /dev/input/event1: 0000 0000 00000000
[   71558.129238] /dev/input/event1: 0003 0036 00002c88
[   71558.129238] /dev/input/event1: 0000 0000 00000000
[   71558.140977] /dev/input/event1: 0003 0036 00002c66
[   71558.140977] /dev/input/event1: 0000 0000 00000000
[   71558.153276] /dev/input/event1: 0003 0035 00006332
[   71558.153276] /dev/input/event1: 0003 0036 00002c43
[   71558.153276] /dev/input/event1: 0000 0000 00000000
[   71558.163871] /dev/input/event1: 0003 0036 00002c21
[   71558.163871] /dev/input/event1: 0000 0000 00000000
[   71558.174241] /dev/input/event1: 0003 0036 00002bff
[   71558.174241] /dev/input/event1: 0000 0000 00000000
[   71558.186357] /dev/input/event1: 0003 0036 00002bcc
[   71558.186357] /dev/input/event1: 0000 0000 00000000
[   71558.196843] /dev/input/event1: 0003 0035 000062f5
[   71558.196843] /dev/input/event1: 0003 0036 00002baa
[   71558.196843] /dev/input/event1: 0000 0000 00000000
[   71558.208354] /dev/input/event1: 0003 0036 00002b66
[   71558.208354] /dev/input/event1: 0000 0000 00000000
[   71558.219353] /dev/input/event1: 0003 0036 00002b43
[   71558.219353] /dev/input/event1: 0000 0000 00000000
[   71558.241796] /dev/input/event1: 0003 0035 000062b9
[   71558.241796] /dev/input/event1: 0003 0036 00002b21
[   71558.241796] /dev/input/event1: 0000 0000 00000000
[   71558.253494] /dev/input/event1: 0003 0036 00002aff
[   71558.253494] /dev/input/event1: 0000 0000 00000000
[   71558.264595] /dev/input/event1: 0003 0036 00002aaa
[   71558.264595] /dev/input/event1: 0000 0000 00000000
[   71558.275545] /dev/input/event1: 0003 0036 00002a43
[   71558.275545] /dev/input/event1: 0000 0000 00000000
[   71558.287522] /dev/input/event1: 0003 0035 0000627c
[   71558.287522] /dev/input/event1: 0003 0036 000029cc
[   71558.287522] /dev/input/event1: 0000 0000 00000000
[   71558.298083] /dev/input/event1: 0003 0036 000029aa
[   71558.298083] /dev/input/event1: 0000 0000 00000000
[   71558.310774] /dev/input/event1: 0003 0036 00002988
[   71558.310774] /dev/input/event1: 0000 0000 00000000
[   71558.320862] /dev/input/event1: 0003 0036 00002966
[   71558.320862] /dev/input/event1: 0000 0000 00000000
[   71558.354342] /dev/input/event1: 0003 0036 00002943
[   71558.354342] /dev/input/event1: 0000 0000 00000000
[   71558.377244] /dev/input/event1: 0003 0036 00002921
[   71558.377244] /dev/input/event1: 0000 0000 00000000
[   71558.399753] /dev/input/event1: 0003 0035 0000623f
[   71558.399753] /dev/input/event1: 0003 0036 000028cc
[   71558.399753] /dev/input/event1: 0000 0000 00000000
[   71558.410966] /dev/input/event1: 0003 0036 000028aa
[   71558.410966] /dev/input/event1: 0000 0000 00000000
[   71558.422524] /dev/input/event1: 0003 0035 00006203
[   71558.422524] /dev/input/event1: 0003 0036 00002866
[   71558.422524] /dev/input/event1: 0000 0000 00000000
[   71558.433186] /dev/input/event1: 0003 0036 00002843
[   71558.433186] /dev/input/event1: 0000 0000 00000000
[   71558.444521] /dev/input/event1: 0003 0036 00002821
[   71558.444521] /dev/input/event1: 0000 0000 00000000
[   71558.456116] /dev/input/event1: 0003 0036 000027ff
[   71558.456116] /dev/input/event1: 0000 0000 00000000
[   71558.466957] /dev/input/event1: 0003 0035 000061c6
[   71558.466957] /dev/input/event1: 0003 0036 000027cc
[   71558.466957] /dev/input/event1: 0000 0000 00000000
[   71558.478141] /dev/input/event1: 0003 0036 000027aa
[   71558.478141] /dev/input/event1: 0000 0000 00000000
[   71558.489580] /dev/input/event1: 0003 0036 00002788
[   71558.489580] /dev/input/event1: 0000 0000 00000000
[   71559.153156] /dev/input/event1: 0003 0035 00006203
[   71559.153156] /dev/input/event1: 0003 0036 00002766
[   71559.153156] /dev/input/event1: 0000 0000 00000000
[   71559.165249] /dev/input/event1: 0003 0035 0000627c
[   71559.165249] /dev/input/event1: 0003 0036 00002743
[   71559.165249] /dev/input/event1: 0000 0000 00000000
[   71559.176213] /dev/input/event1: 0003 0035 000062f5
[   71559.176213] /dev/input/event1: 0000 0000 00000000
[   71559.187044] /dev/input/event1: 0003 0035 00006332
[   71559.187044] /dev/input/event1: 0003 0036 00002721
[   71559.187044] /dev/input/event1: 0000 0000 00000000
[   71559.198660] /dev/input/event1: 0003 0035 000063ca
[   71559.198660] /dev/input/event1: 0003 0036 000026ff
[   71559.198660] /dev/input/event1: 0000 0000 00000000
[   71559.210789] /dev/input/event1: 0003 0035 00006406
[   71559.210789] /dev/input/event1: 0000 0000 00000000
[   71559.232255] /dev/input/event1: 0003 0035 00006443
[   71559.232255] /dev/input/event1: 0003 0036 000026cc
[   71559.232255] /dev/input/event1: 0000 0000 00000000
[   71559.244043] /dev/input/event1: 0003 0035 00006480
[   71559.244043] /dev/input/event1: 0000 0000 00000000
[   71559.907458] /dev/input/event1: 0003 003a 00000000
[   71559.907458] /dev/input/event1: 0003 0039 ffffffff
[   71559.907458] /dev/input/event1: 0000 0000 00000000
[   71562.193549] /dev/input/event1: 0003 0039 00000000
[   71562.193549] /dev/input/event1: 0003 0030 00000353
[   71562.193549] /dev/input/event1: 0003 003a 00000081
[   71562.193549] /dev/input/event1: 0003 0035 0000080f
[   71562.193549] /dev/input/event1: 0003 0036 00003a21
[   71562.193549] /dev/input/event1: 0000 0000 00000000
[   71562.283580] /dev/input/event1: 0003 003a 00000000
[   71562.283580] /dev/input/event1: 0003 0039 ffffffff
[   71562.283580] /dev/input/event1: 0000 0000 00000000
[   71567.459419] /dev/input/event1: 0003 0039 00000000
[   71567.459419] /dev/input/event1: 0003 0030 00000354
[   71567.459419] /dev/input/event1: 0003 003a 00000081
[   71567.459419] /dev/input/event1: 0003 0035 0000684b
[   71567.459419] /dev/input/event1: 0003 0036 00003f21
[   71567.459419] /dev/input/event1: 0000 0000 00000000
[   71567.987838] /dev/input/event1: 0003 0036 00003eff
[   71567.987838] /dev/input/event1: 0000 0000 00000000
[   71567.998543] /dev/input/event1: 0003 0036 00003eaa
[   71567.998543] /dev/input/event1: 0000 0000 00000000
[   71568.008434] /dev/input/event1: 0003 0036 00003e88
[   71568.008434] /dev/input/event1: 0000 0000 00000000
[   71568.019735] /dev/input/event1: 0003 0036 00003e65
[   71568.019735] /dev/input/event1: 0000 0000 00000000
[   71568.031368] /dev/input/event1: 0003 0036 00003e43
[   71568.031368] /dev/input/event1: 0000 0000 00000000
[   71568.042243] /dev/input/event1: 0003 0036 00003e21
[   71568.042243] /dev/input/event1: 0000 0000 00000000
[   71568.053466] /dev/input/event1: 0003 0036 00003dff
[   71568.053466] /dev/input/event1: 0000 0000 00000000
[   71568.064707] /dev/input/event1: 0003 0035 0000680e
[   71568.064707] /dev/input/event1: 0003 0036 00003dcc
[   71568.064707] /dev/input/event1: 0000 0000 00000000
[   71568.075946] /dev/input/event1: 0003 0036 00003daa
[   71568.075946] /dev/input/event1: 0000 0000 00000000
[   71568.109725] /dev/input/event1: 0003 0036 00003d88
[   71568.109725] /dev/input/event1: 0000 0000 00000000
[   71568.132153] /dev/input/event1: 0003 0036 00003d65
[   71568.132153] /dev/input/event1: 0000 0000 00000000
[   71568.143644] /dev/input/event1: 0003 0036 00003d43
[   71568.143644] /dev/input/event1: 0000 0000 00000000
[   71568.154648] /dev/input/event1: 0003 0036 00003d21
[   71568.154648] /dev/input/event1: 0000 0000 00000000
[   71568.166027] /dev/input/event1: 0003 0036 00003cff
[   71568.166027] /dev/input/event1: 0000 0000 00000000
[   71568.177489] /dev/input/event1: 0003 0036 00003ccc
[   71568.177489] /dev/input/event1: 0000 0000 00000000
[   71568.188422] /dev/input/event1: 0003 0036 00003caa
[   71568.188422] /dev/input/event1: 0000 0000 00000000
[   71568.199858] /dev/input/event1: 0003 0036 00003c88
[   71568.199858] /dev/input/event1: 0000 0000 00000000
[   71568.212175] /dev/input/event1: 0003 0035 000067d1
[   71568.212175] /dev/input/event1: 0003 0036 00003c65
[   71568.212175] /dev/input/event1: 0000 0000 00000000
[   71568.222329] /dev/input/event1: 0003 0036 00003c21
[   71568.222329] /dev/input/event1: 0000 0000 00000000
[   71568.233556] /dev/input/event1: 0003 0036 00003bff
[   71568.233556] /dev/input/event1: 0000 0000 00000000
[   71568.245668] /dev/input/event1: 0003 0036 00003b88
[   71568.245668] /dev/input/event1: 0000 0000 00000000
[   71568.255983] /dev/input/event1: 0003 0036 00003b43
[   71568.255983] /dev/input/event1: 0000 0000 00000000
[   71568.267329] /dev/input/event1: 0003 0036 00003acc
[   71568.267329] /dev/input/event1: 0000 0000 00000000
[   71568.278878] /dev/input/event1: 0003 0035 00006794
[   71568.278878] /dev/input/event1: 0003 0036 00003a88
[   71568.278878] /dev/input/event1: 0000 0000 00000000
[   71568.289823] /dev/input/event1: 0003 0036 00003a43
[   71568.289823] /dev/input/event1: 0000 0000 00000000
[   71568.301912] /dev/input/event1: 0003 0036 000039ff
[   71568.301912] /dev/input/event1: 0000 0000 00000000
[   71568.312203] /dev/input/event1: 0003 0036 000039aa
[   71568.312203] /dev/input/event1: 0000 0000 00000000
[   71568.323632] /dev/input/event1: 0003 0036 00003943
[   71568.323632] /dev/input/event1: 0000 0000 00000000
[   71568.334704] /dev/input/event1: 0003 0036 000038aa
[   71568.334704] /dev/input/event1: 0000 0000 00000000
[   71568.346081] /dev/input/event1: 0003 0036 00003843
[   71568.346081] /dev/input/event1: 0000 0000 00000000
[   71568.357139] /dev/input/event1: 0003 0036 000037cc
[   71568.357139] /dev/input/event1: 0000 0000 00000000
[   71568.368439] /dev/input/event1: 0003 0036 00003765
[   71568.368439] /dev/input/event1: 0000 0000 00000000
[   71568.379701] /dev/input/event1: 0003 0036 00003721
[   71568.379701] /dev/input/event1: 0000 0000 00000000
[   71568.391164] /dev/input/event1: 0003 0036 000036ff
[   71568.391164] /dev/input/event1: 0000 0000 00000000
[   71568.402161] /dev/input/event1: 0003 0036 000036aa
[   71568.402161] /dev/input/event1: 0000 0000 00000000
[   71568.424615] /dev/input/event1: 0003 0036 00003688
[   71568.424615] /dev/input/event1: 0000 0000 00000000
[   71568.436109] /dev/input/event1: 0003 0036 00003665
[   71568.436109] /dev/input/event1: 0000 0000 00000000
[   71568.447420] /dev/input/event1: 0003 0036 00003643
[   71568.447420] /dev/input/event1: 0000 0000 00000000
[   71568.469767] /dev/input/event1: 0003 0036 00003621
[   71568.469767] /dev/input/event1: 0000 0000 00000000
[   71568.481097] /dev/input/event1: 0003 0036 000035ff
[   71568.481097] /dev/input/event1: 0000 0000 00000000
[   71568.515433] /dev/input/event1: 0003 0036 000035cc
[   71568.515433] /dev/input/event1: 0000 0000 00000000
[   71568.537196] /dev/input/event1: 0003 0035 00006758
[   71568.537196] /dev/input/event1: 0003 0036 000035aa
[   71568.537196] /dev/input/event1: 0000 0000 00000000
[   71568.559686] /dev/input/event1: 0003 0036 00003588
[   71568.559686] /dev/input/event1: 0000 0000 00000000
[   71568.582196] /dev/input/event1: 0003 0036 00003565
[   71568.582196] /dev/input/event1: 0000 0000 00000000
[   71568.593299] /dev/input/event1: 0003 0036 00003521
[   71568.593299] /dev/input/event1: 0000 0000 00000000
[   71568.616047] /dev/input/event1: 0003 0036 000034ff
[   71568.616047] /dev/input/event1: 0000 0000 00000000
[   71568.627128] /dev/input/event1: 0003 0036 000034aa
[   71568.627128] /dev/input/event1: 0000 0000 00000000
[   71568.649917] /dev/input/event1: 0003 0036 00003465
[   71568.649917] /dev/input/event1: 0000 0000 00000000
[   71568.661966] /dev/input/event1: 0003 0036 00003443
[   71568.661966] /dev/input/event1: 0000 0000 00000000
[   71568.672723] /dev/input/event1: 0003 0036 00003421
[   71568.672723] /dev/input/event1: 0000 0000 00000000
[   71568.683627] /dev/input/event1: 0003 0036 000033ff
[   71568.683627] /dev/input/event1: 0000 0000 00000000
[   71568.695584] /dev/input/event1: 0003 0036 000033aa
[   71568.695584] /dev/input/event1: 0000 0000 00000000
[   71568.705837] /dev/input/event1: 0003 0036 00003343
[   71568.705837] /dev/input/event1: 0000 0000 00000000
[   71568.717366] /dev/input/event1: 0003 0036 000032cc
[   71568.717366] /dev/input/event1: 0000 0000 00000000
[   71568.728940] /dev/input/event1: 0003 0036 00003266
[   71568.728940] /dev/input/event1: 0000 0000 00000000
[   71568.740212] /dev/input/event1: 0003 0036 000031ff
[   71568.740212] /dev/input/event1: 0000 0000 00000000
[   71568.751220] /dev/input/event1: 0003 0036 000031aa
[   71568.751220] /dev/input/event1: 0000 0000 00000000
[   71568.762257] /dev/input/event1: 0003 0036 00003143
[   71568.762257] /dev/input/event1: 0000 0000 00000000
[   71568.773538] /dev/input/event1: 0003 0036 000030ff
[   71568.773538] /dev/input/event1: 0000 0000 00000000
[   71568.784744] /dev/input/event1: 0003 0036 000030aa
[   71568.784744] /dev/input/event1: 0000 0000 00000000
[   71568.795837] /dev/input/event1: 0003 0036 00003088
[   71568.795837] /dev/input/event1: 0000 0000 00000000
[   71568.807212] /dev/input/event1: 0003 0036 00003043
[   71568.807212] /dev/input/event1: 0000 0000 00000000
[   71568.829880] /dev/input/event1: 0003 0036 00003021
[   71568.829880] /dev/input/event1: 0000 0000 00000000
[   71568.841532] /dev/input/event1: 0003 0036 00002fff
[   71568.841532] /dev/input/event1: 0000 0000 00000000
[   71568.863496] /dev/input/event1: 0003 0036 00002fcc
[   71568.863496] /dev/input/event1: 0000 0000 00000000
[   71569.550335] /dev/input/event1: 0003 003a 00000000
[   71569.550335] /dev/input/event1: 0003 0039 ffffffff
[   71569.550335] /dev/input/event1: 0000 0000 00000000
[   71570.845718] /dev/input/event1: 0003 0039 00000000
[   71570.845718] /dev/input/event1: 0003 0030 00000355
[   71570.845718] /dev/input/event1: 0003 003a 00000081
[   71570.845718] /dev/input/event1: 0003 0035 00000795
[   71570.845718] /dev/input/event1: 0003 0036 00003f65
[   71570.845718] /dev/input/event1: 0000 0000 00000000
[   71570.979460] /dev/input/event1: 0003 003a 00000000
[   71570.979460] /dev/input/event1: 0003 0039 ffffffff
[   71570.979460] /dev/input/event1: 0000 0000 00000000
[   71574.851518] /dev/input/event1: 0003 0039 00000000
[   71574.851518] /dev/input/event1: 0003 0030 00000356
[   71574.851518] /dev/input/event1: 0003 003a 00000081
[   71574.851518] /dev/input/event1: 0003 0035 0000760a
[   71574.851518] /dev/input/event1: 0003 0036 00000922
[   71574.851518] /dev/input/event1: 0000 0000 00000000
[   71574.987219] /dev/input/event1: 0003 003a 00000000
[   71574.987219] /dev/input/event1: 0003 0039 ffffffff
[   71574.987219] /dev/input/event1: 0000 0000 00000000