add device 1: /dev/input/event0
  name:     "Power Button"
add device 2: /dev/input/event1
  name:     "qwerty2"
[     226.490986] /dev/input/event1: 0003 0039 00000000
[     226.490986] /dev/input/event1: 0003 0030 00000008
[     226.490986] /dev/input/event1: 0003 003a 00000081
[     226.490986] /dev/input/event1: 0003 0035 00005fa4
[     226.490986] /dev/input/event1: 0003 0036 00007365
[     226.490986] /dev/input/event1: 0000 0000 00000000
[     226.602616] /dev/input/event1: 0003 003a 00000000
[     226.602616] /dev/input/event1: 0003 0039 ffffffff
[     226.602616] /dev/input/event1: 0000 0000 00000000
[     232.802040] /dev/input/event1: 0003 0039 00000000
[     232.802040] /dev/input/event1: 0003 0030 00000009
[     232.802040] /dev/input/event1: 0003 003a 00000081
[     232.802040] /dev/input/event1: 0003 0035 00006647
[     232.802040] /dev/input/event1: 0003 0036 00003365
[     232.802040] /dev/input/event1: 0000 0000 00000000
[     232.892210] /dev/input/event1: 0003 003a 00000000
[     232.892210] /dev/input/event1: 0003 0039 ffffffff
[     232.892210] /dev/input/event1: 0000 0000 00000000
[     236.211088] /dev/input/event1: 0003 0039 00000000
[     236.211088] /dev/input/event1: 0003 0030 0000000a
[     236.211088] /dev/input/event1: 0003 003a 00000081
[     236.211088] /dev/input/event1: 0003 0035 00005eee
[     236.211088] /dev/input/event1: 0003 0036 00007321
[     236.211088] /dev/input/event1: 0000 0000 00000000
[     236.322918] /dev/input/event1: 0003 003a 00000000
[     236.322918] /dev/input/event1: 0003 0039 ffffffff
[     236.322918] /dev/input/event1: 0000 0000 00000000
[     241.790721] /dev/input/event1: 0003 0039 00000000
[     241.790721] /dev/input/event1: 0003 0030 0000000b
[     241.790721] /dev/input/event1: 0003 003a 00000081
[     241.790721] /dev/input/event1: 0003 0035 00005795
[     241.790721] /dev/input/event1: 0003 0036 000021cc
[     241.790721] /dev/input/event1: 0000 0000 00000000
[     241.903184] /dev/input/event1: 0003 003a 00000000
[     241.903184] /dev/input/event1: 0003 0039 ffffffff
[     241.903184] /dev/input/event1: 0000 0000 00000000
[     243.308439] /dev/input/event1: 0003 0039 00000000
[     243.308439] /dev/input/event1: 0003 0030 0000000c
[     243.308439] /dev/input/event1: 0003 003a 00000081
[     243.308439] /dev/input/event1: 0003 0035 000061c6
[     243.308439] /dev/input/event1: 0003 0036 00007443
[     243.308439] /dev/input/event1: 0000 0000 00000000
[     243.399389] /dev/input/event1: 0003 003a 00000000
[     243.399389] /dev/input/event1: 0003 0039 ffffffff
[     243.399389] /dev/input/event1: 0000 0000 00000000
[     247.123365] /dev/input/event1: 0003 0039 00000000
[     247.123365] /dev/input/event1: 0003 0030 0000000d
[     247.123365] /dev/input/event1: 0003 003a 00000081
[     247.123365] /dev/input/event1: 0003 0035 00006887
[     247.123365] /dev/input/event1: 0003 0036 00002a43
[     247.123365] /dev/input/event1: 0000 0000 00000000
[     247.201855] /dev/input/event1: 0003 003a 00000000
[     247.201855] /dev/input/event1: 0003 0039 ffffffff
[     247.201855] /dev/input/event1: 0000 0000 00000000
[     251.679713] /dev/input/event1: 0003 0039 00000000
[     251.679713] /dev/input/event1: 0003 0030 0000000e
[     251.679713] /dev/input/event1: 0003 003a 00000081
[     251.679713] /dev/input/event1: 0003 0035 0000616b
[     251.679713] /dev/input/event1: 0003 0036 000073ff
[     251.679713] /dev/input/event1: 0000 0000 00000000
[     251.781510] /dev/input/event1: 0003 003a 00000000
[     251.781510] /dev/input/event1: 0003 0039 ffffffff
[     251.781510] /dev/input/event1: 0000 0000 00000000
[     253.919042] /dev/input/event1: 0003 0039 00000000
[     253.919042] /dev/input/event1: 0003 0030 0000000f
[     253.919042] /dev/input/event1: 0003 003a 00000081
[     253.919042] /dev/input/event1: 0003 0035 00006203
[     253.919042] /dev/input/event1: 0003 0036 00007321
[     253.919042] /dev/input/event1: 0000 0000 00000000
[     254.019527] /dev/input/event1: 0003 003a 00000000
[     254.019527] /dev/input/event1: 0003 0039 ffffffff
[     254.019527] /dev/input/event1: 0000 0000 00000000
[     255.921025] /dev/input/event1: 0003 0039 00000000
[     255.921025] /dev/input/event1: 0003 0030 00000010
[     255.921025] /dev/input/event1: 0003 003a 00000081
[     255.921025] /dev/input/event1: 0003 0035 00005ddd
[     255.921025] /dev/input/event1: 0003 0036 00004821
[     255.921025] /dev/input/event1: 0000 0000 00000000
[     256.010403] /dev/input/event1: 0003 003a 00000000
[     256.010403] /dev/input/event1: 0003 0039 ffffffff
[     256.010403] /dev/input/event1: 0000 0000 00000000
[     261.794027] /dev/input/event1: 0003 0039 00000000
[     261.794027] /dev/input/event1: 0003 0030 00000011
[     261.794027] /dev/input/event1: 0003 003a 00000081
[     261.794027] /dev/input/event1: 0003 0035 00003a4f
[     261.794027] /dev/input/event1: 0003 0036 00001ecc
[     261.794027] /dev/input/event1: 0000 0000 00000000
[     261.904666] /dev/input/event1: 0003 003a 00000000
[     261.904666] /dev/input/event1: 0003 0039 ffffffff
[     261.904666] /dev/input/event1: 0000 0000 00000000
[     269.387693] /dev/input/event1: 0003 0039 00000000
[     269.387693] /dev/input/event1: 0003 0030 00000012
[     269.387693] /dev/input/event1: 0003 003a 00000081
[     269.387693] /dev/input/event1: 0003 0035 0000795b
[     269.387693] /dev/input/event1: 0003 0036 000021ff
[     269.387693] /dev/input/event1: 0000 0000 00000000
[     269.500284] /dev/input/event1: 0003 003a 00000000
[     269.500284] /dev/input/event1: 0003 0039 ffffffff
[     269.500284] /dev/input/event1: 0000 0000 00000000
[     271.466945] /dev/input/event1: 0003 0039 00000000
[     271.466945] /dev/input/event1: 0003 0030 00000013
[     271.466945] /dev/input/event1: 0003 003a 00000081
[     271.466945] /dev/input/event1: 0003 0035 00005aa9
[     271.466945] /dev/input/event1: 0003 0036 000028ff
[     271.466945] /dev/input/event1: 0000 0000 00000000
[     271.581063] /dev/input/event1: 0003 003a 00000000
[     271.581063] /dev/input/event1: 0003 0039 ffffffff
[     271.581063] /dev/input/event1: 0000 0000 00000000
[     276.597707] /dev/input/event1: 0003 0039 00000000
[     276.597707] /dev/input/event1: 0003 0030 00000014
[     276.597707] /dev/input/event1: 0003 003a 00000081
[     276.597707] /dev/input/event1: 0003 0035 00000ceb
[     276.597707] /dev/input/event1: 0003 0036 000031cc
[     276.597707] /dev/input/event1: 0000 0000 00000000
[     276.710672] /dev/input/event1: 0003 003a 00000000
[     276.710672] /dev/input/event1: 0003 0039 ffffffff
[     276.710672] /dev/input/event1: 0000 0000 00000000
[     279.861883] /dev/input/event1: 0003 0039 00000000
[     279.861883] /dev/input/event1: 0003 0030 00000015
[     279.861883] /dev/input/event1: 0003 003a 00000081
[     279.861883] /dev/input/event1: 0003 0035 00005da0
[     279.861883] /dev/input/event1: 0003 0036 00002588
[     279.861883] /dev/input/event1: 0000 0000 00000000
[     279.985019] /dev/input/event1: 0003 003a 00000000
[     279.985019] /dev/input/event1: 0003 0039 ffffffff
[     279.985019] /dev/input/event1: 0000 0000 00000000
[     287.297236] /dev/input/event1: 0003 0039 00000000
[     287.297236] /dev/input/event1: 0003 0030 00000016
[     287.297236] /dev/input/event1: 0003 003a 00000081
[     287.297236] /dev/input/event1: 0003 0035 000077d1
[     287.297236] /dev/input/event1: 0003 0036 00000944
[     287.297236] /dev/input/event1: 0000 0000 00000000
[     287.441687] /dev/input/event1: 0003 003a 00000000
[     287.441687] /dev/input/event1: 0003 0039 ffffffff
[     287.441687] /dev/input/event1: 0000 0000 00000000