add device 1: /dev/input/event0
  name:     "Power Button"
add device 2: /dev/input/event1
  name:     "qwerty2"
[  247483.633733] /dev/input/event1: 0003 0039 00000000
[  247483.633733] /dev/input/event1: 0003 0030 0000049c
[  247483.633733] /dev/input/event1: 0003 003a 00000081
[  247483.633733] /dev/input/event1: 0003 0035 00005e38
[  247483.633733] /dev/input/event1: 0003 0036 00005a21
[  247483.633733] /dev/input/event1: 0000 0000 00000000
[  247483.796714] /dev/input/event1: 0003 003a 00000000
[  247483.796714] /dev/input/event1: 0003 0039 ffffffff
[  247483.796714] /dev/input/event1: 0000 0000 00000000
[  247485.708430] /dev/input/event1: 0003 0039 00000000
[  247485.708430] /dev/input/event1: 0003 0030 0000049d
[  247485.708430] /dev/input/event1: 0003 003a 00000081
[  247485.708430] /dev/input/event1: 0003 0035 000078e2
[  247485.708430] /dev/input/event1: 0003 0036 00000788
[  247485.708430] /dev/input/event1: 0000 0000 00000000
[  247485.832901] /dev/input/event1: 0003 003a 00000000
[  247485.832901] /dev/input/event1: 0003 0039 ffffffff
[  247485.832901] /dev/input/event1: 0000 0000 00000000
[  247488.638671] /dev/input/event1: 0003 0039 00000000
[  247488.638671] /dev/input/event1: 0003 0030 0000049e
[  247488.638671] /dev/input/event1: 0003 003a 00000081
[  247488.638671] /dev/input/event1: 0003 0035 00005221
[  247488.638671] /dev/input/event1: 0003 0036 000010bb
[  247488.638671] /dev/input/event1: 0000 0000 00000000
[  247488.716767] /dev/input/event1: 0003 003a 00000000
[  247488.716767] /dev/input/event1: 0003 0039 ffffffff
[  247488.716767] /dev/input/event1: 0000 0000 00000000
[  247491.958121] /dev/input/event1: 0003 0039 00000000
[  247491.958121] /dev/input/event1: 0003 0030 0000049f
[  247491.958121] /dev/input/event1: 0003 003a 00000081
[  247491.958121] /dev/input/event1: 0003 0035 000018c5
[  247491.958121] /dev/input/event1: 0003 0036 00003f32
[  247491.958121] /dev/input/event1: 0000 0000 00000000
[  247492.082711] /dev/input/event1: 0003 003a 00000000
[  247492.082711] /dev/input/event1: 0003 0039 ffffffff
[  247492.082711] /dev/input/event1: 0000 0000 00000000
[  247493.510951] /dev/input/event1: 0003 0039 00000000
[  247493.510951] /dev/input/event1: 0003 0030 000004a0
[  247493.510951] /dev/input/event1: 0003 003a 00000081
[  247493.510951] /dev/input/event1: 0003 0035 000019b7
[  247493.510951] /dev/input/event1: 0003 0036 00004dee
[  247493.510951] /dev/input/event1: 0000 0000 00000000
[  247493.654032] /dev/input/event1: 0003 003a 00000000
[  247493.654032] /dev/input/event1: 0003 0039 ffffffff
[  247493.654032] /dev/input/event1: 0000 0000 00000000
[  247495.179166] /dev/input/event1: 0003 0039 00000000
[  247495.179166] /dev/input/event1: 0003 0030 000004a1
[  247495.179166] /dev/input/event1: 0003 003a 00000081
[  247495.179166] /dev/input/event1: 0003 0035 00003fc2
[  247495.179166] /dev/input/event1: 0003 0036 00003554
[  247495.179166] /dev/input/event1: 0000 0000 00000000
[  247495.271192] /dev/input/event1: 0003 003a 00000000
[  247495.271192] /dev/input/event1: 0003 0039 ffffffff
[  247495.271192] /dev/input/event1: 0000 0000 00000000
[  247497.042281] /dev/input/event1: 0003 0039 00000000
[  247497.042281] /dev/input/event1: 0003 0030 000004a2
[  247497.042281] /dev/input/event1: 0003 003a 00000081
[  247497.042281] /dev/input/event1: 0003 0035 00002e1a
[  247497.042281] /dev/input/event1: 0003 0036 000044cc
[  247497.042281] /dev/input/event1: 0000 0000 00000000
[  247497.136621] /dev/input/event1: 0003 003a 00000000
[  247497.136621] /dev/input/event1: 0003 0039 ffffffff
[  247497.136621] /dev/input/event1: 0000 0000 00000000
[  247498.540848] /dev/input/event1: 0003 0039 00000000
[  247498.540848] /dev/input/event1: 0003 0030 000004a3
[  247498.540848] /dev/input/event1: 0003 003a 00000081
[  247498.540848] /dev/input/event1: 0003 0035 0000512e
[  247498.540848] /dev/input/event1: 0003 0036 000059ee
[  247498.540848] /dev/input/event1: 0000 0000 00000000
[  247498.619285] /dev/input/event1: 0003 003a 00000000
[  247498.619285] /dev/input/event1: 0003 0039 ffffffff
[  247498.619285] /dev/input/event1: 0000 0000 00000000
[  247501.056728] /dev/input/event1: 0003 0039 00000000
[  247501.056728] /dev/input/event1: 0003 0030 000004a4
[  247501.056728] /dev/input/event1: 0003 003a 00000081
[  247501.056728] /dev/input/event1: 0003 0035 000058a6
[  247501.056728] /dev/input/event1: 0003 0036 00004954
[  247501.056728] /dev/input/event1: 0000 0000 00000000
[  247501.169395] /dev/input/event1: 0003 003a 00000000
[  247501.169395] /dev/input/event1: 0003 0039 ffffffff
[  247501.169395] /dev/input/event1: 0000 0000 00000000
[  247504.271656] /dev/input/event1: 0003 0039 00000000
[  247504.271656] /dev/input/event1: 0003 0030 000004a5
[  247504.271656] /dev/input/event1: 0003 003a 00000081
[  247504.271656] /dev/input/event1: 0003 0035 000076de
[  247504.271656] /dev/input/event1: 0003 0036 00000944
[  247504.271656] /dev/input/event1: 0000 0000 00000000
[  247504.413072] /dev/input/event1: 0003 003a 00000000
[  247504.413072] /dev/input/event1: 0003 0039 ffffffff
[  247504.413072] /dev/input/event1: 0000 0000 00000000
[  247505.377851] /dev/input/event1: 0003 0039 00000000
[  247505.377851] /dev/input/event1: 0003 0030 000004a6
[  247505.377851] /dev/input/event1: 0003 003a 00000081
[  247505.377851] /dev/input/event1: 0003 0035 00005d27
[  247505.377851] /dev/input/event1: 0003 0036 00001233
[  247505.377851] /dev/input/event1: 0000 0000 00000000
[  247505.470696] /dev/input/event1: 0003 003a 00000000
[  247505.470696] /dev/input/event1: 0003 0039 ffffffff
[  247505.470696] /dev/input/event1: 0000 0000 00000000
[  247507.250840] /dev/input/event1: 0003 0039 00000000
[  247507.250840] /dev/input/event1: 0003 0030 000004a7
[  247507.250840] /dev/input/event1: 0003 003a 00000081
[  247507.250840] /dev/input/event1: 0003 0035 000026c1
[  247507.250840] /dev/input/event1: 0003 0036 00004043
[  247507.250840] /dev/input/event1: 0000 0000 00000000
[  247507.345016] /dev/input/event1: 0003 003a 00000000
[  247507.345016] /dev/input/event1: 0003 0039 ffffffff
[  247507.345016] /dev/input/event1: 0000 0000 00000000
[  247508.311040] /dev/input/event1: 0003 0039 00000000
[  247508.311040] /dev/input/event1: 0003 0030 000004a8
[  247508.311040] /dev/input/event1: 0003 003a 00000081
[  247508.311040] /dev/input/event1: 0003 0035 0000284b
[  247508.311040] /dev/input/event1: 0003 0036 00004dee
[  247508.311040] /dev/input/event1: 0000 0000 00000000
[  247508.403107] /dev/input/event1: 0003 003a 00000000
[  247508.403107] /dev/input/event1: 0003 0039 ffffffff
[  247508.403107] /dev/input/event1: 0000 0000 00000000
[  247509.143231] /dev/input/event1: 0003 0039 00000000
[  247509.143231] /dev/input/event1: 0003 0030 000004a9
[  247509.143231] /dev/input/event1: 0003 003a 00000081
[  247509.143231] /dev/input/event1: 0003 0035 00005221
[  247509.143231] /dev/input/event1: 0003 0036 00005aa9
[  247509.143231] /dev/input/event1: 0000 0000 00000000
[  247509.219066] /dev/input/event1: 0003 003a 00000000
[  247509.219066] /dev/input/event1: 0003 0039 ffffffff
[  247509.219066] /dev/input/event1: 0000 0000 00000000
[  247512.275248] /dev/input/event1: 0003 0039 00000000
[  247512.275248] /dev/input/event1: 0003 0030 000004aa
[  247512.275248] /dev/input/event1: 0003 003a 00000081
[  247512.275248] /dev/input/event1: 0003 0035 00002e38
[  247512.275248] /dev/input/event1: 0003 0036 00006add
[  247512.275248] /dev/input/event1: 0000 0000 00000000
[  247512.384851] /dev/input/event1: 0003 003a 00000000
[  247512.384851] /dev/input/event1: 0003 0039 ffffffff
[  247512.384851] /dev/input/event1: 0000 0000 00000000
[  247516.217355] /dev/input/event1: 0003 0039 00000000
[  247516.217355] /dev/input/event1: 0003 0030 000004ab
[  247516.217355] /dev/input/event1: 0003 003a 00000081
[  247516.217355] /dev/input/event1: 0003 0035 00005f67
[  247516.217355] /dev/input/event1: 0003 0036 00004643
[  247516.217355] /dev/input/event1: 0000 0000 00000000
[  247516.310928] /dev/input/event1: 0003 003a 00000000
[  247516.310928] /dev/input/event1: 0003 0039 ffffffff
[  247516.310928] /dev/input/event1: 0000 0000 00000000
[  247520.50520