add device 1: /dev/input/event0
  name:     "Power Button"
add device 2: /dev/input/event1
  name:     "qwerty2"
[    2044.732531] /dev/input/event1: 0003 0039 00000000
[    2044.732531] /dev/input/event1: 0003 0030 0000016a
[    2044.732531] /dev/input/event1: 0003 003a 00000081
[    2044.732531] /dev/input/event1: 0003 0035 00005f49
[    2044.732531] /dev/input/event1: 0003 0036 000073ff
[    2044.732531] /dev/input/event1: 0000 0000 00000000
[    2044.924212] /dev/input/event1: 0003 003a 00000000
[    2044.924212] /dev/input/event1: 0003 0039 ffffffff
[    2044.924212] /dev/input/event1: 0000 0000 00000000
[    2047.064522] /dev/input/event1: 0003 0039 00000000
[    2047.064522] /dev/input/event1: 0003 0030 0000016b
[    2047.064522] /dev/input/event1: 0003 003a 00000081
[    2047.064522] /dev/input/event1: 0003 0035 000063ca
[    2047.064522] /dev/input/event1: 0003 0036 00007276
[    2047.064522] /dev/input/event1: 0000 0000 00000000
[    2047.241292] /dev/input/event1: 0003 0036 000072a9
[    2047.241292] /dev/input/event1: 0000 0000 00000000
[    2047.261586] /dev/input/event1: 0003 0036 000072cb
[    2047.261586] /dev/input/event1: 0000 0000 00000000
[    2047.272037] /dev/input/event1: 0003 003a 00000000
[    2047.272037] /dev/input/event1: 0003 0039 ffffffff
[    2047.272037] /dev/input/event1: 0000 0000 00000000
[    2048.057987] /dev/input/event1: 0003 0039 00000000
[    2048.057987] /dev/input/event1: 0003 0030 0000016c
[    2048.057987] /dev/input/event1: 0003 003a 00000081
[    2048.057987] /dev/input/event1: 0000 0000 00000000
[    2048.249728] /dev/input/event1: 0003 003a 00000000
[    2048.249728] /dev/input/event1: 0003 0039 ffffffff
[    2048.249728] /dev/input/event1: 0000 0000 00000000
[    2049.702604] /dev/input/event1: 0003 0039 00000000
[    2049.702604] /dev/input/event1: 0003 0030 0000016d
[    2049.702604] /dev/input/event1: 0003 003a 00000081
[    2049.702604] /dev/input/event1: 0000 0000 00000000
[    2049.830022] /dev/input/event1: 0003 003a 00000000
[    2049.830022] /dev/input/event1: 0003 0039 ffffffff
[    2049.830022] /dev/input/event1: 0000 0000 00000000
[    2051.407346] /dev/input/event1: 0003 0039 00000000
[    2051.407346] /dev/input/event1: 0003 0030 0000016e
[    2051.407346] /dev/input/event1: 0003 003a 00000081
[    2051.407346] /dev/input/event1: 0003 0035 0000716b
[    2051.407346] /dev/input/event1: 0003 0036 00001f66
[    2051.407346] /dev/input/event1: 0000 0000 00000000
[    2051.539181] /dev/input/event1: 0003 003a 00000000
[    2051.539181] /dev/input/event1: 0003 0039 ffffffff
[    2051.539181] /dev/input/event1: 0000 0000 00000000
[    2053.041962] /dev/input/event1: 0003 0039 00000000
[    2053.041962] /dev/input/event1: 0003 0030 0000016f
[    2053.041962] /dev/input/event1: 0003 003a 00000081
[    2053.041962] /dev/input/event1: 0003 0035 000065ec
[    2053.041962] /dev/input/event1: 0003 0036 00007521
[    2053.041962] /dev/input/event1: 0000 0000 00000000
[    2053.183955] /dev/input/event1: 0003 003a 00000000
[    2053.183955] /dev/input/event1: 0003 0039 ffffffff
[    2053.183955] /dev/input/event1: 0000 0000 00000000
[    2054.395540] /dev/input/event1: 0003 0039 00000000
[    2054.395540] /dev/input/event1: 0003 0030 00000170
[    2054.395540] /dev/input/event1: 0003 003a 00000081
[    2054.395540] /dev/input/event1: 0000 0000 00000000
[    2054.524003] /dev/input/event1: 0003 003a 00000000
[    2054.524003] /dev/input/event1: 0003 0039 ffffffff
[    2054.524003] /dev/input/event1: 0000 0000 00000000
[    2056.228657] /dev/input/event1: 0003 0039 00000000
[    2056.228657] /dev/input/event1: 0003 0030 00000171
[    2056.228657] /dev/input/event1: 0003 003a 00000081
[    2056.228657] /dev/input/event1: 0003 0035 0000605a
[    2056.228657] /dev/input/event1: 0003 0036 000047cc
[    2056.228657] /dev/input/event1: 0000 0000 00000000
[    2056.342809] /dev/input/event1: 0003 003a 00000000
[    2056.342809] /dev/input/event1: 0003 0039 ffffffff
[    2056.342809] /dev/input/event1: 0000 0000 00000000
[    2059.819555] /dev/input/event1: 0003 0039 00000000
[    20