add device 1: /dev/input/event0
  name:     "Power Button"
add device 2: /dev/input/event1
  name:     "qwerty2"
[    2374.261708] /dev/input/event1: 0003 0039 00000000
[    2374.261708] /dev/input/event1: 0003 0030 000001b1
[    2374.261708] /dev/input/event1: 0003 003a 00000081
[    2374.261708] /dev/input/event1: 0003 0035 00006221
[    2374.261708] /dev/input/event1: 0003 0036 00007276
[    2374.261708] /dev/input/event1: 0000 0000 00000000
[    2374.435628] /dev/input/event1: 0003 003a 00000000
[    2374.435628] /dev/input/event1: 0003 0039 ffffffff
[    2374.435628] /dev/input/event1: 0000 0000 00000000
[    2375.463521] /dev/input/event1: 0003 0039 00000000
[    2375.463521] /dev/input/event1: 0003 0030 000001b2
[    2375.463521] /dev/input/event1: 0003 003a 00000081
[    2375.463521] /dev/input/event1: 0003 0035 000061e4
[    2375.463521] /dev/input/event1: 0003 0036 000072cb
[    2375.463521] /dev/input/event1: 0000 0000 00000000
[    2375.589985] /dev/input/event1: 0003 003a 00000000
[    2375.589985] /dev/input/event1: 0003 0039 ffffffff
[    2375.589985] /dev/input/event1: 0000 0000 00000000
[    2376.513592] /dev/input/event1: 0003 0039 00000000
[    2376.513592] /dev/input/event1: 0003 0030 000001b3
[    2376.513592] /dev/input/event1: 0003 003a 00000081
[    2376.513592] /dev/input/event1: 0000 0000 00000000
[    2376.624863] /dev/input/event1: 0003 003a 00000000
[    2376.624863] /dev/input/event1: 0003 0039 ffffffff
[    2376.624863] /dev/input/event1: 0000 0000 00000000
[    2378.490931] /dev/input/event1: 0003 0039 00000000
[    2378.490931] /dev/input/event1: 0003 0030 000001b4
[    2378.490931] /dev/input/event1: 0003 003a 00000081
[    2378.490931] /dev/input/event1: 0003 0035 00006ecf
[    2378.490931] /dev/input/event1: 0003 0036 00002155
[    2378.490931] /dev/input/event1: 0000 0000 00000000
[    2378.577341] /dev/input/event1: 0003 003a 00000000
[    2378.577341] /dev/input/event1: 0003 0039 ffffffff
[    2378.577341] /dev/input/event1: 0000 0000 00000000
[    2379.635663] /dev/input/event1: 0003 0039 00000000
[    2379.635663] /dev/input/event1: 0003 0030 000001b5
[    2379.635663] /dev/input/event1: 0003 003a 00000081
[    2379.635663] /dev/input/event1: 0003 0035 000062b9
[    2379.635663] /dev/input/event1: 0003 0036 000072a9
[    2379.635663] /dev/input/event1: 0000 0000 00000000
[    2379.731011] /dev/input/event1: 0003 003a 00000000
[    2379.731011] /dev/input/event1: 0003 0039 ffffffff
[    2379.731011] /dev/input/event1: 0000 0000 00000000
[    2381.453344] /dev/input/event1: 0003 0039 00000000
[    2381.453344] /dev/input/event1: 0003 0030 000001b6
[    2381.453344] /dev/input/event1: 0003 003a 00000081
[    2381.453344] /dev/input/event1: 0003 0035 0000605a
[    2381.453344] /dev/input/event1: 0003 0036 00007554
[    2381.453344] /dev/input/event1: 0000 0000 00000000
[    2381.533107] /dev/input/event1: 0003 003a 00000000
[    2381.533107] /dev/input/event1: 0003 0039 ffffffff
[    2381.533107] /dev/input/event1: 0000 0000 00000000
[    2383.228702] /dev/input/event1: 0003 0039 00000000
[    2383.228702] /dev/input/event1: 0003 0030 000001b7
[    2383.228702] /dev/input/event1: 0003 003a 00000081
[    2383.228702] /dev/input/event1: 0003 0035 0000612e
[    2383.228702] /dev/input/event1: 0003 0036 00004865
[    2383.228702] /dev/input/event1: 0000 0000 00000000
[    2383.322207] /dev/input/event1: 0003 003a 00000000
[    2383.322207] /dev/input/event1: 0003 0039 ffffffff
[    2383.322207] /dev/input/event1: 0000 0000 00000000
[    2385.564511] /dev/input/event1: 0003 0039 00000000
[    2385.564511] /dev/input/event1: 0003 0030 000001b8
[    2385.564511] /dev/input/event1: 0003 003a 00000081
[    2385.564511] /dev/input/event1: 0003 0035 00000a6d
[    2385.564511] /dev/input/event1: 0003 0036 00000955
[    2385.564511] /dev/input/event1: 0000 0000 00000000
[    2385.692261] /dev/input/event1: 0003 003a 00000000
[    2385.692261] /dev/input/event1: 0003 0039 ffffffff
[    2385.692261] /dev/input/event1: 0000 0000 00000000
[    2387.581091] /dev/input/event1: 0003 0039 00000000
[    23