add device 1: /dev/input/event0
  name:     "Power Button"
add device 2: /dev/input/event1
  name:     "qwerty2"
[      54.505189] /dev/input/event1: 0003 0039 00000000
[      54.505189] /dev/input/event1: 0003 0030 00000009
[      54.505189] /dev/input/event1: 0003 003a 00000081
[      54.505189] /dev/input/event1: 0003 0035 00005e38
[      54.505189] /dev/input/event1: 0003 0036 000072a9
[      54.505189] /dev/input/event1: 0000 0000 00000000
[      54.743884] /dev/input/event1: 0003 003a 00000000
[      54.743884] /dev/input/event1: 0003 0039 ffffffff
[      54.743884] /dev/input/event1: 0000 0000 00000000
[      56.038791] /dev/input/event1: 0003 0039 00000000
[      56.038791] /dev/input/event1: 0003 0030 0000000a
[      56.038791] /dev/input/event1: 0003 003a 00000081
[      56.038791] /dev/input/event1: 0000 0000 00000000
[      56.270080] /dev/input/event1: 0003 003a 00000000
[      56.270080] /dev/input/event1: 0003 0039 ffffffff
[      56.270080] /dev/input/event1: 0000 0000 00000000
[      57.943125] /dev/input/event1: 0003 0039 00000000
[      57.943125] /dev/input/event1: 0003 0030 0000000b
[      57.943125] /dev/input/event1: 0003 003a 00000081
[      57.943125] /dev/input/event1: 0000 0000 00000000
[      58.200735] /dev/input/event1: 0003 003a 00000000
[      58.200735] /dev/input/event1: 0003 0039 ffffffff
[      58.200735] /dev/input/event1: 0000 0000 00000000
[      60.967262] /dev/input/event1: 0003 0039 00000000
[      60.967262] /dev/input/event1: 0003 0030 0000000c
[      60.967262] /dev/input/event1: 0003 003a 00000081
[      60.967262] /dev/input/event1: 0003 0035 00006f0c
[      60.967262] /dev/input/event1: 0003 0036 00002021
[      60.967262] /dev/input/event1: 0000 0000 00000000
[      61.085298] /dev/input/event1: 0003 003a 00000000
[      61.085298] /dev/input/event1: 0003 0039 ffffffff
[      61.085298] /dev/input/event1: 0000 0000 00000000
[      62.813952] /dev/input/event1: 0003 0039 00000000
[      62.813952] /dev/input/event1: 0003 0030 0000000d
[      62.813952] /dev/input/event1: 0003 003a 00000081
[      62.813952] /dev/input/event1: 0003 0035 00005ac8
[      62.813952] /dev/input/event1: 0003 0036 00007210
[      62.813952] /dev/input/event1: 0000 0000 00000000
[      63.022053] /dev/input/event1: 0003 003a 00000000
[      63.022053] /dev/input/event1: 0003 0039 ffffffff
[      63.022053] /dev/input/event1: 0000 0000 00000000
[      64.038586] /dev/input/event1: 0003 0039 00000000
[      64.038586] /dev/input/event1: 0003 0030 0000000e
[      64.038586] /dev/input/event1: 0003 003a 00000081
[      64.038586] /dev/input/event1: 0000 0000 00000000
[      64.223892] /dev/input/event1: 0003 003a 00000000
[      64.223892] /dev/input/event1: 0003 0039 ffffffff
[      64.223892] /dev/input/event1: 0000 0000 00000000
[      66.479156] /dev/input/event1: 0003 0039 00000000
[      66.479156] /dev/input/event1: 0003 0030 0000000f
[      66.479156] /dev/input/event1: 0003 003a 00000081
[      66.479156] /dev/input/event1: 0003 0035 00005e74
[      66.479156] /dev/input/event1: 0003 0036 000047cc
[      66.479156] /dev/input/event1: 0000 0000 00000000
[      66.731786] /dev/input/event1: 0003 003a 00000000
[      66.731786] /dev/input/event1: 0003 0039 ffffffff
[      66.731786] /dev/input/event1: 0000 0000 00000000
[      70.933702] /dev/input/event1: 0003 0039 00000000
[      70.933702] /dev/input/event1: 0003 0030 00000010
[      70.933702] /dev/input/event1: 0003 003a 00000081
[      70.933702] /dev/input/event1: 0003 0035 00000a31
[      70.933702] /dev/input/event1: 0003 0036 000008ff
[      70.933702] /dev/input/event1: 0000 0000 00000000
[      71.195586] /dev/input/event1: 0003 0036 000008dd
[      71.195586] /dev/input/event1: 0000 0000 00000000
[      71.200936] /dev/input/event1: 0003 0036 00000866
[      71.200936] /dev/input/event1: 0000 0000 00000000
[      71.230121] /dev/input/event1: 0003 003a 00000000
[      71.230121] /dev/input/event1: 0003 0039 ffffffff
[      71.230121] /dev/input/event1: 0000 0000 00000000
[      73.903352] /dev/input/event1: 0003 0039 00000000
[      