add device 1: /dev/input/event0
  name:     "Power Button"
add device 2: /dev/input/event1
  name:     "qwerty2"
[    3014.342693] /dev/input/event1: 0003 0039 00000000
[    3014.342693] /dev/input/event1: 0003 0030 00000234
[    3014.342693] /dev/input/event1: 0003 003a 00000081
[    3014.342693] /dev/input/event1: 0003 0035 000067b3
[    3014.342693] /dev/input/event1: 0003 0036 000071ba
[    3014.342693] /dev/input/event1: 0000 0000 00000000
[    3014.422839] /dev/input/event1: 0003 003a 00000000
[    3014.422839] /dev/input/event1: 0003 0039 ffffffff
[    3014.422839] /dev/input/event1: 0000 0000 00000000
[    3015.641679] /dev/input/event1: 0003 0039 00000000
[    3015.641679] /dev/input/event1: 0003 0030 00000235
[    3015.641679] /dev/input/event1: 0003 003a 00000081
[    3015.641679] /dev/input/event1: 0003 0035 00006517
[    3015.641679] /dev/input/event1: 0003 0036 000071dc
[    3015.641679] /dev/input/event1: 0000 0000 00000000
[    3015.720970] /dev/input/event1: 0003 003a 00000000
[    3015.720970] /dev/input/event1: 0003 0039 ffffffff
[    3015.720970] /dev/input/event1: 0000 0000 00000000
[    3016.516194] /dev/input/event1: 0003 0039 00000000
[    3016.516194] /dev/input/event1: 0003 0030 00000236
[    3016.516194] /dev/input/event1: 0003 003a 00000081
[    3016.516194] /dev/input/event1: 0000 0000 00000000
[    3016.611271] /dev/input/event1: 0003 003a 00000000
[    3016.611271] /dev/input/event1: 0003 0039 ffffffff
[    3016.611271] /dev/input/event1: 0000 0000 00000000
[    3018.482117] /dev/input/event1: 0003 0039 00000000
[    3018.482117] /dev/input/event1: 0003 0030 00000237
[    3018.482117] /dev/input/event1: 0003 003a 00000081
[    3018.482117] /dev/input/event1: 0003 0035 0000705a
[    3018.482117] /dev/input/event1: 0003 0036 000022aa
[    3018.482117] /dev/input/event1: 0000 0000 00000000
[    3018.595434] /dev/input/event1: 0003 003a 00000000
[    3018.595434] /dev/input/event1: 0003 0039 ffffffff
[    3018.595434] /dev/input/event1: 0000 0000 00000000
[    3020.559733] /dev/input/event1: 0003 0039 00000000
[    3020.559733] /dev/input/event1: 0003 0030 00000238
[    3020.559733] /dev/input/event1: 0003 003a 00000081
[    3020.559733] /dev/input/event1: 0003 0035 000062f5
[    3020.559733] /dev/input/event1: 0003 0036 00007487
[    3020.559733] /dev/input/event1: 0000 0000 00000000
[    3020.638899] /dev/input/event1: 0003 003a 00000000
[    3020.638899] /dev/input/event1: 0003 0039 ffffffff
[    3020.638899] /dev/input/event1: 0000 0000 00000000
[    3023.439473] /dev/input/event1: 0003 0039 00000000
[    3023.439473] /dev/input/event1: 0003 0030 00000239
[    3023.439473] /dev/input/event1: 0003 003a 00000081
[    3023.439473] /dev/input/event1: 0003 0036 00007443
[    3023.439473] /dev/input/event1: 0000 0000 00000000
[    3023.582847] /dev/input/event1: 0003 003a 00000000
[    3023.582847] /dev/input/event1: 0003 0039 ffffffff
[    3023.582847] /dev/input/event1: 0000 0000 00000000
[    3025.471154] /dev/input/event1: 0003 0039 00000000
[    3025.471154] /dev/input/event1: 0003 0030 0000023a
[    3025.471154] /dev/input/event1: 0003 003a 00000081
[    3025.471154] /dev/input/event1: 0003 0035 000062b9
[    3025.471154] /dev/input/event1: 0003 0036 000049bb
[    3025.471154] /dev/input/event1: 0000 0000 00000000
[    3025.551259] /dev/input/event1: 0003 003a 00000000
[    3025.551259] /dev/input/event1: 0003 0039 ffffffff
[    3025.551259] /dev/input/event1: 0000 0000 00000000
[    3027.852974] /dev/input/event1: 0003 0039 00000000
[    3027.852974] /dev/input/event1: 0003 0030 0000023b
[    3027.852974] /dev/input/event1: 0003 003a 00000081
[    3027.852974] /dev/input/event1: 0003 0035 00000c16
[    3027.852974] /dev/input/event1: 0003 0036 00000b33
[    3027.852974] /dev/input/event1: 0000 0000 00000000
[    3027.964910] /dev/input/event1: 0003 003a 00000000
[    3027.964910] /dev/input/event1: 0003 0039 ffffffff
[    3027.964910] /dev/input/event1: 0000 0000 00000000
[    3030.303492] /dev/input/event1: 0003 0039 00000000
[    3030.303492] /dev/input/event1: 0003 0030 0000023c
[    30