add device 1: /dev/input/event0
  name:     "Power Button"
add device 2: /dev/input/event1
  name:     "qwerty2"
[    2729.336431] /dev/input/event1: 0003 0039 00000000
[    2729.336431] /dev/input/event1: 0003 0030 00000204
[    2729.336431] /dev/input/event1: 0003 003a 00000081
[    2729.336431] /dev/input/event1: 0003 0035 0000601d
[    2729.336431] /dev/input/event1: 0003 0036 00007276
[    2729.336431] /dev/input/event1: 0000 0000 00000000
[    2729.466362] /dev/input/event1: 0003 003a 00000000
[    2729.466362] /dev/input/event1: 0003 0039 ffffffff
[    2729.466362] /dev/input/event1: 0000 0000 00000000
[    2730.588328] /dev/input/event1: 0003 0039 00000000
[    2730.588328] /dev/input/event1: 0003 0030 00000205
[    2730.588328] /dev/input/event1: 0003 003a 00000081
[    2730.588328] /dev/input/event1: 0003 0035 000061e4
[    2730.588328] /dev/input/event1: 0003 0036 00007232
[    2730.588328] /dev/input/event1: 0000 0000 00000000
[    2730.698238] /dev/input/event1: 0003 003a 00000000
[    2730.698238] /dev/input/event1: 0003 0039 ffffffff
[    2730.698238] /dev/input/event1: 0000 0000 00000000
[    2731.399006] /dev/input/event1: 0003 0039 00000000
[    2731.399006] /dev/input/event1: 0003 0030 00000206
[    2731.399006] /dev/input/event1: 0003 003a 00000081
[    2731.399006] /dev/input/event1: 0000 0000 00000000
[    2731.477727] /dev/input/event1: 0003 003a 00000000
[    2731.477727] /dev/input/event1: 0003 0039 ffffffff
[    2731.477727] /dev/input/event1: 0000 0000 00000000
[    2733.454258] /dev/input/event1: 0003 0039 00000000
[    2733.454258] /dev/input/event1: 0003 0030 00000207
[    2733.454258] /dev/input/event1: 0003 003a 00000081
[    2733.454258] /dev/input/event1: 0003 0035 00006f67
[    2733.454258] /dev/input/event1: 0003 0036 00001f66
[    2733.454258] /dev/input/event1: 0000 0000 00000000
[    2733.454559] /dev/input/event1: 0003 0036 00001f88
[    2733.454559] /dev/input/event1: 0000 0000 00000000
[    2733.518057] /dev/input/event1: 0003 003a 00000000
[    2733.518057] /dev/input/event1: 0003 0039 ffffffff
[    2733.518057] /dev/input/event1: 0000 0000 00000000
[    2735.041338] /dev/input/event1: 0003 0039 00000000
[    2735.041338] /dev/input/event1: 0003 0030 00000208
[    2735.041338] /dev/input/event1: 0003 003a 00000081
[    2735.041338] /dev/input/event1: 0003 0035 000066a2
[    2735.041338] /dev/input/event1: 0003 0036 00007210
[    2735.041338] /dev/input/event1: 0000 0000 00000000
[    2735.137558] /dev/input/event1: 0003 003a 00000000
[    2735.137558] /dev/input/event1: 0003 0039 ffffffff
[    2735.137558] /dev/input/event1: 0000 0000 00000000
[    2736.998605] /dev/input/event1: 0003 0039 00000000
[    2736.998605] /dev/input/event1: 0003 0030 00000209
[    2736.998605] /dev/input/event1: 0003 003a 00000081
[    2736.998605] /dev/input/event1: 0003 0035 00006221
[    2736.998605] /dev/input/event1: 0003 0036 000075dc
[    2736.998605] /dev/input/event1: 0000 0000 00000000
[    2737.052245] /dev/input/event1: 0003 003a 00000000
[    2737.052245] /dev/input/event1: 0003 0039 ffffffff
[    2737.052245] /dev/input/event1: 0000 0000 00000000
[    2738.488859] /dev/input/event1: 0003 0039 00000000
[    2738.488859] /dev/input/event1: 0003 0030 0000020a
[    2738.488859] /dev/input/event1: 0003 003a 00000081
[    2738.488859] /dev/input/event1: 0003 0035 00005f49
[    2738.488859] /dev/input/event1: 0003 0036 000046cc
[    2738.488859] /dev/input/event1: 0000 0000 00000000
[    2738.583834] /dev/input/event1: 0003 003a 00000000
[    2738.583834] /dev/input/event1: 0003 0039 ffffffff
[    2738.583834] /dev/input/event1: 0000 0000 00000000
[    2741.120860] /dev/input/event1: 0003 0039 00000000
[    2741.120860] /dev/input/event1: 0003 0030 0000020b
[    2741.120860] /dev/input/event1: 0003 003a 00000081
[    2741.120860] /dev/input/event1: 0003 0035 00000a31
[    2741.120860] /dev/input/event1: 0003 0036 00000977
[    2741.120860] /dev/input/event1: 0000 0000 00000000
[    2741.242719] /dev/input/event1: 0003 003a 00000000
[    2741.242719] /dev/input/event1: 0003 0039 ffffffff
[    27