add device 1: /dev/input/event0
  name:     "Power Button"
add device 2: /dev/input/event1
  name:     "qwerty2"
[    3457.844896] /dev/input/event1: 0003 0039 00000000
[    3457.844896] /dev/input/event1: 0003 0030 00000153
[    3457.844896] /dev/input/event1: 0003 003a 00000081
[    3457.844896] /dev/input/event1: 0003 0035 000064db
[    3457.844896] /dev/input/event1: 0003 0036 00007410
[    3457.844896] /dev/input/event1: 0000 0000 00000000
[    3457.908368] /dev/input/event1: 0003 003a 00000000
[    3457.908368] /dev/input/event1: 0003 0039 ffffffff
[    3457.908368] /dev/input/event1: 0000 0000 00000000
[    3458.753636] /dev/input/event1: 0003 0039 00000000
[    3458.753636] /dev/input/event1: 0003 0030 00000154
[    3458.753636] /dev/input/event1: 0003 003a 00000081
[    3458.753636] /dev/input/event1: 0000 0000 00000000
[    3458.830529] /dev/input/event1: 0003 003a 00000000
[    3458.830529] /dev/input/event1: 0003 0039 ffffffff
[    3458.830529] /dev/input/event1: 0000 0000 00000000
[    3459.770800] /dev/input/event1: 0003 0039 00000000
[    3459.770800] /dev/input/event1: 0003 0030 00000155
[    3459.770800] /dev/input/event1: 0003 003a 00000081
[    3459.770800] /dev/input/event1: 0000 0000 00000000
[    3459.848488] /dev/input/event1: 0003 003a 00000000
[    3459.848488] /dev/input/event1: 0003 0039 ffffffff
[    3459.848488] /dev/input/event1: 0000 0000 00000000
[    3461.181590] /dev/input/event1: 0003 0039 00000000
[    3461.181590] /dev/input/event1: 0003 0030 00000156
[    3461.181590] /dev/input/event1: 0003 003a 00000081
[    3461.181590] /dev/input/event1: 0003 0035 00004776
[    3461.181590] /dev/input/event1: 0003 0036 00002877
[    3461.181590] /dev/input/event1: 0000 0000 00000000
[    3461.234329] /dev/input/event1: 0003 003a 00000000
[    3461.234329] /dev/input/event1: 0003 0039 ffffffff
[    3461.234329] /dev/input/event1: 0000 0000 00000000
[    3462.304023] /dev/input/event1: 0003 0039 00000000
[    3462.304023] /dev/input/event1: 0003 0030 00000157
[    3462.304023] /dev/input/event1: 0003 003a 00000081
[    3462.304023] /dev/input/event1: 0003 0035 000064f9
[    3462.304023] /dev/input/event1: 0003 0036 000074a9
[    3462.304023] /dev/input/event1: 0000 0000 00000000
[    3462.362944] /dev/input/event1: 0003 003a 00000000
[    3462.362944] /dev/input/event1: 0003 0039 ffffffff
[    3462.362944] /dev/input/event1: 0000 0000 00000000
[    3463.383723] /dev/input/event1: 0003 0039 00000000
[    3463.383723] /dev/input/event1: 0003 0030 00000158
[    3463.383723] /dev/input/event1: 0003 003a 00000081
[    3463.383723] /dev/input/event1: 0000 0000 00000000
[    3463.477029] /dev/input/event1: 0003 003a 00000000
[    3463.477029] /dev/input/event1: 0003 0039 ffffffff
[    3463.477029] /dev/input/event1: 0000 0000 00000000
[    3465.164386] /dev/input/event1: 0003 0039 00000000
[    3465.164386] /dev/input/event1: 0003 0030 00000159
[    3465.164386] /dev/input/event1: 0003 003a 00000081
[    3465.164386] /dev/input/event1: 0003 0035 00005e19
[    3465.164386] /dev/input/event1: 0003 0036 000048cc
[    3465.164386] /dev/input/event1: 0000 0000 00000000
[    3465.232289] /dev/input/event1: 0003 003a 00000000
[    3465.232289] /dev/input/event1: 0003 0039 ffffffff
[    3465.232289] /dev/input/event1: 0000 0000 00000000
[    3471.446236] /dev/input/event1: 0003 0039 00000000
[    3471.446236] /dev/input/event1: 0003 0030 0000015a
[    3471.446236] /dev/input/event1: 0003 003a 00000081
[    3471.446236] /dev/input/event1: 0003 0035 000008a6
[    3471.446236] /dev/input/event1: 0003 0036 00000766
[    3471.446236] /dev/input/event1: 0000 0000 00000000
[    3471.562203] /dev/input/event1: 0003 003a 00000000
[    3471.562203] /dev/input/event1: 0003 0039 ffffffff
[    3471.562203] /dev/input/event1: 0000 0000 00000000
[    3472.938419] /dev/input/event1: 0003 0039 00000000
[    3472.938419] /dev/input/event1: 0003 0030 0000015b
[    3472.938419] /dev/input/event1: 0003 003a 00000081
[    3472.938419] /dev/input/event1: 0003 0035 00002110
[    3472.938419] /dev/input/event1: 0003 0036 00003754
[    34