add device 1: /dev/input/event0
  name:     "Power Button"
add device 2: /dev/input/event1
  name:     "qwerty2"
[    3119.767500] /dev/input/event1: 0003 0039 00000000
[    3119.767500] /dev/input/event1: 0003 0030 00000117
[    3119.767500] /dev/input/event1: 0003 003a 00000081
[    3119.767500] /dev/input/event1: 0003 0035 0000638d
[    3119.767500] /dev/input/event1: 0003 0036 00007421
[    3119.767500] /dev/input/event1: 0000 0000 00000000
[    3119.825293] /dev/input/event1: 0003 003a 00000000
[    3119.825293] /dev/input/event1: 0003 0039 ffffffff
[    3119.825293] /dev/input/event1: 0000 0000 00000000
[    3121.200657] /dev/input/event1: 0003 0039 00000000
[    3121.200657] /dev/input/event1: 0003 0030 00000118
[    3121.200657] /dev/input/event1: 0003 003a 00000081
[    3121.200657] /dev/input/event1: 0003 0035 0000625e
[    3121.200657] /dev/input/event1: 0003 0036 000073cb
[    3121.200657] /dev/input/event1: 0000 0000 00000000
[    3121.275712] /dev/input/event1: 0003 003a 00000000
[    3121.275712] /dev/input/event1: 0003 0039 ffffffff
[    3121.275712] /dev/input/event1: 0000 0000 00000000
[    3124.438096] /dev/input/event1: 0003 0039 00000000
[    3124.438096] /dev/input/event1: 0003 0030 00000119
[    3124.438096] /dev/input/event1: 0003 003a 00000081
[    3124.438096] /dev/input/event1: 0003 0036 00007398
[    3124.438096] /dev/input/event1: 0000 0000 00000000
[    3124.512825] /dev/input/event1: 0003 003a 00000000
[    3124.512825] /dev/input/event1: 0003 0039 ffffffff
[    3124.512825] /dev/input/event1: 0000 0000 00000000
[    3126.071449] /dev/input/event1: 0003 0039 00000000
[    3126.071449] /dev/input/event1: 0003 0030 0000011a
[    3126.071449] /dev/input/event1: 0003 003a 00000081
[    3126.071449] /dev/input/event1: 0003 0035 00005480
[    3126.071449] /dev/input/event1: 0003 0036 000028cc
[    3126.071449] /dev/input/event1: 0000 0000 00000000
[    3126.146942] /dev/input/event1: 0003 003a 00000000
[    3126.146942] /dev/input/event1: 0003 0039 ffffffff
[    3126.146942] /dev/input/event1: 0000 0000 00000000
[    3127.175090] /dev/input/event1: 0003 0039 00000000
[    3127.175090] /dev/input/event1: 0003 0030 0000011b
[    3127.175090] /dev/input/event1: 0003 003a 00000081
[    3127.175090] /dev/input/event1: 0003 0035 00005c52
[    3127.175090] /dev/input/event1: 0003 0036 000075a9
[    3127.175090] /dev/input/event1: 0000 0000 00000000
[    3127.252881] /dev/input/event1: 0003 003a 00000000
[    3127.252881] /dev/input/event1: 0003 0039 ffffffff
[    3127.252881] /dev/input/event1: 0000 0000 00000000
[    3128.221504] /dev/input/event1: 0003 0039 00000000
[    3128.221504] /dev/input/event1: 0003 0030 0000011c
[    3128.221504] /dev/input/event1: 0003 003a 00000081
[    3128.221504] /dev/input/event1: 0003 0035 00005b41
[    3128.221504] /dev/input/event1: 0003 0036 000073ee
[    3128.221504] /dev/input/event1: 0000 0000 00000000
[    3128.295237] /dev/input/event1: 0003 003a 00000000
[    3128.295237] /dev/input/event1: 0003 0039 ffffffff
[    3128.295237] /dev/input/event1: 0000 0000 00000000
[    3129.811253] /dev/input/event1: 0003 0039 00000000
[    3129.811253] /dev/input/event1: 0003 0030 0000011d
[    3129.811253] /dev/input/event1: 0003 003a 00000081
[    3129.811253] /dev/input/event1: 0003 0035 00005c16
[    3129.811253] /dev/input/event1: 0003 0036 000047ff
[    3129.811253] /dev/input/event1: 0000 0000 00000000
[    3129.906105] /dev/input/event1: 0003 003a 00000000
[    3129.906105] /dev/input/event1: 0003 0039 ffffffff
[    3129.906105] /dev/input/event1: 0000 0000 00000000
[    3133.496915] /dev/input/event1: 0003 0039 00000000
[    3133.496915] /dev/input/event1: 0003 0030 0000011e
[    3133.496915] /dev/input/event1: 0003 003a 00000081
[    3133.496915] /dev/input/event1: 0003 0035 000063ca
[    3133.496915] /dev/input/event1: 0003 0036 00001dbb
[    3133.496915] /dev/input/event1: 0000 0000 00000000
[    3133.574705] /dev/input/event1: 0003 003a 00000000
[    3133.574705] /dev/input/event1: 0003 0039 ffffffff
[    3133.574705] /dev/input/event1: 0000 0000 00000000
[    3136.030731] /dev/input/event1: 0003 0039 00000000
[    3136.030731] /dev/input/event1: 0003 0030 0000011f
[    3136.030731] /dev/input/event1: 0003 003a 00000081
[    3136.030731] /dev/input/event1: 0003 0035 000047b3
[    3136.030731] /dev/input/event1: 0003 0036 00001f32
[    3136.030731] /dev/input/event1: 0000 0000 00000000
[    3136.109615] /dev/input/event1: 0003 003a 00000000
[    3136.109615] /dev/input/event1: 0003 0039 ffffffff
[    3136.109615] /dev/input/event1: 0000 0000 00000000
[    3138.010149] /dev/input/event1: 0003 0039 00000000
[    3138.010149] /dev/input/event1: 0003 0030 00000120
[    3138.010149] /dev/input/event1: 0003 003a 00000081
[    3138.010149] /dev/input/event1: 0003 0035 000049f4
[    3138.010149] /dev/input/event1: 0003 0036 00001fff
[    3138.010149] /dev/input/event1: 0000 0000 00000000
[    3138.102800] /dev/input/event1: 0003 003a 00000000
[    3138.102800] /dev/input/event1: 0003 0039 ffffffff
[    3138.102800] /dev/input/event1: 0000 0000 00000000
[    3139.789585] /dev/input/event1: 0003 0039 00000000
[    3139.789585] /dev/input/event1: 0003 0030 00000121
[    3139.789585] /dev/input/event1: 0003 003a 00000081
[    3139.789585] /dev/input/event1: 0003 0035 00007189
[    3139.789585] /dev/input/event1: 0003 0036 00006ea9
[    3139.789585] /dev/input/event1: 0000 0000 00000000
[    3139.864238] /dev/input/event1: 0003 003a 00000000
[    3139.864238] /dev/input/event1: 0003 0039 ffffffff
[    3139.864238] /dev/input/event1: 0000 0000 00000000
[    3142.499520] /dev/input/event1: 0003 0039 00000000
[    3142.499520] /dev/input/event1: 0003 0030 00000122
[    3142.499520] /dev/input/event1: 0003 003a 00000081
[    3142.499520] /dev/input/event1: 0003 0035 00003869
[    3142.499520] /dev/input/event1: 0003 0036 000051bb
[    3142.499520] /dev/input/event1: 0000 0000 00000000
[    3142.591554] /dev/input/event1: 0003 003a 00000000
[    3142.591554] /dev/input/event1: 0003 0039 ffffffff
[    3142.591554] /dev/input/event1: 0000 0000 00000000
[    3143.283048] /dev/input/event1: 0003 0039 00000000
[    3143.283048] /dev/input/event1: 0003 0030 00000123
[    3143.283048] /dev/input/event1: 0003 003a 00000081
[    3143.283048] /dev/input/event1: 0003 0035 00002097
[    3143.283048] /dev/input/event1: 0003 0036 00004f54
[    3143.283048] /dev/input/event1: 0000 0000 00000000
[    3143.283304] /dev/input/event1: 0003 0035 00002079
[    3143.283304] /dev/input/event1: 0000 0000 00000000
[    3143.358973] /dev/input/event1: 0003 003a 00000000
[    3143.358973] /dev/input/event1: 0003 0039 ffffffff
[    3143.358973] /dev/input/event1: 0000 0000 00000000
[    3144.052659] /dev/input/event1: 0003 0039 00000000
[    3144.052659] /dev/input/event1: 0003 0030 00000124
[    3144.052659] /dev/input/event1: 0003 003a 00000081
[    3144.052659] /dev/input/event1: 0003 0035 00001bd9
[    3144.052659] /dev/input/event1: 0003 0036 00005d32
[    3144.052659] /dev/input/event1: 0000 0000 00000000
[    3144.129490] /dev/input/event1: 0003 003a 00000000
[    3144.129490] /dev/input/event1: 0003 0039 ffffffff
[    3144.129490] /dev/input/event1: 0000 0000 00000000
[    3145.028300] /dev/input/event1: 0003 0039 00000000
[    3145.028300] /dev/input/event1: 0003 0030 00000125
[    3145.028300] /dev/input/event1: 0003 003a 00000081
[    3145.028300] /dev/input/event1: 0003 0035 000035ec
[    3145.028300] /dev/input/event1: 0003 0036 00005154
[    3145.028300] /dev/input/event1: 0000 0000 00000000
[    3145.091289] /dev/input/event1: 0003 003a 00000000
[    3145.091289] /dev/input/event1: 0003 0039 ffffffff
[    3145.091289] /dev/input/event1: 0000 0000 00000000
[    3145.749009] /dev/input/event1: 0003 0039 00000000
[    3145.749009] /dev/input/event1: 0003 0030 00000126
[    3145.749009] /dev/input/event1: 0003 003a 00000081
[    3145.749009] /dev/input/event1: 0003 0035 00002591
[    3145.749009] /dev/input/event1: 0003 0036 00001c21
[    3145.749009] /dev/input/event1: 0000 0000 00000000
[    3145.842816] /dev/input/event1: 0003 003a 00000000
[    3145.842816] /dev/input/event1: 0003 0039 ffffffff
[    3145.842816] /dev/input/event1: 0000 0000 00000000
[    3147.322053] /dev/input/event1: 0003 0039 00000000
[    3147.322053] /dev/input/event1: 0003 0030 00000127
[    3147.322053] /dev/input/event1: 0003 003a 00000081
[    3147.322053] /dev/input/event1: 0003 0035 00000c90
[    3147.322053] /dev/input/event1: 0003 0036 00006d10
[    3147.322053] /dev/input/event1: 0000 0000 00000000
[    3147.397151] /dev/input/event1: 0003 003a 00000000
[    3147.397151] /dev/input/event1: 0003 0039 ffffffff
[    3147.397151] /dev/input/event1: 0000 0000 00000000
[    3148.234025] /dev/input/event1: 0003 0039 00000000
[    3148.234025] /dev/input/event1: 0003 0030 00000128
[    3148.234025] /dev/input/event1: 0003 003a 00000081
[    3148.234025] /dev/input/event1: 0003 0035 00000d82
[    3148.234025] /dev/input/event1: 0003 0036 00007232
[    3148.234025] /dev/input/event1: 0000 0000 00000000
[    3148.326933] /dev/input/event1: 0003 003a 00000000
[    3148.326933] /dev/input/event1: 0003 0039 ffffffff
[    3148.326933] /dev/input/event1: 0000 0000 00000000
[    3148.768659] /dev/input/event1: 0003 0039 00000000
[    3148.768659] /dev/input/event1: 0003 0030 00000129
[    3148.768659] /dev/input/event1: 0003 003a 00000081
[    3148.768659] /dev/input/event1: 0000 0000 00000000
[    3148.878751] /dev/input/event1: 0003 003a 00000000
[    3148.878751] /dev/input/event1: 0003 0039 ffffffff
[    3148.878751] /dev/input/event1: 0000 0000 00000000
[    3150.196192] /dev/input/event1: 0003 0039 00000000
[    3150.196192] /dev/input/event1: 0003 0030 0000012a
[    3150.196192] /dev/input/event1: 0003 003a 00000081
[    3150.196192] /dev/input/event1: 0003 0035 00007443
[    3150.196192] /dev/input/event1: 0003 0036 000008ff
[    3150.196192] /dev/input/event1: 0000 0000 00000000
[    3150.273291] /dev/input/event1: 0003 003a 00000000
[    3150.273291] /dev/input/event1: 0003 0039 ffffffff
[    3150.273291] /dev/input/event1: 0000 0000 00000000
[    3152.391959] /dev/input/event1: 0003 0039 00000000
[    3152.391959] /dev/input/event1: 0003 0030 0000012b
[    3152.391959] /dev/input/event1: 0003 003a 00000081
[    3152.391959] /dev/input/event1: 0003 0035 00000591
[    3152.391959] /dev/input/event1: 0003 0036 000008cc
[    3152.391959] /dev/input/event1: 0000 0000 00000000
[    3152.484662] /dev/input/event1: 0003 003a 00000000
[    3152.484662] /dev/input/event1: 0003 0039 ffffffff
[    3152.484662] /dev/input/event1: 0000 0000 00000000
[    3154.025585] /dev/input/event1: 0003 0039 00000000
[    3154.025585] /dev/input/event1: 0003 0030 0000012c
[    3154.025585] /dev/input/event1: 0003 003a 00000081
[    3154.025585] /dev/input/event1: 0003 0035 0000216b
[    3154.025585] /dev/input/event1: 0003 0036 00005098
[    3154.025585] /dev/input/event1: 0000 0000 00000000
[    3154.087239] /dev/input/event1: 0003 003a 00000000
[    3154.087239] /dev/input/event1: 0003 0039 ffffffff
[    3154.087239] /dev/input/event1: 0000 0000 00000000
[    3156.091409] /dev/input/event1: 0003 0039 00000000
[    3156.091409] /dev/input/event1: 0003 0030 0000012d
[    3156.091409] /dev/input/event1: 0003 003a 00000081
[    3156.091409] /dev/input/event1: 0003 0035 00002bf8
[    3156.091409] /dev/input/event1: 0003 0036 00001555
[    3156.091409] /dev/input/event1: 0000 0000 00000000
[    3156.169077] /dev/input/event1: 0003 003a 00000000
[    3156.169077] /dev/input/event1: 0003 0039 ffffffff
[    3156.169077] /dev/input/event1: 0000 0000 00000000
[    3158.024458] /dev/input/event1: 0003 0039 00000000
[    3158.024458] /dev/input/event1: 0003 0030 0000012e
[    3158.024458] /dev/input/event1: 0003 003a 00000081
[    3158.024458] /dev/input/event1: 0003 0035 00003425
[    3158.024458] /dev/input/event1: 0003 0036 00002432
[    3158.024458] /dev/input/event1: 0000 0000 00000000
[    3158.117484] /dev/input/event1: 0003 003a 00000000
[    3158.117484] /dev/input/event1: 0003 0039 ffffffff
[    3158.117484] /dev/input/event1: 0000 0000 00000000
[    3160.522212] /dev/input/event1: 0003 0039 00000000
[    3160.522212] /dev/input/event1: 0003 0030 0000012f
[    3160.522212] /dev/