add device 1: /dev/input/event0
  name:     "Power Button"
add device 2: /dev/input/event1
  name:     "qwerty2"
[    3560.307462] /dev/input/event1: 0003 0039 00000000
[    3560.307462] /dev/input/event1: 0003 0030 00000167
[    3560.307462] /dev/input/event1: 0003 003a 00000081
[    3560.307462] /dev/input/event1: 0003 0035 000063ab
[    3560.307462] /dev/input/event1: 0003 0036 00007398
[    3560.307462] /dev/input/event1: 0000 0000 00000000
[    3560.392222] /dev/input/event1: 0003 003a 00000000
[    3560.392222] /dev/input/event1: 0003 0039 ffffffff
[    3560.392222] /dev/input/event1: 0000 0000 00000000
[    3561.872812] /dev/input/event1: 0003 0039 00000000
[    3561.872812] /dev/input/event1: 0003 0030 00000168
[    3561.872812] /dev/input/event1: 0003 003a 00000081
[    3561.872812] /dev/input/event1: 0003 0035 00005d82
[    3561.872812] /dev/input/event1: 0003 0036 000073dc
[    3561.872812] /dev/input/event1: 0000 0000 00000000
[    3561.966170] /dev/input/event1: 0003 003a 00000000
[    3561.966170] /dev/input/event1: 0003 0039 ffffffff
[    3561.966170] /dev/input/event1: 0000 0000 00000000
[    3562.811630] /dev/input/event1: 0003 0039 00000000
[    3562.811630] /dev/input/event1: 0003 0030 00000169
[    3562.811630] /dev/input/event1: 0003 003a 00000081
[    3562.811630] /dev/input/event1: 0000 0000 00000000
[    3562.904726] /dev/input/event1: 0003 003a 00000000
[    3562.904726] /dev/input/event1: 0003 0039 ffffffff
[    3562.904726] /dev/input/event1: 0000 0000 00000000
[    3564.128403] /dev/input/event1: 0003 0039 00000000
[    3564.128403] /dev/input/event1: 0003 0030 0000016a
[    3564.128403] /dev/input/event1: 0003 003a 00000081
[    3564.128403] /dev/input/event1: 0003 0035 000037b3
[    3564.128403] /dev/input/event1: 0003 0036 00002b88
[    3564.128403] /dev/input/event1: 0000 0000 00000000
[    3564.202351] /dev/input/event1: 0003 003a 00000000
[    3564.202351] /dev/input/event1: 0003 0039 ffffffff
[    3564.202351] /dev/input/event1: 0000 0000 00000000
[    3565.320555] /dev/input/event1: 0003 0039 00000000
[    3565.320555] /dev/input/event1: 0003 0030 0000016b
[    3565.320555] /dev/input/event1: 0003 003a 00000081
[    3565.320555] /dev/input/event1: 0003 0035 00006591
[    3565.320555] /dev/input/event1: 0003 0036 000072ee
[    3565.320555] /dev/input/event1: 0000 0000 00000000
[    3565.412826] /dev/input/event1: 0003 003a 00000000
[    3565.412826] /dev/input/event1: 0003 0039 ffffffff
[    3565.412826] /dev/input/event1: 0000 0000 00000000
[    3566.222025] /dev/input/event1: 0003 0039 00000000
[    3566.222025] /dev/input/event1: 0003 0030 0000016c
[    3566.222025] /dev/input/event1: 0003 003a 00000081
[    3566.222025] /dev/input/event1: 0000 0000 00000000
[    3566.285076] /dev/input/event1: 0003 003a 00000000
[    3566.285076] /dev/input/event1: 0003 0039 ffffffff
[    3566.285076] /dev/input/event1: 0000 0000 00000000
[    3567.770815] /dev/input/event1: 0003 0039 00000000
[    3567.770815] /dev/input/event1: 0003 0030 0000016d
[    3567.770815] /dev/input/event1: 0003 003a 00000081
[    3567.770815] /dev/input/event1: 0003 0035 0000601d
[    3567.770815] /dev/input/event1: 0003 0036 00004865
[    3567.770815] /dev/input/event1: 0000 0000 00000000
[    3567.849769] /dev/input/event1: 0003 003a 00000000
[    3567.849769] /dev/input/event1: 0003 0039 ffffffff
[    3567.849769] /dev/input/event1: 0000 0000 00000000
[    3574.958430] /dev/input/event1: 0003 0039 00000000
[    3574.958430] /dev/input/event1: 0003 0030 0000016e
[    3574.958430] /dev/input/event1: 0003 003a 00000081
[    3574.958430] /dev/input/event1: 0003 0035 00007221
[    3574.958430] /dev/input/event1: 0003 0036 00007210
[    3574.958430] /dev/input/event1: 0000 0000 00000000
[    3575.052427] /dev/input/event1: 0003 003a 00000000
[    3575.052427] /dev/input/event1: 0003 0039 ffffffff
[    3575.052427] /dev/input/event1: 0000 0000 00000000
[    3577.314545] /dev/input/event1: 0003 0039 00000000
[    3577.314545] /dev/input/event1: 0003 0030 0000016f
[    3577.314545] /dev/input/event1: 0003 003a 00000081
[    3577.314545] /dev/input/event1: 0003 0035 0000380e
[    3577.314545] /dev/input/event1: 0003 0036 000050dd
[    3577.314545] /dev/input/event1: 0000 0000 00000000
[    3577.408882] /dev/input/event1: 0003 003a 00000000
[    3577.408882] /dev/input/event1: 0003 0039 ffffffff
[    3577.408882] /dev/input/event1: 0000 0000 00000000
[    3578.212297] /dev/input/event1: 0003 0039 00000000
[    3578.212297] /dev/input/event1: 0003 0030 00000170
[    3578.212297] /dev/input/event1: 0003 003a 00000081
[    3578.212297] /dev/input/event1: 0003 0035 0000229b
[    3578.212297] /dev/input/event1: 0003 0036 00005032
[    3578.212297] /dev/input/event1: 0000 0000 00000000
[    3578.304278] /dev/input/event1: 0003 003a 00000000
[    3578.304278] /dev/input/event1: 0003 0039 ffffffff
[    3578.304278] /dev/input/event1: 0000 0000 00000000
[    3578.884400] /dev/input/event1: 0003 0039 00000000
[    3578.884400] /dev/input/event1: 0003 0030 00000171
[    3578.884400] /dev/input/event1: 0003 003a 00000081
[    3578.884400] /dev/input/event1: 0003 0035 00001a12
[    3578.884400] /dev/input/event1: 0003 0036 00005bcc
[    3578.884400] /dev/input/event1: 0000 0000 00000000
[    3578.962419] /dev/input/event1: 0003 003a 00000000
[    3578.962419] /dev/input/event1: 0003 0039 ffffffff
[    3578.962419] /dev/input/event1: 0000 0000 00000000
[    3579.669432] /dev/input/event1: 0003 0039 00000000
[    3579.669432] /dev/input/event1: 0003 0030 00000172
[    3579.669432] /dev/input/event1: 0003 003a 00000081
[    3579.669432] /dev/input/event1: 0003 0035 000039b7
[    3579.669432] /dev/input/event1: 0003 0036 00004fff
[    3579.669432] /dev/input/event1: 0000 0000 00000000
[    3579.746737] /dev/input/event1: 0003 003a 00000000
[    3579.746737] /dev/input/event1: 0003 0039 ffffffff
[    3579.746737] /dev/input/event1: 0000 0000 00000000
[    3582.064962] /dev/input/event1: 0003 0039 00000000
[    3582.064962] /dev/input/event1: 0003 0030 00000173
[    3582.064962] /dev/input/event1: 0003 003a 00000081
[    3582.064962] /dev/input/event1: 0003 0035 00003da0
[    3582.064962] /dev/input/event1: 0003 0036 000021bb
[    3582.064962] /dev/input/event1: 0000 0000 00000000
[    3582.159010] /dev/input/event1: 0003 003a 00000000
[    3582.159010] /dev/input/event1: 0003 0039 ffffffff
[    3582.159010] /dev/input/event1: 0000 0000 00000000
[    3583.347546] /dev/input/event1: 0003 0039 00000000
[    3583.347546] /dev/input/event1: 0003 0030 00000174
[    3583.347546] /dev/input/event1: 0003 003a 00000081
[    3583.347546] /dev/input/event1: 0003 0035 0000403c
[    3583.347546] /dev/input/event1: 0003 0036 00001288
[    3583.347546] /dev/input/event1: 0000 0000 00000000
[    3583.376057] /dev/input/event1: 0003 0036 000012cc
[    3583.376057] /dev/input/event1: 0000 0000 00000000
[    3583.380461] /dev/input/event1: 0003 0036 000012dd
[    3583.380461] /dev/input/event1: 0000 0000 00000000
[    3583.392014] /dev/input/event1: 0003 0035 0000401d
[    3583.392014] /dev/input/event1: 0003 0036 000013aa
[    3583.392014] /dev/input/event1: 0000 0000 00000000
[    3583.396002] /dev/input/event1: 0003 0035 00003fc2
[    3583.396002] /dev/input/event1: 0003 0036 000014aa
[    3583.396002] /dev/input/event1: 0000 0000 00000000
[    3583.408298] /dev/input/event1: 0003 0035 00003f67
[    3583.408298] /dev/input/event1: 0003 0036 000015cc
[    3583.408298] /dev/input/event1: 0000 0000 00000000
[    3583.411693] /dev/input/event1: 0003 0035 00003f0c
[    3583.411693] /dev/input/event1: 0003 0036 000016dd
[    3583.411693] /dev/input/event1: 0000 0000 00000000
[    3583.424123] /dev/input/event1: 0003 0035 00003ed0
[    3583.424123] /dev/input/event1: 0003 0036 000017dd
[    3583.424123] /dev/input/event1: 0000 0000 00000000
[    3583.428178] /dev/input/event1: 0003 0036 000018cc
[    3583.428178] /dev/input/event1: 0000 0000 00000000
[    3583.439913] /dev/input/event1: 0003 0036 000019cc
[    3583.439913] /dev/input/event1: 0000 0000 00000000
[    3583.443754] /dev/input/event1: 0003 0035 00003eb1
[    3583.443754] /dev/input/event1: 0003 0036 00001aaa
[    3583.443754] /dev/input/event1: 0000 0000 00000000
[    3583.455895] /dev/input/event1: 0003 0036 00001b99
[    3583.455895] /dev/input/event1: 0000 0000 00000000
[    3583.459686] /dev/input/event1: 0003 0036 00001c77
[    3583.459686] /dev/input/event1: 0000 0000 00000000
[    3583.471938] /dev/input/event1: 0003 0035 00003e75
[    3583.471938] /dev/input/event1: 0003 0036 00001d66
[    3583.471938] /dev/input/event1: 0000 0000 00000000
[    3583.476561] /dev/input/event1: 0003 0036 00001e44
[    3583.476561] /dev/input/event1: 0000 0000 00000000
[    3583.488296] /dev/input/event1: 0003 0036 00001f44
[    3583.488296] /dev/input/event1: 0000 0000 00000000
[    3583.491989] /dev/input/event1: 0003 0036 00002044
[    3583.491989] /dev/input/event1: 0000 0000 00000000
[    3583.504369] /dev/input/event1: 0003 0035 00003e56
[    3583.504369] /dev/input/event1: 0003 0036 00002144
[    3583.504369] /dev/input/event1: 0000 0000 00000000
[    3583.507673] /dev/input/event1: 0003 0036 00002243
[    3583.507673] /dev/input/event1: 0000 0000 00000000
[    3583.520455] /dev/input/event1: 0003 0036 00002343
[    3583.520455] /dev/input/event1: 0000 0000 00000000
[    3583.525257] /dev/input/event1: 0003 0036 00002466
[    3583.525257] /dev/input/event1: 0000 0000 00000000
[    3583.535842] /dev/input/event1: 0003 0036 00002566
[    3583.535842] /dev/input/event1: 0000 0000 00000000
[    3583.540867] /dev/input/event1: 0003 0036 00002643
[    3583.540867] /dev/input/event1: 0000 0000 00000000
[    3583.552253] /dev/input/event1: 0003 0036 00002743
[    3583.552253] /dev/input/event1: 0000 0000 00000000
[    3583.555846] /dev/input/event1: 0003 0036 00002843
[    3583.555846] /dev/input/event1: 0000 0000 00000000
[    3583.568204] /dev/input/event1: 0003 0036 00002943
[    3583.568204] /dev/input/event1: 0000 0000 00000000
[    3583.573813] /dev/input/event1: 0003 0036 00002a99
[    3583.573813] /dev/input/event1: 0000 0000 00000000
[    3583.583813] /dev/input/event1: 0003 0036 00002bff
[    3583.583813] /dev/input/event1: 0000 0000 00000000
[    3583.587743] /dev/input/event1: 0003 0036 00002d66
[    3583.587743] /dev/input/event1: 0000 0000 00000000
[    3583.599577] /dev/input/event1: 0003 0035 00003e75
[    3583.599577] /dev/input/event1: 0003 0036 00002edd
[    3583.599577] /dev/input/event1: 0000 0000 00000000
[    3583.603938] /dev/input/event1: 0003 0036 00003043
[    3583.603938] /dev/input/event1: 0000 0000 00000000
[    3583.616206] /dev/input/event1: 0003 0036 00003177
[    3583.616206] /dev/input/event1: 0000 0000 00000000
[    3583.620069] /dev/input/event1: 0003 0036 000032aa
[    3583.620069] /dev/input/event1: 0000 0000 00000000
[    3583.632070] /dev/input/event1: 0003 0036 000033dd
[    3583.632070] /dev/input/event1: 0000 0000 00000000
[    3583.636234] /dev/input/event1: 0003 0036 000034ff
[    3583.636234] /dev/input/event1: 0000 0000 00000000
[    3583.647721] /dev/input/event1: 0003 0036 000035ff
[    3583.647721] /dev/input/event1: 0000 0000 00000000
[    3583.651630] /dev/input/event1: 0003 0036 000036dd
[    3583.651630] /dev/input/event1: 0000 0000 00000000
[    3583.664982] /dev/input/event1: 0003 0036 000037dd
[    3583.664982] /dev/input/event1: 0000 0000 00000000
[    3583.668078] /dev/input/event1: 0003 0035 00003e93
[    3583.668078] /dev/input/event1: 0003 0036 00003910
[    3583.668078] /dev/input/event1: 0000 0000 00000000
[    3583.679919] /dev/input/event1: 0003 0035 00003eee
[    3583.679919] /dev/input/event1: 0003 0036 00003a32
[    3583.679919] /dev/input/event1: 0000 0000 00000000
[    3583.683961] /dev/input/event1: 0003 0035 00003f49
[    3583.683961] /dev/input/event1: 0003 0036 00003b65
[    3583.683961] /dev/input/event1: 0000 0000 00000000
[    3583.695911] /dev/input/event1: 0003 0035 00003fa4
[    3583.695911] /dev/input/event1: 0003 0036 00003caa
[    3583.695911] /dev/input/event1: 0000 0000 00000000
[    3583.699831] /dev/input/event1: 0003 0035 00003fff
[    3583.699831] /dev/input/event1: 0003 0036 00003daa
[    3583.699831] /dev/input/event1: 0000 0000 00000000
[    3583.712135] /dev/input/event1: 0003 0035 0000405a
[    3583.712135] /dev/input/event1: 0003 0036 00003e99
[    3583.712135] /dev/input/event1: 0000 0000 00000000
[    3583.716049] /dev/input/event1: 0003 0035 000040b5
[    3583.716049] /dev/input/event1: 0003 0036 00003f76
[    3583.716049] /dev/input/event1: 0000 0000 00000000
[    3583.727976] /dev/input/event1: 0003 0035 000040f2
[    3583.727976] /dev/input/event1: 0003 0036 00004010
[    3583.727976] /dev/input/event1: 0000 0000 00000000
[    3583.732369] /dev/input/event1: 0003 0036 000040aa
[    3583.732369] /dev/input/event1: 0000 0000 00000000
[    3583.744686] /dev/input/event1: 0003 003a 00000000
[    3583.744686] /dev/input/event1: 0003 0039 ffffffff
[    3583.744686] /dev/input/event1: 0000 0000 00000000
[    3584.850874] /dev/input/event1: 0003 0039 00000000
[    3584.850874] /dev/input/event1: 0003 0030 00000175
[    3584.850874] /dev/input/event1: 0003 003a 00000081
[    3584.850874] /dev/input/event1: 0003 0035 000044bd
[    3584.850874] /dev/input/event1: 0003 0036 000010ee
[    3584.850874] /dev/input/event1: 0000 0000 00000000
[    3584.865808] /dev/input/event1: 0003 0035 00004480
[    3584.865808] /dev/input/event1: 0003 0036 00001144
[    3584.865808] /dev/input/event1: 0000 0000 00000000
[    3584.869581] /dev/input/event1: 0003 0036 00001166
[    3584.869581] /dev/input/event1: 0000 0000 00000000
[    3584.881821] /dev/input/event1: 0003 0035 00004462
[    3584.881821] /dev/input/event1: 0003 0036 000011cc
[    3584.881821] /dev/input/event1: 0000 0000 00000000
[    3584.885768] /dev/input/event1: 0003 0036 00001277
[    3584.885768] /dev/input/event1: 0000 0000 00000000
[    3584.897650] /dev/input/event1: 0003 0036 00001366
[    3584.897650] /dev/input/event1: 0000 0000 00000000
[    3584.901606] /dev/input/event1: 0003 0036 00001466
[    3584.901606] /dev/input/event1: 0000 0000 00000000
[    3584.913821] /dev/input/event1: 0003 0036 00001577
[    3584.913821] /dev/input/event1: 0000 0000 00000000
[    3584.917687] /dev/input/event1: 0003 0036 000016aa
[    3584.917687] /dev/input/event1: 0000 0000 00000000
[    3584.929632] /dev/input/event1: 0003 0036 000017dd
[    3584.929632] /dev/input/event1: 0000 0000 00000000
[    3584.934310] /dev/input/event1: 0003 0036 00001933
[    3584.934310] /dev/input/event1: 0000 0000 00000000
[    3584.945809] /dev/input/event1: 0003 0036 00001a77
[    3584.945809] /dev/input/event1: 0000 0000 00000000
[    3584.949774] /dev/input/event1: 0003 0036 00001baa
[    3584.949774] /dev/input/event1: 0000 0000 00000000
[    3584.962627] /dev/input/event1: 0003 0036 00001cdd
[    3584.962627] /dev/input/event1: 0000 0000 00000000
[    3584.965765] /dev/input/event1: 0003 0035 00004480
[    3584.965765] /dev/input/event1: 0003 0036 00001e32
[    3584.965765] /dev/input/event1: 0000 0000 00000000
[    3584.977935] /dev/input/event1: 0003 0036 00001f77
[    3584.977935] /dev/input/event1: 0000 0000 00000000
[    3584.981970] /dev/input/event1: 0003 0035 0000449e
[    3584.981970] /dev/input/event1: 0003 0036 000020dd
[    3584.981970] /dev/input/event1: 0000 0000 00000000
[    3584.993582] /dev/input/event1: 0003 0036 00002266
[    3584.993582] /dev/input/event1: 0000 0000 00000000
[    3584.997812] /dev/input/event1: 0003 0036 000023ff
[    3584.997812] /dev/input/event1: 0000 0000 00000000
[    3585.009747] /dev/input/event1: 0003 0036 000025aa
[    3585.009747] /dev/input/event1: 0000 0000 00000000
[    3585.014013] /dev/input/event1: 0003 0036 00002799
[    3585.014013] /dev/input/event1: 0000 0000 00000000
[    3585.025891] /dev/input/event1: 0003 0036 000029dd
[    3585.025891] /dev/input/event1: 0000 0000 00000000
[    3585.029664] /dev/input/event1: 0003 0036 00002c77
[    3585.029664] /dev/input/event1: 0000 0000 00000000
[    3585.041857] /dev/input/event1: 0003 0036 00002f10
[    3585.041857] /dev/input/event1: 0000 0000 00000000
[    3585.045758] /dev/input/event1: 0003 0035 000044db
[    3585.045758] /dev/input/event1: 0003 0036 00003166
[    3585.045758] /dev/input/event1: 0000 0000 00000000
[    3585.058161] /dev/input/event1: 0003 0035 000044f9
[    3585.058161] /dev/input/event1: 0003 0036 00003365
[    3585.058161] /dev/input/event1: 0000 0000 00000000
[    3585.061984] /dev/input/event1: 0003 0035 00004554
[    3585.061984] /dev/input/event1: 0003 0036 00003510
[    3585.061984] /dev/input/event1: 0000 0000 00000000
[    3585.077101] /dev/input/event1: 0003 0035 000045af
[    3585.077101] /dev/input/event1: 0003 0036 000036cc
[    3585.077101] /dev/input/event1: 0000 0000 00000000
[    3585.079169] /dev/input/event1: 0003 0035 000045ec
[    3585.079169] /dev/input/event1: 0003 0036 00003865
[    3585.079169] /dev/input/event1: 0000 0000 00000000
[    3585.090229] /dev/input/event1: 0003 0035 0000460a
[    3585.090229] /dev/input/event1: 0003 0036 00003a32
[    3585.090229] /dev/input/event1: 0000 0000 00000000
[    3585.093952] /dev/input/event1: 0003 0035 00004647
[    3585.093952] /dev/input/event1: 0003 0036 00003bdd
[    3585.093952] /dev/input/event1: 0000 0000 00000000
[    3585.109428] /dev/input/event1: 0003 0035 00004665
[    3585.109428] /dev/input/event1: 0003 0036 00003d99
[    3585.109428] /dev/input/event1: 0000 0000 00000000
[    3585.111420] /dev/input/event1: 0003 0035 000046a2
[    3585.111420] /dev/input/event1: 0003 0036 00003f32
[    3585.111420] /dev/input/event1: 0000 0000 00000000
[    3585.122294] /dev/input/event1: 0003 0036 00004076
[    3585.122294] /dev/input/event1: 0000 0000 00000000
[    3585.126267] /dev/input/event1: 0003 0036 000041aa
[    3585.126267] /dev/input/event1: 0000 0000 00000000
[    3585.143601] /dev/input/event1: 0003 0036 000042dd
[    3585.143601] /dev/input/event1: 0000 0000 00000000
[    3585.143767] /dev/input/event1: 0003 0036 000043dd
[    3585.143767] /dev/input/event1: 0000 0000 00000000
[    3585.154118] /dev/input/event1: 0003 0036 000044cc
[    3585.154118] /dev/input/event1: 0000 0000 00000000
[    3585.158157] /dev/input/event1: 0003 0036 00004576
[    3585.158157] /dev/input/event1: 0000 0000 00000000
[    3585.176093] /dev/input/event1: 0003 003a 00000000
[    3585.176093] /dev/input/event1: 0003 0039 ffffffff
[    3585.176093] /dev/input/event1: 0000 0000 00000000
[    3586.143582] /dev/input/event1: 0003 0039 00000000
[    3586.143582] /dev/input/event1: 0003 0030 00000176
[    3586.143582] /dev/input/event1: 0003 003a 00000081
[    3586.143582] /dev/input/event1: 0003 0035 00003b23
[    3586.143582] /dev/input/event1: 0003 0036 00000ebb
[    3586.143582] /dev/input/event1: 0000 0000 00000000
[    3586.143801] /dev/input/event1: 0003 0035 00003ae6
[    3586.143801] /dev/input/event1: 0003 0036 00000eff
[    3586.143801] /dev/input/event1: 0000 0000 00000000
[    3586.149219] /dev/input/event1: 0003 0036 00000f10
[    3586.149219] /dev/input/event1: 0000 0000 00000000
[    3586.155733] /dev/input/event1: 0003 0036 00000fcc
[    3586.155733] /dev/input/event1: 0000 0000 00000000
[    3586.159703] /dev/input/event1: 0003 0035 00003ac8
[    3586.159703] /dev/input/event1: 0003 0036 00001099
[    3586.159703] /dev/input/event1: 0000 0000 00000000
[    3586.172009] /dev/input/event1: 0003 0036 00001144
[    3586.172009] /dev/input/event1: 0000 0000 00000000
[    3586.176890] /dev/input/event1: 0003 0035 00003a8b
[    3586.176890] /dev/input/event1: 0003 0036 00001233
[    3586.176890] /dev/input/event1: 0000 0000 00000000
[    3586.187842] /dev/input/event1: 0003 0035 00003a30
[    3586.187842] /dev/input/event1: 0003 0036 00001344
[    3586.187842] /dev/input/event1: 0000 0000 00000000
[    3586.191843] /dev/input/event1: 0003 0035 000039d5
[    3586.191843] /dev/input/event1: 0003 0036 00001466
[    3586.191843] /dev/input/event1: 0000 0000 00000000
[    3586.203814] /dev/input/event1: 0003 0035 0000397a
[    3586.203814] /dev/input/event1: 0003 0036 000015cc
[    3586.203814] /dev/input/event1: 0000 0000 00000000
[    3586.209246] /dev/input/event1: 0003 0035 000038c4
[    3586.209246] /dev/input/event1: 0003 0036 00001777
[    3586.209246] /dev/input/event1: 0000 0000 00000000
[    3586.219955] /dev/input/event1: 0003 0035 0000384b
[    3586.219955] /dev/input/event1: 0003 0036 00001933
[    3586.219955] /dev/input/event1: 0000 0000 00000000
[    3586.224240] /dev/input/event1: 0003 0035 000037b3
[    3586.224240] /dev/input/event1: 0003 0036 00001b10
[    3586.224240] /dev/input/event1: 0000 0000 00000000
[    3586.235847] /dev/input/event1: 0003 0035 0000373a
[    3586.235847] /dev/input/event1: 0003 0036 00001d32
[    3586.235847] /dev/input/event1: 0000 0000 00000000
[    3586.239767] /dev/input/event1: 0003 0035 000036fd
[    3586.239767] /dev/input/event1: 0003 0036 00001f44
[    3586.239767] /dev/input/event1: 0000 0000 00000000
[    3586.253127] /dev/input/event1: 0003 0035 000036df
[    3586.253127] /dev/input/event1: 0003 0036 00002199
[    3586.253127] /dev/input/event1: 0000 0000 00000000
[    3586.256201] /dev/input/event1: 0003 0036 000023ff
[    3586.256201] /dev/input/event1: 0000 0000 00000000
[    3586.267695] /dev/input/event1: 0003 0036 00002632
[    3586.267695] /dev/input/event1: 0000 0000 00000000
[    3586.272022] /dev/input/event1: 0003 0036 00002899
[    3586.272022] /dev/input/event1: 0000 0000 00000000
[    3586.283922] /dev/input/event1: 0003 0035 000036fd
[    3586.283922] /dev/input/event1: 0003 0036 00002b10
[    3586.283922] /dev/input/event1: 0000 0000 00000000
[    3586.287551] /dev/input/event1: 0003 0035 00003758
[    3586.287551] /dev/input/event1: 0003 0036 00002d43
[    3586.287551] /dev/input/event1: 0000 0000 00000000
[    3586.300634] /dev/input/event1: 0003 0035 000037d2
[    3586.300634] /dev/input/event1: 0003 0036 00002f99
[    3586.300634] /dev/input/event1: 0000 0000 00000000
[    3586.303694] /dev/input/event1: 0003 0035 00003869
[    3586.303694] /dev/input/event1: 0003 0036 000031aa
[    3586.303694] /dev/input/event1: 0000 0000 00000000
[    3586.315882] /dev/input/event1: 0003 0035 000038c4
[    3586.315882] /dev/input/event1: 0003 0036 00003399
[    3586.315882] /dev/input/event1: 0000 0000 00000000
[    3586.319701] /dev/input/event1: 0003 0035 0000391f
[    3586.319701] /dev/input/event1: 0003 0036 00003543
[    3586.319701] /dev/input/event1: 0000 0000 00000000
[    3586.332272] /dev/input/event1: 0003 0035 0000397a
[    3586.332272] /dev/input/event1: 0003 0036 000036ff
[    3586.332272] /dev/input/event1: 0000 0000 00000000
[    3586.336228] /dev/input/event1: 0003 0035 00003999
[    3586.336228] /dev/input/event1: 0003 0036 00003899
[    3586.336228] /dev/input/event1: 0000 0000 00000000
[    3586.349604] /dev/input/event1: 0003 0035 000039f4
[    3586.349604] /dev/input/event1: 0003 0036 00003a32
[    3586.349604] /dev/input/event1: 0000 0000 00000000
[    3586.352089] /dev/input/event1: 0003 0035 00003a4f
[    3586.352089] /dev/input/event1: 0003 0036 00003bcc
[    3586.352089] /dev/input/event1: 0000 0000 00000000
[    3586.363992] /dev/input/event1: 0003 0035 00003a8b
[    3586.363992] /dev/input/event1: 0003 0036 00003d10
[    3586.363992] /dev/input/event1: 0000 0000 00000000
[    3586.367733] /dev/input/event1: 0003 0035 00003ae6
[    3586.367733] /dev/input/event1: 0003 0036 00003e65
[    3586.367733] /dev/input/event1: 0000 0000 00000000
[    3586.380061] /dev/input/event1: 0003 0035 00003b41
[    3586.380061] /dev/input/event1: 0003 0036 00003f99
[    3586.380061] /dev/input/event1: 0000 0000 00000000
[    3586.383836] /dev/input/event1: 0003 0035 00003b9c
[    3586.383836] /dev/input/event1: 0003 0036 00004099
[    3586.383836] /dev/input/event1: 0000 0000 00000000
[    3586.395793] /dev/input/event1: 0003 0035 00003bf7
[    3586.395793] /dev/input/event1: 0003 0036 00004176
[    3586.395793] /dev/input/event1: 0000 0000 00000000
[    3586.399708] /dev/input/event1: 0003 0035 00003c16
[    3586.399708] /dev/input/event1: 0003 0036 00004232
[    3586.399708] /dev/input/event1: 0000 0000 00000000
[    3586.411933] /dev/input/event1: 0003 0035 00003c52
[    3586.411933] /dev/input/event1: 0003 0036 000042dd
[    3586.411933] /dev/input/event1: 0000 0000 00000000
[    3586.416323] /dev/input/event1: 0003 0035 00003c71
[    3586.416323] /dev/input/event1: 0003 0036 00004365
[    3586.416323] /dev/input/event1: 0000 0000 00000000
[    3586.428394] /dev/input/event1: 0003 003a 00000000
[    3586.428394] /dev/input/event1: 0003 0039 ffffffff
[    3586.428394] /dev/input/event1: 0000 0000 00000000
[    3587.304806] /dev/input/event1: 0003 0039 00000000
[    3587.304806] /dev/input/event1: 0003 0030 00000177
[    3587.304806] /dev/input/event1: 0003 003a 00000081
[    3587.304806] /dev/input/event1: 0003 0035 0000380e
[    3587.304806] /dev/input/event1: 0003 0036 00000fcc
[    3587.304806] /dev/input/event1: 0000 0000 00000000
[    3587.305778] /dev/input/event1: 0003 0035 000037b3
[    3587.305778] /dev/input/event1: 0003 0036 00001066
[    3587.305778] /dev/input/event1: 0000 0000 00000000
[    3587.311111] /dev/input/event1: 0003 0035 0000373a
[    3587.311111] /dev/input/event1: 0003 0036 00001144
[    3587.311111] /dev/input/event1: 0000 0000 00000000
[    3587.317809] /dev/input/event1: 0003 0035 000036df
[    3587.317809] /dev/input/event1: 0003 0036 00001210
[    3587.317809] /dev/input/event1: 0000 0000 00000000
[    3587.321661] /dev/input/event1: 0003 0035 00003684
[    3587.321661] /dev/input/event1: 0003 0036 00001333
[    3587.321661] /dev/input/event1: 0000 0000 00000000
[    3587.333819] /dev/input/event1: 0003 0035 00003629
[    3587.333819] /dev/input/event1: 0003 0036 000014cc
[    3587.333819] /dev/input/event1: 0000 0000 00000000
[    3587.337999] /dev/input/event1: 0003 0035 000035ec
[    3587.337999] /dev/input/event1: 0003 0036 00001699
[    3587.337999] /dev/input/event1: 0000 0000 00000000
[    3587.349999] /dev/input/event1: 0003 0035 000035ce
[    3587.349999] /dev/input/event1: 0003 0036 00001877
[    3587.349999] /dev/input/event1: 0000 0000 00000000
[    3587.353739] /dev/input/event1: 0003 0036 00001a77
[    3587.353739] /dev/input/event1: 0000 0000 00000000
[    3587.366740] /dev/input/event1: 0003 0036 00001c99
[    3587.366740] /dev/input/event1: 0000 0000 00000000
[    3587.369780] /dev/input/event1: 0003 0036 00001e77
[    3587.369780] /dev/input/event1: 0000 0000 00000000
[    3587.381950] /dev/input/event1: 0003 0036 00002077
[    3587.381950] /dev/input/event1: 0000 0000 00000000
[    3587.385647] /dev/input/event1: 0003 0036 00002299
[    3587.385647] /dev/input/event1: 0000 0000 00000000
[    3587.397861] /dev/input/event1: 0003 0035 000035ec
[    3587.397861] /dev/input/event1: 0003 0036 000024cc
[    3587.397861] /dev/input/event1: 0000 0000 00000000
[    3587.401787] /dev/input/event1: 0003 0035 00003647
[    3587.401787] /dev/input/event1: 0003 0036 000026ff
[    3587.401787] /dev/input/event1: 0000 0000 00000000
[    3587.414665] /dev/input/event1: 0003 0035 000036c0
[    3587.414665] /dev/input/event1: 0003 0036 00002943
[    3587.414665] /dev/input/event1: 0000 0000 00000000
[    3587.417970] /dev/input/event1: 0003 0035 00003758
[    3587.417970] /dev/input/event1: 0003 0036 00002baa
[    3587.417970] /dev/input/event1: 0000 0000 00000000
[    3587.430314] /dev/input/event1: 0003 0035 000037d2
[    3587.430314] /dev/input/event1: 0003 0036 00002e43
[    3587.430314] /dev/input/event1: 0000 0000 00000000
[    3587.434177] /dev/input/event1: 0003 0035 00003888
[    3587.434177] /dev/input/event1: 0003 0036 00003132
[    3587.434177] /dev/input/event1: 0000 0000 00000000
[    3587.445825] /dev/input/event1: 0003 0035 0000393e
[    3587.445825] /dev/input/event1: 0003 0036 00003443
[    3587.445825] /dev/input/event1: 0000 0000 00000000
[    3587.450616] /dev/input/event1: 0003 0035 00003a4f
[    3587.450616] /dev/input/event1: 0003 0036 00003799
[    3587.450616] /dev/input/event1: 0000 0000 00000000
[    3587.462154] /dev/input/event1: 0003 0035 00003b60
[    3587.462154] /dev/input/event1: 0003 0036 00003aaa
[    3587.462154] /dev/input/event1: 0000 0000 00000000
[    3587.465720] /dev/input/event1: 0003 0035 00003c71
[    3587.465720] /dev/input/event1: 0003 0036 00003d76
[    3587.465720] /dev/input/event1: 0000 0000 00000000
[    3587.478025] /dev/input/event1: 0003 0035 00003d82
[    3587.478025] /dev/input/event1: 0003 0036 00003fff
[    3587.478025] /dev/input/event1: 0000 0000 00000000
[    3587.481843] /dev/input/event1: 0003 0035 00003e38
[    3587.481843] /dev/input/event1: 0003 0036 000041ff
[    3587.481843] /dev/input/event1: 0000 0000 00000000
[    3587.494417] /dev/input/event1: 0003 0035 00003ed0
[    3587.494417] /dev/input/event1: 0003 0036 00004399
[    3587.494417] /dev/input/event1: 0000 0000 00000000
[    3587.498078] /dev/input/event1: 0003 0035 00003f49
[    3587.498078] /dev/input/event1: 0003 0036 000044ff
[    3587.498078] /dev/input/event1: 0000 0000 00000000
[    3587.510821] /dev/input/event1: 0003 0035 00003fe1
[    3587.510821] /dev/input/event1: 0003 0036 00004632
[    3587.510821] /dev/input/event1: 0000 0000 00000000
[    3587.513604] /dev/input/event1: 0003 0035 0000405a
[    3587.513604] /dev/input/event1: 0003 0036 00004776
[    3587.513604] /dev/input/event1: 0000 0000 00000000
[    3587.525833] /dev/input/event1: 0003 0035 000040f2
[    3587.525833] /dev/input/event1: 0003 0036 000048aa
[    3587.525833] /dev/input/event1: 0000 0000 00000000
[    3587.529890] /dev/input/event1: 0003 0035 0000416b
[    3587.529890] /dev/input/event1: 0003 0036 000049aa
[    3587.529890] /dev/input/event1: 0000 0000 00000000
[    3587.542180] /dev/input/event1: 0003 0035 000041c6
[    3587.542180] /dev/input/event1: 0003 0036 00004acc
[    3587.542180] /dev/input/event1: 0000 0000 00000000
[    3587.545631] /dev/input/event1: 0003 0035 00004221
[    3587.545631] /dev/input/event1: 0003 0036 00004baa
[    3587.545631] /dev/input/event1: 0000 0000 00000000
[    3587.558809] /dev/input/event1: 0003 003a 00000000
[    3587.558809] /dev/input/event1: 0003 0039 ffffffff
[    3587.558809] /dev/input/event1: 0000 0000 00000000
[    3588.322549] /dev/input/event1: 0003 0039 00000000
[    3588.322549] /dev/input/event1: 0003 0030 00000178
[    3588.322549] /dev/input/event1: 0003 003a 00000081
[    3588.322549] /dev/input/event1: 0003 0035 0000380e
[    3588.322549] /dev/input/event1: 0003 0036 00000d33
[    3588.322549] /dev/input/event1: 0000 0000 00000000
[    3588.322633] /dev/input/event1: 0003 0036 00000d99
[    3588.322633] /dev/input/event1: 0000 0000 00000000
[    3588.325814] /dev/input/event1: 0003 0036 00000e10
[    3588.325814] /dev/input/event1: 0000 0000 00000000
[    3588.334472] /dev/input/event1: 0003 0036 00000eff
[    3588.334472] /dev/input/event1: 0000 0000 00000000
[    3588.338151] /dev/input/event1: 0003 0035 000037f0
[    3588.338151] /dev/input/event1: 0003 0036 00001010
[    3588.338151] /dev/input/event1: 0000 0000 00000000
[    3588.350088] /dev/input/event1: 0003 0035 000037b3
[    3588.350088] /dev/input/event1: 0003 0036 00001144
[    3588.350088] /dev/input/event1: 0000 0000 00000000
[    3588.353733] /dev/input/event1: 0003 0036 000012aa
[    3588.353733] /dev/input/event1: 0000 0000 00000000
[    3588.366781] /dev/input/event1: 0003 0036 00001477
[    3588.366781] /dev/input/event1: 0000 0000 00000000
[    3588.369663] /dev/input/event1: 0003 0036 00001699
[    3588.369663] /dev/input/event1: 0000 0000 00000000
[    3588.382045] /dev/input/event1: 0003 0036 000018aa
[    3588.382045] /dev/input/event1: 0000 0000 00000000
[    3588.385840] /dev/input/event1: 0003 0036 00001b10
[    3588.385840] /dev/input/event1: 0000 0000 00000000
[    3588.398339] /dev/input/event1: 0003 0035 000037d2
[    3588.398339] /dev/input/event1: 0003 0036 00001dcc
[    3588.398339] /dev/input/event1: 0000 0000 00000000
[    3588.402557] /dev/input/event1: 0003 0035 0000382d
[    3588.402557] /dev/input/event1: 0003 0036 00002066
[    3588.402557] /dev/input/event1: 0000 0000 00000000
[    3588.414485] /dev/input/event1: 0003 0035 00003888
[    3588.414485] /dev/input/event1: 0003 0036 00002332
[    3588.414485] /dev/input/event1: 0000 0000 00000000
[    3588.417571] /dev/input/event1: 0003 0035 0000391f
[    3588.417571] /dev/input/event1: 0003 0036 00002610
[    3588.417571] /dev/input/event1: 0000 0000 00000000
[    3588.431443] /dev/input/event1: 0003 0035 0000397a
[    3588.431443] /dev/input/event1: 0003 0036 00002899
[    3588.431443] /dev/input/event1: 0000 0000 00000000
[    3588.433931] /dev/input/event1: 0003 0035 000039d5
[    3588.433931] /dev/input/event1: 0003 0036 00002b10
[    3588.433931] /dev/input/event1: 0000 0000 00000000
[    3588.447207] /dev/input/event1: 0003 0035 00003a4f
[    3588.447207] /dev/input/event1: 0003 0036 00002d99
[    3588.447207] /dev/input/event1: 0000 0000 00000000
[    3588.449978] /dev/input/event1: 0003 0035 00003ae6
[    3588.449978] /dev/input/event1: 0003 0036 00002fcc
[    3588.449978] /dev/input/event1: 0000 0000 00000000
[    3588.462397] /dev/input/event1: 0003 0035 00003b60
[    3588.462397] /dev/input/event1: 0003 0036 00003232
[    3588.462397] /dev/input/event1: 0000 0000 00000000
[    3588.465725] /dev/input/event1: 0003 0035 00003bf7
[    3588.465725] /dev/input/event1: 0003 0036 00003443
[    3588.465725] /dev/input/event1: 0000 0000 00000000
[    3588.480051] /dev/input/event1: 0003 0035 00003cad
[    3588.480051] /dev/input/event1: 0003 0036 00003632
[    3588.480051] /dev/input/event1: 0000 0000 00000000
[    3588.482114] /dev/input/event1: 0003 0035 00003d64
[    3588.482114] /dev/input/event1: 0003 0036 000037cc
[    3588.482114] /dev/input/event1: 0000 0000 00000000
[    3588.493778] /dev/input/event1: 0003 0035 00003ddd
[    3588.493778] /dev/input/event1: 0003 0036 00003932
[    3588.493778] /dev/input/event1: 0000 0000 00000000
[    3588.497846] /dev/input/event1: 0003 0035 00003e75
[    3588.497846] /dev/input/event1: 0003 0036 00003a43
[    3588.497846] /dev/input/event1: 0000 0000 00000000
[    3588.511790] /dev/input/event1: 0003 0035 00003f2b
[    3588.511790] /dev/input/event1: 0003 0036 00003b43
[    3588.511790] /dev/input/event1: 0000 0000 00000000
[    3588.515522] /dev/input/event1: 0003 0035 00003fe1
[    3588.515522] /dev/input/event1: 0003 0036 00003c32
[    3588.515522] /dev/input/event1: 0000 0000 00000000
[    3588.526702] /dev/input/event1: 0003 003a 00000000
[    3588.526702] /dev/input/event1: 0003 0039 ffffffff
[    3588.526702] /dev/input/event1: 0000 0000 00000000
[    3589.635789] /dev/input/event1: 0003 0039 00000000
[    3589.635789] /dev/input/event1: 0003 0030 00000179
[    3589.635789] /dev/input/event1: 0003 003a 00000081
[    3589.635789] /dev/input/event1: 0003 0035 00003684
[    3589.635789] /dev/input/event1: 0003 0036 000009cc
[    3589.635789] /dev/input/event1: 0000 0000 00000000
[    3589.711853] /dev/input/event1: 0003 0036 00000a44
[    3589.711853] /dev/input/event1: 0000 0000 00000000
[    3589.715634] /dev/input/event1: 0003 0036 00000aaa
[    3589.715634] /dev/input/event1: 0000 0000 00000000
[    3589.727818] /dev/input/event1: 0003 0036 00000b66
[    3589.727818] /dev/input/event1: 0000 0000 00000000
[    3589.731945] /dev/input/event1: 0003 0036 00000c33
[    3589.731945] /dev/input/event1: 0000 0000 00000000
[    3589.743968] /dev/input/event1: 0003 0036 00000d33
[    3589.743968] /dev/input/event1: 0000 0000 00000000
[    3589.747604] /dev/input/event1: 0003 0036 00000e66
[    3589.747604] /dev/input/event1: 0000 0000 00000000
[    3589.759965] /dev/input/event1: 0003 0036 00000f77
[    3589.759965] /dev/input/event1: 0000 0000 00000000
[    3589.764037] /dev/input/event1: 0003 0036 000010dd
[    3589.764037] /dev/input/event1: 0000 0000 00000000
[    3589.775962] /dev/input/event1: 0003 0036 00001244
[    3589.775962] /dev/input/event1: 0000 0000 00000000
[    3589.779649] /dev/input/event1: 0003 0036 000013aa
[    3589.779649] /dev/input/event1: 0000 0000 00000000
[    3589.791950] /dev/input/event1: 0003 0036 00001533
[    3589.791950] /dev/input/event1: 0000 0000 00000000
[    3589.796066] /dev/input/event1: 0003 0036 000016cc
[    3589.796066] /dev/input/event1: 0000 0000 00000000
[    3589.807714] /dev/input/event1: 0003 0036 00001844
[    3589.807714] /dev/input/event1: 0000 0000 00000000
[    3589.811916] /dev/input/event1: 0003 0036 000019ff
[    3589.811916] /dev/input/event1: 0000 0000 00000000
[    3589.823883] /dev/input/event1: 0003 0036 00001b99
[    3589.823883] /dev/input/event1: 0000 0000 00000000
[    3589.827819] /dev/input/event1: 0003 0036 00001d99
[    3589.827819] /dev/input/event1: 0000 0000 00000000
[    3589.839757] /dev/input/event1: 0003 0036 00001fcc
[    3589.839757] /dev/input/event1: 0000 0000 00000000
[    3589.844135] /dev/input/event1: 0003 0036 00002210
[    3589.844135] /dev/input/event1: 0000 0000 00000000
[    3589.857775] /dev/input/event1: 0003 0036 00002443
[    3589.857775] /dev/input/event1: 0000 0000 00000000
[    3589.859804] /dev/input/event1: 0003 0035 000036a2
[    3589.859804] /dev/input/event1: 0003 0036 000026aa
[    3589.859804] /dev/input/event1: 0000 0000 00000000
[    3589.872047] /dev/input/event1: 0003 0035 000036fd
[    3589.872047] /dev/input/event1: 0003 0036 000028dd
[    3589.872047] /dev/input/event1: 0000 0000 00000000
[    3589.875853] /dev/input/event1: 0003 0035 000037b3
[    3589.875853] /dev/input/event1: 0003 0036 00002b77
[    3589.875853] /dev/input/event1: 0000 0000 00000000
[    3589.888124] /dev/input/event1: 0003 0035 00003888
[    3589.888124] /dev/input/event1: 0003 0036 00002e66
[    3589.888124] /dev/input/event1: 0000 0000 00000000
[    3589.891958] /dev/input/event1: 0003 0035 00003999
[    3589.891958] /dev/input/event1: 0003 0036 00003132
[    3589.891958] /dev/input/event1: 0000 0000 00000000
[    3589.903802] /dev/input/event1: 0003 0035 00003ae6
[    3589.903802] /dev/input/event1: 0003 0036 00003432
[    3589.903802] /dev/input/event1: 0000 0000 00000000
[    3589.908202] /dev/input/event1: 0003 0035 00003c16
[    3589.908202] /dev/input/event1: 0003 0036 00003743
[    3589.908202] /dev/input/event1: 0000 0000 00000000
[    3589.920713] /dev/input/event1: 0003 0035 00003d27
[    3589.920713] /dev/input/event1: 0003 0036 000039ff
[    3589.920713] /dev/input/event1: 0000 0000 00000000
[    3589.923632] /dev/input/event1: 0003 0035 00003e1a
[    3589.923632] /dev/input/event1: 0003 0036 00003caa
[    3589.923632] /dev/input/event1: 0000 0000 00000000
[    3589.935718] /dev/input/event1: 0003 0035 00003ed0
[    3589.935718] /dev/input/event1: 0003 0036 00003f43
[    3589.935718] /dev/input/event1: 0000 0000 00000000
[    3589.940248] /dev/input/event1: 0003 0035 00003f86
[    3589.940248] /dev/input/event1: 0003 0036 00004199
[    3589.940248] /dev/input/event1: 0000 0000 00000000
[    3589.952071] /dev/input/event1: 0003 0035 0000403c
[    3589.952071] /dev/input/event1: 0003 0036 000043aa
[    3589.952071] /dev/input/event1: 0000 0000 00000000
[    3589.955975] /dev/input/event1: 0003 0035 0000414d
[    3589.955975] /dev/input/event1: 0003 0036 00004599
[    3589.955975] /dev/input/event1: 0000 0000 00000000
[    3589.968352] /dev/input/event1: 0003 0035 0000425e
[    3589.968352] /dev/input/event1: 0003 0036 00004732
[    3589.968352] /dev/input/event1: 0000 0000 00000000
[    3589.971754] /dev/input/event1: 0003 0035 0000436f
[    3589.971754] /dev/input/event1: 0003 0036 000048aa
[    3589.971754] /dev/input/event1: 0000 0000 00000000
[    3589.986564] /dev/input/event1: 0003 0035 0000449e
[    3589.986564] /dev/input/event1: 0003 0036 000049ff
[    3589.986564] /dev/input/event1: 0000 0000 00000000
[    3589.990543] /dev/input/event1: 0003 0035 000045af
[    3589.990543] /dev/input/event1: 0003 0036 00004b10
[    3589.990543] /dev/input/event1: 0000 0000 00000000
[    3589.999796] /dev/input/event1: 0003 0035 000046c0
[    3589.999796] /dev/input/event1: 0003 0036 00004bff
[    3589.999796] /dev/input/event1: 0000 0000 00000000
[    3590.003993] /dev/input/event1: 0003 0035 0000480e
[    3590.003993] /dev/input/event1: 0003 0036 00004caa
[    3590.003993] /dev/input/event1: 0000 0000 00000000
[    3590.016446] /dev/input/event1: 0003 0035 0000491f
[    3590.016446] /dev/input/event1: 0003 0036 00004d43
[    3590.016446] /dev/input/event1: 0000 0000 00000000
[    3590.017650] /dev/input/event1: 0003 003a 00000000
[    3590.017650] /dev/input/event1: 0003 0039 ffffffff
[    3590.017650] /dev/input/event1: 0000 0000 00000000
[    3591.404712] /dev/input/event1: 0003 0039 00000000
[    3591.404712] /dev/input/event1: 0003 0030 0000017a
[    3591.404712] /dev/input/event1: 0003 003a 00000081
[    3591.404712] /dev/input/event1: 0003 0035 00003203
[    3591.404712] /dev/input/event1: 0003 0036 00000755
[    3591.404712] /dev/input/event1: 0000 0000 00000000
[    3591.417699] /dev/input/event1: 0003 0036 000007aa
[    3591.417699] /dev/input/event1: 0000 0000 00000000
[    3591.421733] /dev/input/event1: 0003 0036 00000833
[    3591.421733] /dev/input/event1: 0000 0000 00000000
[    3591.434124] /dev/input/event1: 0003 0036 000008dd
[    3591.434124] /dev/input/event1: 0000 0000 00000000
[    3591.437726] /dev/input/event1: 0003 0035 00003221
[    3591.437726] /dev/input/event1: 0003 0036 000009cc
[    3591.437726] /dev/input/event1: 0000 0000 00000000
[    3591.450672] /dev/input/event1: 0003 0036 00000acc
[    3591.450672] /dev/input/event1: 0000 0000 00000000
[    3591.454266] /dev/input/event1: 0003 0035 0000325e
[    3591.454266] /dev/input/event1: 0003 0036 00000bdd
[    3591.454266] /dev/input/event1: 0000 0000 00000000
[    3591.466654] /dev/input/event1: 0003 0035 0000327c
[    3591.466654] /dev/input/event1: 0003 0036 00000d33
[    3591.466654] /dev/input/event1: 0000 0000 00000000
[    3591.469775] /dev/input/event1: 0003 0035 000032b9
[    3591.469775] /dev/input/event1: 0003 0036 00000ecc
[    3591.469775] /dev/input/event1: 0000 0000 00000000
[    3591.484820] /dev/input/event1: 0003 0035 000032d7
[    3591.484820] /dev/input/event1: 0003 0036 000010aa
[    3591.484820] /dev/input/event1: 0000 0000 00000000
[    3591.485783] /dev/input/event1: 0003 0035 00003332
[    3591.485783] /dev/input/event1: 0003 0036 000012ff
[    3591.485783] /dev/input/event1: 0000 0000 00000000
[    3591.498516] /dev/input/event1: 0003 0035 0000338d
[    3591.498516] /dev/input/event1: 0003 0036 000015aa
[    3591.498516] /dev/input/event1: 0000 0000 00000000
[    3591.501790] /dev/input/event1: 0003 0035 000033ca
[    3591.501790] /dev/input/event1: 0003 0036 00001877
[    3591.501790] /dev/input/event1: 0000 0000 00000000
[    3591.514916] /dev/input/event1: 0003 0035 000033e8
[    3591.514916] /dev/input/event1: 0003 0036 00001b44
[    3591.514916] /dev/input/event1: 0000 0000 00000000
[    3591.517684] /dev/input/event1: 0003 0035 00003425
[    3591.517684] /dev/input/event1: 0003 0036 00001dff
[    3591.517684] /dev/input/event1: 0000 0000 00000000
[    3591.529895] /dev/input/event1: 0003 0035 00003443
[    3591.529895] /dev/input/event1: 0003 0036 00002099
[    3591.529895] /dev/input/event1: 0000 0000 00000000
[    3591.534310] /dev/input/event1: 0003 0036 000022ff
[    3591.534310] /dev/input/event1: 0000 0000 00000000
[    3591.548464] /dev/input/event1: 0003 0036 00002532
[    3591.548464] /dev/input/event1: 0000 0000 00000000
[    3591.550719] /dev/input/event1: 0003 0036 00002766
[    3591.550719] /dev/input/event1: 0000 0000 00000000
[    3591.562339] /dev/input/event1: 0003 0035 00003480
[    3591.562339] /dev/input/event1: 0003 0036 00002999
[    3591.562339] /dev/input/event1: 0000 0000 00000000
[    3591.566269] /dev/input/event1: 0003 0035 000034db
[    3591.566269] /dev/input/event1: 0003 0036 00002bcc
[    3591.566269] /dev/input/event1: 0000 0000 00000000
[    3591.580974] /dev/input/event1: 0003 0035 00003536
[    3591.580974] /dev/input/event1: 0003 0036 00002e32
[    3591.580974] /dev/input/event1: 0000 0000 00000000
[    3591.583131] /dev/input/event1: 0003 0035 000035af
[    3591.583131] /dev/input/event1: 0003 0036 000030aa
[    3591.583131] /dev/input/event1: 0000 0000 00000000
[    3591.593922] /dev/input/event1: 0003 0035 00003665
[    3591.593922] /dev/input/event1: 0003 0036 00003399
[    3591.593922] /dev/input/event1: 0000 0000 00000000
[    3591.598449] /dev/input/event1: 0003 0035 00003758
[    3591.598449] /dev/input/event1: 0003 0036 00003699
[    3591.598449] /dev/input/event1: 0000 0000 00000000
[    3591.610086] /dev/input/event1: 0003 0035 00003869
[    3591.610086] /dev/input/event1: 0003 0036 00003932
[    3591.610086] /dev/input/event1: 0000 0000 00000000
[    3591.615496] /dev/input/event1: 0003 0035 0000397a
[    3591.615496] /dev/input/event1: 0003 0036 00003b43
[    3591.615496] /dev/input/event1: 0000 0000 00000000
[    3591.625791] /dev/input/event1: 0003 0035 00003aaa
[    3591.625791] /dev/input/event1: 0003 0036 00003d32
[    3591.625791] /dev/input/event1: 0000 0000 00000000
[    3591.630243] /dev/input/event1: 0003 0035 00003c16
[    3591.630243] /dev/input/event1: 0003 0036 00003edd
[    3591.630243] /dev/input/event1: 0000 0000 00000000
[    3591.641938] /dev/input/event1: 0003 0035 00003d82
[    3591.641938] /dev/input/event1: 0003 0036 00004065
[    3591.641938] /dev/input/event1: 0000 0000 00000000
[    3591.647322] /dev/input/event1: 0003 0035 00003e93
[    3591.647322] /dev/input/event1: 0003 0036 00004199
[    3591.647322] /dev/input/event1: 0000 0000 00000000
[    3591.659218] /dev/input/event1: 0003 003a 00000000
[    3591.659218] /dev/input/event1: 0003 0039 ffffffff
[    3591.659218] /dev/input/event1: 0000 0000 00000000
[    3593.054951] /dev/input/event1: 0003 0039 00000000
[    3593.054951] /dev/input/event1: 0003 0030 0000017b
[    3593.054951] /dev/input/event1: 0003 003a 00000081
[    3593.054951] /dev/input/event1: 0003 0035 0000382d
[    3593.054951] /dev/input/event1: 0003 0036 00000999
[    3593.054951] /dev/input/event1: 0000 0000 00000000
[    3593.067955] /dev/input/event1: 0003 0035 0000380e
[    3593.067955] /dev/input/event1: 0003 0036 000009ff
[    3593.067955] /dev/input/event1: 0000 0000 00000000
[    3593.071698] /dev/input/event1: 0003 0036 00000a10
[    3593.071698] /dev/input/event1: 0000 0000 00000000
[    3593.084132] /dev/input/event1: 0003 0035 000037f0
[    3593.084132] /dev/input/event1: 0003 0036 00000aaa
[    3593.084132] /dev/input/event1: 0000 0000 00000000
[    3593.087935] /dev/input/event1: 0003 0036 00000b66
[    3593.087935] /dev/input/event1: 0000 0000 00000000
[    3593.102015] /dev/input/event1: 0003 0036 00000c33
[    3593.102015] /dev/input/event1: 0000 0000 00000000
[    3593.103883] /dev/input/event1: 0003 0036 00000cff
[    3593.103883] /dev/input/event1: 0000 0000 00000000
[    3593.116013] /dev/input/event1: 0003 0036 00000e10
[    3593.116013] /dev/input/event1: 0000 0000 00000000
[    3593.120051] /dev/input/event1: 0003 0036 00000f99
[    3593.120051] /dev/input/event1: 0000 0000 00000000
[    3593.131837] /dev/input/event1: 0003 0036 00001133
[    3593.131837] /dev/input/event1: 0000 0000 00000000
[    3593.135610] /dev/input/event1: 0003 0035 0000380e
[    3593.135610] /dev/input/event1: 0003 0036 00001366
[    3593.135610] /dev/input/event1: 0000 0000 00000000
[    3593.148476] /dev/input/event1: 0003 0035 0000382d
[    3593.148476] /dev/input/event1: 0003 0036 000015dd
[    3593.148476] /dev/input/event1: 0000 0000 00000000
[    3593.152070] /dev/input/event1: 0003 0035 00003888
[    3593.152070] /dev/input/event1: 0003 0036 00001866
[    3593.152070] /dev/input/event1: 0000 0000 00000000
[    3593.163807] /dev/input/event1: 0003 0035 0000393e
[    3593.163807] /dev/input/event1: 0003 0036 00001b66
[    3593.163807] /dev/input/event1: 0000 0000 00000000
[    3593.167982] /dev/input/event1: 0003 0035 00003a30
[    3593.167982] /dev/input/event1: 0003 0036 00001e77
[    3593.167982] /dev/input/event1: 0000 0000 00000000
[    3593.181033] /dev/input/event1: 0003 0035 00003b05
[    3593.181033] /dev/input/event1: 0003 0036 00002166
[    3593.181033] /dev/input/event1: 0000 0000 00000000
[    3593.184894] /dev/input/event1: 0003 0035 00003bf7
[    3593.184894] /dev/input/event1: 0003 0036 00002499
[    3593.184894] /dev/input/event1: 0000 0000 00000000
[    3593.195731] /dev/input/event1: 0003 0035 00003d09
[    3593.195731] /dev/input/event1: 0003 0036 000027cc
[    3593.195731] /dev/input/event1: 0000 0000 00000000
[    3593.200893] /dev/input/event1: 0003 0035 00003ddd
[    3593.200893] /dev/input/event1: 0003 0036 00002a99
[    3593.200893] /dev/input/event1: 0000 0000 00000000
[    3593.212093] /dev/input/event1: 0003 0035 00003eee
[    3593.212093] /dev/input/event1: 0003 0036 00002d77
[    3593.212093] /dev/input/event1: 0000 0000 00000000
[    3593.216553] /dev/input/event1: 0003 0035 00003fe1
[    3593.216553] /dev/input/event1: 0003 0036 00003043
[    3593.216553] /dev/input/event1: 0000 0000 00000000
[    3593.228709] /dev/input/event1: 0003 0035 00004097
[    3593.228709] /dev/input/event1: 0003 0036 000032cc
[    3593.228709] /dev/input/event1: 0000 0000 00000000
[    3593.231792] /dev/input/event1: 0003 0035 0000416b
[    3593.231792] /dev/input/event1: 0003 0036 00003577
[    3593.231792] /dev/input/event1: 0000 0000 00000000
[    3593.243724] /dev/input/event1: 0003 0035 0000427c
[    3593.243724] /dev/input/event1: 0003 0036 00003832
[    3593.243724] /dev/input/event1: 0000 0000 00000000
[    3593.251097] /dev/input/event1: 0003 0035 000043ca
[    3593.251097] /dev/input/event1: 0003 0036 00003a99
[    3593.251097] /dev/input/event1: 0000 0000 00000000
[    3593.260461] /dev/input/event1: 0003 0035 00004536
[    3593.260461] /dev/input/event1: 0003 0036 00003d43
[    3593.260461] /dev/input/event1: 0000 0000 00000000
[    3593.263814] /dev/input/event1: 0003 0035 000046a2
[    3593.263814] /dev/input/event1: 0003 0036 00003fff
[    3593.263814] /dev/input/event1: 0000 0000 00000000
[    3593.278430] /dev/input/event1: 0003 0035 0000480e
[    3593.278430] /dev/input/event1: 0003 0036 00004243
[    3593.278430] /dev/input/event1: 0000 0000 00000000
[    3593.283405] /dev/input/event1: 0003 0035 00004999
[    3593.283405] /dev/input/event1: 0003 0036 00004443
[    3593.283405] /dev/input/event1: 0000 0000 00000000
[    3593.292427] /dev/input/event1: 0003 0035 00004b41
[    3593.292427] /dev/input/event1: 0003 0036 000045cc
[    3593.292427] /dev/input/event1: 0000 0000 00000000
[    3593.296436] /dev/input/event1: 0003 0035 00004ccc
[    3593.296436] /dev/input/event1: 0003 0036 00004710
[    3593.296436] /dev/input/event1: 0000 0000 00000000
[    3593.310240] /dev/input/event1: 0003 003a 00000000
[    3593.310240] /dev/input/event1: 0003 0039 ffffffff
[    3593.310240] /dev/input/event1: 0000 0000 00000000
[    3594.852197] /dev/input/event1: 0003 0039 00000000
[    3594.852197] /dev/input/event1: 0003 0030 0000017c
[    3594.852197] /dev/input/event1: 0003 003a 00000081
[    3594.852197] /dev/input/event1: 0003 0035 000034db
[    3594.852197] /dev/input/event1: 0003 0036 00000c22
[    3594.852197] /dev/input/event1: 0000 0000 00000000
[    3594.863823] /dev/input/event1: 0003 0035 000034f9
[    3594.863823] /dev/input/event1: 0003 0036 00000c99
[    3594.863823] /dev/input/event1: 0000 0000 00000000
[    3594.867698] /dev/input/event1: 0003 0036 00000caa
[    3594.867698] /dev/input/event1: 0000 0000 00000000
[    3594.880198] /dev/input/event1: 0003 0035 00003536
[    3594.880198] /dev/input/event1: 0003 0036 00000cff
[    3594.880198] /dev/input/event1: 0000 0000 00000000
[    3594.885296] /dev/input/event1: 0003 0035 00003554
[    3594.885296] /dev/input/event1: 0003 0036 00000d99
[    3594.885296] /dev/input/event1: 0000 0000 00000000
[    3594.895767] /dev/input/event1: 0003 0035 00003591
[    3594.895767] /dev/input/event1: 0003 0036 00000e66
[    3594.895767] /dev/input/event1: 0000 0000 00000000
[    3594.899805] /dev/input/event1: 0003 0035 000035af
[    3594.899805] /dev/input/event1: 0003 0036 00000f66
[    3594.899805] /dev/input/event1: 0000 0000 00000000
[    3594.911732] /dev/input/event1: 0003 0035 000035ec
[    3594.911732] /dev/input/event1: 0003 0036 00001099
[    3594.911732] /dev/input/event1: 0000 0000 00000000
[    3594.916444] /dev/input/event1: 0003 0035 0000360a
[    3594.916444] /dev/input/event1: 0003 0036 000011dd
[    3594.916444] /dev/input/event1: 0000 0000 00000000
[    3594.927700] /dev/input/event1: 0003 0036 00001377
[    3594.927700] /dev/input/event1: 0000 0000 00000000
[    3594.932064] /dev/input/event1: 0003 0036 00001566
[    3594.932064] /dev/input/event1: 0000 0000 00000000
[    3594.943915] /dev/input/event1: 0003 0035 00003647
[    3594.943915] /dev/input/event1: 0003 0036 00001710
[    3594.943915] /dev/input/event1: 0000 0000 00000000
[    3594.947826] /dev/input/event1: 0003 0036 000018ff
[    3594.947826] /dev/input/event1: 0000 0000 00000000
[    3594.961064] /dev/input/event1: 0003 0035 00003665
[    3594.961064] /dev/input/event1: 0003 0036 00001aff
[    3594.961064] /dev/input/event1: 0000 0000 00000000
[    3594.964236] /dev/input/event1: 0003 0035 000036c0
[    3594.964236] /dev/input/event1: 0003 0036 00001ccc
[    3594.964236] /dev/input/event1: 0000 0000 00000000
[    3594.976043] /dev/input/event1: 0003 0035 0000371c
[    3594.976043] /dev/input/event1: 0003 0036 00001ecc
[    3594.976043] /dev/input/event1: 0000 0000 00000000
[    3594.979641] /dev/input/event1: 0003 0035 000037b3
[    3594.979641] /dev/input/event1: 0003 0036 000020dd
[    3594.979641] /dev/input/event1: 0000 0000 00000000
[    3594.992380] /dev/input/event1: 0003 0035 0000382d
[    3594.992380] /dev/input/event1: 0003 0036 000022dd
[    3594.992380] /dev/input/event1: 0000 0000 00000000
[    3594.995622] /dev/input/event1: 0003 0035 000038e3
[    3594.995622] /dev/input/event1: 0003 0036 00002510
[    3594.995622] /dev/input/event1: 0000 0000 00000000
[    3595.007762] /dev/input/event1: 0003 0035 00003999
[    3595.007762] /dev/input/event1: 0003 0036 00002766
[    3595.007762] /dev/input/event1: 0000 0000 00000000
[    3595.011687] /dev/input/event1: 0003 0035 00003a4f
[    3595.011687] /dev/input/event1: 0003 0036 00002999
[    3595.011687] /dev/input/event1: 0000 0000 00000000
[    3595.023578] /dev/input/event1: 0003 0035 00003b41
[    3595.023578] /dev/input/event1: 0003 0036 00002bff
[    3595.023578] /dev/input/event1: 0000 0000 00000000
[    3595.027565] /dev/input/event1: 0003 0035 00003c16
[    3595.027565] /dev/input/event1: 0003 0036 00002e77
[    3595.027565] /dev/input/event1: 0000 0000 00000000
[    3595.039668] /dev/input/event1: 0003 0035 00003d09
[    3595.039668] /dev/input/event1: 0003 0036 000030cc
[    3595.039668] /dev/input/event1: 0000 0000 00000000
[    3595.044142] /dev/input/event1: 0003 0035 00003e1a
[    3595.044142] /dev/input/event1: 0003 0036 00003332
[    3595.044142] /dev/input/event1: 0000 0000 00000000
[    3595.056093] /dev/input/event1: 0003 0035 00003f49
[    3595.056093] /dev/input/event1: 0003 0036 000035aa
[    3595.056093] /dev/input/event1: 0000 0000 00000000
[    3595.059633] /dev/input/event1: 0003 0035 00004097
[    3595.059633] /dev/input/event1: 0003 0036 000037dd
[    3595.059633] /dev/input/event1: 0000 0000 00000000
[    3595.071950] /dev/input/event1: 0003 0035 000041c6
[    3595.071950] /dev/input/event1: 0003 0036 00003a10
[    3595.071950] /dev/input/event1: 0000 0000 00000000
[    3595.075826] /dev/input/event1: 0003 0035 00004332
[    3595.075826] /dev/input/event1: 0003 0036 00003c10
[    3595.075826] /dev/input/event1: 0000 0000 00000000
[    3595.088081] /dev/input/event1: 0003 0035 00004480
[    3595.088081] /dev/input/event1: 0003 0036 00003dcc
[    3595.088081] /dev/input/event1: 0000 0000 00000000
[    3595.091817] /dev/input/event1: 0003 0035 000045ec
[    3595.091817] /dev/input/event1: 0003 0036 00003f65
[    3595.091817] /dev/input/event1: 0000 0000 00000000
[    3595.103789] /dev/input/event1: 0003 0035 00004758
[    3595.103789] /dev/input/event1: 0003 0036 000040dd
[    3595.103789] /dev/input/event1: 0000 0000 00000000
[    3595.108023] /dev/input/event1: 0003 0035 00004887
[    3595.108023] /dev/input/event1: 0003 0036 00004210
[    3595.108023] /dev/input/event1: 0000 0000 00000000
[    3595.120051] /dev/input/event1: 0003 0035 000049f4
[    3595.120051] /dev/input/event1: 0003 0036 00004332
[    3595.120051] /dev/input/event1: 0000 0000 00000000
[    3595.123660] /dev/input/event1: 0003 0035 00004b41
[    3595.123660] /dev/input/event1: 0003 0036 00004432
[    3595.123660] /dev/input/event1: 0000 0000 00000000
[    3595.136403] /dev/input/event1: 0003 0035 00004c71
[    3595.136403] /dev/input/event1: 0003 0036 000044ff
[    3595.136403] /dev/input/event1: 0000 0000 00000000
[    3595.137877] /dev/input/event1: 0003 003a 00000000
[    3595.137877] /dev/input/event1: 0003 0039 ffffffff
[    3595.137877] /dev/input/event1: 0000 0000 00000000
[    3596.468174] /dev/input/event1: 0003 0039 00000000
[    3596.468174] /dev/input/event1: 0003 0030 0000017d
[    3596.468174] /dev/input/event1: 0003 003a 00000081
[    3596.468174] /dev/input/event1: 0003 0035 00003a30
[    3596.468174] /dev/input/event1: 0003 0036 000009ee
[    3596.468174] /dev/input/event1: 0000 0000 00000000
[    3596.483188] /dev/input/event1: 0003 0036 00000a66
[    3596.483188] /dev/input/event1: 0000 0000 00000000
[    3596.489149] /dev/input/event1: 0003 0036 00000a77
[    3596.489149] /dev/input/event1: 0000 0000 00000000
[    3596.498114] /dev/input/event1: 0003 0036 00000aff
[    3596.498114] /dev/input/event1: 0000 0000 00000000
[    3596.501856] /dev/input/event1: 0003 0036 00000bdd
[    3596.501856] /dev/input/event1: 0000 0000 00000000
[    3596.515019] /dev/input/event1: 0003 0036 00000d33
[    3596.515019] /dev/input/event1: 0000 0000 00000000
[    3596.522402] /dev/input/event1: 0003 0035 00003a12
[    3596.522402] /dev/input/event1: 0003 0036 00000eaa
[    3596.522402] /dev/input/event1: 0000 0000 00000000
[    3596.530378] /dev/input/event1: 0003 0036 00001066
[    3596.530378] /dev/input/event1: 0000 0000 00000000
[    3596.534356] /dev/input/event1: 0003 0036 00001277
[    3596.534356] /dev/input/event1: 0000 0000 00000000
[    3596.546733] /dev/input/event1: 0003 0036 000014dd
[    3596.546733] /dev/input/event1: 0000 0000 00000000
[    3596.553619] /dev/input/event1: 0003 0036 000017aa
[    3596.553619] /dev/input/event1: 0000 0000 00000000
[    3596.561912] /dev/input/event1: 0003 0036 00001aaa
[    3596.561912] /dev/input/event1: 0000 0000 00000000
[    3596.565732] /dev/input/event1: 0003 0036 00001dcc
[    3596.565732] /dev/input/event1: 0000 0000 00000000
[    3596.577712] /dev/input/event1: 0003 0036 000020ff
[    3596.577712] /dev/input/event1: 0000 0000 00000000
[    3596.582087] /dev/input/event1: 0003 0035 00003a30
[    3596.582087] /dev/input/event1: 0003 0036 00002410
[    3596.582087] /dev/input/event1: 0000 0000 00000000
[    3596.593802] /dev/input/event1: 0003 0035 00003a4f
[    3596.593802] /dev/input/event1: 0003 0036 00002732
[    3596.593802] /dev/input/event1: 0000 0000 00000000
[    3596.598143] /dev/input/event1: 0003 0035 00003ae6
[    3596.598143] /dev/input/event1: 0003 0036 00002a32
[    3596.598143] /dev/input/event1: 0000 0000 00000000
[    3596.610120] /dev/input/event1: 0003 0035 00003bbb
[    3596.610120] /dev/input/event1: 0003 0036 00002d10
[    3596.610120] /dev/input/event1: 0000 0000 00000000
[    3596.613815] /dev/input/event1: 0003 0035 00003ccc
[    3596.613815] /dev/input/event1: 0003 0036 00002fcc
[    3596.613815] /dev/input/event1: 0000 0000 00000000
[    3596.625698] /dev/input/event1: 0003 0035 00003ddd
[    3596.625698] /dev/input/event1: 0003 0036 00003243
[    3596.625698] /dev/input/event1: 0000 0000 00000000
[    3596.629791] /dev/input/event1: 0003 0035 00003f2b
[    3596.629791] /dev/input/event1: 0003 0036 00003477
[    3596.629791] /dev/input/event1: 0000 0000 00000000
[    3596.642038] /dev/input/event1: 0003 0035 000040b5
[    3596.642038] /dev/input/event1: 0003 0036 000036aa
[    3596.642038] /dev/input/event1: 0000 0000 00000000
[    3596.645981] /dev/input/event1: 0003 0035 00004221
[    3596.645981] /dev/input/event1: 0003 0036 000038aa
[    3596.645981] /dev/input/event1: 0000 0000 00000000
[    3596.657989] /dev/input/event1: 0003 0035 0000438d
[    3596.657989] /dev/input/event1: 0003 0036 00003a99
[    3596.657989] /dev/input/event1: 0000 0000 00000000
[    3596.661922] /dev/input/event1: 0003 0035 00004536
[    3596.661922] /dev/input/event1: 0003 0036 00003c76
[    3596.661922] /dev/input/event1: 0000 0000 00000000
[    3596.674552] /dev/input/event1: 0003 0035 000046a2
[    3596.674552] /dev/input/event1: 0003 0036 00003e43
[    3596.674552] /dev/input/event1: 0000 0000 00000000
[    3596.677904] /dev/input/event1: 0003 0035 0000480e
[    3596.677904] /dev/input/event1: 0003 0036 00003fff
[    3596.677904] /dev/input/event1: 0000 0000 00000000
[    3596.689945] /dev/input/event1: 0003 0035 0000493e
[    3596.689945] /dev/input/event1: 0003 0036 000041aa
[    3596.689945] /dev/input/event1: 0000 0000 00000000
[    3596.693736] /dev/input/event1: 0003 0035 00004aaa
[    3596.693736] /dev/input/event1: 0003 0036 00004376
[    3596.693736] /dev/input/event1: 0000 0000 00000000
[    3596.706641] /dev/input/event1: 0003 0035 00004bf7
[    3596.706641] /dev/input/event1: 0003 0036 000044ff
[    3596.706641] /dev/input/event1: 0000 0000 00000000
[    3596.711093] /dev/input/event1: 0003 0035 00004d08
[    3596.711093] /dev/input/event1: 0003 0036 00004632
[    3596.711093] /dev/input/event1: 0000 0000 00000000
[    3596.721906] /dev/input/event1: 0003 0035 00004e19
[    3596.721906] /dev/input/event1: 0003 0036 00004710
[    3596.721906] /dev/input/event1: 0000 0000 00000000
[    3596.725641] /dev/input/event1: 0003 0035 00004f2a
[    3596.725641] /dev/input/event1: 0003 0036 000047cc
[    3596.725641] /dev/input/event1: 0000 0000 00000000
[    3596.738550] /dev/input/event1: 0003 0035 00004fe1
[    3596.738550] /dev/input/event1: 0003 0036 00004865
[    3596.738550] /dev/input/event1: 0000 0000 00000000
[    3596.739535] /dev/input/event1: 0003 003a 00000000
[    3596.739535] /dev/input/event1: 0003 0039 ffffffff
[    3596.739535] /dev/input/event1: 0000 0000 00000000
[    3597.783738] /dev/input/event1: 0003 0039 00000000
[    3597.783738] /dev/input/event1: 0003 0030 0000017e
[    3597.783738] /dev/input/event1: 0003 003a 00000081
[    3597.783738] /dev/input/event1: 0003 0035 00003ae6
[    3597.783738] /dev/input/event1: 0003 0036 00000844
[    3597.783738] /dev/input/event1: 0000 0000 00000000
[    3597.789781] /dev/input/event1: 0003 0035 00003ac8
[    3597.789781] /dev/input/event1: 0003 0036 000008aa
[    3597.789781] /dev/input/event1: 0000 0000 00000000
[    3597.795751] /dev/input/event1: 0003 0036 00000966
[    3597.795751] /dev/input/event1: 0000 0000 00000000
[    3597.799884] /dev/input/event1: 0003 0036 00000a66
[    3597.799884] /dev/input/event1: 0000 0000 00000000
[    3597.812151] /dev/input/event1: 0003 0036 00000b99
[    3597.812151] /dev/input/event1: 0000 0000 00000000
[    3597.815679] /dev/input/event1: 0003 0035 00003b05
[    3597.815679] /dev/input/event1: 0003 0036 00000d33
[    3597.815679] /dev/input/event1: 0000 0000 00000000
[    3597.827809] /dev/input/event1: 0003 0035 00003b60
[    3597.827809] /dev/input/event1: 0003 0036 00000f10
[    3597.827809] /dev/input/event1: 0000 0000 00000000
[    3597.831737] /dev/input/event1: 0003 0035 00003c16
[    3597.831737] /dev/input/event1: 0003 0036 00001144
[    3597.831737] /dev/input/event1: 0000 0000 00000000
[    3597.844871] /dev/input/event1: 0003 0035 00003d09
[    3597.844871] /dev/input/event1: 0003 0036 000013ff
[    3597.844871] /dev/input/event1: 0000 0000 00000000
[    3597.847840] /dev/input/event1: 0003 0035 00003e1a
[    3597.847840] /dev/input/event1: 0003 0036 000016ff
[    3597.847840] /dev/input/event1: 0000 0000 00000000
[    3597.860172] /dev/input/event1: 0003 0035 00003f2b
[    3597.860172] /dev/input/event1: 0003 0036 00001a10
[    3597.860172] /dev/input/event1: 0000 0000 00000000
[    3597.863629] /dev/input/event1: 0003 0035 0000405a
[    3597.863629] /dev/input/event1: 0003 0036 00001d66
[    3597.863629] /dev/input/event1: 0000 0000 00000000
[    3597.876138] /dev/input/event1: 0003 0035 000041a8
[    3597.876138] /dev/input/event1: 0003 0036 000020cc
[    3597.876138] /dev/input/event1: 0000 0000 00000000
[    3597.880547] /dev/input/event1: 0003 0035 00004314
[    3597.880547] /dev/input/event1: 0003 0036 00002432
[    3597.880547] /dev/input/event1: 0000 0000 00000000
[    3597.892604] /dev/input/event1: 0003 0035 0000449e
[    3597.892604] /dev/input/event1: 0003 0036 00002777
[    3597.892604] /dev/input/event1: 0000 0000 00000000
[    3597.895811] /dev/input/event1: 0003 0035 00004647
[    3597.895811] /dev/input/event1: 0003 0036 00002aaa
[    3597.895811] /dev/input/event1: 0000 0000 00000000
[    3597.908488] /dev/input/event1: 0003 0035 000047d1
[    3597.908488] /dev/input/event1: 0003 0036 00002dcc
[    3597.908488] /dev/input/event1: 0000 0000 00000000
[    3597.911824] /dev/input/event1: 0003 0035 0000497a
[    3597.911824] /dev/input/event1: 0003 0036 000030aa
[    3597.911824] /dev/input/event1: 0000 0000 00000000
[    3597.923790] /dev/input/event1: 0003 0035 00004b41
[    3597.923790] /dev/input/event1: 0003 0036 00003377
[    3597.923790] /dev/input/event1: 0000 0000 00000000
[    3597.927583] /dev/input/event1: 0003 0035 00004d27
[    3597.927583] /dev/input/event1: 0003 0036 00003643
[    3597.927583] /dev/input/event1: 0000 0000 00000000
[    3597.941450] /dev/input/event1: 0003 0035 00004f49
[    3597.941450] /dev/input/event1: 0003 0036 00003910
[    3597.941450] /dev/input/event1: 0000 0000 00000000
[    3597.944380] /dev/input/event1: 0003 0035 000051a8
[    3597.944380] /dev/input/event1: 0003 0036 00003bdd
[    3597.944380] /dev/input/event1: 0000 0000 00000000
[    3597.955823] /dev/input/event1: 0003 0035 000053ca
[    3597.955823] /dev/input/event1: 0003 0036 00003e76
[    3597.955823] /dev/input/event1: 0000 0000 00000000
[    3597.959706] /dev/input/event1: 0003 0035 000055af
[    3597.959706] /dev/input/event1: 0003 0036 00004099
[    3597.959706] /dev/input/event1: 0000 0000 00000000
[    3597.971822] /dev/input/event1: 0003 0035 00005758
[    3597.971822] /dev/input/event1: 0003 0036 00004265
[    3597.971822] /dev/input/event1: 0000 0000 00000000
[    3597.975981] /dev/input/event1: 0003 0035 000058c4
[    3597.975981] /dev/input/event1: 0003 0036 000043cc
[    3597.975981] /dev/input/event1: 0000 0000 00000000
[    3597.988604] /dev/input/event1: 0003 003a 00000000
[    3597.988604] /dev/input/event1: 0003 0039 ffffffff
[    3597.988604] /dev/input/event1: 0000 0000 00000000
[    3599.110819] /dev/input/event1: 0003 0039 00000000
[    3599.110819] /dev/input/event1: 0003 0030 0000017f
[    3599.110819] /dev/input/event1: 0003 003a 00000081
[    3599.110819] /dev/input/event1: 0003 0035 00003f2b
[    3599.110819] /dev/input/event1: 0003 0036 00000e33
[    3599.110819] /dev/input/event1: 0000 0000 00000000
[    3599.140648] /dev/input/event1: 0003 0036 00000e77
[    3599.140648] /dev/input/event1: 0000 0000 00000000
[    3599.143941] /dev/input/event1: 0003 0036 00000f66
[    3599.143941] /dev/input/event1: 0000 0000 00000000
[    3599.155829] /dev/input/event1: 0003 0036 000010cc
[    3599.155829] /dev/input/event1: 0000 0000 00000000
[    3599.159783] /dev/input/event1: 0003 0036 00001299
[    3599.159783] /dev/input/event1: 0000 0000 00000000
[    3599.171860] /dev/input/event1: 0003 0036 000014cc
[    3599.171860] /dev/input/event1: 0000 0000 00000000
[    3599.176344] /dev/input/event1: 0003 0036 00001744
[    3599.176344] /dev/input/event1: 0000 0000 00000000
[    3599.189225] /dev/input/event1: 0003 0035 00003f49
[    3599.189225] /dev/input/event1: 0003 0036 00001a32
[    3599.189225] /dev/input/event1: 0000 0000 00000000
[    3599.191652] /dev/input/event1: 0003 0036 00001d66
[    3599.191652] /dev/input/event1: 0000 0000 00000000
[    3599.203880] /dev/input/event1: 0003 0035 00003f86
[    3599.203880] /dev/input/event1: 0003 0036 00002110
[    3599.203880] /dev/input/event1: 0000 0000 00000000
[    3599.209012] /dev/input/event1: 0003 0035 0000403c
[    3599.209012] /dev/input/event1: 0003 0036 00002543
[    3599.209012] /dev/input/event1: 0000 0000 00000000
[    3599.220061] /dev/input/event1: 0003 0035 0000416b
[    3599.220061] /dev/input/event1: 0003 0036 000029cc
[    3599.220061] /dev/input/event1: 0000 0000 00000000
[    3599.224263] /dev/input/event1: 0003 0035 000042d7
[    3599.224263] /dev/input/event1: 0003 0036 00002e32
[    3599.224263] /dev/input/event1: 0000 0000 00000000
[    3599.236092] /dev/input/event1: 0003 0035 00004480
[    3599.236092] /dev/input/event1: 0003 0036 000031ff
[    3599.236092] /dev/input/event1: 0000 0000 00000000
[    3599.239772] /dev/input/event1: 0003 0035 00004665
[    3599.239772] /dev/input/event1: 0003 0036 00003577
[    3599.239772] /dev/input/event1: 0000 0000 00000000
[    3599.251950] /dev/input/event1: 0003 0035 00004887
[    3599.251950] /dev/input/event1: 0003 0036 000038cc
[    3599.251950] /dev/input/event1: 0000 0000 00000000
[    3599.255739] /dev/input/event1: 0003 0035 00004a8b
[    3599.255739] /dev/input/event1: 0003 0036 00003bcc
[    3599.255739] /dev/input/event1: 0000 0000 00000000
[    3599.269896] /dev/input/event1: 0003 0035 00004c71
[    3599.269896] /dev/input/event1: 0003 0036 00003eaa
[    3599.269896] /dev/input/event1: 0000 0000 00000000
[    3599.274185] /dev/input/event1: 0003 0035 00004e38
[    3599.274185] /dev/input/event1: 0003 0036 00004165
[    3599.274185] /dev/input/event1: 0000 0000 00000000
[    3599.283675] /dev/input/event1: 0003 0035 00004fff
[    3599.283675] /dev/input/event1: 0003 0036 000043aa
[    3599.283675] /dev/input/event1: 0000 0000 00000000
[    3599.290347] /dev/input/event1: 0003 0035 000051c6
[    3599.290347] /dev/input/event1: 0003 0036 000045cc
[    3599.290347] /dev/input/event1: 0000 0000 00000000
[    3599.301748] /dev/input/event1: 0003 0035 0000538d
[    3599.301748] /dev/input/event1: 0003 0036 000047cc
[    3599.301748] /dev/input/event1: 0000 0000 00000000
[    3599.306045] /dev/input/event1: 0003 0035 00005591
[    3599.306045] /dev/input/event1: 0003 0036 00004976
[    3599.306045] /dev/input/event1: 0000 0000 00000000
[    3599.318544] /dev/input/event1: 0003 0035 00005776
[    3599.318544] /dev/input/event1: 0003 0036 00004aff
[    3599.318544] /dev/input/event1: 0000 0000 00000000
[    3599.321979] /dev/input/event1: 0003 0035 0000597a
[    3599.321979] /dev/input/event1: 0003 0036 00004c32
[    3599.321979] /dev/input/event1: 0000 0000 00000000
[    3599.334187] /dev/input/event1: 0003 003a 00000000
[    3599.334187] /dev/input/event1: 0003 0039 ffffffff
[    3599.334187] /dev/input/event1: 0000 0000 00000000
[    3600.664383] /dev/input/event1: 0003 0039 00000000
[    3600.664383] /dev/input/event1: 0003 0030 00000180
[    3600.664383] /dev/input/event1: 0003 003a 00000081
[    3600.664383] /dev/input/event1: 0003 0035 000042b9
[    3600.664383] /dev/input/event1: 0003 0036 00000c33
[    3600.664383] /dev/input/event1: 0000 0000 00000000
[    3600.694704] /dev/input/event1: 0003 0036 00000c77
[    3600.694704] /dev/input/event1: 0000 0000 00000000
[    3600.697740] /dev/input/event1: 0003 0036 00000cdd
[    3600.697740] /dev/input/event1: 0000 0000 00000000
[    3600.709780] /dev/input/event1: 0003 0036 00000d77
[    3600.709780] /dev/input/event1: 0000 0000 00000000
[    3600.713802] /dev/input/event1: 0003 0036 00000e66
[    3600.713802] /dev/input/event1: 0000 0000 00000000
[    3600.725990] /dev/input/event1: 0003 0036 00000f77
[    3600.725990] /dev/input/event1: 0000 0000 00000000
[    3600.730014] /dev/input/event1: 0003 0036 000010ff
[    3600.730014] /dev/input/event1: 0000 0000 00000000
[    3600.743887] /dev/input/event1: 0003 0036 000012cc
[    3600.743887] /dev/input/event1: 0000 0000 00000000
[    3600.747951] /dev/input/event1: 0003 0035 000042d7
[    3600.747951] /dev/input/event1: 0003 0036 000014ff
[    3600.747951] /dev/input/event1: 0000 0000 00000000
[    3600.757717] /dev/input/event1: 0003 0036 00001799
[    3600.757717] /dev/input/event1: 0000 0000 00000000
[    3600.761852] /dev/input/event1: 0003 0036 00001a99
[    3600.761852] /dev/input/event1: 0000 0000 00000000
[    3600.776247] /dev/input/event1: 0003 0035 00004314
[    3600.776247] /dev/input/event1: 0003 0036 00001daa
[    3600.776247] /dev/input/event1: 0000 0000 00000000
[    3600.779957] /dev/input/event1: 0003 0035 00004332
[    3600.779957] /dev/input/event1: 0003 0036 000020dd
[    3600.779957] /dev/input/event1: 0000 0000 00000000
[    3600.792450] /dev/input/event1: 0003 0035 000043ca
[    3600.792450] /dev/input/event1: 0003 0036 00002443
[    3600.792450] /dev/input/event1: 0000 0000 00000000
[    3600.796912] /dev/input/event1: 0003 0035 00004443
[    3600.796912] /dev/input/event1: 0003 0036 000027cc
[    3600.796912] /dev/input/event1: 0000 0000 00000000
[    3600.808035] /dev/input/event1: 0003 0035 00004536
[    3600.808035] /dev/input/event1: 0003 0036 00002b43
[    3600.808035] /dev/input/event1: 0000 0000 00000000
[    3600.812232] /dev/input/event1: 0003 0035 00004647
[    3600.812232] /dev/input/event1: 0003 0036 00002ecc
[    3600.812232] /dev/input/event1: 0000 0000 00000000
[    3600.823843] /dev/input/event1: 0003 0035 00004758
[    3600.823843] /dev/input/event1: 0003 0036 00003243
[    3600.823843] /dev/input/event1: 0000 0000 00000000
[    3600.827832] /dev/input/event1: 0003 0035 00004869
[    3600.827832] /dev/input/event1: 0003 0036 000035aa
[    3600.827832] /dev/input/event1: 0000 0000 00000000
[    3600.839704] /dev/input/event1: 0003 0035 0000497a
[    3600.839704] /dev/input/event1: 0003 0036 000038cc
[    3600.839704] /dev/input/event1: 0000 0000 00000000
[    3600.843994] /dev/input/event1: 0003 0035 00004a8b
[    3600.843994] /dev/input/event1: 0003 0036 00003baa
[    3600.843994] /dev/input/event1: 0000 0000 00000000
[    3600.855814] /dev/input/event1: 0003 0035 00004bbb
[    3600.855814] /dev/input/event1: 0003 0036 00003e65
[    3600.855814] /dev/input/event1: 0000 0000 00000000
[    3600.859676] /dev/input/event1: 0003 0035 00004d27
[    3600.859676] /dev/input/event1: 0003 0036 000040ff
[    3600.859676] /dev/input/event1: 0000 0000 00000000
[    3600.873151] /dev/input/event1: 0003 0035 00004e93
[    3600.873151] /dev/input/event1: 0003 0036 00004365
[    3600.873151] /dev/input/event1: 0000 0000 00000000
[    3600.876222] /dev/input/event1: 0003 0035 00004fff
[    3600.876222] /dev/input/event1: 0003 0036 00004599
[    3600.876222] /dev/input/event1: 0000 0000 00000000
[    3600.892507] /dev/input/event1: 0003 0035 0000516b
[    3600.892507] /dev/input/event1: 0003 0036 00004799
[    3600.892507] /dev/input/event1: 0000 0000 00000000
[    3600.894467] /dev/input/event1: 0003 0035 000052d7
[    3600.894467] /dev/input/event1: 0003 0036 00004976
[    3600.894467] /dev/input/event1: 0000 0000 00000000
[    3600.903867] /dev/input/event1: 0003 0035 00005443
[    3600.903867] /dev/input/event1: 0003 0036 00004b65
[    3600.903867] /dev/input/event1: 0000 0000 00000000
[    3600.908043] /dev/input/event1: 0003 0035 000055ec
[    3600.908043] /dev/input/event1: 0003 0036 00004d32
[    3600.908043] /dev/input/event1: 0000 0000 00000000
[    3600.920840] /dev/input/event1: 0003 0035 00005776
[    3600.920840] /dev/input/event1: 0003 0036 00004eff
[    3600.920840] /dev/input/event1: 0000 0000 00000000
[    3600.927467] /dev/input/event1: 0003 0035 0000593d
[    3600.927467] /dev/input/event1: 0003 0036 000050cc
[    3600.927467] /dev/input/event1: 0000 0000 00000000
[    3600.936363] /dev/input/event1: 0003 003a 00000000
[    3600.936363] /dev/input/event1: 0003 0039 ffffffff
[    3600.936363] /dev/input/event1: 0000 0000 00000000
[    3602.116163] /dev/input/event1: 0003 0039 00000000
[    3602.116163] /dev/input/event1: 0003 0030 00000181
[    3602.116163] /dev/input/event1: 0003 003a 00000081
[    3602.116163] /dev/input/event1: 0003 0035 00003e1a
[    3602.116163] /dev/input/event1: 0003 0036 00000a22
[    3602.116163] /dev/input/event1: 0000 0000 00000000
[    3602.129256] /dev/input/event1: 0003 0035 00003e75
[    3602.129256] /dev/input/event1: 0003 0036 00000a44
[    3602.129256] /dev/input/event1: 0000 0000 00000000
[    3602.131856] /dev/input/event1: 0003 0035 00003e93
[    3602.131856] /dev/input/event1: 0003 0036 00000acc
[    3602.131856] /dev/input/event1: 0000 0000 00000000
[    3602.144613] /dev/input/event1: 0003 0036 00000b10
[    3602.144613] /dev/input/event1: 0000 0000 00000000
[    3602.147845] /dev/input/event1: 0003 0036 00000b77
[    3602.147845] /dev/input/event1: 0000 0000 00000000
[    3602.161394] /dev/input/event1: 0003 0036 00000c10
[    3602.161394] /dev/input/event1: 0000 0000 00000000
[    3602.163582] /dev/input/event1: 0003 0036 00000cdd
[    3602.163582] /dev/input/event1: 0000 0000 00000000
[    3602.176026] /dev/input/event1: 0003 0035 00003ed0
[    3602.176026] /dev/input/event1: 0003 0036 00000ddd
[    3602.176026] /dev/input/event1: 0000 0000 00000000
[    3602.180034] /dev/input/event1: 0003 0035 00003f2b
[    3602.180034] /dev/input/event1: 0003 0036 00000f44
[    3602.180034] /dev/input/event1: 0000 0000 00000000
[    3602.193740] /dev/input/event1: 0003 0035 00003f86
[    3602.193740] /dev/input/event1: 0003 0036 00001133
[    3602.193740] /dev/input/event1: 0000 0000 00000000
[    3602.195768] /dev/input/event1: 0003 0035 00003fe1
[    3602.195768] /dev/input/event1: 0003 0036 00001333
[    3602.195768] /dev/input/event1: 0000 0000 00000000
[    3602.208682] /dev/input/event1: 0003 0035 00004097
[    3602.208682] /dev/input/event1: 0003 0036 00001577
[    3602.208682] /dev/input/event1: 0000 0000 00000000
[    3602.212801] /dev/input/event1: 0003 0035 0000416b
[    3602.212801] /dev/input/event1: 0003 0036 000017ff
[    3602.212801] /dev/input/event1: 0000 0000 00000000
[    3602.227633] /dev/input/event1: 0003 0035 00004221
[    3602.227633] /dev/input/event1: 0003 0036 00001a32
[    3602.227633] /dev/input/event1: 0000 0000 00000000
[    3602.228833] /dev/input/event1: 0003 0035 000042d7
[    3602.228833] /dev/input/event1: 0003 0036 00001c66
[    3602.228833] /dev/input/event1: 0000 0000 00000000
[    3602.241130] /dev/input/event1: 0003 0035 0000436f
[    3602.241130] /dev/input/event1: 0003 0036 00001e99
[    3602.241130] /dev/input/event1: 0000 0000 00000000
[    3602.243832] /dev/input/event1: 0003 0035 0000438d
[    3602.243832] /dev/input/event1: 0003 0036 00002099
[    3602.243832] /dev/input/event1: 0000 0000 00000000
[    3602.260395] /dev/input/event1: 0003 0035 000043ca
[    3602.260395] /dev/input/event1: 0003 0036 00002299
[    3602.260395] /dev/input/event1: 0000 0000 00000000
[    3602.261708] /dev/input/event1: 0003 0036 000024aa
[    3602.261708] /dev/input/event1: 0000 0000 00000000
[    3602.280017] /dev/input/event1: 0003 0036 000026aa
[    3602.280017] /dev/input/event1: 0000 0000 00000000
[    3602.283774] /dev/input/event1: 0003 0036 000028cc
[    3602.283774] /dev/input/event1: 0000 0000 00000000
[    3602.297650] /dev/input/event1: 0003 0036 00002bdd
[    3602.297650] /dev/input/event1: 0000 0000 00000000
[    3602.302913] /dev/input/event1: 0003 0036 00002e66
[    3602.302913] /dev/input/event1: 0000 0000 00000000
[    3602.314032] /dev/input/event1: 0003 0036 00003077
[    3602.314032] /dev/input/event1: 0000 0000 00000000
[    3602.317626] /dev/input/event1: 0003 0036 00003277
[    3602.317626] /dev/input/event1: 0000 0000 00000000
[    3602.329807] /dev/input/event1: 0003 0035 000043e8
[    3602.329807] /dev/input/event1: 0003 0036 00003465
[    3602.329807] /dev/input/event1: 0000 0000 00000000
[    3602.333730] /dev/input/event1: 0003 0035 00004425
[    3602.333730] /dev/input/event1: 0003 0036 000035ff
[    3602.333730] /dev/input/event1: 0000 0000 00000000
[    3602.345939] /dev/input/event1: 0003 0035 00004480
[    3602.345939] /dev/input/event1: 0003 0036 000037aa
[    3602.345939] /dev/input/event1: 0000 0000 00000000
[    3602.349920] /dev/input/event1: 0003 0035 000044db
[    3602.349920] /dev/input/event1: 0003 0036 00003965
[    3602.349920] /dev/input/event1: 0000 0000 00000000
[    3602.363043] /dev/input/event1: 0003 0035 00004536
[    3602.363043] /dev/input/event1: 0003 0036 00003add
[    3602.363043] /dev/input/event1: 0000 0000 00000000
[    3602.365956] /dev/input/event1: 0003 0035 000045af
[    3602.365956] /dev/input/event1: 0003 0036 00003c99
[    3602.365956] /dev/input/event1: 0000 0000 00000000
[    3602.378928] /dev/input/event1: 0003 0035 00004665
[    3602.378928] /dev/input/event1: 0003 0036 00003e65
[    3602.378928] /dev/input/event1: 0000 0000 00000000
[    3602.381913] /dev/input/event1: 0003 0035 0000471b
[    3602.381913] /dev/input/event1: 0003 0036 00004010
[    3602.381913] /dev/input/event1: 0000 0000 00000000
[    3602.393957] /dev/input/event1: 0003 0035 0000480e
[    3602.393957] /dev/input/event1: 0003 0036 00004210
[    3602.393957] /dev/input/event1: 0000 0000 00000000
[    3602.398028] /dev/input/event1: 0003 0035 000048e2
[    3602.398028] /dev/input/event1: 0003 0036 00004432
[    3602.398028] /dev/input/event1: 0000 0000 00000000
[    3602.409854] /dev/input/event1: 0003 0035 000049d5
[    3602.409854] /dev/input/event1: 0003 0036 00004632
[    3602.409854] /dev/input/event1: 0000 0000 00000000
[    3602.413687] /dev/input/event1: 0003 0035 00004b05
[    3602.413687] /dev/input/event1: 0003 0036 00004899
[    3602.413687] /dev/input/event1: 0000 0000 00000000
[    3602.425754] /dev/input/event1: 0003 0035 00004c52
[    3602.425754] /dev/input/event1: 0003 0036 00004b10
[    3602.425754] /dev/input/event1: 0000 0000 00000000
[    3602.429911] /dev/input/event1: 0003 0035 00004dbe
[    3602.429911] /dev/input/event1: 0003 0036 00004d76
[    3602.429911] /dev/input/event1: 0000 0000 00000000
[    3602.442036] /dev/input/event1: 0003 0035 00004f49
[    3602.442036] /dev/input/event1: 0003 0036 00005043
[    3602.442036] /dev/input/event1: 0000 0000 00000000
[    3602.445814] /dev/input/event1: 0003 0035 0000514d
[    3602.445814] /dev/input/event1: 0003 0036 00005343
[    3602.445814] /dev/input/event1: 0000 0000 00000000
[    3602.458125] /dev/input/event1: 0003 0035 00005314
[    3602.458125] /dev/input/event1: 0003 0036 000055ff
[    3602.458125] /dev/input/event1: 0000 0000 00000000
[    3602.462091] /dev/input/event1: 0003 0035 000054f9
[    3602.462091] /dev/input/event1: 0003 0036 00005910
[    3602.462091] /dev/input/event1: 0000 0000 00000000
[    3602.474352] /dev/input/event1: 0003 0035 000056fd
[    3602.474352] /dev/input/event1: 0003 0036 00005c10
[    3602.474352] /dev/input/event1: 0000 0000 00000000
[    3602.478357] /dev/input/event1: 0003 0035 00005887
[    3602.478357] /dev/input/event1: 0003 0036 00005ea9
[    3602.478357] /dev/input/event1: 0000 0000 00000000
[    3602.489945] /dev/input/event1: 0003 0035 00005a30
[    3602.489945] /dev/input/event1: 0003 0036 00006165
[    3602.489945] /dev/input/event1: 0000 0000 00000000
[    3602.493716] /dev/input/event1: 0003 0035 00005b9c
[    3602.493716] /dev/input/event1: 0003 0036 000063dd
[    3602.493716] /dev/input/event1: 0000 0000 00000000
[    3602.505677] /dev/input/event1: 0003 0035 00005d08
[    3602.505677] /dev/input/event1: 0003 0036 000065ff
[    3602.505677] /dev/input/event1: 0000 0000 00000000
[    3602.510429] /dev/input/event1: 0003 0035 00005e74
[    3602.510429] /dev/input/event1: 0003 0036 00006810
[    3602.510429] /dev/input/event1: 0000 0000 00000000
[    3602.522105] /dev/input/event1: 0003 0035 00005fe0
[    3602.522105] /dev/input/event1: 0003 0036 00006a10
[    3602.522105] /dev/input/event1: 0000 0000 00000000
[    3602.525754] /dev/input/event1: 0003 0035 0000614c
[    3602.525754] /dev/input/event1: 0003 0036 00006bdd
[    3602.525754] /dev/input/event1: 0000 0000 00000000
[    3602.541762] /dev/input/event1: 0003 003a 00000000
[    3602.541762] /dev/input/event1: 0003 0039 ffffffff
[    3602.541762] /dev/input/event1: 0000 0000 00000000
[    3604.206567] /dev/input/event1: 0003 0039 00000000
[    3604.206567] /dev/input/event1: 0003 0030 00000182
[    3604.206567] /dev/input/event1: 0003 003a 00000081
[    3604.206567] /dev/input/event1: 0003 0035 00003fff
[    3604.206567] /dev/input/event1: 0003 0036 000009ff
[    3604.206567] /dev/input/event1: 0000 0000 00000000
[    3604.207949] /dev/input/event1: 0003 0036 00000a33
[    3604.207949] /dev/input/event1: 0000 0000 00000000
[    3604.211991] /dev/input/event1: 0003 0036 00000a44
[    3604.211991] /dev/input/event1: 0000 0000 00000000
[    3604.219801] /dev/input/event1: 0003 0035 00003fe1
[    3604.219801] /dev/input/event1: 0003 0036 00000acc
[    3604.219801] /dev/input/event1: 0000 0000 00000000
[    3604.225056] /dev/input/event1: 0003 0035 00003fc2
[    3604.225056] /dev/input/event1: 0003 0036 00000b99
[    3604.225056] /dev/input/event1: 0000 0000 00000000
[    3604.235779] /dev/input/event1: 0003 0035 00003f67
[    3604.235779] /dev/input/event1: 0003 0036 00000caa
[    3604.235779] /dev/input/event1: 0000 0000 00000000
[    3604.240014] /dev/input/event1: 0003 0035 00003f0c
[    3604.240014] /dev/input/event1: 0003 0036 00000ddd
[    3604.240014] /dev/input/event1: 0000 0000 00000000
[    3604.251860] /dev/input/event1: 0003 0035 00003eb1
[    3604.251860] /dev/input/event1: 0003 0036 00000f33
[    3604.251860] /dev/input/event1: 0000 0000 00000000
[    3604.255902] /dev/input/event1: 0003 0035 00003e56
[    3604.255902] /dev/input/event1: 0003 0036 000010cc
[    3604.255902] /dev/input/event1: 0000 0000 00000000
[    3604.268177] /dev/input/event1: 0003 0035 00003dbf
[    3604.268177] /dev/input/event1: 0003 0036 000012dd
[    3604.268177] /dev/input/event1: 0000 0000 00000000
[    3604.271926] /dev/input/event1: 0003 0035 00003d64
[    3604.271926] /dev/input/event1: 0003 0036 00001544
[    3604.271926] /dev/input/event1: 0000 0000 00000000
[    3604.283794] /dev/input/event1: 0003 0035 00003d45
[    3604.283794] /dev/input/event1: 0003 0036 000017dd
[    3604.283794] /dev/input/event1: 0000 0000 00000000
[    3604.287922] /dev/input/event1: 0003 0035 00003d09
[    3604.287922] /dev/input/event1: 0003 0036 00001aaa
[    3604.287922] /dev/input/event1: 0000 0000 00000000
[    3604.301619] /dev/input/event1: 0003 0036 00001d66
[    3604.301619] /dev/input/event1: 0000 0000 00000000
[    3604.303640] /dev/input/event1: 0003 0036 00002010
[    3604.303640] /dev/input/event1: 0000 0000 00000000
[    3604.316618] /dev/input/event1: 0003 0036 000022aa
[    3604.316618] /dev/input/event1: 0000 0000 00000000
[    3604.319795] /dev/input/event1: 0003 0036 00002510
[    3604.319795] /dev/input/event1: 0000 0000 00000000
[    3604.331991] /dev/input/event1: 0003 0035 00003d27
[    3604.331991] /dev/input/event1: 0003 0036 00002777
[    3604.331991] /dev/input/event1: 0000 0000 00000000
[    3604.335650] /dev/input/event1: 0003 0035 00003d64
[    3604.335650] /dev/input/event1: 0003 0036 000029ff
[    3604.335650] /dev/input/event1: 0000 0000 00000000
[    3604.347930] /dev/input/event1: 0003 0035 00003dbf
[    3604.347930] /dev/input/event1: 0003 0036 00002c77
[    3604.347930] /dev/input/event1: 0000 0000 00000000
[    3604.351613] /dev/input/event1: 0003 0035 00003e1a
[    3604.351613] /dev/input/event1: 0003 0036 00002eff
[    3604.351613] /dev/input/event1: 0000 0000 00000000
[    3604.364400] /dev/input/event1: 0003 0035 00003e93
[    3604.364400] /dev/input/event1: 0003 0036 00003177
[    3604.364400] /dev/input/event1: 0000 0000 00000000
[    3604.367571] /dev/input/event1: 0003 0035 00003eee
[    3604.367571] /dev/input/event1: 0003 0036 000033cc
[    3604.367571] /dev/input/event1: 0000 0000 00000000
[    3604.380820] /dev/input/event1: 0003 0035 00003f49
[    3604.380820] /dev/input/event1: 0003 0036 00003632
[    3604.380820] /dev/input/event1: 0000 0000 00000000
[    3604.384579] /dev/input/event1: 0003 0035 00003fe1
[    3604.384579] /dev/input/event1: 0003 0036 00003899
[    3604.384579] /dev/input/event1: 0000 0000 00000000
[    3604.395760] /dev/input/event1: 0003 0035 0000405a
[    3604.395760] /dev/input/event1: 0003 0036 00003aff
[    3604.395760] /dev/input/event1: 0000 0000 00000000
[    3604.399910] /dev/input/event1: 0003 0035 00004110
[    3604.399910] /dev/input/event1: 0003 0036 00003d43
[    3604.399910] /dev/input/event1: 0000 0000 00000000
[    3604.413642] /dev/input/event1: 0003 0035 000041a8
[    3604.413642] /dev/input/event1: 0003 0036 00003f99
[    3604.413642] /dev/input/event1: 0000 0000 00000000
[    3604.415776] /dev/input/event1: 0003 0035 0000425e
[    3604.415776] /dev/input/event1: 0003 0036 00004199
[    3604.415776] /dev/input/event1: 0000 0000 00000000
[    3604.427843] /dev/input/event1: 0003 0035 000042d7
[    3604.427843] /dev/input/event1: 0003 0036 00004376
[    3604.427843] /dev/input/event1: 0000 0000 00000000
[    3604.432635] /dev/input/event1: 0003 0035 0000436f
[    3604.432635] /dev/input/event1: 0003 0036 00004510
[    3604.432635] /dev/input/event1: 0000 0000 00000000
[    3604.444092] /dev/input/event1: 0003 0035 000043e8
[    3604.444092] /dev/input/event1: 0003 0036 00004676
[    3604.444092] /dev/input/event1: 0000 0000 00000000
[    3604.447851] /dev/input/event1: 0003 0035 00004480
[    3604.447851] /dev/input/event1: 0003 0036 000047cc
[    3604.447851] /dev/input/event1: 0000 0000 00000000
[    3604.460077] /dev/input/event1: 0003 0035 000044db
[    3604.460077] /dev/input/event1: 0003 0036 00004910
[    36