add device 1: /dev/input/event0
  name:     "Power Button"
add device 2: /dev/input/event1
  name:     "qwerty2"
[    3300.376610] /dev/input/event1: 0003 0039 00000000
[    3300.376610] /dev/input/event1: 0003 0030 0000013d
[    3300.376610] /dev/input/event1: 0003 003a 00000081
[    3300.376610] /dev/input/event1: 0003 0035 0000684b
[    3300.376610] /dev/input/event1: 0003 0036 00007521
[    3300.376610] /dev/input/event1: 0000 0000 00000000
[    3300.442791] /dev/input/event1: 0003 003a 00000000
[    3300.442791] /dev/input/event1: 0003 0039 ffffffff
[    3300.442791] /dev/input/event1: 0000 0000 00000000
[    3301.562076] /dev/input/event1: 0003 0039 00000000
[    3301.562076] /dev/input/event1: 0003 0030 0000013e
[    3301.562076] /dev/input/event1: 0003 003a 00000081
[    3301.562076] /dev/input/event1: 0003 0035 00006536
[    3301.562076] /dev/input/event1: 0003 0036 00007421
[    3301.562076] /dev/input/event1: 0000 0000 00000000
[    3301.667940] /dev/input/event1: 0003 003a 00000000
[    3301.667940] /dev/input/event1: 0003 0039 ffffffff
[    3301.667940] /dev/input/event1: 0000 0000 00000000
[    3302.975281] /dev/input/event1: 0003 0039 00000000
[    3302.975281] /dev/input/event1: 0003 0030 0000013f
[    3302.975281] /dev/input/event1: 0003 003a 00000081
[    3302.975281] /dev/input/event1: 0003 0035 0000636f
[    3302.975281] /dev/input/event1: 0003 0036 00007398
[    3302.975281] /dev/input/event1: 0000 0000 00000000
[    3303.087375] /dev/input/event1: 0003 003a 00000000
[    3303.087375] /dev/input/event1: 0003 0039 ffffffff
[    3303.087375] /dev/input/event1: 0000 0000 00000000
[    3304.458311] /dev/input/event1: 0003 0039 00000000
[    3304.458311] /dev/input/event1: 0003 0030 00000140
[    3304.458311] /dev/input/event1: 0003 003a 00000081
[    3304.458311] /dev/input/event1: 0003 0035 0000427c
[    3304.458311] /dev/input/event1: 0003 0036 000029bb
[    3304.458311] /dev/input/event1: 0000 0000 00000000
[    3304.534817] /dev/input/event1: 0003 003a 00000000
[    3304.534817] /dev/input/event1: 0003 0039 ffffffff
[    3304.534817] /dev/input/event1: 0000 0000 00000000
[    3305.594658] /dev/input/event1: 0003 0039 00000000
[    3305.594658] /dev/input/event1: 0003 0030 00000141
[    3305.594658] /dev/input/event1: 0003 003a 00000081
[    3305.594658] /dev/input/event1: 0003 0035 0000616b
[    3305.594658] /dev/input/event1: 0003 0036 00007310
[    3305.594658] /dev/input/event1: 0000 0000 00000000
[    3305.656937] /dev/input/event1: 0003 003a 00000000
[    3305.656937] /dev/input/event1: 0003 0039 ffffffff
[    3305.656937] /dev/input/event1: 0000 0000 00000000
[    3307.333453] /dev/input/event1: 0003 0039 00000000
[    3307.333453] /dev/input/event1: 0003 0030 00000142
[    3307.333453] /dev/input/event1: 0003 003a 00000081
[    3307.333453] /dev/input/event1: 0000 0000 00000000
[    3307.429161] /dev/input/event1: 0003 003a 00000000
[    3307.429161] /dev/input/event1: 0003 0039 ffffffff
[    3307.429161] /dev/input/event1: 0000 0000 00000000
[    3309.279549] /dev/input/event1: 0003 0039 00000000
[    3309.279549] /dev/input/event1: 0003 0030 00000143
[    3309.279549] /dev/input/event1: 0003 003a 00000081
[    3309.279549] /dev/input/event1: 0003 0035 00005ccc
[    3309.279549] /dev/input/event1: 0003 0036 000047ff
[    3309.279549] /dev/input/event1: 0000 0000 00000000
[    3309.338909] /dev/input/event1: 0003 003a 00000000
[    3309.338909] /dev/input/event1: 0003 0039 ffffffff
[    3309.338909] /dev/input/event1: 0000 0000 00000000
[    3314.914913] /dev/input/event1: 0003 0039 00000000
[    3314.914913] /dev/input/event1: 0003 0030 00000144
[    3314.914913] /dev/input/event1: 0003 003a 00000081
[    3314.914913] /dev/input/event1: 0003 0035 00007900
[    3314.914913] /dev/input/event1: 0003 0036 00003121
[    3314.914913] /dev/input/event1: 0000 0000 00000000
[    3315.008655] /dev/input/event1: 0003 003a 00000000
[    3315.008655] /dev/input/event1: 0003 0039 ffffffff
[    3315.008655] /dev/input/event1: 0000 0000 00000000
[    3317.086633] /dev/input/event1: 0003 0039 00000000
[    33