add device 1: /dev/input/event0
  name:     "Power Button"
add device 2: /dev/input/event1
  name:     "qwerty2"
[  247019.527439] /dev/input/event1: 0003 0039 00000000
[  247019.527439] /dev/input/event1: 0003 0030 000003e2
[  247019.527439] /dev/input/event1: 0003 003a 00000081
[  247019.527439] /dev/input/event1: 0003 0035 00004fc2
[  247019.527439] /dev/input/event1: 0003 0036 00005954
[  247019.527439] /dev/input/event1: 0000 0000 00000000
[  247019.609547] /dev/input/event1: 0003 003a 00000000
[  247019.609547] /dev/input/event1: 0003 0039 ffffffff
[  247019.609547] /dev/input/event1: 0000 0000 00000000
[  247021.991560] /dev/input/event1: 0003 0039 00000000
[  247021.991560] /dev/input/event1: 0003 0030 000003e3
[  247021.991560] /dev/input/event1: 0003 003a 00000081
[  247021.991560] /dev/input/event1: 0003 0035 00006572
[  247021.991560] /dev/input/event1: 0003 0036 00000988
[  247021.991560] /dev/input/event1: 0000 0000 00000000
[  247022.099540] /dev/input/event1: 0003 003a 00000000
[  247022.099540] /dev/input/event1: 0003 0039 ffffffff
[  247022.099540] /dev/input/event1: 0000 0000 00000000
[  247026.237172] /dev/input/event1: 0003 0039 00000000
[  247026.237172] /dev/input/event1: 0003 0030 000003e4
[  247026.237172] /dev/input/event1: 0003 003a 00000081
[  247026.237172] /dev/input/event1: 0003 0035 00003901
[  247026.237172] /dev/input/event1: 0003 0036 000050bb
[  247026.237172] /dev/input/event1: 0000 0000 00000000
[  247026.249161] /dev/input/event1: 0003 0036 000050aa
[  247026.249161] /dev/input/event1: 0000 0000 00000000
[  247026.299848] /dev/input/event1: 0003 003a 00000000
[  247026.299848] /dev/input/event1: 0003 0039 ffffffff
[  247026.299848] /dev/input/event1: 0000 0000 00000000
[  247026.957912] /dev/input/event1: 0003 0039 00000000
[  247026.957912] /dev/input/event1: 0003 0030 000003e5
[  247026.957912] /dev/input/event1: 0003 003a 00000081
[  247026.957912] /dev/input/event1: 0003 0035 0000225e
[  247026.957912] /dev/input/event1: 0003 0036 00005076
[  247026.957912] /dev/input/event1: 0000 0000 00000000
[  247027.006272] /dev/input/event1: 0003 003a 00000000
[  247027.006272] /dev/input/event1: 0003 0039 ffffffff
[  247027.006272] /dev/input/event1: 0000 0000 00000000
[  247027.698346] /dev/input/event1: 0003 0039 00000000
[  247027.698346] /dev/input/event1: 0003 0030 000003e6
[  247027.698346] /dev/input/event1: 0003 003a 00000081
[  247027.698346] /dev/input/event1: 0003 0035 000016fd
[  247027.698346] /dev/input/event1: 0003 0036 00005abb
[  247027.698346] /dev/input/event1: 0000 0000 00000000
[  247027.774706] /dev/input/event1: 0003 003a 00000000
[  247027.774706] /dev/input/event1: 0003 0039 ffffffff
[  247027.774706] /dev/input/event1: 0000 0000 00000000
[  247028.464275] /dev/input/event1: 0003 0039 00000000
[  247028.464275] /dev/input/event1: 0003 0030 000003e7
[  247028.464275] /dev/input/event1: 0003 003a 00000081
[  247028.464275] /dev/input/event1: 0003 0035 00003b60
[  247028.464275] /dev/input/event1: 0003 0036 00005021
[  247028.464275] /dev/input/event1: 0000 0000 00000000
[  247028.543482] /dev/input/event1: 0003 003a 00000000
[  247028.543482] /dev/input/event1: 0003 0039 ffffffff
[  247028.543482] /dev/input/event1: 0000 0000 00000000
[  247029.367941] /dev/input/event1: 0003 0039 00000000
[  247029.367941] /dev/input/event1: 0003 0030 000003e8
[  247029.367941] /dev/input/event1: 0003 003a 00000081
[  247029.367941] /dev/input/event1: 0003 0035 00003888
[  247029.367941] /dev/input/event1: 0003 0036 00002bbb
[  247029.367941] /dev/input/event1: 0000 0000 00000000
[  247029.471697] /dev/input/event1: 0003 003a 00000000
[  247029.471697] /dev/input/event1: 0003 0039 ffffffff
[  247029.471697] /dev/input/event1: 0000 0000 00000000
[  247031.949966] /dev/input/event1: 0003 0039 00000000
[  247031.949966] /dev/input/event1: 0003 0030 000003e9
[  247031.949966] /dev/input/event1: 0003 003a 00000081
[  247031.949966] /dev/input/event1: 0003 0035 0000149f
[  247031.949966] /dev/input/event1: 0003 0036 00005bcc
[  247031.949966] /dev/input/event1: 0000 0000 00000000
[  247032.025471] /dev/input/event1: 0003 003a 00000000
[  247032.025471] /dev/input/event1: 0003 0039 ffffffff
[  247032.025471] /dev/input/event1: 0000 0000 00000000
[  247033.022066] /dev/input/event1: 0003 0039 00000000
[  247033.022066] /dev/input/event1: 0003 0030 000003ea
[  247033.022066] /dev/input/event1: 0003 003a 00000081
[  247033.022066] /dev/input/event1: 0003 0035 00005221
[  247033.022066] /dev/input/event1: 0003 0036 00003543
[  247033.022066] /dev/input/event1: 0000 0000 00000000
[  247033.099661] /dev/input/event1: 0003 003a 00000000
[  247033.099661] /dev/input/event1: 0003 0039 ffffffff
[  247033.099661] /dev/input/event1: 0000 0000 00000000
[  247035.819852] /dev/input/event1: 0003 0039 00000000
[  247035.819852] /dev/input/event1: 0003 0030 000003eb
[  247035.819852] /dev/input/event1: 0003 003a 00000081
[  247035.819852] /dev/input/event1: 0003 0035 000074f9
[  247035.819852] /dev/input/event1: 0003 0036 00001310
[  247035.819852] /dev/input/event1: 0000 0000 00000000
[  247035.927944] /dev/input/event1: 0003 003a 00000000
[  247035.927944] /dev/input/event1: 0003 0039 ffffffff
[  247035.927944] /dev/input/event1: 0000 0000 00000000
[  247039.936065] /dev/input/event1: 0003 0039 00000000
[  247039.936065] /dev/input/event1: 0003 0030 000003ec
[  247039.936065] /dev/input/event1: 0003 003a 00000081
[  247039.936065] /dev/input/event1: 0003 0035 00001f0d
[  247039.936065] /dev/input/event1: 0003 0036 000050dd
[  247039.936065] /dev/input/event1: 0000 0000 00000000
[  247040.013726] /dev/input/event1: 0003 003a 00000000
[  247040.013726] /dev/input/event1: 0003 0039 ffffffff
[  247040.013726] /dev/input/event1: 0000 0000 00000000
[  247040.886196] /dev/input/event1: 0003 0039 00000000
[  247040.886196] /dev/input/event1: 0003 0030 000003ed
[  247040.886196] /dev/input/event1: 0003 003a 00000081
[  247040.886196] /dev/input/event1: 0003 0035 00002629
[  247040.886196] /dev/input/event1: 0003 0036 00006632
[  247040.886196] /dev/input/event1: 0000 0000 00000000
[  247040.976308] /dev/input/event1: 0003 003a 00000000
[  247040.976308] /dev/input/event1: 0003 0039 ffffffff
[  247040.976308] /dev/input/event1: 0000 0000 00000000
[  247042.051836] /dev/input/event1: 0003 0039 00000000
[  247042.051836] /dev/input/event1: 0003 0030 000003ee
[  247042.051836] /dev/input/event1: 0003 003a 00000081
[  247042.051836] /dev/input/event1: 0003 0035 0000771b
[  247042.051836] /dev/input/event1: 0003 0036 000051bb
[  247042.051836] /dev/input/event1: 0000 0000 00000000
[  247042.131497] /dev/input/event1: 0003 003a 00000000
[  247042.131497] /dev/input/event1: 0003 0039 ffffffff
[  247042.131497] /dev/input/event1: 0000 0000 00000000
[  247042.968109] /dev/input/event1: 0003 0039 00000000
[  247042.968109] /dev/input/event1: 0003 0030 000003ef
[  247042.968109] /dev/input/event1: 0003 003a 00000081
[  247042.968109] /dev/input/event1: 0003 0035 0000203c
[  247042.968109] /dev/input/event1: 0003 0036 00005087
[  247042.968109] /dev/input/event1: 0000 0000 00000000
[  247043.027075] /dev/input/event1: 0003 003a 00000000
[  247043.027075] /dev/input/event1: 0003 0039 ffffffff
[  247043.027075] /dev/input/event1: 0000 0000 00000000
[  247043.944129] /dev/input/event1: 0003 0039 00000000
[  247043.944129] /dev/input/event1: 0003 0030 000003f0
[  247043.944129] /dev/input/event1: 0003 003a 00000081
[  247043.944129] /dev/input/event1: 0003 0035 000059d5
[  247043.944129] /dev/input/event1: 0003 0036 00006721
[  247043.944129] /dev/input/event1: 0000 0000 00000000
[  247043.988028] /dev/input/event1: 0003 003a 00000000
[  247043.988028] /dev/input/event1: 0003 0039 ffffffff
[  247043.988028] /dev/input/event1: 0000 0000 00000000
[  247044.955052] /dev/input/event1: 0003 0039 00000000
[  247044.955052] /dev/input/event1: 0003 0030 000003f1
[  247044.955052] /dev/input/event1: 0003 003a 00000081
[  247044.955052] /dev/input/event1: 0003 0035 00001b60
[  247044.955052] /dev/input/event1: 0003 0036 00005bee
[  247044.955052] /dev/input/event1: 0000 0000 00000000
[  247045.046620] /dev/input/event1: 0003 003a 00000000
[  247045.046620] /dev/input/event1: 0003 0039 ffffffff
[  247045.046620] /dev/input/event1: 0000 0000 00000000
[  247045.687984] /dev/input/event1: 0003 0039 00000000
[  247045.687984] /dev/input/event1: 0003 0030 000003f2
[  247045.687984] /dev/input/event1: 0003 003a 00000081
[  247045.687984] /dev/input/event1: 0003 0035 000020d4
[  247045.687984] /dev/input/event1: 0003 0036 00005076
[  247045.687984] /dev/input/event1: 0000 0000 00000000
[  247045.766273] /dev/input/event1: 0003 003a 00000000
[  247045.766273] /dev/input/event1: 0003 0039 ffffffff
[  247045.766273] /dev/input/event1: 0000 0000 00000000
[  247046.601835] /dev/input/event1: 0003 0039 00000000
[  247046.601835] /dev/input/event1: 0003 0030 000003f3
[  247046.601835] /dev/input/event1: 0003 003a 00000081
[  247046.601835] /dev/input/event1: 0003 0035 000023ca
[  247046.601835] /dev/input/event1: 0003 0036 00001fdd
[  247046.601835] /dev/input/event1: 0000 0000 00000000
[  247046.711549] /dev/input/event1: 0003 003a 00000000
[  247046.711549] /dev/input/event1: 0003 0039 ffffffff
[  247046.711549] /dev/input/event1: 0000 0000 00000000
[  247047.858859] /dev/input/event1: 0003 0039 00000000
[  247047.858859] /dev/input/event1: 0003 0030 000003f4
[  247047.858859] /dev/input/event1: 0003 003a 00000081
[  247047.858859] /dev/input/event1: 0003 0035 00001444
[  247047.858859] /dev/input/event1: 0003 0036 00004eff
[  247047.858859] /dev/input/event1: 0000 0000 00000000
[  247047.953585] /dev/input/event1: 0003 003a 00000000
[  247047.953585] /dev/input/event1: 0003 0039 ffffffff
[  247047.953585] /dev/input/event1: 0000 0000 00000000
[  247048.498840] /dev/input/event1: 0003 0039 00000000
[  247048.498840] /dev/input/event1: 0003 0030 000003f5
[  247048.498840] /dev/input/event1: 0003 003a 00000081
[  247048.498840] /dev/input/event1: 0003 0035 000031e5
[  247048.498840] /dev/input/event1: 0003 0036 00004fff
[  247048.498840] /dev/input/event1: 0000 0000 00000000
[  247048.577609] /dev/input/event1: 0003 003a 00000000
[  247048.577609] /dev/input/event1: 0003 0039 ffffffff
[  247048.577609] /dev/input/event1: 0000 0000 00000000
[  247049.669869] /dev/input/event1: 0003 0039 00000000
[  247049.669869] /dev/input/event1: 0003 0030 000003f6
[  247049.669869] /dev/input/event1: 0003 003a 00000081
[  247049.669869] /dev/input/event1: 0003 0035 000033ac
[  247049.669869] /dev/input/event1: 0003 0036 000071ee
[  247049.669869] /dev/input/event1: 0000 0000 00000000
[  247049.763522] /dev/input/event1: 0003 003a 00000000
[  247049.763522] /dev/input/event1: 0003 0039 ffffffff
[  247049.763522] /dev/input/event1: 0000 0000 00000000
[  247050.813821] /dev/input/event1: 0003 0039 00000000
[  247050.813821] /dev/input/event1: 0003 0030 000003f7
[  247050.813821] /dev/input/event1: 0003 003a 00000081
[  247050.813821] /dev/input/event1: 0000 0000 00000000
[  247050.893554] /dev/input/event1: 0003 003a 00000000
[  247050.893554] /dev/input/event1: 0003 0039 ffffffff
[  247050.893554] /dev/input/event1: 0000 0000 00000000
[  247051.719361] /dev/input/event1: 0003 0039 00000000
[  247051.719361] /dev/input/event1: 0003 0030 000003f8
[  247051.719361] /dev/input/event1: 0003 003a 00000081
[  247051.719361] /dev/input/event1: 0000 0000 00000000
[  247051.831507] /dev/input/event1: 0003 003a 00000000
[  247051.831507] /dev/input/event1: 0003 0039 ffffffff
[  247051.831507] /dev/input/event1: 0000 0000 00000000
[  247053.843917] /dev/input/event1: 0003 0039 00000000
[  247053.843917] /dev/input/event1: 0003 0030 000003f9
[  247053.843917] /dev/input/event1: 0003 003a 00000081
[  247053.843917] /dev/input/event1: 0003 0035 00003a30
[  247053.843917] /dev/input/event1: 0003 0036 00003277
[  247053.843917] /dev/input/event1: 0000 0000 00000000
[  247053.937572] /dev/input/event1: 0003 003a 00000000
[  247053.937572] /dev/input/event1: 0003 0039 ffffffff
[  247053.937572] /dev/input/event1: 0000 0000 00000000
[  247055.360854] /dev/input/event1: 0003 0039 00000000
[  247055.360854] /dev/input/event1: 0003 0030 000003fa
[  247055.360854] /dev/input/event1: 0003 003a 00000081
[  247055.360854] /dev/input/event1: 0003 0035 0000329b
[  247055.360854] /dev/input/event1: 0003 0036 00003fcc
[  247055.360854] /dev/input/event1: 0000 0000 00000000
[  247055.435949] /dev/input/event1: 0003 003a 00000000
[  247055.435949] /dev/input/event1: 0003 0039 ffffffff
[  247055.435949] /dev/input/event1: 0000 0000 00000000
[  247056.936997] /dev/input/event1: 0003 0039 00000000
[  247056.936997] /dev/input/event1: 0003 0030 000003fb
[  247056.936997] /dev/input/event1: 0003 003a 00000081
[  247056.936997] /dev/input/event1: 0003 0035 000051c6
[  247056.936997] /dev/input/event1: 0003 0036 000062ba
[  247056.936997] /dev/input/event1: 0000 0000 00000000
[  247057.029518] /dev/input/event1: 0003 003a 00000000
[  247057.029518] /dev/input/event1: 0003 0039 ffffffff
[  247057.029518] /dev/input/event1: 0000 0000 00000000
[  247058.610005] /dev/input/event1: 0003 0039 00000000
[  247058.610005] /dev/input/event1: 0003 0030 000003fc
[  247058.610005] /dev/input/event1: 0003 003a 00000081
[  247058.610005] /dev/input/event1: 0003 0035 00002888
[  247058.610005] /dev/input/event1: 0003 0036 00003dbb
[  247058.610005] /dev/input/event1: 0000 0000 00000000
[  247058.687460] /dev/input/event1: 0003 003a 00000000
[  247058.687460] /dev/input/event1: 0003 0039 ffffffff
[  247058.687460] /dev/input/event1: 0000 0000 00000000
[  247061.654288] /dev/input/event1: 0003 0039 00000000
[  247061.654288] /dev/input/event1: 0003 0030 000003fd
[  247061.654288] /dev/input/event1: 0003 003a 00000081
[  247061.654288] /dev/input/event1: 0003 0035 000038c4
[  247061.654288] /dev/input/event1: 0003 0036 00005010
[  247061.654288] /dev/input/event1: 0000 0000 00000000
[  247061.732796] /dev/input/event1: 0003 003a 00000000
[  247061.732796] /dev/input/event1: 0003 0039 ffffffff
[  247061.732796] /dev/input/event1: 0000 0000 00000000
[  247062.376022] /dev/input/event1: 0003 0039 00000000
[  247062.376022] /dev/input/event1: 0003 0030 000003fe
[  247062.376022] /dev/input/event1: 0003 003a 00000081
[  247062.376022] /dev/input/event1: 0003 0035 000023ca
[  247062.376022] /dev/input/event1: 0003 0036 00005054
[  247062.376022] /dev/input/event1: 0000 0000 00000000
[  247062.453586] /dev/input/event1: 0003 003a 00000000
[  247062.453586] /dev/input/event1: 0003 0039 ffffffff
[  247062.453586] /dev/input/event1: 0000 0000 00000000
[  247063.049850] /dev/input/event1: 0003 0039 00000000
[  247063.049850] /dev/input/event1: 0003 0030 000003ff
[  247063.049850] /dev/input/event1: 0003 003a 00000081
[  247063.049850] /dev/input/event1: 0003 0035 000019f4
[  247063.049850] /dev/input/event1: 0003 0036 00005b21
[  247063.049850] /dev/input/event1: 0000 0000 00000000
[  247063.110736] /dev/input/event1: 0003 003a 00000000
[  247063.110736] /dev/input/event1: 0003 0039 ffffffff
[  247063.110736] /dev/input/event1: 0000 0000 00000000
[  247063.931964] /dev/input/event1: 0003 0039 00000000
[  247063.931964] /dev/input/event1: 0003 0030 00000400
[  247063.931964] /dev/input/event1: 0003 003a 00000081
[  247063.931964] /dev/input/event1: 0003 0035 000038e3
[  247063.931964] /dev/input/event1: 0003 0036 00005054
[  247063.931964] /dev/input/event1: 0000 0000 00000000
[  247063.976951] /dev/input/event1: 0003 003a 00000000
[  247063.976951] /dev/input/event1: 0003 0039 ffffffff
[  247063.976951] /dev/input/event1: 0000 0000 00000000
[  247065.470063] /dev/input/event1: 0003 0039 00000000
[  247065.470063] /dev/input/event1: 0003 0030 00000401
[  247065.470063] /dev/input/event1: 0003 003a 00000081
[  247065.470063] /dev/input/event1: 0003 0035 000075af
[  247065.470063] /dev/input/event1: 0003 0036 00000822
[  247065.470063] /dev/input/event1: 0000 0000 00000000
[  247065.561927] /dev/input/event1: 0003 003a 00000000
[  247065.561927] /dev/input/event1: 0003 0039 ffffffff
[  247065.561927] /dev/input/event1: 0000 0000 00000000
[  247067.822397] /dev/input/event1: 0003 0039 00000000
[  247067.822397] /dev/input/event1: 0003 0030 00000402
[  247067.822397] /dev/input/event1: 0003 003a 00000081
[  247067.822397] /dev/input/event1: 0003 0035 00001e93
[  247067.822397] /dev/input/event1: 0003 0036 00001455
[  247067.822397] /dev/input/event1: 0000 0000 00000000
[  247067.901602] /dev/input/event1: 0003 003a 00000000
[  247067.901602] /dev/input/event1: 0003 0039 ffffffff
[  247067.901602] /dev/input/event1: 0000 0000 00000000
[  247070.469659] /dev/input/event1: 0003 0039 00000000
[  247070.469659] /dev/input/event1: 0003 0030 00000403
[  247070.469659] /dev/input/event1: 0003 003a 00000081
[  247070.469659] /dev/input/event1: 0003 0035 00000759
[  247070.469659] /dev/input/event1: 0003 0036 00001555
[  247070.469659] /dev/input/event1: 0000 0000 00000000
[  247070.561612] /dev/input/event1: 0003 003a 00000000
[  247070.561612] /dev/input/event1: 0003 0039 ffffffff
[  247070.561612] /dev/input/event1: 0000 0000 00000000
[  247072.719749] /dev/input/event1: 0003 0039 00000000
[  247072.719749] /dev/input/event1: 0003 0030 00000404
[  247072.719749] /dev/input/event1: 0003 003a 00000081
[  247072.719749] /dev/input/event1: 0003 0035 00006665
[  247072.719749] /dev/input/event1: 0003 0036 00000a10
[  247072.719749] /dev/input/event1: 0000 0000 00000000
[  247072.843410] /dev/input/event1: 0003 003a 00000000
[  247072.843410] /dev/input/event1: 0003 0039 ffffffff
[  247072.843410] /dev/input/event1: 0000 0000 00000000
[  247075.001831] /dev/input/event1: 0003 0039 00000000
[  247075.001831] /dev/input/event1: 0003 0030 00000405
[  247075.001831] /dev/input/event1: 0003 003a 00000081
[  247075.001831] /dev/input/event1: 0003 0035 0000293e
[  247075.001831] /dev/input/event1: 0003 0036 000040cc
[  247075.001831] /dev/input/event1: 0000 0000 00000000
[  247075.103403] /dev/input/event1: 0003 003a 00000000
[  247075.103403] /dev/input/event1: 0003 0039 ffffffff
[  247075.103403] /dev/input/event1: 0000 0000 00000000
[  247077.286049] /dev/input/event1: 0003 0039 00000000
[  247077.286049] /dev/input/event1: 0003 0030 00000406
[  247077.286049] /dev/input/event1: 0003 003a 00000081
[  247077.286049] /dev/input/event1: 0003 0035 00001a8c
[  247077.286049] /dev/input/event1: 0003 0036 00005bcc
[  247077.286049] /dev/input/event1: 0000 0000 00000000
[  247077.428062] /dev/input/event1: 0003 003a 00000000
[  247077.428062] /dev/input/event1: 0003 0039 ffffffff
[  247077.428062] /dev/input/event1: 0000 0000 00000000
[  247078.987748] /dev/input/event1: 0003 0039 00000000
[  247078.987748] /dev/input/event1: 0003 0030 00000407
[  247078.987748] /dev/input/event1: 0003 003a 00000081
[  247078.987748] /dev/input/event1: 0003 0035 00005443
[  247078.987748] /dev/input/event1: 0003 0036 00004d76
[  247078.987748] /dev/input/event1: 0000 0000 00000000
[  247079.109431] /dev/input/event1: 0003 003a 00000000
[  247079.109431] /dev/input/event1: 0003 0039 ffffffff
[  247079.109431] /dev/input/event1: 0000 0000 00000000
[  247082.861048] /dev/input/event1: 0003 0039 00000000
[  247082.861048] /dev/input/event1: 0003 0030 00000408
[  247082.861048] /dev/input/event1: 0003 003a 00000081
[  247082.861048] /dev/input/event1: 0003 0035 0000227c
[  247082.861048] /dev/input/event1: 0003 0036 00004343
[  247082.861048] /dev/input/event1: 0000 0000 00000000
[  247082.971458] /dev/input/event1: 0003 003a 00000000
[  247082.971458] /dev/input/event1: 0003 0039 ffffffff
[  247082.971458] /dev/input/event1: 0000 0000 00000000
[  247084.415183] /dev/input/event1: 0003 0039 00000000
[  247084.415183] /dev/input/event1: 0003 0030 00000409
[  247084.415183] /dev/input/event1: 0003 003a 00000081
[  247084.415183] /dev/input/event1: 0003 0035 00001d82
[  247084.415183] /dev/input/event1: 0003 0036 00005387
[  247084.415183] /dev/input/event1: 0000 0000 00000000
[  247084.493460] /dev/input/event1: 0003 003a 00000000
[  247084.493460] /dev/input/event1: 0003 0039 ffffffff
[  247084.493460] /dev/input/event1: 0000 0000 00000000
[  247085.417098] /dev/input/event1: 0003 0039 00000000
[  247085.417098] /dev/input/event1: 0003 0030 0000040a
[  247085.417098] /dev/input/event1: 0003 003a 00000081
[  247085.417098] /dev/input/event1: 0003 0035 00005189
[  247085.417098] /dev/input/event1: 0003 0036 00004bbb
[  247085.417098] /dev/input/event1: 0000 0000 00000000
[  247085.495654] /dev/input/event1: 0003 003a 00000000
[  247085.495654] /dev/input/event1: 0003 0039 ffffffff
[  247085.495654] /dev/input/event1: 0000 0000 00000000
[  247087.964933] /dev/input/event1: 0003 0039 00000000
[  247087.964933] /dev/input/event1: 0003 0030 0000040b
[  247087.964933] /dev/input/event1: 0003 003a 00000081
[  247087.964933] /dev/input/event1: 0003 0035 00002407
[  247087.964933] /dev/input/event1: 0003 0036 00000bbb
[  247087.964933] /dev/input/event1: 0000 0000 00000000
[  247088.051726] /dev/input/event1: 0003 003a 00000000
[  247088.051726] /dev/input/event1: 0003 0039 ffffffff
[  247088.051726] /dev/input/event1: 0000 0000 00000000
[  247089.800522] /dev/input/event1: 0003 0039 00000000
[  247089.800522] /dev/input/event1: 0003 0030 0000040c
[  247089.800522] /dev/input/event1: 0003 003a 00000081
[  247089.800522] /dev/input/event1: 0003 0035 00001ccc
[  247089.800522] /dev/input/event1: 0003 0036 00001a88
[  247089.800522] /dev/input/event1: 0000 0000 00000000
[  247089.877483] /dev/input/event1: 0003 003a 00000000
[  247089.877483] /dev/input/event1: 0003 0039 ffffffff
[  247089.877483] /dev/input/event1: 0000 0000 00000000
[  247092.200384] /dev/input/event1: 0003 0039 00000000
[  247092.200384] /dev/input/event1: 0003 0030 0000040d
[  247092.200384] /dev/input/event1: 0003 003a 00000081
[  247092.200384] /dev/input/event1: 0003 0035 00007628
[  247092.200384] /dev/input/event1: 0003 0036 00000855
[  247092.200384] /dev/input/event1: 0000 0000 00000000
[  247092.305366] /dev/input/event1: 0003 003a 00000000
[  247092.305366] /dev/input/event1: 0003 0039 ffffffff
[  247092.305366] /dev/input/event1: 0000 0000 00000000
[  247093.875653] /dev/input/event1: 0003 0039 00000000
[  247093.875653] /dev/input/event1: 0003 0030 0000040e
[  247093.875653] /dev/input/event1: 0003 003a 00000081
[  247093.875653] /dev/input/event1: 0003 0035 00002bbb
[  247093.875653] /dev/input/event1: 0003 0036 00001788
[  247093.875653] /dev/input/event1: 0000 0000 00000000
[  247093.964653] /dev/input/event1: 0003 003a 00000000
[  247093.964653] /dev/input/event1: 0003 0039 ffffffff
[  247093.964653] /dev/input/event1: 0000 0000 00000000
[  247100.824394] /dev/input/event1: 0003 0039 00000000
[  247100.824394] /dev/input/event1: 0003 0030 0000040f
[  247100.824394] /dev/input/event1: 0003 003a 00000081
[  247100.824394] /dev/input/event1: 0003 0035 000024fa
[  247100.824394] /dev/input/event1: 0003 0036 00005aee
[  247100.824394] /dev/input/event1: 0000 0000 00000000
[  247100.919824] /dev/input/event1: 0003 003a 00000000
[  247100.919824] /dev/input/event1: 0003 0039 ffffffff
[  247100.919824] /dev/input/event1: 0000 0000 00000000
[  247101.338020] /dev/input/event1: 0003 0039 00000000
[  247101.338020] /dev/input/event1: 0003 0030 00000410
[  247101.338020] /dev/input/event1: 0003 003a 00000081
[  247101.338020] /dev/input/event1: 0003 0035 00001fff
[  247101.338020] /dev/input/event1: 0003 0036 00005176
[  247101.338020] /dev/input/event1: 0000 0000 00000000
[  247101.416582] /dev/input/event1: 0003 003a 00000000
[  247101.416582] /dev/input/event1: 0003 0039 ffffffff
[  247101.416582] /dev/input/event1: 0000 0000 00000000
[  247101.881910] /dev/input/event1: 0003 0039 00000000
[  247101.881910] /dev/input/event1: 0003 0030 00000411
[  247101.881910] /dev/input/event1: 0003 003a 00000081
[  247101.881910] /dev/input/event1: 0003 0035 000018c5
[  247101.881910] /dev/input/event1: 0003 0036 00005b54
[  247101.881910] /dev/input/event1: 0000 0000 00000000
[  247101.959840] /dev/input/event1: 0003 003a 00000000
[  247101.959840] /dev/input/event1: 0003 0039 ffffffff
[  247101.959840] /dev/input/event1: 0000 0000 00000000
[  247103.018322] /dev/input/event1: 0003 0039 00000000
[  247103.018322] /dev/input/event1: 0003 0030 00000412
[  247103.018322] /dev/input/event1: 0003 003a 00000081
[  247103.018322] /dev/input/event1: 0003 0035 000032b9
[  247103.018322] /dev/input/event1: 0003 0036 000066ff
[  247103.018322] /dev/input/event1: 0000 0000 00000000
[  247103.097942] /dev/input/event1: 0003 003a 00000000
[  247103.097942] /dev/input/event1: 0003 0039 ffffffff
[  247103.097942] /dev/input/event1: 0000 0000 00000000
[  247103.934873] /dev/input/event1: 0003 0039 00000000
[  247103.934873] /dev/input/event1: 0003 0030 00000413
[  247103.934873] /dev/input/event1: 0003 003a 00000081
[  247103.934873] /dev/input/event1: 0003 0035 00002b9d
[  247103.934873] /dev/input/event1: 0003 0036 00001fdd
[  247103.934873] /dev/input/event1: 0000 0000 00000000
[  247104.025603] /dev/input/event1: 0003 003a 00000000
[  247104.025603] /dev/input/event1: 0003 0039 ffffffff
[  247104.025603] /dev/input/event1: 0000 0000 00000000
[  247105.374493] /dev/input/event1: 0003 0039 00000000
[  247105.374493] /dev/input/event1: 0003 0030 00000414
[  247105.374493] /dev/input/event1: 0003 003a 00000081
[  247105.374493] /dev/input/event1: 0003 0035 000033e8
[  247105.374493] /dev/input/event1: 0003 0036 00005acc
[  247105.374493] /dev/input/event1: 0000 0000 00000000
[  247105.467341] /dev/input/event1: 0003 003a 00000000
[  247105.467341] /dev/input/event1: 0003 0039 ffffffff
[  247105.467341] /dev/input/event1: 0000 0000 00000000
[  247106.336006] /dev/input/event1: 0003 0039 00000000
[  247106.336006] /dev/input/event1: 0003 0030 00000415
[  247106.336006] /dev/input/event1: 0003 003a 00000081
[  247106.336006] /dev/input/event1: 0003 0035 000055af
[  247106.336006] /dev/input/event1: 0003 0036 00005b65
[  247106.336006] /dev/input/event1: 0000 0000 00000000
[  247106.429595] /dev/input/event1: 0003 003a 00000000
[  247106.429595] /dev/input/event1: 0003 0039 ffffffff
[  247106.429595] /dev/input/event1: 0000 0000 00000000
[  247107.738261] /dev/input/event1: 0003 0039 00000000
[  247107.738261] /dev/input/event1: 0003 0030 00000416
[  247107.738261] /dev/input/event1: 0003 003a 00000081
[  247107.738261] /dev/input/event1: 0003 0035 00003425
[  247107.738261] /dev/input/event1: 0003 0036 00006dcb
[  247107.738261] /dev/input/event1: 0000 0000 00000000
[  247107.831690] /dev/input/event1: 0003 003a 00000000
[  247107.831690] /dev/input/event1: 0003 0039 ffffffff
[  247107.831690] /dev/input/event1: 0000 0000 00000000
[  247108.376019] /dev/input/event1: 0003 0039 00000000
[  247108.376019] /dev/input/event1: 0003 0030 00000417
[  247108.376019] /dev/input/event1: 0003 003a 00000081
[  247108.376019] /dev/input/event1: 0000 0000 00000000
[  247108.471639] /dev/input/event1: 0003 003a 00000000
[  247108.471639] /dev/input/event1: 0003 0039 ffffffff
[  247108.471639] /dev/input/event1: 0000 0000 00000000
[  247109.540344] /dev/input/event1: 0003 0039 00000000
[  247109.540344] /dev/input/event1: 0003 0030 00000418
[  247109.540344] /dev/input/event1: 0003 003a 00000081
[  247109.540344] /dev/input/event1: 0003 0035 00006665
[  247109.540344] /dev/input/event1: 0003 0036 00002377
[  247109.540344] /dev/input/event1: 0000 0000 00000000
[  247109.617417] /dev/input/event1: 0003 003a 00000000
[  247109.617417] /dev/input/event1: 0003 0039 ffffffff
[  247109.617417] /dev/input/event1: 0000 0000 00000000
[  247112.567791] /dev/input/event1: 0003 0039 00000000
[  247112.567791] /dev/input/event1: 0003 0030 00000419
[  247112.567791] /dev/input/event1: 0003 003a 00000081
[  247112.567791] /dev/input/event1: 0003 0035 000075cd
[  247112.567791] /dev/input/event1: 0003 0036 000007ee
[  247112.567791] /dev/input/event1: 0000 0000 00000000
[  247112.661621] /dev/input/event1: 0003 003a 00000000
[  247112.661621] /dev/input/event1: 0003 0039 ffffffff
[  247112.661621] /dev/input/event1: 0000 0000 00000000
[  247115.204185] /dev/input/event1: 0003 0039 00000000
[  247115.204185] /dev/input/event1: 0003 0030 0000041a
[  247115.204185] /dev/input/event1: 0003 003a 00000081
[  247115.204185] /dev/input/event1: 0003 0035 000003e9
[  247115.204185] /dev/input/event1: 0003 0036 00000944
[  247115.204185] /dev/input/event1: 0000 0000 00000000
[  247115.297420] /dev/input/event1: 0003 003a 00000000
[  247115.297420] /dev/input/event1: 0003 0039 ffffffff
[  247115.297420] /dev/input/event1: 0000 0000 00000000
[  247118.039115] /dev/input/event1: 0003 0039 00000000
[  247118.039115] /dev/input/event1: 0003 0030 0000041b
[  247118.039115] /dev/input/event1: 0003 003a 00000081
[  247118.039115] /dev/input/event1: 0003 0035 000076c0
[  247118.039115] /dev/input/event1: 0003 0036 00000966
[  247118.039115] /dev/input/event1: 0000 0000 00000000
[  247118.134596] /dev/input/event1: 0003 003a 00000000
[  247118.134596] /dev/input/event1: 0003 0039 ffffffff
[  247118.134596] /dev/input/event1: 0000 0000 00000000
[  247119.631706] /dev/input/event1: 0003 0039 00000000
[  247119.631706] /dev/input/event1: 0003 0030 0000041c
[  247119.631706] /dev/input/event1: 0003 003a 00000081
[  247119.631706] /dev/input/event1: 0003 0035 000051c6
[  247119.631706] /dev/input/event1: 0003 0036 00001921
[  247119.631706] /dev/input/event1: 0000 0000 00000000
[  247119.728121] /dev/input/event1: 0003 003a 00000000
[  247119.728121] /dev/input/event1: 0003 0039 ffffffff
[  247119.728121] /dev/input/event1: 0000 0000 00000000
[  247122.616174] /dev/input/event1: 0003 0039 00000000
[  247122.616174] /dev/input/event1: 0003 0030 0000041d
[  247122.616174] /dev/input/event1: 0003 003a 00000081
[  247122.616174] /dev/input/event1: 0003 0035 00001fe1
[  247122.616174] /dev/input/event1: 0003 0036 000011dd
[  247122.616174] /dev/input/event1: 0000 0000 00000000
[  247122.710390] /dev/input/event1: 0003 003a 00000000
[  247122.710390] /dev/input/event1: 0003 0039 ffffffff
[  247122.710390] /dev/input/event1: 0000 0000 00000000
[  247124.354171] /dev/input/event1: 0003 0039 00000000
[  247124.354171] /dev/input/event1: 0003 0030 0000041e
[  247124.354171] /dev/input/event1: 0003 003a 00000081
[  247124.354171] /dev/input/event1: 0000 0000 00000000
[  247124.449563] /dev/input/event1: 0003 003a 00000000
[  247124.449563] /dev/input/event1: 0003 0039 ffffffff
[  247124.449563] /dev/input/event1: 0000 0000 00000000
[  247126.124730] /dev/input/event1: 0003 0039 00000000
[  247126.124730] /dev/input/event1: 0003 0030 0000041f
[  247126.124730] /dev/input/event1: 0003 003a 00000081
[  247126.124730] /dev/input/event1: 0003 0035 00002079
[  247126.124730] /dev/input/event1: 0003 0036 00001555
[  247126.124730] /dev/input/event1: 0000 0000 00000000
[  247126.204772] /dev/input/event1: 0003 003a 00000000
[  247126.204772] /dev/input/event1: 0003 0039 ffffffff
[  247126.204772] /dev/input/event1: 0000 0000 00000000
[  247128.673425] /dev/input/event1: 0003 0039 00000000
[  247128.673425] /dev/input/event1: 0003 0030 00000420
[  247128.673425] /dev/input/event1: 0003 003a 00000081
[  247128.673425] /dev/input/event1: 0003 0035 0000205a
[  247128.673425] /dev/input/event1: 0003 0036 00002321
[  247128.673425] /dev/input/event1: 0000 0000 00000000
[  247128.767351] /dev/input/event1: 0003 003a 00000000
[  247128.767351] /dev/input/event1: 0003 0039 ffffffff
[  247128.767351] /dev/input/event1: 0000 0000 00000000
[   75315.755689] /dev/input/event1: 0003 0039 00000000
[   75315.755689] /dev/input/event1: 0003 0030 00000174
[   75315.755689] /dev/input/event1: 0003 003a 00000081
[   75315.755689] /dev/input/event1: 0003 0035 00000d27
[   75315.755689] /dev/input/event1: 0003 0036 00005bcc
[   75315.755689] /dev/input/event1: 0000 0000 00000000
[   75315.823017] /dev/input/event1: 0003 003a 00000000
[   75315.823017] /dev/input/event1: 0003 0039 ffffffff
[   75315.823017] /dev/input/event1: 0000 0000 00000000
[   75317.444006] /dev/input/event1: 0003 0039 00000000
[   75317.444006] /dev/input/event1: 0003 0030 00000175
[   75317.444006] /dev/input/event1: 0003 003a 00000081
[   75317.444006] /dev/input/event1: 0003 0035 00001999
[   75317.444006] /dev/input/event1: 0003 0036 00007121
[   75317.444006] /dev/input/event1: 0000 0000 00000000
[   75317.498621] /dev/input/event1: 0003 003a 00000000
[   75317.498621] /dev/input/event1: 0003 0039 ffffffff
[   75317.498621] /dev/input/event1: 0000 0000 00000000
[   75318.772003] /dev/input/event1: 0003 0039 00000000
[   75318.772003] /dev/input/event1: 0003 0030 00000176
[   75318.772003] /dev/input/event1: 0003 003a 00000081
[   75318.772003] /dev/input/event1: 0003 0035 0000327c
[   75318.772003] /dev/input/event1: 0003 0036 000065ff
[   75318.772003] /dev/input/event1: 0000 0000 00000000
[   75318.825820] /dev/input/event1: 0003 003a 00000000
[   75318.825820] /dev/input/event1: 0003 0039 ffffffff
[   75318.825820] /dev/input/event1: 0000 0000 00000000
[   75320.345784] /dev/input/event1: 0003 0039 00000000
[   75320.345784] /dev/input/event1: 0003 0030 00000177
[   75320.345784] /dev/input/event1: 0003 003a 00000081
[   75320.345784] /dev/input/event1: 0003 0035 00006d63
[   75320.345784] /dev/input/event1: 0003 0036 000050ff
[   75320.345784] /dev/input/event1: 0000 0000 00000000
[   75320.389751] /dev/input/event1: 0003 003a 00000000
[   75320.389751] /dev/input/event1: 0003 0039 ffffffff
[   75320.389751] /dev/input/event1: 0000 0000 00000000
[   75321.764427] /dev/input/event1: 0003 0039 00000000
[   75321.764427] /dev/input/event1: 0003 0030 00000178
[   75321.764427] /dev/input/event1: 0003 003a 00000081
[   75321.764427] /dev/input/event1: 0003 0035 000065cd
[   75321.764427] /dev/input/event1: 0003 0036 000071a9
[   75321.764427] /dev/input/event1: 0000 0000 00000000
[   75321.829878] /dev/input/event1: 0003 003a 00000000
[   75321.829878] /dev/input/event1: 0003 0039 ffffffff
[   75321.829878] /dev/input/event1: 0000 0000 00000000
[   75323.294245] /dev/input/event1: 0003 0039 00000000
[   75323.294245] /dev/input/event1: 0003 0030 00000179
[   75323.294245] /dev/input/event1: 0003 003a 00000081
[   75323.294245] /dev/input/event1: 0003 0035 000031c6
[   75323.294245] /dev/input/event1: 0003 0036 000066a9
[   75323.294245] /dev/input/event1: 0000 0000 00000000
[   75323.381991] /dev/input/event1: 0003 003a 00000000
[   75323.381991] /dev/input/event1: 0003 0039 ffffffff
[   75323.381991] /dev/input/event1: 0000 0000 00000000
[   75324.857157] /dev/input/event1: 0003 0039 00000000
[   75324.857157] /dev/input/event1: 0003 0030 0000017a
[   75324.857157] /dev/input/event1: 0003 003a 00000081
[   75324.857157] /dev/input/event1: 0003 0035 00006c70
[   75324.857157] /dev/input/event1: 0003 0036 000050cc
[   75324.857157] /dev/input/event1: 0000 0000 00000000
[   75324.945914] /dev/input/event1: 0003 003a 00000000
[   75324.945914] /dev/input/event1: 0003 0039 ffffffff
[   75324.945914] /dev/input/event1: 0000 0000 00000000
[   75326.376176] /dev/input/event1: 0003 0039 00000000
[   75326.376176] /dev/input/event1: 0003 0030 0000017b
[   75326.376176] /dev/input/event1: 0003 003a 00000081
[   75326.376176] /dev/input/event1: 0003 0035 0000671b
[   75326.376176] /dev/input/event1: 0003 0036 00006521
[   75326.376176] /dev/input/event1: 0000 0000 00000000
[   75326.442157] /dev/input/event1: 0003 003a 00000000
[   75326.442157] /dev/input/event1: 0003 0039 ffffffff
[   75326.442157] /dev/input/event1: 0000 0000 00000000
[   75328.017387] /dev/input/event1: 0003 0039 00000000
[   75328.017387] /dev/input/event1: 0003 0030 0000017c
[   75328.017387] /dev/input/event1: 0003 003a 00000081
[   75328.017387] /dev/input/event1: 0003 0035 00005591
[   75328.017387] /dev/input/event1: 0003 0036 000033aa
[   75328.017387] /dev/input/event1: 0000 0000 00000000
[   75328.084588] /dev/input/event1: 0003 003a 00000000
[   75328.084588] /dev/input/event1: 0003 0039 ffffffff
[   75328.084588] /dev/input/event1: 0000 0000 00000000
[   75330.370455] /dev/input/event1: 0003 0039 00000000
[   75330.370455] /dev/input/event1: 0003 0030 0000017d
[   75330.370455] /dev/input/event1: 0003 003a 00000081
[   75330.370455] /dev/input/event1: 0003 0035 00004795
[   75330.370455] /dev/input/event1: 0003 0036 000031aa
[   75330.370455] /dev/input/event1: 0000 0000 00000000
[   75330.447930] /dev/input/event1: 0003 003a 00000000
[   75330.447930] /dev/input/event1: 0003 0039 ffffffff
[   75330.447930] /dev/input/event1: 0000 0000 00000000
[   75332.089720] /dev/input/event1: 0003 0039 00000000
[   75332.089720] /dev/input/event1: 0003 0030 0000017e
[   75332.089720] /dev/input/event1: 0003 003a 00000081
[   75332.089720] /dev/input/event1: 0003 0035 000042b9
[   75332.089720] /dev/input/event1: 0003 0036 00003eff
[   75332.089720] /dev/input/event1: 0000 0000 00000000
[   75332.168491] /dev/input/event1: 0003 003a 00000000
[   75332.168491] /dev/input/event1: 0003 0039 ffffffff
[   75332.168491] /dev/input/event1: 0000 0000 00000000
[   75334.622439] /dev/input/event1: 0003 0039 00000000
[   75334.622439] /dev/input/event1: 0003 0030 0000017f
[   75334.622439] /dev/input/event1: 0003 003a 00000081
[   75334.622439] /dev/input/event1: 0003 0035 000004fa
[   75334.622439] /dev/input/event1: 0003 0036 00000866
[   75334.622439] /dev/input/event1: 0000 0000 00000000
[   75334.699814] /dev/input/event1: 0003 003a 00000000
[   75334.699814] /dev/input/event1: 0003 0039 ffffffff
[   75334.699814] /dev/input/event1: 0000 0000 00000000
[   75337.175780] /dev/input/event1: 0003 0039 00000000
[   75337.175780] /dev/input/event1: 0003 0030 00000180
[   75337.175780] /dev/input/event1: 0003 003a 00000081
[   75337.175780] /dev/input/event1: 0003 0035 00001ae7
[   75337.175780] /dev/input/event1: 0003 0036 00001988
[   75337.175780] /dev/input/event1: 0000 0000 00000000
[   75337.265599] /dev/input/event1: 0003 003a 00000000
[   75337.265599] /dev/input/event1: 0003 0039 ffffffff
[   75337.265599] /dev/input/event1: 0000 0000 00000000
[   75338.559751] /dev/input/event1: 0003 0039 00000000
[   75338.559751] /dev/input/event1: 0003 0030 00000181
[   75338.559751] /dev/input/event1: 0003 003a 00000081
[   75338.559751] /dev/input/event1: 0003 0035 000020b5
[   75338.559751] /dev/input/event1: 0003 0036 000014ff
[   75338.559751] /dev/input/event1: 0000 0000 00000000
[   75338.614191] /dev/input/event1: 0003 003a 00000000
[   75338.614191] /dev/input/event1: 0003 0039 ffffffff
[   75338.614191] /dev/input/event1: 0000 0000 00000000
[   75340.450756] /dev/input/event1: 0003 0039 00000000
[   75340.450756] /dev/input/event1: 0003 0030 00000182
[   75340.450756] /dev/input/event1: 0003 003a 00000081
[   75340.450756] /dev/input/event1: 0003 0035 00002c16
[   75340.450756] /dev/input/event1: 0003 0036 00003b65
[   75340.450756] /dev/input/event1: 0000 0000 00000000
[   75340.528847] /dev/input/event1: 0003 003a 00000000
[   75340.528847] /dev/input/event1: 0003 0039 ffffffff
[   75340.528847] /dev/input/event1: 0000 0000 00000000
[   75342.935181] /dev/input/event1: 0003 0039 00000000
[   75342.935181] /dev/input/event1: 0003 0030 00000183
[   75342.935181] /dev/input/event1: 0003 003a 00000081
[   75342.935181] /dev/input/event1: 0003 0035 00000591
[   75342.935181] /dev/input/event1: 0003 0036 000007cc
[   75342.935181] /dev/input/event1: 0000 0000 00000000
[   75343.024493] /dev/input/event1: 0003 003a 00000000
[   75343.024493] /dev/input/event1: 0003 0039 ffffffff
[   75343.024493] /dev/input/event1: 0000 0000 00000000
[   75345.342874] /dev/input/event1: 0003 0039 00000000
[   75345.342874] /dev/input/event1: 0003 0030 00000184
[   75345.342874] /dev/input/event1: 0003 003a 00000081
[   75345.342874] /dev/input/event1: 0000 0000 00000000
[   75345.421869] /dev/input/event1: 0003 003a 00000000
[   75345.421869] /dev/input/event1: 0003 0039 ffffffff
[   75345.421869] /dev/input/event1: 0000 0000 00000000
[   75347.210546] /dev/input/event1: 0003 0039 00000000
[   75347.210546] /dev/input/event1: 0003 0030 00000185
[   75347.210546] /dev/input/event1: 0003 003a 00000081
[   75347.210546] /dev/input/event1: 0003 0035 000040b5
[   75347.210546] /dev/input/event1: 0003 0036 00002866
[   75347.210546] /dev/input/event1: 0000 0000 00000000
[   75348.392239] /dev/input/event1: 0003 003a 00000000
[   75348.392239] /dev/input/event1: 0003 0039 ffffffff
[   75348.392239] /dev/input/event1: 0000 0000 00000000
[   75350.068562] /dev/input/event1: 0003 0039 00000000
[   75350.068562] /dev/input/event1: 0003 0030 00000186
[   75350.068562] /dev/input/event1: 0003 003a 00000081
[   75350.068562] /dev/input/event1: 0003 0035 000077d1
[   75350.068562] /dev/input/event1: 0003 0036 000008ff
[   75350.068562] /dev/input/event1: 0000 0000 00000000
[   75350.158809] /dev/input/event1: 0003 003a 00000000
[   75350.158809] /dev/input/event1: 0003 0039 ffffffff
[   75350.158809] /dev/input/event1: 0000 0000 00000000