add device 1: /dev/input/event0
  name:     "Power Button"
add device 2: /dev/input/event1
  name:     "qwerty2"
[  247251.470210] /dev/input/event1: 0003 0039 00000000
[  247251.470210] /dev/input/event1: 0003 0030 00000444
[  247251.470210] /dev/input/event1: 0003 003a 00000081
[  247251.470210] /dev/input/event1: 0003 0035 00004f49
[  247251.470210] /dev/input/event1: 0003 0036 00004010
[  247251.470210] /dev/input/event1: 0000 0000 00000000
[  247251.557060] /dev/input/event1: 0003 003a 00000000
[  247251.557060] /dev/input/event1: 0003 0039 ffffffff
[  247251.557060] /dev/input/event1: 0000 0000 00000000
[  247253.159356] /dev/input/event1: 0003 0039 00000000
[  247253.159356] /dev/input/event1: 0003 0030 00000445
[  247253.159356] /dev/input/event1: 0003 003a 00000081
[  247253.159356] /dev/input/event1: 0003 0035 00004bbb
[  247253.159356] /dev/input/event1: 0003 0036 00004899
[  247253.159356] /dev/input/event1: 0000 0000 00000000
[  247253.252999] /dev/input/event1: 0003 003a 00000000
[  247253.252999] /dev/input/event1: 0003 0039 ffffffff
[  247253.252999] /dev/input/event1: 0000 0000 00000000
[  247254.731068] /dev/input/event1: 0003 0039 00000000
[  247254.731068] /dev/input/event1: 0003 0030 00000446
[  247254.731068] /dev/input/event1: 0003 003a 00000081
[  247254.731068] /dev/input/event1: 0003 0035 0000482c
[  247254.731068] /dev/input/event1: 0003 0036 00005065
[  247254.731068] /dev/input/event1: 0000 0000 00000000
[  247254.825758] /dev/input/event1: 0003 003a 00000000
[  247254.825758] /dev/input/event1: 0003 0039 ffffffff
[  247254.825758] /dev/input/event1: 0000 0000 00000000
[  247255.892648] /dev/input/event1: 0003 0039 00000000
[  247255.892648] /dev/input/event1: 0003 0030 00000447
[  247255.892648] /dev/input/event1: 0003 003a 00000081
[  247255.892648] /dev/input/event1: 0003 0035 0000573a
[  247255.892648] /dev/input/event1: 0003 0036 00005865
[  247255.892648] /dev/input/event1: 0000 0000 00000000
[  247255.986404] /dev/input/event1: 0003 003a 00000000
[  247255.986404] /dev/input/event1: 0003 0039 ffffffff
[  247255.986404] /dev/input/event1: 0000 0000 00000000
[  247258.850990] /dev/input/event1: 0003 0039 00000000
[  247258.850990] /dev/input/event1: 0003 0030 00000448
[  247258.850990] /dev/input/event1: 0003 003a 00000081
[  247258.850990] /dev/input/event1: 0003 0035 00003ed0
[  247258.850990] /dev/input/event1: 0003 0036 00001255
[  247258.850990] /dev/input/event1: 0000 0000 00000000
[  247260.191881] /dev/input/event1: 0003 003a 00000000
[  247260.191881] /dev/input/event1: 0003 0039 ffffffff
[  247260.191881] /dev/input/event1: 0000 0000 00000000
[  247261.404640] /dev/input/event1: 0003 0039 00000000
[  247261.404640] /dev/input/event1: 0003 0030 00000449
[  247261.404640] /dev/input/event1: 0003 003a 00000081
[  247261.404640] /dev/input/event1: 0003 0035 00006536
[  247261.404640] /dev/input/event1: 0003 0036 000008aa
[  247261.404640] /dev/input/event1: 0000 0000 00000000
[  247261.498701] /dev/input/event1: 0003 003a 00000000
[  247261.498701] /dev/input/event1: 0003 0039 ffffffff
[  247261.498701] /dev/input/event1: 0000 0000 00000000
[  247265.292604] /dev/input/event1: 0003 0039 00000000
[  247265.292604] /dev/input/event1: 0003 0030 0000044a
[  247265.292604] /dev/input/event1: 0003 003a 00000081
[  247265.292604] /dev/input/event1: 0003 0035 00002b9d
[  247265.292604] /dev/input/event1: 0003 0036 00002acc
[  247265.292604] /dev/input/event1: 0000 0000 00000000
[  247265.399786] /dev/input/event1: 0003 003a 00000000
[  247265.399786] /dev/input/event1: 0003 0039 ffffffff
[  247265.399786] /dev/input/event1: 0000 0000 00000000
[  247266.812092] /dev/input/event1: 0003 0039 00000000
[  247266.812092] /dev/input/event1: 0003 0030 0000044b
[  247266.812092] /dev/input/event1: 0003 003a 00000081
[  247266.812092] /dev/input/event1: 0003 0035 00002ddd
[  247266.812092] /dev/input/event1: 0003 0036 00006bba
[  247266.812092] /dev/input/event1: 0000 0000 00000000
[  247266.841143] /dev/input/event1: 0003 0035 00002dbf
[  247266.841143] /dev/input/event1: 0003 0036 00006ba9
[  247266.841143] /dev/input/event1: 0000 0000 00000000
[  247266.844834] /dev/input/event1: 0003 0035 00002d82
[  247266.844834] /dev/input/event1: 0003 0036 00006b21
[  247266.844834] /dev/input/event1: 0000 0000 00000000
[  247266.856855] /dev/input/event1: 0003 0036 00006aa9
[  247266.856855] /dev/input/event1: 0000 0000 00000000
[  247266.861858] /dev/input/event1: 0003 0036 00006a21
[  247266.861858] /dev/input/event1: 0000 0000 00000000
[  247266.873873] /dev/input/event1: 0003 0036 000069a9
[  247266.873873] /dev/input/event1: 0000 0000 00000000
[  247266.876817] /dev/input/event1: 0003 0036 00006943
[  247266.876817] /dev/input/event1: 0000 0000 00000000
[  247266.888831] /dev/input/event1: 0003 0035 00002da0
[  247266.888831] /dev/input/event1: 0003 0036 000068dd
[  247266.888831] /dev/input/event1: 0000 0000 00000000
[  247266.893977] /dev/input/event1: 0003 0035 00002ddd
[  247266.893977] /dev/input/event1: 0003 0036 00006854
[  247266.893977] /dev/input/event1: 0000 0000 00000000
[  247266.905485] /dev/input/event1: 0003 0035 00002dfb
[  247266.905485] /dev/input/event1: 0003 0036 000067a9
[  247266.905485] /dev/input/event1: 0000 0000 00000000
[  247266.909437] /dev/input/event1: 0003 0035 00002e38
[  247266.909437] /dev/input/event1: 0003 0036 00006710
[  247266.909437] /dev/input/event1: 0000 0000 00000000
[  247266.920952] /dev/input/event1: 0003 0035 00002e56
[  247266.920952] /dev/input/event1: 0003 0036 00006676
[  247266.920952] /dev/input/event1: 0000 0000 00000000
[  247266.925310] /dev/input/event1: 0003 0035 00002e93
[  247266.925310] /dev/input/event1: 0003 0036 000065dd
[  247266.925310] /dev/input/event1: 0000 0000 00000000
[  247266.937355] /dev/input/event1: 0003 0035 00002eb1
[  247266.937355] /dev/input/event1: 0003 0036 00006543
[  247266.937355] /dev/input/event1: 0000 0000 00000000
[  247266.941438] /dev/input/event1: 0003 0036 00006487
[  247266.941438] /dev/input/event1: 0000 0000 00000000
[  247266.953213] /dev/input/event1: 0003 0036 000063dd
[  247266.953213] /dev/input/event1: 0000 0000 00000000
[  247266.956574] /dev/input/event1: 0003 0036 00006321
[  247266.956574] /dev/input/event1: 0000 0000 00000000
[  247266.968787] /dev/input/event1: 0003 0036 00006254
[  247266.968787] /dev/input/event1: 0000 0000 00000000
[  247266.972899] /dev/input/event1: 0003 0036 00006176
[  247266.972899] /dev/input/event1: 0000 0000 00000000
[  247266.987014] /dev/input/event1: 0003 0036 00006087
[  247266.987014] /dev/input/event1: 0000 0000 00000000
[  247266.990670] /dev/input/event1: 0003 0036 00005fa9
[  247266.990670] /dev/input/event1: 0000 0000 00000000
[  247267.002889] /dev/input/event1: 0003 0036 00005ea9
[  247267.002889] /dev/input/event1: 0000 0000 00000000
[  247267.007015] /dev/input/event1: 0003 0036 00005dbb
[  247267.007015] /dev/input/event1: 0000 0000 00000000
[  247267.019052] /dev/input/event1: 0003 0036 00005cdd
[  247267.019052] /dev/input/event1: 0000 0000 00000000
[  247267.023077] /dev/input/event1: 0003 0036 00005bdd
[  247267.023077] /dev/input/event1: 0000 0000 00000000
[  247267.034673] /dev/input/event1: 0003 0036 00005aee
[  247267.034673] /dev/input/event1: 0000 0000 00000000
[  247267.038878] /dev/input/event1: 0003 0036 00005a10
[  247267.038878] /dev/input/event1: 0000 0000 00000000
[  247267.051308] /dev/input/event1: 0003 0036 00005910
[  247267.051308] /dev/input/event1: 0000 0000 00000000
[  247267.055033] /dev/input/event1: 0003 0036 00005821
[  247267.055033] /dev/input/event1: 0000 0000 00000000
[  247267.066867] /dev/input/event1: 0003 0036 00005721
[  247267.066867] /dev/input/event1: 0000 0000 00000000
[  247267.070955] /dev/input/event1: 0003 0036 00005621
[  247267.070955] /dev/input/event1: 0000 0000 00000000
[  247267.082748] /dev/input/event1: 0003 0036 00005543
[  247267.082748] /dev/input/event1: 0000 0000 00000000
[  247267.086952] /dev/input/event1: 0003 0036 00005443
[  247267.086952] /dev/input/event1: 0000 0000 00000000
[  247267.098875] /dev/input/event1: 0003 0036 00005343
[  247267.098875] /dev/input/event1: 0000 0000 00000000
[  247267.102883] /dev/input/event1: 0003 0036 00005254
[  247267.102883] /dev/input/event1: 0000 0000 00000000
[  247267.114825] /dev/input/event1: 0003 0036 00005154
[  247267.114825] /dev/input/event1: 0000 0000 00000000
[  247267.119219] /dev/input/event1: 0003 0035 00002e93
[  247267.119219] /dev/input/event1: 0003 0036 00005054
[  247267.119219] /dev/input/event1: 0000 0000 00000000
[  247267.130734] /dev/input/event1: 0003 0036 00004f76
[  247267.130734] /dev/input/event1: 0000 0000 00000000
[  247267.134449] /dev/input/event1: 0003 0036 00004eaa
[  247267.134449] /dev/input/event1: 0000 0000 00000000
[  247267.147399] /dev/input/event1: 0003 0036 00004dbb
[  247267.147399] /dev/input/event1: 0000 0000 00000000
[  247267.151130] /dev/input/event1: 0003 0036 00004cee
[  247267.151130] /dev/input/event1: 0000 0000 00000000
[  247267.162777] /dev/input/event1: 0003 0036 00004c10
[  247267.162777] /dev/input/event1: 0000 0000 00000000
[  247267.166721] /dev/input/event1: 0003 0036 00004b21
[  247267.166721] /dev/input/event1: 0000 0000 00000000
[  247267.178649] /dev/input/event1: 0003 0036 00004a43
[  247267.178649] /dev/input/event1: 0000 0000 00000000
[  247267.182544] /dev/input/event1: 0003 0036 00004954
[  247267.182544] /dev/input/event1: 0000 0000 00000000
[  247267.195664] /dev/input/event1: 0003 0036 00004854
[  247267.195664] /dev/input/event1: 0000 0000 00000000
[  247267.198743] /dev/input/event1: 0003 0036 00004776
[  247267.198743] /dev/input/event1: 0000 0000 00000000
[  247267.211951] /dev/input/event1: 0003 0036 00004676
[  247267.211951] /dev/input/event1: 0000 0000 00000000
[  247267.214453] /dev/input/event1: 0003 0036 00004554
[  247267.214453] /dev/input/event1: 0000 0000 00000000
[  247267.226566] /dev/input/event1: 0003 0036 00004454
[  247267.226566] /dev/input/event1: 0000 0000 00000000
[  247267.230611] /dev/input/event1: 0003 0035 00002eb1
[  247267.230611] /dev/input/event1: 0003 0036 00004354
[  247267.230611] /dev/input/event1: 0000 0000 00000000
[  247267.243481] /dev/input/event1: 0003 0035 00002eee
[  247267.243481] /dev/input/event1: 0003 0036 00004254
[  247267.243481] /dev/input/event1: 0000 0000 00000000
[  247267.246686] /dev/input/event1: 0003 0036 00004188
[  247267.246686] /dev/input/event1: 0000 0000 00000000
[  247267.259298] /dev/input/event1: 0003 0035 00002f0c
[  247267.259298] /dev/input/event1: 0003 0036 000040bb
[  247267.259298] /dev/input/event1: 0000 0000 00000000
[  247267.262741] /dev/input/event1: 0003 0035 00002f49
[  247267.262741] /dev/input/event1: 0003 0036 00004010
[  247267.262741] /dev/input/event1: 0000 0000 00000000
[  247267.274852] /dev/input/event1: 0003 0035 00002f67
[  247267.274852] /dev/input/event1: 0003 0036 00003f76
[  247267.274852] /dev/input/event1: 0000 0000 00000000
[  247267.279582] /dev/input/event1: 0003 0035 00002fa4
[  247267.279582] /dev/input/event1: 0003 0036 00003eee
[  247267.279582] /dev/input/event1: 0000 0000 00000000
[  247267.290686] /dev/input/event1: 0003 0035 00002fc2
[  247267.290686] /dev/input/event1: 0003 0036 00003e54
[  247267.290686] /dev/input/event1: 0000 0000 00000000
[  247267.294676] /dev/input/event1: 0003 0035 00002fff
[  247267.294676] /dev/input/event1: 0003 0036 00003ddd
[  247267.294676] /dev/input/event1: 0000 0000 00000000
[  247267.307573] /dev/input/event1: 0003 0035 0000301d
[  247267.307573] /dev/input/event1: 0003 0036 00003d43
[  247267.307573] /dev/input/event1: 0000 0000 00000000
[  247267.312332] /dev/input/event1: 0003 0035 0000305a
[  247267.312332] /dev/input/event1: 0003 0036 00003cbb
[  247267.312332] /dev/input/event1: 0000 0000 00000000
[  247267.323394] /dev/input/event1: 0003 0035 00003078
[  247267.323394] /dev/input/event1: 0003 0036 00003c43
[  247267.323394] /dev/input/event1: 0000 0000 00000000
[  247267.327430] /dev/input/event1: 0003 0035 000030d4
[  247267.327430] /dev/input/event1: 0003 0036 00003baa
[  247267.327430] /dev/input/event1: 0000 0000 00000000
[  247267.338927] /dev/input/event1: 0003 0035 00003110
[  247267.338927] /dev/input/event1: 0003 0036 00003b10
[  247267.338927] /dev/input/event1: 0000 0000 00000000
[  247267.343945] /dev/input/event1: 0003 0035 0000312f
[  247267.343945] /dev/input/event1: 0003 0036 00003a77
[  247267.343945] /dev/input/event1: 0000 0000 00000000
[  247267.354761] /dev/input/event1: 0003 0035 0000316b
[  247267.354761] /dev/input/event1: 0003 0036 000039dd
[  247267.354761] /dev/input/event1: 0000 0000 00000000
[  247267.359840] /dev/input/event1: 0003 0035 0000318a
[  247267.359840] /dev/input/event1: 0003 0036 00003954
[  247267.359840] /dev/input/event1: 0000 0000 00000000
[  247267.370706] /dev/input/event1: 0003 0035 000031c6
[  247267.370706] /dev/input/event1: 0003 0036 000038ee
[  247267.370706] /dev/input/event1: 0000 0000 00000000
[  247267.375812] /dev/input/event1: 0003 0035 000031e5
[  247267.375812] /dev/input/event1: 0003 0036 00003877
[  247267.375812] /dev/input/event1: 0000 0000 00000000
[  247267.386702] /dev/input/event1: 0003 0035 00003221
[  247267.386702] /dev/input/event1: 0003 0036 00003810
[  247267.386702] /dev/input/event1: 0000 0000 00000000
[  247267.390711] /dev/input/event1: 0003 0035 00003240
[  247267.390711] /dev/input/event1: 0003 0036 000037aa
[  247267.390711] /dev/input/event1: 0000 0000 00000000
[  247267.402666] /dev/input/event1: 0003 0035 0000327c
[  247267.402666] /dev/input/event1: 0003 0036 00003743
[  247267.402666] /dev/input/event1: 0000 0000 00000000
[  247267.406639] /dev/input/event1: 0003 0035 0000329b
[  247267.406639] /dev/input/event1: 0003 0036 000036dd
[  247267.406639] /dev/input/event1: 0000 0000 00000000
[  247267.418582] /dev/input/event1: 0003 0036 00003677
[  247267.418582] /dev/input/event1: 0000 0000 00000000
[  247267.422753] /dev/input/event1: 0003 0035 000032d7
[  247267.422753] /dev/input/event1: 0003 0036 00003610
[  247267.422753] /dev/input/event1: 0000 0000 00000000
[  247267.435072] /dev/input/event1: 0003 0035 000032f6
[  247267.435072] /dev/input/event1: 0003 0036 000035aa
[  247267.435072] /dev/input/event1: 0000 0000 00000000
[  247267.438733] /dev/input/event1: 0003 0035 00003332
[  247267.438733] /dev/input/event1: 0003 0036 00003510
[  247267.438733] /dev/input/event1: 0000 0000 00000000
[  247267.450789] /dev/input/event1: 0003 0035 00003351
[  247267.450789] /dev/input/event1: 0003 0036 00003488
[  247267.450789] /dev/input/event1: 0000 0000 00000000
[  247267.454684] /dev/input/event1: 0003 0035 0000338d
[  247267.454684] /dev/input/event1: 0003 0036 000033ee
[  247267.454684] /dev/input/event1: 0000 0000 00000000
[  247267.466490] /dev/input/event1: 0003 0035 000033ac
[  247267.466490] /dev/input/event1: 0003 0036 00003377
[  247267.466490] /dev/input/event1: 0000 0000 00000000
[  247267.471497] /dev/input/event1: 0003 0035 000033e8
[  247267.471497] /dev/input/event1: 0003 0036 000032dd
[  247267.471497] /dev/input/event1: 0000 0000 00000000
[  247267.482596] /dev/input/event1: 0003 0035 00003407
[  247267.482596] /dev/input/event1: 0003 0036 00003254
[  247267.482596] /dev/input/event1: 0000 0000 00000000
[  247267.486669] /dev/input/event1: 0003 0035 00003443
[  247267.486669] /dev/input/event1: 0003 0036 000031dd
[  247267.486669] /dev/input/event1: 0000 0000 00000000
[  247267.499659] /dev/input/event1: 0003 0035 00003462
[  247267.499659] /dev/input/event1: 0003 0036 00003154
[  247267.499659] /dev/input/event1: 0000 0000 00000000
[  247267.502793] /dev/input/event1: 0003 0035 0000349e
[  247267.502793] /dev/input/event1: 0003 0036 000030ee
[  247267.502793] /dev/input/event1: 0000 0000 00000000
[  247267.515017] /dev/input/event1: 0003 0036 000030bb
[  247267.515017] /dev/input/event1: 0000 0000 00000000
[  247267.518693] /dev/input/event1: 0003 0035 000034bd
[  247267.518693] /dev/input/event1: 0003 0036 00003077
[  247267.518693] /dev/input/event1: 0000 0000 00000000
[  247267.531138] /dev/input/event1: 0003 0036 00003021
[  247267.531138] /dev/input/event1: 0000 0000 00000000
[  247267.534847] /dev/input/event1: 0003 0035 000034f9
[  247267.534847] /dev/input/event1: 0003 0036 00002fdd
[  247267.534847] /dev/input/event1: 0000 0000 00000000
[  247267.546556] /dev/input/event1: 0003 0036 00002faa
[  247267.546556] /dev/input/event1: 0000 0000 00000000
[  247267.551021] /dev/input/event1: 0003 0035 00003518
[  247267.551021] /dev/input/event1: 0003 0036 00002f54
[  247267.551021] /dev/input/event1: 0000 0000 00000000
[  247267.563004] /dev/input/event1: 0003 003a 00000000
[  247267.563004] /dev/input/event1: 0003 0039 ffffffff
[  247267.563004] /dev/input/event1: 0000 0000 00000000
[  247269.050576] /dev/input/event1: 0003 0039 00000000
[  247269.050576] /dev/input/event1: 0003 0030 0000044c
[  247269.050576] /dev/input/event1: 0003 003a 00000081
[  247269.050576] /dev/input/event1: 0003 0035 00001221
[  247269.050576] /dev/input/event1: 0003 0036 00006fee
[  247269.050576] /dev/input/event1: 0000 0000 00000000
[  247269.157080] /dev/input/event1: 0003 003a 00000000
[  247269.157080] /dev/input/event1: 0003 0039 ffffffff
[  247269.157080] /dev/input/event1: 0000 0000 00000000
[  247270.446595] /dev/input/event1: 0003 0039 00000000
[  247270.446595] /dev/input/event1: 0003 0030 0000044d
[  247270.446595] /dev/input/event1: 0003 003a 00000081
[  247270.446595] /dev/input/event1: 0003 0035 000054f9
[  247270.446595] /dev/input/event1: 0003 0036 00003543
[  247270.446595] /dev/input/event1: 0000 0000 00000000
[  247270.551432] /dev/input/event1: 0003 003a 00000000
[  247270.551432] /dev/input/event1: 0003 0039 ffffffff
[  247270.551432] /dev/input/event1: 0000 0000 00000000
[  247277.413059] /dev/input/event1: 0003 0039 00000000
[  247277.413059] /dev/input/event1: 0003 0030 0000044e
[  247277.413059] /dev/input/event1: 0003 003a 00000081
[  247277.413059] /dev/input/event1: 0003 0035 00007554
[  247277.413059] /dev/input/event1: 0003 0036 00002add
[  247277.413059] /dev/input/event1: 0000 0000 00000000
[  247277.489322] /dev/input/event1: 0003 003a 00000000
[  247277.489322] /dev/input/event1: 0003 0039 ffffffff
[  247277.489322] /dev/input/event1: 0000 0000 00000000
[  247282.207164] /dev/input/event1: 0003 0039 00000000
[  247282.207164] /dev/input/event1: 0003 0030 0000044f
[  247282.207164] /dev/input/event1: 0003 003a 00000081
[  247282.207164] /dev/input/event1: 0003 0035 0000338d
[  247282.207164] /dev/input/event1: 0003 0036 00000add
[  247282.207164] /dev/input/event1: 0000 0000 00000000
[  247282.313084] /dev/input/event1: 0003 003a 00000000
[  247282.313084] /dev/input/event1: 0003 0039 ffffffff
[  247282.313084] /dev/input/event1: 0000 0000 00000000
[  247284.070274] /dev/input/event1: 0003 0039 00000000
[  247284.070274] /dev/input/event1: 0003 0030 00000450
[  247284.070274] /dev/input/event1: 0003 003a 00000081
[  247284.070274] /dev/input/event1: 0003 0035 00002425
[  247284.070274] /dev/input/event1: 0003 0036 000018ee
[  247284.070274] /dev/input/event1: 0000 0000 00000000
[  247284.131438] /dev/input/event1: 0003 003a 00000000
[  247284.131438] /dev/input/event1: 0003 0039 ffffffff
[  247284.131438] /dev/input/event1: 0000 0000 00000000
[  247286.217106] /dev/input/event1: 0003 0039 00000000
[  247286.217106] /dev/input/event1: 0003 0030 00000451
[  247286.217106] /dev/input/event1: 0003 003a 00000081
[  247286.217106] /dev/input/event1: 0003 0035 00002203
[  247286.217106] /dev/input/event1: 0003 0036 00001655
[  247286.217106] /dev/input/event1: 0000 0000 00000000
[  247286.343071] /dev/input/event1: 0003 003a 00000000
[  247286.343071] /dev/input/event1: 0003 0039 ffffffff
[  247286.343071] /dev/input/event1: 0000 0000 00000000
[  247288.430811] /dev/input/event1: 0003 0039 00000000
[  247288.430811] /dev/input/event1: 0003 0030 00000452
[  247288.430811] /dev/input/event1: 0003 003a 00000081
[  247288.430811] /dev/input/event1: 0003 0035 00002573
[  247288.430811] /dev/input/event1: 0003 0036 00005ba9
[  247288.430811] /dev/input/event1: 0000 0000 00000000
[  247288.521684] /dev/input/event1: 0003 003a 00000000
[  247288.521684] /dev/input/event1: 0003 0039 ffffffff
[  247288.521684] /dev/input/event1: 0000 0000 00000000
[  247289.469065] /dev/input/event1: 0003 0039 00000000
[  247289.469065] /dev/input/event1: 0003 0030 00000453
[  247289.469065] /dev/input/event1: 0003 003a 00000081
[  247289.469065] /dev/input/event1: 0003 0035 00003ddd
[  247289.469065] /dev/input/event1: 0003 0036 00005b54
[  247289.469065] /dev/input/event1: 0000 0000 00000000
[  247289.579080] /dev/input/event1: 0003 003a 00000000
[  247289.579080] /dev/input/event1: 0003 0039 ffffffff
[  247289.579080] /dev/input/event1: 0000 0000 00000000
[  247290.174003] /dev/input/event1: 0003 0039 00000000
[  247290.174003] /dev/input/event1: 0003 0030 00000454
[  247290.174003] /dev/input/event1: 0003 003a 00000081
[  247290.174003] /dev/input/event1: 0003 0035 000033e8
[  247290.174003] /dev/input/event1: 0003 0036 00005b87
[  247290.174003] /dev/input/event1: 0000 0000 00000000
[  247290.251180] /dev/input/event1: 0003 003a 00000000
[  247290.251180] /dev/input/event1: 0003 0039 ffffffff
[  247290.251180] /dev/input/event1: 0000 0000 00000000
[  247291.219396] /dev/input/event1: 0003 0039 00000000
[  247291.219396] /dev/input/event1: 0003 0030 00000455
[  247291.219396] /dev/input/event1: 0003 003a 00000081
[  247291.219396] /dev/input/event1: 0003 0035 00002888
[  247291.219396] /dev/input/event1: 0003 0036 00002310
[  247291.219396] /dev/input/event1: 0000 0000 00000000
[  247291.309760] /dev/input/event1: 0003 003a 00000000
[  247291.309760] /dev/input/event1: 0003 0039 ffffffff
[  247291.309760] /dev/input/event1: 0000 0000 00000000
[  247292.738051] /dev/input/event1: 0003 0039 00000000
[  247292.738051] /dev/input/event1: 0003 0030 00000456
[  247292.738051] /dev/input/event1: 0003 003a 00000081
[  247292.738051] /dev/input/event1: 0003 0035 000032b9
[  247292.738051] /dev/input/event1: 0003 0036 00005187
[  247292.738051] /dev/input/event1: 0000 0000 00000000
[  247292.831616] /dev/input/event1: 0003 003a 00000000
[  247292.831616] /dev/input/event1: 0003 0039 ffffffff
[  247292.831616] /dev/input/event1: 0000 0000 00000000
[  247293.601524] /dev/input/event1: 0003 0039 00000000
[  247293.601524] /dev/input/event1: 0003 0030 00000457
[  247293.601524] /dev/input/event1: 0003 003a 00000081
[  247293.601524] /dev/input/event1: 0003 0035 000032d7
[  247293.601524] /dev/input/event1: 0003 0036 00006f54
[  247293.601524] /dev/input/event1: 0000 0000 00000000
[  247293.697068] /dev/input/event1: 0003 003a 00000000
[  247293.697068] /dev/input/event1: 0003 0039 ffffffff
[  247293.697068] /dev/input/event1: 0000 0000 00000000
[  247294.413685] /dev/input/event1: 0003 0039 00000000
[  247294.413685] /dev/input/event1: 0003 0030 00000458
[  247294.413685] /dev/input/event1: 0003 003a 00000081
[  247294.413685] /dev/input/event1: 0000 0000 00000000
[  247294.537127] /dev/input/event1: 0003 003a 00000000
[  247294.537127] /dev/input/event1: 0003 0039 ffffffff
[  247294.537127] /dev/input/event1: 0000 0000 00000000
[  247295.139658] /dev/input/event1: 0003 0039 00000000
[  247295.139658] /dev/input/event1: 0003 0030 00000459
[  247295.139658] /dev/input/event1: 0003 003a 00000081
[  247295.139658] /dev/input/event1: 0000 0000 00000000
[  247295.221017] /dev/input/event1: 0003 003a 00000000
[  247295.221017] /dev/input/event1: 0003 0039 ffffffff
[  247295.221017] /dev/input/event1: 0000 0000 00000000
[  247295.427422] /dev/input/event1: 0003 0039 00000000
[  247295.427422] /dev/input/event1: 0003 0030 0000045a
[  247295.427422] /dev/input/event1: 0003 003a 00000081
[  247295.427422] /dev/input/event1: 0000 0000 00000000
[  247295.539311] /dev/input/event1: 0003 003a 00000000
[  247295.539311] /dev/input/event1: 0003 0039 ffffffff
[  247295.539311] /dev/input/event1: 0000 0000 00000000
[  247297.311197] /dev/input/event1: 0003 0039 00000000
[  247297.311197] /dev/input/event1: 0003 0030 0000045b
[  247297.311197] /dev/input/event1: 0003 003a 00000081
[  247297.311197] /dev/input/event1: 0003 0035 0000397a
[  247297.311197] /dev/input/event1: 0003 0036 00003cff
[  247297.311197] /dev/input/event1: 0000 0000 00000000
[  247297.421473] /dev/input/event1: 0003 003a 00000000
[  247297.421473] /dev/input/event1: 0003 0039 ffffffff
[  247297.421473] /dev/input/event1: 0000 0000 00000000
[  247299.490353] /dev/input/event1: 0003 0039 00000000
[  247299.490353] /dev/input/event1: 0003 0030 0000045c
[  247299.490353] /dev/input/event1: 0003 003a 00000081
[  247299.490353] /dev/input/event1: 0003 0035 0000582c
[  247299.490353] /dev/input/event1: 0003 0036 000065ee
[  247299.490353] /dev/input/event1: 0000 0000 00000000
[  247299.554064] /dev/input/event1: 0003 003a 00000000
[  247299.554064] /dev/input/event1: 0003 0039 ffffffff
[  247299.554064] /dev/input/event1: 0000 0000 00000000
[  247300.517638] /dev/input/event1: 0003 0039 00000000
[  247300.517638] /dev/input/event1: 0003 0030 0000045d
[  247300.517638] /dev/input/event1: 0003 003a 00000081
[  247300.517638] /dev/input/event1: 0003 0035 00006c15
[  247300.517638] /dev/input/event1: 0003 0036 000050ee
[  247300.517638] /dev/input/event1: 0000 0000 00000000
[  247300.562063] /dev/input/event1: 0003 003a 00000000
[  247300.562063] /dev/input/event1: 0003 0039 ffffffff
[  247300.562063] /dev/input/event1: 0000 0000 00000000
[  247301.240867] /dev/input/event1: 0003 0039 00000000
[  247301.240867] /dev/input/event1: 0003 0030 0000045e
[  247301.240867] /dev/input/event1: 0003 003a 00000081
[  247301.240867] /dev/input/event1: 0003 0035 00003a30
[  247301.240867] /dev/input/event1: 0003 0036 00005110
[  247301.240867] /dev/input/event1: 0000 0000 00000000
[  247301.299940] /dev/input/event1: 0003 003a 00000000
[  247301.299940] /dev/input/event1: 0003 0039 ffffffff
[  247301.299940] /dev/input/event1: 0000 0000 00000000
[  247301.973960] /dev/input/event1: 0003 0039 00000000
[  247301.973960] /dev/input/event1: 0003 0030 0000045f
[  247301.973960] /dev/input/event1: 0003 003a 00000081
[  247301.973960] /dev/input/event1: 0003 0035 00002221
[  247301.973960] /dev/input/event1: 0003 0036 00005065
[  247301.973960] /dev/input/event1: 0000 0000 00000000
[  247302.068132] /dev/input/event1: 0003 003a 00000000
[  247302.068132] /dev/input/event1: 0003 0039 ffffffff
[  247302.068132] /dev/input/event1: 0000 0000 00000000
[  247303.297036] /dev/input/event1: 0003 0039 00000000
[  247303.297036] /dev/input/event1: 0003 0030 00000460
[  247303.297036] /dev/input/event1: 0003 003a 00000081
[  247303.297036] /dev/input/event1: 0003 0035 00006665
[  247303.297036] /dev/input/event1: 0003 0036 000032bb
[  247303.297036] /dev/input/event1: 0000 0000 00000000
[  247303.389257] /dev/input/event1: 0003 003a 00000000
[  247303.389257] /dev/input/event1: 0003 0039 ffffffff
[  247303.389257] /dev/input/event1: 0000 0000 00000000
[  247305.363556] /dev/input/event1: 0003 0039 00000000
[  247305.363556] /dev/input/event1: 0003 0030 00000461
[  247305.363556] /dev/input/event1: 0003 003a 00000081
[  247305.363556] /dev/input/event1: 0003 0035 0000314d
[  247305.363556] /dev/input/event1: 0003 0036 000047bb
[  247305.363556] /dev/input/event1: 0000 0000 00000000
[  247305.474448] /dev/input/event1: 0003 003a 00000000
[  247305.474448] /dev/input/event1: 0003 0039 ffffffff
[  247305.474448] /dev/input/event1: 0000 0000 00000000
[  247307.620963] /dev/input/event1: 0003 0039 00000000
[  247307.620963] /dev/input/event1: 0003 0030 00000462
[  247307.620963] /dev/input/event1: 0003 003a 00000081
[  247307.620963] /dev/input/event1: 0003 0035 000028e3
[  247307.620963] /dev/input/event1: 0003 0036 00003bcc
[  247307.620963] /dev/input/event1: 0000 0000 00000000
[  247307.699127] /dev/input/event1: 0003 003a 00000000
[  247307.699127] /dev/input/event1: 0003 0039 ffffffff
[  247307.699127] /dev/input/event1: 0000 0000 00000000
[  247308.927457] /dev/input/event1: 0003 0039 00000000
[  247308.927457] /dev/input/event1: 0003 0030 00000463
[  247308.927457] /dev/input/event1: 0003 003a 00000081
[  247308.927457] /dev/input/event1: 0003 0035 000054f9
[  247308.927457] /dev/input/event1: 0003 0036 00005a21
[  247308.927457] /dev/input/event1: 0000 0000 00000000
[  247309.021201] /dev/input/event1: 0003 003a 00000000
[  247309.021201] /dev/input/event1: 0003 0039 ffffffff
[  247309.021201] /dev/input/event1: 0000 0000 00000000
[  247313.497497] /dev/input/event1: 0003 0039 00000000
[  247313.497497] /dev/input/event1: 0003 0030 00000464
[  247313.497497] /dev/input/event1: 0003 003a 00000081
[  247313.497497] /dev/input/event1: 0003 0035 00007665
[  247313.497497] /dev/input/event1: 0003 0036 00000877
[  247313.497497] /dev/input/event1: 0000 0000 00000000
[  247313.605716] /dev/input/event1: 0003 003a 00000000
[  247313.605716] /dev/input/event1: 0003 0039 ffffffff
[  247313.605716] /dev/input/event1: 0000 0000 00000000
[  247315.891171] /dev/input/event1: 0003 0039 00000000
[  247315.891171] /dev/input/event1: 0003 0030 00000465
[  247315.891171] /dev/input/event1: 0003 003a 00000081
[  247315.891171] /dev/input/event1: 0003 0035 00005c16
[  247315.891171] /dev/input/event1: 0003 0036 000029cc
[  247315.891171] /dev/input/event1: 0000 0000 00000000
[  247315.985863] /dev/input/event1: 0003 003a 00000000
[  247315.985863] /dev/input/event1: 0003 0039 ffffffff
[  247315.985863] /dev/input/event1: 0000 0000 00000000
[  247318.639013] /dev/input/event1: 0003 0039 00000000
[  247318.639013] /dev/input/event1: 0003 0030 00000466
[  247318.639013] /dev/input/event1: 0003 003a 00000081
[  247318.639013] /dev/input/event1: 0003 0035 00003bbb
[  247318.639013] /dev/input/event1: 0003 0036 00004310
[  247318.639013] /dev/input/event1: 0000 0000 00000000
[  247318.733159] /dev/input/event1: 0003 003a 00000000
[  247318.733159] /dev/input/event1: 0003 0039 ffffffff
[  247318.733159] /dev/input/event1: 0000 0000 00000000
[  247320.443640] /dev/input/event1: 0003 0039 00000000
[  247320.443640] /dev/input/event1: 0003 0030 00000467
[  247320.443640] /dev/input/event1: 0003 003a 00000081
[  247320.443640] /dev/input/event1: 0003 0035 00002ddd
[  247320.443640] /dev/input/event1: 0003 0036 00001555
[  247320.443640] /dev/input/event1: 0000 0000 00000000
[  247320.569479] /dev/input/event1: 0003 003a 00000000
[  247320.569479] /dev/input/event1: 0003 0039 ffffffff
[  247320.569479] /dev/input/event1: 0000 0000 00000000
[  247322.212941] /dev/input/event1: 0003 0039 00000000
[  247322.212941] /dev/input/event1: 0003 0030 00000468
[  247322.212941] /dev/input/event1: 0003 003a 00000081
[  247322.212941] /dev/input/event1: 0003 0035 00003a6d
[  247322.212941] /dev/input/event1: 0003 0036 00004e21
[  247322.212941] /dev/input/event1: 0000 0000 00000000
[  247322.292962] /dev/input/event1: 0003 003a 00000000
[  247322.292962] /dev/input/event1: 0003 0039 ffffffff
[  247322.292962] /dev/input/event1: 0000 0000 00000000
[  247323.135298] /dev/input/event1: 0003 0039 00000000
[  247323.135298] /dev/input/event1: 0003 0030 00000469
[  247323.135298] /dev/input/event1: 0003 003a 00000081
[  247323.135298] /dev/input/event1: 0003 0035 000021c6
[  247323.135298] /dev/input/event1: 0003 0036 00004fee
[  247323.135298] /dev/input/event1: 0000 0000 00000000
[  247323.229119] /dev/input/event1: 0003 003a 00000000
[  247323.229119] /dev/input/event1: 0003 0039 ffffffff
[  247323.229119] /dev/input/event1: 0000 0000 00000000
[  247324.174289] /dev/input/event1: 0003 0039 00000000
[  247324.174289] /dev/input/event1: 0003 0030 0000046a
[  247324.174289] /dev/input/event1: 0003 003a 00000081
[  247324.174289] /dev/input/event1: 0003 0035 00001aaa
[  247324.174289] /dev/input/event1: 0003 0036 00005cbb
[  247324.174289] /dev/input/event1: 0000 0000 00000000
[  247324.285467] /dev/input/event1: 0003 003a 00000000
[  247324.285467] /dev/input/event1: 0003 0039 ffffffff
[  247324.285467] /dev/input/event1: 0000 0000 00000000
[  247325.201387] /dev/input/event1: 0003 0039 00000000
[  247325.201387] /dev/input/event1: 0003 0030 0000046b
[  247325.201387] /dev/input/event1: 0003 003a 00000081
[  247325.201387] /dev/input/event1: 0003 0035 0000397a
[  247325.201387] /dev/input/event1: 0003 0036 000050dd
[  247325.201387] /dev/input/event1: 0000 0000 00000000
[  247325.263692] /dev/input/event1: 0003 003a 00000000
[  247325.263692] /dev/input/event1: 0003 0039 ffffffff
[  247325.263692] /dev/input/event1: 0000 0000 00000000
[  247328.117371] /dev/input/event1: 0003 0039 00000000
[  247328.117371] /dev/input/event1: 0003 0030 0000046c
[  247328.117371] /dev/input/event1: 0003 003a 00000081
[  247328.117371] /dev/input/event1: 0003 0035 0000782c
[  247328.117371] /dev/input/event1: 0003 0036 000008bb
[  247328.117371] /dev/input/event1: 0000 0000 00000000
[  247328.211078] /dev/input/event1: 0003 003a 00000000
[  247328.211078] /dev/input/event1: 0003 0039 ffffffff
[  247328.211078] /dev/input/event1: 0000 0000 00000000
[  247330.632364] /dev/input/event1: 0003 0039 00000000
[  247330.632364] /dev/input/event1: 0003 0030 0000046d
[  247330.632364] /dev/input/event1: 0003 003a 00000081
[  247330.632364] /dev/input/event1: 0003 0035 00006628
[  247330.632364] /dev/input/event1: 0003 0036 00000788
[  247330.632364] /dev/input/event1: 0000 0000 00000000
[  247330.743020] /dev/input/event1: 0003 003a 00000000
[  247330.743020] /dev/input/event1: 0003 0039 ffffffff
[  247330.743020] /dev/input/event1: 0000 0000 00000000
[  247334.905805] /dev/input/event1: 0003 0039 00000000
[  247334.905805] /dev/input/event1: 0003 0030 0000046e
[  247334.905805] /dev/input/event1: 0003 003a 00000081
[  247334.905805] /dev/input/event1: 0003 0035 00004078
[  247334.905805] /dev/input/event1: 0003 0036 00004388
[  247334.905805] /dev/input/event1: 0000 0000 00000000
[  247334.983951] /dev/input/event1: 0003 003a 00000000
[  247334.983951] /dev/input/event1: 0003 0039 ffffffff
[  247334.983951] /dev/input/event1: 0000 0000 00000000
[  247336.427092] /dev/input/event1: 0003 0039 00000000
[  247336.427092] /dev/input/event1: 0003 0030 0000046f
[  247336.427092] /dev/input/event1: 0003 003a 00000081
[  247336.427092] /dev/input/event1: 0003 0035 00002221
[  247336.427092] /dev/input/event1: 0003 0036 000016aa
[  247336.427092] /dev/input/event1: 0000 0000 00000000
[  247336.553668] /dev/input/event1: 0003 003a 00000000
[  247336.553668] /dev/input/event1: 0003 0039 ffffffff
[  247336.553668] /dev/input/event1: 0000 0000 00000000
[  247338.416892] /dev/input/event1: 0003 0039 00000000
[  247338.416892] /dev/input/event1: 0003 0030 00000470
[  247338.416892] /dev/input/event1: 0003 003a 00000081
[  247338.416892] /dev/input/event1: 0003 0035 0000393e
[  247338.416892] /dev/input/event1: 0003 0036 00004fcc
[  247338.416892] /dev/input/event1: 0000 0000 00000000
[  247338.507796] /dev/input/event1: 0003 003a 00000000
[  247338.507796] /dev/input/event1: 0003 0039 ffffffff
[  247338.507796] /dev/input/event1: 0000 0000 00000000
[  247339.802128] /dev/input/event1: 0003 0039 00000000
[  247339.802128] /dev/input/event1: 0003 0030 00000471
[  247339.802128] /dev/input/event1: 0003 003a 00000081
[  247339.802128] /dev/input/event1: 0003 0035 00002203
[  247339.802128] /dev/input/event1: 0003 0036 000050bb
[  247339.802128] /dev/input/event1: 0000 0000 00000000
[  247339.893227] /dev/input/event1: 0003 003a 00000000
[  247339.893227] /dev/input/event1: 0003 0039 ffffffff
[  247339.893227] /dev/input/event1: 0000 0000 00000000
[  247341.265683] /dev/input/event1: 0003 0039 00000000
[  247341.265683] /dev/input/event1: 0003 0030 00000472
[  247341.265683] /dev/input/event1: 0003 003a 00000081
[  247341.265683] /dev/input/event1: 0003 0035 00001a31
[  247341.265683] /dev/input/event1: 0003 0036 00005b32
[  247341.265683] /dev/input/event1: 0000 0000 00000000
[  247341.359586] /dev/input/event1: 0003 003a 00000000
[  247341.359586] /dev/input/event1: 0003 0039 ffffffff
[  247341.359586] /dev/input/event1: 0000 0000 00000000
[  247342.358421] /dev/input/event1: 0003 0039 00000000
[  247342.358421] /dev/input/event1: 0003 0030 00000473
[  247342.358421] /dev/input/event1: 0003 003a 00000081
[  247342.358421] /dev/input/event1: 0003 0035 000039f4
[  247342.358421] /dev/input/event1: 0003 0036 000051aa
[  247342.358421] /dev/input/event1: 0000 0000 00000000
[  247342.481433] /dev/input/event1: 0003 003a 00000000
[  247342.481433] /dev/input/event1: 0003 0039 ffffffff
[  247342.481433] /dev/input/event1: 0000 0000 00000000
[  247343.853653] /dev/input/event1: 0003 0039 00000000
[  247343.853653] /dev/input/event1: 0003 0030 00000474
[  247343.853653] /dev/input/event1: 0003 003a 00000081
[  247343.853653] /dev/input/event1: 0003 0035 00002ae7
[  247343.853653] /dev/input/event1: 0003 0036 00002221
[  247343.853653] /dev/input/event1: 0000 0000 00000000
[  247343.931057] /dev/input/event1: 0003 003a 00000000
[  247343.931057] /dev/input/event1: 0003 0039 ffffffff
[  247343.931057] /dev/input/event1: 0000 0000 00000000
[  247345.159552] /dev/input/event1: 0003 0039 00000000
[  247345.159552] /dev/input/event1: 0003 0030 00000475
[  247345.159552] /dev/input/event1: 0003 003a 00000081
[  247345.159552] /dev/input/event1: 0003 0035 0000149f
[  247345.159552] /dev/input/event1: 0003 0036 00005998
[  247345.159552] /dev/input/event1: 0000 0000 00000000
[  247345.269218] /dev/input/event1: 0003 003a 00000000
[  247345.269218] /dev/input/event1: 0003 0039 ffffffff
[  247345.269218] /dev/input/event1: 0000 0000 00000000
[  247346.385166] /dev/input/event1: 0003 0039 00000000
[  247346.385166] /dev/input/event1: 0003 0030 00000476
[  247346.385166] /dev/input/event1: 0003 003a 00000081
[  247346.385166] /dev/input/event1: 0003 0035 00003240
[  247346.385166] /dev/input/event1: 0003 0036 00005b21
[  247346.385166] /dev/input/event1: 0000 0000 00000000
[  247346.527009] /dev/input/event1: 0003 003a 00000000
[  247346.527009] /dev/input/event1: 0003 0039 ffffffff
[  247346.527009] /dev/input/event1: 0000 0000 00000000
[  247347.467076] /dev/input/event1: 0003 0039 00000000
[  247347.467076] /dev/input/event1: 0003 0030 00000477
[  247347.467076] /dev/input/event1: 0003 003a 00000081
[  247347.467076] /dev/input/event1: 0003 0035 00005350
[  247347.467076] /dev/input/event1: 0003 0036 00005b54
[  247347.467076] /dev/input/event1: 0000 0000 00000000
[  247347.560173] /dev/input/event1: 0003 003a 00000000
[  247347.560173] /dev/input/event1: 0003 0039 ffffffff
[  247347.560173] /dev/input/event1: 0000 0000 00000000
[  247348.760445] /dev/input/event1: 0003 0039 00000000
[  247348.760445] /dev/input/event1: 0003 0030 00000478
[  247348.760445] /dev/input/event1: 0003 003a 00000081
[  247348.760445] /dev/input/event1: 0003 0035 0000382d
[  247348.760445] /dev/input/event1: 0003 0036 00003dee
[  247348.760445] /dev/input/event1: 0000 0000 00000000
[  247348.865121] /dev/input/event1: 0003 003a 00000000
[  247348.865121] /dev/input/event1: 0003 0039 ffffffff
[  247348.865121] /dev/input/event1: 0000 0000 00000000
[  247352.809468] /dev/input/event1: 0003 0039 00000000
[  247352.809468] /dev/input/event1: 0003 0030 00000479
[  247352.809468] /dev/input/event1: 0003 003a 00000081
[  247352.809468] /dev/input/event1: 0003 0035 00007517
[  247352.809468] /dev/input/event1: 0003 0036 000008bb
[  247352.809468] /dev/input/event1: 0000 0000 00000000
[  247352.919128] /dev/input/event1: 0003 003a 00000000
[  247352.919128] /dev/input/event1: 0003 0039 ffffffff
[  247352.919128] /dev/input/event1: 0000 0000 00000000
[  247355.101611] /dev/input/event1: 0003 0039 00000000
[  247355.101611] /dev/input/event1: 0003 0030 0000047a
[  247355.101611] /dev/input/event1: 0003 003a 00000081
[  247355.101611] /dev/input/event1: 0003 0035 00003758
[  247355.101611] /dev/input/event1: 0003 0036 00001633
[  247355.101611] /dev/input/event1: 0000 0000 00000000
[  247356.605276] /dev/input/event1: 0003 003a 00000000
[  247356.605276] /dev/input/event1: 0003 0039 ffffffff
[  247356.605276] /dev/input/event1: 0000 0000 00000000
[  247359.219307] /dev/input/event1: 0003 0039 00000000
[  247359.219307] /dev/input/event1: 0003 0030 0000047b
[  247359.219307] /dev/input/event1: 0003 003a 00000081
[  247359.219307] /dev/input/event1: 0003 0035 00006794
[  247359.219307] /dev/input/event1: 0003 0036 000009bb
[  247359.219307] /dev/input/event1: 0000 0000 00000000
[  247359.313139] /dev/input/event1: 0003 003a 00000000
[  247359.313139] /dev/input/event1: 0003 0039 ffffffff
[  247359.313139] /dev/input/event1: 0000 0000 00000000
[  247361.197633] /dev/input/event1: 0003 0039 00000000
[  247361.197633] /dev/input/event1: 0003 0030 0000047c
[  247361.197633] /dev/input/event1: 0003 003a 00000081
[  247361.197633] /dev/input/event1: 0003 0035 000008c5
[  247361.197633] /dev/input/event1: 0003 0036 00001566
[  247361.197633] /dev/input/event1: 0000 0000 00000000
[  247361.276131] /dev/input/event1: 0003 003a 00000000
[  247361.276131] /dev/input/event1: 0003 0039 ffffffff
[  247361.276131] /dev/input/event1: 0000 0000 00000000
[  247364.534783] /dev/input/event1: 0003 0039 00000000
[  247364.534783] /dev/input/event1: 0003 0030 0000047d
[  247364.534783] /dev/input/event1: 0003 003a 00000081
[  247364.534783] /dev/input/event1: 0003 0035 00007794
[  247364.534783] /dev/input/event1: 0003 0036 00000822
[  247364.534783] /dev/input/event1: 0000 0000 00000000
[  247364.624909] /dev/input/event1: 0003 003a 00000000
[  247364.624909] /dev/input/event1: 0003 0039 ffffffff
[  247364.624909] /dev/input/event1: 0000 0000 00000000
[  247367.313751] /dev/input/event1: 0003 0039 00000000
[  247367.313751] /dev/input/event1: 0003 0030 0000047e
[  247367.313751] /dev/input/event1: 0003 003a 00000081
[  247367.313751] /dev/input/event1: 0003 0035 0000027d
[  247367.313751] /dev/input/event1: 0003 0036 000008aa
[  247367.313751] /dev/input/event1: 0000 0000 00000000
[  247367.453076] /dev/input/event1: 0003 003a 00000000
[  247367.453076] /dev/input/event1: 0003 0039 ffffffff
[  247367.453076] /dev/input/event1: 0000 0000 00000000
[  247370.478478] /dev/input/event1: 0003 0039 00000000
[  247370.478478] /dev/input/event1: 0003 0030 0000047f
[  247370.478478] /dev/input/event1: 0003 003a 00000081
[  247370.478478] /dev/input/event1: 0003 0035 000063ab
[  247370.478478] /dev/input/event1: 0003 0036 00000855
[  247370.478478] /dev/input/event1: 0000 0000 00000000
[  247370.569841] /dev/input/event1: 0003 003a 00000000
[  247370.569841] /dev/input/event1: 0003 0039 ffffffff
[  247370.569841] /dev/input/event1: 0000 0000 00000000
[  247374.459569] /dev/input/event1: 0003 0039 00000000
[  247374.459569] /dev/input/event1: 0003 0030 00000480
[  247374.459569] /dev/input/event1: 0003 003a 00000081
[  247374.459569] /dev/input/event1: 0003 0035 000032b9
[  247374.459569] /dev/input/event1: 0003 0036 00004f65
[  247374.459569] /dev/input/event1: 0000 0000 00000000
[  247374.567041] /dev/input/event1: 0003 003a 00000000
[  247374.567041] /dev/input/event1: 0003 0039 ffffffff
[  247374.567041] /dev/input/event1: 0000 0000 00000000
[  247375.104325] /dev/input/event1: 0003 0039 00000000
[  247375.104325] /dev/input/event1: 0003 0030 00000481
[  247375.104325] /dev/input/event1: 0003 003a 00000081
[  247375.104325] /dev/input/event1: 0000 0000 00000000
[  247375.166995] /dev/input/event1: 0003 003a 00000000
[  247375.166995] /dev/input/event1: 0003 0039 ffffffff
[  247375.166995] /dev/input/event1: 0000 0000 00000000
[  247376.171064] /dev/input/event1: 0003 0039 00000000
[  247376.171064] /dev/input/event1: 0003 0030 00000482
[  247376.171064] /dev/input/event1: 0003 003a 00000081
[  247376.171064] /dev/input/event1: 0003 0035 00002b42
[  247376.171064] /dev/input/event1: 0003 0036 00002bbb
[  247376.171064] /dev/input/event1: 0000 0000 00000000
[  247376.281870] /dev/input/event1: 0003 003a 00000000
[  247376.281870] /dev/input/event1: 0003 0039 ffffffff
[  247376.281870] /dev/input/event1: 0000 0000 00000000
[  247379.720849] /dev/input/event1: 0003 0039 00000000
[  247379.720849] /dev/input/event1: 0003 0030 00000483
[  247379.720849] /dev/input/event1: 0003 003a 00000081
[  247379.720849] /dev/input/event1: 0003 0035 000015b0
[  247379.720849] /dev/input/event1: 0003 0036 00006bff
[  247379.720849] /dev/input/event1: 0000 0000 00000000
[  247379.864001] /dev/input/event1: 0003 003a 00000000
[  247379.864001] /dev/input/event1: 0003 0039 ffffffff
[  247379.864001] /dev/input/event1: 0000 0000 00000000
[  247381.082653] /dev/input/event1: 0003 0039 00000000
[  247381.082653] /dev/input/event1: 0003 0030 00000484
[  247381.082653] /dev/input/event1: 0003 003a 00000081
[  247381.082653] /dev/input/event1: 0003 0035 00005350
[  247381.082653] /dev/input/event1: 0003 0036 000034dd
[  247381.082653] /dev/input/event1: 0000 0000 00000000
[  247381.191433] /dev/input/event1: 0003 003a 00000000
[  247381.191433] /dev/input/event1: 0003 0039 ffffffff
[  247381.191433] /dev/input/event1: 0000 0000 00000000
[  247384.087969] /dev/input/event1: 0003 0039 00000000
[  247384.087969] /dev/input/event1: 0003 0030 00000485
[  247384.087969] /dev/input/event1: 0003 003a 00000081
[  247384.087969] /dev/input/event1: 0003 0035 000075cd
[  247384.087969] /dev/input/event1: 0003 0036 000007bb
[  247384.087969] /dev/input/event1: 0000 0000 00000000
[  247384.197804] /dev/input/event1: 0003 003a 00000000
[  247384.197804] /dev/input/event1: 0003 0039 ffffffff
[  247384.197804] /dev/input/event1: 0000 0000 00000000
[  247385.611453] /dev/input/event1: 0003 0039 00000000
[  247385.611453] /dev/input/event1: 0003 0030 00000486
[  247385.611453] /dev/input/event1: 0003 003a 00000081
[  247385.611453] /dev/input/event1: 0003 0035 0000580e
[  247385.611453] /dev/input/event1: 0003 0036 00001155
[  247385.611453] /dev/input/event1: 0000 0000 00000000
[  247385.704492] /dev/input/event1: 0003 003a 00000000
[  247385.704492] /dev/input/event1: 0003 0039 ffffffff
[  247385.704492] /dev/input/event1: 0000 0000 00000000
[  247388.762144] /dev/input/event1: 0003 0039 00000000
[  247388.762144] /dev/input/event1: 0003 0030 00000487
[  247388.762144] /dev/input/event1: 0003 003a 00000081
[  247388.762144] /dev/input/event1: 0003 0035 000027d2
[  247388.762144] /dev/input/event1: 0003 0036 00003f21
[  247388.762144] /dev/input/event1: 0000 0000 00000000
[  247388.835045] /dev/input/event1: 0003 003a 00000000
[  247388.835045] /dev/input/event1: 0003 0039 ffffffff
[  247388.835045] /dev/input/event1: 0000 0000 00000000
[  247390.548736] /dev/input/event1: 0003 0039 00000000
[  247390.548736] /dev/input/event1: 0003 0030 00000488
[  247390.548736] /dev/input/event1: 0003 003a 00000081
[  247390.548736] /dev/input/event1: 0003 0035 0000260b
[  247390.548736] /dev/input/event1: 0003 0036 00004e10
[  247390.548736] /dev/input/event1: 0000 0000 00000000
[  247390.655329] /dev/input/event1: 0003 003a 00000000
[  247390.655329] /dev/input/event1: 0003 0039 ffffffff
[  247390.655329] /dev/input/event1: 0000 0000 00000000
[  247392.347721] /dev/input/event1: 0003 0039 00000000
[  247392.347721] /dev/input/event1: 0003 0030 00000489
[  247392.347721] /dev/input/event1: 0003 003a 00000081
[  247392.347721] /dev/input/event1: 0003 0035 00005443
[  247392.347721] /dev/input/event1: 0003 0036 00005bcc
[  247392.347721] /dev/input/event1: 0000 0000 00000000
[  247392.408967] /dev/input/event1: 0003 003a 00000000
[  247392.408967] /dev/input/event1: 0003 0039 ffffffff
[  247392.408967] /dev/input/event1: 0000 0000 00000000
[  247396.413241] /dev/input/event1: 0003 0039 00000000
[  247396.413241] /dev/input/event1: 0003 0030 0000048a
[  247396.413241] /dev/input/event1: 0003 003a 00000081
[  247396.413241] /dev/input/event1: 0003 0035 00002a4f
[  247396.413241] /dev/input/event1: 0003 0036 00005754
[  247396.413241] /dev/input/event1: 0000 0000 00000000
[  247396.505318] /dev/input/event1: 0003 003a 00000000
[  247396.505318] /dev/input/event1: 0003 0039 ffffffff
[  247396.505318] /dev/input/event1: 0000 0000 00000000
[  247398.919418] /dev/input/event1: 0003 0039 00000000
[  247398.919418] /dev/input/event1: 0003 0030 0000048b
[  247398.919418] /dev/input/event1: 0003 003a 00000081
[  247398.919418] /dev/input/event1: 0003 0035 00005887
[  247398.919418] /dev/input/event1: 0003 0036 00004add
[  247398.919418] /dev/input/event1: 0000 0000 00000000
[  247399.043300] /dev/input/event1: 0003 003a 00000000
[  247399.043300] /dev/input/event1: 0003 0039 ffffffff
[  247399.043300] /dev/input/event1: 0000 0000 00000000
[  247403.519585] /dev/input/event1: 0003 0039 00000000
[  247403.519585] /dev/input/event1: 0003 0030 0000048c
[  247403.519585] /dev/input/event1: 0003 003a 00000081
[  247403.519585] /dev/input/event1: 0003 0035 000075af
[  247403.519585] /dev/input/event1: 0003 0036 00000722
[  247403.519585] /dev/input/event1: 0000 0000 00000000
[  247403.628841] /dev/input/event1: 0003 003a 00000000
[  247403.628841] /dev/input/event1: 0003 0039 ffffffff
[  247403.628841] /dev/input/event1: 0000 0000 00000000
[  247406.113222] /dev/input/event1: 00