add device 1: /dev/input/event0
  name:     "Power Button"
add device 2: /dev/input/event1
  name:     "qwerty2"
[    3029.752255] /dev/input/event1: 0003 0039 00000000
[    3029.752255] /dev/input/event1: 0003 0030 000000fa
[    3029.752255] /dev/input/event1: 0003 003a 00000081
[    3029.752255] /dev/input/event1: 0003 0035 00006b7e
[    3029.752255] /dev/input/event1: 0003 0036 00006fba
[    3029.752255] /dev/input/event1: 0000 0000 00000000
[    3029.840789] /dev/input/event1: 0003 003a 00000000
[    3029.840789] /dev/input/event1: 0003 0039 ffffffff
[    3029.840789] /dev/input/event1: 0000 0000 00000000
[    3033.337801] /dev/input/event1: 0003 0039 00000000
[    3033.337801] /dev/input/event1: 0003 0030 000000fb
[    3033.337801] /dev/input/event1: 0003 003a 00000081
[    3033.337801] /dev/input/event1: 0003 0035 000078e2
[    3033.337801] /dev/input/event1: 0003 0036 00000811
[    3033.337801] /dev/input/event1: 0000 0000 00000000
[    3033.436066] /dev/input/event1: 0003 003a 00000000
[    3033.436066] /dev/input/event1: 0003 0039 ffffffff
[    3033.436066] /dev/input/event1: 0000 0000 00000000
[    3036.049753] /dev/input/event1: 0003 0039 00000000
[    3036.049753] /dev/input/event1: 0003 0030 000000fc
[    3036.049753] /dev/input/event1: 0003 003a 00000081
[    3036.049753] /dev/input/event1: 0003 0035 00004ccc
[    3036.049753] /dev/input/event1: 0003 0036 00001966
[    3036.049753] /dev/input/event1: 0000 0000 00000000
[    3036.171975] /dev/input/event1: 0003 003a 00000000
[    3036.171975] /dev/input/event1: 0003 0039 ffffffff
[    3036.171975] /dev/input/event1: 0000 0000 00000000
[    3039.367402] /dev/input/event1: 0003 0039 00000000
[    3039.367402] /dev/input/event1: 0003 0030 000000fd
[    3039.367402] /dev/input/event1: 0003 003a 00000081
[    3039.367402] /dev/input/event1: 0003 0035 0000301d
[    3039.367402] /dev/input/event1: 0003 0036 000028cc
[    3039.367402] /dev/input/event1: 0000 0000 00000000
[    3039.468040] /dev/input/event1: 0003 003a 00000000
[    3039.468040] /dev/input/event1: 0003 0039 ffffffff
[    3039.468040] /dev/input/event1: 0000 0000 00000000
[    3042.763550] /dev/input/event1: 0003 0039 00000000
[    3042.763550] /dev/input/event1: 0003 0030 000000fe
[    3042.763550] /dev/input/event1: 0003 003a 00000081
[    3042.763550] /dev/input/event1: 0003 0035 0000227c
[    3042.763550] /dev/input/event1: 0003 0036 000052bb
[    3042.763550] /dev/input/event1: 0000 0000 00000000
[    3042.886903] /dev/input/event1: 0003 003a 00000000
[    3042.886903] /dev/input/event1: 0003 0039 ffffffff
[    3042.886903] /dev/input/event1: 0000 0000 00000000
[    3045.847432] /dev/input/event1: 0003 0039 00000000
[    3045.847432] /dev/input/event1: 0003 0030 000000ff
[    3045.847432] /dev/input/event1: 0003 003a 00000081
[    3045.847432] /dev/input/event1: 0003 0035 00004a8b
[    3045.847432] /dev/input/event1: 0003 0036 00003732
[    3045.847432] /dev/input/event1: 0000 0000 00000000
[    3045.956076] /dev/input/event1: 0003 003a 00000000
[    3045.956076] /dev/input/event1: 0003 0039 ffffffff
[    3045.956076] /dev/input/event1: 0000 0000 00000000
[    3047.645752] /dev/input/event1: 0003 0039 00000000
[    3047.645752] /dev/input/event1: 0003 0030 00000100
[    3047.645752] /dev/input/event1: 0003 003a 00000081
[    3047.645752] /dev/input/event1: 0003 0035 00005d63
[    3047.645752] /dev/input/event1: 0003 0036 00006332
[    3047.645752] /dev/input/event1: 0000 0000 00000000
[    3047.776063] /dev/input/event1: 0003 003a 00000000
[    3047.776063] /dev/input/event1: 0003 0039 ffffffff
[    3047.776063] /dev/input/event1: 0000 0000 00000000
[    3050.089202] /dev/input/event1: 0003 0039 00000000
[    3050.089202] /dev/input/event1: 0003 0030 00000101
[    3050.089202] /dev/input/event1: 0003 003a 00000081
[    3050.089202] /dev/input/event1: 0003 0035 000033e8
[    3050.089202] /dev/input/event1: 0003 0036 000045ff
[    3050.089202] /dev/input/event1: 0000 0000 00000000
[    3050.210600] /dev/input/event1: 0003 003a 00000000
[    3050.210600] /dev/input/event1: 0003 0039 ffffffff
[    30