add device 1: /dev/input/event0
  name:     "Power Button"
add device 2: /dev/input/event1
  name:     "qwerty2"
[    2827.486733] /dev/input/event1: 0003 0039 00000000
[    2827.486733] /dev/input/event1: 0003 0030 000000e6
[    2827.486733] /dev/input/event1: 0003 003a 00000081
[    2827.486733] /dev/input/event1: 0003 0035 0000695c
[    2827.486733] /dev/input/event1: 0003 0036 00006fba
[    2827.486733] /dev/input/event1: 0000 0000 00000000
[    2827.563352] /dev/input/event1: 0003 003a 00000000
[    2827.563352] /dev/input/event1: 0003 0039 ffffffff
[    2827.563352] /dev/input/event1: 0000 0000 00000000
[    2830.965149] /dev/input/event1: 0003 0039 00000000
[    2830.965149] /dev/input/event1: 0003 0030 000000e7
[    2830.965149] /dev/input/event1: 0003 003a 00000081
[    2830.965149] /dev/input/event1: 0003 0035 00007887
[    2830.965149] /dev/input/event1: 0003 0036 000008bb
[    2830.965149] /dev/input/event1: 0000 0000 00000000
[    2831.103586] /dev/input/event1: 0003 003a 00000000
[    2831.103586] /dev/input/event1: 0003 0039 ffffffff
[    2831.103586] /dev/input/event1: 0000 0000 00000000
[    2834.739225] /dev/input/event1: 0003 0039 00000000
[    2834.739225] /dev/input/event1: 0003 0030 000000e8
[    2834.739225] /dev/input/event1: 0003 003a 00000081
[    2834.739225] /dev/input/event1: 0003 0035 000055af
[    2834.739225] /dev/input/event1: 0003 0036 00000888
[    2834.739225] /dev/input/event1: 0000 0000 00000000
[    2834.848297] /dev/input/event1: 0003 003a 00000000
[    2834.848297] /dev/input/event1: 0003 0039 ffffffff
[    2834.848297] /dev/input/event1: 0000 0000 00000000
[    2837.618551] /dev/input/event1: 0003 0039 00000000
[    2837.618551] /dev/input/event1: 0003 0030 000000e9
[    2837.618551] /dev/input/event1: 0003 003a 00000081
[    2837.618551] /dev/input/event1: 0003 0035 00002e56
[    2837.618551] /dev/input/event1: 0003 0036 00003c65
[    2837.618551] /dev/input/event1: 0000 0000 00000000
[    2837.732962] /dev/input/event1: 0003 003a 00000000
[    2837.732962] /dev/input/event1: 0003 0039 ffffffff
[    2837.732962] /dev/input/event1: 0000 0000 00000000
[    2839.717389] /dev/input/event1: 0003 0039 00000000
[    2839.717389] /dev/input/event1: 0003 0030 000000ea
[    2839.717389] /dev/input/event1: 0003 003a 00000081
[    2839.717389] /dev/input/event1: 0003 0035 0000391f
[    2839.717389] /dev/input/event1: 0003 0036 00004fff
[    2839.717389] /dev/input/event1: 0000 0000 00000000
[    2839.826389] /dev/input/event1: 0003 003a 00000000
[    2839.826389] /dev/input/event1: 0003 0039 ffffffff
[    2839.826389] /dev/input/event1: 0000 0000 00000000
[    2841.399835] /dev/input/event1: 0003 0039 00000000
[    2841.399835] /dev/input/event1: 0003 0030 000000eb
[    2841.399835] /dev/input/event1: 0003 003a 00000081
[    2841.399835] /dev/input/event1: 0003 0035 00000c35
[    2841.399835] /dev/input/event1: 0003 0036 00005c54
[    2841.399835] /dev/input/event1: 0000 0000 00000000
[    2841.492150] /dev/input/event1: 0003 003a 00000000
[    2841.492150] /dev/input/event1: 0003 0039 ffffffff
[    2841.492150] /dev/input/event1: 0000 0000 00000000
[    2842.965531] /dev/input/event1: 0003 0039 00000000
[    2842.965531] /dev/input/event1: 0003 0030 000000ec
[    2842.965531] /dev/input/event1: 0003 003a 00000081
[    2842.965531] /dev/input/event1: 0003 0035 000019f4
[    2842.965531] /dev/input/event1: 0003 0036 00005b43
[    2842.965531] /dev/input/event1: 0000 0000 00000000
[    2843.087686] /dev/input/event1: 0003 003a 00000000
[    2843.087686] /dev/input/event1: 0003 0039 ffffffff
[    2843.087686] /dev/input/event1: 0000 0000 00000000
[    2844.577707] /dev/input/event1: 0003 0039 00000000
[    2844.577707] /dev/input/event1: 0003 0030 000000ed
[    2844.577707] /dev/input/event1: 0003 003a 00000081
[    2844.577707] /dev/input/event1: 0003 0035 000065ec
[    2844.577707] /dev/input/event1: 0003 0036 00005ba9
[    2844.577707] /dev/input/event1: 0000 0000 00000000
[    2844.677255] /dev/input/event1: 0003 003a 00000000
[    2844.677255] /dev/input/event1: 0003 0039 ffffffff
[    28