add device 1: /dev/input/event0
  name:     "Power Button"
add device 2: /dev/input/event1
  name:     "qwerty2"
[    6886.959836] /dev/input/event1: 0003 0039 00000000
[    6886.959836] /dev/input/event1: 0003 0030 0000013a
[    6886.959836] /dev/input/event1: 0003 003a 00000081
[    6886.959836] /dev/input/event1: 0003 0035 000068e2
[    6886.959836] /dev/input/event1: 0003 0036 00006f76
[    6886.959836] /dev/input/event1: 0000 0000 00000000
[    6887.054707] /dev/input/event1: 0003 003a 00000000
[    6887.054707] /dev/input/event1: 0003 0039 ffffffff
[    6887.054707] /dev/input/event1: 0000 0000 00000000
[    6889.823842] /dev/input/event1: 0003 0039 00000000
[    6889.823842] /dev/input/event1: 0003 0030 0000013b
[    6889.823842] /dev/input/event1: 0003 003a 00000081
[    6889.823842] /dev/input/event1: 0003 0035 00007887
[    6889.823842] /dev/input/event1: 0003 0036 00000811
[    6889.823842] /dev/input/event1: 0000 0000 00000000
[    6889.930185] /dev/input/event1: 0003 003a 00000000
[    6889.930185] /dev/input/event1: 0003 0039 ffffffff
[    6889.930185] /dev/input/event1: 0000 0000 00000000
[    6892.955786] /dev/input/event1: 0003 0039 00000000
[    6892.955786] /dev/input/event1: 0003 0030 0000013c
[    6892.955786] /dev/input/event1: 0003 003a 00000081
[    6892.955786] /dev/input/event1: 0003 0035 00004e93
[    6892.955786] /dev/input/event1: 0003 0036 000018cc
[    6892.955786] /dev/input/event1: 0000 0000 00000000
[    6893.094143] /dev/input/event1: 0003 003a 00000000
[    6893.094143] /dev/input/event1: 0003 0039 ffffffff
[    6893.094143] /dev/input/event1: 0000 0000 00000000
[    6896.795619] /dev/input/event1: 0003 0039 00000000
[    6896.795619] /dev/input/event1: 0003 0030 0000013d
[    6896.795619] /dev/input/event1: 0003 003a 00000081
[    6896.795619] /dev/input/event1: 0003 0035 00002ccc
[    6896.795619] /dev/input/event1: 0003 0036 00003910
[    6896.795619] /dev/input/event1: 0000 0000 00000000
[    6896.925907] /dev/input/event1: 0003 003a 00000000
[    6896.925907] /dev/input/event1: 0003 0039 ffffffff
[    6896.925907] /dev/input/event1: 0000 0000 00000000
[    6900.261391] /dev/input/event1: 0003 0039 00000000
[    6900.261391] /dev/input/event1: 0003 0030 0000013e
[    6900.261391] /dev/input/event1: 0003 003a 00000081
[    6900.261391] /dev/input/event1: 0003 0035 00006ac8
[    6900.261391] /dev/input/event1: 0003 0036 000046dd
[    6900.261391] /dev/input/event1: 0000 0000 00000000
[    6900.399946] /dev/input/event1: 0003 003a 00000000
[    6900.399946] /dev/input/event1: 0003 0039 ffffffff
[    6900.399946] /dev/input/event1: 0000 0000 00000000
[    6901.797180] /dev/input/event1: 0003 0039 00000000
[    6901.797180] /dev/input/event1: 0003 0030 0000013f
[    6901.797180] /dev/input/event1: 0003 003a 00000081
[    6901.797180] /dev/input/event1: 0003 0035 00003a30
[    6901.797180] /dev/input/event1: 0003 0036 00005b43
[    6901.797180] /dev/input/event1: 0000 0000 00000000
[    6901.920405] /dev/input/event1: 0003 0035 00003a8b
[    6901.920405] /dev/input/event1: 0000 0000 00000000
[    6901.933437] /dev/input/event1: 0003 0036 00005b10
[    6901.933437] /dev/input/event1: 0000 0000 00000000
[    6901.941413] /dev/input/event1: 0003 0036 00005aa9
[    6901.941413] /dev/input/event1: 0000 0000 00000000
[    6901.949806] /dev/input/event1: 0003 0036 00005a43
[    6901.949806] /dev/input/event1: 0000 0000 00000000
[    6901.958261] /dev/input/event1: 0003 0035 00003a30
[    6901.958261] /dev/input/event1: 0003 0036 000059cc
[    6901.958261] /dev/input/event1: 0000 0000 00000000
[    6901.967535] /dev/input/event1: 0003 0036 00005965
[    6901.967535] /dev/input/event1: 0000 0000 00000000
[    6901.973353] /dev/input/event1: 0003 0036 000058ff
[    6901.973353] /dev/input/event1: 0000 0000 00000000
[    6901.981826] /dev/input/event1: 0003 0036 00005854
[    6901.981826] /dev/input/event1: 0000 0000 00000000
[    6901.991007] /dev/input/event1: 0003 0036 000057bb
[    6901.991007] /dev/input/event1: 0000 0000 00000000
[    6901.995855] /dev/input/event1: 0003 0036 00005721
[    6901.995855] /dev/input/event1: 0000 0000 00000000
[    6902.003646] /dev/input/event1: 0003 0036 00005676
[    6902.003646] /dev/input/event1: 0000 0000 00000000
[    6902.011422] /dev/input/event1: 0003 0036 000055dd
[    6902.011422] /dev/input/event1: 0000 0000 00000000
[    6902.021746] /dev/input/event1: 0003 0036 00005532
[    6902.021746] /dev/input/event1: 0000 0000 00000000
[    6902.027480] /dev/input/event1: 0003 0036 00005498
[    6902.027480] /dev/input/event1: 0000 0000 00000000
[    6902.036336] /dev/input/event1: 0003 0036 000053cc
[    6902.036336] /dev/input/event1: 0000 0000 00000000
[    6902.043654] /dev/input/event1: 0003 0036 000052bb
[    6902.043654] /dev/input/event1: 0000 0000 00000000
[    6902.049666] /dev/input/event1: 0003 0036 000051aa
[    6902.049666] /dev/input/event1: 0000 0000 00000000
[    6902.060950] /dev/input/event1: 0003 0035 000039d5
[    6902.060950] /dev/input/event1: 0003 0036 00005032
[    6902.060950] /dev/input/event1: 0000 0000 00000000
[    6902.065737] /dev/input/event1: 0003 0035 0000397a
[    6902.065737] /dev/input/event1: 0003 0036 00004eff
[    6902.065737] /dev/input/event1: 0000 0000 00000000
[    6902.073933] /dev/input/event1: 0003 0036 00004dee
[    6902.073933] /dev/input/event1: 0000 0000 00000000
[    6902.081720] /dev/input/event1: 0003 0035 0000391f
[    6902.081720] /dev/input/event1: 0003 0036 00004cdd
[    6902.081720] /dev/input/event1: 0000 0000 00000000
[    6902.089530] /dev/input/event1: 0003 0036 00004c10
[    6902.089530] /dev/input/event1: 0000 0000 00000000
[    6902.097573] /dev/input/event1: 0003 0035 000038a6
[    6902.097573] /dev/input/event1: 0003 0036 00004b65
[    6902.097573] /dev/input/event1: 0000 0000 00000000
[    6902.107381] /dev/input/event1: 0003 0036 00004acc
[    6902.107381] /dev/input/event1: 0000 0000 00000000
[    6902.111885] /dev/input/event1: 0003 0036 00004a32
[    6902.111885] /dev/input/event1: 0000 0000 00000000
[    6902.120237] /dev/input/event1: 0003 0036 00004921
[    6902.120237] /dev/input/event1: 0000 0000 00000000
[    6902.128183] /dev/input/event1: 0003 0036 00004854
[    6902.128183] /dev/input/event1: 0000 0000 00000000
[    6902.137195] /dev/input/event1: 0003 0036 00004776
[    6902.137195] /dev/input/event1: 0000 0000 00000000
[    6902.144200] /dev/input/event1: 0003 0036 00004632
[    6902.144200] /dev/input/event1: 0000 0000 00000000
[    6902.151797] /dev/input/event1: 0003 0036 00004487
[    6902.151797] /dev/input/event1: 0000 0000 00000000
[    6902.159493] /dev/input/event1: 0003 0036 00004310
[    6902.159493] /dev/input/event1: 0000 0000 00000000
[    6902.168097] /dev/input/event1: 0003 0036 00004210
[    6902.168097] /dev/input/event1: 0000 0000 00000000
[    6902.173482] /dev/input/event1: 0003 0036 000040cc
[    6902.173482] /dev/input/event1: 0000 0000 00000000
[    6902.182286] /dev/input/event1: 0003 0036 00003fbb
[    6902.182286] /dev/input/event1: 0000 0000 00000000
[    6902.189974] /dev/input/event1: 0003 0036 00003eee
[    6902.189974] /dev/input/event1: 0000 0000 00000000
[    6902.197515] /dev/input/event1: 0003 0036 00003e10
[    6902.197515] /dev/input/event1: 0000 0000 00000000
[    6902.206873] /dev/input/event1: 0003 0036 00003d76
[    6902.206873] /dev/input/event1: 0000 0000 00000000
[    6902.214109] /dev/input/event1: 0003 0036 00003c99
[    6902.214109] /dev/input/event1: 0000 0000 00000000
[    6902.221817] /dev/input/event1: 0003 0036 00003b65
[    6902.221817] /dev/input/event1: 0000 0000 00000000
[    6902.230423] /dev/input/event1: 0003 0036 00003a54
[    6902.230423] /dev/input/event1: 0000 0000 00000000
[    6902.235814] /dev/input/event1: 0003 0035 0000384b
[    6902.235814] /dev/input/event1: 0003 0036 00003910
[    6902.235814] /dev/input/event1: 0000 0000 00000000
[    6902.247017] /dev/input/event1: 0003 0036 00003765
[    6902.247017] /dev/input/event1: 0000 0000 00000000
[    6902.251555] /dev/input/event1: 0003 0036 000035ee
[    6902.251555] /dev/input/event1: 0000 0000 00000000
[    6902.259756] /dev/input/event1: 0003 0035 000038a6
[    6902.25975