add device 1: /dev/input/event0
  name:     "Power Button"
add device 2: /dev/input/event1
  name:     "qwerty2"
[  245362.772480] /dev/input/event1: 0003 0039 00000000
[  245362.772480] /dev/input/event1: 0003 0030 00000285
[  245362.772480] /dev/input/event1: 0003 003a 00000081
[  245362.772480] /dev/input/event1: 0003 0035 00007887
[  245362.772480] /dev/input/event1: 0003 0036 00000a33
[  245362.772480] /dev/input/event1: 0000 0000 00000000
[  245362.823074] /dev/input/event1: 0003 003a 00000000
[  245362.823074] /dev/input/event1: 0003 0039 ffffffff
[  245362.823074] /dev/input/event1: 0000 0000 00000000
[  245364.339794] /dev/input/event1: 0003 0039 00000000
[  245364.339794] /dev/input/event1: 0003 0030 00000286
[  245364.339794] /dev/input/event1: 0003 003a 00000081
[  245364.339794] /dev/input/event1: 0003 0035 0000616b
[  245364.339794] /dev/input/event1: 0003 0036 000009bb
[  245364.339794] /dev/input/event1: 0000 0000 00000000
[  245364.432533] /dev/input/event1: 0003 003a 00000000
[  245364.432533] /dev/input/event1: 0003 0039 ffffffff
[  245364.432533] /dev/input/event1: 0000 0000 00000000
[  245368.113063] /dev/input/event1: 0003 0039 00000000
[  245368.113063] /dev/input/event1: 0003 0030 00000287
[  245368.113063] /dev/input/event1: 0003 003a 00000081
[  245368.113063] /dev/input/event1: 0003 0035 00003777
[  245368.113063] /dev/input/event1: 0003 0036 00004e87
[  245368.113063] /dev/input/event1: 0000 0000 00000000
[  245368.175858] /dev/input/event1: 0003 003a 00000000
[  245368.175858] /dev/input/event1: 0003 0039 ffffffff
[  245368.175858] /dev/input/event1: 0000 0000 00000000
[  245368.880702] /dev/input/event1: 0003 0039 00000000
[  245368.880702] /dev/input/event1: 0003 0030 00000288
[  245368.880702] /dev/input/event1: 0003 003a 00000081
[  245368.880702] /dev/input/event1: 0003 0035 00006c70
[  245368.880702] /dev/input/event1: 0003 0036 00005110
[  245368.880702] /dev/input/event1: 0000 0000 00000000
[  245368.958986] /dev/input/event1: 0003 003a 00000000
[  245368.958986] /dev/input/event1: 0003 0039 ffffffff
[  245368.958986] /dev/input/event1: 0000 0000 00000000
[  245369.442960] /dev/input/event1: 0003 0039 00000000
[  245369.442960] /dev/input/event1: 0003 0030 00000289
[  245369.442960] /dev/input/event1: 0003 003a 00000081
[  245369.442960] /dev/input/event1: 0003 0035 000065ec
[  245369.442960] /dev/input/event1: 0003 0036 00005aa9
[  245369.442960] /dev/input/event1: 0000 0000 00000000
[  245369.504502] /dev/input/event1: 0003 003a 00000000
[  245369.504502] /dev/input/event1: 0003 0039 ffffffff
[  245369.504502] /dev/input/event1: 0000 0000 00000000
[  245370.546716] /dev/input/event1: 0003 0039 00000000
[  245370.546716] /dev/input/event1: 0003 0030 0000028a
[  245370.546716] /dev/input/event1: 0003 003a 00000081
[  245370.546716] /dev/input/event1: 0003 0035 00002097
[  245370.546716] /dev/input/event1: 0003 0036 00005054
[  245370.546716] /dev/input/event1: 0000 0000 00000000
[  245370.610982] /dev/input/event1: 0003 003a 00000000
[  245370.610982] /dev/input/event1: 0003 0039 ffffffff
[  245370.610982] /dev/input/event1: 0000 0000 00000000
[  245371.748897] /dev/input/event1: 0003 0039 00000000
[  245371.748897] /dev/input/event1: 0003 0030 0000028b
[  245371.748897] /dev/input/event1: 0003 003a 00000081
[  245371.748897] /dev/input/event1: 0003 0035 0000584b
[  245371.748897] /dev/input/event1: 0003 0036 000065ff
[  245371.748897] /dev/input/event1: 0000 0000 00000000
[  245371.811162] /dev/input/event1: 0003 003a 00000000
[  245371.811162] /dev/input/event1: 0003 0039 ffffffff
[  245371.811162] /dev/input/event1: 0000 0000 00000000
[  245374.175806] /dev/input/event1: 0003 0039 00000000
[  245374.175806] /dev/input/event1: 0003 0030 0000028c
[  245374.175806] /dev/input/event1: 0003 003a 00000081
[  245374.175806] /dev/input/event1: 0003 0035 0000127d
[  245374.175806] /dev/input/event1: 0003 0036 000028aa
[  245374.175806] /dev/input/event1: 0000 0000 00000000
[  245374.255282] /dev/input/event1: 0003 003a 00000000
[  245374.255282] /dev/input/event1: 0003 0039 ffffffff
[  245374.255282] /dev/input/event1: 0000 0000 00000000
[  245376.323053] /dev/input/event1: 0003 0039 00000000
[  245376.323053] /dev/input/event1: 0003 0030 0000028d
[  245376.323053] /dev/input/event1: 0003 003a 00000081
[  245376.323053] /dev/input/event1: 0003 0035 000014fa
[  245376.323053] /dev/input/event1: 0003 0036 00004fcc
[  245376.323053] /dev/input/event1: 0000 0000 00000000
[  245376.434461] /dev/input/event1: 0003 003a 00000000
[  245376.434461] /dev/input/event1: 0003 0039 ffffffff
[  245376.434461] /dev/input/event1: 0000 0000 00000000
[  245376.979548] /dev/input/event1: 0003 0039 00000000
[  245376.979548] /dev/input/event1: 0003 0030 0000028e
[  245376.979548] /dev/input/event1: 0003 003a 00000081
[  245376.979548] /dev/input/event1: 0003 0035 00001d82
[  245376.979548] /dev/input/event1: 0003 0036 00005098
[  245376.979548] /dev/input/event1: 0000 0000 00000000
[  245377.058434] /dev/input/event1: 0003 003a 00000000
[  245377.058434] /dev/input/event1: 0003 0039 ffffffff
[  245377.058434] /dev/input/event1: 0000 0000 00000000
[  245377.620365] /dev/input/event1: 0003 0039 00000000
[  245377.620365] /dev/input/event1: 0003 0030 0000028f
[  245377.620365] /dev/input/event1: 0003 003a 00000081
[  245377.620365] /dev/input/event1: 0003 0035 00002d45
[  245377.620365] /dev/input/event1: 0000 0000 00000000
[  245377.682735] /dev/input/event1: 0003 003a 00000000
[  245377.682735] /dev/input/event1: 0003 0039 ffffffff
[  245377.682735] /dev/input/event1: 0000 0000 00000000
[  245378.790698] /dev/input/event1: 0003 0039 00000000
[  245378.790698] /dev/input/event1: 0003 0030 00000290
[  245378.790698] /dev/input/event1: 0003 003a 00000081
[  245378.790698] /dev/input/event1: 0003 0035 00000e38
[  245378.790698] /dev/input/event1: 0003 0036 000031ff
[  245378.790698] /dev/input/event1: 0000 0000 00000000
[  245378.884466] /dev/input/event1: 0003 003a 00000000
[  245378.884466] /dev/input/event1: 0003 0039 ffffffff
[  245378.884466] /dev/input/event1: 0000 0000 00000000
[  245380.472878] /dev/input/event1: 0003 0039 00000000
[  245380.472878] /dev/input/event1: 0003 0030 00000291
[  245380.472878] /dev/input/event1: 0003 003a 00000081
[  245380.472878] /dev/input/event1: 0003 0035 00000536
[  245380.472878] /dev/input/event1: 0003 0036 00002b77
[  245380.472878] /dev/input/event1: 0000 0000 00000000
[  245380.566538] /dev/input/event1: 0003 003a 00000000
[  245380.566538] /dev/input/event1: 0003 0039 ffffffff
[  245380.566538] /dev/input/event1: 0000 0000 00000000
[  245381.698598] /dev/input/event1: 0003 0039 00000000
[  245381.698598] /dev/input/event1: 0003 0030 00000292
[  245381.698598] /dev/input/event1: 0003 003a 00000081
[  245381.698598] /dev/input/event1: 0003 0035 0000116b
[  245381.698598] /dev/input/event1: 0003 0036 00004110
[  245381.698598] /dev/input/event1: 0000 0000 00000000
[  245381.776762] /dev/input/event1: 0003 003a 00000000
[  245381.776762] /dev/input/event1: 0003 0039 ffffffff
[  245381.776762] /dev/input/event1: 0000 0000 00000000
[  245385.899232] /dev/input/event1: 0003 0039 00000000
[  245385.899232] /dev/input/event1: 0003 0030 00000293
[  245385.899232] /dev/input/event1: 0003 003a 00000081
[  245385.899232] /dev/input/event1: 0003 0035 000008e3
[  245385.899232] /dev/input/event1: 0003 0036 00001a32
[  245385.899232] /dev/input/event1: 0000 0000 00000000
[  245385.992343] /dev/input/event1: 0003 003a 00000000
[  245385.992343] /dev/input/event1: 0003 0039 ffffffff
[  245385.992343] /dev/input/event1: 0000 0000 00000000
[  245391.692724] /dev/input/event1: 0003 0039 00000000
[  245391.692724] /dev/input/event1: 0003 0030 00000294
[  245391.692724] /dev/input/event1: 0003 003a 00000081
[  245391.692724] /dev/input/event1: 0003 0035 00001240
[  245391.692724] /dev/input/event1: 0003 0036 00003054
[  245391.692724] /dev/input/event1: 0000 0000 00000000
[  245391.802383] /dev/input/event1: 0003 003a 00000000
[  245391.802383] /dev/input/event1: 0003 0039 ffffffff
[  245391.802383] /dev/input/event1: 0000 0000 00000000
[  245394.592489] /dev/input/event1: 0003 0039 00000000
[  245394.592489] /dev/input/event1: 0003 0030 00000295
[  245394.592489] /dev/input/event1: 0003 003a 00000081
[  245394.592489] /dev/input/event1: 0003 0035 00001097
[  245394.592489] /dev/input/event1: 0003 0036 00002977
[  245394.592489] /dev/input/event1: 0000 0000 00000000
[  245394.686403] /dev/input/event1: 0003 003a 00000000
[  245394.686403] /dev/input/event1: 0003 0039 ffffffff
[  245394.686403] /dev/input/event1: 0000 0000 00000000
[  245395.946646] /dev/input/event1: 0003 0039 00000000
[  245395.946646] /dev/input/event1: 0003 0030 00000296
[  245395.946646] /dev/input/event1: 0003 003a 00000081
[  245395.946646] /dev/input/event1: 0003 0035 000010d4
[  245395.946646] /dev/input/event1: 0003 0036 000038aa
[  245395.946646] /dev/input/event1: 0000 0000 00000000
[  245396.010142] /dev/input/event1: 0003 003a 00000000
[  245396.010142] /dev/input/event1: 0003 0039 ffffffff
[  245396.010142] /dev/input/event1: 0000 0000 00000000
[  245399.200377] /dev/input/event1: 0003 0039 00000000
[  245399.200377] /dev/input/event1: 0003 0030 00000297
[  245399.200377] /dev/input/event1: 0003 003a 00000081
[  245399.200377] /dev/input/event1: 0003 0035 0000793d
[  245399.200377] /dev/input/event1: 0003 0036 00000a99
[  245399.200377] /dev/input/event1: 0000 0000 00000000
[  245399.278542] /dev/input/event1: 0003 003a 00000000
[  245399.278542] /dev/input/event1: 0003 0039 ffffffff
[  245399.278542] /dev/input/event1: 0000 0000 00000000
[  245400.586360] /dev/input/event1: 0003 0039 00000000
[  245400.586360] /dev/input/event1: 0003 0030 00000298
[  245400.586360] /dev/input/event1: 0003 003a 00000081
[  245400.586360] /dev/input/event1: 0003 0035 000058c4
[  245400.586360] /dev/input/event1: 0003 0036 000008bb
[  245400.586360] /dev/input/event1: 0000 0000 00000000
[  245400.664436] /dev/input/event1: 0003 003a 00000000
[  245400.664436] /dev/input/event1: 0003 0039 ffffffff
[  245400.664436] /dev/input/event1: 0000 0000 00000000
[  245402.910877] /dev/input/event1: 0003 0039 00000000
[  245402.910877] /dev/input/event1: 0003 0030 00000299
[  245402.910877] /dev/input/event1: 0003 003a 00000081
[  245402.910877] /dev/input/event1: 0003 0035 00003901
[  245402.910877] /dev/input/event1: 0003 0036 00005043
[  245402.910877] /dev/input/event1: 0000 0000 00000000
[  245403.020824] /dev/input/event1: 0003 003a 00000000
[  245403.020824] /dev/input/event1: 0003 0039 ffffffff
[  245403.020824] /dev/input/event1: 0000 0000 00000000
[  245403.647988] /dev/input/event1: 0003 0039 00000000
[  245403.647988] /dev/input/event1: 0003 0030 0000029a
[  245403.647988] /dev/input/event1: 0003 003a 00000081
[  245403.647988] /dev/input/event1: 0003 0035 000069b7
[  245403.647988] /dev/input/event1: 0003 0036 00005076
[  245403.647988] /dev/input/event1: 0000 0000 00000000
[  245403.709311] /dev/input/event1: 0003 003a 00000000
[  245403.709311] /dev/input/event1: 0003 0039 ffffffff
[  245403.709311] /dev/input/event1: 0000 0000 00000000
[  245404.351207] /dev/input/event1: 0003 0039 00000000
[  245404.351207] /dev/input/event1: 0003 0030 0000029b
[  245404.351207] /dev/input/event1: 0003 003a 00000081
[  245404.351207] /dev/input/event1: 0003 0035 000064bc
[  245404.351207] /dev/input/event1: 0003 0036 00005a65
[  245404.351207] /dev/input/event1: 0000 0000 00000000
[  245404.430627] /dev/input/event1: 0003 003a 00000000
[  245404.430627] /dev/input/event1: 0003 0039 ffffffff
[  245404.430627] /dev/input/event1: 0000 0000 00000000
[  245405.281639] /dev/input/event1: 0003 0039 00000000
[  245405.281639] /dev/input/event1: 0003 0030 0000029c
[  245405.281639] /dev/input/event1: 0003 003a 00000081
[  245405.281639] /dev/input/event1: 0003 0035 000021a8
[  245405.281639] /dev/input/event1: 0003 0036 00004fbb
[  245405.281639] /dev/input/event1: 0000 0000 00000000
[  245405.359080] /dev/input/event1: 0003 003a 00000000
[  245405.359080] /dev/input/event1: 0003 0039 ffffffff
[  245405.359080] /dev/input/event1: 0000 0000 00000000
[  245406.195036] /dev/input/event1: 0003 0039 00000000
[  245406.195036] /dev/input/event1: 0003 0030 0000029d
[  245406.195036] /dev/input/event1: 0003 003a 00000081
[  245406.195036] /dev/input/event1: 0003 0035 00005c34
[  245406.195036] /dev/input/event1: 0003 0036 000066cb
[  245406.195036] /dev/input/event1: 0000 0000 00000000
[  245406.272440] /dev/input/event1: 0003 003a 00000000
[  245406.272440] /dev/input/event1: 0003 0039 ffffffff
[  245406.272440] /dev/input/event1: 0000 0000 00000000
[  245411.048340] /dev/input/event1: 0003 0039 00000000
[  245411.048340] /dev/input/event1: 0003 0030 0000029e
[  245411.048340] /dev/input/event1: 0003 003a 00000081
[  245411.048340] /dev/input/event1: 0003 0035 00001480
[  245411.048340] /dev/input/event1: 0003 0036 00005043
[  245411.048340] /dev/input/event1: 0000 0000 00000000
[  245411.976381] /dev/input/event1: 0003 003a 00000000
[  245411.976381] /dev/input/event1: 0003 0039 ffffffff
[  245411.976381] /dev/input/event1: 0000 0000 00000000
[  245414.308950] /dev/input/event1: 0003 0039 00000000
[  245414.308950] /dev/input/event1: 0003 0030 0000029f
[  245414.308950] /dev/input/event1: 0003 003a 00000081
[  245414.308950] /dev/input/event1: 0003 0035 00001c34
[  245414.308950] /dev/input/event1: 0003 0036 00001533
[  245414.308950] /dev/input/event1: 0000 0000 00000000
[  245414.418547] /dev/input/event1: 0003 003a 00000000
[  245414.418547] /dev/input/event1: 0003 0039 ffffffff
[  245414.418547] /dev/input/event1: 0000 0000 00000000
[  245415.750821] /dev/input/event1: 0003 0039 00000000
[  245415.750821] /dev/input/event1: 0003 0030 000002a0
[  245415.750821] /dev/input/event1: 0003 003a 00000081
[  245415.750821] /dev/input/event1: 0003 0035 000016a2
[  245415.750821] /dev/input/event1: 0003 0036 00001d32
[  245415.750821] /dev/input/event1: 0000 0000 00000000
[  245415.812394] /dev/input/event1: 0003 003a 00000000
[  245415.812394] /dev/input/event1: 0003 0039 ffffffff
[  245415.812394] /dev/input/event1: 0000 0000 00000000
[  245417.858949] /dev/input/event1: 0003 0039 00000000
[  245417.858949] /dev/input/event1: 0003 0030 000002a1
[  245417.858949] /dev/input/event1: 0003 003a 00000081
[  245417.858949] /dev/input/event1: 0003 0035 00001bd9
[  245417.858949] /dev/input/event1: 0003 0036 00003a32
[  245417.858949] /dev/input/event1: 0000 0000 00000000
[  245417.936408] /dev/input/event1: 0003 003a 00000000
[  245417.936408] /dev/input/event1: 0003 0039 ffffffff
[  245417.936408] /dev/input/event1: 0000 0000 00000000
[  245419.776117] /dev/input/event1: 0003 0039 00000000
[  245419.776117] /dev/input/event1: 0003 0030 000002a2
[  245419.776117] /dev/input/event1: 0003 003a 00000081
[  245419.776117] /dev/input/event1: 0003 0035 00001425
[  245419.776117] /dev/input/event1: 0003 0036 000034cc
[  245419.776117] /dev/input/event1: 0000 0000 00000000
[  245419.838048] /dev/input/event1: 0003 003a 00000000
[  245419.838048] /dev/input/event1: 0003 0039 ffffffff
[  245419.838048] /dev/input/event1: 0000 0000 00000000
[  245421.208433] /dev/input/event1: 0003 0039 00000000
[  245421.208433] /dev/input/event1: 0003 0030 000002a3
[  245421.208433] /dev/input/event1: 0003 003a 00000081
[  245421.208433] /dev/input/event1: 0003 0035 00001097
[  245421.208433] /dev/input/event1: 0003 0036 000031ee
[  245421.208433] /dev/input/event1: 0000 0000 00000000
[  245421.286343] /dev/input/event1: 0003 003a 00000000
[  245421.286343] /dev/input/event1: 0003 0039 ffffffff
[  245421.286343] /dev/input/event1: 0000 0000 00000000
[  245423.074398] /dev/input/event1: 0003 0039 00000000
[  245423.074398] /dev/input/event1: 0003 0030 000002a4
[  245423.074398] /dev/input/event1: 0003 003a 00000081
[  245423.074398] /dev/input/event1: 0003 0035 00000591
[  245423.074398] /dev/input/event1: 0003 0036 00002266
[  245423.074398] /dev/input/event1: 0000 0000 00000000
[  245423.168675] /dev/input/event1: 0003 003a 00000000
[  245423.168675] /dev/input/event1: 0003 0039 ffffffff
[  245423.168675] /dev/input/event1: 0000 0000 00000000
[  245424.452712] /dev/input/event1: 0003 0039 00000000
[  245424.452712] /dev/input/event1: 0003 0030 000002a5
[  245424.452712] /dev/input/event1: 0003 003a 00000081
[  245424.452712] /dev/input/event1: 0003 0035 0000129b
[  245424.452712] /dev/input/event1: 0003 0036 000028dd
[  245424.452712] /dev/input/event1: 0000 0000 00000000
[  245424.530687] /dev/input/event1: 0003 003a 00000000
[  245424.530687] /dev/input/event1: 0003 0039 ffffffff
[  245424.530687] /dev/input/event1: 0000 0000 00000000
[  245425.800263] /dev/input/event1: 0003 0039 00000000
[  245425.800263] /dev/input/event1: 0003 0030 000002a6
[  245425.800263] /dev/input/event1: 0003 003a 00000081
[  245425.800263] /dev/input/event1: 0003 0035 000039f4
[  245425.800263] /dev/input/event1: 0003 0036 000050ee
[  245425.800263] /dev/input/event1: 0000 0000 00000000
[  245425.860300] /dev/input/event1: 0003 003a 00000000
[  245425.860300] /dev/input/event1: 0003 0039 ffffffff
[  245425.860300] /dev/input/event1: 0000 0000 00000000
[  245426.486351] /dev/input/event1: 0003 0039 00000000
[  245426.486351] /dev/input/event1: 0003 0030 000002a7
[  245426.486351] /dev/input/event1: 0003 003a 00000081
[  245426.486351] /dev/input/event1: 0003 0035 00001fa4
[  245426.486351] /dev/input/event1: 0003 0036 00005054
[  245426.486351] /dev/input/event1: 0000 0000 00000000
[  245426.549024] /dev/input/event1: 0003 003a 00000000
[  245426.549024] /dev/input/event1: 0003 0039 ffffffff
[  245426.549024] /dev/input/event1: 0000 0000 00000000
[  245427.080071] /dev/input/event1: 0003 0039 00000000
[  245427.080071] /dev/input/event1: 0003 0030 000002a8
[  245427.080071] /dev/input/event1: 0003 003a 00000081
[  245427.080071] /dev/input/event1: 0003 0035 00001b42
[  245427.080071] /dev/input/event1: 0003 0036 00005aa9
[  245427.080071] /dev/input/event1: 0000 0000 00000000
[  245427.174937] /dev/input/event1: 0003 003a 00000000
[  245427.174937] /dev/input/event1: 0003 0039 ffffffff
[  245427.174937] /dev/input/event1: 0000 0000 00000000
[  245427.960936] /dev/input/event1: 0003 0039 00000000
[  245427.960936] /dev/input/event1: 0003 0030 000002a9
[  245427.960936] /dev/input/event1: 0003 003a 00000081
[  245427.960936] /dev/input/event1: 0003 0035 000037d2
[  245427.960936] /dev/input/event1: 0003 0036 00005165
[  245427.960936] /dev/input/event1: 0000 0000 00000000
[  245428.038532] /dev/input/event1: 0003 003a 00000000
[  245428.038532] /dev/input/event1: 0003 0039 ffffffff
[  245428.038532] /dev/input/event1: 0000 0000 00000000
[  245429.081223] /dev/input/event1: 0003 0039 00000000
[  245429.081223] /dev/input/event1: 0003 0030 000002aa
[  245429.081223] /dev/input/event1: 0003 003a 00000081
[  245429.081223] /dev/input/event1: 0003 0035 00001480
[  245429.081223] /dev/input/event1: 0003 0036 00003f54
[  245429.081223] /dev/input/event1: 0000 0000 00000000
[  245429.160768] /dev/input/event1: 0003 003a 00000000
[  245429.160768] /dev/input/event1: 0003 0039 ffffffff
[  245429.160768] /dev/input/event1: 0000 0000 00000000
[  245430.852564] /dev/input/event1: 0003 0039 00000000
[  245430.852564] /dev/input/event1: 0003 0030 000002ab
[  245430.852564] /dev/input/event1: 0003 003a 00000081
[  245430.852564] /dev/input/event1: 0003 0035 00000648
[  245430.852564] /dev/input/event1: 0003 0036 00001555
[  245430.852564] /dev/input/event1: 0000 0000 00000000
[  245430.930491] /dev/input/event1: 0003 003a 00000000
[  245430.930491] /dev/input/event1: 0003 0039 ffffffff
[  245430.930491] /dev/input/event1: 0000 0000 00000000
[  245432.334690] /dev/input/event1: 0003 0039 00000000
[  245432.334690] /dev/input/event1: 0003 0030 000002ac
[  245432.334690] /dev/input/event1: 0003 003a 00000081
[  245432.334690] /dev/input/event1: 0003 0035 000007d2
[  245432.334690] /dev/input/event1: 0003 0036 00001b21
[  245432.334690] /dev/input/event1: 0000 0000 00000000
[  245432.380559] /dev/input/event1: 0003 003a 00000000
[  245432.380559] /dev/input/event1: 0003 0039 ffffffff
[  245432.380559] /dev/input/event1: 0000 0000 00000000
[  245433.832727] /dev/input/event1: 0003 0039 00000000
[  245433.832727] /dev/input/event1: 0003 0030 000002ad
[  245433.832727] /dev/input/event1: 0003 003a 00000081
[  245433.832727] /dev/input/event1: 0003 0035 0000080f
[  245433.832727] /dev/input/event1: 0003 0036 00001fcc
[  245433.832727] /dev/input/event1: 0000 0000 00000000
[  245433.910577] /dev/input/event1: 0003 003a 00000000
[  245433.910577] /dev/input/event1: 0003 0039 ffffffff
[  245433.910577] /dev/input/event1: 0000 0000 00000000
[  245439.699496] /dev/input/event1: 0003 0039 00000000
[  245439.699496] /dev/input/event1: 0003 0030 000002ae
[  245439.699496] /dev/input/event1: 0003 003a 00000081
[  245439.699496] /dev/input/event1: 0003 0035 0000114d
[  245439.699496] /dev/input/event1: 0003 0036 00003710
[  245439.699496] /dev/input/event1: 0000 0000 00000000
[  245439.776373] /dev/input/event1: 0003 003a 00000000
[  245439.776373] /dev/input/event1: 0003 0039 ffffffff
[  245439.776373] /dev/input/event1: 0000 0000 00000000
[  245444.819865] /dev/input/event1: 0003 0039 00000000
[  245444.819865] /dev/input/event1: 0003 0030 000002af
[  245444.819865] /dev/input/event1: 0003 003a 00000081
[  245444.819865] /dev/input/event1: 0003 0035 00002591
[  245444.819865] /dev/input/event1: 0003 0036 00001f55
[  245444.819865] /dev/input/event1: 0000 0000 00000000
[  245444.881273] /dev/input/event1: 0003 003a 00000000
[  245444.881273] /dev/input/event1: 0003 0039 ffffffff
[  245444.881273] /dev/input/event1: 0000 0000 00000000
[  245448.024460] /dev/input/event1: 0003 0039 00000000
[  245448.024460] /dev/input/event1: 0003 0030 000002b0
[  245448.024460] /dev/input/event1: 0003 003a 00000081
[  245448.024460] /dev/input/event1: 0003 0035 00001c34
[  245448.024460] /dev/input/event1: 0003 0036 00007b65
[  245448.024460] /dev/input/event1: 0000 0000 00000000
[  245448.102479] /dev/input/event1: 0003 003a 00000000
[  245448.102479] /dev/input/event1: 0003 0039 ffffffff
[  245448.102479] /dev/input/event1: 0000 0000 00000000
[  245449.538495] /dev/input/event1: 0003 0039 00000000
[  245449.538495] /dev/input/event1: 0003 0030 000002b1
[  245449.538495] /dev/input/event1: 0003 003a 00000081
[  245449.538495] /dev/input/event1: 0003 0035 00002097
[  245449.538495] /dev/input/event1: 0003 0036 00001399
[  245449.538495] /dev/input/event1: 0000 0000 00000000
[  245449.600550] /dev/input/event1: 0003 003a 00000000
[  245449.600550] /dev/input/event1: 0003 0039 ffffffff
[  245449.600550] /dev/input/event1: 0000 0000 00000000
[  245451.235046] /dev/input/event1: 0003 0039 00000000
[  245451.235046] /dev/input/event1: 0003 0030 000002b2
[  245451.235046] /dev/input/event1: 0003 003a 00000081
[  245451.235046] /dev/input/event1: 0003 0035 00001d82
[  245451.235046] /dev/input/event1: 0003 0036 00007c10
[  245451.235046] /dev/input/event1: 0000 0000 00000000
[  245451.331128] /dev/input/event1: 0003 003a 00000000
[  245451.331128] /dev/input/event1: 0003 0039 ffffffff
[  245451.331128] /dev/input/event1: 0000 0000 00000000
[  245453.086340] /dev/input/event1: 0003 0039 00000000
[  245453.086340] /dev/input/event1: 0003 0030 000002b3
[  245453.086340] /dev/input/event1: 0003 003a 00000081
[  245453.086340] /dev/input/event1: 0003 0035 00007b04
[  245453.086340] /dev/input/event1: 0003 0036 00000988
[  245453.086340] /dev/input/event1: 0000 0000 00000000
[  245453.180291] /dev/input/event1: 0003 003a 00000000
[  245453.180291] /dev/input/event1: 0003 0039 ffffffff
[  245453.180291] /dev/input/event1: 0000 0000 00000000
[  245455.778491] /dev/input/event1: 0003 0039 00000000
[  245455.778491] /dev/input/event1: 0003 0030 000002b4
[  245455.778491] /dev/input/event1: 0003 003a 00000081
[  245455.778491] /dev/input/event1: 0003 0035 0000671b
[  245455.778491] /dev/input/event1: 0003 0036 000011cc
[  245455.778491] /dev/input/event1: 0000 0000 00000000
[  245455.872314] /dev/input/event1: 0003 003a 00000000
[  245455.872314] /dev/input/event1: 0003 0039 ffffffff
[  245455.872314] /dev/input/event1: 0000 0000 00000000
[  245457.798526] /dev/input/event1: 0003 0039 00000000
[  245457.798526] /dev/input/event1: 0003 0030 000002b5
[  245457.798526] /dev/input/event1: 0003 003a 00000081
[  245457.798526] /dev/input/event1: 0003 0035 000016a2
[  245457.798526] /dev/input/event1: 0003 0036 000015dd
[  245457.798526] /dev/input/event1: 0000 0000 00000000
[  245457.908313] /dev/input/event1: 0003 003a 00000000
[  245457.908313] /dev/input/event1: 0003 0039 ffffffff
[  245457.908313] /dev/input/event1: 0000 0000 00000000
[  245459.104786] /dev/input/event1: 0003 0039 00000000
[  245459.104786] /dev/input/event1: 0003 0030 000002b6
[  245459.104786] /dev/input/event1: 0003 003a 00000081
[  245459.104786] /dev/input/event1: 0003 0035 00001203
[  245459.104786] /dev/input/event1: 0003 0036 000020cc
[  245459.104786] /dev/input/event1: 0000 0000 00000000
[  245459.182285] /dev/input/event1: 0003 003a 00000000
[  245459.182285] /dev/input/event1: 0003 0039 ffffffff
[  245459.182285] /dev/input/event1: 0000 0000 00000000
[  245460.499156] /dev/input/event1: 0003 0039 00000000
[  245460.499156] /dev/input/event1: 0003 0030 000002b7
[  245460.499156] /dev/input/event1: 0003 003a 00000081
[  245460.499156] /dev/input/event1: 0003 0035 00001444
[  245460.499156] /dev/input/event1: 0003 0036 000050ff
[  245460.499156] /dev/input/event1: 0000 0000 00000000
[  245460.561163] /dev/input/event1: 0003 003a 00000000
[  245460.561163] /dev/input/event1: 0003 0039 ffffffff
[  245460.561163] /dev/input/event1: 0000 0000 00000000
[  245461.170586] /dev/input/event1: 0003 0039 00000000
[  245461.170586] /dev/input/event1: 0003 0030 000002b8
[  245461.170586] /dev/input/event1: 0003 003a 00000081
[  245461.170586] /dev/input/event1: 0003 0035 00002fff
[  245461.170586] /dev/input/event1: 0003 0036 000050cc
[  245461.170586] /dev/input/event1: 0000 0000 00000000
[  245461.248359] /dev/input/event1: 0003 003a 00000000
[  245461.248359] /dev/input/event1: 0003 0039 ffffffff
[  245461.248359] /dev/input/event1: 0000 0000 00000000
[  245461.940677] /dev/input/event1: 0003 0039 00000000
[  245461.940677] /dev/input/event1: 0003 0030 000002b9
[  245461.940677] /dev/input/event1: 0003 003a 00000081
[  245461.940677] /dev/input/event1: 0003 0035 00004fff
[  245461.940677] /dev/input/event1: 0000 0000 00000000
[  245462.019486] /dev/input/event1: 0003 003a 00000000
[  245462.019486] /dev/input/event1: 0003 0039 ffffffff
[  245462.019486] /dev/input/event1: 0000 0000 00000000
[  245463.190704] /dev/input/event1: 0003 0039 00000000
[  245463.190704] /dev/input/event1: 0003 0030 000002ba
[  245463.190704] /dev/input/event1: 0003 003a 00000081
[  245463.190704] /dev/input/event1: 0003 0035 00000ed0
[  245463.190704] /dev/input/event1: 0003 0036 00002d32
[  245463.190704] /dev/input/event1: 0000 0000 00000000
[  245463.269804] /dev/input/event1: 0003 003a 00000000
[  245463.269804] /dev/input/event1: 0003 0039 ffffffff
[  245463.269804] /dev/input/event1: 0000 0000 00000000
[  245464.325537] /dev/input/event1: 0003 0039 00000000
[  245464.325537] /dev/input/event1: 0003 0030 000002bb
[  245464.325537] /dev/input/event1: 0003 003a 00000081
[  245464.325537] /dev/input/event1: 0003 0035 00000f0d
[  245464.325537] /dev/input/event1: 0003 0036 000050aa
[  245464.325537] /dev/input/event1: 0000 0000 00000000
[  245464.388200] /dev/input/event1: 0003 003a 00000000
[  245464.388200] /dev/input/event1: 0003 0039 ffffffff
[  245464.388200] /dev/input/event1: 0000 0000 00000000
[  245465.127879] /dev/input/event1: 0003 0039 00000000
[  245465.127879] /dev/input/event1: 0003 0030 000002bc
[  245465.127879] /dev/input/event1: 0003 003a 00000081
[  245465.127879] /dev/input/event1: 0003 0035 00003443
[  245465.127879] /dev/input/event1: 0003 0036 00005176
[  245465.127879] /dev/input/event1: 0000 0000 00000000
[  245465.190431] /dev/input/event1: 0003 003a 00000000
[  245465.190431] /dev/input/event1: 0003 0039 ffffffff
[  245465.190431] /dev/input/event1: 0000 0000 00000000
[  245466.186363] /dev/input/event1: 0003 0039 00000000
[  245466.186363] /dev/input/event1: 0003 0030 000002bd
[  245466.186363] /dev/input/event1: 0003 003a 00000081
[  245466.186363] /dev/input/event1: 0003 0035 0000529a
[  245466.186363] /dev/input/event1: 0003 0036 000051cc
[  245466.186363] /dev/input/event1: 0000 0000 00000000
[  245466.264447] /dev/input/event1: 0003 003a 00000000
[  245466.264447] /dev/input/event1: 0003 0039 ffffffff
[  245466.264447] /dev/input/event1: 0000 0000 00000000
[  245466.938702] /dev/input/event1: 0003 0039 00000000
[  245466.938702] /dev/input/event1: 0003 0030 000002be
[  245466.938702] /dev/input/event1: 0003 003a 00000081
[  245466.938702] /dev/input/event1: 0003 0035 0000125e
[  245466.938702] /dev/input/event1: 0003 0036 000034cc
[  245466.938702] /dev/input/event1: 0000 0000 00000000
[  245467.016934] /dev/input/event1: 0003 003a 00000000
[  245467.016934] /dev/input/event1: 0003 0039 ffffffff
[  245467.016934] /dev/input/event1: 0000 0000 00000000
[  245470.432023] /dev/input/event1: 0003 0039 00000000
[  245470.432023] /dev/input/event1: 0003 0030 000002bf
[  245470.432023] /dev/input/event1: 0003 003a 00000081
[  245470.432023] /dev/input/event1: 0003 0035 00002f2b
[  245470.432023] /dev/input/event1: 0003 0036 00001577
[  245470.432023] /dev/input/event1: 0000 0000 00000000
[  245471.745823] /dev/input/event1: 0003 003a 00000000
[  245471.745823] /dev/input/event1: 0003 0039 ffffffff
[  245471.745823] /dev/input/event1: 0000 0000 00000000
[  245473.365319] /dev/input/event1: 0003 0039 00000000
[  245473.365319] /dev/input/event1: 0003 0030 000002c0
[  245473.365319] /dev/input/event1: 0003 003a 00000081
[  245473.365319] /dev/input/event1: 0003 0035 00006aa9
[  245473.365319] /dev/input/event1: 0003 0036 00004676
[  245473.365319] /dev/input/event1: 0000 0000 00000000
[  245473.426293] /dev/input/event1: 0003 003a 00000000
[  245473.426293] /dev/input/event1: 0003 0039 ffffffff
[  245473.426293] /dev/input/event1: 0000 0000 00000000
[  245474.740831] /dev/input/event1: 0003 0039 00000000
[  245474.740831] /dev/input/event1: 0003 0030 000002c1
[  245474.740831] /dev/input/event1: 0003 003a 00000081
[  245474.740831] /dev/input/event1: 0003 0035 000079f3
[  245474.740831] /dev/input/event1: 0003 0036 000009bb
[  245474.740831] /dev/input/event1: 0000 0000 00000000
[  245474.820464] /dev/input/event1: 0003 003a 00000000
[  245474.820464] /dev/input/event1: 0003 0039 ffffffff
[  245474.820464] /dev/input/event1: 0000 0000 00000000
[  245477.915486] /dev/input/event1: 0003 0039 00000000
[  245477.915486] /dev/input/event1: 0003 0030 000002c2
[  245477.915486] /dev/input/event1: 0003 003a 00000081
[  245477.915486] /dev/input/event1: 0003 0035 00005869
[  245477.915486] /dev/input/event1: 0003 0036 000011ee
[  245477.915486] /dev/input/event1: 0000 0000 00000000
[  245477.992309] /dev/input/event1: 0003 003a 00000000
[  245477.992309] /dev/input/event1: 0003 0039 ffffffff
[  245477.992309] /dev/input/event1: 0000 0000 00000000
[  245480.142499] /dev/input/event1: 0003 0039 00000000
[  245480.142499] /dev/input/event1: 0003 0030 000002c3
[  245480.142499] /dev/input/event1: 0003 003a 00000081
[  245480.142499] /dev/input/event1: 0003 0035 00002110
[  245480.142499] /dev/input/event1: 0003 0036 00001788
[  245480.142499] /dev/input/event1: 0000 0000 00000000
[  245480.220386] /dev/input/event1: 0003 003a 00000000
[  245480.220386] /dev/input/event1: 0003 0039 ffffffff
[  245480.220386] /dev/input/event1: 0000 0000 00000000
[  245481.422529] /dev/input/event1: 0003 0039 00000000
[  245481.422529] /dev/input/event1: 0003 0030 000002c4
[  245481.422529] /dev/input/event1: 0003 003a 00000081
[  245481.422529] /dev/input/event1: 0003 0035 00001444
[  245481.422529] /dev/input/event1: 0003 0036 00004fbb
[  245481.422529] /dev/input/event1: 0000 0000 00000000
[  245481.516263] /dev/input/event1: 0003 003a 00000000
[  245481.516263] /dev/input/event1: 0003 0039 ffffffff
[  245481.516263] /dev/input/event1: 0000 0000 00000000
[  245482.224142] /dev/input/event1: 0003 0039 00000000
[  245482.224142] /dev/input/event1: 0003 0030 000002c5
[  245482.224142] /dev/input/event1: 0003 003a 00000081
[  245482.224142] /dev/input/event1: 0003 0035 000035ce
[  245482.224142] /dev/input/event1: 0003 0036 00005076
[  245482.224142] /dev/input/event1: 0000 0000 00000000
[  245482.286324] /dev/input/event1: 0003 003a 00000000
[  245482.286324] /dev/input/event1: 0003 0039 ffffffff
[  245482.286324] /dev/input/event1: 0000 0000 00000000
[  245483.008700] /dev/input/event1: 0003 0039 00000000
[  245483.008700] /dev/input/event1: 0003 0030 000002c6
[  245483.008700] /dev/input/event1: 0003 003a 00000081
[  245483.008700] /dev/input/event1: 0003 0035 000050d3
[  245483.008700] /dev/input/event1: 0003 0036 00005198
[  245483.008700] /dev/input/event1: 0000 0000 00000000
[  245483.072622] /dev/input/event1: 0003 003a 00000000
[  245483.072622] /dev/input/event1: 0003 0039 ffffffff
[  245483.072622] /dev/input/event1: 0000 0000 00000000
[  245483.954598] /dev/input/event1: 0003 0039 00000000
[  245483.954598] /dev/input/event1: 0003 0030 000002c7
[  245483.954598] /dev/input/event1: 0003 003a 00000081
[  245483.954598] /dev/input/event1: 0003 0035 00001536
[  245483.954598] /dev/input/event1: 0003 0036 00002188
[  245483.954598] /dev/input/event1: 0000 0000 00000000
[  245484.032311] /dev/input/event1: 0003 003a 00000000
[  245484.032311] /dev/input/event1: 0003 0039 ffffffff
[  245484.032311] /dev/input/event1: 0000 0000 00000000
[  245485.348560] /dev/input/event1: 0003 0039 00000000
[  245485.348560] /dev/input/event1: 0003 0030 000002c8
[  245485.348560] /dev/input/event1: 0003 003a 00000081
[  245485.348560] /dev/input/event1: 0003 0035 000052d7
[  245485.348560] /dev/input/event1: 0003 0036 000051ee
[  245485.348560] /dev/input/event1: 0000 0000 00000000
[  245485.427150] /dev/input/event1: 0003 003a 00000000
[  245485.427150] /dev/input/event1: 0003 0039 ffffffff
[  245485.427150] /dev/input/event1: 0000 0000 00000000
[  245486.198704] /dev/input/event1: 0003 0039 00000000
[  245486.198704] /dev/input/event1: 0003 0030 000002c9
[  245486.198704] /dev/input/event1: 0003 003a 00000081
[  245486.198704] /dev/input/event1: 0003 0035 00003110
[  245486.198704] /dev/input/event1: 0003 0036 000050ff
[  245486.198704] /dev/input/event1: 0000 0000 00000000
[  245486.262250] /dev/input/event1: 0003 003a 00000000
[  245486.262250] /dev/input/event1: 0003 0039 ffffffff
[  245486.262250] /dev/input/event1: 0000 0000 00000000
[  245487.143236] /dev/input/event1: 0003 0039 00000000
[  245487.143236] /dev/input/event1: 0003 0030 000002ca
[  245487.143236] /dev/input/event1: 0003 003a 00000081
[  245487.143236] /dev/input/event1: 0003 0035 000014fa
[  245487.143236] /dev/input/event1: 0003 0036 000050ee
[  245487.143236] /dev/input/event1: 0000 0000 00000000
[  245487.236185] /dev/input/event1: 0003 003a 00000000
[  245487.236185] /dev/input/event1: 0003 0039 ffffffff
[  245487.236185] /dev/input/event1: 0000 0000 00000000
[  245488.232848] /dev/input/event1: 0003 0039 00000000
[  245488.232848] /dev/input/event1: 0003 0030 000002cb
[  245488.232848] /dev/input/event1: 0003 003a 00000081
[  245488.232848] /dev/input/event1: 0003 0035 00001bbb
[  245488.232848] /dev/input/event1: 0003 0036 00002d88
[  245488.232848] /dev/input/event1: 0000 0000 00000000
[  245488.310567] /dev/input/event1: 0003 003a 00000000
[  245488.310567] /dev/input/event1: 0003 0039 ffffffff
[  245488.310567] /dev/input/event1: 0000 0000 00000000
[  245489.378268] /dev/input/event1: 0003 0039 00000000
[  245489.378268] /dev/input/event1: 0003 0030 000002cc
[  245489.378268] /dev/input/event1: 0003 003a 00000081
[  245489.378268] /dev/input/event1: 0003 0035 0000529a
[  245489.378268] /dev/input/event1: 0003 0036 000050cc
[  245489.378268] /dev/input/event1: 0000 0000 00000000
[  245489.456398] /dev/input/event1: 0003 003a 00000000
[  245489.456398] /dev/input/event1: 0003 0039 ffffffff
[  245489.456398] /dev/input/event1: 0000 0000 00000000
[  245490.114181] /dev/input/event1: 0003 0039 00000000
[  245490.114181] /dev/input/event1: 0003 0030 000002cd
[  245490.114181] /dev/input/event1: 0003 003a 00000081
[  245490.114181] /dev/input/event1: 0003 0035 000033e8
[  245490.114181] /dev/input/event1: 0003 0036 00005032
[  245490.114181] /dev/input/event1: 0000 0000 00000000
[  245490.192373] /dev/input/event1: 0003 003a 00000000
[  245490.192373] /dev/input/event1: 0003 0039 ffffffff
[  245490.192373] /dev/input/event1: 0000 0000 00000000
[  245490.932550] /dev/input/event1: 0003 0039 00000000
[  245490.932550] /dev/input/event1: 0003 0030 000002ce
[  245490.932550] /dev/input/event1: 0003 003a 00000081
[  245490.932550] /dev/input/event1: 0003 0035 00001647
[  245490.932550] /dev/input/event1: 0003 0036 000050ff
[  245490.932550] /dev/input/event1: 0000 0000 00000000
[  245491.026174] /dev/input/event1: 0003 003a 00000000
[  245491.026174] /dev/input/event1: 0003 0039 ffffffff
[  245491.026174] /dev/input/event1: 0000 0000 00000000
[  245491.830459] /dev/input/event1: 0003 0039 00000000
[  245491.830459] /dev/input/event1: 0003 0030 000002cf
[  245491.830459] /dev/input/event1: 0003 003a 00000081
[  245491.830459] /dev/input/event1: 0003 0035 000012d8
[  245491.830459] /dev/input/event1: 0003 0036 00003554
[  245491.830459] /dev/input/event1: 0000 0000 00000000
[  245491.906817] /dev/input/event1: 0003 003a 00000000
[  245491.906817] /dev/input/event1: 0003 0039 ffffffff
[  245491.906817] /dev/input/event1: 0000 0000 00000000
[  245494.295980] /dev/input/event1: 0003 0039 00000000
[  245494.295980] /dev/input/event1: 0003 0030 000002d0
[  245494.295980] /dev/input/event1: 0003 003a 00000081
[  245494.295980] /dev/input/event1: 0003 0035 0000216b
[  245494.295980] /dev/input/event1: 0003 0036 00001599
[  245494.295980] /dev/input/event1: 0000 0000 00000000
[  245494.374928] /dev/input/event1: 0003 003a 00000000
[  245494.374928] /dev/input/event1: 0003 0039 ffffffff
[  245494.374928] /dev/input/event1: 0000 0000 00000000
[  245496.482698] /dev/input/event1: 0003 0039 00000000
[  245496.482698] /dev/input/event1: 0003 0030 000002d1
[  245496.482698] /dev/input/event1: 0003 003a 00000081
[  245496.482698] /dev/input/event1: 0003 0035 000019b7
[  245496.482698] /dev/input/event1: 0003 0036 00007ced
[  245496.482698] /dev/input/event1: 0000 0000 00000000
[  245496.562281] /dev/input/event1: 0003 003a 00000000
[  245496.562281] /dev/input/event1: 0003 0039 ffffffff
[  245496.562281] /dev/input/event1: 0000 0000 00000000
[  245498.262048] /dev/input/event1: 0003 0039 00000000
[  245498.262048] /dev/input/event1: 0003 0030 000002d2
[  245498.262048] /dev/input/event1: 0003 003a 00000081
[  245498.262048] /dev/input/event1: 0003 0035 000078e2
[  245498.262048] /dev/input/event1: 0003 0036 00000955
[  245498.262048] /dev/input/event1: 0000 0000 00000000
[  245499.686345] /dev/input/event1: 0003 003a 00000000
[  245499.686345] /dev/input/event1: 0003 0039 ffffffff
[  245499.686345] /dev/input/event1: 0000 0000 00000000
[  245503.004698] /dev/input/event1: 0003 0039 00000000
[  245503.004698] /dev/input/event1: 0003 0030 000002d3
[  245503.004698] /dev/input/event1: 0003 003a 00000081
[  245503.004698] /dev/input/event1: 0003 0035 00001bd9
[  245503.004698] /dev/input/event1: 0003 0036 00007cba
[  245503.004698] /dev/input/event1: 0000 0000 00000000
[  245503.084520] /dev/input/event1: 0003 003a 00000000
[  245503.084520] /dev/input/event1: 0003 0039 ffffffff
[  245503.084520] /dev/input/event1: 0000 0000 00000000
[  245503.878101] /dev/input/event1: 0003 0039 00000000
[  245503.878101] /dev/input/event1: 0003 0030 000002d4
[  245503.878101] /dev/input/event1: 0003 003a 00000081
[  245503.878101] /dev/input/event1: 0003 0036 00007ccb
[  245503.878101] /dev/input/event1: 0000 0000 00000000
[  245503.942178] /dev/input/event1: 0003 003a 00000000
[  245503.942178] /dev/input/event1: 0003 0039 ffffffff
[  245503.942178] /dev/input/event1: 0000 0000 00000000
[  245505.552350] /dev/input/event1: 0003 0039 00000000
[  245505.552350] /dev/input/event1: 0003 0030 000002d5
[  245505.552350] /dev/input/event1: 0003 003a 00000081
[  245505.552350] /dev/input/event1: 0003 0035 0000782c
[  245505.552350] /dev/input/event1: 0003 0036 00000966
[  245505.552350] /dev/input/event1: 0000 0000 00000000
[  245505.630249] /dev/input/event1: 0003 003a 00000000
[  245505.630249] /dev/input/event1: 0003 0039 ffffffff
[  245505.630249] /dev/input/event1: 0000 0000 00000000
[  245507.628283] /dev/input/event1: 0003 0039 00000000
[  245507.628283] /dev/input/event1: 0003 0030 000002d6
[  245507.628283] /dev/input/event1: 0003 003a 00000081
[  245507.628283] /dev/input/event1: 0003 0035 0000605a
[  245507.628283] /dev/input/event1: 0003 0036 000019aa
[  245507.628283] /dev/input/event1: 0000 0000 00000000
[  245507.706244] /dev/input/event1: 0003 003a 00000000
[  245507.706244] /dev/input/event1: 0003 0039 ffffffff
[  245507.706244] /dev/input/event1: 0000 0000 00000000
[  245509.935942] /dev/input/event1: 0003 0039 00000000
[  245509.935942] /dev/input/event1: 0003 0030 000002d7
[  245509.935942] /dev/input/event1: 0003 003a 00000081
[  245509.935942] /dev/input/event1: 0003 0035 00001c16
[  245509.935942] /dev/input/event1: 0003 0036 000016ff
[  245509.935942] /dev/input/event1: 0000 0000 00000000
[  245510.030177] /dev/input/event1: 0003 003a 00000000
[  245510.030177] /dev/input/event1: 0003 0039 ffffffff
[  245510.030177] /dev/input/event1: 0000 0000 00000000
[  245511.345851] /dev/input/event1: 0003 0039 00000000
[  245511.345851] /dev/input/event1: 0003 0030 000002d8
[  245511.345851] /dev/input/event1: 0003 003a 00000081
[  245511.345851] /dev/input/event1: 0003 0035 000051c6
[  245511.345851] /dev/input/event1: 0003 0036 00005121
[  245511.345851] /dev/input/event1: 0000 0000 00000000
[  245511.424235] /dev/input/event1: 0003 003a 00000000
[  245511.424235] /dev/input/event1: 0003 0039 ffffffff
[  245511.424235] /dev/input/event1: 0000 0000 00000000
[  245512.082597] /dev/input/event1: 0003 0039 00000000
[  245512.082597] /dev/input/event1: 0003 0030 000002d9
[  245512.082597] /dev/input/event1: 0003 003a 00000081
[  245512.082597] /dev/input/event1: 0003 0035 000034f9
[  245512.082597] /dev/input/event1: 0003 0036 00005187
[  245512.082597] /dev/input/event1: 0000 0000 00000000
[  245512.112537] /dev/input/event1: 0003 003a 00000000
[  245512.112537] /dev/input/event1: 0003 0039 ffffffff
[  245512.112537] /dev/input/event1: 0000 0000 00000000
[  245512.818611] /dev/input/event1: 0003 0039 00000000
[  245512.818611] /dev/input/event1: 0003 0030 000002da
[  245512.818611] /dev/input/event1: 0003 003a 00000081
[  245512.818611] /dev/input/event1: 0003 0035 000011a8
[  245512.818611] /dev/input/event1: 0003 0036 000050ee
[  245512.818611] /dev/input/event1: 0000 0000 00000000
[  245512.883192] /dev/input/event1: 0003 003a 00000000
[  245512.883192] /dev/input/event1: 0003 0039 ffffffff
[  245512.883192] /dev/input/event1: 0000 0000 00000000
[  245513.780191] /dev/input/event1: 0003 0039 00000000
[  245513.780191] /dev/input/event1: 0003 0030 000002db
[  245513.780191] /dev/input/event1: 0003 003a 00000081
[  245513.780191] /dev/input/event1: 0003 0035 00001351
[  245513.780191] /dev/input/event1: 0003 0036 00001d88
[  245513.780191] /dev/input/event1: 0000 0000 00000000
[  245513.874347] /dev/input/event1: 0003 003a 00000000
[  245513.874347] /dev/input/event1: 0003 0039 ffffffff
[  245513.874347] /dev/input/event1: 0000 0000 00000000
[  245515.744613] /dev/input/event1: 0003 0039 00000000
[  245515.744613] /dev/input/event1: 0003 0030 000002dc
[  245515.744613] /dev/input/event1: 0003 003a 00000081
[  245515.744613] /dev/input/event1: 0003 0035 00007b5f
[  245515.744613] /dev/input/event1: 0003 0036 00000955
[  245515.744613] /dev/input/event1: 0000 0000 00000000
[  245515.806233] /dev/input/event1: 0003 003a 00000000
[  245515.806233] /dev/input/event1: 0003 0039 ffffffff
[  245515.806233] /dev/input/event1: 0000 0000 00000000
[  245518.428258] /dev/input/event1: 0003 0039 00000000
[  245518.428258] /dev/input/event1: 0003 0030 000002dd
[  245518.428258] /dev/input/event1: 0003 003a 00000081
[  245518.428258] /dev/input/event1: 0003 0035 00005fe0
[  245518.428258] /dev/input/event1: 0003 0036 00002366
[  245518.428258] /dev/input/event1: 0000 0000 00000000
[  245518.490185] /dev/input/event1: 0003 003a 00000000
[  245518.490185] /dev/input/event1: 0003 0039 ffffffff
[  245518.490185] /dev/input/event1: 0000 0000 00000000
[  245520.182749] /dev/input/event1: 0003 0039 00000000
[  245520.182749] /dev/input/event1: 0003 0030 000002de
[  245520.182749] /dev/input/event1: 0003 003a 00000081
[  245520.182749] /dev/input/event1: 0003 0035 00002536
[  245520.182749] /dev/input/ev