--------- beginning of main
06-30 16:35:46.910  1684  1698 E memtrack: Couldn't load memtrack module
06-30 16:35:46.911  1684  1698 W android.os.Debug: failed to get memory consumption info: -1
06-30 16:35:46.941  1684  1698 E memtrack: Couldn't load memtrack module
06-30 16:35:46.941  1684  1698 W android.os.Debug: failed to get memory consumption info: -1
06-30 16:35:46.955  1684  1698 E memtrack: Couldn't load memtrack module
06-30 16:35:46.955  1684  1698 W android.os.Debug: failed to get memory consumption info: -1
06-30 16:35:49.394  2357  2357 I MicroDetectionWorker: #updateMicroDetector [detectionMode: [mDetectionMode: [1]]]
06-30 16:35:49.394  2357  2357 I MicroDetectionWorker: #startMicroDetector [speakerMode: 0]
06-30 16:35:49.395  2357  2357 I AudioController: Using mInputStreamFactoryBuilder
06-30 16:35:49.397  2357  2357 I MicroDetectionWorker: onReady
06-30 16:35:49.399  2357  2603 I MicroRecognitionRunner: Starting detection.
06-30 16:35:49.399  2357  2618 I MicrophoneInputStream: mic_starting com.google.android.apps.gsa.staticplugins.aa.c@3027635
06-30 16:35:49.402  1530  4507 I AudioFlinger: AudioFlinger's thread 0xef1096c0 tid=4507 ready to run
06-30 16:35:49.402  1530  1530 W ServiceManager: Permission failure: android.permission.RECORD_AUDIO from uid=10030 pid=-1
06-30 16:35:49.402  1530  1530 E         : Request requires android.permission.RECORD_AUDIO
06-30 16:35:49.402  1530  1530 E AudioFlinger: openRecord() permission denied: recording not allowed
06-30 16:35:49.402  2357  2618 E AudioRecord: AudioFlinger could not create record track, status: -1
06-30 16:35:49.404  2357  2618 E AudioRecord-JNI: Error creating AudioRecord instance: initialization check failed with status -1.
06-30 16:35:49.404  2357  2618 E android.media.AudioRecord: Error code -20 when initializing native AudioRecord object.
06-30 16:35:49.404  2357  2618 I MicrophoneInputStream: mic_started com.google.android.apps.gsa.staticplugins.aa.c@3027635
06-30 16:35:49.404  2357  2357 I MicroDetectionWorker: onReady
06-30 16:35:49.406  2357  2618 I MicrophoneInputStream: mic_close com.google.android.apps.gsa.staticplugins.aa.c@3027635
06-30 16:35:49.407  2357  2603 I MicroRecognitionRunner: Detection finished
06-30 16:35:49.407  2357  2603 W ErrorReporter: reportError [type: 211, code: 524300]: Error reading from input stream
06-30 16:35:49.407  2357  3850 I MicroRecognitionRunner: Stopping hotword detection.
06-30 16:35:49.407  2357  2603 W ErrorProcessor: onFatalError, processing error from engine(4)
06-30 16:35:49.407  2357  2603 W ErrorProcessor: com.google.android.apps.gsa.shared.speech.b.g: Error reading from input stream
06-30 16:35:49.407  2357  2603 W ErrorProcessor: 	at com.google.android.apps.gsa.staticplugins.recognizer.j.a.a(SourceFile:28)
06-30 16:35:49.407  2357  2603 W ErrorProcessor: 	at com.google.android.apps.gsa.staticplugins.recognizer.j.b.run(SourceFile:15)
06-30 16:35:49.407  2357  2603 W ErrorProcessor: 	at java.util.concurrent.Executors$RunnableAdapter.call(Executors.java:457)
06-30 16:35:49.407  2357  2603 W ErrorProcessor: 	at java.util.concurrent.FutureTask.run(FutureTask.java:266)
06-30 16:35:49.407  2357  2603 W ErrorProcessor: 	at com.google.android.apps.gsa.shared.util.concurrent.a.ax.run(SourceFile:14)
06-30 16:35:49.407  2357  2603 W ErrorProcessor: 	at com.google.android.apps.gsa.shared.util.concurrent.a.bl.run(SourceFile:4)
06-30 16:35:49.407  2357  2603 W ErrorProcessor: 	at com.google.android.apps.gsa.shared.util.concurrent.a.bl.run(SourceFile:4)
06-30 16:35:49.407  2357  2603 W ErrorProcessor: 	at java.util.concurrent.ThreadPoolExecutor.runWorker(ThreadPoolExecutor.java:1162)
06-30 16:35:49.407  2357  2603 W ErrorProcessor: 	at java.util.concurrent.ThreadPoolExecutor$Worker.run(ThreadPoolExecutor.java:636)
06-30 16:35:49.407  2357  2603 W ErrorProcessor: 	at java.lang.Thread.run(Thread.java:764)
06-30 16:35:49.407  2357  2603 W ErrorProcessor: 	at com.google.android.apps.gsa.shared.util.concurrent.a.ai.run(SourceFile:6)
06-30 16:35:49.407  2357  2603 W ErrorProcessor: Caused by: com.google.android.apps.gsa.shared.exception.GsaIOException: Error code: 393238 | Buffer overflow, no available space.
06-30 16:35:49.407  2357  2603 W ErrorProcessor: 	at com.google.android.apps.gsa.speech.audio.Tee.f(SourceFile:103)
06-30 16:35:49.407  2357  2603 W ErrorProcessor: 	at com.google.android.apps.gsa.speech.audio.au.read(SourceFile:2)
06-30 16:35:49.407  2357  2603 W ErrorProcessor: 	at java.io.InputStream.read(InputStream.java:101)
06-30 16:35:49.407  2357  2603 W ErrorProcessor: 	at com.google.android.apps.gsa.speech.audio.ao.run(SourceFile:18)
06-30 16:35:49.407  2357  2603 W ErrorProcessor: 	at com.google.android.apps.gsa.speech.audio.an.run(SourceFile:2)
06-30 16:35:49.407  2357  2603 W ErrorProcessor: 	... 9 more
06-30 16:35:49.407  2357  2603 I AudioController: internalShutdown
06-30 16:35:49.408  2357  2357 I MicroDetector: Keeping mic open: false
06-30 16:35:49.408  2357  2357 I MicroDetectionWorker: #onError(false)
06-30 16:35:49.408  2357  2597 I DeviceStateChecker: DeviceStateChecker cancelled
06-30 16:35:49.435  2283  4509 I Vision  : Requesting optional module download of ocr.
06-30 16:35:49.436  2283  4509 I Vision  : Checking for download completion for 117925 -- ocr
06-30 16:35:53.909  4525  4525 D AndroidRuntime: >>>>>> START com.android.internal.os.RuntimeInit uid 2000 <<<<<<
06-30 16:35:54.102  4525  4525 W app_process: Unexpected CPU variant for X86 using defaults: x86_64
06-30 16:35:54.189  4525  4525 D AndroidRuntime: Calling main entry com.android.commands.pm.Pm
06-30 16:35:54.204  4525  4525 I app_process: System.exit called, status: 0
06-30 16:35:54.204  4525  4525 I AndroidRuntime: VM exiting with result code 0.
06-30 16:35:54.208  4525  4534 W MessageQueue: Handler (android.os.Handler) {577ece8} sending message to a Handler on a dead thread
06-30 16:35:54.208  4525  4534 W MessageQueue: java.lang.IllegalStateException: Handler (android.os.Handler) {577ece8} sending message to a Handler on a dead thread
06-30 16:35:54.208  4525  4534 W MessageQueue: 	at android.os.MessageQueue.enqueueMessage(MessageQueue.java:545)
06-30 16:35:54.208  4525  4534 W MessageQueue: 	at android.os.Handler.enqueueMessage(Handler.java:661)
06-30 16:35:54.208  4525  4534 W MessageQueue: 	at android.os.Handler.sendMessageAtTime(Handler.java:630)
06-30 16:35:54.208  4525  4534 W MessageQueue: 	at android.os.Handler.sendMessageDelayed(Handler.java:600)
06-30 16:35:54.208  4525  4534 W MessageQueue: 	at android.os.Handler.post(Handler.java:356)
06-30 16:35:54.208  4525  4534 W MessageQueue: 	at android.os.ResultReceiver$MyResultReceiver.send(ResultReceiver.java:57)
06-30 16:35:54.208  4525  4534 W MessageQueue: 	at com.android.internal.os.IResultReceiver$Stub.onTransact(IResultReceiver.java:58)
06-30 16:35:54.208  4525  4534 W MessageQueue: 	at android.os.Binder.execTransact(Binder.java:674)
--------- beginning of system
06-30 16:35:54.399  1684  1711 W PackageManager: Package fr.neamar.kiss.debug attempting to redeclare system permission com.android.launcher.permission.UNINSTALL_SHORTCUT; ignoring new declaration
06-30 16:35:54.399  1684  1711 W PackageManager: Package fr.neamar.kiss.debug attempting to redeclare system permission com.android.launcher.permission.INSTALL_SHORTCUT; ignoring new declaration
06-30 16:35:54.409  1684  1711 I PackageManager.DexOptimizer: Running dexopt (dexoptNeeded=1) on: /data/app/vmdl1577834312.tmp/base.apk pkg=fr.neamar.kiss.debug isa=x86_64 dexoptFlags=boot_complete,debuggable,public target-filter=quicken oatDir=/data/app/vmdl1577834312.tmp/oat sharedLibraries=null
06-30 16:35:54.411  2357  2357 I MicroDetectionWorker: #updateMicroDetector [detectionMode: [mDetectionMode: [1]]]
06-30 16:35:54.411  2357  2357 I MicroDetectionWorker: #startMicroDetector [speakerMode: 0]
06-30 16:35:54.411  2357  2357 I AudioController: Using mInputStreamFactoryBuilder
06-30 16:35:54.413  2357  2357 I MicroDetectionWorker: onReady
06-30 16:35:54.415  2357  2597 I MicroRecognitionRunner: Starting detection.
06-30 16:35:54.416  2357  2618 I MicrophoneInputStream: mic_starting com.google.android.apps.gsa.staticplugins.aa.c@d5f2fb3
06-30 16:35:54.418  1530  1530 W ServiceManager: Permission failure: android.permission.RECORD_AUDIO from uid=10030 pid=-1
06-30 16:35:54.418  1530  1530 E         : Request requires android.permission.RECORD_AUDIO
06-30 16:35:54.418  1530  1530 E AudioFlinger: openRecord() permission denied: recording not allowed
06-30 16:35:54.418  2357  2618 E AudioRecord: AudioFlinger could not create record track, status: -1
06-30 16:35:54.418  1530  4547 I AudioFlinger: AudioFlinger's thread 0xef109540 tid=4547 ready to run
06-30 16:35:54.419  2357  2618 E AudioRecord-JNI: Error creating AudioRecord instance: initialization check failed with status -1.
06-30 16:35:54.419  2357  2618 E android.media.AudioRecord: Error code -20 when initializing native AudioRecord object.
06-30 16:35:54.419  2357  2618 I MicrophoneInputStream: mic_started com.google.android.apps.gsa.staticplugins.aa.c@d5f2fb3
06-30 16:35:54.420  2357  2618 E ActivityThread: Failed to find provider info for com.google.android.apps.gsa.testing.ui.audio.recorded
06-30 16:35:54.420  2357  2357 I MicroDetectionWorker: onReady
06-30 16:35:54.423  2357  2618 I MicrophoneInputStream: mic_close com.google.android.apps.gsa.staticplugins.aa.c@d5f2fb3
06-30 16:35:54.424  2357  2597 I MicroRecognitionRunner: Detection finished
06-30 16:35:54.424  2357  2597 W ErrorReporter: reportError [type: 211, code: 524300]: Error reading from input stream
06-30 16:35:54.425  2357  3850 I MicroRecognitionRunner: Stopping hotword detection.
06-30 16:35:54.426  2357  2597 W ErrorProcessor: onFatalError, processing error from engine(4)
06-30 16:35:54.426  2357  2597 W ErrorProcessor: com.google.android.apps.gsa.shared.speech.b.g: Error reading from input stream
06-30 16:35:54.426  2357  2597 W ErrorProcessor: 	at com.google.android.apps.gsa.staticplugins.recognizer.j.a.a(SourceFile:28)
06-30 16:35:54.426  2357  2597 W ErrorProcessor: 	at com.google.android.apps.gsa.staticplugins.recognizer.j.b.run(SourceFile:15)
06-30 16:35:54.426  2357  2597 W ErrorProcessor: 	at java.util.concurrent.Executors$RunnableAdapter.call(Executors.java:457)
06-30 16:35:54.426  2357  2597 W ErrorProcessor: 	at java.util.concurrent.FutureTask.run(FutureTask.java:266)
06-30 16:35:54.426  2357  2597 W ErrorProcessor: 	at com.google.android.apps.gsa.shared.util.concurrent.a.ax.run(SourceFile:14)
06-30 16:35:54.426  2357  2597 W ErrorProcessor: 	at com.google.android.apps.gsa.shared.util.concurrent.a.bl.run(SourceFile:4)
06-30 16:35:54.426  2357  2597 W ErrorProcessor: 	at com.google.android.apps.gsa.shared.util.concurrent.a.bl.run(SourceFile:4)
06-30 16:35:54.426  2357  2597 W ErrorProcessor: 	at java.util.concurrent.ThreadPoolExecutor.runWorker(ThreadPoolExecutor.java:1162)
06-30 16:35:54.426  2357  2597 W ErrorProcessor: 	at java.util.concurrent.ThreadPoolExecutor$Worker.run(ThreadPoolExecutor.java:636)
06-30 16:35:54.426  2357  2597 W ErrorProcessor: 	at java.lang.Thread.run(Thread.java:764)
06-30 16:35:54.426  2357  2597 W ErrorProcessor: 	at com.google.android.apps.gsa.shared.util.concurrent.a.ai.run(SourceFile:6)
06-30 16:35:54.426  2357  2597 W ErrorProcessor: Caused by: com.google.android.apps.gsa.shared.exception.GsaIOException: Error code: 393238 | Buffer overflow, no available space.
06-30 16:35:54.426  2357  2597 W ErrorProcessor: 	at com.google.android.apps.gsa.speech.audio.Tee.f(SourceFile:103)
06-30 16:35:54.426  2357  2597 W ErrorProcessor: 	at com.google.android.apps.gsa.speech.audio.au.read(SourceFile:2)
06-30 16:35:54.426  2357  2597 W ErrorProcessor: 	at java.io.InputStream.read(InputStream.java:101)
06-30 16:35:54.426  2357  2597 W ErrorProcessor: 	at com.google.android.apps.gsa.speech.audio.ao.run(SourceFile:18)
06-30 16:35:54.426  2357  2597 W ErrorProcessor: 	at com.google.android.apps.gsa.speech.audio.an.run(SourceFile:2)
06-30 16:35:54.426  2357  2597 W ErrorProcessor: 	... 9 more
06-30 16:35:54.426  2357  2597 I AudioController: internalShutdown
06-30 16:35:54.427  2357  2357 I MicroDetector: Keeping mic open: false
06-30 16:35:54.427  2357  2603 I DeviceStateChecker: DeviceStateChecker cancelled
06-30 16:35:54.428  2357  2357 I MicroDetectionWorker: #onError(false)
06-30 16:35:54.481  4543  4543 W dex2oat : Unexpected CPU variant for X86 using defaults: x86_64
06-30 16:35:54.482  4543  4543 I dex2oat : /system/bin/dex2oat --input-vdex-fd=-1 --output-vdex-fd=10 --compiler-filter=quicken --debuggable --classpath-dir=/data/app/vmdl1577834312.tmp
06-30 16:35:54.804  4543  4543 I dex2oat : dex2oat took 324.916ms (959.898ms cpu) (threads: 4) arena alloc=4KB (4136B) java alloc=710KB (727416B) native alloc=1729KB (1770808B) free=1854KB (1899208B)
06-30 16:35:54.854  1684  1711 D PackageManager: Ephemeral installer not found with new action; try old one
06-30 16:35:54.854  1684  1711 D PackageManager: Clear ephemeral installer activity
06-30 16:35:54.856  1684  1711 V BackupManagerService: restoreAtInstall pkg=fr.neamar.kiss.debug token=1 restoreSet=0
06-30 16:35:54.858  1684  1711 V BackupManagerService: Finishing install immediately
06-30 16:35:54.863  1533  1554 E         : Couldn't opendir /data/app/vmdl1577834312.tmp: No such file or directory
06-30 16:35:54.864  1533  1554 E installd: Failed to delete /data/app/vmdl1577834312.tmp: No such file or directory
06-30 16:35:54.876  1684  1699 W BroadcastQueue: Background execution not allowed: receiving Intent { act=android.intent.action.PACKAGE_ADDED dat=package:fr.neamar.kiss.debug flg=0x4000010 (has extras) } to com.google.android.gms/.games.chimera.GamesSystemBroadcastReceiverProxy
06-30 16:35:54.876  1684  1699 W BroadcastQueue: Background execution not allowed: receiving Intent { act=android.intent.action.PACKAGE_ADDED dat=package:fr.neamar.kiss.debug flg=0x4000010 (has extras) } to com.google.android.gms/.gass.chimera.PackageChangeBroadcastReceiver
06-30 16:35:54.876  1684  1699 W BroadcastQueue: Background execution not allowed: receiving Intent { act=android.intent.action.PACKAGE_ADDED dat=package:fr.neamar.kiss.debug flg=0x4000010 (has extras) } to com.google.android.gms/.chimera.GmsIntentOperationService$PersistentTrustedReceiver
06-30 16:35:54.882  1684  1699 W BroadcastQueue: Background execution not allowed: receiving Intent { act=android.intent.action.PACKAGE_ADDED dat=package:fr.neamar.kiss.debug flg=0x4000010 (has extras) } to com.google.android.googlequicksearchbox/com.google.android.apps.gsa.googlequicksearchbox.GelStubAppWatcher
06-30 16:35:54.882  1684  1746 I InputReader: Reconfiguring input devices.  changes=0x00000010
06-30 16:35:54.908  2084  4558 W GCM     : Unexpected forwarded intent: Intent { act=android.intent.action.PACKAGE_ADDED dat=package:fr.neamar.kiss.debug flg=0x4000010 cmp=com.google.android.gms/.chimera.PersistentIntentOperationService (has extras) }
06-30 16:35:54.912  2084  4561 W GCM     : Unexpected forwarded intent: Intent { act=android.intent.action.PACKAGE_ADDED dat=package:fr.neamar.kiss.debug flg=0x4000010 cmp=com.google.android.gms/.chimera.PersistentIntentOperationService (has extras) }
06-30 16:35:54.921  1926  1926 D CarrierSvcBindHelper: No carrier app for: 0
06-30 16:35:54.936  2283  4565 I Auth    : [SupervisedAccountIntentOperation] onHandleIntent(): android.intent.action.PACKAGE_ADDED
06-30 16:35:54.937  1926  1926 D ImsResolver: maybeAddedImsService, packageName: fr.neamar.kiss.debug
06-30 16:35:54.937  1926  1926 D CarrierConfigLoader: mHandler: 9 phoneId: 0
06-30 16:35:54.939  2283  4565 I ChromeSync: [Sync,SyncIntentOperation] Handling the intent: Intent { act=android.intent.action.PACKAGE_ADDED dat=package:fr.neamar.kiss.debug flg=0x4000010 cmp=com.google.android.gms/.chimera.GmsIntentOperationService (has extras) }.
06-30 16:35:54.939  1684  1684 I Telecom : DefaultDialerCache: Refreshing default dialer for user 0: now com.google.android.dialer: DDC.oR@AFU
06-30 16:35:54.942  1684  3606 W ActivityManager: Unable to start service Intent { act=com.google.android.gms.auth.key.retrieval.service.START pkg=com.google.android.gms } U=0: not found
06-30 16:35:54.943  1684  3606 W ActivityManager: Unbind failed: could not find connection for android.os.BinderProxy@8a8d59b
06-30 16:35:54.944  2283  2743 E GmsClient: unable to connect to service: com.google.android.gms.auth.key.retrieval.service.START on com.google.android.gms
06-30 16:35:54.979  4328  4471 I ProvidersCache: Provider returned no roots. Possibly naughty: com.google.android.apps.docs.storage
06-30 16:35:54.991  1684  1694 I zygote64: Background concurrent copying GC freed 49986(2MB) AllocSpace objects, 23(568KB) LOS objects, 37% free, 10MB/16MB, paused 1.079ms total 124.863ms
06-30 16:35:55.021  1684  1698 E memtrack: Couldn't load memtrack module
06-30 16:35:55.021  1684  1698 W android.os.Debug: failed to get memory consumption info: -1
06-30 16:35:55.029  2283  4565 I ChromeSync: [Persistence,AffiliationManager] One of affiliation or grouping data for android://rn9jOb6VD2n1bpeAjA2GNSG62OUXRrK--f3ATaD22mTwHrDzzFsE242V56O2ruAbhBGBTRPIzQIrxS_pS2ZtSQ==@fr.neamar.kiss.debug/ was not found. Marking affiliation data as stale...
06-30 16:35:55.081  1684  1698 E memtrack: Couldn't load memtrack module
06-30 16:35:55.081  1684  1698 W android.os.Debug: failed to get memory consumption info: -1
06-30 16:35:55.110  2283  4567 I ChimeraConfigurator: Starting update, reason: 4 urgentFeatures: pay:-1
06-30 16:35:55.111  2283  4567 E ConfigFileUtils: Failed to read config file: /data/user_de/0/com.google.android.gms/app_chimera/next_container.pb (No such file or directory)
06-30 16:35:55.154  2283  4567 I ChmraDebugLogger: [73] 1801
06-30 16:35:55.165  2283  4567 I ChmraDebugLogger: [30] [Pay.optional:202414020000] permitMetered=true,
06-30 16:35:55.173  1684  1698 E memtrack: Couldn't load memtrack module
06-30 16:35:55.173  1684  1698 W android.os.Debug: failed to get memory consumption info: -1
06-30 16:35:55.176  2283  4567 W ChimeraConfigService: Retry attempt was throttled.
06-30 16:35:55.228  2283  2887 I Icing   : IndexChimeraService.getServiceInterface callingPackage=com.google.android.gms componentName=AppsCorpus serviceId=36
06-30 16:35:55.242  2283  2803 W Icing   : No valid account for uploading user actions
06-30 16:35:55.252  2283  2887 I zygote64: Deoptimizing void bzyp.a(java.lang.Iterable, java.util.List) due to JIT inline cache
06-30 16:35:55.252  2283  2803 I Icing   : Usage reports ok 0, Failed Usage reports 0, indexed 0, rejected 0
06-30 16:35:55.258  2283  2887 I zygote64: Deoptimizing java.lang.Object bpnf.a(java.lang.Object, java.lang.Object[], int, int, java.lang.Object) due to JIT inline cache
06-30 16:35:55.262  2283  2727 I Icing   : IndexChimeraService.getServiceInterface callingPackage=com.google.android.gms componentName=null serviceId=30
06-30 16:35:55.265  2283  2803 I Icing   : Indexing com.google.android.gms-internal.3p:MobileApplication from com.google.android.gms using seqno 93
06-30 16:35:55.266  2283  3016 I Icing   : IndexChimeraService.getServiceInterface callingPackage=com.google.android.gms componentName=null serviceId=36
06-30 16:35:55.306  2283  2803 I Icing   : Indexing com.google.android.gms-apps from com.google.android.gms
06-30 16:35:55.349  2283  2803 W Icing   : No valid account for uploading user actions
06-30 16:35:55.356  2283  2803 I Icing   : Usage reports ok 0, Failed Usage reports 0, indexed 0, rejected 0
06-30 16:35:55.358  2283  2803 W Icing   : No valid account for uploading user actions
06-30 16:35:55.364  2283  2803 I Icing   : Usage reports ok 0, Failed Usage reports 0, indexed 0, rejected 0
06-30 16:35:55.365  2283  2803 I Icing   : Indexing done com.google.android.gms-apps
06-30 16:35:55.942  1684  1698 E memtrack: Couldn't load memtrack module
06-30 16:35:55.942  1684  1698 W android.os.Debug: failed to get memory consumption info: -1
06-30 16:35:55.949  1684  1698 E memtrack: Couldn't load memtrack module
06-30 16:35:55.949  1684  1698 W android.os.Debug: failed to get memory consumption info: -1
06-30 16:35:55.957  1684  1698 E memtrack: Couldn't load memtrack module
06-30 16:35:55.957  1684  1698 W android.os.Debug: failed to get memory consumption info: -1
06-30 16:35:56.302  2283  2803 I ContentMaintenance: Internal cache bytes used: 0; limit: 40626585; download size: 0
06-30 16:35:56.310  2283  2803 I RealtimeCacheCleanup: Beginning Realtime garbage collection.
06-30 16:35:56.311  2283  2803 I RealtimeCacheCleanup: Finished Realtime garbage collection.
06-30 16:35:56.834  1684  1702 E BatteryStatsService: modem info is invalid: ModemActivityInfo{ mTimestamp=0 mSleepTimeMs=0 mIdleTimeMs=0 mTxTimeMs[]=[0, 0, 0, 0, 0] mRxTimeMs=0 mEnergyUsed=0}
Elapsed Time: 616689
