add device 1: /dev/input/event0
  name:     "Power Button"
add device 2: /dev/input/event1
  name:     "qwerty2"
[   22242.749842] /dev/input/event1: 0003 0039 00000000
[   22242.749842] /dev/input/event1: 0003 0030 00000311
[   22242.749842] /dev/input/event1: 0003 003a 00000081
[   22242.749842] /dev/input/event1: 0003 0035 000078e2
[   22242.749842] /dev/input/event1: 0003 0036 00000922
[   22242.749842] /dev/input/event1: 0000 0000 00000000
[   22242.859065] /dev/input/event1: 0003 003a 00000000
[   22242.859065] /dev/input/event1: 0003 0039 ffffffff
[   22242.859065] /dev/input/event1: 0000 0000 00000000
[   22244.734010] /dev/input/event1: 0003 0039 00000000
[   22244.734010] /dev/input/event1: 0003 0030 00000312
[   22244.734010] /dev/input/event1: 0003 003a 00000081
[   22244.734010] /dev/input/event1: 0003 0035 00005a12
[   22244.734010] /dev/input/event1: 0003 0036 00001177
[   22244.734010] /dev/input/event1: 0000 0000 00000000
[   22244.874933] /dev/input/event1: 0003 003a 00000000
[   22244.874933] /dev/input/event1: 0003 0039 ffffffff
[   22244.874933] /dev/input/event1: 0000 0000 00000000
[   22247.184650] /dev/input/event1: 0003 0039 00000000
[   22247.184650] /dev/input/event1: 0003 0030 00000313
[   22247.184650] /dev/input/event1: 0003 003a 00000081
[   22247.184650] /dev/input/event1: 0003 0035 00002221
[   22247.184650] /dev/input/event1: 0003 0036 00001faa
[   22247.184650] /dev/input/event1: 0000 0000 00000000
[   22247.291600] /dev/input/event1: 0003 003a 00000000
[   22247.291600] /dev/input/event1: 0003 0039 ffffffff
[   22247.291600] /dev/input/event1: 0000 0000 00000000
[   22248.866961] /dev/input/event1: 0003 0039 00000000
[   22248.866961] /dev/input/event1: 0003 0030 00000314
[   22248.866961] /dev/input/event1: 0003 003a 00000081
[   22248.866961] /dev/input/event1: 0003 0035 00000f86
[   22248.866961] /dev/input/event1: 0003 0036 00004fcc
[   22248.866961] /dev/input/event1: 0000 0000 00000000
[   22248.972892] /dev/input/event1: 0003 003a 00000000
[   22248.972892] /dev/input/event1: 0003 0039 ffffffff
[   22248.972892] /dev/input/event1: 0000 0000 00000000
[   22249.842726] /dev/input/event1: 0003 0039 00000000
[   22249.842726] /dev/input/event1: 0003 0030 00000315
[   22249.842726] /dev/input/event1: 0003 003a 00000081
[   22249.842726] /dev/input/event1: 0003 0035 000033e8
[   22249.842726] /dev/input/event1: 0003 0036 00004fff
[   22249.842726] /dev/input/event1: 0000 0000 00000000
[   22249.943790] /dev/input/event1: 0003 003a 00000000
[   22249.943790] /dev/input/event1: 0003 0039 ffffffff
[   22249.943790] /dev/input/event1: 0000 0000 00000000
[   22251.338357] /dev/input/event1: 0003 0039 00000000
[   22251.338357] /dev/input/event1: 0003 0030 00000316
[   22251.338357] /dev/input/event1: 0003 003a 00000081
[   22251.338357] /dev/input/event1: 0003 0035 0000536f
[   22251.338357] /dev/input/event1: 0003 0036 000050aa
[   22251.338357] /dev/input/event1: 0000 0000 00000000
[   22251.447490] /dev/input/event1: 0003 003a 00000000
[   22251.447490] /dev/input/event1: 0003 0039 ffffffff
[   22251.447490] /dev/input/event1: 0000 0000 00000000
[   22252.783785] /dev/input/event1: 0003 0039 00000000
[   22252.783785] /dev/input/event1: 0003 0030 00000317
[   22252.783785] /dev/input/event1: 0003 003a 00000081
[   22252.783785] /dev/input/event1: 0003 0035 00001333
[   22252.783785] /dev/input/event1: 0003 0036 00005b10
[   22252.783785] /dev/input/event1: 0000 0000 00000000
[   22252.895967] /dev/input/event1: 0003 003a 00000000
[   22252.895967] /dev/input/event1: 0003 0039 ffffffff
[   22252.895967] /dev/input/event1: 0000 0000 00000000
[   22254.966460] /dev/input/event1: 0003 0039 00000000
[   22254.966460] /dev/input/event1: 0003 0030 00000318
[   22254.966460] /dev/input/event1: 0003 003a 00000081
[   22254.966460] /dev/input/event1: 0003 0035 00007350
[   22254.966460] /dev/input/event1: 0003 0036 00007021
[   22254.966460] /dev/input/event1: 0000 0000 00000000
[   22255.074010] /dev/input/event1: 0003 003a 00000000
[   22255.074010] /dev/input/event1: 0003 0039 ffffffff
[   22255.074010] /dev/input/event1: 0000 0000 00000000
[   22257.035729] /dev/input/event1: 0003 0039 00000000
[   22257.035729] /dev/input/event1: 0003 0030 00000319
[   22257.035729] /dev/input/event1: 0003 003a 00000081
[   22257.035729] /dev/input/event1: 0003 0035 00001221
[   22257.035729] /dev/input/event1: 0003 0036 00004f32
[   22257.035729] /dev/input/event1: 0000 0000 00000000
[   22257.168281] /dev/input/event1: 0003 003a 00000000
[   22257.168281] /dev/input/event1: 0003 0039 ffffffff
[   22257.168281] /dev/input/event1: 0000 0000 00000000
[   22258.276640] /dev/input/event1: 0003 0039 00000000
[   22258.276640] /dev/input/event1: 0003 0030 0000031a
[   22258.276640] /dev/input/event1: 0003 003a 00000081
[   22258.276640] /dev/input/event1: 0003 0035 0000325e
[   22258.276640] /dev/input/event1: 0003 0036 00005032
[   22258.276640] /dev/input/event1: 0000 0000 00000000
[   22258.398900] /dev/input/event1: 0003 003a 00000000
[   22258.398900] /dev/input/event1: 0003 0039 ffffffff
[   22258.398900] /dev/input/event1: 0000 0000 00000000
[   22259.554208] /dev/input/event1: 0003 0039 00000000
[   22259.554208] /dev/input/event1: 0003 0030 0000031b
[   22259.554208] /dev/input/event1: 0003 003a 00000081
[   22259.554208] /dev/input/event1: 0003 0035 00005665
[   22259.554208] /dev/input/event1: 0003 0036 00004f32
[   22259.554208] /dev/input/event1: 0000 0000 00000000
[   22259.647174] /dev/input/event1: 0003 003a 00000000
[   22259.647174] /dev/input/event1: 0003 0039 ffffffff
[   22259.647174] /dev/input/event1: 0000 0000 00000000
[   22260.578386] /dev/input/event1: 0003 0039 00000000
[   22260.578386] /dev/input/event1: 0003 0030 0000031c
[   22260.578386] /dev/input/event1: 0003 003a 00000081
[   22260.578386] /dev/input/event1: 0003 0035 0000127d
[   22260.578386] /dev/input/event1: 0003 0036 00005add
[   22260.578386] /dev/input/event1: 0000 0000 00000000
[   22260.702070] /dev/input/event1: 0003 003a 00000000
[   22260.702070] /dev/input/event1: 0003 0039 ffffffff
[   22260.702070] /dev/input/event1: 0000 0000 00000000
[   22262.259980] /dev/input/event1: 0003 0039 00000000
[   22262.259980] /dev/input/event1: 0003 0030 0000031d
[   22262.259980] /dev/input/event1: 0003 003a 00000081
[   22262.259980] /dev/input/event1: 0003 0035 000073ab
[   22262.259980] /dev/input/event1: 0003 0036 000070ba
[   22262.259980] /dev/input/event1: 0000 0000 00000000
[   22262.367665] /dev/input/event1: 0003 003a 00000000
[   22262.367665] /dev/input/event1: 0003 0039 ffffffff
[   22262.367665] /dev/input/event1: 0000 0000 00000000
[   22263.716411] /dev/input/event1: 0003 0039 00000000
[   22263.716411] /dev/input/event1: 0003 0030 0000031e
[   22263.716411] /dev/input/event1: 0003 003a 00000081
[   22263.716411] /dev/input/event1: 0003 0035 00000f2b
[   22263.716411] /dev/input/event1: 0003 0036 00003521
[   22263.716411] /dev/input/event1: 0000 0000 00000000
[   22263.832983] /dev/input/event1: 0003 003a 00000000
[   22263.832983] /dev/input/event1: 0003 0039 ffffffff
[   22263.832983] /dev/input/event1: 0000 0000 00000000
[   22266.305601] /dev/input/event1: 0003 0039 00000000
[   22266.305601] /dev/input/event1: 0003 0030 0000031f
[   22266.305601] /dev/input/event1: 0003 003a 00000081
[   22266.305601] /dev/input/event1: 0003 0035 000078e2
[   22266.305601] /dev/input/event1: 0003 0036 00000988
[   22266.305601] /dev/input/event1: 0000 0000 00000000
[   22266.421217] /dev/input/event1: 0003 003a 00000000
[   22266.421217] /dev/input/event1: 0003 0039 ffffffff
[   22266.421217] /dev/input/event1: 0000 0000 00000000
[   22268.956305] /dev/input/event1: 0003 0039 00000000
[   22268.956305] /dev/input/event1: 0003 0030 00000320
[   22268.956305] /dev/input/event1: 0003 003a 00000081
[   22268.956305] /dev/input/event1: 0003 0035 000053ca
[   22268.956305] /dev/input/event1: 0003 0036 00001a44
[   22268.956305] /dev/input/event1: 0000 0000 00000000
[   22269.048823] /dev/input/event1: 0003 003a 00000000
[   22269.048823] /dev/input/event1: 0003 0039 ffffffff
[   22269.048823] /dev/input/event1: 0000 0000 00000000
[   22271.754030] /dev/input/event1: 0003 0039 00000000
[   22271.754030] /dev/input/event1: 0003 0030 00000321
[   22271.754030] /dev/input/event1: 0003 003a 00000081
[   22271.754030] /dev/input/event1: 0003 0035 00002fc2
[   22271.754030] /dev/input/event1: 0003 0036 00001644
[   22271.754030] /dev/input/event1: 0000 0000 00000000
[   22271.854903] /dev/input/event1: 0003 003a 00000000
[   22271.854903] /dev/input/event1: 0003 0039 ffffffff
[   22271.854903] /dev/input/event1: 0000 0000 00000000
[   22273.420426] /dev/input/event1: 0003 0039 00000000
[   22273.420426] /dev/input/event1: 0003 0030 00000322
[   22273.420426] /dev/input/event1: 0003 003a 00000081
[   22273.420426] /dev/input/event1: 0003 0035 00000e75
[   22273.420426] /dev/input/event1: 0003 0036 00004fcc
[   22273.420426] /dev/input/event1: 0000 0000 00000000
[   22273.529461] /dev/input/event1: 0003 003a 00000000
[   22273.529461] /dev/input/event1: 0003 0039 ffffffff
[   22273.529461] /dev/input/event1: 0000 0000 00000000
[   22274.505875] /dev/input/event1: 0003 0039 00000000
[   22274.505875] /dev/input/event1: 0003 0030 00000323
[   22274.505875] /dev/input/event1: 0003 003a 00000081
[   22274.505875] /dev/input/event1: 0003 0035 000033e8
[   22274.505875] /dev/input/event1: 0003 0036 00004f32
[   22274.505875] /dev/input/event1: 0000 0000 00000000
[   22274.607051] /dev/input/event1: 0003 003a 00000000
[   22274.607051] /dev/input/event1: 0003 0039 ffffffff
[   22274.607051] /dev/input/event1: 0000 0000 00000000
[   22275.933028] /dev/input/event1: 0003 0039 00000000
[   22275.933028] /dev/input/event1: 0003 0030 00000324
[   22275.933028] /dev/input/event1: 0003 003a 00000081
[   22275.933028] /dev/input/event1: 0003 0035 0000595c
[   22275.933028] /dev/input/event1: 0003 0036 00005032
[   22275.933028] /dev/input/event1: 0000 0000 00000000
[   22275.986104] /dev/input/event1: 0003 003a 00000000
[   22275.986104] /dev/input/event1: 0003 0039 ffffffff
[   22275.986104] /dev/input/event1: 0000 0000 00000000
[   22277.204235] /dev/input/event1: 0003 0039 00000000
[   22277.204235] /dev/input/event1: 0003 0030 00000325
[   22277.204235] /dev/input/event1: 0003 003a 00000081
[   22277.204235] /dev/input/event1: 0003 0035 00001097
[   22277.204235] /dev/input/event1: 0003 0036 00005a76
[   22277.204235] /dev/input/event1: 0000 0000 00000000
[   22277.295145] /dev/input/event1: 0003 003a 00000000
[   22277.295145] /dev/input/event1: 0003 0039 ffffffff
[   22277.295145] /dev/input/event1: 0000 0000 00000000
[   22279.016297] /dev/input/event1: 0003 0039 00000000
[   22279.016297] /dev/input/event1: 0003 0030 00000326
[   22279.016297] /dev/input/event1: 0003 003a 00000081
[   22279.016297] /dev/input/event1: 0003 0035 0000723f
[   22279.016297] /dev/input/event1: 0003 0036 00007087
[   22279.016297] /dev/input/event1: 0000 0000 00000000
[   22279.146886] /dev/input/event1: 0003 003a 00000000
[   22279.146886] /dev/input/event1: 0003 0039 ffffffff
[   22279.146886] /dev/input/event1: 0000 0000 00000000
[   22280.636289] /dev/input/event1: 0003 0039 00000000
[   22280.636289] /dev/input/event1: 0003 0030 00000327
[   22280.636289] /dev/input/event1: 0003 003a 00000081
[   22280.636289] /dev/input/event1: 0003 0035 0000103c
[   22280.636289] /dev/input/event1: 0003 0036 00001dcc
[   22280.636289] /dev/input/event1: 0000 0000 00000000
[   22280.735062] /dev/input/event1: 0003 003a 00000000
[   22280.735062] /dev/input/event1: 0003 0039 ffffffff
[   22280.735062] /dev/input/event1: 0000 0000 00000000