add device 1: /dev/input/event0
  name:     "Power Button"
add device 2: /dev/input/event1
  name:     "qwerty2"
[   35932.264286] /dev/input/event1: 0003 0039 00000000
[   35932.264286] /dev/input/event1: 0003 0030 0000029c
[   35932.264286] /dev/input/event1: 0003 003a 00000081
[   35932.264286] /dev/input/event1: 0003 0035 0000791f
[   35932.264286] /dev/input/event1: 0003 0036 000008ff
[   35932.264286] /dev/input/event1: 0000 0000 00000000
[   35932.351640] /dev/input/event1: 0003 003a 00000000
[   35932.351640] /dev/input/event1: 0003 0039 ffffffff
[   35932.351640] /dev/input/event1: 0000 0000 00000000
[   35933.915177] /dev/input/event1: 0003 0039 00000000
[   35933.915177] /dev/input/event1: 0003 0030 0000029d
[   35933.915177] /dev/input/event1: 0003 003a 00000081
[   35933.915177] /dev/input/event1: 0003 0035 00005758
[   35933.915177] /dev/input/event1: 0003 0036 000009aa
[   35933.915177] /dev/input/event1: 0000 0000 00000000
[   35933.993202] /dev/input/event1: 0003 003a 00000000
[   35933.993202] /dev/input/event1: 0003 0039 ffffffff
[   35933.993202] /dev/input/event1: 0000 0000 00000000
[   35937.188321] /dev/input/event1: 0003 0039 00000000
[   35937.188321] /dev/input/event1: 0003 0030 0000029e
[   35937.188321] /dev/input/event1: 0003 003a 00000081
[   35937.188321] /dev/input/event1: 0003 0035 000031c6
[   35937.188321] /dev/input/event1: 0003 0036 00001e88
[   35937.188321] /dev/input/event1: 0000 0000 00000000
[   35937.277429] /dev/input/event1: 0003 003a 00000000
[   35937.277429] /dev/input/event1: 0003 0039 ffffffff
[   35937.277429] /dev/input/event1: 0000 0000 00000000
[   35938.606720] /dev/input/event1: 0003 0039 00000000
[   35938.606720] /dev/input/event1: 0003 0030 0000029f
[   35938.606720] /dev/input/event1: 0003 003a 00000081
[   35938.606720] /dev/input/event1: 0003 0035 00003aaa
[   35938.606720] /dev/input/event1: 0003 0036 000050cc
[   35938.606720] /dev/input/event1: 0000 0000 00000000
[   35938.695447] /dev/input/event1: 0003 003a 00000000
[   35938.695447] /dev/input/event1: 0003 0039 ffffffff
[   35938.695447] /dev/input/event1: 0000 0000 00000000
[   35939.552107] /dev/input/event1: 0003 0039 00000000
[   35939.552107] /dev/input/event1: 0003 0030 000002a0
[   35939.552107] /dev/input/event1: 0003 003a 00000081
[   35939.552107] /dev/input/event1: 0003 0035 00006d26
[   35939.552107] /dev/input/event1: 0003 0036 00005165
[   35939.552107] /dev/input/event1: 0000 0000 00000000
[   35939.639944] /dev/input/event1: 0003 003a 00000000
[   35939.639944] /dev/input/event1: 0003 0039 ffffffff
[   35939.639944] /dev/input/event1: 0000 0000 00000000
[   35940.305306] /dev/input/event1: 0003 0039 00000000
[   35940.305306] /dev/input/event1: 0003 0030 000002a1
[   35940.305306] /dev/input/event1: 0003 003a 00000081
[   35940.305306] /dev/input/event1: 0003 0035 00006554
[   35940.305306] /dev/input/event1: 0003 0036 00005b65
[   35940.305306] /dev/input/event1: 0000 0000 00000000
[   35940.393719] /dev/input/event1: 0003 003a 00000000
[   35940.393719] /dev/input/event1: 0003 0039 ffffffff
[   35940.393719] /dev/input/event1: 0000 0000 00000000
[   35941.352084] /dev/input/event1: 0003 0039 00000000
[   35941.352084] /dev/input/event1: 0003 0030 000002a2
[   35941.352084] /dev/input/event1: 0003 003a 00000081
[   35941.352084] /dev/input/event1: 0003 0035 00001eb2
[   35941.352084] /dev/input/event1: 0003 0036 000051cc
[   35941.352084] /dev/input/event1: 0000 0000 00000000
[   35941.439873] /dev/input/event1: 0003 003a 00000000
[   35941.439873] /dev/input/event1: 0003 0039 ffffffff
[   35941.439873] /dev/input/event1: 0000 0000 00000000
[   35942.421294] /dev/input/event1: 0003 0039 00000000
[   35942.421294] /dev/input/event1: 0003 0030 000002a3
[   35942.421294] /dev/input/event1: 0003 003a 00000081
[   35942.421294] /dev/input/event1: 0003 0035 000059d5
[   35942.421294] /dev/input/event1: 0003 0036 00006665
[   35942.421294] /dev/input/event1: 0000 0000 00000000
[   35942.497358] /dev/input/event1: 0003 003a 00000000
[   35942.497358] /dev/input/event1: 0003 0039 ffffffff
[   35942.497358] /dev/input/event1: 0000 0000 00000000
[   35956.089661] /dev/input/event1: 0003 0039 00000000
[   35956.089661] /dev/input/event1: 0003 0030 000002a4
[   35956.089661] /dev/input/event1: 0003 003a 00000081
[   35956.089661] /dev/input/event1: 0003 0035 000020b5
[   35956.089661] /dev/input/event1: 0003 0036 000029aa
[   35956.089661] /dev/input/event1: 0000 0000 00000000
[   35956.212018] /dev/input/event1: 0003 003a 00000000
[   35956.212018] /dev/input/event1: 0003 0039 ffffffff
[   35956.212018] /dev/input/event1: 0000 0000 00000000
[   35957.169804] /dev/input/event1: 0003 0039 00000000
[   35957.169804] /dev/input/event1: 0003 0030 000002a5
[   35957.169804] /dev/input/event1: 0003 003a 00000081
[   35957.169804] /dev/input/event1: 0003 0035 00005795
[   35957.169804] /dev/input/event1: 0003 0036 00006565
[   35957.169804] /dev/input/event1: 0000 0000 00000000
[   35957.246397] /dev/input/event1: 0003 003a 00000000
[   35957.246397] /dev/input/event1: 0003 0039 ffffffff
[   35957.246397] /dev/input/event1: 0000 0000 00000000
[   35957.957004] /dev/input/event1: 0003 0039 00000000
[   35957.957004] /dev/input/event1: 0003 0030 000002a6
[   35957.957004] /dev/input/event1: 0003 003a 00000081
[   35957.957004] /dev/input/event1: 0003 0035 000052b9
[   35957.957004] /dev/input/event1: 0003 0036 00005265
[   35957.957004] /dev/input/event1: 0000 0000 00000000
[   35958.057413] /dev/input/event1: 0003 003a 00000000
[   35958.057413] /dev/input/event1: 0003 0039 ffffffff
[   35958.057413] /dev/input/event1: 0000 0000 00000000
[   35958.890510] /dev/input/event1: 0003 0039 00000000
[   35958.890510] /dev/input/event1: 0003 0030 000002a7
[   35958.890510] /dev/input/event1: 0003 003a 00000081
[   35958.890510] /dev/input/event1: 0003 0035 000063ca
[   35958.890510] /dev/input/event1: 0003 0036 000066cb
[   35958.890510] /dev/input/event1: 0000 0000 00000000
[   35958.990114] /dev/input/event1: 0003 003a 00000000
[   35958.990114] /dev/input/event1: 0003 0039 ffffffff
[   35958.990114] /dev/input/event1: 0000 0000 00000000
[   35961.511334] /dev/input/event1: 0003 0039 00000000
[   35961.511334] /dev/input/event1: 0003 0030 000002a8
[   35961.511334] /dev/input/event1: 0003 003a 00000081
[   35961.511334] /dev/input/event1: 0003 0035 00000c71
[   35961.511334] /dev/input/event1: 0003 0036 000032aa
[   35961.511334] /dev/input/event1: 0000 0000 00000000
[   35961.602062] /dev/input/event1: 0003 003a 00000000
[   35961.602062] /dev/input/event1: 0003 0039 ffffffff
[   35961.602062] /dev/input/event1: 0000 0000 00000000
[   35962.805822] /dev/input/event1: 0003 0039 00000000
[   35962.805822] /dev/input/event1: 0003 0030 000002a9
[   35962.805822] /dev/input/event1: 0003 003a 00000081
[   35962.805822] /dev/input/event1: 0003 0035 0000071c
[   35962.805822] /dev/input/event1: 0003 0036 00002d21
[   35962.805822] /dev/input/event1: 0000 0000 00000000
[   35962.917834] /dev/input/event1: 0003 003a 00000000
[   35962.917834] /dev/input/event1: 0003 0039 ffffffff
[   35962.917834] /dev/input/event1: 0000 0000 00000000
[   35964.369746] /dev/input/event1: 0003 0039 00000000
[   35964.369746] /dev/input/event1: 0003 0030 000002aa
[   35964.369746] /dev/input/event1: 0003 003a 00000081
[   35964.369746] /dev/input/event1: 0003 0035 0000112f
[   35964.369746] /dev/input/event1: 0003 0036 00004021
[   35964.369746] /dev/input/event1: 0000 0000 00000000
[   35964.459024] /dev/input/event1: 0003 003a 00000000
[   35964.459024] /dev/input/event1: 0003 0039 ffffffff
[   35964.459024] /dev/input/event1: 0000 0000 00000000
[   35967.226785] /dev/input/event1: 0003 0039 00000000
[   35967.226785] /dev/input/event1: 0003 0030 000002ab
[   35967.226785] /dev/input/event1: 0003 003a 00000081
[   35967.226785] /dev/input/event1: 0003 0035 0000084b
[   35967.226785] /dev/input/event1: 0003 0036 00001b88
[   35967.226785] /dev/input/event1: 0000 0000 00000000
[   35967.328011] /dev/input/event1: 0003 003a 00000000
[   35967.328011] /dev/input/event1: 0003 0039 ffffffff
[   35967.328011] /dev/input/event1: 0000 0000 00000000
[   35969.138671] /dev/input/event1: 0003 0039 00000000
[   35969.138671] /dev/input/event1: 0003 0030 000002ac
[   35969.138671] /dev/input/event1: 0003 003a 00000081
[   35969.138671] /dev/input/event1: 0003 0035 000014fa
[   35969.138671] /dev/input/event1: 0003 0036 000030ff
[   35969.138671] /dev/input/event1: 0000 0000 00000000
[   35969.251591] /dev/input/event1: 0003 003a 00000000
[   35969.251591] /dev/input/event1: 0003 0039 ffffffff
[   35969.251591] /dev/input/event1: 0000 0000 00000000
[   35970.736237] /dev/input/event1: 0003 0039 00000000
[   35970.736237] /dev/input/event1: 0003 0030 000002ad
[   35970.736237] /dev/input/event1: 0003 003a 00000081
[   35970.736237] /dev/input/event1: 0003 0035 00000d64
[   35970.736237] /dev/input/event1: 0003 0036 00001a21
[   35970.736237] /dev/input/event1: 0000 0000 00000000
[   35970.825932] /dev/input/event1: 0003 003a 00000000
[   35970.825932] /dev/input/event1: 0003 0039 ffffffff
[   35970.825932] /dev/input/event1: 0000 0000 00000000
[   35972.672963] /dev/input/event1: 0003 0039 00000000
[   35972.672963] /dev/input/event1: 0003 0030 000002ae
[   35972.672963] /dev/input/event1: 0003 003a 00000081
[   35972.672963] /dev/input/event1: 0003 0035 000013ca
[   35972.672963] /dev/input/event1: 0003 0036 000036aa
[   35972.672963] /dev/input/event1: 0000 0000 00000000
[   35972.785705] /dev/input/event1: 0003 003a 00000000
[   35972.785705] /dev/input/event1: 0003 0039 ffffffff
[   35972.785705] /dev/input/event1: 0000 0000 00000000